2021-02-15 15:59:32: <info>                                    _                 
2021-02-15 15:59:32: <info>  _ __   __ _ _ __   ___  _ __ ___ (_)_ __   ___ _ __ 
2021-02-15 15:59:32: <info> | '_ \ / _` | '_ \ / _ \| '_ ` _ \| | '_ \ / _ \ '__|
2021-02-15 15:59:32: <info> | | | | (_| | | | | (_) | | | | | | | | | |  __/ |   
2021-02-15 15:59:32: <info> |_| |_|\__,_|_| |_|\___/|_| |_| |_|_|_| |_|\___|_|   
2021-02-15 15:59:32: <info> 
2021-02-15 15:59:32: <info> Version 3.2.2-cuda11
2021-02-15 15:59:32: <info>  Started EthMan server on port 3333 without a password (read-only mode).
2021-02-15 15:59:32: <info>  Started web interface on port 9090 without a password.
2021-02-15 15:59:32: <info>  CUDA driver version is 11.2, runtime version is 11.1
2021-02-15 15:59:32: <warning>  Failed to initialize nvml library.
2021-02-15 15:59:32: <info> Single device detected
2021-02-15 15:59:32: <info> GPU 0 PCI 0a:00.0, Platform: CUDA, Name: GeForce RTX 3060 Ti, 8192 MB available
2021-02-15 15:59:32: <info> -------------------Ethash:------------------
2021-02-15 15:59:32: <info> Currency: Ethereum
2021-02-15 15:59:32: <info> Wallet: wallet
2021-02-15 15:59:32: <info> Rig name: levin
2021-02-15 15:59:32: <info> Email: email
2021-02-15 15:59:32: <info> Hashrate threshold to restart miner is not set
2021-02-15 15:59:32: <info> Added pool: eth-eu2.nanopool.org:9433
2021-02-15 15:59:32: <info> Added pool: eth-eu1.nanopool.org:9433
2021-02-15 15:59:32: <info> Added pool: eth-us-east1.nanopool.org:9433
2021-02-15 15:59:32: <info> Added pool: eth-asia1.nanopool.org:9433
2021-02-15 15:59:32: <info> Added pool: eth-us-west1.nanopool.org:9433
2021-02-15 15:59:32: <info> Added pool: eth-jp1.nanopool.org:9433
2021-02-15 15:59:32: <info> Added pool: eth-au1.nanopool.org:9433
2021-02-15 15:59:32: <info> Auto pool sorting is enabled
2021-02-15 15:59:32: <info> Using all GPU devices
2021-02-15 15:59:32: <info> Memory tweak: 1
2021-02-15 15:59:32: <info> -------------Common parameters:-------------
2021-02-15 15:59:32: <info> Log path: ./logs/
2021-02-15 15:59:32: <info> Log is written to file
2021-02-15 15:59:32: <info> GPU watchdog is enabled
2021-02-15 15:59:32: <info> Never calling reboot.bat (always restarting the miner in case of errors). 
2021-02-15 15:59:32: <info>  Setting up algorithm: Ethash
2021-02-15 15:59:33: <info>  Connecting to pools...
2021-02-15 15:59:33: <info>  Connected to pool: eth-eu2.nanopool.org:9433 | IP: 213.32.74.157 | ping: 145 ms.
2021-02-15 15:59:33: <info>  New job from eth-eu2.nanopool.org:9433 | share difficulty = 10000 MH, epoch 395 (4183 MB)
2021-02-15 15:59:33: [Statistics] Ethereum - Total speed: 0.000 H/s, Total shares: 0 Rejected: 0, Time: 00:01
2021-02-15 15:59:33: <info>  New job from eth-eu2.nanopool.org:9433
2021-02-15 15:59:33: [Statistics] Ethereum - Total speed: 0.000 H/s, Total shares: 0 Rejected: 0, Time: 00:01
2021-02-15 15:59:33: [Statistics] Ethereum last 10 min - Total: 0.000 H/s.
2021-02-15 15:59:34: <info>  New job from eth-eu2.nanopool.org:9433
2021-02-15 15:59:34: [Statistics] Ethereum - Total speed: 0.000 H/s, Total shares: 0 Rejected: 0, Time: 00:02
2021-02-15 15:59:34: <info>  New job from eth-eu2.nanopool.org:9433
2021-02-15 15:59:34: [Statistics] Ethereum - Total speed: 0.000 H/s, Total shares: 0 Rejected: 0, Time: 00:02
2021-02-15 15:59:37: <info>  New job from eth-eu2.nanopool.org:9433
2021-02-15 15:59:37: [Statistics] Ethereum - Total speed: 0.000 H/s, Total shares: 0 Rejected: 0, Time: 00:05
2021-02-15 15:59:40: <info>  GPU0: 4183 MB DAG generated in 4.17 seconds
2021-02-15 15:59:40: <info>  New job from eth-eu2.nanopool.org:9433
2021-02-15 15:59:40: [Statistics] Ethereum - Total speed: 52.248 MH/s, Total shares: 0 Rejected: 0, Time: 00:08
2021-02-15 15:59:40: [Statistics] Ethereum last 10 min - Total: 52.248 MH/s.
2021-02-15 15:59:43: <info>  New job from eth-eu2.nanopool.org:9433
2021-02-15 15:59:43: [Statistics] Ethereum - Total speed: 51.968 MH/s, Total shares: 0 Rejected: 0, Time: 00:11
2021-02-15 15:59:46: <info>  New job from eth-eu2.nanopool.org:9433
2021-02-15 15:59:46: [Statistics] Ethereum - Total speed: 51.701 MH/s, Total shares: 0 Rejected: 0, Time: 00:14
2021-02-15 15:59:49: <info>  New job from eth-eu2.nanopool.org:9433
2021-02-15 15:59:49: [Statistics] Ethereum - Total speed: 51.875 MH/s, Total shares: 0 Rejected: 0, Time: 00:17
2021-02-15 15:59:52: <info>  New job from eth-eu2.nanopool.org:9433
2021-02-15 15:59:52: [Statistics] Ethereum - Total speed: 51.948 MH/s, Total shares: 0 Rejected: 0, Time: 00:20
2021-02-15 15:59:52: [Statistics] Ethereum last 10 min - Total: 51.911 MH/s.
2021-02-15 15:59:55: <info>  New job from eth-eu2.nanopool.org:9433
2021-02-15 15:59:55: [Statistics] Ethereum - Total speed: 52.133 MH/s, Total shares: 0 Rejected: 0, Time: 00:23
2021-02-15 15:59:58: <info>  New job from eth-eu2.nanopool.org:9433
2021-02-15 15:59:58: [Statistics] Ethereum - Total speed: 52.191 MH/s, Total shares: 0 Rejected: 0, Time: 00:26
2021-02-15 16:00:01: <info>  New job from eth-eu2.nanopool.org:9433
2021-02-15 16:00:01: [Statistics] Ethereum - Total speed: 52.051 MH/s, Total shares: 0 Rejected: 0, Time: 00:29
2021-02-15 16:00:04: <info>  New job from eth-eu2.nanopool.org:9433
2021-02-15 16:00:04: [Statistics] Ethereum - Total speed: 52.050 MH/s, Total shares: 0 Rejected: 0, Time: 00:32
2021-02-15 16:00:04: [Statistics] Ethereum last 10 min - Total: 52.002 MH/s.
2021-02-15 16:00:07: <info>  New job from eth-eu2.nanopool.org:9433
2021-02-15 16:00:07: [Statistics] Ethereum - Total speed: 52.118 MH/s, Total shares: 0 Rejected: 0, Time: 00:35
2021-02-15 16:00:10: <info>  New job from eth-eu2.nanopool.org:9433
2021-02-15 16:00:10: [Statistics] Ethereum - Total speed: 52.336 MH/s, Total shares: 0 Rejected: 0, Time: 00:38
2021-02-15 16:00:13: <info>  New job from eth-eu2.nanopool.org:9433
2021-02-15 16:00:13: [Statistics] Ethereum - Total speed: 52.399 MH/s, Total shares: 0 Rejected: 0, Time: 00:41
2021-02-15 16:00:16: <info>  New job from eth-eu2.nanopool.org:9433
2021-02-15 16:00:16: [Statistics] Ethereum - Total speed: 52.434 MH/s, Total shares: 0 Rejected: 0, Time: 00:44
2021-02-15 16:00:16: [Statistics] Ethereum last 10 min - Total: 52.092 MH/s.
2021-02-15 16:00:18: <info>  New job from eth-eu2.nanopool.org:9433
2021-02-15 16:00:18: [Statistics] Ethereum - Total speed: 52.612 MH/s, Total shares: 0 Rejected: 0, Time: 00:46
2021-02-15 16:00:18: <info>  New job from eth-eu2.nanopool.org:9433
2021-02-15 16:00:18: [Statistics] Ethereum - Total speed: 52.578 MH/s, Total shares: 0 Rejected: 0, Time: 00:46
2021-02-15 16:00:21: <info>  New job from eth-eu2.nanopool.org:9433
2021-02-15 16:00:21: [Statistics] Ethereum - Total speed: 52.773 MH/s, Total shares: 0 Rejected: 0, Time: 00:49
2021-02-15 16:00:24: <info>  New job from eth-eu2.nanopool.org:9433
2021-02-15 16:00:24: [Statistics] Ethereum - Total speed: 52.904 MH/s, Total shares: 0 Rejected: 0, Time: 00:52
2021-02-15 16:00:24: [Statistics] Ethereum last 10 min - Total: 52.202 MH/s.
2021-02-15 16:00:24: <info>  New job from eth-eu2.nanopool.org:9433
2021-02-15 16:00:24: [Statistics] Ethereum - Total speed: 52.907 MH/s, Total shares: 0 Rejected: 0, Time: 00:52
2021-02-15 16:00:27: <info>  New job from eth-eu2.nanopool.org:9433
2021-02-15 16:00:27: [Statistics] Ethereum - Total speed: 53.065 MH/s, Total shares: 0 Rejected: 0, Time: 00:55
2021-02-15 16:00:30: <info>  New job from eth-eu2.nanopool.org:9433
2021-02-15 16:00:30: [Statistics] Ethereum - Total speed: 53.178 MH/s, Total shares: 0 Rejected: 0, Time: 00:58
2021-02-15 16:00:33: <info>  New job from eth-eu2.nanopool.org:9433
2021-02-15 16:00:33: [Statistics] Ethereum - Total speed: 53.169 MH/s, Total shares: 0 Rejected: 0, Time: 01:01
2021-02-15 16:00:33: [Statistics] Ethereum last 10 min - Total: 52.354 MH/s.
2021-02-15 16:00:36: <info>  New job from eth-eu2.nanopool.org:9433
2021-02-15 16:00:36: [Statistics] Ethereum - Total speed: 53.149 MH/s, Total shares: 0 Rejected: 0, Time: 01:04
2021-02-15 16:00:39: <info>  New job from eth-eu2.nanopool.org:9433
2021-02-15 16:00:39: [Statistics] Ethereum - Total speed: 53.251 MH/s, Total shares: 0 Rejected: 0, Time: 01:07
2021-02-15 16:00:42: <info>  New job from eth-eu2.nanopool.org:9433
2021-02-15 16:00:42: [Statistics] Ethereum - Total speed: 53.226 MH/s, Total shares: 0 Rejected: 0, Time: 01:10
2021-02-15 16:00:45: <info>  New job from eth-eu2.nanopool.org:9433
2021-02-15 16:00:45: [Statistics] Ethereum - Total speed: 53.326 MH/s, Total shares: 0 Rejected: 0, Time: 01:13
2021-02-15 16:00:45: [Statistics] Ethereum last 10 min - Total: 52.513 MH/s.
2021-02-15 16:00:48: <info>  New job from eth-eu2.nanopool.org:9433
2021-02-15 16:00:48: [Statistics] Ethereum - Total speed: 53.291 MH/s, Total shares: 0 Rejected: 0, Time: 01:16
2021-02-15 16:00:51: <info>  New job from eth-eu2.nanopool.org:9433
2021-02-15 16:00:51: [Statistics] Ethereum - Total speed: 53.274 MH/s, Total shares: 0 Rejected: 0, Time: 01:19
2021-02-15 16:00:54: <info>  New job from eth-eu2.nanopool.org:9433
2021-02-15 16:00:54: [Statistics] Ethereum - Total speed: 53.364 MH/s, Total shares: 0 Rejected: 0, Time: 01:22
2021-02-15 16:00:56: <info>  New job from eth-eu2.nanopool.org:9433
2021-02-15 16:00:56: [Statistics] Ethereum - Total speed: 53.313 MH/s, Total shares: 0 Rejected: 0, Time: 01:24
2021-02-15 16:00:56: [Statistics] Ethereum last 10 min - Total: 52.633 MH/s.
2021-02-15 16:00:57: <info>  New job from eth-eu2.nanopool.org:9433
2021-02-15 16:00:57: [Statistics] Ethereum - Total speed: 53.374 MH/s, Total shares: 0 Rejected: 0, Time: 01:24
2021-02-15 16:00:58: <info>  New job from eth-eu2.nanopool.org:9433
2021-02-15 16:00:58: [Statistics] Ethereum - Total speed: 53.402 MH/s, Total shares: 0 Rejected: 0, Time: 01:26
2021-02-15 16:00:58: <info>  New job from eth-eu2.nanopool.org:9433
2021-02-15 16:00:58: [Statistics] Ethereum - Total speed: 53.402 MH/s, Total shares: 0 Rejected: 0, Time: 01:26
2021-02-15 16:01:01: <info>  New job from eth-eu2.nanopool.org:9433
2021-02-15 16:01:01: [Statistics] Ethereum - Total speed: 53.182 MH/s, Total shares: 0 Rejected: 0, Time: 01:29
2021-02-15 16:01:01: [Statistics] Ethereum last 10 min - Total: 52.671 MH/s.
2021-02-15 16:01:04: <info>  New job from eth-eu2.nanopool.org:9433
2021-02-15 16:01:04: [Statistics] Ethereum - Total speed: 53.262 MH/s, Total shares: 0 Rejected: 0, Time: 01:32
2021-02-15 16:01:06: <info>  New job from eth-eu2.nanopool.org:9433
2021-02-15 16:01:06: [Statistics] Ethereum - Total speed: 53.226 MH/s, Total shares: 0 Rejected: 0, Time: 01:34
2021-02-15 16:01:07: <info>  New job from eth-eu2.nanopool.org:9433
2021-02-15 16:01:07: [Statistics] Ethereum - Total speed: 53.302 MH/s, Total shares: 0 Rejected: 0, Time: 01:35
2021-02-15 16:01:09: <info>  New job from eth-eu2.nanopool.org:9433
2021-02-15 16:01:09: [Statistics] Ethereum - Total speed: 53.462 MH/s, Total shares: 0 Rejected: 0, Time: 01:37
2021-02-15 16:01:09: [Statistics] Ethereum last 10 min - Total: 52.729 MH/s.
2021-02-15 16:01:11: <info>  New job from eth-eu2.nanopool.org:9433
2021-02-15 16:01:11: [Statistics] Ethereum - Total speed: 53.343 MH/s, Total shares: 0 Rejected: 0, Time: 01:39
2021-02-15 16:01:11: <info>  New job from eth-eu2.nanopool.org:9433
2021-02-15 16:01:11: [Statistics] Ethereum - Total speed: 53.417 MH/s, Total shares: 0 Rejected: 0, Time: 01:39
2021-02-15 16:01:15: <info>  New job from eth-eu2.nanopool.org:9433
2021-02-15 16:01:15: [Statistics] Ethereum - Total speed: 53.297 MH/s, Total shares: 0 Rejected: 0, Time: 01:43
2021-02-15 16:01:16: <info>  New job from eth-eu2.nanopool.org:9433
2021-02-15 16:01:16: [Statistics] Ethereum - Total speed: 53.264 MH/s, Total shares: 0 Rejected: 0, Time: 01:44
2021-02-15 16:01:16: [Statistics] Ethereum last 10 min - Total: 52.774 MH/s.
2021-02-15 16:01:17: <info>  New job from eth-eu2.nanopool.org:9433
2021-02-15 16:01:17: [Statistics] Ethereum - Total speed: 53.329 MH/s, Total shares: 0 Rejected: 0, Time: 01:44
2021-02-15 16:01:19: <info>  New job from eth-eu2.nanopool.org:9433
2021-02-15 16:01:19: [Statistics] Ethereum - Total speed: 53.440 MH/s, Total shares: 0 Rejected: 0, Time: 01:47
2021-02-15 16:01:23: <info>  New job from eth-eu2.nanopool.org:9433
2021-02-15 16:01:23: [Statistics] Ethereum - Total speed: 53.350 MH/s, Total shares: 0 Rejected: 0, Time: 01:50
2021-02-15 16:01:26: <info>  New job from eth-eu2.nanopool.org:9433
2021-02-15 16:01:26: [Statistics] Ethereum - Total speed: 53.403 MH/s, Total shares: 0 Rejected: 0, Time: 01:53
2021-02-15 16:01:26: [Statistics] Ethereum last 10 min - Total: 52.826 MH/s.
2021-02-15 16:01:28: <info>  New job from eth-eu2.nanopool.org:9433
2021-02-15 16:01:28: [Statistics] Ethereum - Total speed: 53.395 MH/s, Total shares: 0 Rejected: 0, Time: 01:56
2021-02-15 16:01:28: <info>  New job from eth-eu2.nanopool.org:9433
2021-02-15 16:01:28: [Statistics] Ethereum - Total speed: 53.318 MH/s, Total shares: 0 Rejected: 0, Time: 01:56
2021-02-15 16:01:31: <info>  New job from eth-eu2.nanopool.org:9433
2021-02-15 16:01:31: [Statistics] Ethereum - Total speed: 52.562 MH/s, Total shares: 0 Rejected: 0, Time: 01:59
2021-02-15 16:01:34: <info>  New job from eth-eu2.nanopool.org:9433
2021-02-15 16:01:34: [Statistics] Ethereum - Total speed: 52.723 MH/s, Total shares: 0 Rejected: 0, Time: 02:02
2021-02-15 16:01:34: [Statistics] Ethereum last 10 min - Total: 52.836 MH/s.
2021-02-15 16:01:37: <info>  New job from eth-eu2.nanopool.org:9433
2021-02-15 16:01:37: [Statistics] Ethereum - Total speed: 52.703 MH/s, Total shares: 0 Rejected: 0, Time: 02:04
2021-02-15 16:01:37: <info>  New job from eth-eu2.nanopool.org:9433
2021-02-15 16:01:37: [Statistics] Ethereum - Total speed: 52.852 MH/s, Total shares: 0 Rejected: 0, Time: 02:05
2021-02-15 16:01:40: <info>  New job from eth-eu2.nanopool.org:9433
2021-02-15 16:01:40: [Statistics] Ethereum - Total speed: 52.926 MH/s, Total shares: 0 Rejected: 0, Time: 02:08
2021-02-15 16:01:40: <info>  New job from eth-eu2.nanopool.org:9433
2021-02-15 16:01:40: [Statistics] Ethereum - Total speed: 52.887 MH/s, Total shares: 0 Rejected: 0, Time: 02:08
2021-02-15 16:01:40: [Statistics] Ethereum last 10 min - Total: 52.835 MH/s.
2021-02-15 16:01:40: <info>  New job from eth-eu2.nanopool.org:9433
2021-02-15 16:01:40: [Statistics] Ethereum - Total speed: 52.964 MH/s, Total shares: 0 Rejected: 0, Time: 02:08
2021-02-15 16:01:43: <info>  New job from eth-eu2.nanopool.org:9433
2021-02-15 16:01:43: [Statistics] Ethereum - Total speed: 53.103 MH/s, Total shares: 0 Rejected: 0, Time: 02:11
2021-02-15 16:01:45: <info>  New job from eth-eu2.nanopool.org:9433
2021-02-15 16:01:45: [Statistics] Ethereum - Total speed: 53.108 MH/s, Total shares: 0 Rejected: 0, Time: 02:13
2021-02-15 16:01:45: <info>  New job from eth-eu2.nanopool.org:9433
2021-02-15 16:01:45: [Statistics] Ethereum - Total speed: 53.214 MH/s, Total shares: 0 Rejected: 0, Time: 02:13
2021-02-15 16:01:45: [Statistics] Ethereum last 10 min - Total: 52.845 MH/s.
2021-02-15 16:01:48: <info>  New job from eth-eu2.nanopool.org:9433
2021-02-15 16:01:48: [Statistics] Ethereum - Total speed: 53.326 MH/s, Total shares: 0 Rejected: 0, Time: 02:16
2021-02-15 16:01:51: <info>  New job from eth-eu2.nanopool.org:9433
2021-02-15 16:01:51: [Statistics] Ethereum - Total speed: 53.271 MH/s, Total shares: 0 Rejected: 0, Time: 02:19
2021-02-15 16:01:54: <info>  New job from eth-eu2.nanopool.org:9433
2021-02-15 16:01:54: [Statistics] Ethereum - Total speed: 53.372 MH/s, Total shares: 0 Rejected: 0, Time: 02:22
2021-02-15 16:01:57: <info>  New job from eth-eu2.nanopool.org:9433
2021-02-15 16:01:57: [Statistics] Ethereum - Total speed: 53.298 MH/s, Total shares: 0 Rejected: 0, Time: 02:25
2021-02-15 16:01:57: [Statistics] Ethereum last 10 min - Total: 52.884 MH/s.
2021-02-15 16:02:00: <info>  New job from eth-eu2.nanopool.org:9433
2021-02-15 16:02:00: [Statistics] Ethereum - Total speed: 53.382 MH/s, Total shares: 0 Rejected: 0, Time: 02:28
2021-02-15 16:02:03: <info>  New job from eth-eu2.nanopool.org:9433
2021-02-15 16:02:03: [Statistics] Ethereum - Total speed: 53.299 MH/s, Total shares: 0 Rejected: 0, Time: 02:31
2021-02-15 16:02:06: <info>  New job from eth-eu2.nanopool.org:9433
2021-02-15 16:02:06: [Statistics] Ethereum - Total speed: 53.258 MH/s, Total shares: 0 Rejected: 0, Time: 02:34
2021-02-15 16:02:09: <info>  New job from eth-eu2.nanopool.org:9433
2021-02-15 16:02:09: [Statistics] Ethereum - Total speed: 53.358 MH/s, Total shares: 0 Rejected: 0, Time: 02:37
2021-02-15 16:02:09: [Statistics] Ethereum last 10 min - Total: 52.919 MH/s.
2021-02-15 16:02:09: <info>  New job from eth-eu2.nanopool.org:9433
2021-02-15 16:02:09: [Statistics] Ethereum - Total speed: 53.273 MH/s, Total shares: 0 Rejected: 0, Time: 02:37
2021-02-15 16:02:11: <info>  Ethereum - SHARE FOUND (GPU: 0, nonce: 0xfd48f48a7a6e7cd6).
2021-02-15 16:02:11: <info> Ethereum: share accepted (64 ms)!
2021-02-15 16:02:12: <info>  New job from eth-eu2.nanopool.org:9433
2021-02-15 16:02:12: [Statistics] Ethereum - Total speed: 53.313 MH/s, Total shares: 1 Rejected: 0, Time: 02:40
2021-02-15 16:02:15: <info>  New job from eth-eu2.nanopool.org:9433
2021-02-15 16:02:15: [Statistics] Ethereum - Total speed: 53.414 MH/s, Total shares: 1 Rejected: 0, Time: 02:43
2021-02-15 16:02:18: <info>  New job from eth-eu2.nanopool.org:9433
2021-02-15 16:02:18: [Statistics] Ethereum - Total speed: 53.341 MH/s, Total shares: 1 Rejected: 0, Time: 02:46
2021-02-15 16:02:18: [Statistics] Ethereum last 10 min - Total: 52.943 MH/s.
2021-02-15 16:02:21: <info>  New job from eth-eu2.nanopool.org:9433
2021-02-15 16:02:21: [Statistics] Ethereum - Total speed: 53.258 MH/s, Total shares: 1 Rejected: 0, Time: 02:49
2021-02-15 16:02:24: <info>  New job from eth-eu2.nanopool.org:9433
2021-02-15 16:02:24: [Statistics] Ethereum - Total speed: 53.350 MH/s, Total shares: 1 Rejected: 0, Time: 02:52
2021-02-15 16:02:27: <info>  New job from eth-eu2.nanopool.org:9433
2021-02-15 16:02:27: [Statistics] Ethereum - Total speed: 53.267 MH/s, Total shares: 1 Rejected: 0, Time: 02:55
2021-02-15 16:02:30: <info>  New job from eth-eu2.nanopool.org:9433
2021-02-15 16:02:30: [Statistics] Ethereum - Total speed: 53.353 MH/s, Total shares: 1 Rejected: 0, Time: 02:58
2021-02-15 16:02:30: [Statistics] Ethereum last 10 min - Total: 52.968 MH/s.
2021-02-15 16:02:33: <info>  New job from eth-eu2.nanopool.org:9433
2021-02-15 16:02:33: [Statistics] Ethereum - Total speed: 53.311 MH/s, Total shares: 1 Rejected: 0, Time: 03:01
2021-02-15 16:02:36: <info>  New job from eth-eu2.nanopool.org:9433
2021-02-15 16:02:36: [Statistics] Ethereum - Total speed: 53.267 MH/s, Total shares: 1 Rejected: 0, Time: 03:04
2021-02-15 16:02:39: <info>  New job from eth-eu2.nanopool.org:9433
2021-02-15 16:02:39: [Statistics] Ethereum - Total speed: 53.368 MH/s, Total shares: 1 Rejected: 0, Time: 03:07
2021-02-15 16:02:42: <info>  New job from eth-eu2.nanopool.org:9433
2021-02-15 16:02:42: [Statistics] Ethereum - Total speed: 53.315 MH/s, Total shares: 1 Rejected: 0, Time: 03:10
2021-02-15 16:02:42: [Statistics] Ethereum last 10 min - Total: 52.992 MH/s.
2021-02-15 16:02:45: <info>  New job from eth-eu2.nanopool.org:9433
2021-02-15 16:02:45: [Statistics] Ethereum - Total speed: 53.405 MH/s, Total shares: 1 Rejected: 0, Time: 03:13
2021-02-15 16:02:48: <info>  New job from eth-eu2.nanopool.org:9433
2021-02-15 16:02:48: [Statistics] Ethereum - Total speed: 53.318 MH/s, Total shares: 1 Rejected: 0, Time: 03:16
2021-02-15 16:02:51: <info>  New job from eth-eu2.nanopool.org:9433
2021-02-15 16:02:51: [Statistics] Ethereum - Total speed: 53.254 MH/s, Total shares: 1 Rejected: 0, Time: 03:19
2021-02-15 16:02:54: <info>  New job from eth-eu2.nanopool.org:9433
2021-02-15 16:02:54: [Statistics] Ethereum - Total speed: 53.352 MH/s, Total shares: 1 Rejected: 0, Time: 03:22
2021-02-15 16:02:54: [Statistics] Ethereum last 10 min - Total: 53.012 MH/s.
2021-02-15 16:02:57: <info>  New job from eth-eu2.nanopool.org:9433
2021-02-15 16:02:57: [Statistics] Ethereum - Total speed: 53.261 MH/s, Total shares: 1 Rejected: 0, Time: 03:24
2021-02-15 16:02:57: <info>  New job from eth-eu2.nanopool.org:9433
2021-02-15 16:02:57: [Statistics] Ethereum - Total speed: 53.355 MH/s, Total shares: 1 Rejected: 0, Time: 03:25
2021-02-15 16:03:00: <info>  New job from eth-eu2.nanopool.org:9433
2021-02-15 16:03:00: [Statistics] Ethereum - Total speed: 53.429 MH/s, Total shares: 1 Rejected: 0, Time: 03:28
2021-02-15 16:03:03: <info>  New job from eth-eu2.nanopool.org:9433
2021-02-15 16:03:03: [Statistics] Ethereum - Total speed: 53.339 MH/s, Total shares: 1 Rejected: 0, Time: 03:31
2021-02-15 16:03:03: [Statistics] Ethereum last 10 min - Total: 53.028 MH/s.
2021-02-15 16:03:06: <info>  New job from eth-eu2.nanopool.org:9433
2021-02-15 16:03:06: [Statistics] Ethereum - Total speed: 53.320 MH/s, Total shares: 1 Rejected: 0, Time: 03:34
2021-02-15 16:03:07: <info>  New job from eth-eu2.nanopool.org:9433
2021-02-15 16:03:07: [Statistics] Ethereum - Total speed: 53.266 MH/s, Total shares: 1 Rejected: 0, Time: 03:35
2021-02-15 16:03:07: <info>  New job from eth-eu2.nanopool.org:9433
2021-02-15 16:03:07: [Statistics] Ethereum - Total speed: 53.299 MH/s, Total shares: 1 Rejected: 0, Time: 03:35
2021-02-15 16:03:07: <info>  New job from eth-eu2.nanopool.org:9433
2021-02-15 16:03:07: [Statistics] Ethereum - Total speed: 53.350 MH/s, Total shares: 1 Rejected: 0, Time: 03:35
2021-02-15 16:03:07: [Statistics] Ethereum last 10 min - Total: 53.034 MH/s.
2021-02-15 16:03:07: <info>  New job from eth-eu2.nanopool.org:9433
2021-02-15 16:03:07: [Statistics] Ethereum - Total speed: 53.452 MH/s, Total shares: 1 Rejected: 0, Time: 03:35
2021-02-15 16:03:11: <info>  New job from eth-eu2.nanopool.org:9433
2021-02-15 16:03:11: [Statistics] Ethereum - Total speed: 53.361 MH/s, Total shares: 1 Rejected: 0, Time: 03:39
2021-02-15 16:03:13: <info>  New job from eth-eu2.nanopool.org:9433
2021-02-15 16:03:13: [Statistics] Ethereum - Total speed: 53.276 MH/s, Total shares: 1 Rejected: 0, Time: 03:41
2021-02-15 16:03:16: <info>  New job from eth-eu2.nanopool.org:9433
2021-02-15 16:03:16: [Statistics] Ethereum - Total speed: 53.224 MH/s, Total shares: 1 Rejected: 0, Time: 03:44
2021-02-15 16:03:16: [Statistics] Ethereum last 10 min - Total: 53.046 MH/s.
2021-02-15 16:03:16: <info>  New job from eth-eu2.nanopool.org:9433
2021-02-15 16:03:16: [Statistics] Ethereum - Total speed: 53.112 MH/s, Total shares: 1 Rejected: 0, Time: 03:44
2021-02-15 16:03:16: <info>  New job from eth-eu2.nanopool.org:9433
2021-02-15 16:03:16: [Statistics] Ethereum - Total speed: 52.985 MH/s, Total shares: 1 Rejected: 0, Time: 03:44
2021-02-15 16:03:16: <info>  New job from eth-eu2.nanopool.org:9433
2021-02-15 16:03:16: [Statistics] Ethereum - Total speed: 52.864 MH/s, Total shares: 1 Rejected: 0, Time: 03:44
2021-02-15 16:03:17: <info>  Ethereum - SHARE FOUND (GPU: 0, nonce: 0x64f7c1b26a390d7e).
2021-02-15 16:03:17: <info> Ethereum: share accepted (57 ms)!
2021-02-15 16:03:20: <info>  New job from eth-eu2.nanopool.org:9433
2021-02-15 16:03:20: [Statistics] Ethereum - Total speed: 51.934 MH/s, Total shares: 2 Rejected: 0, Time: 03:48
2021-02-15 16:03:20: [Statistics] Ethereum last 10 min - Total: 53.035 MH/s.
2021-02-15 16:03:22: <info>  New job from eth-eu2.nanopool.org:9433
2021-02-15 16:03:22: [Statistics] Ethereum - Total speed: 50.732 MH/s, Total shares: 2 Rejected: 0, Time: 03:50
2021-02-15 16:03:25: <info>  New job from eth-eu2.nanopool.org:9433
2021-02-15 16:03:25: [Statistics] Ethereum - Total speed: 50.205 MH/s, Total shares: 2 Rejected: 0, Time: 03:53
2021-02-15 16:03:28: <info>  New job from eth-eu2.nanopool.org:9433
2021-02-15 16:03:28: [Statistics] Ethereum - Total speed: 50.372 MH/s, Total shares: 2 Rejected: 0, Time: 03:56
2021-02-15 16:03:28: <info>  New job from eth-eu2.nanopool.org:9433
2021-02-15 16:03:28: [Statistics] Ethereum - Total speed: 50.608 MH/s, Total shares: 2 Rejected: 0, Time: 03:56
2021-02-15 16:03:28: [Statistics] Ethereum last 10 min - Total: 52.949 MH/s.
2021-02-15 16:03:31: <info>  New job from eth-eu2.nanopool.org:9433
2021-02-15 16:03:31: [Statistics] Ethereum - Total speed: 50.973 MH/s, Total shares: 2 Rejected: 0, Time: 03:59
2021-02-15 16:03:34: <info>  New job from eth-eu2.nanopool.org:9433
2021-02-15 16:03:34: [Statistics] Ethereum - Total speed: 51.282 MH/s, Total shares: 2 Rejected: 0, Time: 04:02
2021-02-15 16:03:37: <info>  New job from eth-eu2.nanopool.org:9433
2021-02-15 16:03:37: [Statistics] Ethereum - Total speed: 51.419 MH/s, Total shares: 2 Rejected: 0, Time: 04:05
2021-02-15 16:03:40: <info>  New job from eth-eu2.nanopool.org:9433
2021-02-15 16:03:40: [Statistics] Ethereum - Total speed: 51.711 MH/s, Total shares: 2 Rejected: 0, Time: 04:08
2021-02-15 16:03:40: [Statistics] Ethereum last 10 min - Total: 52.865 MH/s.
2021-02-15 16:03:43: <info>  New job from eth-eu2.nanopool.org:9433
2021-02-15 16:03:43: [Statistics] Ethereum - Total speed: 51.760 MH/s, Total shares: 2 Rejected: 0, Time: 04:11
2021-02-15 16:03:46: <info>  New job from eth-eu2.nanopool.org:9433
2021-02-15 16:03:46: [Statistics] Ethereum - Total speed: 51.845 MH/s, Total shares: 2 Rejected: 0, Time: 04:14
2021-02-15 16:03:48: <info>  New job from eth-eu2.nanopool.org:9433
2021-02-15 16:03:48: [Statistics] Ethereum - Total speed: 52.080 MH/s, Total shares: 2 Rejected: 0, Time: 04:16
2021-02-15 16:03:48: <info>  New job from eth-eu2.nanopool.org:9433
2021-02-15 16:03:48: [Statistics] Ethereum - Total speed: 52.037 MH/s, Total shares: 2 Rejected: 0, Time: 04:16
2021-02-15 16:03:48: [Statistics] Ethereum last 10 min - Total: 52.831 MH/s.
2021-02-15 16:03:51: <info>  New job from eth-eu2.nanopool.org:9433
2021-02-15 16:03:51: [Statistics] Ethereum - Total speed: 52.288 MH/s, Total shares: 2 Rejected: 0, Time: 04:19
2021-02-15 16:03:54: <info>  New job from eth-eu2.nanopool.org:9433
2021-02-15 16:03:54: [Statistics] Ethereum - Total speed: 52.481 MH/s, Total shares: 2 Rejected: 0, Time: 04:22
2021-02-15 16:03:57: <info>  New job from eth-eu2.nanopool.org:9433
2021-02-15 16:03:57: [Statistics] Ethereum - Total speed: 52.512 MH/s, Total shares: 2 Rejected: 0, Time: 04:25
2021-02-15 16:04:00: <info>  New job from eth-eu2.nanopool.org:9433
2021-02-15 16:04:00: [Statistics] Ethereum - Total speed: 52.665 MH/s, Total shares: 2 Rejected: 0, Time: 04:28
2021-02-15 16:04:00: [Statistics] Ethereum last 10 min - Total: 52.811 MH/s.
2021-02-15 16:04:03: <info>  New job from eth-eu2.nanopool.org:9433
2021-02-15 16:04:03: [Statistics] Ethereum - Total speed: 52.665 MH/s, Total shares: 2 Rejected: 0, Time: 04:31
2021-02-15 16:04:06: <info>  New job from eth-eu2.nanopool.org:9433
2021-02-15 16:04:06: [Statistics] Ethereum - Total speed: 52.661 MH/s, Total shares: 2 Rejected: 0, Time: 04:34
2021-02-15 16:04:07: <info>  New job from eth-eu2.nanopool.org:9433
2021-02-15 16:04:07: [Statistics] Ethereum - Total speed: 52.813 MH/s, Total shares: 2 Rejected: 0, Time: 04:35
2021-02-15 16:04:10: <info>  New job from eth-eu2.nanopool.org:9433
2021-02-15 16:04:10: [Statistics] Ethereum - Total speed: 52.951 MH/s, Total shares: 2 Rejected: 0, Time: 04:38
2021-02-15 16:04:10: [Statistics] Ethereum last 10 min - Total: 52.809 MH/s.
2021-02-15 16:04:12: <info>  New job from eth-eu2.nanopool.org:9433
2021-02-15 16:04:12: [Statistics] Ethereum - Total speed: 52.907 MH/s, Total shares: 2 Rejected: 0, Time: 04:40
2021-02-15 16:04:12: <info>  New job from eth-eu2.nanopool.org:9433
2021-02-15 16:04:12: [Statistics] Ethereum - Total speed: 53.043 MH/s, Total shares: 2 Rejected: 0, Time: 04:40
2021-02-15 16:04:16: <info>  New job from eth-eu2.nanopool.org:9433
2021-02-15 16:04:16: [Statistics] Ethereum - Total speed: 53.141 MH/s, Total shares: 2 Rejected: 0, Time: 04:44
2021-02-15 16:04:16: <info>  New job from eth-eu2.nanopool.org:9433
2021-02-15 16:04:16: [Statistics] Ethereum - Total speed: 53.141 MH/s, Total shares: 2 Rejected: 0, Time: 04:44
2021-02-15 16:04:16: [Statistics] Ethereum last 10 min - Total: 52.814 MH/s.
2021-02-15 16:04:16: <info>  New job from eth-eu2.nanopool.org:9433
2021-02-15 16:04:16: [Statistics] Ethereum - Total speed: 53.158 MH/s, Total shares: 2 Rejected: 0, Time: 04:44
2021-02-15 16:04:19: <info>  New job from eth-eu2.nanopool.org:9433
2021-02-15 16:04:19: [Statistics] Ethereum - Total speed: 53.267 MH/s, Total shares: 2 Rejected: 0, Time: 04:47
2021-02-15 16:04:22: <info>  New job from eth-eu2.nanopool.org:9433
2021-02-15 16:04:22: [Statistics] Ethereum - Total speed: 53.202 MH/s, Total shares: 2 Rejected: 0, Time: 04:50
2021-02-15 16:04:25: <info>  New job from eth-eu2.nanopool.org:9433
2021-02-15 16:04:25: [Statistics] Ethereum - Total speed: 53.299 MH/s, Total shares: 2 Rejected: 0, Time: 04:53
2021-02-15 16:04:25: [Statistics] Ethereum last 10 min - Total: 52.827 MH/s.
2021-02-15 16:04:28: <info>  New job from eth-eu2.nanopool.org:9433
2021-02-15 16:04:28: [Statistics] Ethereum - Total speed: 53.220 MH/s, Total shares: 2 Rejected: 0, Time: 04:56
2021-02-15 16:04:31: <info>  New job from eth-eu2.nanopool.org:9433
2021-02-15 16:04:31: [Statistics] Ethereum - Total speed: 53.179 MH/s, Total shares: 2 Rejected: 0, Time: 04:59
2021-02-15 16:04:34: <info>  New job from eth-eu2.nanopool.org:9433
2021-02-15 16:04:34: [Statistics] Ethereum - Total speed: 53.269 MH/s, Total shares: 2 Rejected: 0, Time: 05:02
2021-02-15 16:04:37: <info>  New job from eth-eu2.nanopool.org:9433
2021-02-15 16:04:37: [Statistics] Ethereum - Total speed: 53.236 MH/s, Total shares: 2 Rejected: 0, Time: 05:05
2021-02-15 16:04:37: [Statistics] Ethereum last 10 min - Total: 52.843 MH/s.
2021-02-15 16:04:40: <info>  New job from eth-eu2.nanopool.org:9433
2021-02-15 16:04:40: [Statistics] Ethereum - Total speed: 53.347 MH/s, Total shares: 2 Rejected: 0, Time: 05:08
2021-02-15 16:04:43: <info>  New job from eth-eu2.nanopool.org:9433
2021-02-15 16:04:43: [Statistics] Ethereum - Total speed: 53.334 MH/s, Total shares: 2 Rejected: 0, Time: 05:11
2021-02-15 16:04:46: <info>  New job from eth-eu2.nanopool.org:9433
2021-02-15 16:04:46: [Statistics] Ethereum - Total speed: 53.238 MH/s, Total shares: 2 Rejected: 0, Time: 05:14
2021-02-15 16:04:49: <info>  New job from eth-eu2.nanopool.org:9433
2021-02-15 16:04:49: [Statistics] Ethereum - Total speed: 53.330 MH/s, Total shares: 2 Rejected: 0, Time: 05:17
2021-02-15 16:04:49: [Statistics] Ethereum last 10 min - Total: 52.861 MH/s.
2021-02-15 16:04:52: <info>  New job from eth-eu2.nanopool.org:9433
2021-02-15 16:04:52: [Statistics] Ethereum - Total speed: 53.240 MH/s, Total shares: 2 Rejected: 0, Time: 05:20
2021-02-15 16:04:55: <info>  New job from eth-eu2.nanopool.org:9433
2021-02-15 16:04:55: [Statistics] Ethereum - Total speed: 53.350 MH/s, Total shares: 2 Rejected: 0, Time: 05:23
2021-02-15 16:04:58: <info>  New job from eth-eu2.nanopool.org:9433
2021-02-15 16:04:58: [Statistics] Ethereum - Total speed: 53.270 MH/s, Total shares: 2 Rejected: 0, Time: 05:26
2021-02-15 16:05:01: <info>  New job from eth-eu2.nanopool.org:9433
2021-02-15 16:05:01: [Statistics] Ethereum - Total speed: 53.264 MH/s, Total shares: 2 Rejected: 0, Time: 05:29
2021-02-15 16:05:01: [Statistics] Ethereum last 10 min - Total: 52.877 MH/s.
2021-02-15 16:05:04: <info>  New job from eth-eu2.nanopool.org:9433
2021-02-15 16:05:04: [Statistics] Ethereum - Total speed: 52.111 MH/s, Total shares: 2 Rejected: 0, Time: 05:32
2021-02-15 16:05:08: <info>  New job from eth-eu2.nanopool.org:9433
2021-02-15 16:05:08: [Statistics] Ethereum - Total speed: 52.190 MH/s, Total shares: 2 Rejected: 0, Time: 05:35
2021-02-15 16:05:10: <info>  New job from eth-eu2.nanopool.org:9433
2021-02-15 16:05:10: [Statistics] Ethereum - Total speed: 52.359 MH/s, Total shares: 2 Rejected: 0, Time: 05:38
2021-02-15 16:05:13: <info>  New job from eth-eu2.nanopool.org:9433
2021-02-15 16:05:13: [Statistics] Ethereum - Total speed: 52.491 MH/s, Total shares: 2 Rejected: 0, Time: 05:41
2021-02-15 16:05:13: [Statistics] Ethereum last 10 min - Total: 52.859 MH/s.
2021-02-15 16:05:16: <info>  New job from eth-eu2.nanopool.org:9433
2021-02-15 16:05:16: [Statistics] Ethereum - Total speed: 52.522 MH/s, Total shares: 2 Rejected: 0, Time: 05:44
2021-02-15 16:05:19: <info>  New job from eth-eu2.nanopool.org:9433
2021-02-15 16:05:19: [Statistics] Ethereum - Total speed: 52.718 MH/s, Total shares: 2 Rejected: 0, Time: 05:47
2021-02-15 16:05:22: <info>  New job from eth-eu2.nanopool.org:9433
2021-02-15 16:05:22: [Statistics] Ethereum - Total speed: 52.287 MH/s, Total shares: 2 Rejected: 0, Time: 05:50
2021-02-15 16:05:25: <info>  New job from eth-eu2.nanopool.org:9433
2021-02-15 16:05:25: [Statistics] Ethereum - Total speed: 52.398 MH/s, Total shares: 2 Rejected: 0, Time: 05:53
2021-02-15 16:05:25: [Statistics] Ethereum last 10 min - Total: 52.847 MH/s.
2021-02-15 16:05:26: <info>  New job from eth-eu2.nanopool.org:9433
2021-02-15 16:05:26: [Statistics] Ethereum - Total speed: 52.430 MH/s, Total shares: 2 Rejected: 0, Time: 05:54
2021-02-15 16:05:27: <info>  New job from eth-eu2.nanopool.org:9433
2021-02-15 16:05:27: [Statistics] Ethereum - Total speed: 52.598 MH/s, Total shares: 2 Rejected: 0, Time: 05:54
2021-02-15 16:05:29: <info>  New job from eth-eu2.nanopool.org:9433
2021-02-15 16:05:29: [Statistics] Ethereum - Total speed: 52.776 MH/s, Total shares: 2 Rejected: 0, Time: 05:57
2021-02-15 16:05:31: <info>  New job from eth-eu2.nanopool.org:9433
2021-02-15 16:05:31: [Statistics] Ethereum - Total speed: 52.769 MH/s, Total shares: 2 Rejected: 0, Time: 05:59
2021-02-15 16:05:31: [Statistics] Ethereum last 10 min - Total: 52.843 MH/s.
2021-02-15 16:05:31: <info>  New job from eth-eu2.nanopool.org:9433
2021-02-15 16:05:31: [Statistics] Ethereum - Total speed: 52.924 MH/s, Total shares: 2 Rejected: 0, Time: 05:59
2021-02-15 16:05:34: <info>  New job from eth-eu2.nanopool.org:9433
2021-02-15 16:05:34: [Statistics] Ethereum - Total speed: 53.070 MH/s, Total shares: 2 Rejected: 0, Time: 06:01
2021-02-15 16:05:34: <info>  New job from eth-eu2.nanopool.org:9433
2021-02-15 16:05:34: [Statistics] Ethereum - Total speed: 53.023 MH/s, Total shares: 2 Rejected: 0, Time: 06:02
2021-02-15 16:05:37: <info>  New job from eth-eu2.nanopool.org:9433
2021-02-15 16:05:37: [Statistics] Ethereum - Total speed: 53.132 MH/s, Total shares: 2 Rejected: 0, Time: 06:04
2021-02-15 16:05:37: [Statistics] Ethereum last 10 min - Total: 52.846 MH/s.
2021-02-15 16:05:40: <info>  New job from eth-eu2.nanopool.org:9433
2021-02-15 16:05:40: [Statistics] Ethereum - Total speed: 53.260 MH/s, Total shares: 2 Rejected: 0, Time: 06:07
2021-02-15 16:05:43: <info>  New job from eth-eu2.nanopool.org:9433
2021-02-15 16:05:43: [Statistics] Ethereum - Total speed: 52.768 MH/s, Total shares: 2 Rejected: 0, Time: 06:10
2021-02-15 16:05:46: <info>  New job from eth-eu2.nanopool.org:9433
2021-02-15 16:05:46: [Statistics] Ethereum - Total speed: 52.585 MH/s, Total shares: 2 Rejected: 0, Time: 06:13
2021-02-15 16:05:48: <info>  New job from eth-eu2.nanopool.org:9433
2021-02-15 16:05:48: [Statistics] Ethereum - Total speed: 52.560 MH/s, Total shares: 2 Rejected: 0, Time: 06:16
2021-02-15 16:05:48: [Statistics] Ethereum last 10 min - Total: 52.847 MH/s.
2021-02-15 16:05:48: <info>  New job from eth-eu2.nanopool.org:9433
2021-02-15 16:05:48: [Statistics] Ethereum - Total speed: 52.550 MH/s, Total shares: 2 Rejected: 0, Time: 06:16
2021-02-15 16:05:51: <info>  New job from eth-eu2.nanopool.org:9433
2021-02-15 16:05:51: [Statistics] Ethereum - Total speed: 52.277 MH/s, Total shares: 2 Rejected: 0, Time: 06:19
2021-02-15 16:05:54: <info>  New job from eth-eu2.nanopool.org:9433
2021-02-15 16:05:54: [Statistics] Ethereum - Total speed: 52.472 MH/s, Total shares: 2 Rejected: 0, Time: 06:22
2021-02-15 16:05:57: <info>  New job from eth-eu2.nanopool.org:9433
2021-02-15 16:05:57: [Statistics] Ethereum - Total speed: 52.508 MH/s, Total shares: 2 Rejected: 0, Time: 06:25
2021-02-15 16:05:57: [Statistics] Ethereum last 10 min - Total: 52.837 MH/s.
2021-02-15 16:06:00: <info>  New job from eth-eu2.nanopool.org:9433
2021-02-15 16:06:00: [Statistics] Ethereum - Total speed: 52.688 MH/s, Total shares: 2 Rejected: 0, Time: 06:28
2021-02-15 16:06:03: <info>  New job from eth-eu2.nanopool.org:9433
2021-02-15 16:06:03: [Statistics] Ethereum - Total speed: 52.696 MH/s, Total shares: 2 Rejected: 0, Time: 06:31
2021-02-15 16:06:06: <info>  New job from eth-eu2.nanopool.org:9433
2021-02-15 16:06:06: [Statistics] Ethereum - Total speed: 52.706 MH/s, Total shares: 2 Rejected: 0, Time: 06:34
2021-02-15 16:06:09: <info>  New job from eth-eu2.nanopool.org:9433
2021-02-15 16:06:09: [Statistics] Ethereum - Total speed: 52.795 MH/s, Total shares: 2 Rejected: 0, Time: 06:37
2021-02-15 16:06:09: [Statistics] Ethereum last 10 min - Total: 52.832 MH/s.
2021-02-15 16:06:12: <info>  New job from eth-eu2.nanopool.org:9433
2021-02-15 16:06:12: [Statistics] Ethereum - Total speed: 52.721 MH/s, Total shares: 2 Rejected: 0, Time: 06:40
2021-02-15 16:06:13: <info>  New job from eth-eu2.nanopool.org:9433
2021-02-15 16:06:13: [Statistics] Ethereum - Total speed: 52.868 MH/s, Total shares: 2 Rejected: 0, Time: 06:41
2021-02-15 16:06:14: <info>  New job from eth-eu2.nanopool.org:9433
2021-02-15 16:06:14: [Statistics] Ethereum - Total speed: 52.371 MH/s, Total shares: 2 Rejected: 0, Time: 06:42
2021-02-15 16:06:16: <info>  New job from eth-eu2.nanopool.org:9433
2021-02-15 16:06:16: [Statistics] Ethereum - Total speed: 50.846 MH/s, Total shares: 2 Rejected: 0, Time: 06:44
2021-02-15 16:06:16: [Statistics] Ethereum last 10 min - Total: 52.824 MH/s.
2021-02-15 16:06:19: <info>  New job from eth-eu2.nanopool.org:9433
2021-02-15 16:06:19: [Statistics] Ethereum - Total speed: 50.250 MH/s, Total shares: 2 Rejected: 0, Time: 06:47
2021-02-15 16:06:20: <info>  New job from eth-eu2.nanopool.org:9433
2021-02-15 16:06:20: [Statistics] Ethereum - Total speed: 50.373 MH/s, Total shares: 2 Rejected: 0, Time: 06:48
2021-02-15 16:06:20: <info>  New job from eth-eu2.nanopool.org:9433
2021-02-15 16:06:20: [Statistics] Ethereum - Total speed: 50.131 MH/s, Total shares: 2 Rejected: 0, Time: 06:48
2021-02-15 16:06:23: <info>  New job from eth-eu2.nanopool.org:9433
2021-02-15 16:06:23: [Statistics] Ethereum - Total speed: 50.235 MH/s, Total shares: 2 Rejected: 0, Time: 06:51
2021-02-15 16:06:23: [Statistics] Ethereum last 10 min - Total: 52.784 MH/s.
2021-02-15 16:06:25: <info>  New job from eth-eu2.nanopool.org:9433
2021-02-15 16:06:25: [Statistics] Ethereum - Total speed: 50.239 MH/s, Total shares: 2 Rejected: 0, Time: 06:53
2021-02-15 16:06:26: <info>  New job from eth-eu2.nanopool.org:9433
2021-02-15 16:06:26: [Statistics] Ethereum - Total speed: 49.861 MH/s, Total shares: 2 Rejected: 0, Time: 06:53
2021-02-15 16:06:26: <info>  New job from eth-eu2.nanopool.org:9433
2021-02-15 16:06:26: [Statistics] Ethereum - Total speed: 49.400 MH/s, Total shares: 2 Rejected: 0, Time: 06:54
2021-02-15 16:06:26: <info>  New job from eth-eu2.nanopool.org:9433
2021-02-15 16:06:26: [Statistics] Ethereum - Total speed: 49.400 MH/s, Total shares: 2 Rejected: 0, Time: 06:54
2021-02-15 16:06:26: [Statistics] Ethereum last 10 min - Total: 52.765 MH/s.
2021-02-15 16:06:26: <info>  New job from eth-eu2.nanopool.org:9433
2021-02-15 16:06:26: [Statistics] Ethereum - Total speed: 48.620 MH/s, Total shares: 2 Rejected: 0, Time: 06:54
2021-02-15 16:06:29: <info>  New job from eth-eu2.nanopool.org:9433
2021-02-15 16:06:29: [Statistics] Ethereum - Total speed: 48.939 MH/s, Total shares: 2 Rejected: 0, Time: 06:57
2021-02-15 16:06:32: <info>  New job from eth-eu2.nanopool.org:9433
2021-02-15 16:06:32: [Statistics] Ethereum - Total speed: 48.716 MH/s, Total shares: 2 Rejected: 0, Time: 07:00
2021-02-15 16:06:35: <info>  New job from eth-eu2.nanopool.org:9433
2021-02-15 16:06:35: [Statistics] Ethereum - Total speed: 49.183 MH/s, Total shares: 2 Rejected: 0, Time: 07:03
2021-02-15 16:06:35: [Statistics] Ethereum last 10 min - Total: 52.679 MH/s.
2021-02-15 16:06:35: <info>  New job from eth-eu2.nanopool.org:9433
2021-02-15 16:06:35: [Statistics] Ethereum - Total speed: 49.485 MH/s, Total shares: 2 Rejected: 0, Time: 07:03
2021-02-15 16:06:36: <info>  New job from eth-eu2.nanopool.org:9433
2021-02-15 16:06:36: [Statistics] Ethereum - Total speed: 49.545 MH/s, Total shares: 2 Rejected: 0, Time: 07:04
2021-02-15 16:06:39: <info>  New job from eth-eu2.nanopool.org:9433
2021-02-15 16:06:39: [Statistics] Ethereum - Total speed: 49.833 MH/s, Total shares: 2 Rejected: 0, Time: 07:06
2021-02-15 16:06:42: <info>  New job from eth-eu2.nanopool.org:9433
2021-02-15 16:06:42: [Statistics] Ethereum - Total speed: 50.120 MH/s, Total shares: 2 Rejected: 0, Time: 07:09
2021-02-15 16:06:42: [Statistics] Ethereum last 10 min - Total: 52.634 MH/s.
2021-02-15 16:06:44: <info>  New job from eth-eu2.nanopool.org:9433
2021-02-15 16:06:45: [Statistics] Ethereum - Total speed: 50.518 MH/s, Total shares: 2 Rejected: 0, Time: 07:12
2021-02-15 16:06:48: <info>  New job from eth-eu2.nanopool.org:9433
2021-02-15 16:06:48: [Statistics] Ethereum - Total speed: 50.712 MH/s, Total shares: 2 Rejected: 0, Time: 07:16
2021-02-15 16:06:50: <info>  New job from eth-eu2.nanopool.org:9433
2021-02-15 16:06:51: [Statistics] Ethereum - Total speed: 50.890 MH/s, Total shares: 2 Rejected: 0, Time: 07:18
2021-02-15 16:06:52: <info>  New job from eth-eu2.nanopool.org:9433
2021-02-15 16:06:52: [Statistics] Ethereum - Total speed: 51.196 MH/s, Total shares: 2 Rejected: 0, Time: 07:20
2021-02-15 16:06:52: [Statistics] Ethereum last 10 min - Total: 52.584 MH/s.
2021-02-15 16:06:52: <info>  New job from eth-eu2.nanopool.org:9433
2021-02-15 16:06:52: [Statistics] Ethereum - Total speed: 51.480 MH/s, Total shares: 2 Rejected: 0, Time: 07:20
2021-02-15 16:06:55: <info>  New job from eth-eu2.nanopool.org:9433
2021-02-15 16:06:55: [Statistics] Ethereum - Total speed: 51.743 MH/s, Total shares: 2 Rejected: 0, Time: 07:23
2021-02-15 16:06:58: <info>  New job from eth-eu2.nanopool.org:9433
2021-02-15 16:06:58: [Statistics] Ethereum - Total speed: 51.832 MH/s, Total shares: 2 Rejected: 0, Time: 07:26
2021-02-15 16:07:01: <info>  New job from eth-eu2.nanopool.org:9433
2021-02-15 16:07:01: [Statistics] Ethereum - Total speed: 51.926 MH/s, Total shares: 2 Rejected: 0, Time: 07:29
2021-02-15 16:07:01: [Statistics] Ethereum last 10 min - Total: 52.567 MH/s.
2021-02-15 16:07:04: <info>  New job from eth-eu2.nanopool.org:9433
2021-02-15 16:07:04: [Statistics] Ethereum - Total speed: 52.147 MH/s, Total shares: 2 Rejected: 0, Time: 07:32
2021-02-15 16:07:07: <info>  New job from eth-eu2.nanopool.org:9433
2021-02-15 16:07:07: [Statistics] Ethereum - Total speed: 52.180 MH/s, Total shares: 2 Rejected: 0, Time: 07:35
2021-02-15 16:07:10: <info>  New job from eth-eu2.nanopool.org:9433
2021-02-15 16:07:10: [Statistics] Ethereum - Total speed: 52.400 MH/s, Total shares: 2 Rejected: 0, Time: 07:38
2021-02-15 16:07:13: <info>  New job from eth-eu2.nanopool.org:9433
2021-02-15 16:07:13: [Statistics] Ethereum - Total speed: 52.404 MH/s, Total shares: 2 Rejected: 0, Time: 07:41
2021-02-15 16:07:13: [Statistics] Ethereum last 10 min - Total: 52.558 MH/s.
2021-02-15 16:07:16: <info>  New job from eth-eu2.nanopool.org:9433
2021-02-15 16:07:16: [Statistics] Ethereum - Total speed: 52.425 MH/s, Total shares: 2 Rejected: 0, Time: 07:44
2021-02-15 16:07:16: <info>  New job from eth-eu2.nanopool.org:9433
2021-02-15 16:07:16: [Statistics] Ethereum - Total speed: 52.590 MH/s, Total shares: 2 Rejected: 0, Time: 07:44
2021-02-15 16:07:20: <info>  New job from eth-eu2.nanopool.org:9433
2021-02-15 16:07:20: [Statistics] Ethereum - Total speed: 52.747 MH/s, Total shares: 2 Rejected: 0, Time: 07:48
2021-02-15 16:07:20: <info>  New job from eth-eu2.nanopool.org:9433
2021-02-15 16:07:20: [Statistics] Ethereum - Total speed: 52.751 MH/s, Total shares: 2 Rejected: 0, Time: 07:48
2021-02-15 16:07:20: [Statistics] Ethereum last 10 min - Total: 52.558 MH/s.
2021-02-15 16:07:21: <info>  New job from eth-eu2.nanopool.org:9433
2021-02-15 16:07:21: [Statistics] Ethereum - Total speed: 52.889 MH/s, Total shares: 2 Rejected: 0, Time: 07:48
2021-02-15 16:07:23: <info>  New job from eth-eu2.nanopool.org:9433
2021-02-15 16:07:23: [Statistics] Ethereum - Total speed: 53.020 MH/s, Total shares: 2 Rejected: 0, Time: 07:51
2021-02-15 16:07:26: <info>  New job from eth-eu2.nanopool.org:9433
2021-02-15 16:07:26: [Statistics] Ethereum - Total speed: 52.977 MH/s, Total shares: 2 Rejected: 0, Time: 07:54
2021-02-15 16:07:30: <info>  New job from eth-eu2.nanopool.org:9433
2021-02-15 16:07:30: [Statistics] Ethereum - Total speed: 52.972 MH/s, Total shares: 2 Rejected: 0, Time: 07:57
2021-02-15 16:07:30: [Statistics] Ethereum last 10 min - Total: 52.566 MH/s.
2021-02-15 16:07:33: <info>  New job from eth-eu2.nanopool.org:9433
2021-02-15 16:07:33: [Statistics] Ethereum - Total speed: 52.950 MH/s, Total shares: 2 Rejected: 0, Time: 08:00
2021-02-15 16:07:36: <info>  New job from eth-eu2.nanopool.org:9433
2021-02-15 16:07:36: [Statistics] Ethereum - Total speed: 52.955 MH/s, Total shares: 2 Rejected: 0, Time: 08:03
2021-02-15 16:07:39: <info>  New job from eth-eu2.nanopool.org:9433
2021-02-15 16:07:39: [Statistics] Ethereum - Total speed: 52.566 MH/s, Total shares: 2 Rejected: 0, Time: 08:06
2021-02-15 16:07:39: <info>  New job from eth-eu2.nanopool.org:9433
2021-02-15 16:07:39: [Statistics] Ethereum - Total speed: 52.164 MH/s, Total shares: 2 Rejected: 0, Time: 08:07
2021-02-15 16:07:39: [Statistics] Ethereum last 10 min - Total: 52.572 MH/s.
2021-02-15 16:07:39: <info>  New job from eth-eu2.nanopool.org:9433
2021-02-15 16:07:39: [Statistics] Ethereum - Total speed: 52.164 MH/s, Total shares: 2 Rejected: 0, Time: 08:07
2021-02-15 16:07:42: <info>  New job from eth-eu2.nanopool.org:9433
2021-02-15 16:07:42: [Statistics] Ethereum - Total speed: 51.711 MH/s, Total shares: 2 Rejected: 0, Time: 08:10
2021-02-15 16:07:45: <info>  New job from eth-eu2.nanopool.org:9433
2021-02-15 16:07:45: [Statistics] Ethereum - Total speed: 51.492 MH/s, Total shares: 2 Rejected: 0, Time: 08:13
2021-02-15 16:07:48: <info>  New job from eth-eu2.nanopool.org:9433
2021-02-15 16:07:48: [Statistics] Ethereum - Total speed: 51.382 MH/s, Total shares: 2 Rejected: 0, Time: 08:16
2021-02-15 16:07:48: [Statistics] Ethereum last 10 min - Total: 52.556 MH/s.
2021-02-15 16:07:48: <info>  New job from eth-eu2.nanopool.org:9433
2021-02-15 16:07:48: [Statistics] Ethereum - Total speed: 51.563 MH/s, Total shares: 2 Rejected: 0, Time: 08:16
2021-02-15 16:07:49: <info>  New job from eth-eu2.nanopool.org:9433
2021-02-15 16:07:49: [Statistics] Ethereum - Total speed: 51.564 MH/s, Total shares: 2 Rejected: 0, Time: 08:16
2021-02-15 16:07:52: <info>  New job from eth-eu2.nanopool.org:9433
2021-02-15 16:07:52: [Statistics] Ethereum - Total speed: 51.840 MH/s, Total shares: 2 Rejected: 0, Time: 08:20
2021-02-15 16:07:54: <info>  New job from eth-eu2.nanopool.org:9433
2021-02-15 16:07:54: [Statistics] Ethereum - Total speed: 52.088 MH/s, Total shares: 2 Rejected: 0, Time: 08:22
2021-02-15 16:07:54: [Statistics] Ethereum last 10 min - Total: 52.545 MH/s.
2021-02-15 16:07:55: <info>  New job from eth-eu2.nanopool.org:9433
2021-02-15 16:07:55: [Statistics] Ethereum - Total speed: 52.122 MH/s, Total shares: 2 Rejected: 0, Time: 08:23
2021-02-15 16:07:55: <info>  New job from eth-eu2.nanopool.org:9433
2021-02-15 16:07:55: [Statistics] Ethereum - Total speed: 52.289 MH/s, Total shares: 2 Rejected: 0, Time: 08:23
2021-02-15 16:07:58: <info>  New job from eth-eu2.nanopool.org:9433
2021-02-15 16:07:58: [Statistics] Ethereum - Total speed: 52.449 MH/s, Total shares: 2 Rejected: 0, Time: 08:26
2021-02-15 16:08:01: <info>  New job from eth-eu2.nanopool.org:9433
2021-02-15 16:08:01: [Statistics] Ethereum - Total speed: 52.458 MH/s, Total shares: 2 Rejected: 0, Time: 08:29
2021-02-15 16:08:01: [Statistics] Ethereum last 10 min - Total: 52.543 MH/s.
2021-02-15 16:08:03: <info>  New job from eth-eu2.nanopool.org:9433
2021-02-15 16:08:03: [Statistics] Ethereum - Total speed: 52.625 MH/s, Total shares: 2 Rejected: 0, Time: 08:31
2021-02-15 16:08:04: <info>  New job from eth-eu2.nanopool.org:9433
2021-02-15 16:08:04: [Statistics] Ethereum - Total speed: 52.621 MH/s, Total shares: 2 Rejected: 0, Time: 08:31
2021-02-15 16:08:07: <info>  New job from eth-eu2.nanopool.org:9433
2021-02-15 16:08:07: [Statistics] Ethereum - Total speed: 52.565 MH/s, Total shares: 2 Rejected: 0, Time: 08:34
2021-02-15 16:08:09: <info>  New job from eth-eu2.nanopool.org:9433
2021-02-15 16:08:09: [Statistics] Ethereum - Total speed: 52.729 MH/s, Total shares: 2 Rejected: 0, Time: 08:37
2021-02-15 16:08:09: [Statistics] Ethereum last 10 min - Total: 52.544 MH/s.
2021-02-15 16:08:11: <info>  New job from eth-eu2.nanopool.org:9433
2021-02-15 16:08:11: [Statistics] Ethereum - Total speed: 52.722 MH/s, Total shares: 2 Rejected: 0, Time: 08:39
2021-02-15 16:08:11: <info>  New job from eth-eu2.nanopool.org:9433
2021-02-15 16:08:11: [Statistics] Ethereum - Total speed: 52.839 MH/s, Total shares: 2 Rejected: 0, Time: 08:39
2021-02-15 16:08:14: <info>  New job from eth-eu2.nanopool.org:9433
2021-02-15 16:08:14: [Statistics] Ethereum - Total speed: 52.838 MH/s, Total shares: 2 Rejected: 0, Time: 08:42
2021-02-15 16:08:14: <info>  New job from eth-eu2.nanopool.org:9433
2021-02-15 16:08:14: [Statistics] Ethereum - Total speed: 52.796 MH/s, Total shares: 2 Rejected: 0, Time: 08:42
2021-02-15 16:08:14: [Statistics] Ethereum last 10 min - Total: 52.546 MH/s.
2021-02-15 16:08:16: <info>  New job from eth-eu2.nanopool.org:9433
2021-02-15 16:08:16: [Statistics] Ethereum - Total speed: 52.926 MH/s, Total shares: 2 Rejected: 0, Time: 08:44
2021-02-15 16:08:17: <info>  New job from eth-eu2.nanopool.org:9433
2021-02-15 16:08:17: [Statistics] Ethereum - Total speed: 53.051 MH/s, Total shares: 2 Rejected: 0, Time: 08:45
2021-02-15 16:08:19: <info>  New job from eth-eu2.nanopool.org:9433
2021-02-15 16:08:19: [Statistics] Ethereum - Total speed: 53.154 MH/s, Total shares: 2 Rejected: 0, Time: 08:47
2021-02-15 16:08:19: <info>  New job from eth-eu2.nanopool.org:9433
2021-02-15 16:08:19: [Statistics] Ethereum - Total speed: 53.003 MH/s, Total shares: 2 Rejected: 0, Time: 08:47
2021-02-15 16:08:19: [Statistics] Ethereum last 10 min - Total: 52.550 MH/s.
2021-02-15 16:08:19: <info>  New job from eth-eu2.nanopool.org:9433
2021-02-15 16:08:19: [Statistics] Ethereum - Total speed: 53.131 MH/s, Total shares: 2 Rejected: 0, Time: 08:47
2021-02-15 16:08:22: <info>  New job from eth-eu2.nanopool.org:9433
2021-02-15 16:08:22: [Statistics] Ethereum - Total speed: 53.227 MH/s, Total shares: 2 Rejected: 0, Time: 08:50
2021-02-15 16:08:25: <info>  New job from eth-eu2.nanopool.org:9433
2021-02-15 16:08:25: [Statistics] Ethereum - Total speed: 53.322 MH/s, Total shares: 2 Rejected: 0, Time: 08:53
2021-02-15 16:08:28: <info>  New job from eth-eu2.nanopool.org:9433
2021-02-15 16:08:28: [Statistics] Ethereum - Total speed: 53.296 MH/s, Total shares: 2 Rejected: 0, Time: 08:56
2021-02-15 16:08:28: [Statistics] Ethereum last 10 min - Total: 52.562 MH/s.
2021-02-15 16:08:28: <info>  New job from eth-eu2.nanopool.org:9433
2021-02-15 16:08:28: [Statistics] Ethereum - Total speed: 53.245 MH/s, Total shares: 2 Rejected: 0, Time: 08:56
2021-02-15 16:08:31: <info>  New job from eth-eu2.nanopool.org:9433
2021-02-15 16:08:31: [Statistics] Ethereum - Total speed: 53.122 MH/s, Total shares: 2 Rejected: 0, Time: 08:59
2021-02-15 16:08:34: <info>  New job from eth-eu2.nanopool.org:9433
2021-02-15 16:08:34: [Statistics] Ethereum - Total speed: 53.219 MH/s, Total shares: 2 Rejected: 0, Time: 09:02
2021-02-15 16:08:37: <info>  New job from eth-eu2.nanopool.org:9433
2021-02-15 16:08:37: [Statistics] Ethereum - Total speed: 53.166 MH/s, Total shares: 2 Rejected: 0, Time: 09:05
2021-02-15 16:08:37: [Statistics] Ethereum last 10 min - Total: 52.572 MH/s.
2021-02-15 16:08:40: <info>  New job from eth-eu2.nanopool.org:9433
2021-02-15 16:08:40: [Statistics] Ethereum - Total speed: 53.272 MH/s, Total shares: 2 Rejected: 0, Time: 09:08
2021-02-15 16:08:43: <info>  New job from eth-eu2.nanopool.org:9433
2021-02-15 16:08:43: [Statistics] Ethereum - Total speed: 53.224 MH/s, Total shares: 2 Rejected: 0, Time: 09:11
2021-02-15 16:08:46: <info>  New job from eth-eu2.nanopool.org:9433
2021-02-15 16:08:46: [Statistics] Ethereum - Total speed: 53.173 MH/s, Total shares: 2 Rejected: 0, Time: 09:14
2021-02-15 16:08:46: <info>  New job from eth-eu2.nanopool.org:9433
2021-02-15 16:08:46: [Statistics] Ethereum - Total speed: 53.292 MH/s, Total shares: 2 Rejected: 0, Time: 09:14
2021-02-15 16:08:46: [Statistics] Ethereum last 10 min - Total: 52.584 MH/s.
2021-02-15 16:08:47: <info>  New job from eth-eu2.nanopool.org:9433
2021-02-15 16:08:47: [Statistics] Ethereum - Total speed: 53.347 MH/s, Total shares: 2 Rejected: 0, Time: 09:14
2021-02-15 16:08:47: <info>  New job from eth-eu2.nanopool.org:9433
2021-02-15 16:08:47: [Statistics] Ethereum - Total speed: 53.404 MH/s, Total shares: 2 Rejected: 0, Time: 09:15
2021-02-15 16:08:47: <info>  New job from eth-eu2.nanopool.org:9433
2021-02-15 16:08:47: [Statistics] Ethereum - Total speed: 53.458 MH/s, Total shares: 2 Rejected: 0, Time: 09:15
2021-02-15 16:08:51: <info>  New job from eth-eu2.nanopool.org:9433
2021-02-15 16:08:51: [Statistics] Ethereum - Total speed: 53.546 MH/s, Total shares: 2 Rejected: 0, Time: 09:19
2021-02-15 16:08:51: [Statistics] Ethereum last 10 min - Total: 52.591 MH/s.
2021-02-15 16:08:53: <info>  New job from eth-eu2.nanopool.org:9433
2021-02-15 16:08:53: [Statistics] Ethereum - Total speed: 53.491 MH/s, Total shares: 2 Rejected: 0, Time: 09:21
2021-02-15 16:08:56: <info>  New job from eth-eu2.nanopool.org:9433
2021-02-15 16:08:56: [Statistics] Ethereum - Total speed: 53.353 MH/s, Total shares: 2 Rejected: 0, Time: 09:24
2021-02-15 16:08:59: <info>  New job from eth-eu2.nanopool.org:9433
2021-02-15 16:08:59: [Statistics] Ethereum - Total speed: 53.445 MH/s, Total shares: 2 Rejected: 0, Time: 09:27
2021-02-15 16:09:02: <info>  New job from eth-eu2.nanopool.org:9433
2021-02-15 16:09:02: [Statistics] Ethereum - Total speed: 53.382 MH/s, Total shares: 2 Rejected: 0, Time: 09:30
2021-02-15 16:09:02: [Statistics] Ethereum last 10 min - Total: 52.607 MH/s.
2021-02-15 16:09:05: <info>  New job from eth-eu2.nanopool.org:9433
2021-02-15 16:09:05: [Statistics] Ethereum - Total speed: 53.466 MH/s, Total shares: 2 Rejected: 0, Time: 09:33
2021-02-15 16:09:08: <info>  New job from eth-eu2.nanopool.org:9433
2021-02-15 16:09:08: [Statistics] Ethereum - Total speed: 53.387 MH/s, Total shares: 2 Rejected: 0, Time: 09:36
2021-02-15 16:09:11: <info>  New job from eth-eu2.nanopool.org:9433
2021-02-15 16:09:11: [Statistics] Ethereum - Total speed: 53.299 MH/s, Total shares: 2 Rejected: 0, Time: 09:39
2021-02-15 16:09:14: <info>  New job from eth-eu2.nanopool.org:9433
2021-02-15 16:09:14: [Statistics] Ethereum - Total speed: 53.392 MH/s, Total shares: 2 Rejected: 0, Time: 09:42
2021-02-15 16:09:14: [Statistics] Ethereum last 10 min - Total: 52.624 MH/s.
2021-02-15 16:09:17: <info>  New job from eth-eu2.nanopool.org:9433
2021-02-15 16:09:17: [Statistics] Ethereum - Total speed: 53.224 MH/s, Total shares: 2 Rejected: 0, Time: 09:45
2021-02-15 16:09:20: <info>  New job from eth-eu2.nanopool.org:9433
2021-02-15 16:09:20: [Statistics] Ethereum - Total speed: 53.306 MH/s, Total shares: 2 Rejected: 0, Time: 09:48
2021-02-15 16:09:23: <info>  New job from eth-eu2.nanopool.org:9433
2021-02-15 16:09:23: [Statistics] Ethereum - Total speed: 53.186 MH/s, Total shares: 2 Rejected: 0, Time: 09:51
2021-02-15 16:09:24: <info>  Terminating, please wait ...
