2021-04-07 02:42:18: <info>                                    _                 
2021-04-07 02:42:18: <info>  _ __   __ _ _ __   ___  _ __ ___ (_)_ __   ___ _ __ 
2021-04-07 02:42:18: <info> | '_ \ / _` | '_ \ / _ \| '_ ` _ \| | '_ \ / _ \ '__|
2021-04-07 02:42:18: <info> | | | | (_| | | | | (_) | | | | | | | | | |  __/ |   
2021-04-07 02:42:18: <info> |_| |_|\__,_|_| |_|\___/|_| |_| |_|_|_| |_|\___|_|   
2021-04-07 02:42:18: <info> 
2021-04-07 02:42:18: <info> Version 3.2.2-cuda11
2021-04-07 02:42:18: <info>  Started EthMan server on port 3333 without a password (read-only mode).
2021-04-07 02:42:18: <info>  Started web interface on port 9090 without a password.
2021-04-07 02:42:18: <info>  CUDA driver version is 11.2, runtime version is 11.1
2021-04-07 02:42:18: <info> Single device detected
2021-04-07 02:42:18: <info> GPU 0 PCI 0a:00.0, Platform: CUDA, Name: GeForce RTX 3060 Ti, 8192 MB available
2021-04-07 02:42:18: <info> -------------------Ethash:------------------
2021-04-07 02:42:18: <info> Currency: Ethereum
2021-04-07 02:42:18: <info> Wallet: wallet
2021-04-07 02:42:18: <info> Rig name: levin
2021-04-07 02:42:18: <info> Email: levinkueck08@gmail.com
2021-04-07 02:42:18: <info> Hashrate threshold to restart miner is not set
2021-04-07 02:42:18: <info> Added pool: eth-eu2.nanopool.org:9433
2021-04-07 02:42:18: <info> Added pool: eth-eu1.nanopool.org:9433
2021-04-07 02:42:18: <info> Added pool: eth-us-east1.nanopool.org:9433
2021-04-07 02:42:18: <info> Added pool: eth-us-west1.nanopool.org:9433
2021-04-07 02:42:18: <info> Added pool: eth-asia1.nanopool.org:9433
2021-04-07 02:42:18: <info> Added pool: eth-jp1.nanopool.org:9433
2021-04-07 02:42:18: <info> Added pool: eth-au1.nanopool.org:9433
2021-04-07 02:42:18: <info> Auto pool sorting is enabled
2021-04-07 02:42:18: <info> Using all GPU devices
2021-04-07 02:42:18: <info> Memory tweak: 1
2021-04-07 02:42:18: <info> -------------Common parameters:-------------
2021-04-07 02:42:18: <info> Log path: ./logs/
2021-04-07 02:42:18: <info> Log is written to file
2021-04-07 02:42:18: <info> GPU watchdog is enabled
2021-04-07 02:42:18: <info> Never calling reboot.bat (always restarting the miner in case of errors). 
2021-04-07 02:42:18: <info>  Setting up algorithm: Ethash
2021-04-07 02:42:19: <info> Version 3.3.3 of the miner is available. Changelog:
2021-04-07 02:42:19: <info> 
* Faster dataset creation for Ergo (autolykos2 algorithm);
* Added zombie mode for Ergo on 2 Gb GPUs both Nvidia and AMD;
* Fixed issues with shardpool (Zilliqa).

2021-04-07 02:42:19: <info> In order to process the update, specify  autoUpdate=true  in config and restart the miner.
2021-04-07 02:42:19: <info>  Connecting to pools...
2021-04-07 02:42:20: <info>  Connected to pool: eth-eu2.nanopool.org:9433 | IP: 51.15.55.162 | ping: 136 ms.
2021-04-07 02:42:20: <info>  New job from eth-eu2.nanopool.org:9433 | share difficulty = 10000 MH, epoch 406 (4271 MB)
2021-04-07 02:42:20: [Statistics] Ethereum - Total speed: 0.000 H/s, Total shares: 0 Rejected: 0, Time: 00:01
2021-04-07 02:42:20: [Statistics] GPU0 t=51째C fan 0% power 41.86W. Total power: 41.86W
2021-04-07 02:42:20: <info>  New job from eth-eu2.nanopool.org:9433
2021-04-07 02:42:20: [Statistics] Ethereum - Total speed: 0.000 H/s, Total shares: 0 Rejected: 0, Time: 00:01
2021-04-07 02:42:20: [Statistics] Ethereum last 10 min - Total: 0.000 H/s.
2021-04-07 02:42:22: <info>  New job from eth-eu2.nanopool.org:9433
2021-04-07 02:42:22: [Statistics] Ethereum - Total speed: 0.000 H/s, Total shares: 0 Rejected: 0, Time: 00:03
2021-04-07 02:42:22: [Statistics] GPU0 t=51째C fan 0% power 41.94W. Total power: 41.94W
2021-04-07 02:42:25: <info>  New job from eth-eu2.nanopool.org:9433
2021-04-07 02:42:25: [Statistics] Ethereum - Total speed: 0.000 H/s, Total shares: 0 Rejected: 0, Time: 00:06
2021-04-07 02:42:28: <info>  New job from eth-eu2.nanopool.org:9433
2021-04-07 02:42:28: [Statistics] Ethereum - Total speed: 0.000 H/s, Total shares: 0 Rejected: 0, Time: 00:09
2021-04-07 02:42:28: [Statistics] GPU0 t=57째C fan 0% power 127.31W. Total power: 127.31W
2021-04-07 02:42:28: <info>  GPU0: 4271 MB DAG generated in 3.92 seconds
2021-04-07 02:42:31: <info>  New job from eth-eu2.nanopool.org:9433
2021-04-07 02:42:31: [Statistics] Ethereum - Total speed: 57.288 MH/s, Total shares: 0 Rejected: 0, Time: 00:12
2021-04-07 02:42:31: [Statistics] Ethereum last 10 min - Total: 57.288 MH/s.
2021-04-07 02:42:34: <info>  New job from eth-eu2.nanopool.org:9433
2021-04-07 02:42:34: [Statistics] Ethereum - Total speed: 56.561 MH/s, Total shares: 0 Rejected: 0, Time: 00:15
2021-04-07 02:42:34: [Statistics] GPU0 t=59째C fan 0% power 132.30W. Total power: 132.30W
2021-04-07 02:42:37: <info>  New job from eth-eu2.nanopool.org:9433
2021-04-07 02:42:37: [Statistics] Ethereum - Total speed: 55.685 MH/s, Total shares: 0 Rejected: 0, Time: 00:18
2021-04-07 02:42:38: <info>  Terminating, please wait ...
