2021-02-18 21:42:37: <info>                                    _                 
2021-02-18 21:42:37: <info>  _ __   __ _ _ __   ___  _ __ ___ (_)_ __   ___ _ __ 
2021-02-18 21:42:37: <info> | '_ \ / _` | '_ \ / _ \| '_ ` _ \| | '_ \ / _ \ '__|
2021-02-18 21:42:37: <info> | | | | (_| | | | | (_) | | | | | | | | | |  __/ |   
2021-02-18 21:42:37: <info> |_| |_|\__,_|_| |_|\___/|_| |_| |_|_|_| |_|\___|_|   
2021-02-18 21:42:37: <info> 
2021-02-18 21:42:37: <info> Version 3.2.2-cuda11
2021-02-18 21:42:37: <info>  Started EthMan server on port 3333 with a password (read-only mode).
2021-02-18 21:42:37: <info>  Started web interface on port 9090 with a password.
2021-02-18 21:42:37: <info>  CUDA driver version is 11.2, runtime version is 11.1
2021-02-18 21:42:38: <info> Single device detected
2021-02-18 21:42:38: <info> GPU 0 PCI 01:00.0, Platform: CUDA, Name: GeForce RTX 3070, 8192 MB available
2021-02-18 21:42:38: <info> -------------------Ethash:------------------
2021-02-18 21:42:38: <info> Currency: Ethereum
2021-02-18 21:42:38: <info> Wallet: wallet
2021-02-18 21:42:38: <info> Rig name: ferris
2021-02-18 21:42:38: <info> Email: email
2021-02-18 21:42:38: <info> Hashrate threshold to restart miner: 50.00 MH/s
2021-02-18 21:42:38: <info> Added pool: eth-eu2.nanopool.org:9433
2021-02-18 21:42:38: <info> Added pool: eth-eu1.nanopool.org:9433
2021-02-18 21:42:38: <info> Added pool: eth-us-east1.nanopool.org:9433
2021-02-18 21:42:38: <info> Added pool: eth-us-west1.nanopool.org:9433
2021-02-18 21:42:38: <info> Added pool: eth-asia1.nanopool.org:9433
2021-02-18 21:42:38: <info> Added pool: eth-jp1.nanopool.org:9433
2021-02-18 21:42:38: <info> Added pool: eth-au1.nanopool.org:9433
2021-02-18 21:42:38: <info> Auto pool sorting is enabled
2021-02-18 21:42:38: <info> Using all GPU devices
2021-02-18 21:42:38: <info> Memory tweak: 1
2021-02-18 21:42:38: <info> -------------Common parameters:-------------
2021-02-18 21:42:38: <info> Log path: ./logs/
2021-02-18 21:42:38: <info> Log is written to file
2021-02-18 21:42:38: <info> GPU watchdog is enabled
2021-02-18 21:42:38: <info> Restart count before calling reboot.bat: 10
2021-02-18 21:42:38: <info>  Setting up algorithm: Ethash
2021-02-18 21:42:39: <info>  Connecting to pools...
2021-02-18 21:42:39: <info>  Connected to pool: eth-eu2.nanopool.org:9433 | IP: 151.80.144.188 | ping: 105 ms.
2021-02-18 21:42:39: <info>  New job from eth-eu2.nanopool.org:9433 | share difficulty = 10000 MH, epoch 396 (4191 MB)
2021-02-18 21:42:39: [Statistics] Ethereum - Total speed: 0.000 H/s, Total shares: 0 Rejected: 0, Time: 00:01
2021-02-18 21:42:39: [Statistics] GPU0 t=49°C fan 32% power 59.29W. Total power: 59.29W
2021-02-18 21:42:39: <info>  New job from eth-eu2.nanopool.org:9433
2021-02-18 21:42:39: [Statistics] Ethereum - Total speed: 0.000 H/s, Total shares: 0 Rejected: 0, Time: 00:01
2021-02-18 21:42:39: [Statistics] Ethereum last 10 min - Total: 0.000 H/s.
2021-02-18 21:42:47: <info>  GPU0: 4191 MB DAG generated in 4.56 seconds
2021-02-18 21:43:10: [Statistics] Ethereum - Total speed: 42.264 MH/s, Total shares: 0 Rejected: 0, Time: 00:32
2021-02-18 21:43:10: [Statistics] GPU0 t=54°C fan 32% power 120.80W. Total power: 120.80W
2021-02-18 21:43:16: <info>  Ethereum - SHARE FOUND (GPU: 0, nonce: 0x1d6ece9bc83dc3e2).
2021-02-18 21:43:16: <info> Ethereum: share accepted (46 ms)!
2021-02-18 21:43:18: <info>  New job from eth-eu2.nanopool.org:9433
2021-02-18 21:43:18: [Statistics] Ethereum - Total speed: 42.264 MH/s, Total shares: 1 Rejected: 0, Time: 00:40
2021-02-18 21:43:21: <info>  New job from eth-eu2.nanopool.org:9433
2021-02-18 21:43:21: [Statistics] Ethereum - Total speed: 42.308 MH/s, Total shares: 1 Rejected: 0, Time: 00:43
2021-02-18 21:43:21: [Statistics] GPU0 t=54°C fan 31% power 120.77W. Total power: 120.77W
2021-02-18 21:43:23: <info>  New job from eth-eu2.nanopool.org:9433
2021-02-18 21:43:23: [Statistics] Ethereum - Total speed: 42.575 MH/s, Total shares: 1 Rejected: 0, Time: 00:45
2021-02-18 21:43:23: [Statistics] Ethereum last 10 min - Total: 42.297 MH/s.
2021-02-18 21:43:47: <info>  New job from eth-eu2.nanopool.org:9433
2021-02-18 21:43:47: [Statistics] Ethereum - Total speed: 42.822 MH/s, Total shares: 1 Rejected: 0, Time: 01:09
2021-02-18 21:43:47: [Statistics] GPU0 t=54°C fan 31% power 120.58W. Total power: 120.58W
2021-02-18 21:44:19: [Statistics] Ethereum - Total speed: 42.967 MH/s, Total shares: 1 Rejected: 0, Time: 01:41
2021-02-18 21:44:27: <info>  New job from eth-eu2.nanopool.org:9433
2021-02-18 21:44:27: [Statistics] Ethereum - Total speed: 42.967 MH/s, Total shares: 1 Rejected: 0, Time: 01:49
2021-02-18 21:44:27: [Statistics] GPU0 t=55°C fan 31% power 120.71W. Total power: 120.71W
2021-02-18 21:44:32: <info>  New job from eth-eu2.nanopool.org:9433
2021-02-18 21:44:32: [Statistics] Ethereum - Total speed: 42.942 MH/s, Total shares: 1 Rejected: 0, Time: 01:54
2021-02-18 21:44:32: [Statistics] Ethereum last 10 min - Total: 42.755 MH/s.
2021-02-18 21:44:38: <info>  New job from eth-eu2.nanopool.org:9433
2021-02-18 21:44:38: [Statistics] Ethereum - Total speed: 42.906 MH/s, Total shares: 1 Rejected: 0, Time: 02:00
2021-02-18 21:44:38: [Statistics] GPU0 t=55°C fan 31% power 120.88W. Total power: 120.88W
2021-02-18 21:44:50: <info>  New job from eth-eu2.nanopool.org:9433
2021-02-18 21:44:50: [Statistics] Ethereum - Total speed: 42.889 MH/s, Total shares: 1 Rejected: 0, Time: 02:12
2021-02-18 21:44:53: <info>  New job from eth-eu2.nanopool.org:9433
2021-02-18 21:44:53: [Statistics] Ethereum - Total speed: 42.772 MH/s, Total shares: 1 Rejected: 0, Time: 02:15
2021-02-18 21:44:53: [Statistics] GPU0 t=55°C fan 31% power 120.70W. Total power: 120.70W
2021-02-18 21:45:16: <info>  New job from eth-eu2.nanopool.org:9433
2021-02-18 21:45:16: [Statistics] Ethereum - Total speed: 42.786 MH/s, Total shares: 1 Rejected: 0, Time: 02:38
2021-02-18 21:45:16: [Statistics] Ethereum last 10 min - Total: 42.782 MH/s.
2021-02-18 21:45:39: <info>  New job from eth-eu2.nanopool.org:9433
2021-02-18 21:45:39: [Statistics] Ethereum - Total speed: 41.892 MH/s, Total shares: 1 Rejected: 0, Time: 03:01
2021-02-18 21:45:39: [Statistics] GPU0 t=54°C fan 31% power 120.70W. Total power: 120.70W
2021-02-18 21:45:42: <info>  New job from eth-eu2.nanopool.org:9433
2021-02-18 21:45:42: [Statistics] Ethereum - Total speed: 42.382 MH/s, Total shares: 1 Rejected: 0, Time: 03:04
2021-02-18 21:45:43: <info>  New job from eth-eu2.nanopool.org:9433
2021-02-18 21:45:43: [Statistics] Ethereum - Total speed: 42.854 MH/s, Total shares: 1 Rejected: 0, Time: 03:05
2021-02-18 21:45:43: [Statistics] GPU0 t=54°C fan 31% power 120.80W. Total power: 120.80W
2021-02-18 21:45:49: <info>  New job from eth-eu2.nanopool.org:9433
2021-02-18 21:45:49: [Statistics] Ethereum - Total speed: 43.257 MH/s, Total shares: 1 Rejected: 0, Time: 03:11
2021-02-18 21:45:49: [Statistics] Ethereum last 10 min - Total: 42.715 MH/s.
2021-02-18 21:46:13: <info>  New job from eth-eu2.nanopool.org:9433
2021-02-18 21:46:13: [Statistics] Ethereum - Total speed: 43.686 MH/s, Total shares: 1 Rejected: 0, Time: 03:35
2021-02-18 21:46:13: [Statistics] GPU0 t=55°C fan 31% power 120.64W. Total power: 120.64W
2021-02-18 21:46:33: <info>  New job from eth-eu2.nanopool.org:9433
2021-02-18 21:46:33: [Statistics] Ethereum - Total speed: 44.040 MH/s, Total shares: 1 Rejected: 0, Time: 03:55
2021-02-18 21:46:40: <info>  New job from eth-eu2.nanopool.org:9433
2021-02-18 21:46:40: [Statistics] Ethereum - Total speed: 44.319 MH/s, Total shares: 1 Rejected: 0, Time: 04:02
2021-02-18 21:46:40: [Statistics] GPU0 t=55°C fan 31% power 120.66W. Total power: 120.66W
2021-02-18 21:46:57: <info>  New job from eth-eu2.nanopool.org:9433
2021-02-18 21:46:57: [Statistics] Ethereum - Total speed: 44.555 MH/s, Total shares: 1 Rejected: 0, Time: 04:19
2021-02-18 21:46:57: [Statistics] Ethereum last 10 min - Total: 43.072 MH/s.
2021-02-18 21:47:02: <info>  New job from eth-eu2.nanopool.org:9433
2021-02-18 21:47:02: [Statistics] Ethereum - Total speed: 44.538 MH/s, Total shares: 1 Rejected: 0, Time: 04:24
2021-02-18 21:47:02: [Statistics] GPU0 t=55°C fan 31% power 120.65W. Total power: 120.65W
2021-02-18 21:47:12: <info>  New job from eth-eu2.nanopool.org:9433
2021-02-18 21:47:12: [Statistics] Ethereum - Total speed: 44.759 MH/s, Total shares: 1 Rejected: 0, Time: 04:34
2021-02-18 21:47:18: <info>  New job from eth-eu2.nanopool.org:9433
2021-02-18 21:47:18: [Statistics] Ethereum - Total speed: 45.024 MH/s, Total shares: 1 Rejected: 0, Time: 04:40
2021-02-18 21:47:18: [Statistics] GPU0 t=55°C fan 31% power 120.81W. Total power: 120.81W
2021-02-18 21:47:49: [Statistics] Ethereum - Total speed: 45.201 MH/s, Total shares: 1 Rejected: 0, Time: 05:11
2021-02-18 21:47:49: [Statistics] Ethereum last 10 min - Total: 43.418 MH/s.
2021-02-18 21:47:55: <info>  New job from eth-eu2.nanopool.org:9433
2021-02-18 21:47:55: [Statistics] Ethereum - Total speed: 45.201 MH/s, Total shares: 1 Rejected: 0, Time: 05:17
2021-02-18 21:47:55: [Statistics] GPU0 t=55°C fan 31% power 120.81W. Total power: 120.81W
2021-02-18 21:48:02: <info>  New job from eth-eu2.nanopool.org:9433
2021-02-18 21:48:02: [Statistics] Ethereum - Total speed: 45.409 MH/s, Total shares: 1 Rejected: 0, Time: 05:24
2021-02-18 21:48:05: <info>  New job from eth-eu2.nanopool.org:9433
2021-02-18 21:48:05: [Statistics] Ethereum - Total speed: 45.528 MH/s, Total shares: 1 Rejected: 0, Time: 05:27
2021-02-18 21:48:05: [Statistics] GPU0 t=55°C fan 31% power 120.82W. Total power: 120.82W
2021-02-18 21:48:11: <info>  New job from eth-eu2.nanopool.org:9433
2021-02-18 21:48:11: [Statistics] Ethereum - Total speed: 45.744 MH/s, Total shares: 1 Rejected: 0, Time: 05:33
2021-02-18 21:48:11: [Statistics] Ethereum last 10 min - Total: 43.563 MH/s.
2021-02-18 21:48:28: <info>  Ethereum - SHARE FOUND (GPU: 0, nonce: 0xcf25f227d63293a0).
2021-02-18 21:48:28: <info> Ethereum: share accepted (38 ms)!
2021-02-18 21:48:30: <info>  New job from eth-eu2.nanopool.org:9433
2021-02-18 21:48:30: [Statistics] Ethereum - Total speed: 46.021 MH/s, Total shares: 2 Rejected: 0, Time: 05:52
2021-02-18 21:48:30: [Statistics] GPU0 t=55°C fan 31% power 120.65W. Total power: 120.65W
2021-02-18 21:48:32: <info>  New job from eth-eu2.nanopool.org:9433
2021-02-18 21:48:32: [Statistics] Ethereum - Total speed: 46.264 MH/s, Total shares: 2 Rejected: 0, Time: 05:54
2021-02-18 21:48:54: <info>  New job from eth-eu2.nanopool.org:9433
2021-02-18 21:48:54: [Statistics] Ethereum - Total speed: 46.094 MH/s, Total shares: 2 Rejected: 0, Time: 06:16
2021-02-18 21:48:54: [Statistics] GPU0 t=55°C fan 31% power 120.51W. Total power: 120.51W
2021-02-18 21:49:09: <info>  New job from eth-eu2.nanopool.org:9433
2021-02-18 21:49:09: [Statistics] Ethereum - Total speed: 46.618 MH/s, Total shares: 2 Rejected: 0, Time: 06:31
2021-02-18 21:49:09: [Statistics] Ethereum last 10 min - Total: 43.977 MH/s.
2021-02-18 21:49:10: <info>  New job from eth-eu2.nanopool.org:9433
2021-02-18 21:49:10: [Statistics] Ethereum - Total speed: 47.300 MH/s, Total shares: 2 Rejected: 0, Time: 06:32
2021-02-18 21:49:10: [Statistics] GPU0 t=55°C fan 31% power 120.53W. Total power: 120.53W
2021-02-18 21:49:13: <info>  New job from eth-eu2.nanopool.org:9433
2021-02-18 21:49:13: [Statistics] Ethereum - Total speed: 47.983 MH/s, Total shares: 2 Rejected: 0, Time: 06:35
2021-02-18 21:49:15: <info>  New job from eth-eu2.nanopool.org:9433
2021-02-18 21:49:15: [Statistics] Ethereum - Total speed: 48.590 MH/s, Total shares: 2 Rejected: 0, Time: 06:37
2021-02-18 21:49:15: [Statistics] GPU0 t=55°C fan 31% power 120.75W. Total power: 120.75W
2021-02-18 21:49:21: <info>  New job from eth-eu2.nanopool.org:9433
2021-02-18 21:49:21: [Statistics] Ethereum - Total speed: 49.135 MH/s, Total shares: 2 Rejected: 0, Time: 06:43
2021-02-18 21:49:21: [Statistics] Ethereum last 10 min - Total: 44.115 MH/s.
2021-02-18 21:49:25: <info>  New job from eth-eu2.nanopool.org:9433
2021-02-18 21:49:25: [Statistics] Ethereum - Total speed: 49.556 MH/s, Total shares: 2 Rejected: 0, Time: 06:47
2021-02-18 21:49:25: [Statistics] GPU0 t=55°C fan 31% power 120.71W. Total power: 120.71W
2021-02-18 21:49:39: <info>  New job from eth-eu2.nanopool.org:9433
2021-02-18 21:49:39: [Statistics] Ethereum - Total speed: 49.871 MH/s, Total shares: 2 Rejected: 0, Time: 07:01
2021-02-18 21:49:52: <info>  New job from eth-eu2.nanopool.org:9433
2021-02-18 21:49:52: [Statistics] Ethereum - Total speed: 50.323 MH/s, Total shares: 2 Rejected: 0, Time: 07:14
2021-02-18 21:49:52: [Statistics] GPU0 t=55°C fan 31% power 120.80W. Total power: 120.80W
2021-02-18 21:49:58: <info>  New job from eth-eu2.nanopool.org:9433
2021-02-18 21:49:58: [Statistics] Ethereum - Total speed: 50.729 MH/s, Total shares: 2 Rejected: 0, Time: 07:20
2021-02-18 21:49:58: [Statistics] Ethereum last 10 min - Total: 44.644 MH/s.
2021-02-18 21:50:06: <info>  New job from eth-eu2.nanopool.org:9433
2021-02-18 21:50:06: [Statistics] Ethereum - Total speed: 51.098 MH/s, Total shares: 2 Rejected: 0, Time: 07:28
2021-02-18 21:50:06: [Statistics] GPU0 t=55°C fan 31% power 120.72W. Total power: 120.72W
2021-02-18 21:50:22: <info>  New job from eth-eu2.nanopool.org:9433
2021-02-18 21:50:22: [Statistics] Ethereum - Total speed: 51.415 MH/s, Total shares: 2 Rejected: 0, Time: 07:44
2021-02-18 21:50:50: <info>  New job from eth-eu2.nanopool.org:9433
2021-02-18 21:50:50: [Statistics] Ethereum - Total speed: 51.721 MH/s, Total shares: 2 Rejected: 0, Time: 08:11
2021-02-18 21:50:50: [Statistics] GPU0 t=55°C fan 31% power 120.70W. Total power: 120.70W
2021-02-18 21:50:55: <info>  New job from eth-eu2.nanopool.org:9433
2021-02-18 21:50:55: [Statistics] Ethereum - Total speed: 51.984 MH/s, Total shares: 2 Rejected: 0, Time: 08:17
2021-02-18 21:50:55: [Statistics] Ethereum last 10 min - Total: 45.469 MH/s.
2021-02-18 21:51:09: <info>  New job from eth-eu2.nanopool.org:9433
2021-02-18 21:51:09: [Statistics] Ethereum - Total speed: 52.226 MH/s, Total shares: 2 Rejected: 0, Time: 08:31
2021-02-18 21:51:09: [Statistics] GPU0 t=55°C fan 31% power 120.70W. Total power: 120.70W
2021-02-18 21:51:12: <info>  New job from eth-eu2.nanopool.org:9433
2021-02-18 21:51:12: [Statistics] Ethereum - Total speed: 51.989 MH/s, Total shares: 2 Rejected: 0, Time: 08:34
2021-02-18 21:51:17: <info>  New job from eth-eu2.nanopool.org:9433
2021-02-18 21:51:17: [Statistics] Ethereum - Total speed: 51.617 MH/s, Total shares: 2 Rejected: 0, Time: 08:39
2021-02-18 21:51:17: [Statistics] GPU0 t=55°C fan 31% power 120.50W. Total power: 120.50W
2021-02-18 21:51:31: <info>  New job from eth-eu2.nanopool.org:9433
2021-02-18 21:51:31: [Statistics] Ethereum - Total speed: 51.327 MH/s, Total shares: 2 Rejected: 0, Time: 08:53
2021-02-18 21:51:31: [Statistics] Ethereum last 10 min - Total: 45.932 MH/s.
2021-02-18 21:51:37: <info>  New job from eth-eu2.nanopool.org:9433
2021-02-18 21:51:37: [Statistics] Ethereum - Total speed: 51.069 MH/s, Total shares: 2 Rejected: 0, Time: 08:59
2021-02-18 21:51:37: [Statistics] GPU0 t=55°C fan 31% power 120.60W. Total power: 120.60W
2021-02-18 21:51:48: <info>  New job from eth-eu2.nanopool.org:9433
2021-02-18 21:51:48: [Statistics] Ethereum - Total speed: 50.835 MH/s, Total shares: 2 Rejected: 0, Time: 09:10
2021-02-18 21:52:14: <info>  New job from eth-eu2.nanopool.org:9433
2021-02-18 21:52:14: [Statistics] Ethereum - Total speed: 50.662 MH/s, Total shares: 2 Rejected: 0, Time: 09:36
2021-02-18 21:52:14: [Statistics] GPU0 t=55°C fan 31% power 120.36W. Total power: 120.36W
2021-02-18 21:52:27: <info>  New job from eth-eu2.nanopool.org:9433
2021-02-18 21:52:27: [Statistics] Ethereum - Total speed: 50.528 MH/s, Total shares: 2 Rejected: 0, Time: 09:49
2021-02-18 21:52:27: [Statistics] Ethereum last 10 min - Total: 46.418 MH/s.
2021-02-18 21:52:50: <info>  New job from eth-eu2.nanopool.org:9433
2021-02-18 21:52:50: [Statistics] Ethereum - Total speed: 50.363 MH/s, Total shares: 2 Rejected: 0, Time: 10:12
2021-02-18 21:52:50: [Statistics] GPU0 t=55°C fan 31% power 120.57W. Total power: 120.57W
2021-02-18 21:52:58: <info>  New job from eth-eu2.nanopool.org:9433
2021-02-18 21:52:58: [Statistics] Ethereum - Total speed: 50.197 MH/s, Total shares: 2 Rejected: 0, Time: 10:20
2021-02-18 21:53:01: <info>  New job from eth-eu2.nanopool.org:9433
2021-02-18 21:53:01: [Statistics] Ethereum - Total speed: 50.039 MH/s, Total shares: 2 Rejected: 0, Time: 10:23
2021-02-18 21:53:01: [Statistics] GPU0 t=55°C fan 31% power 120.71W. Total power: 120.71W
2021-02-18 21:53:12: <info>  New job from eth-eu2.nanopool.org:9433
2021-02-18 21:53:12: [Statistics] Ethereum - Total speed: 49.921 MH/s, Total shares: 2 Rejected: 0, Time: 10:34
2021-02-18 21:53:12: [Statistics] Ethereum last 10 min - Total: 46.766 MH/s.
2021-02-18 21:53:27: <info>  New job from eth-eu2.nanopool.org:9433
2021-02-18 21:53:27: [Statistics] Ethereum - Total speed: 49.796 MH/s, Total shares: 2 Rejected: 0, Time: 10:49
2021-02-18 21:53:27: [Statistics] GPU0 t=55°C fan 31% power 120.84W. Total power: 120.84W
2021-02-18 21:53:35: <info>  New job from eth-eu2.nanopool.org:9433
2021-02-18 21:53:35: [Statistics] Ethereum - Total speed: 49.711 MH/s, Total shares: 2 Rejected: 0, Time: 10:57
2021-02-18 21:53:38: <info>  New job from eth-eu2.nanopool.org:9433
2021-02-18 21:53:38: [Statistics] Ethereum - Total speed: 49.620 MH/s, Total shares: 2 Rejected: 0, Time: 11:00
2021-02-18 21:53:38: [Statistics] GPU0 t=55°C fan 31% power 120.73W. Total power: 120.73W
2021-02-18 21:53:40: <info>  New job from eth-eu2.nanopool.org:9433
2021-02-18 21:53:40: [Statistics] Ethereum - Total speed: 49.554 MH/s, Total shares: 2 Rejected: 0, Time: 11:02
2021-02-18 21:53:40: [Statistics] Ethereum last 10 min - Total: 47.110 MH/s.
2021-02-18 21:53:59: <info>  New job from eth-eu2.nanopool.org:9433
2021-02-18 21:53:59: [Statistics] Ethereum - Total speed: 49.432 MH/s, Total shares: 2 Rejected: 0, Time: 11:21
2021-02-18 21:53:59: [Statistics] GPU0 t=55°C fan 31% power 120.69W. Total power: 120.69W
2021-02-18 21:54:20: <info>  New job from eth-eu2.nanopool.org:9433
2021-02-18 21:54:20: [Statistics] Ethereum - Total speed: 49.367 MH/s, Total shares: 2 Rejected: 0, Time: 11:42
2021-02-18 21:54:22: <info>  New job from eth-eu2.nanopool.org:9433
2021-02-18 21:54:22: [Statistics] Ethereum - Total speed: 49.311 MH/s, Total shares: 2 Rejected: 0, Time: 11:44
2021-02-18 21:54:22: [Statistics] GPU0 t=55°C fan 31% power 120.65W. Total power: 120.65W
2021-02-18 21:54:54: [Statistics] Ethereum - Total speed: 49.248 MH/s, Total shares: 2 Rejected: 0, Time: 12:16
2021-02-18 21:54:54: <error>  Average hashrate (48.051 MH/s) below minimal acceptable (50.000 MH/s)!
2021-02-18 21:54:54: <info>  Miner has already been restarted once
2021-02-18 21:54:54: <info>  Self-restarting miner process.
