2021-02-13 21:17:39: <info>                                    _                 
2021-02-13 21:17:39: <info>  _ __   __ _ _ __   ___  _ __ ___ (_)_ __   ___ _ __ 
2021-02-13 21:17:39: <info> | '_ \ / _` | '_ \ / _ \| '_ ` _ \| | '_ \ / _ \ '__|
2021-02-13 21:17:39: <info> | | | | (_| | | | | (_) | | | | | | | | | |  __/ |   
2021-02-13 21:17:39: <info> |_| |_|\__,_|_| |_|\___/|_| |_| |_|_|_| |_|\___|_|   
2021-02-13 21:17:39: <info> 
2021-02-13 21:17:39: <info> Version 3.2.2-cuda11
2021-02-13 21:17:39: <info>  Started EthMan server on port 3333 without a password (read-only mode).
2021-02-13 21:17:39: <info>  Started web interface on port 9090 without a password.
2021-02-13 21:17:39: <info>  CUDA driver version is 11.2, runtime version is 11.1
2021-02-13 21:17:39: <info> Single device detected
2021-02-13 21:17:39: <info> GPU 0 PCI 01:00.0, Platform: CUDA, Name: GeForce RTX 3070, 8192 MB available
2021-02-13 21:17:39: <info> -------------------Ethash:------------------
2021-02-13 21:17:39: <info> Currency: Ethereum
2021-02-13 21:17:39: <info> Wallet: wallet
2021-02-13 21:17:39: <info> Rig name: Bashful_e5a904b1
2021-02-13 21:17:39: <info> Email: email
2021-02-13 21:17:39: <info> Hashrate threshold to restart miner is not set
2021-02-13 21:17:39: <info> Added pool: eth-eu1.nanopool.org:9433
2021-02-13 21:17:39: <info> Added pool: eth-eu2.nanopool.org:9433
2021-02-13 21:17:39: <info> Added pool: eth-us-east1.nanopool.org:9433
2021-02-13 21:17:39: <info> Added pool: eth-us-west1.nanopool.org:9433
2021-02-13 21:17:39: <info> Added pool: eth-asia1.nanopool.org:9433
2021-02-13 21:17:39: <info> Added pool: eth-jp1.nanopool.org:9433
2021-02-13 21:17:39: <info> Added pool: eth-au1.nanopool.org:9433
2021-02-13 21:17:39: <info> Auto pool sorting is enabled
2021-02-13 21:17:39: <info> Using all GPU devices
2021-02-13 21:17:39: <info> Memory tweak: 1
2021-02-13 21:17:39: <info> -------------Common parameters:-------------
2021-02-13 21:17:39: <info> Log path: ./logs/
2021-02-13 21:17:39: <info> Log is written to file
2021-02-13 21:17:39: <info> GPU watchdog is enabled
2021-02-13 21:17:39: <info> Never calling reboot.bat (always restarting the miner in case of errors). 
2021-02-13 21:17:39: <info>  Setting up algorithm: Ethash
2021-02-13 21:17:40: <info>  Connecting to pools...
2021-02-13 21:17:41: <info>  Connected to pool: eth-eu1.nanopool.org:9433 | IP: 163.172.162.51 | ping: 141 ms.
2021-02-13 21:17:41: <info>  New job from eth-eu1.nanopool.org:9433 | share difficulty = 10000 MH, epoch 395 (4183 MB)
2021-02-13 21:17:41: [Statistics] Ethereum - Total speed: 0.000 H/s, Total shares: 0 Rejected: 0, Time: 00:01
2021-02-13 21:17:41: [Statistics] GPU0 t=35°C fan 31% power 45.98W. Total power: 45.98W
2021-02-13 21:17:41: <info>  New job from eth-eu1.nanopool.org:9433
2021-02-13 21:17:41: [Statistics] Ethereum - Total speed: 0.000 H/s, Total shares: 0 Rejected: 0, Time: 00:01
2021-02-13 21:17:41: [Statistics] Ethereum last 10 min - Total: 0.000 H/s.
2021-02-13 21:17:42: <info>  New job from eth-eu1.nanopool.org:9433
2021-02-13 21:17:42: [Statistics] Ethereum - Total speed: 0.000 H/s, Total shares: 0 Rejected: 0, Time: 00:02
2021-02-13 21:17:42: [Statistics] GPU0 t=35°C fan 31% power 45.78W. Total power: 45.78W
2021-02-13 21:17:44: <info>  New job from eth-eu1.nanopool.org:9433
2021-02-13 21:17:45: [Statistics] Ethereum - Total speed: 0.000 H/s, Total shares: 0 Rejected: 0, Time: 00:05
2021-02-13 21:17:45: <error>  System exception: 
2021-02-13 21:17:46: <error>  device: 0; unknown error
2021-02-13 21:17:46: <error>  CUDA call failed: all CUDA-capable devices are busy or unavailable
2021-02-13 21:17:46: <error>  CUDA call failed: all CUDA-capable devices are busy or unavailable
2021-02-13 21:17:46: <error>  CUDA call failed: all CUDA-capable devices are busy or unavailable
2021-02-13 21:17:48: <info>  New job from eth-eu1.nanopool.org:9433
2021-02-13 21:17:48: <error>  System exception: 
2021-02-13 21:17:48: <error>  device: 0; all CUDA-capable devices are busy or unavailable
2021-02-13 21:17:48: <error>  Can't work on device: 0
2021-02-13 21:17:48: <info>  Miner has not been restarted before
2021-02-13 21:17:48: <info>  Self-restarting miner process.
2021-02-13 21:17:48: [Statistics] Ethereum - Total speed: 0.000 H/s, Total shares: 0 Rejected: 0, Time: 00:09
