2021-02-15 16:54:45: <info>                                    _                 
2021-02-15 16:54:45: <info>  _ __   __ _ _ __   ___  _ __ ___ (_)_ __   ___ _ __ 
2021-02-15 16:54:45: <info> | '_ \ / _` | '_ \ / _ \| '_ ` _ \| | '_ \ / _ \ '__|
2021-02-15 16:54:45: <info> | | | | (_| | | | | (_) | | | | | | | | | |  __/ |   
2021-02-15 16:54:45: <info> |_| |_|\__,_|_| |_|\___/|_| |_| |_|_|_| |_|\___|_|   
2021-02-15 16:54:45: <info> 
2021-02-15 16:54:45: <info> Version 3.2.2-cuda11
2021-02-15 16:54:45: <info>  Started EthMan server on port 3333 with a password (read-only mode).
2021-02-15 16:54:45: <info>  Started web interface on port 9090 with a password.
2021-02-15 16:54:45: <info>  CUDA driver version is 11.2, runtime version is 11.1
2021-02-15 16:54:45: <info> Single device detected
2021-02-15 16:54:45: <info> GPU 0 PCI 01:00.0, Platform: CUDA, Name: GeForce RTX 3070, 8192 MB available
2021-02-15 16:54:45: <info> -------------------Ethash:------------------
2021-02-15 16:54:45: <info> Currency: Ethereum
2021-02-15 16:54:45: <info> Wallet: wallet
2021-02-15 16:54:45: <info> Rig name: ferris
2021-02-15 16:54:45: <info> Email: email
2021-02-15 16:54:45: <info> Hashrate threshold to restart miner: 50.00 MH/s
2021-02-15 16:54:45: <info> Added pool: eth-eu2.nanopool.org:9433
2021-02-15 16:54:45: <info> Added pool: eth-eu1.nanopool.org:9433
2021-02-15 16:54:45: <info> Added pool: eth-us-east1.nanopool.org:9433
2021-02-15 16:54:45: <info> Added pool: eth-us-west1.nanopool.org:9433
2021-02-15 16:54:45: <info> Added pool: eth-jp1.nanopool.org:9433
2021-02-15 16:54:45: <info> Added pool: eth-au1.nanopool.org:9433
2021-02-15 16:54:45: <info> Added pool: eth-asia1.nanopool.org:9433
2021-02-15 16:54:45: <info> Auto pool sorting is enabled
2021-02-15 16:54:45: <info> Using all GPU devices
2021-02-15 16:54:45: <info> Memory tweak: 1
2021-02-15 16:54:45: <info> -------------Common parameters:-------------
2021-02-15 16:54:45: <info> Log path: ./logs/
2021-02-15 16:54:45: <info> Log is written to file
2021-02-15 16:54:45: <info> GPU watchdog is enabled
2021-02-15 16:54:45: <info> Restart count before calling reboot.bat: 10
2021-02-15 16:54:45: <info>  Setting up algorithm: Ethash
2021-02-15 16:54:46: <info>  Connecting to pools...
2021-02-15 16:54:46: <info>  Connected to pool: eth-eu2.nanopool.org:9433 | IP: 149.202.42.174 | ping: 110 ms.
2021-02-15 16:54:46: <info>  New job from eth-eu2.nanopool.org:9433 | share difficulty = 10000 MH, epoch 395 (4183 MB)
2021-02-15 16:54:46: [Statistics] Ethereum - Total speed: 0.000 H/s, Total shares: 0 Rejected: 0, Time: 00:01
2021-02-15 16:54:46: [Statistics] GPU0 t=32°C fan 31% power 47.33W. Total power: 47.33W
2021-02-15 16:54:46: <info>  New job from eth-eu2.nanopool.org:9433
2021-02-15 16:54:46: [Statistics] Ethereum - Total speed: 0.000 H/s, Total shares: 0 Rejected: 0, Time: 00:01
2021-02-15 16:54:46: [Statistics] Ethereum last 10 min - Total: 0.000 H/s.
2021-02-15 16:54:48: <info>  New job from eth-eu2.nanopool.org:9433
2021-02-15 16:54:48: [Statistics] Ethereum - Total speed: 0.000 H/s, Total shares: 0 Rejected: 0, Time: 00:03
2021-02-15 16:54:48: [Statistics] GPU0 t=33°C fan 31% power 47.38W. Total power: 47.38W
2021-02-15 16:54:52: <info>  New job from eth-eu2.nanopool.org:9433
2021-02-15 16:54:52: [Statistics] Ethereum - Total speed: 0.000 H/s, Total shares: 0 Rejected: 0, Time: 00:06
2021-02-15 16:54:52: <info>  GPU0: 4183 MB DAG generated in 3.45 seconds
2021-02-15 16:54:54: <info>  New job from eth-eu2.nanopool.org:9433
2021-02-15 16:54:54: [Statistics] Ethereum - Total speed: 59.625 MH/s, Total shares: 0 Rejected: 0, Time: 00:09
2021-02-15 16:54:54: [Statistics] GPU0 t=39°C fan 30% power 119.72W. Total power: 119.72W
2021-02-15 16:54:57: <info>  New job from eth-eu2.nanopool.org:9433
2021-02-15 16:54:57: [Statistics] Ethereum - Total speed: 59.631 MH/s, Total shares: 0 Rejected: 0, Time: 00:12
2021-02-15 16:54:57: [Statistics] Ethereum last 10 min - Total: 59.628 MH/s.
2021-02-15 16:55:00: <info>  New job from eth-eu2.nanopool.org:9433
2021-02-15 16:55:00: [Statistics] Ethereum - Total speed: 59.665 MH/s, Total shares: 0 Rejected: 0, Time: 00:15
2021-02-15 16:55:00: [Statistics] GPU0 t=40°C fan 31% power 119.64W. Total power: 119.64W
2021-02-15 16:55:03: <info>  New job from eth-eu2.nanopool.org:9433
2021-02-15 16:55:03: [Statistics] Ethereum - Total speed: 59.691 MH/s, Total shares: 0 Rejected: 0, Time: 00:18
2021-02-15 16:55:06: <info>  New job from eth-eu2.nanopool.org:9433
2021-02-15 16:55:06: [Statistics] Ethereum - Total speed: 59.689 MH/s, Total shares: 0 Rejected: 0, Time: 00:21
2021-02-15 16:55:06: [Statistics] GPU0 t=41°C fan 31% power 120.81W. Total power: 120.81W
2021-02-15 16:55:09: <info>  New job from eth-eu2.nanopool.org:9433
2021-02-15 16:55:09: [Statistics] Ethereum - Total speed: 59.798 MH/s, Total shares: 0 Rejected: 0, Time: 00:24
2021-02-15 16:55:09: [Statistics] Ethereum last 10 min - Total: 59.678 MH/s.
2021-02-15 16:55:10: <info>  New job from eth-eu2.nanopool.org:9433
2021-02-15 16:55:10: [Statistics] Ethereum - Total speed: 59.900 MH/s, Total shares: 0 Rejected: 0, Time: 00:25
2021-02-15 16:55:10: [Statistics] GPU0 t=42°C fan 31% power 120.90W. Total power: 120.90W
2021-02-15 16:55:11: <info>  New job from eth-eu2.nanopool.org:9433
2021-02-15 16:55:11: [Statistics] Ethereum - Total speed: 59.997 MH/s, Total shares: 0 Rejected: 0, Time: 00:26
2021-02-15 16:55:14: <info>  New job from eth-eu2.nanopool.org:9433
2021-02-15 16:55:14: [Statistics] Ethereum - Total speed: 60.058 MH/s, Total shares: 0 Rejected: 0, Time: 00:28
2021-02-15 16:55:14: [Statistics] GPU0 t=42°C fan 31% power 120.74W. Total power: 120.74W
2021-02-15 16:55:17: <info>  New job from eth-eu2.nanopool.org:9433
2021-02-15 16:55:17: [Statistics] Ethereum - Total speed: 60.121 MH/s, Total shares: 0 Rejected: 0, Time: 00:31
2021-02-15 16:55:17: [Statistics] Ethereum last 10 min - Total: 59.788 MH/s.
2021-02-15 16:55:20: <info>  New job from eth-eu2.nanopool.org:9433
2021-02-15 16:55:20: [Statistics] Ethereum - Total speed: 60.159 MH/s, Total shares: 0 Rejected: 0, Time: 00:34
2021-02-15 16:55:20: [Statistics] GPU0 t=43°C fan 31% power 120.89W. Total power: 120.89W
2021-02-15 16:55:23: <info>  New job from eth-eu2.nanopool.org:9433
2021-02-15 16:55:23: [Statistics] Ethereum - Total speed: 60.175 MH/s, Total shares: 0 Rejected: 0, Time: 00:37
2021-02-15 16:55:26: <info>  New job from eth-eu2.nanopool.org:9433
2021-02-15 16:55:26: [Statistics] Ethereum - Total speed: 60.193 MH/s, Total shares: 0 Rejected: 0, Time: 00:40
2021-02-15 16:55:26: [Statistics] GPU0 t=44°C fan 30% power 121.13W. Total power: 121.13W
2021-02-15 16:55:28: <info>  New job from eth-eu2.nanopool.org:9433
2021-02-15 16:55:28: [Statistics] Ethereum - Total speed: 60.232 MH/s, Total shares: 0 Rejected: 0, Time: 00:43
2021-02-15 16:55:28: [Statistics] Ethereum last 10 min - Total: 59.921 MH/s.
2021-02-15 16:55:28: <info>  New job from eth-eu2.nanopool.org:9433
2021-02-15 16:55:28: [Statistics] Ethereum - Total speed: 60.294 MH/s, Total shares: 0 Rejected: 0, Time: 00:43
2021-02-15 16:55:28: [Statistics] GPU0 t=44°C fan 31% power 120.96W. Total power: 120.96W
2021-02-15 16:55:31: <info>  New job from eth-eu2.nanopool.org:9433
2021-02-15 16:55:31: [Statistics] Ethereum - Total speed: 60.285 MH/s, Total shares: 0 Rejected: 0, Time: 00:46
2021-02-15 16:55:34: <info>  New job from eth-eu2.nanopool.org:9433
2021-02-15 16:55:34: [Statistics] Ethereum - Total speed: 60.328 MH/s, Total shares: 0 Rejected: 0, Time: 00:49
2021-02-15 16:55:34: [Statistics] GPU0 t=45°C fan 31% power 121.25W. Total power: 121.25W
2021-02-15 16:55:37: <info>  New job from eth-eu2.nanopool.org:9433
2021-02-15 16:55:37: [Statistics] Ethereum - Total speed: 60.355 MH/s, Total shares: 0 Rejected: 0, Time: 00:52
2021-02-15 16:55:37: [Statistics] Ethereum last 10 min - Total: 60.004 MH/s.
2021-02-15 16:55:40: <info>  New job from eth-eu2.nanopool.org:9433
2021-02-15 16:55:40: [Statistics] Ethereum - Total speed: 60.377 MH/s, Total shares: 0 Rejected: 0, Time: 00:55
2021-02-15 16:55:40: [Statistics] GPU0 t=45°C fan 31% power 120.49W. Total power: 120.49W
2021-02-15 16:55:43: <info>  New job from eth-eu2.nanopool.org:9433
2021-02-15 16:55:43: [Statistics] Ethereum - Total speed: 60.404 MH/s, Total shares: 0 Rejected: 0, Time: 00:58
2021-02-15 16:55:46: <info>  New job from eth-eu2.nanopool.org:9433
2021-02-15 16:55:46: [Statistics] Ethereum - Total speed: 60.241 MH/s, Total shares: 0 Rejected: 0, Time: 01:01
2021-02-15 16:55:46: [Statistics] GPU0 t=46°C fan 31% power 120.63W. Total power: 120.63W
2021-02-15 16:55:49: <info>  New job from eth-eu2.nanopool.org:9433
2021-02-15 16:55:49: [Statistics] Ethereum - Total speed: 60.256 MH/s, Total shares: 0 Rejected: 0, Time: 01:04
2021-02-15 16:55:49: [Statistics] Ethereum last 10 min - Total: 60.076 MH/s.
2021-02-15 16:55:52: <info>  New job from eth-eu2.nanopool.org:9433
2021-02-15 16:55:52: [Statistics] Ethereum - Total speed: 60.098 MH/s, Total shares: 0 Rejected: 0, Time: 01:07
2021-02-15 16:55:52: [Statistics] GPU0 t=47°C fan 31% power 120.56W. Total power: 120.56W
2021-02-15 16:55:55: <info>  New job from eth-eu2.nanopool.org:9433
2021-02-15 16:55:55: [Statistics] Ethereum - Total speed: 59.888 MH/s, Total shares: 0 Rejected: 0, Time: 01:10
2021-02-15 16:55:55: <info>  New job from eth-eu2.nanopool.org:9433
2021-02-15 16:55:55: [Statistics] Ethereum - Total speed: 59.914 MH/s, Total shares: 0 Rejected: 0, Time: 01:10
2021-02-15 16:55:55: [Statistics] GPU0 t=47°C fan 30% power 120.98W. Total power: 120.98W
2021-02-15 16:55:58: <info>  New job from eth-eu2.nanopool.org:9433
2021-02-15 16:55:58: [Statistics] Ethereum - Total speed: 59.787 MH/s, Total shares: 0 Rejected: 0, Time: 01:13
2021-02-15 16:55:58: [Statistics] Ethereum last 10 min - Total: 60.066 MH/s.
2021-02-15 16:56:01: <info>  New job from eth-eu2.nanopool.org:9433
2021-02-15 16:56:01: [Statistics] Ethereum - Total speed: 59.790 MH/s, Total shares: 0 Rejected: 0, Time: 01:16
2021-02-15 16:56:01: [Statistics] GPU0 t=47°C fan 31% power 120.68W. Total power: 120.68W
2021-02-15 16:56:02: <info>  New job from eth-eu2.nanopool.org:9433
2021-02-15 16:56:02: [Statistics] Ethereum - Total speed: 59.869 MH/s, Total shares: 0 Rejected: 0, Time: 01:16
2021-02-15 16:56:02: <info>  New job from eth-eu2.nanopool.org:9433
2021-02-15 16:56:02: [Statistics] Ethereum - Total speed: 59.694 MH/s, Total shares: 0 Rejected: 0, Time: 01:16
2021-02-15 16:56:02: [Statistics] GPU0 t=47°C fan 31% power 120.25W. Total power: 120.25W
2021-02-15 16:56:06: <info>  New job from eth-eu2.nanopool.org:9433
2021-02-15 16:56:06: [Statistics] Ethereum - Total speed: 59.600 MH/s, Total shares: 0 Rejected: 0, Time: 01:20
2021-02-15 16:56:06: [Statistics] Ethereum last 10 min - Total: 60.031 MH/s.
2021-02-15 16:56:08: <info>  New job from eth-eu2.nanopool.org:9433
2021-02-15 16:56:08: [Statistics] Ethereum - Total speed: 59.654 MH/s, Total shares: 0 Rejected: 0, Time: 01:22
2021-02-15 16:56:08: [Statistics] GPU0 t=47°C fan 31% power 120.89W. Total power: 120.89W
2021-02-15 16:56:11: <info>  New job from eth-eu2.nanopool.org:9433
2021-02-15 16:56:11: [Statistics] Ethereum - Total speed: 59.368 MH/s, Total shares: 0 Rejected: 0, Time: 01:25
2021-02-15 16:56:14: <info>  New job from eth-eu2.nanopool.org:9433
2021-02-15 16:56:14: [Statistics] Ethereum - Total speed: 59.522 MH/s, Total shares: 0 Rejected: 0, Time: 01:28
2021-02-15 16:56:14: [Statistics] GPU0 t=48°C fan 31% power 121.03W. Total power: 121.03W
2021-02-15 16:56:17: <info>  New job from eth-eu2.nanopool.org:9433
2021-02-15 16:56:17: [Statistics] Ethereum - Total speed: 59.662 MH/s, Total shares: 0 Rejected: 0, Time: 01:31
2021-02-15 16:56:17: [Statistics] Ethereum last 10 min - Total: 59.963 MH/s.
2021-02-15 16:56:20: <info>  New job from eth-eu2.nanopool.org:9433
2021-02-15 16:56:20: [Statistics] Ethereum - Total speed: 59.681 MH/s, Total shares: 0 Rejected: 0, Time: 01:34
2021-02-15 16:56:20: [Statistics] GPU0 t=48°C fan 31% power 120.85W. Total power: 120.85W
2021-02-15 16:56:23: <info>  New job from eth-eu2.nanopool.org:9433
2021-02-15 16:56:23: [Statistics] Ethereum - Total speed: 59.693 MH/s, Total shares: 0 Rejected: 0, Time: 01:37
2021-02-15 16:56:26: <info>  New job from eth-eu2.nanopool.org:9433
2021-02-15 16:56:26: [Statistics] Ethereum - Total speed: 59.783 MH/s, Total shares: 0 Rejected: 0, Time: 01:40
2021-02-15 16:56:26: [Statistics] GPU0 t=49°C fan 31% power 120.66W. Total power: 120.66W
2021-02-15 16:56:29: <info>  New job from eth-eu2.nanopool.org:9433
2021-02-15 16:56:29: [Statistics] Ethereum - Total speed: 59.906 MH/s, Total shares: 0 Rejected: 0, Time: 01:44
2021-02-15 16:56:29: [Statistics] Ethereum last 10 min - Total: 59.934 MH/s.
2021-02-15 16:56:31: <info>  New job from eth-eu2.nanopool.org:9433
2021-02-15 16:56:31: [Statistics] Ethereum - Total speed: 59.870 MH/s, Total shares: 0 Rejected: 0, Time: 01:46
2021-02-15 16:56:31: [Statistics] GPU0 t=49°C fan 31% power 119.84W. Total power: 119.84W
2021-02-15 16:56:32: <info>  New job from eth-eu2.nanopool.org:9433
2021-02-15 16:56:32: [Statistics] Ethereum - Total speed: 59.782 MH/s, Total shares: 0 Rejected: 0, Time: 01:46
2021-02-15 16:56:32: <info>  New job from eth-eu2.nanopool.org:9433
2021-02-15 16:56:32: [Statistics] Ethereum - Total speed: 59.841 MH/s, Total shares: 0 Rejected: 0, Time: 01:46
2021-02-15 16:56:32: [Statistics] GPU0 t=49°C fan 31% power 118.88W. Total power: 118.88W
2021-02-15 16:56:32: <info>  New job from eth-eu2.nanopool.org:9433
2021-02-15 16:56:32: [Statistics] Ethereum - Total speed: 59.512 MH/s, Total shares: 0 Rejected: 0, Time: 01:47
2021-02-15 16:56:32: [Statistics] Ethereum last 10 min - Total: 59.932 MH/s.
2021-02-15 16:56:32: <info>  New job from eth-eu2.nanopool.org:9433
2021-02-15 16:56:32: [Statistics] Ethereum - Total speed: 59.350 MH/s, Total shares: 0 Rejected: 0, Time: 01:47
2021-02-15 16:56:32: [Statistics] GPU0 t=49°C fan 31% power 120.81W. Total power: 120.81W
2021-02-15 16:56:32: <info>  New job from eth-eu2.nanopool.org:9433
2021-02-15 16:56:32: [Statistics] Ethereum - Total speed: 59.101 MH/s, Total shares: 0 Rejected: 0, Time: 01:47
2021-02-15 16:56:36: <info>  New job from eth-eu2.nanopool.org:9433
2021-02-15 16:56:36: [Statistics] Ethereum - Total speed: 58.800 MH/s, Total shares: 0 Rejected: 0, Time: 01:50
2021-02-15 16:56:36: [Statistics] GPU0 t=49°C fan 31% power 120.35W. Total power: 120.35W
2021-02-15 16:56:38: <info>  New job from eth-eu2.nanopool.org:9433
2021-02-15 16:56:38: [Statistics] Ethereum - Total speed: 59.001 MH/s, Total shares: 0 Rejected: 0, Time: 01:53
2021-02-15 16:56:38: [Statistics] Ethereum last 10 min - Total: 59.873 MH/s.
2021-02-15 16:56:40: <info>  New job from eth-eu2.nanopool.org:9433
2021-02-15 16:56:40: [Statistics] Ethereum - Total speed: 59.024 MH/s, Total shares: 0 Rejected: 0, Time: 01:55
2021-02-15 16:56:40: [Statistics] GPU0 t=49°C fan 31% power 120.27W. Total power: 120.27W
2021-02-15 16:56:40: <info>  New job from eth-eu2.nanopool.org:9433
2021-02-15 16:56:40: [Statistics] Ethereum - Total speed: 58.984 MH/s, Total shares: 0 Rejected: 0, Time: 01:55
2021-02-15 16:56:44: <info>  New job from eth-eu2.nanopool.org:9433
2021-02-15 16:56:44: [Statistics] Ethereum - Total speed: 59.093 MH/s, Total shares: 0 Rejected: 0, Time: 01:58
2021-02-15 16:56:44: [Statistics] GPU0 t=49°C fan 31% power 121.12W. Total power: 121.12W
2021-02-15 16:56:46: <info>  New job from eth-eu2.nanopool.org:9433
2021-02-15 16:56:46: [Statistics] Ethereum - Total speed: 59.231 MH/s, Total shares: 0 Rejected: 0, Time: 02:01
2021-02-15 16:56:46: [Statistics] Ethereum last 10 min - Total: 59.816 MH/s.
2021-02-15 16:56:47: <info>  New job from eth-eu2.nanopool.org:9433
2021-02-15 16:56:47: [Statistics] Ethereum - Total speed: 59.303 MH/s, Total shares: 0 Rejected: 0, Time: 02:01
2021-02-15 16:56:47: [Statistics] GPU0 t=49°C fan 31% power 120.84W. Total power: 120.84W
2021-02-15 16:56:47: <info>  New job from eth-eu2.nanopool.org:9433
2021-02-15 16:56:47: [Statistics] Ethereum - Total speed: 59.472 MH/s, Total shares: 0 Rejected: 0, Time: 02:02
2021-02-15 16:56:50: <info>  New job from eth-eu2.nanopool.org:9433
2021-02-15 16:56:50: [Statistics] Ethereum - Total speed: 59.509 MH/s, Total shares: 0 Rejected: 0, Time: 02:04
2021-02-15 16:56:50: [Statistics] GPU0 t=49°C fan 31% power 120.18W. Total power: 120.18W
2021-02-15 16:56:53: <info>  New job from eth-eu2.nanopool.org:9433
2021-02-15 16:56:53: [Statistics] Ethereum - Total speed: 59.540 MH/s, Total shares: 0 Rejected: 0, Time: 02:08
2021-02-15 16:56:53: [Statistics] Ethereum last 10 min - Total: 59.797 MH/s.
2021-02-15 16:56:53: <info>  New job from eth-eu2.nanopool.org:9433
2021-02-15 16:56:53: [Statistics] Ethereum - Total speed: 59.537 MH/s, Total shares: 0 Rejected: 0, Time: 02:08
2021-02-15 16:56:53: [Statistics] GPU0 t=50°C fan 31% power 120.55W. Total power: 120.55W
2021-02-15 16:56:56: <info>  New job from eth-eu2.nanopool.org:9433
2021-02-15 16:56:56: [Statistics] Ethereum - Total speed: 59.280 MH/s, Total shares: 0 Rejected: 0, Time: 02:11
2021-02-15 16:56:59: <info>  New job from eth-eu2.nanopool.org:9433
2021-02-15 16:56:59: [Statistics] Ethereum - Total speed: 59.406 MH/s, Total shares: 0 Rejected: 0, Time: 02:14
2021-02-15 16:56:59: [Statistics] GPU0 t=50°C fan 31% power 120.79W. Total power: 120.79W
2021-02-15 16:57:02: <info>  New job from eth-eu2.nanopool.org:9433
2021-02-15 16:57:02: [Statistics] Ethereum - Total speed: 59.194 MH/s, Total shares: 0 Rejected: 0, Time: 02:17
2021-02-15 16:57:02: [Statistics] Ethereum last 10 min - Total: 59.765 MH/s.
2021-02-15 16:57:05: <info>  New job from eth-eu2.nanopool.org:9433
2021-02-15 16:57:05: [Statistics] Ethereum - Total speed: 58.863 MH/s, Total shares: 0 Rejected: 0, Time: 02:20
2021-02-15 16:57:05: [Statistics] GPU0 t=50°C fan 31% power 120.73W. Total power: 120.73W
2021-02-15 16:57:08: <info>  New job from eth-eu2.nanopool.org:9433
2021-02-15 16:57:08: [Statistics] Ethereum - Total speed: 58.684 MH/s, Total shares: 0 Rejected: 0, Time: 02:23
2021-02-15 16:57:11: <info>  New job from eth-eu2.nanopool.org:9433
2021-02-15 16:57:11: [Statistics] Ethereum - Total speed: 58.592 MH/s, Total shares: 0 Rejected: 0, Time: 02:26
2021-02-15 16:57:11: [Statistics] GPU0 t=50°C fan 31% power 120.80W. Total power: 120.80W
2021-02-15 16:57:12: <info>  Ethereum - SHARE FOUND (GPU: 0, nonce: 0xbefd4d4e6024ec1a).
2021-02-15 16:57:12: <info> Ethereum: share denied: Provided PoW solution is invalid! (40 ms).
2021-02-15 16:57:14: <info>  New job from eth-eu2.nanopool.org:9433
2021-02-15 16:57:14: [Statistics] Ethereum - Total speed: 58.747 MH/s, Total shares: 1 Rejected: 1, Time: 02:29
2021-02-15 16:57:14: [Statistics] Ethereum last 10 min - Total: 59.681 MH/s.
2021-02-15 16:57:17: <info>  New job from eth-eu2.nanopool.org:9433
2021-02-15 16:57:17: [Statistics] Ethereum - Total speed: 58.825 MH/s, Total shares: 1 Rejected: 1, Time: 02:32
2021-02-15 16:57:17: [Statistics] GPU0 t=50°C fan 31% power 120.91W. Total power: 120.91W
2021-02-15 16:57:21: <info>  New job from eth-eu2.nanopool.org:9433
2021-02-15 16:57:21: [Statistics] Ethereum - Total speed: 59.027 MH/s, Total shares: 1 Rejected: 1, Time: 02:35
2021-02-15 16:57:23: <info>  New job from eth-eu2.nanopool.org:9433
2021-02-15 16:57:23: [Statistics] Ethereum - Total speed: 59.167 MH/s, Total shares: 1 Rejected: 1, Time: 02:38
2021-02-15 16:57:23: [Statistics] GPU0 t=50°C fan 31% power 120.96W. Total power: 120.96W
2021-02-15 16:57:26: <info>  New job from eth-eu2.nanopool.org:9433
2021-02-15 16:57:26: [Statistics] Ethereum - Total speed: 59.188 MH/s, Total shares: 1 Rejected: 1, Time: 02:41
2021-02-15 16:57:26: [Statistics] Ethereum last 10 min - Total: 59.626 MH/s.
2021-02-15 16:57:29: <info>  New job from eth-eu2.nanopool.org:9433
2021-02-15 16:57:29: [Statistics] Ethereum - Total speed: 59.148 MH/s, Total shares: 1 Rejected: 1, Time: 02:44
2021-02-15 16:57:29: [Statistics] GPU0 t=51°C fan 31% power 120.99W. Total power: 120.99W
2021-02-15 16:57:32: <info>  New job from eth-eu2.nanopool.org:9433
2021-02-15 16:57:32: [Statistics] Ethereum - Total speed: 59.189 MH/s, Total shares: 1 Rejected: 1, Time: 02:47
2021-02-15 16:57:36: <info>  New job from eth-eu2.nanopool.org:9433
2021-02-15 16:57:36: [Statistics] Ethereum - Total speed: 59.217 MH/s, Total shares: 1 Rejected: 1, Time: 02:50
2021-02-15 16:57:36: [Statistics] GPU0 t=51°C fan 31% power 120.95W. Total power: 120.95W
2021-02-15 16:57:38: <info>  New job from eth-eu2.nanopool.org:9433
2021-02-15 16:57:38: [Statistics] Ethereum - Total speed: 59.268 MH/s, Total shares: 1 Rejected: 1, Time: 02:53
2021-02-15 16:57:38: [Statistics] Ethereum last 10 min - Total: 59.595 MH/s.
2021-02-15 16:57:41: <info>  New job from eth-eu2.nanopool.org:9433
2021-02-15 16:57:41: [Statistics] Ethereum - Total speed: 59.314 MH/s, Total shares: 1 Rejected: 1, Time: 02:56
2021-02-15 16:57:41: [Statistics] GPU0 t=51°C fan 31% power 120.77W. Total power: 120.77W
2021-02-15 16:57:44: <info>  New job from eth-eu2.nanopool.org:9433
2021-02-15 16:57:44: [Statistics] Ethereum - Total speed: 59.353 MH/s, Total shares: 1 Rejected: 1, Time: 02:59
2021-02-15 16:57:48: <info>  New job from eth-eu2.nanopool.org:9433
2021-02-15 16:57:48: [Statistics] Ethereum - Total speed: 59.389 MH/s, Total shares: 1 Rejected: 1, Time: 03:02
2021-02-15 16:57:48: [Statistics] GPU0 t=51°C fan 31% power 120.25W. Total power: 120.25W
2021-02-15 16:57:50: <info>  New job from eth-eu2.nanopool.org:9433
2021-02-15 16:57:50: [Statistics] Ethereum - Total speed: 59.208 MH/s, Total shares: 1 Rejected: 1, Time: 03:05
2021-02-15 16:57:50: [Statistics] Ethereum last 10 min - Total: 59.576 MH/s.
2021-02-15 16:57:53: <info>  New job from eth-eu2.nanopool.org:9433
2021-02-15 16:57:53: [Statistics] Ethereum - Total speed: 59.163 MH/s, Total shares: 1 Rejected: 1, Time: 03:08
2021-02-15 16:57:53: [Statistics] GPU0 t=51°C fan 31% power 120.35W. Total power: 120.35W
2021-02-15 16:57:56: <info>  New job from eth-eu2.nanopool.org:9433
2021-02-15 16:57:56: [Statistics] Ethereum - Total speed: 59.036 MH/s, Total shares: 1 Rejected: 1, Time: 03:11
2021-02-15 16:57:59: <info>  New job from eth-eu2.nanopool.org:9433
2021-02-15 16:57:59: [Statistics] Ethereum - Total speed: 58.830 MH/s, Total shares: 1 Rejected: 1, Time: 03:14
2021-02-15 16:57:59: [Statistics] GPU0 t=51°C fan 31% power 120.73W. Total power: 120.73W
2021-02-15 16:58:02: <info>  New job from eth-eu2.nanopool.org:9433
2021-02-15 16:58:02: [Statistics] Ethereum - Total speed: 58.747 MH/s, Total shares: 1 Rejected: 1, Time: 03:17
2021-02-15 16:58:02: [Statistics] Ethereum last 10 min - Total: 59.540 MH/s.
2021-02-15 16:58:05: <info>  New job from eth-eu2.nanopool.org:9433
2021-02-15 16:58:05: [Statistics] Ethereum - Total speed: 58.775 MH/s, Total shares: 1 Rejected: 1, Time: 03:20
2021-02-15 16:58:05: [Statistics] GPU0 t=51°C fan 31% power 120.14W. Total power: 120.14W
2021-02-15 16:58:08: <info>  New job from eth-eu2.nanopool.org:9433
2021-02-15 16:58:08: [Statistics] Ethereum - Total speed: 58.767 MH/s, Total shares: 1 Rejected: 1, Time: 03:23
2021-02-15 16:58:09: <info>  New job from eth-eu2.nanopool.org:9433
2021-02-15 16:58:09: [Statistics] Ethereum - Total speed: 58.837 MH/s, Total shares: 1 Rejected: 1, Time: 03:24
2021-02-15 16:58:09: [Statistics] GPU0 t=51°C fan 31% power 120.38W. Total power: 120.38W
2021-02-15 16:58:09: <info>  New job from eth-eu2.nanopool.org:9433
2021-02-15 16:58:09: [Statistics] Ethereum - Total speed: 58.873 MH/s, Total shares: 1 Rejected: 1, Time: 03:24
2021-02-15 16:58:09: [Statistics] Ethereum last 10 min - Total: 59.512 MH/s.
2021-02-15 16:58:13: <info>  New job from eth-eu2.nanopool.org:9433
2021-02-15 16:58:13: [Statistics] Ethereum - Total speed: 58.835 MH/s, Total shares: 1 Rejected: 1, Time: 03:27
2021-02-15 16:58:13: [Statistics] GPU0 t=51°C fan 31% power 120.88W. Total power: 120.88W
2021-02-15 16:58:13: <info>  New job from eth-eu2.nanopool.org:9433
2021-02-15 16:58:13: [Statistics] Ethereum - Total speed: 58.759 MH/s, Total shares: 1 Rejected: 1, Time: 03:27
2021-02-15 16:58:13: <info>  New job from eth-eu2.nanopool.org:9433
2021-02-15 16:58:13: [Statistics] Ethereum - Total speed: 58.784 MH/s, Total shares: 1 Rejected: 1, Time: 03:27
2021-02-15 16:58:13: [Statistics] GPU0 t=52°C fan 31% power 120.76W. Total power: 120.76W
2021-02-15 16:58:16: <info>  New job from eth-eu2.nanopool.org:9433
2021-02-15 16:58:16: [Statistics] Ethereum - Total speed: 58.809 MH/s, Total shares: 1 Rejected: 1, Time: 03:30
2021-02-15 16:58:16: [Statistics] Ethereum last 10 min - Total: 59.490 MH/s.
2021-02-15 16:58:19: <info>  New job from eth-eu2.nanopool.org:9433
2021-02-15 16:58:19: [Statistics] Ethereum - Total speed: 58.880 MH/s, Total shares: 1 Rejected: 1, Time: 03:33
2021-02-15 16:58:19: [Statistics] GPU0 t=52°C fan 31% power 120.80W. Total power: 120.80W
2021-02-15 16:58:22: <info>  New job from eth-eu2.nanopool.org:9433
2021-02-15 16:58:22: [Statistics] Ethereum - Total speed: 58.828 MH/s, Total shares: 1 Rejected: 1, Time: 03:36
2021-02-15 16:58:25: <info>  New job from eth-eu2.nanopool.org:9433
2021-02-15 16:58:25: [Statistics] Ethereum - Total speed: 58.839 MH/s, Total shares: 1 Rejected: 1, Time: 03:39
2021-02-15 16:58:25: [Statistics] GPU0 t=52°C fan 31% power 120.81W. Total power: 120.81W
2021-02-15 16:58:28: <info>  New job from eth-eu2.nanopool.org:9433
2021-02-15 16:58:28: [Statistics] Ethereum - Total speed: 58.888 MH/s, Total shares: 1 Rejected: 1, Time: 03:42
2021-02-15 16:58:28: [Statistics] Ethereum last 10 min - Total: 59.454 MH/s.
2021-02-15 16:58:28: <info>  New job from eth-eu2.nanopool.org:9433
2021-02-15 16:58:28: [Statistics] Ethereum - Total speed: 58.881 MH/s, Total shares: 1 Rejected: 1, Time: 03:42
2021-02-15 16:58:28: [Statistics] GPU0 t=52°C fan 31% power 120.40W. Total power: 120.40W
2021-02-15 16:58:31: <info>  New job from eth-eu2.nanopool.org:9433
2021-02-15 16:58:31: [Statistics] Ethereum - Total speed: 58.929 MH/s, Total shares: 1 Rejected: 1, Time: 03:45
2021-02-15 16:58:34: <info>  New job from eth-eu2.nanopool.org:9433
2021-02-15 16:58:34: [Statistics] Ethereum - Total speed: 58.955 MH/s, Total shares: 1 Rejected: 1, Time: 03:48
2021-02-15 16:58:34: [Statistics] GPU0 t=52°C fan 31% power 120.62W. Total power: 120.62W
2021-02-15 16:58:37: <info>  New job from eth-eu2.nanopool.org:9433
2021-02-15 16:58:37: [Statistics] Ethereum - Total speed: 58.832 MH/s, Total shares: 1 Rejected: 1, Time: 03:51
2021-02-15 16:58:37: [Statistics] Ethereum last 10 min - Total: 59.432 MH/s.
2021-02-15 16:58:40: <info>  New job from eth-eu2.nanopool.org:9433
2021-02-15 16:58:40: [Statistics] Ethereum - Total speed: 58.911 MH/s, Total shares: 1 Rejected: 1, Time: 03:54
2021-02-15 16:58:40: [Statistics] GPU0 t=52°C fan 31% power 121.07W. Total power: 121.07W
2021-02-15 16:58:43: <info>  New job from eth-eu2.nanopool.org:9433
2021-02-15 16:58:43: [Statistics] Ethereum - Total speed: 58.832 MH/s, Total shares: 1 Rejected: 1, Time: 03:57
2021-02-15 16:58:46: <info>  New job from eth-eu2.nanopool.org:9433
2021-02-15 16:58:46: [Statistics] Ethereum - Total speed: 58.697 MH/s, Total shares: 1 Rejected: 1, Time: 04:00
2021-02-15 16:58:46: [Statistics] GPU0 t=52°C fan 31% power 120.62W. Total power: 120.62W
2021-02-15 16:58:49: <info>  New job from eth-eu2.nanopool.org:9433
2021-02-15 16:58:49: [Statistics] Ethereum - Total speed: 58.518 MH/s, Total shares: 1 Rejected: 1, Time: 04:03
2021-02-15 16:58:49: [Statistics] Ethereum last 10 min - Total: 59.398 MH/s.
2021-02-15 16:58:51: <info>  New job from eth-eu2.nanopool.org:9433
2021-02-15 16:58:51: [Statistics] Ethereum - Total speed: 58.285 MH/s, Total shares: 1 Rejected: 1, Time: 04:06
2021-02-15 16:58:51: [Statistics] GPU0 t=52°C fan 31% power 120.65W. Total power: 120.65W
2021-02-15 16:58:51: <info>  New job from eth-eu2.nanopool.org:9433
2021-02-15 16:58:51: [Statistics] Ethereum - Total speed: 58.179 MH/s, Total shares: 1 Rejected: 1, Time: 04:06
2021-02-15 16:58:54: <info>  New job from eth-eu2.nanopool.org:9433
2021-02-15 16:58:54: [Statistics] Ethereum - Total speed: 58.270 MH/s, Total shares: 1 Rejected: 1, Time: 04:09
2021-02-15 16:58:54: [Statistics] GPU0 t=52°C fan 31% power 120.86W. Total power: 120.86W
2021-02-15 16:58:58: <info>  New job from eth-eu2.nanopool.org:9433
2021-02-15 16:58:58: [Statistics] Ethereum - Total speed: 58.413 MH/s, Total shares: 1 Rejected: 1, Time: 04:12
2021-02-15 16:58:58: [Statistics] Ethereum last 10 min - Total: 59.360 MH/s.
2021-02-15 16:59:01: <info>  New job from eth-eu2.nanopool.org:9433
2021-02-15 16:59:01: [Statistics] Ethereum - Total speed: 58.485 MH/s, Total shares: 1 Rejected: 1, Time: 04:15
2021-02-15 16:59:01: [Statistics] GPU0 t=52°C fan 31% power 120.95W. Total power: 120.95W
2021-02-15 16:59:03: <info>  New job from eth-eu2.nanopool.org:9433
2021-02-15 16:59:03: [Statistics] Ethereum - Total speed: 58.576 MH/s, Total shares: 1 Rejected: 1, Time: 04:18
2021-02-15 16:59:06: <info>  New job from eth-eu2.nanopool.org:9433
2021-02-15 16:59:06: [Statistics] Ethereum - Total speed: 58.469 MH/s, Total shares: 1 Rejected: 1, Time: 04:21
2021-02-15 16:59:06: [Statistics] GPU0 t=52°C fan 31% power 119.96W. Total power: 119.96W
2021-02-15 16:59:10: <info>  New job from eth-eu2.nanopool.org:9433
2021-02-15 16:59:10: [Statistics] Ethereum - Total speed: 58.508 MH/s, Total shares: 1 Rejected: 1, Time: 04:24
2021-02-15 16:59:10: [Statistics] Ethereum last 10 min - Total: 59.319 MH/s.
2021-02-15 16:59:10: <info>  New job from eth-eu2.nanopool.org:9433
2021-02-15 16:59:10: [Statistics] Ethereum - Total speed: 58.414 MH/s, Total shares: 1 Rejected: 1, Time: 04:24
2021-02-15 16:59:10: [Statistics] GPU0 t=52°C fan 31% power 120.88W. Total power: 120.88W
2021-02-15 16:59:11: <info>  New job from eth-eu2.nanopool.org:9433
2021-02-15 16:59:11: [Statistics] Ethereum - Total speed: 58.250 MH/s, Total shares: 1 Rejected: 1, Time: 04:25
2021-02-15 16:59:13: <info>  New job from eth-eu2.nanopool.org:9433
2021-02-15 16:59:13: [Statistics] Ethereum - Total speed: 58.286 MH/s, Total shares: 1 Rejected: 1, Time: 04:27
2021-02-15 16:59:13: [Statistics] GPU0 t=52°C fan 31% power 119.48W. Total power: 119.48W
2021-02-15 16:59:15: <info>  New job from eth-eu2.nanopool.org:9433
2021-02-15 16:59:15: [Statistics] Ethereum - Total speed: 58.147 MH/s, Total shares: 1 Rejected: 1, Time: 04:30
2021-02-15 16:59:15: [Statistics] Ethereum last 10 min - Total: 59.297 MH/s.
2021-02-15 16:59:15: <info>  New job from eth-eu2.nanopool.org:9433
2021-02-15 16:59:15: [Statistics] Ethereum - Total speed: 58.237 MH/s, Total shares: 1 Rejected: 1, Time: 04:30
2021-02-15 16:59:15: [Statistics] GPU0 t=52°C fan 31% power 120.33W. Total power: 120.33W
2021-02-15 16:59:18: <info>  New job from eth-eu2.nanopool.org:9433
2021-02-15 16:59:18: [Statistics] Ethereum - Total speed: 58.201 MH/s, Total shares: 1 Rejected: 1, Time: 04:33
2021-02-15 16:59:19: <info>  New job from eth-eu2.nanopool.org:9433
2021-02-15 16:59:19: [Statistics] Ethereum - Total speed: 58.341 MH/s, Total shares: 1 Rejected: 1, Time: 04:33
2021-02-15 16:59:19: [Statistics] GPU0 t=52°C fan 31% power 121.11W. Total power: 121.11W
2021-02-15 16:59:19: <info>  New job from eth-eu2.nanopool.org:9433
2021-02-15 16:59:19: [Statistics] Ethereum - Total speed: 58.339 MH/s, Total shares: 1 Rejected: 1, Time: 04:33
2021-02-15 16:59:19: [Statistics] Ethereum last 10 min - Total: 59.282 MH/s.
2021-02-15 16:59:22: <info>  New job from eth-eu2.nanopool.org:9433
2021-02-15 16:59:22: [Statistics] Ethereum - Total speed: 58.361 MH/s, Total shares: 1 Rejected: 1, Time: 04:36
2021-02-15 16:59:22: [Statistics] GPU0 t=53°C fan 31% power 119.45W. Total power: 119.45W
2021-02-15 16:59:25: <info>  New job from eth-eu2.nanopool.org:9433
2021-02-15 16:59:25: [Statistics] Ethereum - Total speed: 58.089 MH/s, Total shares: 1 Rejected: 1, Time: 04:39
2021-02-15 16:59:28: <info>  New job from eth-eu2.nanopool.org:9433
2021-02-15 16:59:28: [Statistics] Ethereum - Total speed: 57.593 MH/s, Total shares: 1 Rejected: 1, Time: 04:42
2021-02-15 16:59:28: [Statistics] GPU0 t=52°C fan 31% power 120.41W. Total power: 120.41W
2021-02-15 16:59:31: <info>  New job from eth-eu2.nanopool.org:9433
2021-02-15 16:59:31: [Statistics] Ethereum - Total speed: 57.752 MH/s, Total shares: 1 Rejected: 1, Time: 04:45
2021-02-15 16:59:31: [Statistics] Ethereum last 10 min - Total: 59.228 MH/s.
2021-02-15 16:59:34: <info>  New job from eth-eu2.nanopool.org:9433
2021-02-15 16:59:34: [Statistics] Ethereum - Total speed: 57.788 MH/s, Total shares: 1 Rejected: 1, Time: 04:48
2021-02-15 16:59:34: [Statistics] GPU0 t=52°C fan 31% power 120.65W. Total power: 120.65W
2021-02-15 16:59:37: <info>  New job from eth-eu2.nanopool.org:9433
2021-02-15 16:59:37: [Statistics] Ethereum - Total speed: 57.581 MH/s, Total shares: 1 Rejected: 1, Time: 04:51
2021-02-15 16:59:40: <info>  New job from eth-eu2.nanopool.org:9433
2021-02-15 16:59:40: [Statistics] Ethereum - Total speed: 57.773 MH/s, Total shares: 1 Rejected: 1, Time: 04:54
2021-02-15 16:59:40: [Statistics] GPU0 t=52°C fan 31% power 121.00W. Total power: 121.00W
2021-02-15 16:59:41: <info>  New job from eth-eu2.nanopool.org:9433
2021-02-15 16:59:41: [Statistics] Ethereum - Total speed: 57.938 MH/s, Total shares: 1 Rejected: 1, Time: 04:56
2021-02-15 16:59:41: [Statistics] Ethereum last 10 min - Total: 59.173 MH/s.
2021-02-15 16:59:41: <info>  New job from eth-eu2.nanopool.org:9433
2021-02-15 16:59:41: [Statistics] Ethereum - Total speed: 57.183 MH/s, Total shares: 1 Rejected: 1, Time: 04:56
2021-02-15 16:59:41: [Statistics] GPU0 t=52°C fan 31% power 121.02W. Total power: 121.02W
2021-02-15 16:59:44: <info>  New job from eth-eu2.nanopool.org:9433
2021-02-15 16:59:44: [Statistics] Ethereum - Total speed: 57.307 MH/s, Total shares: 1 Rejected: 1, Time: 04:59
2021-02-15 16:59:47: <info>  New job from eth-eu2.nanopool.org:9433
2021-02-15 16:59:47: [Statistics] Ethereum - Total speed: 57.536 MH/s, Total shares: 1 Rejected: 1, Time: 05:02
2021-02-15 16:59:47: [Statistics] GPU0 t=53°C fan 31% power 120.65W. Total power: 120.65W
2021-02-15 16:59:50: <info>  New job from eth-eu2.nanopool.org:9433
2021-02-15 16:59:50: [Statistics] Ethereum - Total speed: 57.638 MH/s, Total shares: 1 Rejected: 1, Time: 05:05
2021-02-15 16:59:50: [Statistics] Ethereum last 10 min - Total: 59.120 MH/s.
2021-02-15 16:59:53: <info>  New job from eth-eu2.nanopool.org:9433
2021-02-15 16:59:53: [Statistics] Ethereum - Total speed: 57.611 MH/s, Total shares: 1 Rejected: 1, Time: 05:07
2021-02-15 16:59:53: [Statistics] GPU0 t=53°C fan 31% power 118.95W. Total power: 118.95W
2021-02-15 16:59:53: <info>  New job from eth-eu2.nanopool.org:9433
2021-02-15 16:59:53: [Statistics] Ethereum - Total speed: 57.465 MH/s, Total shares: 1 Rejected: 1, Time: 05:08
2021-02-15 16:59:56: <info>  New job from eth-eu2.nanopool.org:9433
2021-02-15 16:59:56: [Statistics] Ethereum - Total speed: 57.490 MH/s, Total shares: 1 Rejected: 1, Time: 05:11
2021-02-15 16:59:56: [Statistics] GPU0 t=53°C fan 31% power 120.87W. Total power: 120.87W
2021-02-15 16:59:56: <info>  New job from eth-eu2.nanopool.org:9433
2021-02-15 16:59:56: [Statistics] Ethereum - Total speed: 57.668 MH/s, Total shares: 1 Rejected: 1, Time: 05:11
2021-02-15 16:59:56: [Statistics] Ethereum last 10 min - Total: 59.088 MH/s.
2021-02-15 16:59:57: <info>  New job from eth-eu2.nanopool.org:9433
2021-02-15 16:59:57: [Statistics] Ethereum - Total speed: 57.692 MH/s, Total shares: 1 Rejected: 1, Time: 05:12
2021-02-15 16:59:57: [Statistics] GPU0 t=53°C fan 31% power 121.08W. Total power: 121.08W
2021-02-15 16:59:59: <info>  New job from eth-eu2.nanopool.org:9433
2021-02-15 16:59:59: [Statistics] Ethereum - Total speed: 57.839 MH/s, Total shares: 1 Rejected: 1, Time: 05:14
2021-02-15 17:00:03: <info>  New job from eth-eu2.nanopool.org:9433
2021-02-15 17:00:03: [Statistics] Ethereum - Total speed: 57.986 MH/s, Total shares: 1 Rejected: 1, Time: 05:17
2021-02-15 17:00:03: [Statistics] GPU0 t=53°C fan 31% power 120.50W. Total power: 120.50W
2021-02-15 17:00:05: <info>  New job from eth-eu2.nanopool.org:9433
2021-02-15 17:00:05: [Statistics] Ethereum - Total speed: 58.116 MH/s, Total shares: 1 Rejected: 1, Time: 05:20
2021-02-15 17:00:05: [Statistics] Ethereum last 10 min - Total: 59.053 MH/s.
2021-02-15 17:00:08: <info>  New job from eth-eu2.nanopool.org:9433
2021-02-15 17:00:08: [Statistics] Ethereum - Total speed: 57.998 MH/s, Total shares: 1 Rejected: 1, Time: 05:23
2021-02-15 17:00:08: [Statistics] GPU0 t=53°C fan 31% power 120.63W. Total power: 120.63W
2021-02-15 17:00:11: <info>  New job from eth-eu2.nanopool.org:9433
2021-02-15 17:00:11: [Statistics] Ethereum - Total speed: 58.168 MH/s, Total shares: 1 Rejected: 1, Time: 05:26
2021-02-15 17:00:14: <info>  New job from eth-eu2.nanopool.org:9433
2021-02-15 17:00:14: [Statistics] Ethereum - Total speed: 58.318 MH/s, Total shares: 1 Rejected: 1, Time: 05:29
2021-02-15 17:00:14: [Statistics] GPU0 t=53°C fan 31% power 121.20W. Total power: 121.20W
2021-02-15 17:00:17: <info>  New job from eth-eu2.nanopool.org:9433
2021-02-15 17:00:17: [Statistics] Ethereum - Total speed: 58.449 MH/s, Total shares: 1 Rejected: 1, Time: 05:32
2021-02-15 17:00:17: [Statistics] Ethereum last 10 min - Total: 59.021 MH/s.
2021-02-15 17:00:20: <info>  New job from eth-eu2.nanopool.org:9433
2021-02-15 17:00:20: [Statistics] Ethereum - Total speed: 58.341 MH/s, Total shares: 1 Rejected: 1, Time: 05:35
2021-02-15 17:00:20: [Statistics] GPU0 t=53°C fan 31% power 120.64W. Total power: 120.64W
2021-02-15 17:00:23: <info>  New job from eth-eu2.nanopool.org:9433
2021-02-15 17:00:23: [Statistics] Ethereum - Total speed: 58.412 MH/s, Total shares: 1 Rejected: 1, Time: 05:38
2021-02-15 17:00:26: <info>  New job from eth-eu2.nanopool.org:9433
2021-02-15 17:00:26: [Statistics] Ethereum - Total speed: 58.377 MH/s, Total shares: 1 Rejected: 1, Time: 05:41
2021-02-15 17:00:26: [Statistics] GPU0 t=53°C fan 31% power 120.07W. Total power: 120.07W
2021-02-15 17:00:29: <info>  New job from eth-eu2.nanopool.org:9433
2021-02-15 17:00:29: [Statistics] Ethereum - Total speed: 58.363 MH/s, Total shares: 1 Rejected: 1, Time: 05:44
2021-02-15 17:00:29: [Statistics] Ethereum last 10 min - Total: 58.998 MH/s.
2021-02-15 17:00:32: <info>  New job from eth-eu2.nanopool.org:9433
2021-02-15 17:00:32: [Statistics] Ethereum - Total speed: 58.485 MH/s, Total shares: 1 Rejected: 1, Time: 05:47
2021-02-15 17:00:32: [Statistics] GPU0 t=53°C fan 31% power 120.76W. Total power: 120.76W
2021-02-15 17:00:35: <info>  New job from eth-eu2.nanopool.org:9433
2021-02-15 17:00:35: [Statistics] Ethereum - Total speed: 58.591 MH/s, Total shares: 1 Rejected: 1, Time: 05:50
2021-02-15 17:00:39: <info>  New job from eth-eu2.nanopool.org:9433
2021-02-15 17:00:39: [Statistics] Ethereum - Total speed: 58.549 MH/s, Total shares: 1 Rejected: 1, Time: 05:53
2021-02-15 17:00:39: [Statistics] GPU0 t=53°C fan 31% power 120.48W. Total power: 120.48W
2021-02-15 17:00:41: <info>  New job from eth-eu2.nanopool.org:9433
2021-02-15 17:00:41: [Statistics] Ethereum - Total speed: 58.652 MH/s, Total shares: 1 Rejected: 1, Time: 05:56
2021-02-15 17:00:41: [Statistics] Ethereum last 10 min - Total: 58.982 MH/s.
2021-02-15 17:00:44: <info>  New job from eth-eu2.nanopool.org:9433
2021-02-15 17:00:44: [Statistics] Ethereum - Total speed: 58.503 MH/s, Total shares: 1 Rejected: 1, Time: 05:59
2021-02-15 17:00:44: [Statistics] GPU0 t=53°C fan 31% power 120.26W. Total power: 120.26W
2021-02-15 17:00:47: <info>  New job from eth-eu2.nanopool.org:9433
2021-02-15 17:00:47: [Statistics] Ethereum - Total speed: 58.411 MH/s, Total shares: 1 Rejected: 1, Time: 06:02
2021-02-15 17:00:50: <info>  New job from eth-eu2.nanopool.org:9433
2021-02-15 17:00:50: [Statistics] Ethereum - Total speed: 58.230 MH/s, Total shares: 1 Rejected: 1, Time: 06:05
2021-02-15 17:00:50: [Statistics] GPU0 t=53°C fan 31% power 120.88W. Total power: 120.88W
2021-02-15 17:00:53: <info>  New job from eth-eu2.nanopool.org:9433
2021-02-15 17:00:53: [Statistics] Ethereum - Total speed: 58.359 MH/s, Total shares: 1 Rejected: 1, Time: 06:08
2021-02-15 17:00:53: [Statistics] Ethereum last 10 min - Total: 58.963 MH/s.
2021-02-15 17:00:56: <info>  New job from eth-eu2.nanopool.org:9433
2021-02-15 17:00:56: [Statistics] Ethereum - Total speed: 58.485 MH/s, Total shares: 1 Rejected: 1, Time: 06:11
2021-02-15 17:00:56: [Statistics] GPU0 t=53°C fan 31% power 120.19W. Total power: 120.19W
2021-02-15 17:00:57: <info>  New job from eth-eu2.nanopool.org:9433
2021-02-15 17:00:57: [Statistics] Ethereum - Total speed: 58.599 MH/s, Total shares: 1 Rejected: 1, Time: 06:12
2021-02-15 17:00:57: <info>  New job from eth-eu2.nanopool.org:9433
2021-02-15 17:00:57: [Statistics] Ethereum - Total speed: 58.700 MH/s, Total shares: 1 Rejected: 1, Time: 06:12
2021-02-15 17:00:57: [Statistics] GPU0 t=53°C fan 31% power 121.05W. Total power: 121.05W
2021-02-15 17:01:01: <info>  New job from eth-eu2.nanopool.org:9433
2021-02-15 17:01:01: [Statistics] Ethereum - Total speed: 58.722 MH/s, Total shares: 1 Rejected: 1, Time: 06:15
2021-02-15 17:01:01: [Statistics] Ethereum last 10 min - Total: 58.955 MH/s.
2021-02-15 17:01:03: <info>  New job from eth-eu2.nanopool.org:9433
2021-02-15 17:01:03: [Statistics] Ethereum - Total speed: 58.800 MH/s, Total shares: 1 Rejected: 1, Time: 06:18
2021-02-15 17:01:03: [Statistics] GPU0 t=53°C fan 31% power 120.54W. Total power: 120.54W
2021-02-15 17:01:03: <info>  New job from eth-eu2.nanopool.org:9433
2021-02-15 17:01:03: [Statistics] Ethereum - Total speed: 58.800 MH/s, Total shares: 1 Rejected: 1, Time: 06:18
2021-02-15 17:01:03: <info>  New job from eth-eu2.nanopool.org:9433
2021-02-15 17:01:03: [Statistics] Ethereum - Total speed: 58.867 MH/s, Total shares: 1 Rejected: 1, Time: 06:18
2021-02-15 17:01:03: [Statistics] GPU0 t=53°C fan 31% power 121.15W. Total power: 121.15W
2021-02-15 17:01:06: <info>  New job from eth-eu2.nanopool.org:9433
2021-02-15 17:01:06: [Statistics] Ethereum - Total speed: 58.843 MH/s, Total shares: 1 Rejected: 1, Time: 06:21
2021-02-15 17:01:06: [Statistics] Ethereum last 10 min - Total: 58.953 MH/s.
2021-02-15 17:01:09: <info>  New job from eth-eu2.nanopool.org:9433
2021-02-15 17:01:09: [Statistics] Ethereum - Total speed: 58.921 MH/s, Total shares: 1 Rejected: 1, Time: 06:24
2021-02-15 17:01:09: [Statistics] GPU0 t=53°C fan 31% power 120.06W. Total power: 120.06W
2021-02-15 17:01:12: <info>  New job from eth-eu2.nanopool.org:9433
2021-02-15 17:01:12: [Statistics] Ethereum - Total speed: 58.990 MH/s, Total shares: 1 Rejected: 1, Time: 06:27
2021-02-15 17:01:13: <info>  New job from eth-eu2.nanopool.org:9433
2021-02-15 17:01:13: [Statistics] Ethereum - Total speed: 59.050 MH/s, Total shares: 1 Rejected: 1, Time: 06:28
2021-02-15 17:01:13: [Statistics] GPU0 t=53°C fan 31% power 120.57W. Total power: 120.57W
2021-02-15 17:01:14: <info>  New job from eth-eu2.nanopool.org:9433
2021-02-15 17:01:14: [Statistics] Ethereum - Total speed: 59.105 MH/s, Total shares: 1 Rejected: 1, Time: 06:28
2021-02-15 17:01:14: [Statistics] Ethereum last 10 min - Total: 58.953 MH/s.
2021-02-15 17:01:15: <info>  New job from eth-eu2.nanopool.org:9433
2021-02-15 17:01:15: [Statistics] Ethereum - Total speed: 59.131 MH/s, Total shares: 1 Rejected: 1, Time: 06:29
2021-02-15 17:01:15: [Statistics] GPU0 t=53°C fan 31% power 120.67W. Total power: 120.67W
2021-02-15 17:01:15: <info>  New job from eth-eu2.nanopool.org:9433
2021-02-15 17:01:15: [Statistics] Ethereum - Total speed: 59.184 MH/s, Total shares: 1 Rejected: 1, Time: 06:29
2021-02-15 17:01:17: <info>  New job from eth-eu2.nanopool.org:9433
2021-02-15 17:01:17: [Statistics] Ethereum - Total speed: 59.179 MH/s, Total shares: 1 Rejected: 1, Time: 06:32
2021-02-15 17:01:17: [Statistics] GPU0 t=53°C fan 31% power 120.89W. Total power: 120.89W
2021-02-15 17:01:18: <info>  New job from eth-eu2.nanopool.org:9433
2021-02-15 17:01:18: [Statistics] Ethereum - Total speed: 59.222 MH/s, Total shares: 1 Rejected: 1, Time: 06:32
2021-02-15 17:01:18: [Statistics] Ethereum last 10 min - Total: 58.955 MH/s.
2021-02-15 17:01:21: <info>  New job from eth-eu2.nanopool.org:9433
2021-02-15 17:01:21: [Statistics] Ethereum - Total speed: 59.185 MH/s, Total shares: 1 Rejected: 1, Time: 06:36
2021-02-15 17:01:21: [Statistics] GPU0 t=53°C fan 31% power 120.89W. Total power: 120.89W
2021-02-15 17:01:23: <info>  New job from eth-eu2.nanopool.org:9433
2021-02-15 17:01:23: [Statistics] Ethereum - Total speed: 59.233 MH/s, Total shares: 1 Rejected: 1, Time: 06:38
2021-02-15 17:01:26: <info>  New job from eth-eu2.nanopool.org:9433
2021-02-15 17:01:26: [Statistics] Ethereum - Total speed: 59.267 MH/s, Total shares: 1 Rejected: 1, Time: 06:40
2021-02-15 17:01:26: [Statistics] GPU0 t=53°C fan 31% power 120.06W. Total power: 120.06W
2021-02-15 17:01:26: <info>  New job from eth-eu2.nanopool.org:9433
2021-02-15 17:01:26: [Statistics] Ethereum - Total speed: 59.300 MH/s, Total shares: 1 Rejected: 1, Time: 06:40
2021-02-15 17:01:26: [Statistics] Ethereum last 10 min - Total: 58.961 MH/s.
2021-02-15 17:01:29: <info>  New job from eth-eu2.nanopool.org:9433
2021-02-15 17:01:29: [Statistics] Ethereum - Total speed: 59.311 MH/s, Total shares: 1 Rejected: 1, Time: 06:44
2021-02-15 17:01:29: [Statistics] GPU0 t=53°C fan 31% power 121.27W. Total power: 121.27W
2021-02-15 17:01:32: <info>  New job from eth-eu2.nanopool.org:9433
2021-02-15 17:01:32: [Statistics] Ethereum - Total speed: 59.344 MH/s, Total shares: 1 Rejected: 1, Time: 06:46
2021-02-15 17:01:35: <info>  New job from eth-eu2.nanopool.org:9433
2021-02-15 17:01:35: [Statistics] Ethereum - Total speed: 59.372 MH/s, Total shares: 1 Rejected: 1, Time: 06:49
2021-02-15 17:01:35: [Statistics] GPU0 t=53°C fan 31% power 120.22W. Total power: 120.22W
2021-02-15 17:01:38: <info>  New job from eth-eu2.nanopool.org:9433
2021-02-15 17:01:38: [Statistics] Ethereum - Total speed: 59.397 MH/s, Total shares: 1 Rejected: 1, Time: 06:52
2021-02-15 17:01:38: [Statistics] Ethereum last 10 min - Total: 58.972 MH/s.
2021-02-15 17:01:41: <info>  New job from eth-eu2.nanopool.org:9433
2021-02-15 17:01:41: [Statistics] Ethereum - Total speed: 59.405 MH/s, Total shares: 1 Rejected: 1, Time: 06:56
2021-02-15 17:01:41: [Statistics] GPU0 t=53°C fan 31% power 120.33W. Total power: 120.33W
2021-02-15 17:01:44: <info>  New job from eth-eu2.nanopool.org:9433
2021-02-15 17:01:44: [Statistics] Ethereum - Total speed: 59.429 MH/s, Total shares: 1 Rejected: 1, Time: 06:58
2021-02-15 17:01:47: <info>  New job from eth-eu2.nanopool.org:9433
2021-02-15 17:01:47: [Statistics] Ethereum - Total speed: 59.452 MH/s, Total shares: 1 Rejected: 1, Time: 07:01
2021-02-15 17:01:47: [Statistics] GPU0 t=53°C fan 31% power 121.18W. Total power: 121.18W
2021-02-15 17:01:49: <info>  New job from eth-eu2.nanopool.org:9433
2021-02-15 17:01:49: [Statistics] Ethereum - Total speed: 59.469 MH/s, Total shares: 1 Rejected: 1, Time: 07:04
2021-02-15 17:01:49: [Statistics] Ethereum last 10 min - Total: 58.984 MH/s.
2021-02-15 17:01:49: <info>  New job from eth-eu2.nanopool.org:9433
2021-02-15 17:01:49: [Statistics] Ethereum - Total speed: 59.488 MH/s, Total shares: 1 Rejected: 1, Time: 07:04
2021-02-15 17:01:49: [Statistics] GPU0 t=53°C fan 31% power 120.37W. Total power: 120.37W
2021-02-15 17:01:52: <info>  New job from eth-eu2.nanopool.org:9433
2021-02-15 17:01:52: [Statistics] Ethereum - Total speed: 59.429 MH/s, Total shares: 1 Rejected: 1, Time: 07:07
2021-02-15 17:01:55: <info>  New job from eth-eu2.nanopool.org:9433
2021-02-15 17:01:55: [Statistics] Ethereum - Total speed: 59.439 MH/s, Total shares: 1 Rejected: 1, Time: 07:10
2021-02-15 17:01:55: [Statistics] GPU0 t=53°C fan 31% power 120.31W. Total power: 120.31W
2021-02-15 17:01:58: <info>  New job from eth-eu2.nanopool.org:9433
2021-02-15 17:01:58: [Statistics] Ethereum - Total speed: 59.452 MH/s, Total shares: 1 Rejected: 1, Time: 07:13
2021-02-15 17:01:58: [Statistics] Ethereum last 10 min - Total: 58.994 MH/s.
2021-02-15 17:02:01: <info>  New job from eth-eu2.nanopool.org:9433
2021-02-15 17:02:01: [Statistics] Ethereum - Total speed: 59.471 MH/s, Total shares: 1 Rejected: 1, Time: 07:16
2021-02-15 17:02:01: [Statistics] GPU0 t=53°C fan 31% power 121.13W. Total power: 121.13W
2021-02-15 17:02:04: <info>  New job from eth-eu2.nanopool.org:9433
2021-02-15 17:02:04: [Statistics] Ethereum - Total speed: 59.476 MH/s, Total shares: 1 Rejected: 1, Time: 07:19
2021-02-15 17:02:07: <info>  New job from eth-eu2.nanopool.org:9433
2021-02-15 17:02:07: [Statistics] Ethereum - Total speed: 59.481 MH/s, Total shares: 1 Rejected: 1, Time: 07:22
2021-02-15 17:02:07: [Statistics] GPU0 t=53°C fan 31% power 121.19W. Total power: 121.19W
2021-02-15 17:02:10: <info>  New job from eth-eu2.nanopool.org:9433
2021-02-15 17:02:10: [Statistics] Ethereum - Total speed: 59.484 MH/s, Total shares: 1 Rejected: 1, Time: 07:25
2021-02-15 17:02:10: [Statistics] Ethereum last 10 min - Total: 59.007 MH/s.
2021-02-15 17:02:13: <info>  New job from eth-eu2.nanopool.org:9433
2021-02-15 17:02:13: [Statistics] Ethereum - Total speed: 59.484 MH/s, Total shares: 1 Rejected: 1, Time: 07:28
2021-02-15 17:02:13: [Statistics] GPU0 t=53°C fan 31% power 120.53W. Total power: 120.53W
2021-02-15 17:02:16: <info>  New job from eth-eu2.nanopool.org:9433
2021-02-15 17:02:16: [Statistics] Ethereum - Total speed: 59.490 MH/s, Total shares: 1 Rejected: 1, Time: 07:31
2021-02-15 17:02:19: <info>  New job from eth-eu2.nanopool.org:9433
2021-02-15 17:02:19: [Statistics] Ethereum - Total speed: 59.502 MH/s, Total shares: 1 Rejected: 1, Time: 07:34
2021-02-15 17:02:19: [Statistics] GPU0 t=53°C fan 31% power 120.72W. Total power: 120.72W
2021-02-15 17:02:22: <info>  New job from eth-eu2.nanopool.org:9433
2021-02-15 17:02:22: [Statistics] Ethereum - Total speed: 59.513 MH/s, Total shares: 1 Rejected: 1, Time: 07:37
2021-02-15 17:02:22: [Statistics] Ethereum last 10 min - Total: 59.020 MH/s.
2021-02-15 17:02:22: <info>  New job from eth-eu2.nanopool.org:9433
2021-02-15 17:02:22: [Statistics] Ethereum - Total speed: 59.520 MH/s, Total shares: 1 Rejected: 1, Time: 07:37
2021-02-15 17:02:22: [Statistics] GPU0 t=53°C fan 31% power 120.22W. Total power: 120.22W
2021-02-15 17:02:25: <info>  New job from eth-eu2.nanopool.org:9433
2021-02-15 17:02:25: [Statistics] Ethereum - Total speed: 59.331 MH/s, Total shares: 1 Rejected: 1, Time: 07:40
2021-02-15 17:02:28: <info>  New job from eth-eu2.nanopool.org:9433
2021-02-15 17:02:28: [Statistics] Ethereum - Total speed: 59.352 MH/s, Total shares: 1 Rejected: 1, Time: 07:43
2021-02-15 17:02:28: [Statistics] GPU0 t=53°C fan 31% power 120.66W. Total power: 120.66W
2021-02-15 17:02:31: <info>  New job from eth-eu2.nanopool.org:9433
2021-02-15 17:02:31: [Statistics] Ethereum - Total speed: 59.385 MH/s, Total shares: 1 Rejected: 1, Time: 07:46
2021-02-15 17:02:31: [Statistics] Ethereum last 10 min - Total: 59.028 MH/s.
2021-02-15 17:02:34: <info>  New job from eth-eu2.nanopool.org:9433
2021-02-15 17:02:34: [Statistics] Ethereum - Total speed: 59.412 MH/s, Total shares: 1 Rejected: 1, Time: 07:49
2021-02-15 17:02:34: [Statistics] GPU0 t=53°C fan 31% power 121.25W. Total power: 121.25W
2021-02-15 17:02:37: <info>  New job from eth-eu2.nanopool.org:9433
2021-02-15 17:02:37: [Statistics] Ethereum - Total speed: 59.430 MH/s, Total shares: 1 Rejected: 1, Time: 07:52
2021-02-15 17:02:38: <info>  New job from eth-eu2.nanopool.org:9433
2021-02-15 17:02:38: [Statistics] Ethereum - Total speed: 59.455 MH/s, Total shares: 1 Rejected: 1, Time: 07:53
2021-02-15 17:02:38: [Statistics] GPU0 t=53°C fan 31% power 120.39W. Total power: 120.39W
2021-02-15 17:02:38: <info>  New job from eth-eu2.nanopool.org:9433
2021-02-15 17:02:38: [Statistics] Ethereum - Total speed: 59.157 MH/s, Total shares: 1 Rejected: 1, Time: 07:53
2021-02-15 17:02:38: [Statistics] Ethereum last 10 min - Total: 59.033 MH/s.
2021-02-15 17:02:41: <info>  New job from eth-eu2.nanopool.org:9433
2021-02-15 17:02:41: [Statistics] Ethereum - Total speed: 58.657 MH/s, Total shares: 1 Rejected: 1, Time: 07:56
2021-02-15 17:02:41: [Statistics] GPU0 t=54°C fan 31% power 120.25W. Total power: 120.25W
2021-02-15 17:02:44: <info>  New job from eth-eu2.nanopool.org:9433
2021-02-15 17:02:44: [Statistics] Ethereum - Total speed: 58.245 MH/s, Total shares: 1 Rejected: 1, Time: 07:59
2021-02-15 17:02:47: <info>  New job from eth-eu2.nanopool.org:9433
2021-02-15 17:02:47: [Statistics] Ethereum - Total speed: 58.095 MH/s, Total shares: 1 Rejected: 1, Time: 08:02
2021-02-15 17:02:47: [Statistics] GPU0 t=53°C fan 31% power 120.49W. Total power: 120.49W
2021-02-15 17:02:50: <info>  New job from eth-eu2.nanopool.org:9433
2021-02-15 17:02:50: [Statistics] Ethereum - Total speed: 57.482 MH/s, Total shares: 1 Rejected: 1, Time: 08:05
2021-02-15 17:02:50: [Statistics] Ethereum last 10 min - Total: 59.015 MH/s.
2021-02-15 17:02:53: <info>  New job from eth-eu2.nanopool.org:9433
2021-02-15 17:02:53: [Statistics] Ethereum - Total speed: 57.655 MH/s, Total shares: 1 Rejected: 1, Time: 08:08
2021-02-15 17:02:53: [Statistics] GPU0 t=53°C fan 31% power 120.75W. Total power: 120.75W
2021-02-15 17:02:56: <info>  New job from eth-eu2.nanopool.org:9433
2021-02-15 17:02:56: [Statistics] Ethereum - Total speed: 57.798 MH/s, Total shares: 1 Rejected: 1, Time: 08:11
2021-02-15 17:02:59: <info>  New job from eth-eu2.nanopool.org:9433
2021-02-15 17:02:59: [Statistics] Ethereum - Total speed: 57.855 MH/s, Total shares: 1 Rejected: 1, Time: 08:14
2021-02-15 17:02:59: [Statistics] GPU0 t=53°C fan 31% power 120.94W. Total power: 120.94W
2021-02-15 17:03:02: <info>  New job from eth-eu2.nanopool.org:9433
2021-02-15 17:03:02: [Statistics] Ethereum - Total speed: 58.039 MH/s, Total shares: 1 Rejected: 1, Time: 08:17
2021-02-15 17:03:02: [Statistics] Ethereum last 10 min - Total: 58.985 MH/s.
2021-02-15 17:03:05: <info>  New job from eth-eu2.nanopool.org:9433
2021-02-15 17:03:05: [Statistics] Ethereum - Total speed: 58.224 MH/s, Total shares: 1 Rejected: 1, Time: 08:20
2021-02-15 17:03:05: [Statistics] GPU0 t=53°C fan 31% power 121.00W. Total power: 121.00W
2021-02-15 17:03:08: <info>  New job from eth-eu2.nanopool.org:9433
2021-02-15 17:03:08: [Statistics] Ethereum - Total speed: 58.393 MH/s, Total shares: 1 Rejected: 1, Time: 08:23
2021-02-15 17:03:11: <info>  New job from eth-eu2.nanopool.org:9433
2021-02-15 17:03:11: [Statistics] Ethereum - Total speed: 58.538 MH/s, Total shares: 1 Rejected: 1, Time: 08:26
2021-02-15 17:03:11: [Statistics] GPU0 t=53°C fan 31% power 121.31W. Total power: 121.31W
2021-02-15 17:03:14: <info>  New job from eth-eu2.nanopool.org:9433
2021-02-15 17:03:14: [Statistics] Ethereum - Total speed: 58.687 MH/s, Total shares: 1 Rejected: 1, Time: 08:29
2021-02-15 17:03:14: [Statistics] Ethereum last 10 min - Total: 58.970 MH/s.
2021-02-15 17:03:17: <info>  New job from eth-eu2.nanopool.org:9433
2021-02-15 17:03:17: [Statistics] Ethereum - Total speed: 58.824 MH/s, Total shares: 1 Rejected: 1, Time: 08:32
2021-02-15 17:03:17: [Statistics] GPU0 t=53°C fan 31% power 120.55W. Total power: 120.55W
2021-02-15 17:03:19: <info>  Ethereum - SHARE FOUND (GPU: 0, nonce: 0x717eb10caf343c5f).
2021-02-15 17:03:19: <info> Ethereum: share denied: Provided PoW solution is invalid! (51 ms).
2021-02-15 17:03:20: <info>  New job from eth-eu2.nanopool.org:9433
2021-02-15 17:03:20: [Statistics] Ethereum - Total speed: 58.953 MH/s, Total shares: 2 Rejected: 2, Time: 08:35
2021-02-15 17:03:23: <info>  New job from eth-eu2.nanopool.org:9433
2021-02-15 17:03:23: [Statistics] Ethereum - Total speed: 59.038 MH/s, Total shares: 2 Rejected: 2, Time: 08:38
2021-02-15 17:03:23: [Statistics] GPU0 t=53°C fan 31% power 120.42W. Total power: 120.42W
2021-02-15 17:03:24: <info>  Terminating, please wait ...
