2021-02-17 00:00:02: <info>  New job from eth-eu1.nanopool.org:9433
2021-02-17 00:00:02: [Statistics] Ethereum - Total speed: 61.291 MH/s, Total shares: 111 Rejected: 3, Time: 05:10:14
2021-02-17 00:00:02: [Statistics] GPU0 t=54°C fan 31% power 120.82W. Total power: 120.82W
2021-02-17 00:00:05: <info>  New job from eth-eu1.nanopool.org:9433
2021-02-17 00:00:05: [Statistics] Ethereum - Total speed: 61.268 MH/s, Total shares: 111 Rejected: 3, Time: 05:10:16
2021-02-17 00:00:05: [Statistics] Ethereum last 10 min - Total: 61.744 MH/s.
2021-02-17 00:00:08: <info>  New job from eth-eu1.nanopool.org:9433
2021-02-17 00:00:08: [Statistics] Ethereum - Total speed: 61.256 MH/s, Total shares: 111 Rejected: 3, Time: 05:10:19
2021-02-17 00:00:08: [Statistics] GPU0 t=53°C fan 31% power 120.88W. Total power: 120.88W
2021-02-17 00:00:11: <info>  New job from eth-eu1.nanopool.org:9433
2021-02-17 00:00:11: [Statistics] Ethereum - Total speed: 61.241 MH/s, Total shares: 111 Rejected: 3, Time: 05:10:22
2021-02-17 00:00:14: <info>  New job from eth-eu1.nanopool.org:9433
2021-02-17 00:00:14: [Statistics] Ethereum - Total speed: 61.216 MH/s, Total shares: 111 Rejected: 3, Time: 05:10:25
2021-02-17 00:00:14: [Statistics] GPU0 t=53°C fan 31% power 120.84W. Total power: 120.84W
2021-02-17 00:00:17: <info>  New job from eth-eu1.nanopool.org:9433
2021-02-17 00:00:17: [Statistics] Ethereum - Total speed: 61.231 MH/s, Total shares: 111 Rejected: 3, Time: 05:10:28
2021-02-17 00:00:17: [Statistics] Ethereum last 10 min - Total: 61.734 MH/s.
2021-02-17 00:00:20: <info>  New job from eth-eu1.nanopool.org:9433
2021-02-17 00:00:20: [Statistics] Ethereum - Total speed: 61.269 MH/s, Total shares: 111 Rejected: 3, Time: 05:10:32
2021-02-17 00:00:20: [Statistics] GPU0 t=53°C fan 31% power 120.86W. Total power: 120.86W
2021-02-17 00:00:23: <info>  New job from eth-eu1.nanopool.org:9433
2021-02-17 00:00:23: [Statistics] Ethereum - Total speed: 61.271 MH/s, Total shares: 111 Rejected: 3, Time: 05:10:34
2021-02-17 00:00:26: <info>  New job from eth-eu1.nanopool.org:9433
2021-02-17 00:00:26: [Statistics] Ethereum - Total speed: 61.291 MH/s, Total shares: 111 Rejected: 3, Time: 05:10:37
2021-02-17 00:00:26: [Statistics] GPU0 t=53°C fan 31% power 120.78W. Total power: 120.78W
2021-02-17 00:00:29: <info>  New job from eth-eu1.nanopool.org:9433
2021-02-17 00:00:29: [Statistics] Ethereum - Total speed: 61.313 MH/s, Total shares: 111 Rejected: 3, Time: 05:10:41
2021-02-17 00:00:29: [Statistics] Ethereum last 10 min - Total: 61.724 MH/s.
2021-02-17 00:00:32: <info>  New job from eth-eu1.nanopool.org:9433
2021-02-17 00:00:32: [Statistics] Ethereum - Total speed: 61.279 MH/s, Total shares: 111 Rejected: 3, Time: 05:10:43
2021-02-17 00:00:32: [Statistics] GPU0 t=53°C fan 31% power 120.84W. Total power: 120.84W
2021-02-17 00:00:35: <info>  New job from eth-eu1.nanopool.org:9433
2021-02-17 00:00:35: [Statistics] Ethereum - Total speed: 61.256 MH/s, Total shares: 111 Rejected: 3, Time: 05:10:46
2021-02-17 00:00:36: <info>  New job from eth-eu1.nanopool.org:9433
2021-02-17 00:00:36: [Statistics] Ethereum - Total speed: 61.229 MH/s, Total shares: 111 Rejected: 3, Time: 05:10:48
2021-02-17 00:00:36: [Statistics] GPU0 t=53°C fan 31% power 120.87W. Total power: 120.87W
2021-02-17 00:00:36: <info>  New job from eth-eu1.nanopool.org:9433
2021-02-17 00:00:36: [Statistics] Ethereum - Total speed: 61.167 MH/s, Total shares: 111 Rejected: 3, Time: 05:10:48
2021-02-17 00:00:36: [Statistics] Ethereum last 10 min - Total: 61.720 MH/s.
2021-02-17 00:00:39: <info>  New job from eth-eu1.nanopool.org:9433
2021-02-17 00:00:39: [Statistics] Ethereum - Total speed: 61.163 MH/s, Total shares: 111 Rejected: 3, Time: 05:10:51
2021-02-17 00:00:39: [Statistics] GPU0 t=53°C fan 31% power 120.93W. Total power: 120.93W
2021-02-17 00:00:42: <info>  New job from eth-eu1.nanopool.org:9433
2021-02-17 00:00:42: [Statistics] Ethereum - Total speed: 61.127 MH/s, Total shares: 111 Rejected: 3, Time: 05:10:54
2021-02-17 00:00:45: <info>  New job from eth-eu1.nanopool.org:9433
2021-02-17 00:00:45: [Statistics] Ethereum - Total speed: 61.085 MH/s, Total shares: 111 Rejected: 3, Time: 05:10:57
2021-02-17 00:00:45: [Statistics] GPU0 t=54°C fan 31% power 120.89W. Total power: 120.89W
2021-02-17 00:00:48: <info>  New job from eth-eu1.nanopool.org:9433
2021-02-17 00:00:48: [Statistics] Ethereum - Total speed: 61.062 MH/s, Total shares: 111 Rejected: 3, Time: 05:11:00
2021-02-17 00:00:48: [Statistics] Ethereum last 10 min - Total: 61.710 MH/s.
2021-02-17 00:00:51: <info>  New job from eth-eu1.nanopool.org:9433
2021-02-17 00:00:51: [Statistics] Ethereum - Total speed: 61.048 MH/s, Total shares: 111 Rejected: 3, Time: 05:11:03
2021-02-17 00:00:51: [Statistics] GPU0 t=53°C fan 31% power 120.83W. Total power: 120.83W
2021-02-17 00:00:54: <info>  New job from eth-eu1.nanopool.org:9433
2021-02-17 00:00:54: [Statistics] Ethereum - Total speed: 61.042 MH/s, Total shares: 111 Rejected: 3, Time: 05:11:06
2021-02-17 00:00:55: <info>  New job from eth-eu1.nanopool.org:9433
2021-02-17 00:00:55: [Statistics] Ethereum - Total speed: 61.047 MH/s, Total shares: 111 Rejected: 3, Time: 05:11:07
2021-02-17 00:00:55: [Statistics] GPU0 t=53°C fan 31% power 120.77W. Total power: 120.77W
2021-02-17 00:00:55: <info>  New job from eth-eu1.nanopool.org:9433
2021-02-17 00:00:55: [Statistics] Ethereum - Total speed: 61.067 MH/s, Total shares: 111 Rejected: 3, Time: 05:11:07
2021-02-17 00:00:55: [Statistics] Ethereum last 10 min - Total: 61.704 MH/s.
2021-02-17 00:00:58: <info>  New job from eth-eu1.nanopool.org:9433
2021-02-17 00:00:58: [Statistics] Ethereum - Total speed: 61.130 MH/s, Total shares: 111 Rejected: 3, Time: 05:11:10
2021-02-17 00:00:58: [Statistics] GPU0 t=53°C fan 31% power 120.81W. Total power: 120.81W
2021-02-17 00:01:01: <info>  New job from eth-eu1.nanopool.org:9433
2021-02-17 00:01:01: [Statistics] Ethereum - Total speed: 61.138 MH/s, Total shares: 111 Rejected: 3, Time: 05:11:13
2021-02-17 00:01:04: <info>  New job from eth-eu1.nanopool.org:9433
2021-02-17 00:01:04: [Statistics] Ethereum - Total speed: 61.157 MH/s, Total shares: 111 Rejected: 3, Time: 05:11:16
2021-02-17 00:01:04: [Statistics] GPU0 t=53°C fan 31% power 120.88W. Total power: 120.88W
2021-02-17 00:01:07: <info>  New job from eth-eu1.nanopool.org:9433
2021-02-17 00:01:07: [Statistics] Ethereum - Total speed: 61.186 MH/s, Total shares: 111 Rejected: 3, Time: 05:11:19
2021-02-17 00:01:07: [Statistics] Ethereum last 10 min - Total: 61.694 MH/s.
2021-02-17 00:01:10: <info>  New job from eth-eu1.nanopool.org:9433
2021-02-17 00:01:10: [Statistics] Ethereum - Total speed: 61.182 MH/s, Total shares: 111 Rejected: 3, Time: 05:11:22
2021-02-17 00:01:10: [Statistics] GPU0 t=53°C fan 31% power 120.86W. Total power: 120.86W
2021-02-17 00:01:13: <info>  New job from eth-eu1.nanopool.org:9433
2021-02-17 00:01:13: [Statistics] Ethereum - Total speed: 61.197 MH/s, Total shares: 111 Rejected: 3, Time: 05:11:25
2021-02-17 00:01:16: <info>  New job from eth-eu1.nanopool.org:9433
2021-02-17 00:01:16: [Statistics] Ethereum - Total speed: 61.200 MH/s, Total shares: 111 Rejected: 3, Time: 05:11:28
2021-02-17 00:01:16: [Statistics] GPU0 t=53°C fan 31% power 120.87W. Total power: 120.87W
2021-02-17 00:01:16: <info>  New job from eth-eu1.nanopool.org:9433
2021-02-17 00:01:16: [Statistics] Ethereum - Total speed: 61.232 MH/s, Total shares: 111 Rejected: 3, Time: 05:11:28
2021-02-17 00:01:16: [Statistics] Ethereum last 10 min - Total: 61.689 MH/s.
2021-02-17 00:01:17: <info>  New job from eth-eu1.nanopool.org:9433
2021-02-17 00:01:17: [Statistics] Ethereum - Total speed: 61.119 MH/s, Total shares: 111 Rejected: 3, Time: 05:11:29
2021-02-17 00:01:17: [Statistics] GPU0 t=53°C fan 31% power 120.80W. Total power: 120.80W
2021-02-17 00:01:17: <info>  New job from eth-eu1.nanopool.org:9433
2021-02-17 00:01:17: [Statistics] Ethereum - Total speed: 61.119 MH/s, Total shares: 111 Rejected: 3, Time: 05:11:29
2021-02-17 00:01:19: <info>  New job from eth-eu1.nanopool.org:9433
2021-02-17 00:01:19: [Statistics] Ethereum - Total speed: 61.178 MH/s, Total shares: 111 Rejected: 3, Time: 05:11:31
2021-02-17 00:01:19: [Statistics] GPU0 t=54°C fan 31% power 120.81W. Total power: 120.81W
2021-02-17 00:01:19: <info>  New job from eth-eu1.nanopool.org:9433
2021-02-17 00:01:19: [Statistics] Ethereum - Total speed: 61.219 MH/s, Total shares: 111 Rejected: 3, Time: 05:11:31
2021-02-17 00:01:19: [Statistics] Ethereum last 10 min - Total: 61.687 MH/s.
2021-02-17 00:01:22: <info>  New job from eth-eu1.nanopool.org:9433
2021-02-17 00:01:22: [Statistics] Ethereum - Total speed: 61.353 MH/s, Total shares: 111 Rejected: 3, Time: 05:11:33
2021-02-17 00:01:22: [Statistics] GPU0 t=53°C fan 31% power 120.83W. Total power: 120.83W
2021-02-17 00:01:22: <info>  New job from eth-eu1.nanopool.org:9433
2021-02-17 00:01:22: [Statistics] Ethereum - Total speed: 61.355 MH/s, Total shares: 111 Rejected: 3, Time: 05:11:33
2021-02-17 00:01:24: <info>  New job from eth-eu1.nanopool.org:9433
2021-02-17 00:01:24: [Statistics] Ethereum - Total speed: 61.268 MH/s, Total shares: 111 Rejected: 3, Time: 05:11:36
2021-02-17 00:01:24: [Statistics] GPU0 t=54°C fan 31% power 120.75W. Total power: 120.75W
2021-02-17 00:01:24: <info>  New job from eth-eu1.nanopool.org:9433
2021-02-17 00:01:24: [Statistics] Ethereum - Total speed: 61.313 MH/s, Total shares: 111 Rejected: 3, Time: 05:11:36
2021-02-17 00:01:24: [Statistics] Ethereum last 10 min - Total: 61.683 MH/s.
2021-02-17 00:01:27: <info>  New job from eth-eu1.nanopool.org:9433
2021-02-17 00:01:27: [Statistics] Ethereum - Total speed: 61.424 MH/s, Total shares: 111 Rejected: 3, Time: 05:11:39
2021-02-17 00:01:27: [Statistics] GPU0 t=53°C fan 31% power 120.89W. Total power: 120.89W
2021-02-17 00:01:28: <info>  New job from eth-eu1.nanopool.org:9433
2021-02-17 00:01:28: [Statistics] Ethereum - Total speed: 61.408 MH/s, Total shares: 111 Rejected: 3, Time: 05:11:40
2021-02-17 00:01:29: <info>  New job from eth-eu1.nanopool.org:9433
2021-02-17 00:01:29: [Statistics] Ethereum - Total speed: 61.407 MH/s, Total shares: 111 Rejected: 3, Time: 05:11:40
2021-02-17 00:01:29: [Statistics] GPU0 t=53°C fan 31% power 120.80W. Total power: 120.80W
2021-02-17 00:01:32: <info>  New job from eth-eu1.nanopool.org:9433
2021-02-17 00:01:32: [Statistics] Ethereum - Total speed: 61.483 MH/s, Total shares: 111 Rejected: 3, Time: 05:11:43
2021-02-17 00:01:32: [Statistics] Ethereum last 10 min - Total: 61.679 MH/s.
2021-02-17 00:01:34: <info>  New job from eth-eu1.nanopool.org:9433
2021-02-17 00:01:34: [Statistics] Ethereum - Total speed: 61.472 MH/s, Total shares: 111 Rejected: 3, Time: 05:11:46
2021-02-17 00:01:34: [Statistics] GPU0 t=53°C fan 31% power 120.76W. Total power: 120.76W
2021-02-17 00:01:36: <info>  New job from eth-eu1.nanopool.org:9433
2021-02-17 00:01:36: [Statistics] Ethereum - Total speed: 61.461 MH/s, Total shares: 111 Rejected: 3, Time: 05:11:47
2021-02-17 00:01:36: <info>  New job from eth-eu1.nanopool.org:9433
2021-02-17 00:01:36: [Statistics] Ethereum - Total speed: 61.415 MH/s, Total shares: 111 Rejected: 3, Time: 05:11:48
2021-02-17 00:01:36: [Statistics] GPU0 t=53°C fan 31% power 120.85W. Total power: 120.85W
2021-02-17 00:01:39: <info>  New job from eth-eu1.nanopool.org:9433
2021-02-17 00:01:39: [Statistics] Ethereum - Total speed: 61.286 MH/s, Total shares: 111 Rejected: 3, Time: 05:11:51
2021-02-17 00:01:39: [Statistics] Ethereum last 10 min - Total: 61.674 MH/s.
2021-02-17 00:01:42: <info>  New job from eth-eu1.nanopool.org:9433
2021-02-17 00:01:42: [Statistics] Ethereum - Total speed: 61.308 MH/s, Total shares: 111 Rejected: 3, Time: 05:11:54
2021-02-17 00:01:42: [Statistics] GPU0 t=53°C fan 31% power 120.85W. Total power: 120.85W
2021-02-17 00:01:45: <info>  New job from eth-eu1.nanopool.org:9433
2021-02-17 00:01:45: [Statistics] Ethereum - Total speed: 61.336 MH/s, Total shares: 111 Rejected: 3, Time: 05:11:57
2021-02-17 00:01:48: <info>  New job from eth-eu1.nanopool.org:9433
2021-02-17 00:01:48: [Statistics] Ethereum - Total speed: 61.367 MH/s, Total shares: 111 Rejected: 3, Time: 05:12:00
2021-02-17 00:01:48: [Statistics] GPU0 t=53°C fan 31% power 120.87W. Total power: 120.87W
2021-02-17 00:01:51: <info>  New job from eth-eu1.nanopool.org:9433
2021-02-17 00:01:51: [Statistics] Ethereum - Total speed: 61.368 MH/s, Total shares: 111 Rejected: 3, Time: 05:12:03
2021-02-17 00:01:51: [Statistics] Ethereum last 10 min - Total: 61.662 MH/s.
2021-02-17 00:01:54: <info>  New job from eth-eu1.nanopool.org:9433
2021-02-17 00:01:54: [Statistics] Ethereum - Total speed: 61.334 MH/s, Total shares: 111 Rejected: 3, Time: 05:12:05
2021-02-17 00:01:54: [Statistics] GPU0 t=53°C fan 31% power 120.80W. Total power: 120.80W
2021-02-17 00:01:57: <info>  New job from eth-eu1.nanopool.org:9433
2021-02-17 00:01:57: [Statistics] Ethereum - Total speed: 61.314 MH/s, Total shares: 111 Rejected: 3, Time: 05:12:08
2021-02-17 00:02:00: <info>  New job from eth-eu1.nanopool.org:9433
2021-02-17 00:02:00: [Statistics] Ethereum - Total speed: 61.308 MH/s, Total shares: 111 Rejected: 3, Time: 05:12:11
2021-02-17 00:02:00: [Statistics] GPU0 t=53°C fan 31% power 120.89W. Total power: 120.89W
2021-02-17 00:02:03: <info>  New job from eth-eu1.nanopool.org:9433
2021-02-17 00:02:03: [Statistics] Ethereum - Total speed: 61.320 MH/s, Total shares: 111 Rejected: 3, Time: 05:12:14
2021-02-17 00:02:03: [Statistics] Ethereum last 10 min - Total: 61.652 MH/s.
2021-02-17 00:02:03: <info>  New job from eth-eu1.nanopool.org:9433
2021-02-17 00:02:03: [Statistics] Ethereum - Total speed: 61.321 MH/s, Total shares: 111 Rejected: 3, Time: 05:12:14
2021-02-17 00:02:03: [Statistics] GPU0 t=53°C fan 31% power 120.95W. Total power: 120.95W
2021-02-17 00:02:03: <info>  New job from eth-eu1.nanopool.org:9433
2021-02-17 00:02:03: [Statistics] Ethereum - Total speed: 61.456 MH/s, Total shares: 111 Rejected: 3, Time: 05:12:15
2021-02-17 00:02:06: <info>  New job from eth-eu1.nanopool.org:9433
2021-02-17 00:02:06: [Statistics] Ethereum - Total speed: 61.461 MH/s, Total shares: 111 Rejected: 3, Time: 05:12:17
2021-02-17 00:02:06: [Statistics] GPU0 t=53°C fan 31% power 120.88W. Total power: 120.88W
2021-02-17 00:02:09: <info>  New job from eth-eu1.nanopool.org:9433
2021-02-17 00:02:09: [Statistics] Ethereum - Total speed: 61.452 MH/s, Total shares: 111 Rejected: 3, Time: 05:12:20
2021-02-17 00:02:09: [Statistics] Ethereum last 10 min - Total: 61.649 MH/s.
2021-02-17 00:02:12: <info>  New job from eth-eu1.nanopool.org:9433
2021-02-17 00:02:12: [Statistics] Ethereum - Total speed: 61.442 MH/s, Total shares: 111 Rejected: 3, Time: 05:12:23
2021-02-17 00:02:12: [Statistics] GPU0 t=53°C fan 31% power 120.76W. Total power: 120.76W
2021-02-17 00:02:15: <info>  New job from eth-eu1.nanopool.org:9433
2021-02-17 00:02:15: [Statistics] Ethereum - Total speed: 61.435 MH/s, Total shares: 111 Rejected: 3, Time: 05:12:26
2021-02-17 00:02:18: <info>  New job from eth-eu1.nanopool.org:9433
2021-02-17 00:02:18: [Statistics] Ethereum - Total speed: 61.421 MH/s, Total shares: 111 Rejected: 3, Time: 05:12:29
2021-02-17 00:02:18: [Statistics] GPU0 t=53°C fan 31% power 120.83W. Total power: 120.83W
2021-02-17 00:02:21: <info>  New job from eth-eu1.nanopool.org:9433
2021-02-17 00:02:21: [Statistics] Ethereum - Total speed: 61.370 MH/s, Total shares: 111 Rejected: 3, Time: 05:12:32
2021-02-17 00:02:21: [Statistics] Ethereum last 10 min - Total: 61.644 MH/s.
2021-02-17 00:02:21: <info>  New job from eth-eu1.nanopool.org:9433
2021-02-17 00:02:21: [Statistics] Ethereum - Total speed: 61.361 MH/s, Total shares: 111 Rejected: 3, Time: 05:12:32
2021-02-17 00:02:21: [Statistics] GPU0 t=53°C fan 31% power 120.87W. Total power: 120.87W
2021-02-17 00:02:21: <info>  New job from eth-eu1.nanopool.org:9433
2021-02-17 00:02:21: [Statistics] Ethereum - Total speed: 61.305 MH/s, Total shares: 111 Rejected: 3, Time: 05:12:32
2021-02-17 00:02:24: <info>  New job from eth-eu1.nanopool.org:9433
2021-02-17 00:02:24: [Statistics] Ethereum - Total speed: 61.402 MH/s, Total shares: 111 Rejected: 3, Time: 05:12:35
2021-02-17 00:02:24: [Statistics] GPU0 t=53°C fan 31% power 120.84W. Total power: 120.84W
2021-02-17 00:02:27: <info>  New job from eth-eu1.nanopool.org:9433
2021-02-17 00:02:27: [Statistics] Ethereum - Total speed: 61.362 MH/s, Total shares: 111 Rejected: 3, Time: 05:12:38
2021-02-17 00:02:27: [Statistics] Ethereum last 10 min - Total: 61.640 MH/s.
2021-02-17 00:02:28: <info>  New job from eth-eu1.nanopool.org:9433
2021-02-17 00:02:28: [Statistics] Ethereum - Total speed: 61.378 MH/s, Total shares: 111 Rejected: 3, Time: 05:12:40
2021-02-17 00:02:28: [Statistics] GPU0 t=53°C fan 31% power 120.90W. Total power: 120.90W
2021-02-17 00:02:28: <info>  New job from eth-eu1.nanopool.org:9433
2021-02-17 00:02:28: [Statistics] Ethereum - Total speed: 61.369 MH/s, Total shares: 111 Rejected: 3, Time: 05:12:40
2021-02-17 00:02:31: <info>  New job from eth-eu1.nanopool.org:9433
2021-02-17 00:02:31: [Statistics] Ethereum - Total speed: 61.175 MH/s, Total shares: 111 Rejected: 3, Time: 05:12:43
2021-02-17 00:02:31: [Statistics] GPU0 t=53°C fan 31% power 120.86W. Total power: 120.86W
2021-02-17 00:02:34: <info>  New job from eth-eu1.nanopool.org:9433
2021-02-17 00:02:34: [Statistics] Ethereum - Total speed: 61.170 MH/s, Total shares: 111 Rejected: 3, Time: 05:12:46
2021-02-17 00:02:34: [Statistics] Ethereum last 10 min - Total: 61.634 MH/s.
2021-02-17 00:02:35: <info>  New job from eth-eu1.nanopool.org:9433
2021-02-17 00:02:35: [Statistics] Ethereum - Total speed: 61.175 MH/s, Total shares: 111 Rejected: 3, Time: 05:12:47
2021-02-17 00:02:35: [Statistics] GPU0 t=53°C fan 31% power 120.83W. Total power: 120.83W
2021-02-17 00:02:36: <info>  New job from eth-eu1.nanopool.org:9433
2021-02-17 00:02:36: [Statistics] Ethereum - Total speed: 61.166 MH/s, Total shares: 111 Rejected: 3, Time: 05:12:47
2021-02-17 00:02:39: <info>  New job from eth-eu1.nanopool.org:9433
2021-02-17 00:02:39: [Statistics] Ethereum - Total speed: 61.301 MH/s, Total shares: 111 Rejected: 3, Time: 05:12:50
2021-02-17 00:02:39: [Statistics] GPU0 t=53°C fan 31% power 120.87W. Total power: 120.87W
2021-02-17 00:02:42: <info>  New job from eth-eu1.nanopool.org:9433
2021-02-17 00:02:42: [Statistics] Ethereum - Total speed: 61.315 MH/s, Total shares: 111 Rejected: 3, Time: 05:12:53
2021-02-17 00:02:42: [Statistics] Ethereum last 10 min - Total: 61.628 MH/s.
2021-02-17 00:02:42: <info>  New job from eth-eu1.nanopool.org:9433
2021-02-17 00:02:42: [Statistics] Ethereum - Total speed: 61.341 MH/s, Total shares: 111 Rejected: 3, Time: 05:12:54
2021-02-17 00:02:42: [Statistics] GPU0 t=53°C fan 31% power 120.78W. Total power: 120.78W
2021-02-17 00:02:43: <info>  New job from eth-eu1.nanopool.org:9433
2021-02-17 00:02:43: [Statistics] Ethereum - Total speed: 61.451 MH/s, Total shares: 111 Rejected: 3, Time: 05:12:54
2021-02-17 00:02:45: <info>  New job from eth-eu1.nanopool.org:9433
2021-02-17 00:02:45: [Statistics] Ethereum - Total speed: 61.399 MH/s, Total shares: 111 Rejected: 3, Time: 05:12:57
2021-02-17 00:02:45: [Statistics] GPU0 t=53°C fan 31% power 120.88W. Total power: 120.88W
2021-02-17 00:02:46: <info>  Ethereum - SHARE FOUND (GPU: 0, nonce: 0x1309e9ca61e185c8).
2021-02-17 00:02:46: <info> Ethereum: share accepted (22 ms)!
2021-02-17 00:02:48: <info>  New job from eth-eu1.nanopool.org:9433
2021-02-17 00:02:48: [Statistics] Ethereum - Total speed: 61.447 MH/s, Total shares: 112 Rejected: 3, Time: 05:13:00
2021-02-17 00:02:48: [Statistics] Ethereum last 10 min - Total: 61.623 MH/s.
2021-02-17 00:02:49: <info>  New job from eth-eu1.nanopool.org:9433
2021-02-17 00:02:49: [Statistics] Ethereum - Total speed: 61.485 MH/s, Total shares: 112 Rejected: 3, Time: 05:13:00
2021-02-17 00:02:49: [Statistics] GPU0 t=53°C fan 31% power 120.90W. Total power: 120.90W
2021-02-17 00:02:49: <info>  New job from eth-eu1.nanopool.org:9433
2021-02-17 00:02:49: [Statistics] Ethereum - Total speed: 61.576 MH/s, Total shares: 112 Rejected: 3, Time: 05:13:01
2021-02-17 00:02:52: <info>  New job from eth-eu1.nanopool.org:9433
2021-02-17 00:02:52: [Statistics] Ethereum - Total speed: 61.634 MH/s, Total shares: 112 Rejected: 3, Time: 05:13:03
2021-02-17 00:02:52: [Statistics] GPU0 t=53°C fan 31% power 120.84W. Total power: 120.84W
2021-02-17 00:02:55: <info>  New job from eth-eu1.nanopool.org:9433
2021-02-17 00:02:55: [Statistics] Ethereum - Total speed: 61.637 MH/s, Total shares: 112 Rejected: 3, Time: 05:13:07
2021-02-17 00:02:55: [Statistics] Ethereum last 10 min - Total: 61.622 MH/s.
2021-02-17 00:02:58: <info>  New job from eth-eu1.nanopool.org:9433
2021-02-17 00:02:58: [Statistics] Ethereum - Total speed: 61.635 MH/s, Total shares: 112 Rejected: 3, Time: 05:13:09
2021-02-17 00:02:58: [Statistics] GPU0 t=53°C fan 31% power 120.96W. Total power: 120.96W
2021-02-17 00:03:01: <info>  New job from eth-eu1.nanopool.org:9433
2021-02-17 00:03:01: [Statistics] Ethereum - Total speed: 61.645 MH/s, Total shares: 112 Rejected: 3, Time: 05:13:12
2021-02-17 00:03:04: <info>  New job from eth-eu1.nanopool.org:9433
2021-02-17 00:03:04: [Statistics] Ethereum - Total speed: 61.595 MH/s, Total shares: 112 Rejected: 3, Time: 05:13:15
2021-02-17 00:03:04: [Statistics] GPU0 t=53°C fan 31% power 120.89W. Total power: 120.89W
2021-02-17 00:03:07: <info>  New job from eth-eu1.nanopool.org:9433
2021-02-17 00:03:07: [Statistics] Ethereum - Total speed: 61.547 MH/s, Total shares: 112 Rejected: 3, Time: 05:13:18
2021-02-17 00:03:07: [Statistics] Ethereum last 10 min - Total: 61.619 MH/s.
2021-02-17 00:03:10: <info>  New job from eth-eu1.nanopool.org:9433
2021-02-17 00:03:10: [Statistics] Ethereum - Total speed: 61.563 MH/s, Total shares: 112 Rejected: 3, Time: 05:13:22
2021-02-17 00:03:10: [Statistics] GPU0 t=53°C fan 31% power 120.92W. Total power: 120.92W
2021-02-17 00:03:13: <info>  New job from eth-eu1.nanopool.org:9433
2021-02-17 00:03:13: [Statistics] Ethereum - Total speed: 61.582 MH/s, Total shares: 112 Rejected: 3, Time: 05:13:24
2021-02-17 00:03:16: <info>  New job from eth-eu1.nanopool.org:9433
2021-02-17 00:03:16: [Statistics] Ethereum - Total speed: 61.597 MH/s, Total shares: 112 Rejected: 3, Time: 05:13:27
2021-02-17 00:03:16: [Statistics] GPU0 t=53°C fan 31% power 120.83W. Total power: 120.83W
2021-02-17 00:03:19: <info>  New job from eth-eu1.nanopool.org:9433
2021-02-17 00:03:19: [Statistics] Ethereum - Total speed: 61.581 MH/s, Total shares: 112 Rejected: 3, Time: 05:13:30
2021-02-17 00:03:19: [Statistics] Ethereum last 10 min - Total: 61.617 MH/s.
2021-02-17 00:03:20: <info>  New job from eth-eu1.nanopool.org:9433
2021-02-17 00:03:20: [Statistics] Ethereum - Total speed: 61.544 MH/s, Total shares: 112 Rejected: 3, Time: 05:13:32
2021-02-17 00:03:20: [Statistics] GPU0 t=53°C fan 31% power 120.87W. Total power: 120.87W
2021-02-17 00:03:20: <info>  New job from eth-eu1.nanopool.org:9433
2021-02-17 00:03:20: [Statistics] Ethereum - Total speed: 61.410 MH/s, Total shares: 112 Rejected: 3, Time: 05:13:32
2021-02-17 00:03:24: <info>  New job from eth-eu1.nanopool.org:9433
2021-02-17 00:03:24: [Statistics] Ethereum - Total speed: 61.516 MH/s, Total shares: 112 Rejected: 3, Time: 05:13:36
2021-02-17 00:03:24: [Statistics] GPU0 t=53°C fan 31% power 120.86W. Total power: 120.86W
2021-02-17 00:03:24: <info>  New job from eth-eu1.nanopool.org:9433
2021-02-17 00:03:24: [Statistics] Ethereum - Total speed: 61.476 MH/s, Total shares: 112 Rejected: 3, Time: 05:13:36
2021-02-17 00:03:24: [Statistics] Ethereum last 10 min - Total: 61.616 MH/s.
2021-02-17 00:03:25: <info>  New job from eth-eu1.nanopool.org:9433
2021-02-17 00:03:25: [Statistics] Ethereum - Total speed: 61.354 MH/s, Total shares: 112 Rejected: 3, Time: 05:13:36
2021-02-17 00:03:25: [Statistics] GPU0 t=53°C fan 31% power 120.85W. Total power: 120.85W
2021-02-17 00:03:28: <info>  New job from eth-eu1.nanopool.org:9433
2021-02-17 00:03:28: [Statistics] Ethereum - Total speed: 61.443 MH/s, Total shares: 112 Rejected: 3, Time: 05:13:39
2021-02-17 00:03:28: <info>  New job from eth-eu1.nanopool.org:9433
2021-02-17 00:03:28: [Statistics] Ethereum - Total speed: 61.462 MH/s, Total shares: 112 Rejected: 3, Time: 05:13:39
2021-02-17 00:03:28: [Statistics] GPU0 t=53°C fan 31% power 120.89W. Total power: 120.89W
2021-02-17 00:03:31: <info>  New job from eth-eu1.nanopool.org:9433
2021-02-17 00:03:31: [Statistics] Ethereum - Total speed: 61.384 MH/s, Total shares: 112 Rejected: 3, Time: 05:13:42
2021-02-17 00:03:31: [Statistics] Ethereum last 10 min - Total: 61.614 MH/s.
2021-02-17 00:03:34: <info>  New job from eth-eu1.nanopool.org:9433
2021-02-17 00:03:34: [Statistics] Ethereum - Total speed: 61.411 MH/s, Total shares: 112 Rejected: 3, Time: 05:13:45
2021-02-17 00:03:34: [Statistics] GPU0 t=54°C fan 31% power 120.84W. Total power: 120.84W
2021-02-17 00:03:37: <info>  New job from eth-eu1.nanopool.org:9433
2021-02-17 00:03:37: [Statistics] Ethereum - Total speed: 61.451 MH/s, Total shares: 112 Rejected: 3, Time: 05:13:48
2021-02-17 00:03:37: <info>  New job from eth-eu1.nanopool.org:9433
2021-02-17 00:03:37: [Statistics] Ethereum - Total speed: 61.448 MH/s, Total shares: 112 Rejected: 3, Time: 05:13:48
2021-02-17 00:03:37: [Statistics] GPU0 t=53°C fan 31% power 120.81W. Total power: 120.81W
2021-02-17 00:03:37: <info>  New job from eth-eu1.nanopool.org:9433
2021-02-17 00:03:37: [Statistics] Ethereum - Total speed: 61.571 MH/s, Total shares: 112 Rejected: 3, Time: 05:13:49
2021-02-17 00:03:37: [Statistics] Ethereum last 10 min - Total: 61.612 MH/s.
2021-02-17 00:03:39: <info>  New job from eth-eu1.nanopool.org:9433
2021-02-17 00:03:39: [Statistics] Ethereum - Total speed: 61.652 MH/s, Total shares: 112 Rejected: 3, Time: 05:13:51
2021-02-17 00:03:39: [Statistics] GPU0 t=53°C fan 31% power 120.91W. Total power: 120.91W
2021-02-17 00:03:40: <info>  New job from eth-eu1.nanopool.org:9433
2021-02-17 00:03:40: [Statistics] Ethereum - Total speed: 61.611 MH/s, Total shares: 112 Rejected: 3, Time: 05:13:52
2021-02-17 00:03:42: <info>  New job from eth-eu1.nanopool.org:9433
2021-02-17 00:03:42: [Statistics] Ethereum - Total speed: 61.588 MH/s, Total shares: 112 Rejected: 3, Time: 05:13:54
2021-02-17 00:03:42: [Statistics] GPU0 t=53°C fan 31% power 120.83W. Total power: 120.83W
2021-02-17 00:03:45: <info>  New job from eth-eu1.nanopool.org:9433
2021-02-17 00:03:45: [Statistics] Ethereum - Total speed: 61.572 MH/s, Total shares: 112 Rejected: 3, Time: 05:13:57
2021-02-17 00:03:45: [Statistics] Ethereum last 10 min - Total: 61.612 MH/s.
2021-02-17 00:03:48: <info>  New job from eth-eu1.nanopool.org:9433
2021-02-17 00:03:48: [Statistics] Ethereum - Total speed: 61.580 MH/s, Total shares: 112 Rejected: 3, Time: 05:14:00
2021-02-17 00:03:48: [Statistics] GPU0 t=53°C fan 31% power 120.87W. Total power: 120.87W
2021-02-17 00:03:51: <info>  New job from eth-eu1.nanopool.org:9433
2021-02-17 00:03:51: [Statistics] Ethereum - Total speed: 61.614 MH/s, Total shares: 112 Rejected: 3, Time: 05:14:03
2021-02-17 00:03:54: <info>  New job from eth-eu1.nanopool.org:9433
2021-02-17 00:03:54: [Statistics] Ethereum - Total speed: 61.603 MH/s, Total shares: 112 Rejected: 3, Time: 05:14:06
2021-02-17 00:03:54: [Statistics] GPU0 t=53°C fan 31% power 120.82W. Total power: 120.82W
2021-02-17 00:03:57: <info>  New job from eth-eu1.nanopool.org:9433
2021-02-17 00:03:57: [Statistics] Ethereum - Total speed: 61.603 MH/s, Total shares: 112 Rejected: 3, Time: 05:14:09
2021-02-17 00:03:57: [Statistics] Ethereum last 10 min - Total: 61.614 MH/s.
2021-02-17 00:04:00: <info>  New job from eth-eu1.nanopool.org:9433
2021-02-17 00:04:00: [Statistics] Ethereum - Total speed: 61.580 MH/s, Total shares: 112 Rejected: 3, Time: 05:14:12
2021-02-17 00:04:00: [Statistics] GPU0 t=53°C fan 31% power 120.84W. Total power: 120.84W
2021-02-17 00:04:03: <info>  New job from eth-eu1.nanopool.org:9433
2021-02-17 00:04:03: [Statistics] Ethereum - Total speed: 61.572 MH/s, Total shares: 112 Rejected: 3, Time: 05:14:15
2021-02-17 00:04:06: <info>  New job from eth-eu1.nanopool.org:9433
2021-02-17 00:04:06: [Statistics] Ethereum - Total speed: 61.448 MH/s, Total shares: 112 Rejected: 3, Time: 05:14:18
2021-02-17 00:04:06: [Statistics] GPU0 t=53°C fan 31% power 120.87W. Total power: 120.87W
2021-02-17 00:04:09: <info>  New job from eth-eu1.nanopool.org:9433
2021-02-17 00:04:09: [Statistics] Ethereum - Total speed: 61.292 MH/s, Total shares: 112 Rejected: 3, Time: 05:14:21
2021-02-17 00:04:09: [Statistics] Ethereum last 10 min - Total: 61.614 MH/s.
2021-02-17 00:04:12: <info>  New job from eth-eu1.nanopool.org:9433
2021-02-17 00:04:12: [Statistics] Ethereum - Total speed: 61.260 MH/s, Total shares: 112 Rejected: 3, Time: 05:14:24
2021-02-17 00:04:12: [Statistics] GPU0 t=54°C fan 31% power 120.86W. Total power: 120.86W
2021-02-17 00:04:15: <info>  New job from eth-eu1.nanopool.org:9433
2021-02-17 00:04:15: [Statistics] Ethereum - Total speed: 61.231 MH/s, Total shares: 112 Rejected: 3, Time: 05:14:27
2021-02-17 00:04:16: <error>  System exception: 
2021-02-17 00:04:16: <error>  device: 0; an illegal memory access was encountered
2021-02-17 00:04:16: <error>  Can't work on device: 0
2021-02-17 00:04:16: <info>  Miner has not been restarted before
2021-02-17 00:04:16: <info>  Self-restarting miner process.
2021-02-17 00:04:16: <info>  New job from eth-eu1.nanopool.org:9433
