2021-02-16 00:38:57: <info>                                    _                 
2021-02-16 00:38:57: <info>  _ __   __ _ _ __   ___  _ __ ___ (_)_ __   ___ _ __ 
2021-02-16 00:38:57: <info> | '_ \ / _` | '_ \ / _ \| '_ ` _ \| | '_ \ / _ \ '__|
2021-02-16 00:38:57: <info> | | | | (_| | | | | (_) | | | | | | | | | |  __/ |   
2021-02-16 00:38:57: <info> |_| |_|\__,_|_| |_|\___/|_| |_| |_|_|_| |_|\___|_|   
2021-02-16 00:38:57: <info> 
2021-02-16 00:38:57: <info> Version 3.2.2-cuda11
2021-02-16 00:38:57: <info>  Started EthMan server on port 3333 with a password (read-only mode).
2021-02-16 00:38:57: <info>  Started web interface on port 9090 with a password.
2021-02-16 00:38:57: <info>  CUDA driver version is 11.2, runtime version is 11.1
2021-02-16 00:38:58: <info> Single device detected
2021-02-16 00:38:58: <info> GPU 0 PCI 01:00.0, Platform: CUDA, Name: GeForce RTX 3070, 8192 MB available
2021-02-16 00:38:58: <info> -------------------Ethash:------------------
2021-02-16 00:38:58: <info> Currency: Ethereum
2021-02-16 00:38:58: <info> Wallet: wallet
2021-02-16 00:38:58: <info> Rig name: ferris
2021-02-16 00:38:58: <info> Email: email
2021-02-16 00:38:58: <info> Hashrate threshold to restart miner: 50.00 MH/s
2021-02-16 00:38:58: <info> Added pool: eth-eu2.nanopool.org:9433
2021-02-16 00:38:58: <info> Added pool: eth-eu1.nanopool.org:9433
2021-02-16 00:38:58: <info> Added pool: eth-us-east1.nanopool.org:9433
2021-02-16 00:38:58: <info> Added pool: eth-us-west1.nanopool.org:9433
2021-02-16 00:38:58: <info> Added pool: eth-asia1.nanopool.org:9433
2021-02-16 00:38:58: <info> Added pool: eth-jp1.nanopool.org:9433
2021-02-16 00:38:58: <info> Added pool: eth-au1.nanopool.org:9433
2021-02-16 00:38:58: <info> Auto pool sorting is enabled
2021-02-16 00:38:58: <info> Using all GPU devices
2021-02-16 00:38:58: <info> Memory tweak: 1
2021-02-16 00:38:58: <info> -------------Common parameters:-------------
2021-02-16 00:38:58: <info> Log path: ./logs/
2021-02-16 00:38:58: <info> Log is written to file
2021-02-16 00:38:58: <info> GPU watchdog is enabled
2021-02-16 00:38:58: <info> Restart count before calling reboot.bat: 10
2021-02-16 00:38:58: <info>  Setting up algorithm: Ethash
2021-02-16 00:38:59: <info>  Connecting to pools...
2021-02-16 00:38:59: <info>  Connected to pool: eth-eu2.nanopool.org:9433 | IP: 51.15.55.162 | ping: 126 ms.
2021-02-16 00:38:59: <info>  New job from eth-eu2.nanopool.org:9433 | share difficulty = 10000 MH, epoch 395 (4183 MB)
2021-02-16 00:38:59: [Statistics] Ethereum - Total speed: 0.000 H/s, Total shares: 0 Rejected: 0, Time: 00:01
2021-02-16 00:38:59: [Statistics] GPU0 t=33°C fan 31% power 44.85W. Total power: 44.85W
2021-02-16 00:38:59: <info>  New job from eth-eu2.nanopool.org:9433
2021-02-16 00:38:59: [Statistics] Ethereum - Total speed: 0.000 H/s, Total shares: 0 Rejected: 0, Time: 00:01
2021-02-16 00:38:59: [Statistics] Ethereum last 10 min - Total: 0.000 H/s.
2021-02-16 00:39:00: <info>  New job from eth-eu2.nanopool.org:9433
2021-02-16 00:39:00: [Statistics] Ethereum - Total speed: 0.000 H/s, Total shares: 0 Rejected: 0, Time: 00:02
2021-02-16 00:39:00: [Statistics] GPU0 t=33°C fan 31% power 44.95W. Total power: 44.95W
2021-02-16 00:39:01: <info>  New job from eth-eu2.nanopool.org:9433
2021-02-16 00:39:01: [Statistics] Ethereum - Total speed: 0.000 H/s, Total shares: 0 Rejected: 0, Time: 00:03
2021-02-16 00:39:02: <info>  New job from eth-eu2.nanopool.org:9433
2021-02-16 00:39:02: [Statistics] Ethereum - Total speed: 0.000 H/s, Total shares: 0 Rejected: 0, Time: 00:04
2021-02-16 00:39:02: [Statistics] GPU0 t=40°C fan 31% power 68.72W. Total power: 68.72W
2021-02-16 00:39:04: <info>  New job from eth-eu2.nanopool.org:9433
2021-02-16 00:39:04: [Statistics] Ethereum - Total speed: 0.000 H/s, Total shares: 0 Rejected: 0, Time: 00:06
2021-02-16 00:39:04: [Statistics] Ethereum last 10 min - Total: 0.000 H/s.
2021-02-16 00:39:05: <info>  GPU0: 4183 MB DAG generated in 3.69 seconds
2021-02-16 00:39:06: <info>  New job from eth-eu2.nanopool.org:9433
2021-02-16 00:39:06: [Statistics] Ethereum - Total speed: 51.125 MH/s, Total shares: 0 Rejected: 0, Time: 00:08
2021-02-16 00:39:06: [Statistics] GPU0 t=47°C fan 30% power 192.15W. Total power: 192.15W
2021-02-16 00:39:06: <info>  New job from eth-eu2.nanopool.org:9433
2021-02-16 00:39:06: [Statistics] Ethereum - Total speed: 51.086 MH/s, Total shares: 0 Rejected: 0, Time: 00:08
2021-02-16 00:39:10: <info>  New job from eth-eu2.nanopool.org:9433
2021-02-16 00:39:10: [Statistics] Ethereum - Total speed: 51.017 MH/s, Total shares: 0 Rejected: 0, Time: 00:11
2021-02-16 00:39:10: [Statistics] GPU0 t=48°C fan 30% power 191.53W. Total power: 191.53W
2021-02-16 00:39:10: <info>  New job from eth-eu2.nanopool.org:9433
2021-02-16 00:39:10: [Statistics] Ethereum - Total speed: 50.991 MH/s, Total shares: 0 Rejected: 0, Time: 00:12
2021-02-16 00:39:10: [Statistics] Ethereum last 10 min - Total: 51.054 MH/s.
2021-02-16 00:39:10: <info>  New job from eth-eu2.nanopool.org:9433
2021-02-16 00:39:10: [Statistics] Ethereum - Total speed: 50.930 MH/s, Total shares: 0 Rejected: 0, Time: 00:12
2021-02-16 00:39:10: [Statistics] GPU0 t=48°C fan 30% power 191.29W. Total power: 191.29W
2021-02-16 00:39:13: <info>  New job from eth-eu2.nanopool.org:9433
2021-02-16 00:39:13: [Statistics] Ethereum - Total speed: 50.837 MH/s, Total shares: 0 Rejected: 0, Time: 00:15
2021-02-16 00:39:16: <info>  New job from eth-eu2.nanopool.org:9433
2021-02-16 00:39:16: [Statistics] Ethereum - Total speed: 50.830 MH/s, Total shares: 0 Rejected: 0, Time: 00:18
2021-02-16 00:39:16: [Statistics] GPU0 t=50°C fan 30% power 192.62W. Total power: 192.62W
2021-02-16 00:39:18: <info>  New job from eth-eu2.nanopool.org:9433
2021-02-16 00:39:18: [Statistics] Ethereum - Total speed: 50.823 MH/s, Total shares: 0 Rejected: 0, Time: 00:20
2021-02-16 00:39:18: [Statistics] Ethereum last 10 min - Total: 50.910 MH/s.
2021-02-16 00:39:21: <info>  New job from eth-eu2.nanopool.org:9433
2021-02-16 00:39:21: [Statistics] Ethereum - Total speed: 50.815 MH/s, Total shares: 0 Rejected: 0, Time: 00:23
2021-02-16 00:39:21: [Statistics] GPU0 t=52°C fan 30% power 193.12W. Total power: 193.12W
2021-02-16 00:39:24: <info>  New job from eth-eu2.nanopool.org:9433
2021-02-16 00:39:24: [Statistics] Ethereum - Total speed: 50.798 MH/s, Total shares: 0 Rejected: 0, Time: 00:26
2021-02-16 00:39:27: <info>  New job from eth-eu2.nanopool.org:9433
2021-02-16 00:39:27: [Statistics] Ethereum - Total speed: 50.782 MH/s, Total shares: 0 Rejected: 0, Time: 00:29
2021-02-16 00:39:27: [Statistics] GPU0 t=54°C fan 30% power 193.65W. Total power: 193.65W
2021-02-16 00:39:30: <info>  New job from eth-eu2.nanopool.org:9433
2021-02-16 00:39:30: [Statistics] Ethereum - Total speed: 50.767 MH/s, Total shares: 0 Rejected: 0, Time: 00:32
2021-02-16 00:39:30: [Statistics] Ethereum last 10 min - Total: 50.855 MH/s.
2021-02-16 00:39:33: <info>  New job from eth-eu2.nanopool.org:9433
2021-02-16 00:39:33: [Statistics] Ethereum - Total speed: 50.745 MH/s, Total shares: 0 Rejected: 0, Time: 00:35
2021-02-16 00:39:33: [Statistics] GPU0 t=48°C fan 31% power 117.62W. Total power: 117.62W
2021-02-16 00:39:36: <info>  New job from eth-eu2.nanopool.org:9433
2021-02-16 00:39:36: [Statistics] Ethereum - Total speed: 51.176 MH/s, Total shares: 0 Rejected: 0, Time: 00:38
2021-02-16 00:39:37: <info>  New job from eth-eu2.nanopool.org:9433
2021-02-16 00:39:37: [Statistics] Ethereum - Total speed: 52.032 MH/s, Total shares: 0 Rejected: 0, Time: 00:38
2021-02-16 00:39:37: [Statistics] GPU0 t=48°C fan 31% power 120.46W. Total power: 120.46W
2021-02-16 00:39:37: <info>  New job from eth-eu2.nanopool.org:9433
2021-02-16 00:39:37: [Statistics] Ethereum - Total speed: 52.787 MH/s, Total shares: 0 Rejected: 0, Time: 00:39
2021-02-16 00:39:37: [Statistics] Ethereum last 10 min - Total: 50.888 MH/s.
2021-02-16 00:39:40: <info>  New job from eth-eu2.nanopool.org:9433
2021-02-16 00:39:40: [Statistics] Ethereum - Total speed: 53.465 MH/s, Total shares: 0 Rejected: 0, Time: 00:41
2021-02-16 00:39:40: [Statistics] GPU0 t=47°C fan 31% power 120.79W. Total power: 120.79W
2021-02-16 00:39:43: <info>  New job from eth-eu2.nanopool.org:9433
2021-02-16 00:39:43: [Statistics] Ethereum - Total speed: 54.085 MH/s, Total shares: 0 Rejected: 0, Time: 00:45
2021-02-16 00:39:46: <info>  New job from eth-eu2.nanopool.org:9433
2021-02-16 00:39:46: [Statistics] Ethereum - Total speed: 54.650 MH/s, Total shares: 0 Rejected: 0, Time: 00:48
2021-02-16 00:39:46: [Statistics] GPU0 t=48°C fan 31% power 120.74W. Total power: 120.74W
2021-02-16 00:39:49: <info>  New job from eth-eu2.nanopool.org:9433
2021-02-16 00:39:49: [Statistics] Ethereum - Total speed: 55.157 MH/s, Total shares: 0 Rejected: 0, Time: 00:50
2021-02-16 00:39:49: [Statistics] Ethereum last 10 min - Total: 51.760 MH/s.
2021-02-16 00:39:52: <info>  New job from eth-eu2.nanopool.org:9433
2021-02-16 00:39:52: [Statistics] Ethereum - Total speed: 55.616 MH/s, Total shares: 0 Rejected: 0, Time: 00:54
2021-02-16 00:39:52: [Statistics] GPU0 t=48°C fan 31% power 120.73W. Total power: 120.73W
2021-02-16 00:39:54: <info>  New job from eth-eu2.nanopool.org:9433
2021-02-16 00:39:54: [Statistics] Ethereum - Total speed: 56.028 MH/s, Total shares: 0 Rejected: 0, Time: 00:56
2021-02-16 00:39:55: <info>  New job from eth-eu2.nanopool.org:9433
2021-02-16 00:39:55: [Statistics] Ethereum - Total speed: 56.396 MH/s, Total shares: 0 Rejected: 0, Time: 00:57
2021-02-16 00:39:55: [Statistics] GPU0 t=48°C fan 31% power 120.89W. Total power: 120.89W
2021-02-16 00:39:57: <info>  New job from eth-eu2.nanopool.org:9433
2021-02-16 00:39:57: [Statistics] Ethereum - Total speed: 56.720 MH/s, Total shares: 0 Rejected: 0, Time: 00:59
2021-02-16 00:39:57: [Statistics] Ethereum last 10 min - Total: 52.449 MH/s.
2021-02-16 00:40:01: <info>  New job from eth-eu2.nanopool.org:9433
2021-02-16 00:40:01: [Statistics] Ethereum - Total speed: 57.032 MH/s, Total shares: 0 Rejected: 0, Time: 01:02
2021-02-16 00:40:01: [Statistics] GPU0 t=48°C fan 31% power 120.83W. Total power: 120.83W
2021-02-16 00:40:02: <info>  New job from eth-eu2.nanopool.org:9433
2021-02-16 00:40:02: [Statistics] Ethereum - Total speed: 57.297 MH/s, Total shares: 0 Rejected: 0, Time: 01:03
2021-02-16 00:40:02: <info>  New job from eth-eu2.nanopool.org:9433
2021-02-16 00:40:02: [Statistics] Ethereum - Total speed: 57.526 MH/s, Total shares: 0 Rejected: 0, Time: 01:04
2021-02-16 00:40:02: [Statistics] GPU0 t=48°C fan 31% power 120.95W. Total power: 120.95W
2021-02-16 00:40:04: <info>  New job from eth-eu2.nanopool.org:9433
2021-02-16 00:40:04: [Statistics] Ethereum - Total speed: 57.706 MH/s, Total shares: 0 Rejected: 0, Time: 01:06
2021-02-16 00:40:04: [Statistics] Ethereum last 10 min - Total: 53.046 MH/s.
2021-02-16 00:40:08: <info>  New job from eth-eu2.nanopool.org:9433
2021-02-16 00:40:08: [Statistics] Ethereum - Total speed: 57.903 MH/s, Total shares: 0 Rejected: 0, Time: 01:10
2021-02-16 00:40:08: [Statistics] GPU0 t=48°C fan 31% power 120.82W. Total power: 120.82W
2021-02-16 00:40:10: <info>  New job from eth-eu2.nanopool.org:9433
2021-02-16 00:40:10: [Statistics] Ethereum - Total speed: 58.084 MH/s, Total shares: 0 Rejected: 0, Time: 01:12
2021-02-16 00:40:14: <info>  New job from eth-eu2.nanopool.org:9433
2021-02-16 00:40:14: [Statistics] Ethereum - Total speed: 58.233 MH/s, Total shares: 0 Rejected: 0, Time: 01:15
2021-02-16 00:40:14: [Statistics] GPU0 t=48°C fan 31% power 120.87W. Total power: 120.87W
2021-02-16 00:40:14: <info>  New job from eth-eu2.nanopool.org:9433
2021-02-16 00:40:14: [Statistics] Ethereum - Total speed: 58.226 MH/s, Total shares: 0 Rejected: 0, Time: 01:16
2021-02-16 00:40:14: [Statistics] Ethereum last 10 min - Total: 53.763 MH/s.
2021-02-16 00:40:15: <info>  New job from eth-eu2.nanopool.org:9433
2021-02-16 00:40:15: [Statistics] Ethereum - Total speed: 58.163 MH/s, Total shares: 0 Rejected: 0, Time: 01:17
2021-02-16 00:40:15: [Statistics] GPU0 t=48°C fan 31% power 120.64W. Total power: 120.64W
2021-02-16 00:40:18: <info>  New job from eth-eu2.nanopool.org:9433
2021-02-16 00:40:18: [Statistics] Ethereum - Total speed: 58.142 MH/s, Total shares: 0 Rejected: 0, Time: 01:20
2021-02-16 00:40:20: <info>  New job from eth-eu2.nanopool.org:9433
2021-02-16 00:40:20: [Statistics] Ethereum - Total speed: 58.218 MH/s, Total shares: 0 Rejected: 0, Time: 01:22
2021-02-16 00:40:20: [Statistics] GPU0 t=49°C fan 31% power 120.91W. Total power: 120.91W
2021-02-16 00:40:23: <info>  New job from eth-eu2.nanopool.org:9433
2021-02-16 00:40:23: [Statistics] Ethereum - Total speed: 58.266 MH/s, Total shares: 0 Rejected: 0, Time: 01:25
2021-02-16 00:40:23: [Statistics] Ethereum last 10 min - Total: 54.286 MH/s.
2021-02-16 00:40:24: <info>  New job from eth-eu2.nanopool.org:9433
2021-02-16 00:40:24: [Statistics] Ethereum - Total speed: 58.406 MH/s, Total shares: 0 Rejected: 0, Time: 01:26
2021-02-16 00:40:24: [Statistics] GPU0 t=49°C fan 31% power 120.67W. Total power: 120.67W
2021-02-16 00:40:25: <info>  New job from eth-eu2.nanopool.org:9433
2021-02-16 00:40:25: [Statistics] Ethereum - Total speed: 58.491 MH/s, Total shares: 0 Rejected: 0, Time: 01:27
2021-02-16 00:40:27: <info>  New job from eth-eu2.nanopool.org:9433
2021-02-16 00:40:27: [Statistics] Ethereum - Total speed: 58.501 MH/s, Total shares: 0 Rejected: 0, Time: 01:29
2021-02-16 00:40:27: [Statistics] GPU0 t=49°C fan 31% power 120.83W. Total power: 120.83W
2021-02-16 00:40:29: <info>  New job from eth-eu2.nanopool.org:9433
2021-02-16 00:40:29: [Statistics] Ethereum - Total speed: 58.526 MH/s, Total shares: 0 Rejected: 0, Time: 01:31
2021-02-16 00:40:29: [Statistics] Ethereum last 10 min - Total: 54.562 MH/s.
2021-02-16 00:40:29: <info>  New job from eth-eu2.nanopool.org:9433
2021-02-16 00:40:29: [Statistics] Ethereum - Total speed: 58.643 MH/s, Total shares: 0 Rejected: 0, Time: 01:31
2021-02-16 00:40:29: [Statistics] GPU0 t=49°C fan 31% power 120.79W. Total power: 120.79W
2021-02-16 00:40:32: <info>  New job from eth-eu2.nanopool.org:9433
2021-02-16 00:40:32: [Statistics] Ethereum - Total speed: 58.727 MH/s, Total shares: 0 Rejected: 0, Time: 01:34
2021-02-16 00:40:35: <info>  New job from eth-eu2.nanopool.org:9433
2021-02-16 00:40:35: [Statistics] Ethereum - Total speed: 58.825 MH/s, Total shares: 0 Rejected: 0, Time: 01:37
2021-02-16 00:40:35: [Statistics] GPU0 t=49°C fan 31% power 120.71W. Total power: 120.71W
2021-02-16 00:40:38: <info>  New job from eth-eu2.nanopool.org:9433
2021-02-16 00:40:38: [Statistics] Ethereum - Total speed: 58.822 MH/s, Total shares: 0 Rejected: 0, Time: 01:40
2021-02-16 00:40:38: [Statistics] Ethereum last 10 min - Total: 54.973 MH/s.
2021-02-16 00:40:41: <info>  New job from eth-eu2.nanopool.org:9433
2021-02-16 00:40:41: [Statistics] Ethereum - Total speed: 58.795 MH/s, Total shares: 0 Rejected: 0, Time: 01:43
2021-02-16 00:40:41: [Statistics] GPU0 t=49°C fan 31% power 120.93W. Total power: 120.93W
2021-02-16 00:40:44: <info>  New job from eth-eu2.nanopool.org:9433
2021-02-16 00:40:44: [Statistics] Ethereum - Total speed: 58.794 MH/s, Total shares: 0 Rejected: 0, Time: 01:46
2021-02-16 00:40:47: <info>  New job from eth-eu2.nanopool.org:9433
2021-02-16 00:40:47: [Statistics] Ethereum - Total speed: 58.885 MH/s, Total shares: 0 Rejected: 0, Time: 01:49
2021-02-16 00:40:47: [Statistics] GPU0 t=49°C fan 31% power 120.74W. Total power: 120.74W
2021-02-16 00:40:48: <info>  New job from eth-eu2.nanopool.org:9433
2021-02-16 00:40:48: [Statistics] Ethereum - Total speed: 58.899 MH/s, Total shares: 0 Rejected: 0, Time: 01:50
2021-02-16 00:40:48: [Statistics] Ethereum last 10 min - Total: 55.362 MH/s.
2021-02-16 00:40:49: <info>  New job from eth-eu2.nanopool.org:9433
2021-02-16 00:40:49: [Statistics] Ethereum - Total speed: 58.904 MH/s, Total shares: 0 Rejected: 0, Time: 01:51
2021-02-16 00:40:49: [Statistics] GPU0 t=49°C fan 31% power 120.85W. Total power: 120.85W
2021-02-16 00:40:51: <info>  New job from eth-eu2.nanopool.org:9433
2021-02-16 00:40:51: [Statistics] Ethereum - Total speed: 58.975 MH/s, Total shares: 0 Rejected: 0, Time: 01:53
2021-02-16 00:40:53: <info>  New job from eth-eu2.nanopool.org:9433
2021-02-16 00:40:53: [Statistics] Ethereum - Total speed: 58.812 MH/s, Total shares: 0 Rejected: 0, Time: 01:55
2021-02-16 00:40:53: [Statistics] GPU0 t=50°C fan 31% power 120.25W. Total power: 120.25W
2021-02-16 00:40:54: <info>  New job from eth-eu2.nanopool.org:9433
2021-02-16 00:40:54: [Statistics] Ethereum - Total speed: 58.758 MH/s, Total shares: 0 Rejected: 0, Time: 01:56
2021-02-16 00:40:54: [Statistics] Ethereum last 10 min - Total: 55.547 MH/s.
2021-02-16 00:40:56: <info>  New job from eth-eu2.nanopool.org:9433
2021-02-16 00:40:56: [Statistics] Ethereum - Total speed: 58.715 MH/s, Total shares: 0 Rejected: 0, Time: 01:58
2021-02-16 00:40:56: [Statistics] GPU0 t=49°C fan 31% power 120.14W. Total power: 120.14W
2021-02-16 00:40:59: <info>  New job from eth-eu2.nanopool.org:9433
2021-02-16 00:40:59: [Statistics] Ethereum - Total speed: 58.514 MH/s, Total shares: 0 Rejected: 0, Time: 02:01
2021-02-16 00:41:02: <info>  New job from eth-eu2.nanopool.org:9433
2021-02-16 00:41:02: [Statistics] Ethereum - Total speed: 58.392 MH/s, Total shares: 0 Rejected: 0, Time: 02:04
2021-02-16 00:41:02: [Statistics] GPU0 t=50°C fan 31% power 120.74W. Total power: 120.74W
2021-02-16 00:41:05: <info>  New job from eth-eu2.nanopool.org:9433
2021-02-16 00:41:05: [Statistics] Ethereum - Total speed: 58.354 MH/s, Total shares: 0 Rejected: 0, Time: 02:07
2021-02-16 00:41:05: [Statistics] Ethereum last 10 min - Total: 55.832 MH/s.
2021-02-16 00:41:07: <info>  New job from eth-eu2.nanopool.org:9433
2021-02-16 00:41:07: [Statistics] Ethereum - Total speed: 58.432 MH/s, Total shares: 0 Rejected: 0, Time: 02:09
2021-02-16 00:41:07: [Statistics] GPU0 t=50°C fan 31% power 120.72W. Total power: 120.72W
2021-02-16 00:41:07: <info>  New job from eth-eu2.nanopool.org:9433
2021-02-16 00:41:07: [Statistics] Ethereum - Total speed: 58.492 MH/s, Total shares: 0 Rejected: 0, Time: 02:09
2021-02-16 00:41:10: <info>  New job from eth-eu2.nanopool.org:9433
2021-02-16 00:41:10: [Statistics] Ethereum - Total speed: 58.426 MH/s, Total shares: 0 Rejected: 0, Time: 02:12
2021-02-16 00:41:10: [Statistics] GPU0 t=50°C fan 31% power 120.86W. Total power: 120.86W
2021-02-16 00:41:14: <info>  New job from eth-eu2.nanopool.org:9433
2021-02-16 00:41:14: [Statistics] Ethereum - Total speed: 58.546 MH/s, Total shares: 0 Rejected: 0, Time: 02:16
2021-02-16 00:41:14: [Statistics] Ethereum last 10 min - Total: 56.007 MH/s.
2021-02-16 00:41:14: <info>  New job from eth-eu2.nanopool.org:9433
2021-02-16 00:41:14: [Statistics] Ethereum - Total speed: 58.658 MH/s, Total shares: 0 Rejected: 0, Time: 02:16
2021-02-16 00:41:14: [Statistics] GPU0 t=50°C fan 31% power 120.67W. Total power: 120.67W
2021-02-16 00:41:15: <info>  New job from eth-eu2.nanopool.org:9433
2021-02-16 00:41:15: [Statistics] Ethereum - Total speed: 58.730 MH/s, Total shares: 0 Rejected: 0, Time: 02:17
2021-02-16 00:41:16: <info>  New job from eth-eu2.nanopool.org:9433
2021-02-16 00:41:16: [Statistics] Ethereum - Total speed: 58.823 MH/s, Total shares: 0 Rejected: 0, Time: 02:18
2021-02-16 00:41:16: [Statistics] GPU0 t=50°C fan 31% power 120.96W. Total power: 120.96W
2021-02-16 00:41:16: <info>  New job from eth-eu2.nanopool.org:9433
2021-02-16 00:41:16: [Statistics] Ethereum - Total speed: 58.894 MH/s, Total shares: 0 Rejected: 0, Time: 02:18
2021-02-16 00:41:16: [Statistics] Ethereum last 10 min - Total: 56.063 MH/s.
2021-02-16 00:41:19: <info>  New job from eth-eu2.nanopool.org:9433
2021-02-16 00:41:19: [Statistics] Ethereum - Total speed: 58.914 MH/s, Total shares: 0 Rejected: 0, Time: 02:21
2021-02-16 00:41:19: [Statistics] GPU0 t=50°C fan 31% power 120.16W. Total power: 120.16W
2021-02-16 00:41:20: <info>  New job from eth-eu2.nanopool.org:9433
2021-02-16 00:41:20: [Statistics] Ethereum - Total speed: 58.969 MH/s, Total shares: 0 Rejected: 0, Time: 02:22
2021-02-16 00:41:20: <info>  New job from eth-eu2.nanopool.org:9433
2021-02-16 00:41:20: [Statistics] Ethereum - Total speed: 59.022 MH/s, Total shares: 0 Rejected: 0, Time: 02:22
2021-02-16 00:41:20: [Statistics] GPU0 t=50°C fan 31% power 120.79W. Total power: 120.79W
2021-02-16 00:41:23: <info>  New job from eth-eu2.nanopool.org:9433
2021-02-16 00:41:23: [Statistics] Ethereum - Total speed: 58.924 MH/s, Total shares: 0 Rejected: 0, Time: 02:25
2021-02-16 00:41:23: [Statistics] Ethereum last 10 min - Total: 56.199 MH/s.
2021-02-16 00:41:26: <info>  New job from eth-eu2.nanopool.org:9433
2021-02-16 00:41:26: [Statistics] Ethereum - Total speed: 58.991 MH/s, Total shares: 0 Rejected: 0, Time: 02:28
2021-02-16 00:41:26: [Statistics] GPU0 t=50°C fan 31% power 120.63W. Total power: 120.63W
2021-02-16 00:41:29: <info>  New job from eth-eu2.nanopool.org:9433
2021-02-16 00:41:29: [Statistics] Ethereum - Total speed: 59.055 MH/s, Total shares: 0 Rejected: 0, Time: 02:31
2021-02-16 00:41:32: <info>  New job from eth-eu2.nanopool.org:9433
2021-02-16 00:41:32: [Statistics] Ethereum - Total speed: 59.110 MH/s, Total shares: 0 Rejected: 0, Time: 02:34
2021-02-16 00:41:32: [Statistics] GPU0 t=50°C fan 31% power 120.86W. Total power: 120.86W
2021-02-16 00:41:33: <info>  New job from eth-eu2.nanopool.org:9433
2021-02-16 00:41:33: [Statistics] Ethereum - Total speed: 59.162 MH/s, Total shares: 0 Rejected: 0, Time: 02:35
2021-02-16 00:41:33: [Statistics] Ethereum last 10 min - Total: 56.399 MH/s.
2021-02-16 00:41:33: <info>  New job from eth-eu2.nanopool.org:9433
2021-02-16 00:41:33: [Statistics] Ethereum - Total speed: 59.209 MH/s, Total shares: 0 Rejected: 0, Time: 02:35
2021-02-16 00:41:33: [Statistics] GPU0 t=50°C fan 31% power 120.71W. Total power: 120.71W
2021-02-16 00:41:36: <info>  New job from eth-eu2.nanopool.org:9433
2021-02-16 00:41:36: [Statistics] Ethereum - Total speed: 59.151 MH/s, Total shares: 0 Rejected: 0, Time: 02:38
2021-02-16 00:41:40: <info>  New job from eth-eu2.nanopool.org:9433
2021-02-16 00:41:40: [Statistics] Ethereum - Total speed: 59.200 MH/s, Total shares: 0 Rejected: 0, Time: 02:41
2021-02-16 00:41:40: [Statistics] GPU0 t=50°C fan 31% power 121.03W. Total power: 121.03W
2021-02-16 00:41:42: <info>  New job from eth-eu2.nanopool.org:9433
2021-02-16 00:41:42: [Statistics] Ethereum - Total speed: 59.239 MH/s, Total shares: 0 Rejected: 0, Time: 02:44
2021-02-16 00:41:42: [Statistics] Ethereum last 10 min - Total: 56.560 MH/s.
2021-02-16 00:41:45: <info>  New job from eth-eu2.nanopool.org:9433
2021-02-16 00:41:45: [Statistics] Ethereum - Total speed: 59.274 MH/s, Total shares: 0 Rejected: 0, Time: 02:47
2021-02-16 00:41:45: [Statistics] GPU0 t=50°C fan 31% power 120.66W. Total power: 120.66W
2021-02-16 00:41:49: <info>  New job from eth-eu2.nanopool.org:9433
2021-02-16 00:41:49: [Statistics] Ethereum - Total speed: 59.309 MH/s, Total shares: 0 Rejected: 0, Time: 02:51
2021-02-16 00:41:51: <info>  New job from eth-eu2.nanopool.org:9433
2021-02-16 00:41:51: [Statistics] Ethereum - Total speed: 59.322 MH/s, Total shares: 0 Rejected: 0, Time: 02:53
2021-02-16 00:41:51: [Statistics] GPU0 t=50°C fan 31% power 120.86W. Total power: 120.86W
2021-02-16 00:41:54: <info>  New job from eth-eu2.nanopool.org:9433
2021-02-16 00:41:54: [Statistics] Ethereum - Total speed: 59.334 MH/s, Total shares: 0 Rejected: 0, Time: 02:56
2021-02-16 00:41:54: [Statistics] Ethereum last 10 min - Total: 56.756 MH/s.
2021-02-16 00:41:57: <info>  New job from eth-eu2.nanopool.org:9433
2021-02-16 00:41:57: [Statistics] Ethereum - Total speed: 59.359 MH/s, Total shares: 0 Rejected: 0, Time: 02:59
2021-02-16 00:41:57: [Statistics] GPU0 t=50°C fan 31% power 120.81W. Total power: 120.81W
2021-02-16 00:42:00: <info>  New job from eth-eu2.nanopool.org:9433
2021-02-16 00:42:00: [Statistics] Ethereum - Total speed: 59.388 MH/s, Total shares: 0 Rejected: 0, Time: 03:02
2021-02-16 00:42:03: <info>  New job from eth-eu2.nanopool.org:9433
2021-02-16 00:42:03: [Statistics] Ethereum - Total speed: 59.357 MH/s, Total shares: 0 Rejected: 0, Time: 03:05
2021-02-16 00:42:03: [Statistics] GPU0 t=50°C fan 31% power 120.80W. Total power: 120.80W
2021-02-16 00:42:06: <info>  New job from eth-eu2.nanopool.org:9433
2021-02-16 00:42:06: [Statistics] Ethereum - Total speed: 59.383 MH/s, Total shares: 0 Rejected: 0, Time: 03:07
2021-02-16 00:42:06: [Statistics] Ethereum last 10 min - Total: 56.918 MH/s.
2021-02-16 00:42:07: <info>  New job from eth-eu2.nanopool.org:9433
2021-02-16 00:42:07: [Statistics] Ethereum - Total speed: 59.398 MH/s, Total shares: 0 Rejected: 0, Time: 03:09
2021-02-16 00:42:07: [Statistics] GPU0 t=50°C fan 31% power 120.72W. Total power: 120.72W
2021-02-16 00:42:09: <info>  New job from eth-eu2.nanopool.org:9433
2021-02-16 00:42:09: [Statistics] Ethereum - Total speed: 59.412 MH/s, Total shares: 0 Rejected: 0, Time: 03:11
2021-02-16 00:42:12: <info>  New job from eth-eu2.nanopool.org:9433
2021-02-16 00:42:12: [Statistics] Ethereum - Total speed: 59.437 MH/s, Total shares: 0 Rejected: 0, Time: 03:13
2021-02-16 00:42:12: [Statistics] GPU0 t=51°C fan 31% power 120.36W. Total power: 120.36W
2021-02-16 00:42:15: <info>  New job from eth-eu2.nanopool.org:9433
2021-02-16 00:42:15: [Statistics] Ethereum - Total speed: 59.404 MH/s, Total shares: 0 Rejected: 0, Time: 03:16
2021-02-16 00:42:15: [Statistics] Ethereum last 10 min - Total: 57.038 MH/s.
2021-02-16 00:42:18: <info>  New job from eth-eu2.nanopool.org:9433
2021-02-16 00:42:18: [Statistics] Ethereum - Total speed: 59.284 MH/s, Total shares: 0 Rejected: 0, Time: 03:19
2021-02-16 00:42:18: [Statistics] GPU0 t=50°C fan 31% power 121.03W. Total power: 121.03W
2021-02-16 00:42:21: <info>  New job from eth-eu2.nanopool.org:9433
2021-02-16 00:42:21: [Statistics] Ethereum - Total speed: 59.236 MH/s, Total shares: 0 Rejected: 0, Time: 03:22
2021-02-16 00:42:24: <info>  New job from eth-eu2.nanopool.org:9433
2021-02-16 00:42:24: [Statistics] Ethereum - Total speed: 59.060 MH/s, Total shares: 0 Rejected: 0, Time: 03:25
2021-02-16 00:42:24: [Statistics] GPU0 t=51°C fan 30% power 120.84W. Total power: 120.84W
2021-02-16 00:42:27: <info>  New job from eth-eu2.nanopool.org:9433
2021-02-16 00:42:27: [Statistics] Ethereum - Total speed: 58.382 MH/s, Total shares: 0 Rejected: 0, Time: 03:28
2021-02-16 00:42:27: [Statistics] Ethereum last 10 min - Total: 57.162 MH/s.
2021-02-16 00:42:30: <info>  New job from eth-eu2.nanopool.org:9433
2021-02-16 00:42:30: [Statistics] Ethereum - Total speed: 58.209 MH/s, Total shares: 0 Rejected: 0, Time: 03:32
2021-02-16 00:42:30: [Statistics] GPU0 t=51°C fan 31% power 120.93W. Total power: 120.93W
2021-02-16 00:42:30: <info>  New job from eth-eu2.nanopool.org:9433
2021-02-16 00:42:30: [Statistics] Ethereum - Total speed: 58.364 MH/s, Total shares: 0 Rejected: 0, Time: 03:32
2021-02-16 00:42:31: <info>  New job from eth-eu2.nanopool.org:9433
2021-02-16 00:42:31: [Statistics] Ethereum - Total speed: 58.463 MH/s, Total shares: 0 Rejected: 0, Time: 03:33
2021-02-16 00:42:31: [Statistics] GPU0 t=51°C fan 31% power 120.92W. Total power: 120.92W
2021-02-16 00:42:33: <info>  New job from eth-eu2.nanopool.org:9433
2021-02-16 00:42:33: [Statistics] Ethereum - Total speed: 58.554 MH/s, Total shares: 0 Rejected: 0, Time: 03:35
2021-02-16 00:42:33: [Statistics] Ethereum last 10 min - Total: 57.202 MH/s.
2021-02-16 00:42:35: <info>  New job from eth-eu2.nanopool.org:9433
2021-02-16 00:42:35: [Statistics] Ethereum - Total speed: 58.666 MH/s, Total shares: 0 Rejected: 0, Time: 03:37
2021-02-16 00:42:35: [Statistics] GPU0 t=51°C fan 31% power 120.91W. Total power: 120.91W
2021-02-16 00:42:35: <info>  New job from eth-eu2.nanopool.org:9433
2021-02-16 00:42:35: [Statistics] Ethereum - Total speed: 58.767 MH/s, Total shares: 0 Rejected: 0, Time: 03:37
2021-02-16 00:42:37: <info>  New job from eth-eu2.nanopool.org:9433
2021-02-16 00:42:37: [Statistics] Ethereum - Total speed: 58.834 MH/s, Total shares: 0 Rejected: 0, Time: 03:39
2021-02-16 00:42:37: [Statistics] GPU0 t=51°C fan 31% power 120.87W. Total power: 120.87W
2021-02-16 00:42:37: <info>  New job from eth-eu2.nanopool.org:9433
2021-02-16 00:42:37: [Statistics] Ethereum - Total speed: 58.929 MH/s, Total shares: 0 Rejected: 0, Time: 03:39
2021-02-16 00:42:37: [Statistics] Ethereum last 10 min - Total: 57.231 MH/s.
2021-02-16 00:42:40: <info>  New job from eth-eu2.nanopool.org:9433
2021-02-16 00:42:40: [Statistics] Ethereum - Total speed: 58.972 MH/s, Total shares: 0 Rejected: 0, Time: 03:42
2021-02-16 00:42:40: [Statistics] GPU0 t=50°C fan 31% power 116.38W. Total power: 116.38W
2021-02-16 00:42:43: <info>  New job from eth-eu2.nanopool.org:9433
2021-02-16 00:42:43: [Statistics] Ethereum - Total speed: 58.752 MH/s, Total shares: 0 Rejected: 0, Time: 03:45
2021-02-16 00:42:46: <info>  New job from eth-eu2.nanopool.org:9433
2021-02-16 00:42:46: [Statistics] Ethereum - Total speed: 58.808 MH/s, Total shares: 0 Rejected: 0, Time: 03:48
2021-02-16 00:42:46: [Statistics] GPU0 t=51°C fan 31% power 120.91W. Total power: 120.91W
2021-02-16 00:42:49: <info>  New job from eth-eu2.nanopool.org:9433
2021-02-16 00:42:49: [Statistics] Ethereum - Total speed: 58.933 MH/s, Total shares: 0 Rejected: 0, Time: 03:51
2021-02-16 00:42:49: [Statistics] Ethereum last 10 min - Total: 57.315 MH/s.
2021-02-16 00:42:52: <info>  New job from eth-eu2.nanopool.org:9433
2021-02-16 00:42:52: [Statistics] Ethereum - Total speed: 56.574 MH/s, Total shares: 0 Rejected: 0, Time: 03:54
2021-02-16 00:42:52: [Statistics] GPU0 t=51°C fan 30% power 120.25W. Total power: 120.25W
2021-02-16 00:42:55: <info>  New job from eth-eu2.nanopool.org:9433
2021-02-16 00:42:55: [Statistics] Ethereum - Total speed: 56.376 MH/s, Total shares: 0 Rejected: 0, Time: 03:57
2021-02-16 00:42:58: <info>  New job from eth-eu2.nanopool.org:9433
2021-02-16 00:42:58: [Statistics] Ethereum - Total speed: 56.677 MH/s, Total shares: 0 Rejected: 0, Time: 04:00
2021-02-16 00:42:58: [Statistics] GPU0 t=51°C fan 31% power 120.83W. Total power: 120.83W
2021-02-16 00:43:01: <info>  New job from eth-eu2.nanopool.org:9433
2021-02-16 00:43:01: [Statistics] Ethereum - Total speed: 57.051 MH/s, Total shares: 0 Rejected: 0, Time: 04:03
2021-02-16 00:43:01: [Statistics] Ethereum last 10 min - Total: 57.294 MH/s.
2021-02-16 00:43:04: <info>  New job from eth-eu2.nanopool.org:9433
2021-02-16 00:43:04: [Statistics] Ethereum - Total speed: 57.275 MH/s, Total shares: 0 Rejected: 0, Time: 04:06
2021-02-16 00:43:04: [Statistics] GPU0 t=51°C fan 31% power 120.56W. Total power: 120.56W
2021-02-16 00:43:05: <info>  New job from eth-eu2.nanopool.org:9433
2021-02-16 00:43:05: [Statistics] Ethereum - Total speed: 57.571 MH/s, Total shares: 0 Rejected: 0, Time: 04:07
2021-02-16 00:43:06: <info>  New job from eth-eu2.nanopool.org:9433
2021-02-16 00:43:06: [Statistics] Ethereum - Total speed: 57.830 MH/s, Total shares: 0 Rejected: 0, Time: 04:08
2021-02-16 00:43:06: [Statistics] GPU0 t=51°C fan 31% power 121.28W. Total power: 121.28W
2021-02-16 00:43:08: <info>  New job from eth-eu2.nanopool.org:9433
2021-02-16 00:43:08: [Statistics] Ethereum - Total speed: 57.909 MH/s, Total shares: 0 Rejected: 0, Time: 04:10
2021-02-16 00:43:08: [Statistics] Ethereum last 10 min - Total: 57.300 MH/s.
2021-02-16 00:43:12: <info>  New job from eth-eu2.nanopool.org:9433
2021-02-16 00:43:12: [Statistics] Ethereum - Total speed: 58.004 MH/s, Total shares: 0 Rejected: 0, Time: 04:14
2021-02-16 00:43:12: [Statistics] GPU0 t=51°C fan 31% power 120.75W. Total power: 120.75W
2021-02-16 00:43:14: <info>  New job from eth-eu2.nanopool.org:9433
2021-02-16 00:43:14: [Statistics] Ethereum - Total speed: 58.233 MH/s, Total shares: 0 Rejected: 0, Time: 04:16
2021-02-16 00:43:17: <info>  New job from eth-eu2.nanopool.org:9433
2021-02-16 00:43:17: [Statistics] Ethereum - Total speed: 58.451 MH/s, Total shares: 0 Rejected: 0, Time: 04:19
2021-02-16 00:43:17: [Statistics] GPU0 t=51°C fan 31% power 121.18W. Total power: 121.18W
2021-02-16 00:43:18: <info>  New job from eth-eu2.nanopool.org:9433
2021-02-16 00:43:18: [Statistics] Ethereum - Total speed: 58.649 MH/s, Total shares: 0 Rejected: 0, Time: 04:20
2021-02-16 00:43:18: [Statistics] Ethereum last 10 min - Total: 57.334 MH/s.
2021-02-16 00:43:20: <info>  New job from eth-eu2.nanopool.org:9433
2021-02-16 00:43:20: [Statistics] Ethereum - Total speed: 58.819 MH/s, Total shares: 0 Rejected: 0, Time: 04:22
2021-02-16 00:43:20: [Statistics] GPU0 t=51°C fan 31% power 120.52W. Total power: 120.52W
2021-02-16 00:43:22: <info>  New job from eth-eu2.nanopool.org:9433
2021-02-16 00:43:22: [Statistics] Ethereum - Total speed: 58.979 MH/s, Total shares: 0 Rejected: 0, Time: 04:24
2021-02-16 00:43:25: <info>  New job from eth-eu2.nanopool.org:9433
2021-02-16 00:43:25: [Statistics] Ethereum - Total speed: 59.123 MH/s, Total shares: 0 Rejected: 0, Time: 04:26
2021-02-16 00:43:25: [Statistics] GPU0 t=51°C fan 31% power 121.11W. Total power: 121.11W
2021-02-16 00:43:28: <info>  New job from eth-eu2.nanopool.org:9433
2021-02-16 00:43:28: [Statistics] Ethereum - Total speed: 59.242 MH/s, Total shares: 0 Rejected: 0, Time: 04:30
2021-02-16 00:43:28: [Statistics] Ethereum last 10 min - Total: 57.395 MH/s.
2021-02-16 00:43:31: <info>  New job from eth-eu2.nanopool.org:9433
2021-02-16 00:43:31: [Statistics] Ethereum - Total speed: 59.217 MH/s, Total shares: 0 Rejected: 0, Time: 04:33
2021-02-16 00:43:31: [Statistics] GPU0 t=51°C fan 31% power 120.87W. Total power: 120.87W
2021-02-16 00:43:33: <info>  New job from eth-eu2.nanopool.org:9433
2021-02-16 00:43:33: [Statistics] Ethereum - Total speed: 59.321 MH/s, Total shares: 0 Rejected: 0, Time: 04:35
2021-02-16 00:43:37: <info>  New job from eth-eu2.nanopool.org:9433
2021-02-16 00:43:37: [Statistics] Ethereum - Total speed: 59.418 MH/s, Total shares: 0 Rejected: 0, Time: 04:38
2021-02-16 00:43:37: [Statistics] GPU0 t=51°C fan 31% power 121.24W. Total power: 121.24W
2021-02-16 00:43:40: <info>  New job from eth-eu2.nanopool.org:9433
2021-02-16 00:43:40: [Statistics] Ethereum - Total speed: 59.508 MH/s, Total shares: 0 Rejected: 0, Time: 04:41
2021-02-16 00:43:40: [Statistics] Ethereum last 10 min - Total: 57.478 MH/s.
2021-02-16 00:43:43: <info>  New job from eth-eu2.nanopool.org:9433
2021-02-16 00:43:43: [Statistics] Ethereum - Total speed: 59.577 MH/s, Total shares: 0 Rejected: 0, Time: 04:44
2021-02-16 00:43:43: [Statistics] GPU0 t=51°C fan 31% power 120.69W. Total power: 120.69W
2021-02-16 00:43:46: <info>  New job from eth-eu2.nanopool.org:9433
2021-02-16 00:43:46: [Statistics] Ethereum - Total speed: 59.641 MH/s, Total shares: 0 Rejected: 0, Time: 04:47
2021-02-16 00:43:49: <info>  New job from eth-eu2.nanopool.org:9433
2021-02-16 00:43:49: [Statistics] Ethereum - Total speed: 59.715 MH/s, Total shares: 0 Rejected: 0, Time: 04:50
2021-02-16 00:43:49: [Statistics] GPU0 t=51°C fan 31% power 120.26W. Total power: 120.26W
2021-02-16 00:43:52: <info>  New job from eth-eu2.nanopool.org:9433
2021-02-16 00:43:52: [Statistics] Ethereum - Total speed: 59.785 MH/s, Total shares: 0 Rejected: 0, Time: 04:53
2021-02-16 00:43:52: [Statistics] Ethereum last 10 min - Total: 57.569 MH/s.
2021-02-16 00:43:52: <info>  New job from eth-eu2.nanopool.org:9433
2021-02-16 00:43:52: [Statistics] Ethereum - Total speed: 59.842 MH/s, Total shares: 0 Rejected: 0, Time: 04:54
2021-02-16 00:43:52: [Statistics] GPU0 t=51°C fan 31% power 121.03W. Total power: 121.03W
2021-02-16 00:43:55: <info>  New job from eth-eu2.nanopool.org:9433
2021-02-16 00:43:55: [Statistics] Ethereum - Total speed: 59.899 MH/s, Total shares: 0 Rejected: 0, Time: 04:57
2021-02-16 00:43:58: <info>  New job from eth-eu2.nanopool.org:9433
2021-02-16 00:43:58: [Statistics] Ethereum - Total speed: 59.947 MH/s, Total shares: 0 Rejected: 0, Time: 04:59
2021-02-16 00:43:58: [Statistics] GPU0 t=51°C fan 31% power 121.07W. Total power: 121.07W
2021-02-16 00:44:01: <info>  New job from eth-eu2.nanopool.org:9433
2021-02-16 00:44:01: [Statistics] Ethereum - Total speed: 59.995 MH/s, Total shares: 0 Rejected: 0, Time: 05:02
2021-02-16 00:44:01: [Statistics] Ethereum last 10 min - Total: 57.641 MH/s.
2021-02-16 00:44:04: <info>  New job from eth-eu2.nanopool.org:9433
2021-02-16 00:44:04: [Statistics] Ethereum - Total speed: 60.027 MH/s, Total shares: 0 Rejected: 0, Time: 05:05
2021-02-16 00:44:04: [Statistics] GPU0 t=51°C fan 31% power 121.05W. Total power: 121.05W
2021-02-16 00:44:06: <info>  New job from eth-eu2.nanopool.org:9433
2021-02-16 00:44:06: [Statistics] Ethereum - Total speed: 60.065 MH/s, Total shares: 0 Rejected: 0, Time: 05:08
2021-02-16 00:44:09: <info>  New job from eth-eu2.nanopool.org:9433
2021-02-16 00:44:09: [Statistics] Ethereum - Total speed: 60.100 MH/s, Total shares: 0 Rejected: 0, Time: 05:11
2021-02-16 00:44:09: [Statistics] GPU0 t=51°C fan 31% power 120.73W. Total power: 120.73W
2021-02-16 00:44:12: <info>  New job from eth-eu2.nanopool.org:9433
2021-02-16 00:44:12: [Statistics] Ethereum - Total speed: 60.125 MH/s, Total shares: 0 Rejected: 0, Time: 05:14
2021-02-16 00:44:12: [Statistics] Ethereum last 10 min - Total: 57.731 MH/s.
2021-02-16 00:44:15: <info>  New job from eth-eu2.nanopool.org:9433
2021-02-16 00:44:15: [Statistics] Ethereum - Total speed: 60.147 MH/s, Total shares: 0 Rejected: 0, Time: 05:17
2021-02-16 00:44:15: [Statistics] GPU0 t=51°C fan 31% power 120.98W. Total power: 120.98W
2021-02-16 00:44:18: <info>  New job from eth-eu2.nanopool.org:9433
2021-02-16 00:44:18: [Statistics] Ethereum - Total speed: 60.161 MH/s, Total shares: 0 Rejected: 0, Time: 05:20
2021-02-16 00:44:21: <info>  New job from eth-eu2.nanopool.org:9433
2021-02-16 00:44:21: [Statistics] Ethereum - Total speed: 60.179 MH/s, Total shares: 0 Rejected: 0, Time: 05:23
2021-02-16 00:44:21: [Statistics] GPU0 t=51°C fan 31% power 120.17W. Total power: 120.17W
2021-02-16 00:44:23: <info>  New job from eth-eu2.nanopool.org:9433
2021-02-16 00:44:23: [Statistics] Ethereum - Total speed: 60.164 MH/s, Total shares: 0 Rejected: 0, Time: 05:25
2021-02-16 00:44:23: [Statistics] Ethereum last 10 min - Total: 57.818 MH/s.
2021-02-16 00:44:24: <info>  New job from eth-eu2.nanopool.org:9433
2021-02-16 00:44:24: [Statistics] Ethereum - Total speed: 60.183 MH/s, Total shares: 0 Rejected: 0, Time: 05:26
2021-02-16 00:44:24: [Statistics] GPU0 t=51°C fan 31% power 120.39W. Total power: 120.39W
2021-02-16 00:44:27: <info>  New job from eth-eu2.nanopool.org:9433
2021-02-16 00:44:27: [Statistics] Ethereum - Total speed: 60.197 MH/s, Total shares: 0 Rejected: 0, Time: 05:29
2021-02-16 00:44:29: <info>  New job from eth-eu2.nanopool.org:9433
2021-02-16 00:44:29: [Statistics] Ethereum - Total speed: 60.208 MH/s, Total shares: 0 Rejected: 0, Time: 05:31
2021-02-16 00:44:29: [Statistics] GPU0 t=51°C fan 31% power 120.06W. Total power: 120.06W
2021-02-16 00:44:30: <info>  New job from eth-eu2.nanopool.org:9433
2021-02-16 00:44:30: [Statistics] Ethereum - Total speed: 60.211 MH/s, Total shares: 0 Rejected: 0, Time: 05:32
2021-02-16 00:44:30: [Statistics] Ethereum last 10 min - Total: 57.868 MH/s.
2021-02-16 00:44:31: <info>  New job from eth-eu2.nanopool.org:9433
2021-02-16 00:44:31: [Statistics] Ethereum - Total speed: 60.222 MH/s, Total shares: 0 Rejected: 0, Time: 05:33
2021-02-16 00:44:31: [Statistics] GPU0 t=51°C fan 31% power 120.89W. Total power: 120.89W
2021-02-16 00:44:33: <info>  New job from eth-eu2.nanopool.org:9433
2021-02-16 00:44:33: [Statistics] Ethereum - Total speed: 60.243 MH/s, Total shares: 0 Rejected: 0, Time: 05:35
2021-02-16 00:44:36: <info>  New job from eth-eu2.nanopool.org:9433
2021-02-16 00:44:36: [Statistics] Ethereum - Total speed: 60.251 MH/s, Total shares: 0 Rejected: 0, Time: 05:38
2021-02-16 00:44:36: [Statistics] GPU0 t=52°C fan 31% power 120.11W. Total power: 120.11W
2021-02-16 00:44:39: <info>  New job from eth-eu2.nanopool.org:9433
2021-02-16 00:44:39: [Statistics] Ethereum - Total speed: 60.262 MH/s, Total shares: 0 Rejected: 0, Time: 05:41
2021-02-16 00:44:39: [Statistics] Ethereum last 10 min - Total: 57.934 MH/s.
2021-02-16 00:44:42: <info>  New job from eth-eu2.nanopool.org:9433
2021-02-16 00:44:42: [Statistics] Ethereum - Total speed: 60.271 MH/s, Total shares: 0 Rejected: 0, Time: 05:44
2021-02-16 00:44:42: [Statistics] GPU0 t=52°C fan 31% power 121.05W. Total power: 121.05W
2021-02-16 00:44:44: <info>  New job from eth-eu2.nanopool.org:9433
2021-02-16 00:44:44: [Statistics] Ethereum - Total speed: 60.267 MH/s, Total shares: 0 Rejected: 0, Time: 05:45
2021-02-16 00:44:44: <info>  New job from eth-eu2.nanopool.org:9433
2021-02-16 00:44:44: [Statistics] Ethereum - Total speed: 60.264 MH/s, Total shares: 0 Rejected: 0, Time: 05:46
2021-02-16 00:44:44: [Statistics] GPU0 t=51°C fan 31% power 120.30W. Total power: 120.30W
2021-02-16 00:44:46: <info>  New job from eth-eu2.nanopool.org:9433
2021-02-16 00:44:46: [Statistics] Ethereum - Total speed: 60.260 MH/s, Total shares: 0 Rejected: 0, Time: 05:48
2021-02-16 00:44:46: [Statistics] Ethereum last 10 min - Total: 57.983 MH/s.
2021-02-16 00:44:50: <info>  New job from eth-eu2.nanopool.org:9433
2021-02-16 00:44:50: [Statistics] Ethereum - Total speed: 60.276 MH/s, Total shares: 0 Rejected: 0, Time: 05:51
2021-02-16 00:44:50: [Statistics] GPU0 t=51°C fan 31% power 120.89W. Total power: 120.89W
2021-02-16 00:44:50: <info>  New job from eth-eu2.nanopool.org:9433
2021-02-16 00:44:50: [Statistics] Ethereum - Total speed: 60.267 MH/s, Total shares: 0 Rejected: 0, Time: 05:52
2021-02-16 00:44:50: <info>  New job from eth-eu2.nanopool.org:9433
2021-02-16 00:44:50: [Statistics] Ethereum - Total speed: 60.283 MH/s, Total shares: 0 Rejected: 0, Time: 05:52
2021-02-16 00:44:50: [Statistics] GPU0 t=52°C fan 31% power 120.55W. Total power: 120.55W
2021-02-16 00:44:53: <info>  New job from eth-eu2.nanopool.org:9433
2021-02-16 00:44:53: [Statistics] Ethereum - Total speed: 60.296 MH/s, Total shares: 0 Rejected: 0, Time: 05:55
2021-02-16 00:44:53: [Statistics] Ethereum last 10 min - Total: 58.027 MH/s.
2021-02-16 00:44:56: <info>  New job from eth-eu2.nanopool.org:9433
2021-02-16 00:44:56: [Statistics] Ethereum - Total speed: 60.294 MH/s, Total shares: 0 Rejected: 0, Time: 05:58
2021-02-16 00:44:56: [Statistics] GPU0 t=51°C fan 31% power 121.20W. Total power: 121.20W
2021-02-16 00:44:59: <info>  New job from eth-eu2.nanopool.org:9433
2021-02-16 00:44:59: [Statistics] Ethereum - Total speed: 60.299 MH/s, Total shares: 0 Rejected: 0, Time: 06:01
2021-02-16 00:45:02: <info>  New job from eth-eu2.nanopool.org:9433
2021-02-16 00:45:02: [Statistics] Ethereum - Total speed: 60.125 MH/s, Total shares: 0 Rejected: 0, Time: 06:04
2021-02-16 00:45:02: [Statistics] GPU0 t=52°C fan 31% power 120.71W. Total power: 120.71W
2021-02-16 00:45:05: <info>  New job from eth-eu2.nanopool.org:9433
2021-02-16 00:45:05: [Statistics] Ethereum - Total speed: 59.978 MH/s, Total shares: 0 Rejected: 0, Time: 06:07
2021-02-16 00:45:05: [Statistics] Ethereum last 10 min - Total: 58.100 MH/s.
2021-02-16 00:45:08: <info>  New job from eth-eu2.nanopool.org:9433
2021-02-16 00:45:08: [Statistics] Ethereum - Total speed: 59.760 MH/s, Total shares: 0 Rejected: 0, Time: 06:10
2021-02-16 00:45:08: [Statistics] GPU0 t=51°C fan 31% power 120.89W. Total power: 120.89W
2021-02-16 00:45:09: <info>  New job from eth-eu2.nanopool.org:9433
2021-02-16 00:45:09: [Statistics] Ethereum - Total speed: 59.607 MH/s, Total shares: 0 Rejected: 0, Time: 06:11
2021-02-16 00:45:11: <info>  New job from eth-eu2.nanopool.org:9433
2021-02-16 00:45:11: [Statistics] Ethereum - Total speed: 59.673 MH/s, Total shares: 0 Rejected: 0, Time: 06:13
2021-02-16 00:45:11: [Statistics] GPU0 t=51°C fan 31% power 120.47W. Total power: 120.47W
2021-02-16 00:45:14: <info>  New job from eth-eu2.nanopool.org:9433
2021-02-16 00:45:14: [Statistics] Ethereum - Total speed: 59.737 MH/s, Total shares: 0 Rejected: 0, Time: 06:16
2021-02-16 00:45:14: [Statistics] Ethereum last 10 min - Total: 58.142 MH/s.
2021-02-16 00:45:18: <info>  New job from eth-eu2.nanopool.org:9433
2021-02-16 00:45:18: [Statistics] Ethereum - Total speed: 59.254 MH/s, Total shares: 0 Rejected: 0, Time: 06:19
2021-02-16 00:45:18: [Statistics] GPU0 t=52°C fan 31% power 120.17W. Total power: 120.17W
2021-02-16 00:45:18: <info>  New job from eth-eu2.nanopool.org:9433
2021-02-16 00:45:18: [Statistics] Ethereum - Total speed: 59.249 MH/s, Total shares: 0 Rejected: 0, Time: 06:20
2021-02-16 00:45:18: <info>  New job from eth-eu2.nanopool.org:9433
2021-02-16 00:45:18: [Statistics] Ethereum - Total speed: 59.398 MH/s, Total shares: 0 Rejected: 0, Time: 06:20
2021-02-16 00:45:18: [Statistics] GPU0 t=51°C fan 31% power 120.99W. Total power: 120.99W
2021-02-16 00:45:20: <info>  New job from eth-eu2.nanopool.org:9433
2021-02-16 00:45:20: [Statistics] Ethereum - Total speed: 59.522 MH/s, Total shares: 0 Rejected: 0, Time: 06:22
2021-02-16 00:45:20: [Statistics] Ethereum last 10 min - Total: 58.160 MH/s.
2021-02-16 00:45:20: <info>  New job from eth-eu2.nanopool.org:9433
2021-02-16 00:45:20: [Statistics] Ethereum - Total speed: 59.634 MH/s, Total shares: 0 Rejected: 0, Time: 06:22
2021-02-16 00:45:20: [Statistics] GPU0 t=51°C fan 31% power 120.37W. Total power: 120.37W
2021-02-16 00:45:21: <info>  New job from eth-eu2.nanopool.org:9433
2021-02-16 00:45:21: [Statistics] Ethereum - Total speed: 59.741 MH/s, Total shares: 0 Rejected: 0, Time: 06:23
2021-02-16 00:45:22: <info>  New job from eth-eu2.nanopool.org:9433
2021-02-16 00:45:22: [Statistics] Ethereum - Total speed: 59.836 MH/s, Total shares: 0 Rejected: 0, Time: 06:24
2021-02-16 00:45:22: [Statistics] GPU0 t=52°C fan 31% power 120.53W. Total power: 120.53W
2021-02-16 00:45:25: <info>  New job from eth-eu2.nanopool.org:9433
2021-02-16 00:45:25: [Statistics] Ethereum - Total speed: 59.929 MH/s, Total shares: 0 Rejected: 0, Time: 06:27
2021-02-16 00:45:25: [Statistics] Ethereum last 10 min - Total: 58.182 MH/s.
2021-02-16 00:45:27: <info>  New job from eth-eu2.nanopool.org:9433
2021-02-16 00:45:27: [Statistics] Ethereum - Total speed: 59.998 MH/s, Total shares: 0 Rejected: 0, Time: 06:29
2021-02-16 00:45:27: [Statistics] GPU0 t=52°C fan 31% power 119.36W. Total power: 119.36W
2021-02-16 00:45:29: <info>  New job from eth-eu2.nanopool.org:9433
2021-02-16 00:45:29: [Statistics] Ethereum - Total speed: 58.855 MH/s, Total shares: 0 Rejected: 0, Time: 06:31
2021-02-16 00:45:29: <info>  New job from eth-eu2.nanopool.org:9433
2021-02-16 00:45:29: [Statistics] Ethereum - Total speed: 58.872 MH/s, Total shares: 0 Rejected: 0, Time: 06:31
2021-02-16 00:45:29: [Statistics] GPU0 t=52°C fan 31% power 121.04W. Total power: 121.04W
2021-02-16 00:45:30: <info>  New job from eth-eu2.nanopool.org:9433
2021-02-16 00:45:30: [Statistics] Ethereum - Total speed: 59.028 MH/s, Total shares: 0 Rejected: 0, Time: 06:32
2021-02-16 00:45:30: [Statistics] Ethereum last 10 min - Total: 58.200 MH/s.
2021-02-16 00:45:30: <info>  New job from eth-eu2.nanopool.org:9433
2021-02-16 00:45:30: [Statistics] Ethereum - Total speed: 59.112 MH/s, Total shares: 0 Rejected: 0, Time: 06:32
2021-02-16 00:45:30: [Statistics] GPU0 t=52°C fan 30% power 120.12W. Total power: 120.12W
2021-02-16 00:45:33: <info>  New job from eth-eu2.nanopool.org:9433
2021-02-16 00:45:33: [Statistics] Ethereum - Total speed: 59.244 MH/s, Total shares: 0 Rejected: 0, Time: 06:35
2021-02-16 00:45:36: <info>  New job from eth-eu2.nanopool.org:9433
2021-02-16 00:45:36: [Statistics] Ethereum - Total speed: 59.296 MH/s, Total shares: 0 Rejected: 0, Time: 06:38
2021-02-16 00:45:36: [Statistics] GPU0 t=52°C fan 31% power 104.61W. Total power: 104.61W
2021-02-16 00:45:39: <info>  New job from eth-eu2.nanopool.org:9433
2021-02-16 00:45:39: [Statistics] Ethereum - Total speed: 58.584 MH/s, Total shares: 0 Rejected: 0, Time: 06:41
2021-02-16 00:45:39: [Statistics] Ethereum last 10 min - Total: 58.222 MH/s.
2021-02-16 00:45:42: <info>  New job from eth-eu2.nanopool.org:9433
2021-02-16 00:45:42: [Statistics] Ethereum - Total speed: 58.722 MH/s, Total shares: 0 Rejected: 0, Time: 06:44
2021-02-16 00:45:42: [Statistics] GPU0 t=52°C fan 31% power 120.39W. Total power: 120.39W
2021-02-16 00:45:45: <info>  New job from eth-eu2.nanopool.org:9433
2021-02-16 00:45:45: [Statistics] Ethereum - Total speed: 58.637 MH/s, Total shares: 0 Rejected: 0, Time: 06:47
2021-02-16 00:45:48: <info>  New job from eth-eu2.nanopool.org:9433
2021-02-16 00:45:48: [Statistics] Ethereum - Total speed: 58.657 MH/s, Total shares: 0 Rejected: 0, Time: 06:50
2021-02-16 00:45:48: [Statistics] GPU0 t=52°C fan 31% power 120.93W. Total power: 120.93W
2021-02-16 00:45:51: <info>  New job from eth-eu2.nanopool.org:9433
2021-02-16 00:45:51: [Statistics] Ethereum - Total speed: 58.767 MH/s, Total shares: 0 Rejected: 0, Time: 06:53
2021-02-16 00:45:51: [Statistics] Ethereum last 10 min - Total: 58.235 MH/s.
2021-02-16 00:45:54: <info>  New job from eth-eu2.nanopool.org:9433
2021-02-16 00:45:54: [Statistics] Ethereum - Total speed: 58.907 MH/s, Total shares: 0 Rejected: 0, Time: 06:56
2021-02-16 00:45:54: [Statistics] GPU0 t=52°C fan 31% power 120.58W. Total power: 120.58W
2021-02-16 00:45:57: <info>  New job from eth-eu2.nanopool.org:9433
2021-02-16 00:45:57: [Statistics] Ethereum - Total speed: 59.081 MH/s, Total shares: 0 Rejected: 0, Time: 06:59
2021-02-16 00:46:00: <info>  New job from eth-eu2.nanopool.org:9433
2021-02-16 00:46:00: [Statistics] Ethereum - Total speed: 59.237 MH/s, Total shares: 0 Rejected: 0, Time: 07:02
2021-02-16 00:46:00: [Statistics] GPU0 t=51°C fan 31% power 121.27W. Total power: 121.27W
2021-02-16 00:46:03: <info>  New job from eth-eu2.nanopool.org:9433
2021-02-16 00:46:03: [Statistics] Ethereum - Total speed: 58.883 MH/s, Total shares: 0 Rejected: 0, Time: 07:05
2021-02-16 00:46:03: [Statistics] Ethereum last 10 min - Total: 58.258 MH/s.
2021-02-16 00:46:06: <info>  New job from eth-eu2.nanopool.org:9433
2021-02-16 00:46:06: [Statistics] Ethereum - Total speed: 59.042 MH/s, Total shares: 0 Rejected: 0, Time: 07:08
2021-02-16 00:46:06: [Statistics] GPU0 t=52°C fan 31% power 120.39W. Total power: 120.39W
2021-02-16 00:46:07: <info>  New job from eth-eu2.nanopool.org:9433
2021-02-16 00:46:07: [Statistics] Ethereum - Total speed: 59.187 MH/s, Total shares: 0 Rejected: 0, Time: 07:08
2021-02-16 00:46:09: <info>  New job from eth-eu2.nanopool.org:9433
2021-02-16 00:46:09: [Statistics] Ethereum - Total speed: 59.333 MH/s, Total shares: 0 Rejected: 0, Time: 07:11
2021-02-16 00:46:09: [Statistics] GPU0 t=52°C fan 31% power 120.76W. Total power: 120.76W
2021-02-16 00:46:12: <info>  New job from eth-eu2.nanopool.org:9433
2021-02-16 00:46:12: [Statistics] Ethereum - Total speed: 59.417 MH/s, Total shares: 0 Rejected: 0, Time: 07:14
2021-02-16 00:46:12: [Statistics] Ethereum last 10 min - Total: 58.277 MH/s.
2021-02-16 00:46:15: <info>  New job from eth-eu2.nanopool.org:9433
2021-02-16 00:46:15: [Statistics] Ethereum - Total speed: 59.167 MH/s, Total shares: 0 Rejected: 0, Time: 07:17
2021-02-16 00:46:15: [Statistics] GPU0 t=59°C fan 31% power 198.44W. Total power: 198.44W
2021-02-16 00:46:17: <info>  Terminating, please wait ...
