2021-02-15 16:24:05: <info>                                    _                 
2021-02-15 16:24:05: <info>  _ __   __ _ _ __   ___  _ __ ___ (_)_ __   ___ _ __ 
2021-02-15 16:24:05: <info> | '_ \ / _` | '_ \ / _ \| '_ ` _ \| | '_ \ / _ \ '__|
2021-02-15 16:24:05: <info> | | | | (_| | | | | (_) | | | | | | | | | |  __/ |   
2021-02-15 16:24:05: <info> |_| |_|\__,_|_| |_|\___/|_| |_| |_|_|_| |_|\___|_|   
2021-02-15 16:24:05: <info> 
2021-02-15 16:24:05: <info> Version 3.2.2-cuda11
2021-02-15 16:24:05: <info>  Started EthMan server on port 3333 without a password (read-only mode).
2021-02-15 16:24:05: <info>  Started web interface on port 9090 without a password.
2021-02-15 16:24:05: <info>  CUDA driver version is 11.2, runtime version is 11.1
2021-02-15 16:24:05: <warning>  Failed to initialize nvml library.
2021-02-15 16:24:05: <info> Single device detected
2021-02-15 16:24:05: <info> GPU 0 PCI 0a:00.0, Platform: CUDA, Name: GeForce RTX 3060 Ti, 8192 MB available
2021-02-15 16:24:05: <info> -------------------Ethash:------------------
2021-02-15 16:24:05: <info> Currency: Ethereum
2021-02-15 16:24:05: <info> Wallet: wallet
2021-02-15 16:24:05: <info> Rig name: levin
2021-02-15 16:24:05: <info> Email was not set.
2021-02-15 16:24:05: <info> Hashrate threshold to restart miner is not set
2021-02-15 16:24:05: <info> Added pool: eth-eu2.nanopool.org:9433
2021-02-15 16:24:05: <info> Added pool: eth-eu1.nanopool.org:9433
2021-02-15 16:24:05: <info> Added pool: eth-us-east1.nanopool.org:9433
2021-02-15 16:24:05: <info> Added pool: eth-asia1.nanopool.org:9433
2021-02-15 16:24:05: <info> Added pool: eth-jp1.nanopool.org:9433
2021-02-15 16:24:05: <info> Added pool: eth-us-west1.nanopool.org:9433
2021-02-15 16:24:05: <info> Added pool: eth-au1.nanopool.org:9433
2021-02-15 16:24:05: <info> Auto pool sorting is enabled
2021-02-15 16:24:05: <info> Using all GPU devices
2021-02-15 16:24:05: <info> Memory tweak: 1
2021-02-15 16:24:05: <info> -------------Common parameters:-------------
2021-02-15 16:24:05: <info> Log path: ./logs/
2021-02-15 16:24:05: <info> Log is written to file
2021-02-15 16:24:05: <info> GPU watchdog is enabled
2021-02-15 16:24:05: <info> Never calling reboot.bat (always restarting the miner in case of errors). 
2021-02-15 16:24:05: <info>  Setting up algorithm: Ethash
2021-02-15 16:24:06: <info>  Connecting to pools...
2021-02-15 16:24:06: <info>  Connected to pool: eth-eu2.nanopool.org:9433 | IP: 51.255.34.79 | ping: 111 ms.
2021-02-15 16:24:06: <info>  New job from eth-eu2.nanopool.org:9433 | share difficulty = 10000 MH, epoch 395 (4183 MB)
2021-02-15 16:24:06: [Statistics] Ethereum - Total speed: 0.000 H/s, Total shares: 0 Rejected: 0, Time: 00:01
2021-02-15 16:24:06: <info>  New job from eth-eu2.nanopool.org:9433
2021-02-15 16:24:06: [Statistics] Ethereum - Total speed: 0.000 H/s, Total shares: 0 Rejected: 0, Time: 00:01
2021-02-15 16:24:06: [Statistics] Ethereum last 10 min - Total: 0.000 H/s.
2021-02-15 16:24:06: <info>  New job from eth-eu2.nanopool.org:9433
2021-02-15 16:24:06: [Statistics] Ethereum - Total speed: 0.000 H/s, Total shares: 0 Rejected: 0, Time: 00:01
2021-02-15 16:24:07: <info>  New job from eth-eu2.nanopool.org:9433
2021-02-15 16:24:07: [Statistics] Ethereum - Total speed: 0.000 H/s, Total shares: 0 Rejected: 0, Time: 00:02
2021-02-15 16:24:09: <info>  New job from eth-eu2.nanopool.org:9433
2021-02-15 16:24:09: [Statistics] Ethereum - Total speed: 0.000 H/s, Total shares: 0 Rejected: 0, Time: 00:04
2021-02-15 16:24:13: <info>  GPU0: 4183 MB DAG generated in 4.01 seconds
2021-02-15 16:24:13: <info>  New job from eth-eu2.nanopool.org:9433
2021-02-15 16:24:13: [Statistics] Ethereum - Total speed: 40.004 MH/s, Total shares: 0 Rejected: 0, Time: 00:08
2021-02-15 16:24:13: [Statistics] Ethereum last 10 min - Total: 40.004 MH/s.
2021-02-15 16:24:15: <info>  New job from eth-eu2.nanopool.org:9433
2021-02-15 16:24:15: [Statistics] Ethereum - Total speed: 40.208 MH/s, Total shares: 0 Rejected: 0, Time: 00:10
2021-02-15 16:24:18: <info>  New job from eth-eu2.nanopool.org:9433
2021-02-15 16:24:18: [Statistics] Ethereum - Total speed: 41.225 MH/s, Total shares: 0 Rejected: 0, Time: 00:13
2021-02-15 16:24:21: <info>  New job from eth-eu2.nanopool.org:9433
2021-02-15 16:24:21: [Statistics] Ethereum - Total speed: 42.014 MH/s, Total shares: 0 Rejected: 0, Time: 00:16
2021-02-15 16:24:25: <info>  New job from eth-eu2.nanopool.org:9433
2021-02-15 16:24:25: [Statistics] Ethereum - Total speed: 42.774 MH/s, Total shares: 0 Rejected: 0, Time: 00:19
2021-02-15 16:24:25: [Statistics] Ethereum last 10 min - Total: 41.280 MH/s.
2021-02-15 16:24:27: <info>  New job from eth-eu2.nanopool.org:9433
2021-02-15 16:24:27: [Statistics] Ethereum - Total speed: 43.332 MH/s, Total shares: 0 Rejected: 0, Time: 00:22
2021-02-15 16:24:30: <info>  New job from eth-eu2.nanopool.org:9433
2021-02-15 16:24:30: [Statistics] Ethereum - Total speed: 43.901 MH/s, Total shares: 0 Rejected: 0, Time: 00:25
2021-02-15 16:24:32: <info>  New job from eth-eu2.nanopool.org:9433
2021-02-15 16:24:32: [Statistics] Ethereum - Total speed: 44.274 MH/s, Total shares: 0 Rejected: 0, Time: 00:27
2021-02-15 16:24:32: <info>  New job from eth-eu2.nanopool.org:9433
2021-02-15 16:24:32: [Statistics] Ethereum - Total speed: 44.896 MH/s, Total shares: 0 Rejected: 0, Time: 00:27
2021-02-15 16:24:32: [Statistics] Ethereum last 10 min - Total: 42.159 MH/s.
2021-02-15 16:24:36: <info>  New job from eth-eu2.nanopool.org:9433
2021-02-15 16:24:36: [Statistics] Ethereum - Total speed: 45.408 MH/s, Total shares: 0 Rejected: 0, Time: 00:31
2021-02-15 16:24:38: <info>  New job from eth-eu2.nanopool.org:9433
2021-02-15 16:24:38: [Statistics] Ethereum - Total speed: 45.383 MH/s, Total shares: 0 Rejected: 0, Time: 00:33
2021-02-15 16:24:41: <info>  New job from eth-eu2.nanopool.org:9433
2021-02-15 16:24:41: [Statistics] Ethereum - Total speed: 45.780 MH/s, Total shares: 0 Rejected: 0, Time: 00:36
2021-02-15 16:24:44: <info>  New job from eth-eu2.nanopool.org:9433
2021-02-15 16:24:44: [Statistics] Ethereum - Total speed: 46.278 MH/s, Total shares: 0 Rejected: 0, Time: 00:39
2021-02-15 16:24:44: [Statistics] Ethereum last 10 min - Total: 43.446 MH/s.
2021-02-15 16:24:47: <info>  New job from eth-eu2.nanopool.org:9433
2021-02-15 16:24:47: [Statistics] Ethereum - Total speed: 46.521 MH/s, Total shares: 0 Rejected: 0, Time: 00:42
2021-02-15 16:24:49: <info>  New job from eth-eu2.nanopool.org:9433
2021-02-15 16:24:49: [Statistics] Ethereum - Total speed: 46.540 MH/s, Total shares: 0 Rejected: 0, Time: 00:44
2021-02-15 16:24:49: <info>  New job from eth-eu2.nanopool.org:9433
2021-02-15 16:24:49: [Statistics] Ethereum - Total speed: 46.734 MH/s, Total shares: 0 Rejected: 0, Time: 00:44
2021-02-15 16:24:53: <info>  New job from eth-eu2.nanopool.org:9433
2021-02-15 16:24:53: [Statistics] Ethereum - Total speed: 47.041 MH/s, Total shares: 0 Rejected: 0, Time: 00:48
2021-02-15 16:24:53: [Statistics] Ethereum last 10 min - Total: 44.152 MH/s.
2021-02-15 16:24:56: <info>  New job from eth-eu2.nanopool.org:9433
2021-02-15 16:24:56: [Statistics] Ethereum - Total speed: 47.171 MH/s, Total shares: 0 Rejected: 0, Time: 00:50
2021-02-15 16:24:57: <info>  New job from eth-eu2.nanopool.org:9433
2021-02-15 16:24:57: [Statistics] Ethereum - Total speed: 47.256 MH/s, Total shares: 0 Rejected: 0, Time: 00:52
2021-02-15 16:24:57: <info>  New job from eth-eu2.nanopool.org:9433
2021-02-15 16:24:57: [Statistics] Ethereum - Total speed: 47.572 MH/s, Total shares: 0 Rejected: 0, Time: 00:52
2021-02-15 16:24:58: <info>  New job from eth-eu2.nanopool.org:9433
2021-02-15 16:24:58: [Statistics] Ethereum - Total speed: 47.869 MH/s, Total shares: 0 Rejected: 0, Time: 00:53
2021-02-15 16:24:58: [Statistics] Ethereum last 10 min - Total: 44.482 MH/s.
2021-02-15 16:24:58: <info>  New job from eth-eu2.nanopool.org:9433
2021-02-15 16:24:58: [Statistics] Ethereum - Total speed: 47.637 MH/s, Total shares: 0 Rejected: 0, Time: 00:53
2021-02-15 16:25:00: <info>  New job from eth-eu2.nanopool.org:9433
2021-02-15 16:25:00: [Statistics] Ethereum - Total speed: 47.780 MH/s, Total shares: 0 Rejected: 0, Time: 00:55
2021-02-15 16:25:01: <info>  New job from eth-eu2.nanopool.org:9433
2021-02-15 16:25:01: [Statistics] Ethereum - Total speed: 47.885 MH/s, Total shares: 0 Rejected: 0, Time: 00:56
2021-02-15 16:25:03: <info>  New job from eth-eu2.nanopool.org:9433
2021-02-15 16:25:03: [Statistics] Ethereum - Total speed: 46.984 MH/s, Total shares: 0 Rejected: 0, Time: 00:58
2021-02-15 16:25:03: [Statistics] Ethereum last 10 min - Total: 44.814 MH/s.
2021-02-15 16:25:06: <info>  New job from eth-eu2.nanopool.org:9433
2021-02-15 16:25:06: [Statistics] Ethereum - Total speed: 45.685 MH/s, Total shares: 0 Rejected: 0, Time: 01:01
2021-02-15 16:25:09: <info>  New job from eth-eu2.nanopool.org:9433
2021-02-15 16:25:09: [Statistics] Ethereum - Total speed: 45.107 MH/s, Total shares: 0 Rejected: 0, Time: 01:04
2021-02-15 16:25:12: <info>  New job from eth-eu2.nanopool.org:9433
2021-02-15 16:25:12: [Statistics] Ethereum - Total speed: 44.946 MH/s, Total shares: 0 Rejected: 0, Time: 01:07
2021-02-15 16:25:14: <info>  New job from eth-eu2.nanopool.org:9433
2021-02-15 16:25:14: [Statistics] Ethereum - Total speed: 45.056 MH/s, Total shares: 0 Rejected: 0, Time: 01:09
2021-02-15 16:25:14: [Statistics] Ethereum last 10 min - Total: 44.934 MH/s.
2021-02-15 16:25:14: <info>  New job from eth-eu2.nanopool.org:9433
2021-02-15 16:25:15: [Statistics] Ethereum - Total speed: 45.436 MH/s, Total shares: 0 Rejected: 0, Time: 01:09
2021-02-15 16:25:17: <info>  New job from eth-eu2.nanopool.org:9433
2021-02-15 16:25:17: [Statistics] Ethereum - Total speed: 45.988 MH/s, Total shares: 0 Rejected: 0, Time: 01:12
2021-02-15 16:25:20: <info>  New job from eth-eu2.nanopool.org:9433
2021-02-15 16:25:20: [Statistics] Ethereum - Total speed: 46.447 MH/s, Total shares: 0 Rejected: 0, Time: 01:15
2021-02-15 16:25:22: <info>  New job from eth-eu2.nanopool.org:9433
2021-02-15 16:25:22: [Statistics] Ethereum - Total speed: 46.219 MH/s, Total shares: 0 Rejected: 0, Time: 01:17
2021-02-15 16:25:22: [Statistics] Ethereum last 10 min - Total: 45.062 MH/s.
2021-02-15 16:25:23: <info>  New job from eth-eu2.nanopool.org:9433
2021-02-15 16:25:23: [Statistics] Ethereum - Total speed: 46.430 MH/s, Total shares: 0 Rejected: 0, Time: 01:18
2021-02-15 16:25:23: <info>  New job from eth-eu2.nanopool.org:9433
2021-02-15 16:25:23: [Statistics] Ethereum - Total speed: 46.296 MH/s, Total shares: 0 Rejected: 0, Time: 01:18
2021-02-15 16:25:24: <info>  New job from eth-eu2.nanopool.org:9433
2021-02-15 16:25:24: [Statistics] Ethereum - Total speed: 46.468 MH/s, Total shares: 0 Rejected: 0, Time: 01:19
2021-02-15 16:25:26: <info>  New job from eth-eu2.nanopool.org:9433
2021-02-15 16:25:26: [Statistics] Ethereum - Total speed: 44.986 MH/s, Total shares: 0 Rejected: 0, Time: 01:21
2021-02-15 16:25:26: [Statistics] Ethereum last 10 min - Total: 45.113 MH/s.
2021-02-15 16:25:29: <info>  New job from eth-eu2.nanopool.org:9433
2021-02-15 16:25:29: [Statistics] Ethereum - Total speed: 44.466 MH/s, Total shares: 0 Rejected: 0, Time: 01:24
2021-02-15 16:25:32: <info>  New job from eth-eu2.nanopool.org:9433
2021-02-15 16:25:32: [Statistics] Ethereum - Total speed: 44.228 MH/s, Total shares: 0 Rejected: 0, Time: 01:27
2021-02-15 16:25:33: <info>  New job from eth-eu2.nanopool.org:9433
2021-02-15 16:25:33: [Statistics] Ethereum - Total speed: 44.197 MH/s, Total shares: 0 Rejected: 0, Time: 01:28
2021-02-15 16:25:33: <info>  New job from eth-eu2.nanopool.org:9433
2021-02-15 16:25:33: [Statistics] Ethereum - Total speed: 44.197 MH/s, Total shares: 0 Rejected: 0, Time: 01:28
2021-02-15 16:25:33: [Statistics] Ethereum last 10 min - Total: 45.062 MH/s.
2021-02-15 16:25:36: <info>  New job from eth-eu2.nanopool.org:9433
2021-02-15 16:25:36: [Statistics] Ethereum - Total speed: 43.632 MH/s, Total shares: 0 Rejected: 0, Time: 01:30
2021-02-15 16:25:36: <info>  New job from eth-eu2.nanopool.org:9433
2021-02-15 16:25:36: [Statistics] Ethereum - Total speed: 43.849 MH/s, Total shares: 0 Rejected: 0, Time: 01:31
2021-02-15 16:25:39: <info>  New job from eth-eu2.nanopool.org:9433
2021-02-15 16:25:39: [Statistics] Ethereum - Total speed: 43.067 MH/s, Total shares: 0 Rejected: 0, Time: 01:34
2021-02-15 16:25:42: <info>  New job from eth-eu2.nanopool.org:9433
2021-02-15 16:25:42: [Statistics] Ethereum - Total speed: 43.626 MH/s, Total shares: 0 Rejected: 0, Time: 01:37
2021-02-15 16:25:42: [Statistics] Ethereum last 10 min - Total: 44.916 MH/s.
2021-02-15 16:25:45: <info>  New job from eth-eu2.nanopool.org:9433
2021-02-15 16:25:45: [Statistics] Ethereum - Total speed: 43.655 MH/s, Total shares: 0 Rejected: 0, Time: 01:40
2021-02-15 16:25:48: <info>  New job from eth-eu2.nanopool.org:9433
2021-02-15 16:25:48: [Statistics] Ethereum - Total speed: 44.064 MH/s, Total shares: 0 Rejected: 0, Time: 01:43
2021-02-15 16:25:51: <info>  New job from eth-eu2.nanopool.org:9433
2021-02-15 16:25:51: [Statistics] Ethereum - Total speed: 43.884 MH/s, Total shares: 0 Rejected: 0, Time: 01:46
2021-02-15 16:25:54: <info>  New job from eth-eu2.nanopool.org:9433
2021-02-15 16:25:54: [Statistics] Ethereum - Total speed: 44.326 MH/s, Total shares: 0 Rejected: 0, Time: 01:49
2021-02-15 16:25:54: [Statistics] Ethereum last 10 min - Total: 44.795 MH/s.
2021-02-15 16:25:57: <info>  New job from eth-eu2.nanopool.org:9433
2021-02-15 16:25:57: [Statistics] Ethereum - Total speed: 44.804 MH/s, Total shares: 0 Rejected: 0, Time: 01:52
2021-02-15 16:26:00: <info>  New job from eth-eu2.nanopool.org:9433
2021-02-15 16:26:00: [Statistics] Ethereum - Total speed: 45.107 MH/s, Total shares: 0 Rejected: 0, Time: 01:55
2021-02-15 16:26:01: <info>  New job from eth-eu2.nanopool.org:9433
2021-02-15 16:26:01: [Statistics] Ethereum - Total speed: 44.666 MH/s, Total shares: 0 Rejected: 0, Time: 01:56
2021-02-15 16:26:01: <info>  New job from eth-eu2.nanopool.org:9433
2021-02-15 16:26:01: [Statistics] Ethereum - Total speed: 45.244 MH/s, Total shares: 0 Rejected: 0, Time: 01:56
2021-02-15 16:26:01: [Statistics] Ethereum last 10 min - Total: 44.794 MH/s.
2021-02-15 16:26:04: <info>  New job from eth-eu2.nanopool.org:9433
2021-02-15 16:26:04: [Statistics] Ethereum - Total speed: 45.807 MH/s, Total shares: 0 Rejected: 0, Time: 01:59
2021-02-15 16:26:07: <info>  New job from eth-eu2.nanopool.org:9433
2021-02-15 16:26:07: [Statistics] Ethereum - Total speed: 46.141 MH/s, Total shares: 0 Rejected: 0, Time: 02:02
2021-02-15 16:26:10: <info>  New job from eth-eu2.nanopool.org:9433
2021-02-15 16:26:10: [Statistics] Ethereum - Total speed: 46.347 MH/s, Total shares: 0 Rejected: 0, Time: 02:05
2021-02-15 16:26:13: <info>  New job from eth-eu2.nanopool.org:9433
2021-02-15 16:26:13: [Statistics] Ethereum - Total speed: 45.608 MH/s, Total shares: 0 Rejected: 0, Time: 02:08
2021-02-15 16:26:13: [Statistics] Ethereum last 10 min - Total: 44.907 MH/s.
2021-02-15 16:26:16: <info>  New job from eth-eu2.nanopool.org:9433
2021-02-15 16:26:16: [Statistics] Ethereum - Total speed: 45.266 MH/s, Total shares: 0 Rejected: 0, Time: 02:11
2021-02-15 16:26:19: <info>  New job from eth-eu2.nanopool.org:9433
2021-02-15 16:26:19: [Statistics] Ethereum - Total speed: 45.751 MH/s, Total shares: 0 Rejected: 0, Time: 02:14
2021-02-15 16:26:22: <info>  New job from eth-eu2.nanopool.org:9433
2021-02-15 16:26:22: [Statistics] Ethereum - Total speed: 45.992 MH/s, Total shares: 0 Rejected: 0, Time: 02:17
2021-02-15 16:26:23: <info>  New job from eth-eu2.nanopool.org:9433
2021-02-15 16:26:23: [Statistics] Ethereum - Total speed: 46.445 MH/s, Total shares: 0 Rejected: 0, Time: 02:18
2021-02-15 16:26:23: [Statistics] Ethereum last 10 min - Total: 44.964 MH/s.
2021-02-15 16:26:23: <info>  New job from eth-eu2.nanopool.org:9433
2021-02-15 16:26:23: [Statistics] Ethereum - Total speed: 46.392 MH/s, Total shares: 0 Rejected: 0, Time: 02:18
2021-02-15 16:26:27: <info>  New job from eth-eu2.nanopool.org:9433
2021-02-15 16:26:27: [Statistics] Ethereum - Total speed: 46.751 MH/s, Total shares: 0 Rejected: 0, Time: 02:22
2021-02-15 16:26:29: <info>  New job from eth-eu2.nanopool.org:9433
2021-02-15 16:26:29: [Statistics] Ethereum - Total speed: 46.963 MH/s, Total shares: 0 Rejected: 0, Time: 02:24
2021-02-15 16:26:31: <info>  Terminating, please wait ...
