2021-02-15 16:16:52: <info>                                    _                 
2021-02-15 16:16:52: <info>  _ __   __ _ _ __   ___  _ __ ___ (_)_ __   ___ _ __ 
2021-02-15 16:16:52: <info> | '_ \ / _` | '_ \ / _ \| '_ ` _ \| | '_ \ / _ \ '__|
2021-02-15 16:16:52: <info> | | | | (_| | | | | (_) | | | | | | | | | |  __/ |   
2021-02-15 16:16:52: <info> |_| |_|\__,_|_| |_|\___/|_| |_| |_|_|_| |_|\___|_|   
2021-02-15 16:16:52: <info> 
2021-02-15 16:16:52: <info> Version 3.2.2-cuda11
2021-02-15 16:16:52: <info>  Started EthMan server on port 3333 without a password (read-only mode).
2021-02-15 16:16:52: <info>  Started web interface on port 9090 without a password.
2021-02-15 16:16:52: <info>  CUDA driver version is 11.2, runtime version is 11.1
2021-02-15 16:16:53: <warning>  Failed to initialize nvml library.
2021-02-15 16:16:53: <info> Single device detected
2021-02-15 16:16:53: <info> GPU 0 PCI 0a:00.0, Platform: CUDA, Name: GeForce RTX 3060 Ti, 8192 MB available
2021-02-15 16:16:53: <info> -------------------Ethash:------------------
2021-02-15 16:16:53: <info> Currency: Ethereum
2021-02-15 16:16:53: <info> Wallet: wallet
2021-02-15 16:16:53: <info> Rig name: levin
2021-02-15 16:16:53: <info> Email was not set.
2021-02-15 16:16:53: <info> Hashrate threshold to restart miner is not set
2021-02-15 16:16:53: <info> Added pool: eth-eu2.nanopool.org:9433
2021-02-15 16:16:53: <info> Added pool: eth-us-east1.nanopool.org:9433
2021-02-15 16:16:53: <info> Added pool: eth-us-west1.nanopool.org:9433
2021-02-15 16:16:53: <info> Added pool: eth-asia1.nanopool.org:9433
2021-02-15 16:16:53: <info> Added pool: eth-jp1.nanopool.org:9433
2021-02-15 16:16:53: <info> Added pool: eth-au1.nanopool.org:9433
2021-02-15 16:16:53: <info> Added pool: eth-eu1.nanopool.org:9433
2021-02-15 16:16:53: <info> Auto pool sorting is enabled
2021-02-15 16:16:53: <info> Using all GPU devices
2021-02-15 16:16:53: <info> Memory tweak: 1
2021-02-15 16:16:53: <info> -------------Common parameters:-------------
2021-02-15 16:16:53: <info> Log path: ./logs/
2021-02-15 16:16:53: <info> Log is written to file
2021-02-15 16:16:53: <info> GPU watchdog is enabled
2021-02-15 16:16:53: <info> Never calling reboot.bat (always restarting the miner in case of errors). 
2021-02-15 16:16:53: <info>  Setting up algorithm: Ethash
2021-02-15 16:16:54: <info>  Connecting to pools...
2021-02-15 16:16:54: <info>  Connected to pool: eth-eu2.nanopool.org:9433 | IP: 149.202.42.174 | ping: 85 ms.
2021-02-15 16:16:54: <info>  New job from eth-eu2.nanopool.org:9433 | share difficulty = 10000 MH, epoch 395 (4183 MB)
2021-02-15 16:16:54: [Statistics] Ethereum - Total speed: 0.000 H/s, Total shares: 0 Rejected: 0, Time: 00:01
2021-02-15 16:16:54: <info>  New job from eth-eu2.nanopool.org:9433
2021-02-15 16:16:54: [Statistics] Ethereum - Total speed: 0.000 H/s, Total shares: 0 Rejected: 0, Time: 00:01
2021-02-15 16:16:54: [Statistics] Ethereum last 10 min - Total: 0.000 H/s.
2021-02-15 16:16:57: <info>  New job from eth-eu2.nanopool.org:9433
2021-02-15 16:16:57: [Statistics] Ethereum - Total speed: 0.000 H/s, Total shares: 0 Rejected: 0, Time: 00:04
2021-02-15 16:16:58: <info>  New job from eth-eu2.nanopool.org:9433
2021-02-15 16:16:58: [Statistics] Ethereum - Total speed: 0.000 H/s, Total shares: 0 Rejected: 0, Time: 00:05
2021-02-15 16:16:59: <info>  New job from eth-eu2.nanopool.org:9433
2021-02-15 16:16:59: [Statistics] Ethereum - Total speed: 0.000 H/s, Total shares: 0 Rejected: 0, Time: 00:06
2021-02-15 16:16:59: <info>  New job from eth-eu2.nanopool.org:9433
2021-02-15 16:16:59: [Statistics] Ethereum - Total speed: 0.000 H/s, Total shares: 0 Rejected: 0, Time: 00:06
2021-02-15 16:16:59: [Statistics] Ethereum last 10 min - Total: 0.000 H/s.
2021-02-15 16:17:01: <info>  GPU0: 4183 MB DAG generated in 3.98 seconds
2021-02-15 16:17:02: <info>  New job from eth-eu2.nanopool.org:9433
2021-02-15 16:17:02: [Statistics] Ethereum - Total speed: 48.930 MH/s, Total shares: 0 Rejected: 0, Time: 00:09
2021-02-15 16:17:03: <info>  New job from eth-eu2.nanopool.org:9433
2021-02-15 16:17:03: [Statistics] Ethereum - Total speed: 49.053 MH/s, Total shares: 0 Rejected: 0, Time: 00:10
2021-02-15 16:17:03: <info>  New job from eth-eu2.nanopool.org:9433
2021-02-15 16:17:03: [Statistics] Ethereum - Total speed: 48.543 MH/s, Total shares: 0 Rejected: 0, Time: 00:10
2021-02-15 16:17:06: <info>  New job from eth-eu2.nanopool.org:9433
2021-02-15 16:17:06: [Statistics] Ethereum - Total speed: 48.404 MH/s, Total shares: 0 Rejected: 0, Time: 00:13
2021-02-15 16:17:06: [Statistics] Ethereum last 10 min - Total: 48.578 MH/s.
2021-02-15 16:17:07: <info>  New job from eth-eu2.nanopool.org:9433
2021-02-15 16:17:07: [Statistics] Ethereum - Total speed: 48.580 MH/s, Total shares: 0 Rejected: 0, Time: 00:14
2021-02-15 16:17:08: <info>  New job from eth-eu2.nanopool.org:9433
2021-02-15 16:17:08: [Statistics] Ethereum - Total speed: 48.812 MH/s, Total shares: 0 Rejected: 0, Time: 00:14
2021-02-15 16:17:10: <info>  New job from eth-eu2.nanopool.org:9433
2021-02-15 16:17:10: [Statistics] Ethereum - Total speed: 48.817 MH/s, Total shares: 0 Rejected: 0, Time: 00:17
2021-02-15 16:17:13: <info>  New job from eth-eu2.nanopool.org:9433
2021-02-15 16:17:13: [Statistics] Ethereum - Total speed: 48.898 MH/s, Total shares: 0 Rejected: 0, Time: 00:20
2021-02-15 16:17:13: [Statistics] Ethereum last 10 min - Total: 48.707 MH/s.
2021-02-15 16:17:14: <info>  New job from eth-eu2.nanopool.org:9433
2021-02-15 16:17:14: [Statistics] Ethereum - Total speed: 48.967 MH/s, Total shares: 0 Rejected: 0, Time: 00:21
2021-02-15 16:17:14: <info>  New job from eth-eu2.nanopool.org:9433
2021-02-15 16:17:14: [Statistics] Ethereum - Total speed: 49.186 MH/s, Total shares: 0 Rejected: 0, Time: 00:21
2021-02-15 16:17:17: <info>  New job from eth-eu2.nanopool.org:9433
2021-02-15 16:17:17: [Statistics] Ethereum - Total speed: 49.267 MH/s, Total shares: 0 Rejected: 0, Time: 00:24
2021-02-15 16:17:17: <info>  New job from eth-eu2.nanopool.org:9433
2021-02-15 16:17:17: [Statistics] Ethereum - Total speed: 49.427 MH/s, Total shares: 0 Rejected: 0, Time: 00:24
2021-02-15 16:17:17: [Statistics] Ethereum last 10 min - Total: 48.823 MH/s.
2021-02-15 16:17:20: <info>  New job from eth-eu2.nanopool.org:9433
2021-02-15 16:17:20: [Statistics] Ethereum - Total speed: 49.592 MH/s, Total shares: 0 Rejected: 0, Time: 00:27
2021-02-15 16:17:23: <info>  New job from eth-eu2.nanopool.org:9433
2021-02-15 16:17:23: [Statistics] Ethereum - Total speed: 49.562 MH/s, Total shares: 0 Rejected: 0, Time: 00:30
2021-02-15 16:17:26: <info>  New job from eth-eu2.nanopool.org:9433
2021-02-15 16:17:26: [Statistics] Ethereum - Total speed: 49.575 MH/s, Total shares: 0 Rejected: 0, Time: 00:33
2021-02-15 16:17:29: <info>  New job from eth-eu2.nanopool.org:9433
2021-02-15 16:17:29: [Statistics] Ethereum - Total speed: 49.646 MH/s, Total shares: 0 Rejected: 0, Time: 00:36
2021-02-15 16:17:29: [Statistics] Ethereum last 10 min - Total: 49.154 MH/s.
2021-02-15 16:17:32: <info>  New job from eth-eu2.nanopool.org:9433
2021-02-15 16:17:32: [Statistics] Ethereum - Total speed: 49.592 MH/s, Total shares: 0 Rejected: 0, Time: 00:39
2021-02-15 16:17:35: <info>  New job from eth-eu2.nanopool.org:9433
2021-02-15 16:17:35: [Statistics] Ethereum - Total speed: 49.683 MH/s, Total shares: 0 Rejected: 0, Time: 00:42
2021-02-15 16:17:35: <info>  New job from eth-eu2.nanopool.org:9433
2021-02-15 16:17:35: [Statistics] Ethereum - Total speed: 49.648 MH/s, Total shares: 0 Rejected: 0, Time: 00:42
2021-02-15 16:17:35: <info>  New job from eth-eu2.nanopool.org:9433
2021-02-15 16:17:35: [Statistics] Ethereum - Total speed: 49.726 MH/s, Total shares: 0 Rejected: 0, Time: 00:42
2021-02-15 16:17:35: [Statistics] Ethereum last 10 min - Total: 49.251 MH/s.
2021-02-15 16:17:39: <info>  New job from eth-eu2.nanopool.org:9433
2021-02-15 16:17:39: [Statistics] Ethereum - Total speed: 49.923 MH/s, Total shares: 0 Rejected: 0, Time: 00:46
2021-02-15 16:17:41: <info>  New job from eth-eu2.nanopool.org:9433
2021-02-15 16:17:41: [Statistics] Ethereum - Total speed: 49.897 MH/s, Total shares: 0 Rejected: 0, Time: 00:48
2021-02-15 16:17:44: <info>  New job from eth-eu2.nanopool.org:9433
2021-02-15 16:17:44: [Statistics] Ethereum - Total speed: 49.987 MH/s, Total shares: 0 Rejected: 0, Time: 00:51
2021-02-15 16:17:47: <info>  New job from eth-eu2.nanopool.org:9433
2021-02-15 16:17:47: [Statistics] Ethereum - Total speed: 49.903 MH/s, Total shares: 0 Rejected: 0, Time: 00:54
2021-02-15 16:17:47: [Statistics] Ethereum last 10 min - Total: 49.424 MH/s.
2021-02-15 16:17:50: <info>  New job from eth-eu2.nanopool.org:9433
2021-02-15 16:17:50: [Statistics] Ethereum - Total speed: 49.959 MH/s, Total shares: 0 Rejected: 0, Time: 00:57
2021-02-15 16:17:53: <info>  New job from eth-eu2.nanopool.org:9433
2021-02-15 16:17:53: [Statistics] Ethereum - Total speed: 49.864 MH/s, Total shares: 0 Rejected: 0, Time: 01:00
2021-02-15 16:17:56: <info>  New job from eth-eu2.nanopool.org:9433
2021-02-15 16:17:56: [Statistics] Ethereum - Total speed: 49.796 MH/s, Total shares: 0 Rejected: 0, Time: 01:03
2021-02-15 16:17:59: <info>  New job from eth-eu2.nanopool.org:9433
2021-02-15 16:17:59: [Statistics] Ethereum - Total speed: 49.902 MH/s, Total shares: 0 Rejected: 0, Time: 01:06
2021-02-15 16:17:59: [Statistics] Ethereum last 10 min - Total: 49.520 MH/s.
2021-02-15 16:18:01: <info>  New job from eth-eu2.nanopool.org:9433
2021-02-15 16:18:01: [Statistics] Ethereum - Total speed: 49.834 MH/s, Total shares: 0 Rejected: 0, Time: 01:08
2021-02-15 16:18:01: <info>  New job from eth-eu2.nanopool.org:9433
2021-02-15 16:18:01: [Statistics] Ethereum - Total speed: 49.938 MH/s, Total shares: 0 Rejected: 0, Time: 01:08
2021-02-15 16:18:03: <info>  New job from eth-eu2.nanopool.org:9433
2021-02-15 16:18:03: [Statistics] Ethereum - Total speed: 49.838 MH/s, Total shares: 0 Rejected: 0, Time: 01:10
2021-02-15 16:18:03: <info>  New job from eth-eu2.nanopool.org:9433
2021-02-15 16:18:03: [Statistics] Ethereum - Total speed: 49.730 MH/s, Total shares: 0 Rejected: 0, Time: 01:10
2021-02-15 16:18:03: [Statistics] Ethereum last 10 min - Total: 49.542 MH/s.
2021-02-15 16:18:06: <info>  New job from eth-eu2.nanopool.org:9433
2021-02-15 16:18:06: [Statistics] Ethereum - Total speed: 49.913 MH/s, Total shares: 0 Rejected: 0, Time: 01:13
2021-02-15 16:18:06: <info>  New job from eth-eu2.nanopool.org:9433
2021-02-15 16:18:06: [Statistics] Ethereum - Total speed: 49.898 MH/s, Total shares: 0 Rejected: 0, Time: 01:13
2021-02-15 16:18:07: <info>  New job from eth-eu2.nanopool.org:9433
2021-02-15 16:18:07: [Statistics] Ethereum - Total speed: 50.007 MH/s, Total shares: 0 Rejected: 0, Time: 01:13
2021-02-15 16:18:09: <info>  New job from eth-eu2.nanopool.org:9433
2021-02-15 16:18:09: [Statistics] Ethereum - Total speed: 49.865 MH/s, Total shares: 0 Rejected: 0, Time: 01:16
2021-02-15 16:18:09: [Statistics] Ethereum last 10 min - Total: 49.574 MH/s.
2021-02-15 16:18:12: <info>  New job from eth-eu2.nanopool.org:9433
2021-02-15 16:18:12: [Statistics] Ethereum - Total speed: 49.783 MH/s, Total shares: 0 Rejected: 0, Time: 01:19
2021-02-15 16:18:16: <info>  New job from eth-eu2.nanopool.org:9433
2021-02-15 16:18:16: [Statistics] Ethereum - Total speed: 49.860 MH/s, Total shares: 0 Rejected: 0, Time: 01:23
2021-02-15 16:18:18: <info>  New job from eth-eu2.nanopool.org:9433
2021-02-15 16:18:18: [Statistics] Ethereum - Total speed: 49.827 MH/s, Total shares: 0 Rejected: 0, Time: 01:25
2021-02-15 16:18:21: <info>  New job from eth-eu2.nanopool.org:9433
2021-02-15 16:18:21: [Statistics] Ethereum - Total speed: 49.754 MH/s, Total shares: 0 Rejected: 0, Time: 01:28
2021-02-15 16:18:21: [Statistics] Ethereum last 10 min - Total: 49.611 MH/s.
2021-02-15 16:18:23: <info>  New job from eth-eu2.nanopool.org:9433
2021-02-15 16:18:23: [Statistics] Ethereum - Total speed: 49.685 MH/s, Total shares: 0 Rejected: 0, Time: 01:30
2021-02-15 16:18:23: <info>  New job from eth-eu2.nanopool.org:9433
2021-02-15 16:18:23: [Statistics] Ethereum - Total speed: 49.698 MH/s, Total shares: 0 Rejected: 0, Time: 01:30
2021-02-15 16:18:26: <info>  New job from eth-eu2.nanopool.org:9433
2021-02-15 16:18:26: [Statistics] Ethereum - Total speed: 48.060 MH/s, Total shares: 0 Rejected: 0, Time: 01:33
2021-02-15 16:18:29: <info>  New job from eth-eu2.nanopool.org:9433
2021-02-15 16:18:29: [Statistics] Ethereum - Total speed: 47.032 MH/s, Total shares: 0 Rejected: 0, Time: 01:36
2021-02-15 16:18:29: [Statistics] Ethereum last 10 min - Total: 49.515 MH/s.
2021-02-15 16:18:32: <info>  New job from eth-eu2.nanopool.org:9433
2021-02-15 16:18:32: [Statistics] Ethereum - Total speed: 47.074 MH/s, Total shares: 0 Rejected: 0, Time: 01:39
2021-02-15 16:18:35: <info>  New job from eth-eu2.nanopool.org:9433
2021-02-15 16:18:35: [Statistics] Ethereum - Total speed: 47.309 MH/s, Total shares: 0 Rejected: 0, Time: 01:42
2021-02-15 16:18:38: <info>  New job from eth-eu2.nanopool.org:9433
2021-02-15 16:18:38: [Statistics] Ethereum - Total speed: 47.502 MH/s, Total shares: 0 Rejected: 0, Time: 01:45
2021-02-15 16:18:41: <info>  New job from eth-eu2.nanopool.org:9433
2021-02-15 16:18:41: [Statistics] Ethereum - Total speed: 47.728 MH/s, Total shares: 0 Rejected: 0, Time: 01:48
2021-02-15 16:18:41: [Statistics] Ethereum last 10 min - Total: 49.247 MH/s.
2021-02-15 16:18:44: <info>  New job from eth-eu2.nanopool.org:9433
2021-02-15 16:18:44: [Statistics] Ethereum - Total speed: 48.005 MH/s, Total shares: 0 Rejected: 0, Time: 01:51
2021-02-15 16:18:47: <info>  New job from eth-eu2.nanopool.org:9433
2021-02-15 16:18:47: [Statistics] Ethereum - Total speed: 48.130 MH/s, Total shares: 0 Rejected: 0, Time: 01:54
2021-02-15 16:18:50: <info>  New job from eth-eu2.nanopool.org:9433
2021-02-15 16:18:50: [Statistics] Ethereum - Total speed: 48.370 MH/s, Total shares: 0 Rejected: 0, Time: 01:57
2021-02-15 16:18:52: <info>  New job from eth-eu2.nanopool.org:9433
2021-02-15 16:18:52: [Statistics] Ethereum - Total speed: 47.943 MH/s, Total shares: 0 Rejected: 0, Time: 01:59
2021-02-15 16:18:52: [Statistics] Ethereum last 10 min - Total: 49.127 MH/s.
2021-02-15 16:18:52: <info>  New job from eth-eu2.nanopool.org:9433
2021-02-15 16:18:52: [Statistics] Ethereum - Total speed: 48.031 MH/s, Total shares: 0 Rejected: 0, Time: 01:59
2021-02-15 16:18:56: <info>  New job from eth-eu2.nanopool.org:9433
2021-02-15 16:18:56: [Statistics] Ethereum - Total speed: 48.253 MH/s, Total shares: 0 Rejected: 0, Time: 02:02
2021-02-15 16:18:56: <info>  New job from eth-eu2.nanopool.org:9433
2021-02-15 16:18:56: [Statistics] Ethereum - Total speed: 48.383 MH/s, Total shares: 0 Rejected: 0, Time: 02:03
2021-02-15 16:18:56: <info>  New job from eth-eu2.nanopool.org:9433
2021-02-15 16:18:56: [Statistics] Ethereum - Total speed: 48.445 MH/s, Total shares: 0 Rejected: 0, Time: 02:03
2021-02-15 16:18:56: [Statistics] Ethereum last 10 min - Total: 49.093 MH/s.
2021-02-15 16:18:59: <info>  New job from eth-eu2.nanopool.org:9433
2021-02-15 16:18:59: [Statistics] Ethereum - Total speed: 48.477 MH/s, Total shares: 0 Rejected: 0, Time: 02:06
2021-02-15 16:19:02: <info>  New job from eth-eu2.nanopool.org:9433
2021-02-15 16:19:02: [Statistics] Ethereum - Total speed: 48.409 MH/s, Total shares: 0 Rejected: 0, Time: 02:09
2021-02-15 16:19:05: <info>  New job from eth-eu2.nanopool.org:9433
2021-02-15 16:19:05: [Statistics] Ethereum - Total speed: 48.612 MH/s, Total shares: 0 Rejected: 0, Time: 02:12
2021-02-15 16:19:05: <info>  New job from eth-eu2.nanopool.org:9433
2021-02-15 16:19:05: [Statistics] Ethereum - Total speed: 48.670 MH/s, Total shares: 0 Rejected: 0, Time: 02:12
2021-02-15 16:19:05: [Statistics] Ethereum last 10 min - Total: 49.048 MH/s.
2021-02-15 16:19:07: <info>  New job from eth-eu2.nanopool.org:9433
2021-02-15 16:19:07: [Statistics] Ethereum - Total speed: 48.832 MH/s, Total shares: 0 Rejected: 0, Time: 02:14
2021-02-15 16:19:07: <info>  New job from eth-eu2.nanopool.org:9433
2021-02-15 16:19:07: [Statistics] Ethereum - Total speed: 49.014 MH/s, Total shares: 0 Rejected: 0, Time: 02:14
2021-02-15 16:19:10: <info>  New job from eth-eu2.nanopool.org:9433
2021-02-15 16:19:10: [Statistics] Ethereum - Total speed: 49.150 MH/s, Total shares: 0 Rejected: 0, Time: 02:17
2021-02-15 16:19:13: <info>  New job from eth-eu2.nanopool.org:9433
2021-02-15 16:19:13: [Statistics] Ethereum - Total speed: 49.134 MH/s, Total shares: 0 Rejected: 0, Time: 02:20
2021-02-15 16:19:13: [Statistics] Ethereum last 10 min - Total: 49.046 MH/s.
2021-02-15 16:19:16: <info>  New job from eth-eu2.nanopool.org:9433
2021-02-15 16:19:16: [Statistics] Ethereum - Total speed: 49.205 MH/s, Total shares: 0 Rejected: 0, Time: 02:23
2021-02-15 16:19:19: <info>  New job from eth-eu2.nanopool.org:9433
2021-02-15 16:19:19: [Statistics] Ethereum - Total speed: 48.775 MH/s, Total shares: 0 Rejected: 0, Time: 02:26
2021-02-15 16:19:22: <info>  New job from eth-eu2.nanopool.org:9433
2021-02-15 16:19:22: [Statistics] Ethereum - Total speed: 48.542 MH/s, Total shares: 0 Rejected: 0, Time: 02:29
2021-02-15 16:19:25: <info>  New job from eth-eu2.nanopool.org:9433
2021-02-15 16:19:25: [Statistics] Ethereum - Total speed: 47.595 MH/s, Total shares: 0 Rejected: 0, Time: 02:32
2021-02-15 16:19:25: [Statistics] Ethereum last 10 min - Total: 49.019 MH/s.
2021-02-15 16:19:28: <info>  New job from eth-eu2.nanopool.org:9433
2021-02-15 16:19:28: [Statistics] Ethereum - Total speed: 47.167 MH/s, Total shares: 0 Rejected: 0, Time: 02:35
2021-02-15 16:19:31: <info>  New job from eth-eu2.nanopool.org:9433
2021-02-15 16:19:31: [Statistics] Ethereum - Total speed: 47.106 MH/s, Total shares: 0 Rejected: 0, Time: 02:38
2021-02-15 16:19:31: <info>  New job from eth-eu2.nanopool.org:9433
2021-02-15 16:19:31: [Statistics] Ethereum - Total speed: 47.330 MH/s, Total shares: 0 Rejected: 0, Time: 02:38
2021-02-15 16:19:31: <info>  New job from eth-eu2.nanopool.org:9433
2021-02-15 16:19:31: [Statistics] Ethereum - Total speed: 47.661 MH/s, Total shares: 0 Rejected: 0, Time: 02:38
2021-02-15 16:19:31: [Statistics] Ethereum last 10 min - Total: 48.942 MH/s.
2021-02-15 16:19:34: <info>  New job from eth-eu2.nanopool.org:9433
2021-02-15 16:19:34: [Statistics] Ethereum - Total speed: 47.995 MH/s, Total shares: 0 Rejected: 0, Time: 02:41
2021-02-15 16:19:37: <info>  New job from eth-eu2.nanopool.org:9433
2021-02-15 16:19:37: [Statistics] Ethereum - Total speed: 48.102 MH/s, Total shares: 0 Rejected: 0, Time: 02:44
2021-02-15 16:19:40: <info>  New job from eth-eu2.nanopool.org:9433
2021-02-15 16:19:40: [Statistics] Ethereum - Total speed: 48.346 MH/s, Total shares: 0 Rejected: 0, Time: 02:47
2021-02-15 16:19:43: <info>  New job from eth-eu2.nanopool.org:9433
2021-02-15 16:19:43: [Statistics] Ethereum - Total speed: 48.419 MH/s, Total shares: 0 Rejected: 0, Time: 02:50
2021-02-15 16:19:43: [Statistics] Ethereum last 10 min - Total: 48.881 MH/s.
2021-02-15 16:19:46: <info>  New job from eth-eu2.nanopool.org:9433
2021-02-15 16:19:51: [Statistics] Ethereum - Total speed: 48.489 MH/s, Total shares: 0 Rejected: 0, Time: 02:58
2021-02-15 16:19:51: <info>  New job from eth-eu2.nanopool.org:9433
2021-02-15 16:19:51: [Statistics] Ethereum - Total speed: 48.617 MH/s, Total shares: 0 Rejected: 0, Time: 02:58
2021-02-15 16:19:51: <info>  New job from eth-eu2.nanopool.org:9433
2021-02-15 16:19:51: [Statistics] Ethereum - Total speed: 48.617 MH/s, Total shares: 0 Rejected: 0, Time: 02:58
2021-02-15 16:19:52: <info>  New job from eth-eu2.nanopool.org:9433
2021-02-15 16:19:52: [Statistics] Ethereum - Total speed: 48.712 MH/s, Total shares: 0 Rejected: 0, Time: 02:59
2021-02-15 16:19:52: [Statistics] Ethereum last 10 min - Total: 48.861 MH/s.
2021-02-15 16:19:55: <info>  New job from eth-eu2.nanopool.org:9433
2021-02-15 16:19:55: [Statistics] Ethereum - Total speed: 48.842 MH/s, Total shares: 0 Rejected: 0, Time: 03:02
2021-02-15 16:19:58: <info>  New job from eth-eu2.nanopool.org:9433
2021-02-15 16:19:58: [Statistics] Ethereum - Total speed: 48.846 MH/s, Total shares: 0 Rejected: 0, Time: 03:05
2021-02-15 16:20:01: <info>  New job from eth-eu2.nanopool.org:9433
2021-02-15 16:20:01: [Statistics] Ethereum - Total speed: 48.854 MH/s, Total shares: 0 Rejected: 0, Time: 03:08
2021-02-15 16:20:04: <info>  New job from eth-eu2.nanopool.org:9433
2021-02-15 16:20:04: [Statistics] Ethereum - Total speed: 48.998 MH/s, Total shares: 0 Rejected: 0, Time: 03:11
2021-02-15 16:20:04: [Statistics] Ethereum last 10 min - Total: 48.860 MH/s.
2021-02-15 16:20:04: <info>  New job from eth-eu2.nanopool.org:9433
2021-02-15 16:20:04: [Statistics] Ethereum - Total speed: 48.971 MH/s, Total shares: 0 Rejected: 0, Time: 03:11
2021-02-15 16:20:07: <info>  New job from eth-eu2.nanopool.org:9433
2021-02-15 16:20:07: [Statistics] Ethereum - Total speed: 49.077 MH/s, Total shares: 0 Rejected: 0, Time: 03:14
2021-02-15 16:20:10: <info>  New job from eth-eu2.nanopool.org:9433
2021-02-15 16:20:10: [Statistics] Ethereum - Total speed: 49.213 MH/s, Total shares: 0 Rejected: 0, Time: 03:17
2021-02-15 16:20:13: <info>  New job from eth-eu2.nanopool.org:9433
2021-02-15 16:20:13: [Statistics] Ethereum - Total speed: 49.207 MH/s, Total shares: 0 Rejected: 0, Time: 03:20
2021-02-15 16:20:13: [Statistics] Ethereum last 10 min - Total: 48.872 MH/s.
2021-02-15 16:20:16: <info>  New job from eth-eu2.nanopool.org:9433
2021-02-15 16:20:16: [Statistics] Ethereum - Total speed: 49.249 MH/s, Total shares: 0 Rejected: 0, Time: 03:23
2021-02-15 16:20:19: <info>  New job from eth-eu2.nanopool.org:9433
2021-02-15 16:20:19: [Statistics] Ethereum - Total speed: 49.351 MH/s, Total shares: 0 Rejected: 0, Time: 03:26
2021-02-15 16:20:22: <info>  New job from eth-eu2.nanopool.org:9433
2021-02-15 16:20:22: [Statistics] Ethereum - Total speed: 49.323 MH/s, Total shares: 0 Rejected: 0, Time: 03:29
2021-02-15 16:20:25: <info>  New job from eth-eu2.nanopool.org:9433
2021-02-15 16:20:25: [Statistics] Ethereum - Total speed: 49.449 MH/s, Total shares: 0 Rejected: 0, Time: 03:32
2021-02-15 16:20:25: [Statistics] Ethereum last 10 min - Total: 48.898 MH/s.
2021-02-15 16:20:28: <info>  New job from eth-eu2.nanopool.org:9433
2021-02-15 16:20:28: [Statistics] Ethereum - Total speed: 49.403 MH/s, Total shares: 0 Rejected: 0, Time: 03:35
2021-02-15 16:20:31: <info>  New job from eth-eu2.nanopool.org:9433
2021-02-15 16:20:31: [Statistics] Ethereum - Total speed: 49.359 MH/s, Total shares: 0 Rejected: 0, Time: 03:38
2021-02-15 16:20:34: <info>  New job from eth-eu2.nanopool.org:9433
2021-02-15 16:20:34: [Statistics] Ethereum - Total speed: 49.471 MH/s, Total shares: 0 Rejected: 0, Time: 03:41
2021-02-15 16:20:37: <info>  New job from eth-eu2.nanopool.org:9433
2021-02-15 16:20:37: [Statistics] Ethereum - Total speed: 48.946 MH/s, Total shares: 0 Rejected: 0, Time: 03:44
2021-02-15 16:20:37: [Statistics] Ethereum last 10 min - Total: 48.924 MH/s.
2021-02-15 16:20:40: <info>  New job from eth-eu2.nanopool.org:9433
2021-02-15 16:20:40: [Statistics] Ethereum - Total speed: 48.564 MH/s, Total shares: 0 Rejected: 0, Time: 03:47
2021-02-15 16:20:42: <info>  New job from eth-eu2.nanopool.org:9433
2021-02-15 16:20:42: [Statistics] Ethereum - Total speed: 48.534 MH/s, Total shares: 0 Rejected: 0, Time: 03:49
2021-02-15 16:20:42: <info>  New job from eth-eu2.nanopool.org:9433
2021-02-15 16:20:42: [Statistics] Ethereum - Total speed: 48.749 MH/s, Total shares: 0 Rejected: 0, Time: 03:49
2021-02-15 16:20:45: <info>  New job from eth-eu2.nanopool.org:9433
2021-02-15 16:20:45: [Statistics] Ethereum - Total speed: 48.911 MH/s, Total shares: 0 Rejected: 0, Time: 03:52
2021-02-15 16:20:45: [Statistics] Ethereum last 10 min - Total: 48.917 MH/s.
2021-02-15 16:20:48: <info>  New job from eth-eu2.nanopool.org:9433
2021-02-15 16:20:48: [Statistics] Ethereum - Total speed: 48.999 MH/s, Total shares: 0 Rejected: 0, Time: 03:55
2021-02-15 16:20:51: <info>  New job from eth-eu2.nanopool.org:9433
2021-02-15 16:20:51: [Statistics] Ethereum - Total speed: 48.882 MH/s, Total shares: 0 Rejected: 0, Time: 03:58
2021-02-15 16:20:54: <info>  New job from eth-eu2.nanopool.org:9433
2021-02-15 16:20:54: [Statistics] Ethereum - Total speed: 48.230 MH/s, Total shares: 0 Rejected: 0, Time: 04:01
2021-02-15 16:20:57: <info>  New job from eth-eu2.nanopool.org:9433
2021-02-15 16:20:57: [Statistics] Ethereum - Total speed: 48.300 MH/s, Total shares: 0 Rejected: 0, Time: 04:04
2021-02-15 16:20:57: [Statistics] Ethereum last 10 min - Total: 48.905 MH/s.
2021-02-15 16:21:00: <info>  New job from eth-eu2.nanopool.org:9433
2021-02-15 16:21:00: [Statistics] Ethereum - Total speed: 48.518 MH/s, Total shares: 0 Rejected: 0, Time: 04:07
2021-02-15 16:21:03: <info>  New job from eth-eu2.nanopool.org:9433
2021-02-15 16:21:03: [Statistics] Ethereum - Total speed: 48.566 MH/s, Total shares: 0 Rejected: 0, Time: 04:10
2021-02-15 16:21:06: <info>  New job from eth-eu2.nanopool.org:9433
2021-02-15 16:21:06: [Statistics] Ethereum - Total speed: 48.690 MH/s, Total shares: 0 Rejected: 0, Time: 04:13
2021-02-15 16:21:09: <info>  New job from eth-eu2.nanopool.org:9433
2021-02-15 16:21:09: [Statistics] Ethereum - Total speed: 48.842 MH/s, Total shares: 0 Rejected: 0, Time: 04:16
2021-02-15 16:21:09: [Statistics] Ethereum last 10 min - Total: 48.890 MH/s.
2021-02-15 16:21:09: <info>  New job from eth-eu2.nanopool.org:9433
2021-02-15 16:21:09: [Statistics] Ethereum - Total speed: 48.835 MH/s, Total shares: 0 Rejected: 0, Time: 04:16
2021-02-15 16:21:10: <info>  New job from eth-eu2.nanopool.org:9433
2021-02-15 16:21:10: [Statistics] Ethereum - Total speed: 48.857 MH/s, Total shares: 0 Rejected: 0, Time: 04:17
2021-02-15 16:21:13: <info>  New job from eth-eu2.nanopool.org:9433
2021-02-15 16:21:13: [Statistics] Ethereum - Total speed: 49.142 MH/s, Total shares: 0 Rejected: 0, Time: 04:20
2021-02-15 16:21:16: <info>  New job from eth-eu2.nanopool.org:9433
2021-02-15 16:21:16: [Statistics] Ethereum - Total speed: 49.189 MH/s, Total shares: 0 Rejected: 0, Time: 04:23
2021-02-15 16:21:16: [Statistics] Ethereum last 10 min - Total: 48.894 MH/s.
2021-02-15 16:21:18: <info>  New job from eth-eu2.nanopool.org:9433
2021-02-15 16:21:19: [Statistics] Ethereum - Total speed: 49.339 MH/s, Total shares: 0 Rejected: 0, Time: 04:25
2021-02-15 16:21:22: <info>  New job from eth-eu2.nanopool.org:9433
2021-02-15 16:21:22: [Statistics] Ethereum - Total speed: 49.353 MH/s, Total shares: 0 Rejected: 0, Time: 04:28
2021-02-15 16:21:22: <info>  New job from eth-eu2.nanopool.org:9433
2021-02-15 16:21:22: [Statistics] Ethereum - Total speed: 49.470 MH/s, Total shares: 0 Rejected: 0, Time: 04:29
2021-02-15 16:21:22: <info>  New job from eth-eu2.nanopool.org:9433
2021-02-15 16:21:22: [Statistics] Ethereum - Total speed: 49.604 MH/s, Total shares: 0 Rejected: 0, Time: 04:29
2021-02-15 16:21:22: [Statistics] Ethereum last 10 min - Total: 48.905 MH/s.
2021-02-15 16:21:23: <info>  New job from eth-eu2.nanopool.org:9433
2021-02-15 16:21:23: [Statistics] Ethereum - Total speed: 49.514 MH/s, Total shares: 0 Rejected: 0, Time: 04:30
2021-02-15 16:21:23: <info>  New job from eth-eu2.nanopool.org:9433
2021-02-15 16:21:23: [Statistics] Ethereum - Total speed: 49.095 MH/s, Total shares: 0 Rejected: 0, Time: 04:30
2021-02-15 16:21:25: <info>  New job from eth-eu2.nanopool.org:9433
2021-02-15 16:21:25: [Statistics] Ethereum - Total speed: 49.208 MH/s, Total shares: 0 Rejected: 0, Time: 04:32
2021-02-15 16:21:25: <info>  New job from eth-eu2.nanopool.org:9433
2021-02-15 16:21:25: [Statistics] Ethereum - Total speed: 49.332 MH/s, Total shares: 0 Rejected: 0, Time: 04:32
2021-02-15 16:21:25: [Statistics] Ethereum last 10 min - Total: 48.910 MH/s.
2021-02-15 16:21:27: <info>  New job from eth-eu2.nanopool.org:9433
2021-02-15 16:21:27: [Statistics] Ethereum - Total speed: 49.503 MH/s, Total shares: 0 Rejected: 0, Time: 04:34
2021-02-15 16:21:28: <info>  New job from eth-eu2.nanopool.org:9433
2021-02-15 16:21:28: [Statistics] Ethereum - Total speed: 49.513 MH/s, Total shares: 0 Rejected: 0, Time: 04:35
2021-02-15 16:21:30: <info>  New job from eth-eu2.nanopool.org:9433
2021-02-15 16:21:30: [Statistics] Ethereum - Total speed: 48.834 MH/s, Total shares: 0 Rejected: 0, Time: 04:37
2021-02-15 16:21:30: <info>  New job from eth-eu2.nanopool.org:9433
2021-02-15 16:21:30: [Statistics] Ethereum - Total speed: 48.988 MH/s, Total shares: 0 Rejected: 0, Time: 04:37
2021-02-15 16:21:30: [Statistics] Ethereum last 10 min - Total: 48.917 MH/s.
2021-02-15 16:21:32: <info>  New job from eth-eu2.nanopool.org:9433
2021-02-15 16:21:32: [Statistics] Ethereum - Total speed: 49.152 MH/s, Total shares: 0 Rejected: 0, Time: 04:39
2021-02-15 16:21:33: <info>  New job from eth-eu2.nanopool.org:9433
2021-02-15 16:21:33: [Statistics] Ethereum - Total speed: 49.290 MH/s, Total shares: 0 Rejected: 0, Time: 04:40
2021-02-15 16:21:34: <info>  Ethereum - SHARE FOUND (GPU: 0, nonce: 0x511a6342bb68f63a).
2021-02-15 16:21:34: <info> Ethereum: share accepted (53 ms)!
2021-02-15 16:21:35: <info>  New job from eth-eu2.nanopool.org:9433
2021-02-15 16:21:35: [Statistics] Ethereum - Total speed: 49.146 MH/s, Total shares: 1 Rejected: 0, Time: 04:42
2021-02-15 16:21:38: <info>  New job from eth-eu2.nanopool.org:9433
2021-02-15 16:21:38: [Statistics] Ethereum - Total speed: 49.305 MH/s, Total shares: 1 Rejected: 0, Time: 04:45
2021-02-15 16:21:38: [Statistics] Ethereum last 10 min - Total: 48.924 MH/s.
2021-02-15 16:21:41: <info>  New job from eth-eu2.nanopool.org:9433
2021-02-15 16:21:41: [Statistics] Ethereum - Total speed: 49.197 MH/s, Total shares: 1 Rejected: 0, Time: 04:48
2021-02-15 16:21:44: <info>  New job from eth-eu2.nanopool.org:9433
2021-02-15 16:21:44: [Statistics] Ethereum - Total speed: 49.194 MH/s, Total shares: 1 Rejected: 0, Time: 04:51
2021-02-15 16:21:47: <info>  New job from eth-eu2.nanopool.org:9433
2021-02-15 16:21:47: [Statistics] Ethereum - Total speed: 49.214 MH/s, Total shares: 1 Rejected: 0, Time: 04:54
2021-02-15 16:21:49: <info>  New job from eth-eu2.nanopool.org:9433
2021-02-15 16:21:49: [Statistics] Ethereum - Total speed: 49.354 MH/s, Total shares: 1 Rejected: 0, Time: 04:56
2021-02-15 16:21:49: [Statistics] Ethereum last 10 min - Total: 48.937 MH/s.
2021-02-15 16:21:49: <info>  New job from eth-eu2.nanopool.org:9433
2021-02-15 16:21:49: [Statistics] Ethereum - Total speed: 48.949 MH/s, Total shares: 1 Rejected: 0, Time: 04:56
2021-02-15 16:21:53: <info>  New job from eth-eu2.nanopool.org:9433
2021-02-15 16:21:53: [Statistics] Ethereum - Total speed: 49.086 MH/s, Total shares: 1 Rejected: 0, Time: 05:00
2021-02-15 16:21:55: <info>  New job from eth-eu2.nanopool.org:9433
2021-02-15 16:21:55: [Statistics] Ethereum - Total speed: 49.190 MH/s, Total shares: 1 Rejected: 0, Time: 05:02
2021-02-15 16:21:58: <info>  New job from eth-eu2.nanopool.org:9433
2021-02-15 16:21:58: [Statistics] Ethereum - Total speed: 49.045 MH/s, Total shares: 1 Rejected: 0, Time: 05:05
2021-02-15 16:21:58: [Statistics] Ethereum last 10 min - Total: 48.941 MH/s.
2021-02-15 16:22:01: <info>  New job from eth-eu2.nanopool.org:9433
2021-02-15 16:22:01: [Statistics] Ethereum - Total speed: 48.927 MH/s, Total shares: 1 Rejected: 0, Time: 05:08
2021-02-15 16:22:04: <info>  New job from eth-eu2.nanopool.org:9433
2021-02-15 16:22:04: [Statistics] Ethereum - Total speed: 49.102 MH/s, Total shares: 1 Rejected: 0, Time: 05:11
2021-02-15 16:22:06: <info>  New job from eth-eu2.nanopool.org:9433
2021-02-15 16:22:06: [Statistics] Ethereum - Total speed: 48.435 MH/s, Total shares: 1 Rejected: 0, Time: 05:13
2021-02-15 16:22:07: <info>  New job from eth-eu2.nanopool.org:9433
2021-02-15 16:22:07: [Statistics] Ethereum - Total speed: 48.123 MH/s, Total shares: 1 Rejected: 0, Time: 05:13
2021-02-15 16:22:07: [Statistics] Ethereum last 10 min - Total: 48.940 MH/s.
2021-02-15 16:22:09: <info>  New job from eth-eu2.nanopool.org:9433
2021-02-15 16:22:09: [Statistics] Ethereum - Total speed: 48.412 MH/s, Total shares: 1 Rejected: 0, Time: 05:16
2021-02-15 16:22:12: <info>  New job from eth-eu2.nanopool.org:9433
2021-02-15 16:22:12: [Statistics] Ethereum - Total speed: 48.457 MH/s, Total shares: 1 Rejected: 0, Time: 05:19
2021-02-15 16:22:12: <info>  New job from eth-eu2.nanopool.org:9433
2021-02-15 16:22:12: [Statistics] Ethereum - Total speed: 48.547 MH/s, Total shares: 1 Rejected: 0, Time: 05:19
2021-02-15 16:22:13: <info>  New job from eth-eu2.nanopool.org:9433
2021-02-15 16:22:13: [Statistics] Ethereum - Total speed: 48.690 MH/s, Total shares: 1 Rejected: 0, Time: 05:20
2021-02-15 16:22:13: [Statistics] Ethereum last 10 min - Total: 48.929 MH/s.
2021-02-15 16:22:16: <info>  New job from eth-eu2.nanopool.org:9433
2021-02-15 16:22:16: [Statistics] Ethereum - Total speed: 47.912 MH/s, Total shares: 1 Rejected: 0, Time: 05:23
2021-02-15 16:22:19: <info>  New job from eth-eu2.nanopool.org:9433
2021-02-15 16:22:19: [Statistics] Ethereum - Total speed: 48.074 MH/s, Total shares: 1 Rejected: 0, Time: 05:25
2021-02-15 16:22:22: <info>  New job from eth-eu2.nanopool.org:9433
2021-02-15 16:22:22: [Statistics] Ethereum - Total speed: 48.165 MH/s, Total shares: 1 Rejected: 0, Time: 05:29
2021-02-15 16:22:24: <info>  New job from eth-eu2.nanopool.org:9433
2021-02-15 16:22:24: [Statistics] Ethereum - Total speed: 48.423 MH/s, Total shares: 1 Rejected: 0, Time: 05:31
2021-02-15 16:22:24: [Statistics] Ethereum last 10 min - Total: 48.902 MH/s.
2021-02-15 16:22:24: <info>  New job from eth-eu2.nanopool.org:9433
2021-02-15 16:22:24: [Statistics] Ethereum - Total speed: 48.480 MH/s, Total shares: 1 Rejected: 0, Time: 05:31
2021-02-15 16:22:27: <info>  New job from eth-eu2.nanopool.org:9433
2021-02-15 16:22:27: [Statistics] Ethereum - Total speed: 48.722 MH/s, Total shares: 1 Rejected: 0, Time: 05:34
2021-02-15 16:22:29: <info>  New job from eth-eu2.nanopool.org:9433
2021-02-15 16:22:29: [Statistics] Ethereum - Total speed: 48.887 MH/s, Total shares: 1 Rejected: 0, Time: 05:36
2021-02-15 16:22:29: <info>  New job from eth-eu2.nanopool.org:9433
2021-02-15 16:22:29: [Statistics] Ethereum - Total speed: 48.719 MH/s, Total shares: 1 Rejected: 0, Time: 05:36
2021-02-15 16:22:29: [Statistics] Ethereum last 10 min - Total: 48.898 MH/s.
2021-02-15 16:22:32: <info>  New job from eth-eu2.nanopool.org:9433
2021-02-15 16:22:32: [Statistics] Ethereum - Total speed: 48.788 MH/s, Total shares: 1 Rejected: 0, Time: 05:39
2021-02-15 16:22:35: <info>  New job from eth-eu2.nanopool.org:9433
2021-02-15 16:22:35: [Statistics] Ethereum - Total speed: 48.839 MH/s, Total shares: 1 Rejected: 0, Time: 05:42
2021-02-15 16:22:38: <info>  New job from eth-eu2.nanopool.org:9433
2021-02-15 16:22:38: [Statistics] Ethereum - Total speed: 48.764 MH/s, Total shares: 1 Rejected: 0, Time: 05:45
2021-02-15 16:22:41: <info>  New job from eth-eu2.nanopool.org:9433
2021-02-15 16:22:41: [Statistics] Ethereum - Total speed: 48.767 MH/s, Total shares: 1 Rejected: 0, Time: 05:48
2021-02-15 16:22:41: [Statistics] Ethereum last 10 min - Total: 48.894 MH/s.
2021-02-15 16:22:44: <info>  New job from eth-eu2.nanopool.org:9433
2021-02-15 16:22:44: [Statistics] Ethereum - Total speed: 48.858 MH/s, Total shares: 1 Rejected: 0, Time: 05:51
2021-02-15 16:22:47: <info>  New job from eth-eu2.nanopool.org:9433
2021-02-15 16:22:47: [Statistics] Ethereum - Total speed: 47.902 MH/s, Total shares: 1 Rejected: 0, Time: 05:54
2021-02-15 16:22:50: <info>  New job from eth-eu2.nanopool.org:9433
2021-02-15 16:22:50: [Statistics] Ethereum - Total speed: 46.857 MH/s, Total shares: 1 Rejected: 0, Time: 05:57
2021-02-15 16:22:52: <info>  New job from eth-eu2.nanopool.org:9433
2021-02-15 16:22:52: [Statistics] Ethereum - Total speed: 47.078 MH/s, Total shares: 1 Rejected: 0, Time: 05:59
2021-02-15 16:22:52: [Statistics] Ethereum last 10 min - Total: 48.865 MH/s.
2021-02-15 16:22:52: <info>  New job from eth-eu2.nanopool.org:9433
2021-02-15 16:22:52: [Statistics] Ethereum - Total speed: 46.625 MH/s, Total shares: 1 Rejected: 0, Time: 05:59
2021-02-15 16:22:53: <info>  New job from eth-eu2.nanopool.org:9433
2021-02-15 16:22:53: [Statistics] Ethereum - Total speed: 47.017 MH/s, Total shares: 1 Rejected: 0, Time: 06:00
2021-02-15 16:22:54: <info>  New job from eth-eu2.nanopool.org:9433
2021-02-15 16:22:54: [Statistics] Ethereum - Total speed: 47.061 MH/s, Total shares: 1 Rejected: 0, Time: 06:01
2021-02-15 16:22:55: <info>  New job from eth-eu2.nanopool.org:9433
2021-02-15 16:22:55: [Statistics] Ethereum - Total speed: 47.275 MH/s, Total shares: 1 Rejected: 0, Time: 06:02
2021-02-15 16:22:55: [Statistics] Ethereum last 10 min - Total: 48.847 MH/s.
2021-02-15 16:22:56: <info>  New job from eth-eu2.nanopool.org:9433
2021-02-15 16:22:56: [Statistics] Ethereum - Total speed: 47.500 MH/s, Total shares: 1 Rejected: 0, Time: 06:03
2021-02-15 16:22:56: <info>  New job from eth-eu2.nanopool.org:9433
2021-02-15 16:22:56: [Statistics] Ethereum - Total speed: 46.911 MH/s, Total shares: 1 Rejected: 0, Time: 06:03
2021-02-15 16:22:56: <info>  New job from eth-eu2.nanopool.org:9433
2021-02-15 16:22:56: [Statistics] Ethereum - Total speed: 47.030 MH/s, Total shares: 1 Rejected: 0, Time: 06:03
2021-02-15 16:22:59: <info>  New job from eth-eu2.nanopool.org:9433
2021-02-15 16:22:59: [Statistics] Ethereum - Total speed: 47.320 MH/s, Total shares: 1 Rejected: 0, Time: 06:06
2021-02-15 16:22:59: [Statistics] Ethereum last 10 min - Total: 48.830 MH/s.
2021-02-15 16:23:02: <info>  New job from eth-eu2.nanopool.org:9433
2021-02-15 16:23:02: [Statistics] Ethereum - Total speed: 47.496 MH/s, Total shares: 1 Rejected: 0, Time: 06:09
2021-02-15 16:23:02: <info>  New job from eth-eu2.nanopool.org:9433
2021-02-15 16:23:02: [Statistics] Ethereum - Total speed: 47.233 MH/s, Total shares: 1 Rejected: 0, Time: 06:09
2021-02-15 16:23:03: <info>  New job from eth-eu2.nanopool.org:9433
2021-02-15 16:23:03: [Statistics] Ethereum - Total speed: 47.583 MH/s, Total shares: 1 Rejected: 0, Time: 06:09
2021-02-15 16:23:03: <info>  New job from eth-eu2.nanopool.org:9433
2021-02-15 16:23:03: [Statistics] Ethereum - Total speed: 47.417 MH/s, Total shares: 1 Rejected: 0, Time: 06:10
2021-02-15 16:23:03: [Statistics] Ethereum last 10 min - Total: 48.814 MH/s.
2021-02-15 16:23:03: <info>  New job from eth-eu2.nanopool.org:9433
2021-02-15 16:23:03: [Statistics] Ethereum - Total speed: 47.173 MH/s, Total shares: 1 Rejected: 0, Time: 06:10
2021-02-15 16:23:06: <info>  New job from eth-eu2.nanopool.org:9433
2021-02-15 16:23:06: [Statistics] Ethereum - Total speed: 47.450 MH/s, Total shares: 1 Rejected: 0, Time: 06:13
2021-02-15 16:23:09: <info>  New job from eth-eu2.nanopool.org:9433
2021-02-15 16:23:09: [Statistics] Ethereum - Total speed: 47.771 MH/s, Total shares: 1 Rejected: 0, Time: 06:16
2021-02-15 16:23:12: <info>  New job from eth-eu2.nanopool.org:9433
2021-02-15 16:23:12: [Statistics] Ethereum - Total speed: 47.892 MH/s, Total shares: 1 Rejected: 0, Time: 06:19
2021-02-15 16:23:12: [Statistics] Ethereum last 10 min - Total: 48.783 MH/s.
2021-02-15 16:23:14: <info>  New job from eth-eu2.nanopool.org:9433
2021-02-15 16:23:14: [Statistics] Ethereum - Total speed: 48.154 MH/s, Total shares: 1 Rejected: 0, Time: 06:20
2021-02-15 16:23:14: <info>  New job from eth-eu2.nanopool.org:9433
2021-02-15 16:23:14: [Statistics] Ethereum - Total speed: 48.054 MH/s, Total shares: 1 Rejected: 0, Time: 06:21
2021-02-15 16:23:17: <info>  New job from eth-eu2.nanopool.org:9433
2021-02-15 16:23:17: [Statistics] Ethereum - Total speed: 48.244 MH/s, Total shares: 1 Rejected: 0, Time: 06:24
2021-02-15 16:23:20: <info>  New job from eth-eu2.nanopool.org:9433
2021-02-15 16:23:20: [Statistics] Ethereum - Total speed: 48.507 MH/s, Total shares: 1 Rejected: 0, Time: 06:27
2021-02-15 16:23:20: [Statistics] Ethereum last 10 min - Total: 48.772 MH/s.
2021-02-15 16:23:23: <info>  New job from eth-eu2.nanopool.org:9433
2021-02-15 16:23:23: [Statistics] Ethereum - Total speed: 48.112 MH/s, Total shares: 1 Rejected: 0, Time: 06:30
2021-02-15 16:23:26: <info>  New job from eth-eu2.nanopool.org:9433
2021-02-15 16:23:26: [Statistics] Ethereum - Total speed: 48.317 MH/s, Total shares: 1 Rejected: 0, Time: 06:33
2021-02-15 16:23:29: <info>  New job from eth-eu2.nanopool.org:9433
2021-02-15 16:23:29: [Statistics] Ethereum - Total speed: 48.312 MH/s, Total shares: 1 Rejected: 0, Time: 06:36
2021-02-15 16:23:32: <info>  New job from eth-eu2.nanopool.org:9433
2021-02-15 16:23:32: [Statistics] Ethereum - Total speed: 47.892 MH/s, Total shares: 1 Rejected: 0, Time: 06:39
2021-02-15 16:23:32: [Statistics] Ethereum last 10 min - Total: 48.756 MH/s.
2021-02-15 16:23:35: <info>  New job from eth-eu2.nanopool.org:9433
2021-02-15 16:23:35: [Statistics] Ethereum - Total speed: 48.099 MH/s, Total shares: 1 Rejected: 0, Time: 06:42
2021-02-15 16:23:38: <info>  New job from eth-eu2.nanopool.org:9433
2021-02-15 16:23:42: [Statistics] Ethereum - Total speed: 48.201 MH/s, Total shares: 1 Rejected: 0, Time: 06:49
2021-02-15 16:23:42: <info>  New job from eth-eu2.nanopool.org:9433
2021-02-15 16:23:42: [Statistics] Ethereum - Total speed: 48.276 MH/s, Total shares: 1 Rejected: 0, Time: 06:49
2021-02-15 16:23:42: <info>  New job from eth-eu2.nanopool.org:9433
2021-02-15 16:23:42: [Statistics] Ethereum - Total speed: 48.276 MH/s, Total shares: 1 Rejected: 0, Time: 06:49
2021-02-15 16:23:42: [Statistics] Ethereum last 10 min - Total: 48.739 MH/s.
2021-02-15 16:23:43: <info>  New job from eth-eu2.nanopool.org:9433
2021-02-15 16:23:43: [Statistics] Ethereum - Total speed: 48.515 MH/s, Total shares: 1 Rejected: 0, Time: 06:50
2021-02-15 16:23:46: <info>  New job from eth-eu2.nanopool.org:9433
2021-02-15 16:23:46: [Statistics] Ethereum - Total speed: 48.038 MH/s, Total shares: 1 Rejected: 0, Time: 06:53
2021-02-15 16:23:49: <info>  New job from eth-eu2.nanopool.org:9433
2021-02-15 16:23:49: [Statistics] Ethereum - Total speed: 48.244 MH/s, Total shares: 1 Rejected: 0, Time: 06:56
2021-02-15 16:23:52: <info>  New job from eth-eu2.nanopool.org:9433
2021-02-15 16:23:52: [Statistics] Ethereum - Total speed: 47.436 MH/s, Total shares: 1 Rejected: 0, Time: 06:59
2021-02-15 16:23:52: [Statistics] Ethereum last 10 min - Total: 48.724 MH/s.
2021-02-15 16:23:55: <info>  New job from eth-eu2.nanopool.org:9433
2021-02-15 16:23:55: [Statistics] Ethereum - Total speed: 47.631 MH/s, Total shares: 1 Rejected: 0, Time: 07:02
2021-02-15 16:23:58: <info>  New job from eth-eu2.nanopool.org:9433
2021-02-15 16:23:58: [Statistics] Ethereum - Total speed: 47.229 MH/s, Total shares: 1 Rejected: 0, Time: 07:05
2021-02-15 16:24:00: <info>  Terminating, please wait ...
