2021-Mar-25 13:08:01:                                    _                 
2021-Mar-25 13:08:01:  _ __   __ _ _ __   ___  _ __ ___ (_)_ __   ___ _ __ 
2021-Mar-25 13:08:01: | '_ \ / _` | '_ \ / _ \| '_ ` _ \| | '_ \ / _ \ '__|
2021-Mar-25 13:08:01: | | | | (_| | | | | (_) | | | | | | | | | |  __/ |   
2021-Mar-25 13:08:01: |_| |_|\__,_|_| |_|\___/|_| |_| |_|_|_| |_|\___|_|   
2021-Mar-25 13:08:01: 
2021-Mar-25 13:08:01: Version 3.3.2-cuda11
2021-Mar-25 13:08:01: Started EthMan server on port 3333 with a password (read-only mode).
2021-Mar-25 13:08:01: Started web interface on port 9090 with a password.
2021-Mar-25 13:08:01: CUDA driver version is 11.2, runtime version is 11.1
2021-Mar-25 13:08:01: Single device detected
2021-Mar-25 13:08:01: GPU 0 PCI 01:00.0, Platform: CUDA, Name: GeForce RTX 3070, 8192 MB available
2021-Mar-25 13:08:01: -------------------Ethash:------------------
2021-Mar-25 13:08:01: Currency: Ethereum
2021-Mar-25 13:08:01: Wallet: wallet
2021-Mar-25 13:08:01: Rig name: ferris
2021-Mar-25 13:08:01: Email: email
2021-Mar-25 13:08:01: Hashrate threshold to restart miner is not set
2021-Mar-25 13:08:01: Added pool: eth-eu2.nanopool.org:9433
2021-Mar-25 13:08:01: Added pool: eth-eu1.nanopool.org:9433
2021-Mar-25 13:08:01: Added pool: eth-us-east1.nanopool.org:9433
2021-Mar-25 13:08:01: Added pool: eth-us-west1.nanopool.org:9433
2021-Mar-25 13:08:01: Added pool: eth-jp1.nanopool.org:9433
2021-Mar-25 13:08:01: Added pool: eth-au1.nanopool.org:9433
2021-Mar-25 13:08:01: Added pool: eth-asia1.nanopool.org:9433
2021-Mar-25 13:08:01: Auto pool sorting is enabled
2021-Mar-25 13:08:01: Using all GPU devices
2021-Mar-25 13:08:01: Memory tweak: 1
2021-Mar-25 13:08:01: -------------Common parameters:-------------
2021-Mar-25 13:08:01: Log path: ./logs/
2021-Mar-25 13:08:01: Log is written to file
2021-Mar-25 13:08:01: GPU watchdog is enabled
2021-Mar-25 13:08:01: Never calling reboot.bat (always restarting the miner in case of errors). 
2021-Mar-25 13:08:01: Setting up algorithm: Ethash
2021-Mar-25 13:08:02: Connecting to pools...
2021-Mar-25 13:08:02: Connected to pool: eth-eu2.nanopool.org:9433 | IP: 213.32.74.157 | ping: 95 ms.
2021-Mar-25 13:08:02: New job from eth-eu2.nanopool.org:9433 | share difficulty = 10000 MH, epoch 403 (4247 MB)
2021-Mar-25 13:08:02: Ethereum - Total speed: 0.000 H/s, Total shares: 0 Rejected: 0, Time: 00:01
2021-Mar-25 13:08:02: GPU0 t=41°C fan 31% power 47.17W. Total power: 47.17W
2021-Mar-25 13:08:02: New job from eth-eu2.nanopool.org:9433
2021-Mar-25 13:08:02: Ethereum - Total speed: 0.000 H/s, Total shares: 0 Rejected: 0, Time: 00:01
2021-Mar-25 13:08:02: Ethereum last 10 min - Total: 0.000 H/s.
2021-Mar-25 13:08:05: New job from eth-eu2.nanopool.org:9433
2021-Mar-25 13:08:05: Ethereum - Total speed: 0.000 H/s, Total shares: 0 Rejected: 0, Time: 00:03
2021-Mar-25 13:08:05: GPU0 t=41°C fan 31% power 47.31W. Total power: 47.31W
2021-Mar-25 13:08:08: New job from eth-eu2.nanopool.org:9433
2021-Mar-25 13:08:08: Ethereum - Total speed: 0.000 H/s, Total shares: 0 Rejected: 0, Time: 00:06
2021-Mar-25 13:08:08: New job from eth-eu2.nanopool.org:9433
2021-Mar-25 13:08:08: Ethereum - Total speed: 0.000 H/s, Total shares: 0 Rejected: 0, Time: 00:06
2021-Mar-25 13:08:08: GPU0 t=55°C fan 31% power 206.83W. Total power: 206.83W
2021-Mar-25 13:08:08: New job from eth-eu2.nanopool.org:9433
2021-Mar-25 13:08:08: Ethereum - Total speed: 0.000 H/s, Total shares: 0 Rejected: 0, Time: 00:07
2021-Mar-25 13:08:08: Ethereum last 10 min - Total: 0.000 H/s.
2021-Mar-25 13:08:09: GPU0: 4247 MB DAG generated in 3.77 seconds
2021-Mar-25 13:08:11: New job from eth-eu2.nanopool.org:9433
2021-Mar-25 13:08:11: Ethereum - Total speed: 49.874 MH/s, Total shares: 0 Rejected: 0, Time: 00:10
2021-Mar-25 13:08:11: GPU0 t=50°C fan 31% power 128.34W. Total power: 128.34W
2021-Mar-25 13:08:14: New job from eth-eu2.nanopool.org:9433
2021-Mar-25 13:08:14: Ethereum - Total speed: 50.438 MH/s, Total shares: 0 Rejected: 0, Time: 00:13
2021-Mar-25 13:08:17: New job from eth-eu2.nanopool.org:9433
2021-Mar-25 13:08:17: Ethereum - Total speed: 51.554 MH/s, Total shares: 0 Rejected: 0, Time: 00:16
2021-Mar-25 13:08:17: GPU0 t=50°C fan 31% power 131.69W. Total power: 131.69W
2021-Mar-25 13:08:18: New job from eth-eu2.nanopool.org:9433
2021-Mar-25 13:08:18: Ethereum - Total speed: 52.612 MH/s, Total shares: 0 Rejected: 0, Time: 00:16
2021-Mar-25 13:08:18: Ethereum last 10 min - Total: 50.665 MH/s.
2021-Mar-25 13:08:18: New job from eth-eu2.nanopool.org:9433
2021-Mar-25 13:08:18: Ethereum - Total speed: 53.559 MH/s, Total shares: 0 Rejected: 0, Time: 00:17
2021-Mar-25 13:08:18: GPU0 t=50°C fan 31% power 131.76W. Total power: 131.76W
2021-Mar-25 13:08:20: New job from eth-eu2.nanopool.org:9433
2021-Mar-25 13:08:20: Ethereum - Total speed: 54.428 MH/s, Total shares: 0 Rejected: 0, Time: 00:18
2021-Mar-25 13:08:20: New job from eth-eu2.nanopool.org:9433
2021-Mar-25 13:08:20: Ethereum - Total speed: 55.162 MH/s, Total shares: 0 Rejected: 0, Time: 00:18
2021-Mar-25 13:08:20: GPU0 t=50°C fan 31% power 131.75W. Total power: 131.75W
2021-Mar-25 13:08:23: New job from eth-eu2.nanopool.org:9433
2021-Mar-25 13:08:23: Ethereum - Total speed: 55.826 MH/s, Total shares: 0 Rejected: 0, Time: 00:21
2021-Mar-25 13:08:23: Ethereum last 10 min - Total: 52.511 MH/s.
2021-Mar-25 13:08:24: New job from eth-eu2.nanopool.org:9433
2021-Mar-25 13:08:24: Ethereum - Total speed: 56.473 MH/s, Total shares: 0 Rejected: 0, Time: 00:22
2021-Mar-25 13:08:24: GPU0 t=51°C fan 31% power 131.42W. Total power: 131.42W
2021-Mar-25 13:08:24: New job from eth-eu2.nanopool.org:9433
2021-Mar-25 13:08:24: Ethereum - Total speed: 57.055 MH/s, Total shares: 0 Rejected: 0, Time: 00:22
2021-Mar-25 13:08:27: New job from eth-eu2.nanopool.org:9433
2021-Mar-25 13:08:27: Ethereum - Total speed: 57.515 MH/s, Total shares: 0 Rejected: 0, Time: 00:25
2021-Mar-25 13:08:27: GPU0 t=51°C fan 31% power 131.76W. Total power: 131.76W
2021-Mar-25 13:08:29: New job from eth-eu2.nanopool.org:9433
2021-Mar-25 13:08:29: Ethereum - Total speed: 57.965 MH/s, Total shares: 0 Rejected: 0, Time: 00:27
2021-Mar-25 13:08:29: Ethereum last 10 min - Total: 54.150 MH/s.
2021-Mar-25 13:08:29: New job from eth-eu2.nanopool.org:9433
2021-Mar-25 13:08:29: Ethereum - Total speed: 58.386 MH/s, Total shares: 0 Rejected: 0, Time: 00:28
2021-Mar-25 13:08:29: GPU0 t=51°C fan 31% power 131.75W. Total power: 131.75W
2021-Mar-25 13:08:32: New job from eth-eu2.nanopool.org:9433
2021-Mar-25 13:08:32: Ethereum - Total speed: 58.718 MH/s, Total shares: 0 Rejected: 0, Time: 00:30
2021-Mar-25 13:08:33: New job from eth-eu2.nanopool.org:9433
2021-Mar-25 13:08:33: Ethereum - Total speed: 59.062 MH/s, Total shares: 0 Rejected: 0, Time: 00:32
2021-Mar-25 13:08:33: GPU0 t=52°C fan 31% power 131.69W. Total power: 131.69W
2021-Mar-25 13:08:34: New job from eth-eu2.nanopool.org:9433
2021-Mar-25 13:08:34: Ethereum - Total speed: 59.361 MH/s, Total shares: 0 Rejected: 0, Time: 00:32
2021-Mar-25 13:08:34: Ethereum last 10 min - Total: 55.090 MH/s.
2021-Mar-25 13:08:37: New job from eth-eu2.nanopool.org:9433
2021-Mar-25 13:08:37: Ethereum - Total speed: 59.640 MH/s, Total shares: 0 Rejected: 0, Time: 00:35
2021-Mar-25 13:08:37: GPU0 t=52°C fan 31% power 131.84W. Total power: 131.84W
2021-Mar-25 13:08:39: New job from eth-eu2.nanopool.org:9433
2021-Mar-25 13:08:39: Ethereum - Total speed: 59.877 MH/s, Total shares: 0 Rejected: 0, Time: 00:38
2021-Mar-25 13:08:42: New job from eth-eu2.nanopool.org:9433
2021-Mar-25 13:08:42: Ethereum - Total speed: 60.114 MH/s, Total shares: 0 Rejected: 0, Time: 00:41
2021-Mar-25 13:08:42: GPU0 t=52°C fan 31% power 131.87W. Total power: 131.87W
2021-Mar-25 13:08:45: New job from eth-eu2.nanopool.org:9433
2021-Mar-25 13:08:45: Ethereum - Total speed: 60.331 MH/s, Total shares: 0 Rejected: 0, Time: 00:44
2021-Mar-25 13:08:45: Ethereum last 10 min - Total: 56.726 MH/s.
2021-Mar-25 13:08:48: New job from eth-eu2.nanopool.org:9433
2021-Mar-25 13:08:48: Ethereum - Total speed: 60.531 MH/s, Total shares: 0 Rejected: 0, Time: 00:47
2021-Mar-25 13:08:48: GPU0 t=53°C fan 31% power 131.88W. Total power: 131.88W
2021-Mar-25 13:08:52: New job from eth-eu2.nanopool.org:9433
2021-Mar-25 13:08:52: Ethereum - Total speed: 60.709 MH/s, Total shares: 0 Rejected: 0, Time: 00:50
2021-Mar-25 13:08:52: New job from eth-eu2.nanopool.org:9433
2021-Mar-25 13:08:52: Ethereum - Total speed: 60.868 MH/s, Total shares: 0 Rejected: 0, Time: 00:50
2021-Mar-25 13:08:52: GPU0 t=53°C fan 31% power 131.88W. Total power: 131.88W
2021-Mar-25 13:08:52: New job from eth-eu2.nanopool.org:9433
2021-Mar-25 13:08:52: Ethereum - Total speed: 60.978 MH/s, Total shares: 0 Rejected: 0, Time: 00:51
2021-Mar-25 13:08:52: Ethereum last 10 min - Total: 57.361 MH/s.
2021-Mar-25 13:08:55: New job from eth-eu2.nanopool.org:9433
2021-Mar-25 13:08:55: Ethereum - Total speed: 61.085 MH/s, Total shares: 0 Rejected: 0, Time: 00:53
2021-Mar-25 13:08:55: GPU0 t=53°C fan 31% power 131.72W. Total power: 131.72W
2021-Mar-25 13:08:58: New job from eth-eu2.nanopool.org:9433
2021-Mar-25 13:08:58: Ethereum - Total speed: 61.208 MH/s, Total shares: 0 Rejected: 0, Time: 00:56
2021-Mar-25 13:09:01: New job from eth-eu2.nanopool.org:9433
2021-Mar-25 13:09:01: Ethereum - Total speed: 61.316 MH/s, Total shares: 0 Rejected: 0, Time: 00:59
2021-Mar-25 13:09:01: GPU0 t=54°C fan 31% power 131.56W. Total power: 131.56W
2021-Mar-25 13:09:04: New job from eth-eu2.nanopool.org:9433
2021-Mar-25 13:09:04: Ethereum - Total speed: 61.413 MH/s, Total shares: 0 Rejected: 0, Time: 01:02
2021-Mar-25 13:09:04: Ethereum last 10 min - Total: 58.211 MH/s.
2021-Mar-25 13:09:07: New job from eth-eu2.nanopool.org:9433
2021-Mar-25 13:09:07: Ethereum - Total speed: 61.502 MH/s, Total shares: 0 Rejected: 0, Time: 01:05
2021-Mar-25 13:09:07: GPU0 t=54°C fan 31% power 131.76W. Total power: 131.76W
2021-Mar-25 13:09:09: New job from eth-eu2.nanopool.org:9433
2021-Mar-25 13:09:09: Ethereum - Total speed: 61.581 MH/s, Total shares: 0 Rejected: 0, Time: 01:08
2021-Mar-25 13:09:10: New job from eth-eu2.nanopool.org:9433
2021-Mar-25 13:09:10: Ethereum - Total speed: 61.655 MH/s, Total shares: 0 Rejected: 0, Time: 01:08
2021-Mar-25 13:09:10: GPU0 t=54°C fan 31% power 131.78W. Total power: 131.78W
2021-Mar-25 13:09:11: New job from eth-eu2.nanopool.org:9433
2021-Mar-25 13:09:11: Ethereum - Total speed: 61.670 MH/s, Total shares: 0 Rejected: 0, Time: 01:09
2021-Mar-25 13:09:11: Ethereum last 10 min - Total: 58.586 MH/s.
2021-Mar-25 13:09:11: New job from eth-eu2.nanopool.org:9433
2021-Mar-25 13:09:11: Ethereum - Total speed: 61.728 MH/s, Total shares: 0 Rejected: 0, Time: 01:09
2021-Mar-25 13:09:11: GPU0 t=54°C fan 31% power 131.74W. Total power: 131.74W
2021-Mar-25 13:09:14: New job from eth-eu2.nanopool.org:9433
2021-Mar-25 13:09:14: Ethereum - Total speed: 61.677 MH/s, Total shares: 0 Rejected: 0, Time: 01:12
2021-Mar-25 13:09:17: New job from eth-eu2.nanopool.org:9433
2021-Mar-25 13:09:17: Ethereum - Total speed: 61.741 MH/s, Total shares: 0 Rejected: 0, Time: 01:15
2021-Mar-25 13:09:17: GPU0 t=54°C fan 31% power 131.74W. Total power: 131.74W
2021-Mar-25 13:09:20: New job from eth-eu2.nanopool.org:9433
2021-Mar-25 13:09:20: Ethereum - Total speed: 61.799 MH/s, Total shares: 0 Rejected: 0, Time: 01:18
2021-Mar-25 13:09:20: Ethereum last 10 min - Total: 59.001 MH/s.
2021-Mar-25 13:09:23: New job from eth-eu2.nanopool.org:9433
2021-Mar-25 13:09:23: Ethereum - Total speed: 61.850 MH/s, Total shares: 0 Rejected: 0, Time: 01:21
2021-Mar-25 13:09:23: GPU0 t=54°C fan 31% power 131.85W. Total power: 131.85W
2021-Mar-25 13:09:26: New job from eth-eu2.nanopool.org:9433
2021-Mar-25 13:09:26: Ethereum - Total speed: 61.896 MH/s, Total shares: 0 Rejected: 0, Time: 01:24
2021-Mar-25 13:09:29: New job from eth-eu2.nanopool.org:9433
2021-Mar-25 13:09:29: Ethereum - Total speed: 61.937 MH/s, Total shares: 0 Rejected: 0, Time: 01:28
2021-Mar-25 13:09:29: GPU0 t=55°C fan 31% power 131.77W. Total power: 131.77W
2021-Mar-25 13:09:32: New job from eth-eu2.nanopool.org:9433
2021-Mar-25 13:09:32: Ethereum - Total speed: 61.976 MH/s, Total shares: 0 Rejected: 0, Time: 01:30
2021-Mar-25 13:09:32: Ethereum last 10 min - Total: 59.431 MH/s.
2021-Mar-25 13:09:35: New job from eth-eu2.nanopool.org:9433
2021-Mar-25 13:09:35: Ethereum - Total speed: 62.001 MH/s, Total shares: 0 Rejected: 0, Time: 01:33
2021-Mar-25 13:09:35: GPU0 t=55°C fan 31% power 131.78W. Total power: 131.78W
2021-Mar-25 13:09:37: New job from eth-eu2.nanopool.org:9433
2021-Mar-25 13:09:37: Ethereum - Total speed: 62.017 MH/s, Total shares: 0 Rejected: 0, Time: 01:36
2021-Mar-25 13:09:38: New job from eth-eu2.nanopool.org:9433
2021-Mar-25 13:09:38: Ethereum - Total speed: 62.047 MH/s, Total shares: 0 Rejected: 0, Time: 01:36
2021-Mar-25 13:09:38: GPU0 t=55°C fan 31% power 131.82W. Total power: 131.82W
2021-Mar-25 13:09:41: New job from eth-eu2.nanopool.org:9433
2021-Mar-25 13:09:41: Ethereum - Total speed: 62.001 MH/s, Total shares: 0 Rejected: 0, Time: 01:39
2021-Mar-25 13:09:41: Ethereum last 10 min - Total: 59.686 MH/s.
2021-Mar-25 13:09:44: New job from eth-eu2.nanopool.org:9433
2021-Mar-25 13:09:44: Ethereum - Total speed: 62.033 MH/s, Total shares: 0 Rejected: 0, Time: 01:42
2021-Mar-25 13:09:44: GPU0 t=55°C fan 31% power 131.84W. Total power: 131.84W
2021-Mar-25 13:09:47: New job from eth-eu2.nanopool.org:9433
2021-Mar-25 13:09:47: Ethereum - Total speed: 62.060 MH/s, Total shares: 0 Rejected: 0, Time: 01:45
2021-Mar-25 13:09:49: New job from eth-eu2.nanopool.org:9433
2021-Mar-25 13:09:49: Ethereum - Total speed: 62.066 MH/s, Total shares: 0 Rejected: 0, Time: 01:47
2021-Mar-25 13:09:49: GPU0 t=55°C fan 31% power 131.81W. Total power: 131.81W
2021-Mar-25 13:09:49: New job from eth-eu2.nanopool.org:9433
2021-Mar-25 13:09:49: Ethereum - Total speed: 62.086 MH/s, Total shares: 0 Rejected: 0, Time: 01:47
2021-Mar-25 13:09:49: Ethereum last 10 min - Total: 59.887 MH/s.
2021-Mar-25 13:09:52: New job from eth-eu2.nanopool.org:9433
2021-Mar-25 13:09:52: Ethereum - Total speed: 62.084 MH/s, Total shares: 0 Rejected: 0, Time: 01:50
2021-Mar-25 13:09:52: GPU0 t=55°C fan 31% power 131.72W. Total power: 131.72W
2021-Mar-25 13:09:55: New job from eth-eu2.nanopool.org:9433
2021-Mar-25 13:09:55: Ethereum - Total speed: 62.107 MH/s, Total shares: 0 Rejected: 0, Time: 01:53
2021-Mar-25 13:09:57: New job from eth-eu2.nanopool.org:9433
2021-Mar-25 13:09:57: Ethereum - Total speed: 62.125 MH/s, Total shares: 0 Rejected: 0, Time: 01:56
2021-Mar-25 13:09:57: GPU0 t=55°C fan 31% power 131.76W. Total power: 131.76W
2021-Mar-25 13:09:58: New job from eth-eu2.nanopool.org:9433
2021-Mar-25 13:09:58: Ethereum - Total speed: 62.144 MH/s, Total shares: 0 Rejected: 0, Time: 01:56
2021-Mar-25 13:09:58: Ethereum last 10 min - Total: 60.068 MH/s.
2021-Mar-25 13:10:01: New job from eth-eu2.nanopool.org:9433
2021-Mar-25 13:10:01: Ethereum - Total speed: 62.109 MH/s, Total shares: 0 Rejected: 0, Time: 01:59
2021-Mar-25 13:10:01: GPU0 t=56°C fan 31% power 131.70W. Total power: 131.70W
2021-Mar-25 13:10:04: New job from eth-eu2.nanopool.org:9433
2021-Mar-25 13:10:04: Ethereum - Total speed: 62.124 MH/s, Total shares: 0 Rejected: 0, Time: 02:02
2021-Mar-25 13:10:06: New job from eth-eu2.nanopool.org:9433
2021-Mar-25 13:10:06: Ethereum - Total speed: 62.144 MH/s, Total shares: 0 Rejected: 0, Time: 02:05
2021-Mar-25 13:10:06: GPU0 t=56°C fan 31% power 131.87W. Total power: 131.87W
2021-Mar-25 13:10:10: New job from eth-eu2.nanopool.org:9433
2021-Mar-25 13:10:10: Ethereum - Total speed: 62.160 MH/s, Total shares: 0 Rejected: 0, Time: 02:08
2021-Mar-25 13:10:10: Ethereum last 10 min - Total: 60.276 MH/s.
2021-Mar-25 13:10:13: New job from eth-eu2.nanopool.org:9433
2021-Mar-25 13:10:13: Ethereum - Total speed: 62.174 MH/s, Total shares: 0 Rejected: 0, Time: 02:11
2021-Mar-25 13:10:13: GPU0 t=56°C fan 31% power 131.73W. Total power: 131.73W
2021-Mar-25 13:10:16: New job from eth-eu2.nanopool.org:9433
2021-Mar-25 13:10:16: Ethereum - Total speed: 62.189 MH/s, Total shares: 0 Rejected: 0, Time: 02:14
2021-Mar-25 13:10:19: New job from eth-eu2.nanopool.org:9433
2021-Mar-25 13:10:19: Ethereum - Total speed: 62.200 MH/s, Total shares: 0 Rejected: 0, Time: 02:17
2021-Mar-25 13:10:19: GPU0 t=56°C fan 31% power 131.72W. Total power: 131.72W
2021-Mar-25 13:10:20: New job from eth-eu2.nanopool.org:9433
2021-Mar-25 13:10:20: Ethereum - Total speed: 62.210 MH/s, Total shares: 0 Rejected: 0, Time: 02:19
2021-Mar-25 13:10:20: Ethereum last 10 min - Total: 60.435 MH/s.
2021-Mar-25 13:10:23: New job from eth-eu2.nanopool.org:9433
2021-Mar-25 13:10:23: Ethereum - Total speed: 62.217 MH/s, Total shares: 0 Rejected: 0, Time: 02:22
2021-Mar-25 13:10:23: GPU0 t=56°C fan 31% power 131.81W. Total power: 131.81W
2021-Mar-25 13:10:26: New job from eth-eu2.nanopool.org:9433
2021-Mar-25 13:10:26: Ethereum - Total speed: 62.226 MH/s, Total shares: 0 Rejected: 0, Time: 02:25
2021-Mar-25 13:10:30: New job from eth-eu2.nanopool.org:9433
2021-Mar-25 13:10:30: Ethereum - Total speed: 62.234 MH/s, Total shares: 0 Rejected: 0, Time: 02:28
2021-Mar-25 13:10:30: GPU0 t=56°C fan 31% power 131.66W. Total power: 131.66W
2021-Mar-25 13:10:30: New job from eth-eu2.nanopool.org:9433
2021-Mar-25 13:10:30: Ethereum - Total speed: 62.241 MH/s, Total shares: 0 Rejected: 0, Time: 02:29
2021-Mar-25 13:10:30: Ethereum last 10 min - Total: 60.562 MH/s.
2021-Mar-25 13:10:31: New job from eth-eu2.nanopool.org:9433
2021-Mar-25 13:10:31: Ethereum - Total speed: 62.240 MH/s, Total shares: 0 Rejected: 0, Time: 02:29
2021-Mar-25 13:10:31: GPU0 t=56°C fan 31% power 131.87W. Total power: 131.87W
2021-Mar-25 13:10:33: New job from eth-eu2.nanopool.org:9433
2021-Mar-25 13:10:33: Ethereum - Total speed: 62.234 MH/s, Total shares: 0 Rejected: 0, Time: 02:32
2021-Mar-25 13:10:36: New job from eth-eu2.nanopool.org:9433
2021-Mar-25 13:10:36: Ethereum - Total speed: 62.242 MH/s, Total shares: 0 Rejected: 0, Time: 02:35
2021-Mar-25 13:10:36: GPU0 t=56°C fan 31% power 131.85W. Total power: 131.85W
2021-Mar-25 13:10:39: New job from eth-eu2.nanopool.org:9433
2021-Mar-25 13:10:39: Ethereum - Total speed: 62.250 MH/s, Total shares: 0 Rejected: 0, Time: 02:38
2021-Mar-25 13:10:39: Ethereum last 10 min - Total: 60.664 MH/s.
2021-Mar-25 13:10:40: New job from eth-eu2.nanopool.org:9433
2021-Mar-25 13:10:40: Ethereum - Total speed: 62.255 MH/s, Total shares: 0 Rejected: 0, Time: 02:38
2021-Mar-25 13:10:40: GPU0 t=56°C fan 31% power 131.89W. Total power: 131.89W
2021-Mar-25 13:10:40: New job from eth-eu2.nanopool.org:9433
2021-Mar-25 13:10:40: Ethereum - Total speed: 62.245 MH/s, Total shares: 0 Rejected: 0, Time: 02:38
2021-Mar-25 13:10:43: New job from eth-eu2.nanopool.org:9433
2021-Mar-25 13:10:43: Ethereum - Total speed: 62.179 MH/s, Total shares: 0 Rejected: 0, Time: 02:41
2021-Mar-25 13:10:43: GPU0 t=56°C fan 31% power 131.87W. Total power: 131.87W
2021-Mar-25 13:10:46: New job from eth-eu2.nanopool.org:9433
2021-Mar-25 13:10:46: Ethereum - Total speed: 62.190 MH/s, Total shares: 0 Rejected: 0, Time: 02:44
2021-Mar-25 13:10:46: Ethereum last 10 min - Total: 60.730 MH/s.
2021-Mar-25 13:10:49: New job from eth-eu2.nanopool.org:9433
2021-Mar-25 13:10:49: Ethereum - Total speed: 62.203 MH/s, Total shares: 0 Rejected: 0, Time: 02:47
2021-Mar-25 13:10:49: GPU0 t=56°C fan 31% power 131.93W. Total power: 131.93W
2021-Mar-25 13:10:50: New job from eth-eu2.nanopool.org:9433
2021-Mar-25 13:10:50: Ethereum - Total speed: 62.213 MH/s, Total shares: 0 Rejected: 0, Time: 02:48
2021-Mar-25 13:10:50: New job from eth-eu2.nanopool.org:9433
2021-Mar-25 13:10:50: Ethereum - Total speed: 62.220 MH/s, Total shares: 0 Rejected: 0, Time: 02:49
2021-Mar-25 13:10:50: GPU0 t=56°C fan 31% power 131.83W. Total power: 131.83W
2021-Mar-25 13:10:50: New job from eth-eu2.nanopool.org:9433
2021-Mar-25 13:10:50: Ethereum - Total speed: 62.220 MH/s, Total shares: 0 Rejected: 0, Time: 02:49
2021-Mar-25 13:10:50: Ethereum last 10 min - Total: 60.772 MH/s.
2021-Mar-25 13:10:53: New job from eth-eu2.nanopool.org:9433
2021-Mar-25 13:10:53: Ethereum - Total speed: 62.179 MH/s, Total shares: 0 Rejected: 0, Time: 02:51
2021-Mar-25 13:10:53: GPU0 t=56°C fan 31% power 131.74W. Total power: 131.74W
2021-Mar-25 13:10:56: New job from eth-eu2.nanopool.org:9433
2021-Mar-25 13:10:56: Ethereum - Total speed: 62.190 MH/s, Total shares: 0 Rejected: 0, Time: 02:54
2021-Mar-25 13:10:57: Ethereum - SHARE FOUND (GPU: 0, nonce: 0x92f7a0bf7a88fe27).
2021-Mar-25 13:10:57: Ethereum: share accepted (37 ms)!
2021-Mar-25 13:10:59: New job from eth-eu2.nanopool.org:9433
2021-Mar-25 13:10:59: Ethereum - Total speed: 62.203 MH/s, Total shares: 1 Rejected: 0, Time: 02:57
2021-Mar-25 13:10:59: GPU0 t=56°C fan 31% power 131.75W. Total power: 131.75W
2021-Mar-25 13:11:02: New job from eth-eu2.nanopool.org:9433
2021-Mar-25 13:11:02: Ethereum - Total speed: 62.210 MH/s, Total shares: 1 Rejected: 0, Time: 03:00
2021-Mar-25 13:11:02: Ethereum last 10 min - Total: 60.869 MH/s.
2021-Mar-25 13:11:04: New job from eth-eu2.nanopool.org:9433
2021-Mar-25 13:11:04: Ethereum - Total speed: 62.216 MH/s, Total shares: 1 Rejected: 0, Time: 03:02
2021-Mar-25 13:11:04: GPU0 t=56°C fan 31% power 131.76W. Total power: 131.76W
2021-Mar-25 13:11:04: New job from eth-eu2.nanopool.org:9433
2021-Mar-25 13:11:04: Ethereum - Total speed: 62.224 MH/s, Total shares: 1 Rejected: 0, Time: 03:02
2021-Mar-25 13:11:07: New job from eth-eu2.nanopool.org:9433
2021-Mar-25 13:11:07: Ethereum - Total speed: 62.132 MH/s, Total shares: 1 Rejected: 0, Time: 03:05
2021-Mar-25 13:11:07: GPU0 t=56°C fan 31% power 131.66W. Total power: 131.66W
2021-Mar-25 13:11:10: New job from eth-eu2.nanopool.org:9433
2021-Mar-25 13:11:10: Ethereum - Total speed: 62.151 MH/s, Total shares: 1 Rejected: 0, Time: 03:08
2021-Mar-25 13:11:10: Ethereum last 10 min - Total: 60.925 MH/s.
2021-Mar-25 13:11:13: New job from eth-eu2.nanopool.org:9433
2021-Mar-25 13:11:13: Ethereum - Total speed: 62.168 MH/s, Total shares: 1 Rejected: 0, Time: 03:11
2021-Mar-25 13:11:13: GPU0 t=56°C fan 31% power 131.71W. Total power: 131.71W
2021-Mar-25 13:11:16: New job from eth-eu2.nanopool.org:9433
2021-Mar-25 13:11:16: Ethereum - Total speed: 62.180 MH/s, Total shares: 1 Rejected: 0, Time: 03:14
2021-Mar-25 13:11:19: New job from eth-eu2.nanopool.org:9433
2021-Mar-25 13:11:19: Ethereum - Total speed: 62.192 MH/s, Total shares: 1 Rejected: 0, Time: 03:17
2021-Mar-25 13:11:19: GPU0 t=56°C fan 31% power 131.90W. Total power: 131.90W
2021-Mar-25 13:11:21: New job from eth-eu2.nanopool.org:9433
2021-Mar-25 13:11:21: Ethereum - Total speed: 62.204 MH/s, Total shares: 1 Rejected: 0, Time: 03:20
2021-Mar-25 13:11:21: Ethereum last 10 min - Total: 61.003 MH/s.
2021-Mar-25 13:11:22: New job from eth-eu2.nanopool.org:9433
2021-Mar-25 13:11:22: Ethereum - Total speed: 62.214 MH/s, Total shares: 1 Rejected: 0, Time: 03:20
2021-Mar-25 13:11:22: GPU0 t=57°C fan 31% power 131.70W. Total power: 131.70W
2021-Mar-25 13:11:23: Ethereum - SHARE FOUND (GPU: 0, nonce: 0xfd95de29e339fe4f).
2021-Mar-25 13:11:23: Ethereum: share accepted (36 ms)!
2021-Mar-25 13:11:25: New job from eth-eu2.nanopool.org:9433
2021-Mar-25 13:11:25: Ethereum - Total speed: 62.116 MH/s, Total shares: 2 Rejected: 0, Time: 03:23
2021-Mar-25 13:11:27: New job from eth-eu2.nanopool.org:9433
2021-Mar-25 13:11:27: Ethereum - Total speed: 62.133 MH/s, Total shares: 2 Rejected: 0, Time: 03:26
2021-Mar-25 13:11:27: GPU0 t=57°C fan 31% power 131.66W. Total power: 131.66W
2021-Mar-25 13:11:30: New job from eth-eu2.nanopool.org:9433
2021-Mar-25 13:11:30: Ethereum - Total speed: 62.150 MH/s, Total shares: 2 Rejected: 0, Time: 03:29
2021-Mar-25 13:11:30: Ethereum last 10 min - Total: 61.054 MH/s.
2021-Mar-25 13:11:34: New job from eth-eu2.nanopool.org:9433
2021-Mar-25 13:11:34: Ethereum - Total speed: 62.167 MH/s, Total shares: 2 Rejected: 0, Time: 03:32
2021-Mar-25 13:11:34: GPU0 t=56°C fan 31% power 131.72W. Total power: 131.72W
2021-Mar-25 13:11:36: New job from eth-eu2.nanopool.org:9433
2021-Mar-25 13:11:36: Ethereum - Total speed: 62.178 MH/s, Total shares: 2 Rejected: 0, Time: 03:35
2021-Mar-25 13:11:39: New job from eth-eu2.nanopool.org:9433
2021-Mar-25 13:11:39: Ethereum - Total speed: 62.184 MH/s, Total shares: 2 Rejected: 0, Time: 03:38
2021-Mar-25 13:11:39: GPU0 t=57°C fan 31% power 131.86W. Total power: 131.86W
2021-Mar-25 13:11:42: New job from eth-eu2.nanopool.org:9433
2021-Mar-25 13:11:42: Ethereum - Total speed: 62.197 MH/s, Total shares: 2 Rejected: 0, Time: 03:41
2021-Mar-25 13:11:42: Ethereum last 10 min - Total: 61.118 MH/s.
2021-Mar-25 13:11:45: New job from eth-eu2.nanopool.org:9433
2021-Mar-25 13:11:45: Ethereum - Total speed: 62.207 MH/s, Total shares: 2 Rejected: 0, Time: 03:44
2021-Mar-25 13:11:45: GPU0 t=57°C fan 31% power 131.69W. Total power: 131.69W
2021-Mar-25 13:11:48: New job from eth-eu2.nanopool.org:9433
2021-Mar-25 13:11:48: Ethereum - Total speed: 62.215 MH/s, Total shares: 2 Rejected: 0, Time: 03:47
2021-Mar-25 13:11:51: New job from eth-eu2.nanopool.org:9433
2021-Mar-25 13:11:51: Ethereum - Total speed: 62.225 MH/s, Total shares: 2 Rejected: 0, Time: 03:50
2021-Mar-25 13:11:51: GPU0 t=57°C fan 31% power 131.85W. Total power: 131.85W
2021-Mar-25 13:11:52: New job from eth-eu2.nanopool.org:9433
2021-Mar-25 13:11:52: Ethereum - Total speed: 62.234 MH/s, Total shares: 2 Rejected: 0, Time: 03:50
2021-Mar-25 13:11:52: Ethereum last 10 min - Total: 61.164 MH/s.
2021-Mar-25 13:11:54: New job from eth-eu2.nanopool.org:9433
2021-Mar-25 13:11:54: Ethereum - Total speed: 62.237 MH/s, Total shares: 2 Rejected: 0, Time: 03:53
2021-Mar-25 13:11:54: GPU0 t=57°C fan 31% power 131.82W. Total power: 131.82W
2021-Mar-25 13:11:57: New job from eth-eu2.nanopool.org:9433
2021-Mar-25 13:11:57: Ethereum - Total speed: 62.245 MH/s, Total shares: 2 Rejected: 0, Time: 03:56
2021-Mar-25 13:12:00: New job from eth-eu2.nanopool.org:9433
2021-Mar-25 13:12:00: Ethereum - Total speed: 62.250 MH/s, Total shares: 2 Rejected: 0, Time: 03:59
2021-Mar-25 13:12:00: GPU0 t=57°C fan 31% power 131.80W. Total power: 131.80W
2021-Mar-25 13:12:03: New job from eth-eu2.nanopool.org:9433
2021-Mar-25 13:12:03: Ethereum - Total speed: 62.254 MH/s, Total shares: 2 Rejected: 0, Time: 04:02
2021-Mar-25 13:12:03: Ethereum last 10 min - Total: 61.217 MH/s.
2021-Mar-25 13:12:06: New job from eth-eu2.nanopool.org:9433
2021-Mar-25 13:12:06: Ethereum - Total speed: 62.255 MH/s, Total shares: 2 Rejected: 0, Time: 04:05
2021-Mar-25 13:12:06: GPU0 t=57°C fan 31% power 131.71W. Total power: 131.71W
2021-Mar-25 13:12:09: New job from eth-eu2.nanopool.org:9433
2021-Mar-25 13:12:09: Ethereum - Total speed: 62.259 MH/s, Total shares: 2 Rejected: 0, Time: 04:08
2021-Mar-25 13:12:12: New job from eth-eu2.nanopool.org:9433
2021-Mar-25 13:12:12: Ethereum - Total speed: 62.263 MH/s, Total shares: 2 Rejected: 0, Time: 04:11
2021-Mar-25 13:12:12: GPU0 t=57°C fan 31% power 131.72W. Total power: 131.72W
2021-Mar-25 13:12:15: New job from eth-eu2.nanopool.org:9433
2021-Mar-25 13:12:15: Ethereum - Total speed: 62.260 MH/s, Total shares: 2 Rejected: 0, Time: 04:14
2021-Mar-25 13:12:15: Ethereum last 10 min - Total: 61.269 MH/s.
2021-Mar-25 13:12:18: New job from eth-eu2.nanopool.org:9433
2021-Mar-25 13:12:18: Ethereum - Total speed: 62.263 MH/s, Total shares: 2 Rejected: 0, Time: 04:17
2021-Mar-25 13:12:18: GPU0 t=57°C fan 31% power 131.59W. Total power: 131.59W
2021-Mar-25 13:12:21: New job from eth-eu2.nanopool.org:9433
2021-Mar-25 13:12:21: Ethereum - Total speed: 62.269 MH/s, Total shares: 2 Rejected: 0, Time: 04:20
2021-Mar-25 13:12:22: Ethereum - SHARE FOUND (GPU: 0, nonce: 0xddd0b58ca71391d1).
2021-Mar-25 13:12:22: Ethereum: share accepted (38 ms)!
2021-Mar-25 13:12:24: New job from eth-eu2.nanopool.org:9433
2021-Mar-25 13:12:24: Ethereum - Total speed: 62.272 MH/s, Total shares: 3 Rejected: 0, Time: 04:23
2021-Mar-25 13:12:24: GPU0 t=57°C fan 32% power 131.76W. Total power: 131.76W
2021-Mar-25 13:12:27: New job from eth-eu2.nanopool.org:9433
2021-Mar-25 13:12:27: Ethereum - Total speed: 62.274 MH/s, Total shares: 3 Rejected: 0, Time: 04:26
2021-Mar-25 13:12:27: Ethereum last 10 min - Total: 61.315 MH/s.
2021-Mar-25 13:12:27: New job from eth-eu2.nanopool.org:9433
2021-Mar-25 13:12:27: Ethereum - Total speed: 62.279 MH/s, Total shares: 3 Rejected: 0, Time: 04:26
2021-Mar-25 13:12:27: GPU0 t=57°C fan 32% power 131.70W. Total power: 131.70W
2021-Mar-25 13:12:27: New job from eth-eu2.nanopool.org:9433
2021-Mar-25 13:12:27: Ethereum - Total speed: 62.200 MH/s, Total shares: 3 Rejected: 0, Time: 04:26
2021-Mar-25 13:12:30: New job from eth-eu2.nanopool.org:9433
2021-Mar-25 13:12:30: Ethereum - Total speed: 62.140 MH/s, Total shares: 3 Rejected: 0, Time: 04:29
2021-Mar-25 13:12:30: GPU0 t=57°C fan 32% power 131.72W. Total power: 131.72W
2021-Mar-25 13:12:33: New job from eth-eu2.nanopool.org:9433
2021-Mar-25 13:12:33: Ethereum - Total speed: 62.157 MH/s, Total shares: 3 Rejected: 0, Time: 04:32
2021-Mar-25 13:12:33: Ethereum last 10 min - Total: 61.335 MH/s.
2021-Mar-25 13:12:36: New job from eth-eu2.nanopool.org:9433
2021-Mar-25 13:12:36: Ethereum - Total speed: 62.172 MH/s, Total shares: 3 Rejected: 0, Time: 04:35
2021-Mar-25 13:12:36: GPU0 t=57°C fan 32% power 131.69W. Total power: 131.69W
2021-Mar-25 13:12:40: New job from eth-eu2.nanopool.org:9433
2021-Mar-25 13:12:40: Ethereum - Total speed: 62.185 MH/s, Total shares: 3 Rejected: 0, Time: 04:39
2021-Mar-25 13:12:42: New job from eth-eu2.nanopool.org:9433
2021-Mar-25 13:12:42: Ethereum - Total speed: 62.198 MH/s, Total shares: 3 Rejected: 0, Time: 04:41
2021-Mar-25 13:12:42: GPU0 t=57°C fan 32% power 131.73W. Total power: 131.73W
2021-Mar-25 13:12:45: New job from eth-eu2.nanopool.org:9433
2021-Mar-25 13:12:45: Ethereum - Total speed: 62.207 MH/s, Total shares: 3 Rejected: 0, Time: 04:44
2021-Mar-25 13:12:45: Ethereum last 10 min - Total: 61.373 MH/s.
2021-Mar-25 13:12:48: New job from eth-eu2.nanopool.org:9433
2021-Mar-25 13:12:48: Ethereum - Total speed: 62.217 MH/s, Total shares: 3 Rejected: 0, Time: 04:47
2021-Mar-25 13:12:48: GPU0 t=57°C fan 32% power 131.80W. Total power: 131.80W
2021-Mar-25 13:12:51: New job from eth-eu2.nanopool.org:9433
2021-Mar-25 13:12:51: Ethereum - Total speed: 62.226 MH/s, Total shares: 3 Rejected: 0, Time: 04:50
2021-Mar-25 13:12:54: New job from eth-eu2.nanopool.org:9433
2021-Mar-25 13:12:54: Ethereum - Total speed: 62.234 MH/s, Total shares: 3 Rejected: 0, Time: 04:53
2021-Mar-25 13:12:54: GPU0 t=57°C fan 32% power 131.93W. Total power: 131.93W
2021-Mar-25 13:12:56: New job from eth-eu2.nanopool.org:9433
2021-Mar-25 13:12:56: Ethereum - Total speed: 62.241 MH/s, Total shares: 3 Rejected: 0, Time: 04:55
2021-Mar-25 13:12:56: Ethereum last 10 min - Total: 61.406 MH/s.
2021-Mar-25 13:12:57: New job from eth-eu2.nanopool.org:9433
2021-Mar-25 13:12:57: Ethereum - Total speed: 62.248 MH/s, Total shares: 3 Rejected: 0, Time: 04:56
2021-Mar-25 13:12:57: GPU0 t=57°C fan 32% power 131.83W. Total power: 131.83W
2021-Mar-25 13:13:00: New job from eth-eu2.nanopool.org:9433
2021-Mar-25 13:13:00: Ethereum - Total speed: 62.244 MH/s, Total shares: 3 Rejected: 0, Time: 04:58
2021-Mar-25 13:13:03: New job from eth-eu2.nanopool.org:9433
2021-Mar-25 13:13:03: Ethereum - Total speed: 62.249 MH/s, Total shares: 3 Rejected: 0, Time: 05:01
2021-Mar-25 13:13:03: GPU0 t=57°C fan 32% power 131.86W. Total power: 131.86W
2021-Mar-25 13:13:06: New job from eth-eu2.nanopool.org:9433
2021-Mar-25 13:13:06: Ethereum - Total speed: 62.253 MH/s, Total shares: 3 Rejected: 0, Time: 05:04
2021-Mar-25 13:13:06: Ethereum last 10 min - Total: 61.432 MH/s.
2021-Mar-25 13:13:09: New job from eth-eu2.nanopool.org:9433
2021-Mar-25 13:13:09: Ethereum - Total speed: 62.257 MH/s, Total shares: 3 Rejected: 0, Time: 05:07
2021-Mar-25 13:13:09: GPU0 t=57°C fan 32% power 131.75W. Total power: 131.75W
2021-Mar-25 13:13:12: New job from eth-eu2.nanopool.org:9433
2021-Mar-25 13:13:12: Ethereum - Total speed: 62.261 MH/s, Total shares: 3 Rejected: 0, Time: 05:10
2021-Mar-25 13:13:13: New job from eth-eu2.nanopool.org:9433
2021-Mar-25 13:13:13: Ethereum - Total speed: 62.267 MH/s, Total shares: 3 Rejected: 0, Time: 05:11
2021-Mar-25 13:13:13: GPU0 t=57°C fan 32% power 131.66W. Total power: 131.66W
2021-Mar-25 13:13:13: New job from eth-eu2.nanopool.org:9433
2021-Mar-25 13:13:13: Ethereum - Total speed: 62.265 MH/s, Total shares: 3 Rejected: 0, Time: 05:12
2021-Mar-25 13:13:13: Ethereum last 10 min - Total: 61.452 MH/s.
2021-Mar-25 13:13:16: New job from eth-eu2.nanopool.org:9433
2021-Mar-25 13:13:16: Ethereum - Total speed: 62.232 MH/s, Total shares: 3 Rejected: 0, Time: 05:14
2021-Mar-25 13:13:16: GPU0 t=57°C fan 32% power 131.69W. Total power: 131.69W
2021-Mar-25 13:13:16: New job from eth-eu2.nanopool.org:9433
2021-Mar-25 13:13:16: Ethereum - Total speed: 62.239 MH/s, Total shares: 3 Rejected: 0, Time: 05:14
2021-Mar-25 13:13:16: New job from eth-eu2.nanopool.org:9433
2021-Mar-25 13:13:16: Ethereum - Total speed: 62.173 MH/s, Total shares: 3 Rejected: 0, Time: 05:14
2021-Mar-25 13:13:16: GPU0 t=57°C fan 32% power 131.67W. Total power: 131.67W
2021-Mar-25 13:13:16: New job from eth-eu2.nanopool.org:9433
2021-Mar-25 13:13:16: Ethereum - Total speed: 62.097 MH/s, Total shares: 3 Rejected: 0, Time: 05:15
2021-Mar-25 13:13:16: Ethereum last 10 min - Total: 61.460 MH/s.
2021-Mar-25 13:13:16: New job from eth-eu2.nanopool.org:9433
2021-Mar-25 13:13:16: Ethereum - Total speed: 61.982 MH/s, Total shares: 3 Rejected: 0, Time: 05:15
2021-Mar-25 13:13:16: GPU0 t=57°C fan 32% power 131.81W. Total power: 131.81W
2021-Mar-25 13:13:19: New job from eth-eu2.nanopool.org:9433
2021-Mar-25 13:13:19: Ethereum - Total speed: 61.977 MH/s, Total shares: 3 Rejected: 0, Time: 05:17
2021-Mar-25 13:13:22: New job from eth-eu2.nanopool.org:9433
2021-Mar-25 13:13:22: Ethereum - Total speed: 62.012 MH/s, Total shares: 3 Rejected: 0, Time: 05:21
2021-Mar-25 13:13:22: GPU0 t=57°C fan 32% power 131.75W. Total power: 131.75W
2021-Mar-25 13:13:25: New job from eth-eu2.nanopool.org:9433
2021-Mar-25 13:13:25: Ethereum - Total speed: 62.043 MH/s, Total shares: 3 Rejected: 0, Time: 05:24
2021-Mar-25 13:13:25: Ethereum last 10 min - Total: 61.476 MH/s.
2021-Mar-25 13:13:27: New job from eth-eu2.nanopool.org:9433
2021-Mar-25 13:13:27: Ethereum - Total speed: 62.069 MH/s, Total shares: 3 Rejected: 0, Time: 05:25
2021-Mar-25 13:13:27: GPU0 t=57°C fan 32% power 131.90W. Total power: 131.90W
2021-Mar-25 13:13:27: New job from eth-eu2.nanopool.org:9433
2021-Mar-25 13:13:27: Ethereum - Total speed: 62.069 MH/s, Total shares: 3 Rejected: 0, Time: 05:25
2021-Mar-25 13:13:30: New job from eth-eu2.nanopool.org:9433
2021-Mar-25 13:13:30: Ethereum - Total speed: 62.087 MH/s, Total shares: 3 Rejected: 0, Time: 05:28
2021-Mar-25 13:13:30: GPU0 t=57°C fan 32% power 131.60W. Total power: 131.60W
2021-Mar-25 13:13:33: New job from eth-eu2.nanopool.org:9433
2021-Mar-25 13:13:33: Ethereum - Total speed: 62.108 MH/s, Total shares: 3 Rejected: 0, Time: 05:31
2021-Mar-25 13:13:33: Ethereum last 10 min - Total: 61.490 MH/s.
2021-Mar-25 13:13:36: New job from eth-eu2.nanopool.org:9433
2021-Mar-25 13:13:36: Ethereum - Total speed: 62.127 MH/s, Total shares: 3 Rejected: 0, Time: 05:34
2021-Mar-25 13:13:36: GPU0 t=57°C fan 33% power 131.69W. Total power: 131.69W
2021-Mar-25 13:13:39: New job from eth-eu2.nanopool.org:9433
2021-Mar-25 13:13:39: Ethereum - Total speed: 62.147 MH/s, Total shares: 3 Rejected: 0, Time: 05:38
2021-Mar-25 13:13:42: New job from eth-eu2.nanopool.org:9433
2021-Mar-25 13:13:42: Ethereum - Total speed: 62.161 MH/s, Total shares: 3 Rejected: 0, Time: 05:40
2021-Mar-25 13:13:42: GPU0 t=57°C fan 33% power 131.95W. Total power: 131.95W
2021-Mar-25 13:13:45: New job from eth-eu2.nanopool.org:9433
2021-Mar-25 13:13:45: Ethereum - Total speed: 62.175 MH/s, Total shares: 3 Rejected: 0, Time: 05:43
2021-Mar-25 13:13:45: Ethereum last 10 min - Total: 61.514 MH/s.
2021-Mar-25 13:13:48: New job from eth-eu2.nanopool.org:9433
2021-Mar-25 13:13:48: Ethereum - Total speed: 62.189 MH/s, Total shares: 3 Rejected: 0, Time: 05:46
2021-Mar-25 13:13:48: GPU0 t=57°C fan 33% power 131.67W. Total power: 131.67W
2021-Mar-25 13:13:51: New job from eth-eu2.nanopool.org:9433
2021-Mar-25 13:13:51: Ethereum - Total speed: 62.200 MH/s, Total shares: 3 Rejected: 0, Time: 05:49
2021-Mar-25 13:13:54: New job from eth-eu2.nanopool.org:9433
2021-Mar-25 13:13:54: Ethereum - Total speed: 62.210 MH/s, Total shares: 3 Rejected: 0, Time: 05:52
2021-Mar-25 13:13:54: GPU0 t=57°C fan 33% power 131.71W. Total power: 131.71W
2021-Mar-25 13:13:54: New job from eth-eu2.nanopool.org:9433
2021-Mar-25 13:13:54: Ethereum - Total speed: 62.221 MH/s, Total shares: 3 Rejected: 0, Time: 05:53
2021-Mar-25 13:13:54: Ethereum last 10 min - Total: 61.533 MH/s.
2021-Mar-25 13:13:55: New job from eth-eu2.nanopool.org:9433
2021-Mar-25 13:13:55: Ethereum - Total speed: 62.209 MH/s, Total shares: 3 Rejected: 0, Time: 05:53
2021-Mar-25 13:13:55: GPU0 t=57°C fan 33% power 131.86W. Total power: 131.86W
2021-Mar-25 13:13:58: New job from eth-eu2.nanopool.org:9433
2021-Mar-25 13:13:58: Ethereum - Total speed: 62.169 MH/s, Total shares: 3 Rejected: 0, Time: 05:56
2021-Mar-25 13:14:01: New job from eth-eu2.nanopool.org:9433
2021-Mar-25 13:14:01: Ethereum - Total speed: 62.183 MH/s, Total shares: 3 Rejected: 0, Time: 05:59
2021-Mar-25 13:14:01: GPU0 t=57°C fan 33% power 131.63W. Total power: 131.63W
2021-Mar-25 13:14:03: New job from eth-eu2.nanopool.org:9433
2021-Mar-25 13:14:03: Ethereum - Total speed: 62.190 MH/s, Total shares: 3 Rejected: 0, Time: 06:02
2021-Mar-25 13:14:03: Ethereum last 10 min - Total: 61.549 MH/s.
2021-Mar-25 13:14:06: New job from eth-eu2.nanopool.org:9433
2021-Mar-25 13:14:06: Ethereum - Total speed: 62.203 MH/s, Total shares: 3 Rejected: 0, Time: 06:05
2021-Mar-25 13:14:06: GPU0 t=57°C fan 33% power 131.95W. Total power: 131.95W
2021-Mar-25 13:14:09: New job from eth-eu2.nanopool.org:9433
2021-Mar-25 13:14:09: Ethereum - Total speed: 62.213 MH/s, Total shares: 3 Rejected: 0, Time: 06:08
2021-Mar-25 13:14:12: New job from eth-eu2.nanopool.org:9433
2021-Mar-25 13:14:12: Ethereum - Total speed: 62.222 MH/s, Total shares: 3 Rejected: 0, Time: 06:11
2021-Mar-25 13:14:12: GPU0 t=57°C fan 33% power 131.75W. Total power: 131.75W
2021-Mar-25 13:14:16: New job from eth-eu2.nanopool.org:9433
2021-Mar-25 13:14:16: Ethereum - Total speed: 62.231 MH/s, Total shares: 3 Rejected: 0, Time: 06:14
2021-Mar-25 13:14:16: Ethereum last 10 min - Total: 61.571 MH/s.
2021-Mar-25 13:14:17: New job from eth-eu2.nanopool.org:9433
2021-Mar-25 13:14:17: Ethereum - Total speed: 62.239 MH/s, Total shares: 3 Rejected: 0, Time: 06:15
2021-Mar-25 13:14:17: GPU0 t=57°C fan 33% power 131.87W. Total power: 131.87W
2021-Mar-25 13:14:17: New job from eth-eu2.nanopool.org:9433
2021-Mar-25 13:14:17: Ethereum - Total speed: 62.241 MH/s, Total shares: 3 Rejected: 0, Time: 06:15
2021-Mar-25 13:14:20: New job from eth-eu2.nanopool.org:9433
2021-Mar-25 13:14:20: Ethereum - Total speed: 62.209 MH/s, Total shares: 3 Rejected: 0, Time: 06:18
2021-Mar-25 13:14:20: GPU0 t=57°C fan 33% power 131.85W. Total power: 131.85W
2021-Mar-25 13:14:23: New job from eth-eu2.nanopool.org:9433
2021-Mar-25 13:14:23: Ethereum - Total speed: 62.218 MH/s, Total shares: 3 Rejected: 0, Time: 06:21
2021-Mar-25 13:14:23: Ethereum last 10 min - Total: 61.584 MH/s.
2021-Mar-25 13:14:26: New job from eth-eu2.nanopool.org:9433
2021-Mar-25 13:14:26: Ethereum - Total speed: 62.227 MH/s, Total shares: 3 Rejected: 0, Time: 06:24
2021-Mar-25 13:14:26: GPU0 t=57°C fan 33% power 131.86W. Total power: 131.86W
2021-Mar-25 13:14:29: New job from eth-eu2.nanopool.org:9433
2021-Mar-25 13:14:29: Ethereum - Total speed: 62.235 MH/s, Total shares: 3 Rejected: 0, Time: 06:27
2021-Mar-25 13:14:32: New job from eth-eu2.nanopool.org:9433
2021-Mar-25 13:14:32: Ethereum - Total speed: 62.241 MH/s, Total shares: 3 Rejected: 0, Time: 06:30
2021-Mar-25 13:14:32: GPU0 t=57°C fan 33% power 131.78W. Total power: 131.78W
2021-Mar-25 13:14:35: New job from eth-eu2.nanopool.org:9433
2021-Mar-25 13:14:35: Ethereum - Total speed: 62.247 MH/s, Total shares: 3 Rejected: 0, Time: 06:33
2021-Mar-25 13:14:35: Ethereum last 10 min - Total: 61.604 MH/s.
2021-Mar-25 13:14:38: New job from eth-eu2.nanopool.org:9433
2021-Mar-25 13:14:38: Ethereum - Total speed: 62.254 MH/s, Total shares: 3 Rejected: 0, Time: 06:36
2021-Mar-25 13:14:38: GPU0 t=57°C fan 33% power 131.83W. Total power: 131.83W
2021-Mar-25 13:14:41: New job from eth-eu2.nanopool.org:9433
2021-Mar-25 13:14:41: Ethereum - Total speed: 62.260 MH/s, Total shares: 3 Rejected: 0, Time: 06:39
2021-Mar-25 13:14:44: New job from eth-eu2.nanopool.org:9433
2021-Mar-25 13:14:44: Ethereum - Total speed: 62.265 MH/s, Total shares: 3 Rejected: 0, Time: 06:42
2021-Mar-25 13:14:44: GPU0 t=57°C fan 33% power 131.82W. Total power: 131.82W
2021-Mar-25 13:14:45: New job from eth-eu2.nanopool.org:9433
2021-Mar-25 13:14:45: Ethereum - Total speed: 62.268 MH/s, Total shares: 3 Rejected: 0, Time: 06:44
2021-Mar-25 13:14:45: Ethereum last 10 min - Total: 61.622 MH/s.
2021-Mar-25 13:14:46: New job from eth-eu2.nanopool.org:9433
2021-Mar-25 13:14:46: Ethereum - Total speed: 62.271 MH/s, Total shares: 3 Rejected: 0, Time: 06:45
2021-Mar-25 13:14:46: GPU0 t=57°C fan 33% power 131.81W. Total power: 131.81W
2021-Mar-25 13:14:49: New job from eth-eu2.nanopool.org:9433
2021-Mar-25 13:14:49: Ethereum - Total speed: 62.266 MH/s, Total shares: 3 Rejected: 0, Time: 06:47
2021-Mar-25 13:14:52: New job from eth-eu2.nanopool.org:9433
2021-Mar-25 13:14:52: Ethereum - Total speed: 62.270 MH/s, Total shares: 3 Rejected: 0, Time: 06:50
2021-Mar-25 13:14:52: GPU0 t=57°C fan 33% power 131.67W. Total power: 131.67W
2021-Mar-25 13:14:55: New job from eth-eu2.nanopool.org:9433
2021-Mar-25 13:14:55: Ethereum - Total speed: 62.273 MH/s, Total shares: 3 Rejected: 0, Time: 06:53
2021-Mar-25 13:14:55: Ethereum last 10 min - Total: 61.637 MH/s.
2021-Mar-25 13:14:57: New job from eth-eu2.nanopool.org:9433
2021-Mar-25 13:14:57: Ethereum - Total speed: 62.275 MH/s, Total shares: 3 Rejected: 0, Time: 06:56
2021-Mar-25 13:14:57: GPU0 t=57°C fan 33% power 131.76W. Total power: 131.76W
2021-Mar-25 13:15:00: New job from eth-eu2.nanopool.org:9433
2021-Mar-25 13:15:00: Ethereum - Total speed: 62.280 MH/s, Total shares: 3 Rejected: 0, Time: 06:59
2021-Mar-25 13:15:04: New job from eth-eu2.nanopool.org:9433
2021-Mar-25 13:15:04: Ethereum - Total speed: 62.278 MH/s, Total shares: 3 Rejected: 0, Time: 07:02
2021-Mar-25 13:15:04: GPU0 t=57°C fan 33% power 131.69W. Total power: 131.69W
2021-Mar-25 13:15:07: New job from eth-eu2.nanopool.org:9433
2021-Mar-25 13:15:07: Ethereum - Total speed: 62.281 MH/s, Total shares: 3 Rejected: 0, Time: 07:05
2021-Mar-25 13:15:07: Ethereum last 10 min - Total: 61.655 MH/s.
2021-Mar-25 13:15:10: New job from eth-eu2.nanopool.org:9433
2021-Mar-25 13:15:10: Ethereum - Total speed: 62.285 MH/s, Total shares: 3 Rejected: 0, Time: 07:08
2021-Mar-25 13:15:10: GPU0 t=57°C fan 33% power 131.81W. Total power: 131.81W
2021-Mar-25 13:15:12: New job from eth-eu2.nanopool.org:9433
2021-Mar-25 13:15:12: Ethereum - Total speed: 62.287 MH/s, Total shares: 3 Rejected: 0, Time: 07:11
2021-Mar-25 13:15:12: New job from eth-eu2.nanopool.org:9433
2021-Mar-25 13:15:12: Ethereum - Total speed: 62.288 MH/s, Total shares: 3 Rejected: 0, Time: 07:11
2021-Mar-25 13:15:12: GPU0 t=57°C fan 33% power 131.50W. Total power: 131.50W
2021-Mar-25 13:15:15: New job from eth-eu2.nanopool.org:9433
2021-Mar-25 13:15:15: Ethereum - Total speed: 62.159 MH/s, Total shares: 3 Rejected: 0, Time: 07:14
2021-Mar-25 13:15:15: Ethereum last 10 min - Total: 61.668 MH/s.
2021-Mar-25 13:15:18: New job from eth-eu2.nanopool.org:9433
2021-Mar-25 13:15:18: Ethereum - Total speed: 62.173 MH/s, Total shares: 3 Rejected: 0, Time: 07:17
2021-Mar-25 13:15:18: GPU0 t=57°C fan 34% power 131.72W. Total power: 131.72W
2021-Mar-25 13:15:19: New job from eth-eu2.nanopool.org:9433
2021-Mar-25 13:15:19: Ethereum - Total speed: 62.186 MH/s, Total shares: 3 Rejected: 0, Time: 07:18
2021-Mar-25 13:15:20: New job from eth-eu2.nanopool.org:9433
2021-Mar-25 13:15:20: Ethereum - Total speed: 62.193 MH/s, Total shares: 3 Rejected: 0, Time: 07:18
2021-Mar-25 13:15:20: GPU0 t=57°C fan 33% power 131.72W. Total power: 131.72W
2021-Mar-25 13:15:22: New job from eth-eu2.nanopool.org:9433
2021-Mar-25 13:15:22: Ethereum - Total speed: 62.197 MH/s, Total shares: 3 Rejected: 0, Time: 07:21
2021-Mar-25 13:15:22: Ethereum last 10 min - Total: 61.676 MH/s.
2021-Mar-25 13:15:25: New job from eth-eu2.nanopool.org:9433
2021-Mar-25 13:15:25: Ethereum - Total speed: 62.206 MH/s, Total shares: 3 Rejected: 0, Time: 07:24
2021-Mar-25 13:15:25: GPU0 t=57°C fan 33% power 131.84W. Total power: 131.84W
2021-Mar-25 13:15:28: New job from eth-eu2.nanopool.org:9433
2021-Mar-25 13:15:28: Ethereum - Total speed: 62.216 MH/s, Total shares: 3 Rejected: 0, Time: 07:27
2021-Mar-25 13:15:31: New job from eth-eu2.nanopool.org:9433
2021-Mar-25 13:15:31: Ethereum - Total speed: 62.224 MH/s, Total shares: 3 Rejected: 0, Time: 07:30
2021-Mar-25 13:15:31: GPU0 t=57°C fan 33% power 131.79W. Total power: 131.79W
2021-Mar-25 13:15:34: New job from eth-eu2.nanopool.org:9433
2021-Mar-25 13:15:34: Ethereum - Total speed: 62.231 MH/s, Total shares: 3 Rejected: 0, Time: 07:33
2021-Mar-25 13:15:34: Ethereum last 10 min - Total: 61.690 MH/s.
2021-Mar-25 13:15:37: New job from eth-eu2.nanopool.org:9433
2021-Mar-25 13:15:37: Ethereum - Total speed: 62.238 MH/s, Total shares: 3 Rejected: 0, Time: 07:36
2021-Mar-25 13:15:37: GPU0 t=57°C fan 34% power 131.72W. Total power: 131.72W
2021-Mar-25 13:15:40: New job from eth-eu2.nanopool.org:9433
2021-Mar-25 13:15:40: Ethereum - Total speed: 62.240 MH/s, Total shares: 3 Rejected: 0, Time: 07:39
2021-Mar-25 13:15:43: New job from eth-eu2.nanopool.org:9433
2021-Mar-25 13:15:43: Ethereum - Total speed: 62.245 MH/s, Total shares: 3 Rejected: 0, Time: 07:42
2021-Mar-25 13:15:43: GPU0 t=57°C fan 34% power 131.77W. Total power: 131.77W
2021-Mar-25 13:15:46: New job from eth-eu2.nanopool.org:9433
2021-Mar-25 13:15:46: Ethereum - Total speed: 62.251 MH/s, Total shares: 3 Rejected: 0, Time: 07:45
2021-Mar-25 13:15:46: Ethereum last 10 min - Total: 61.705 MH/s.
2021-Mar-25 13:15:49: New job from eth-eu2.nanopool.org:9433
2021-Mar-25 13:15:49: Ethereum - Total speed: 62.256 MH/s, Total shares: 3 Rejected: 0, Time: 07:48
2021-Mar-25 13:15:49: GPU0 t=57°C fan 34% power 131.87W. Total power: 131.87W
2021-Mar-25 13:15:52: New job from eth-eu2.nanopool.org:9433
2021-Mar-25 13:15:52: Ethereum - Total speed: 62.259 MH/s, Total shares: 3 Rejected: 0, Time: 07:51
2021-Mar-25 13:15:55: New job from eth-eu2.nanopool.org:9433
2021-Mar-25 13:15:55: Ethereum - Total speed: 62.265 MH/s, Total shares: 3 Rejected: 0, Time: 07:54
2021-Mar-25 13:15:55: GPU0 t=57°C fan 34% power 131.75W. Total power: 131.75W
2021-Mar-25 13:15:58: New job from eth-eu2.nanopool.org:9433
2021-Mar-25 13:15:58: Ethereum - Total speed: 62.269 MH/s, Total shares: 3 Rejected: 0, Time: 07:57
2021-Mar-25 13:15:58: Ethereum last 10 min - Total: 61.719 MH/s.
2021-Mar-25 13:16:01: New job from eth-eu2.nanopool.org:9433
2021-Mar-25 13:16:01: Ethereum - Total speed: 62.271 MH/s, Total shares: 3 Rejected: 0, Time: 08:00
2021-Mar-25 13:16:01: GPU0 t=57°C fan 34% power 131.78W. Total power: 131.78W
2021-Mar-25 13:16:04: New job from eth-eu2.nanopool.org:9433
2021-Mar-25 13:16:04: Ethereum - Total speed: 62.273 MH/s, Total shares: 3 Rejected: 0, Time: 08:03
2021-Mar-25 13:16:07: New job from eth-eu2.nanopool.org:9433
2021-Mar-25 13:16:07: Ethereum - Total speed: 62.275 MH/s, Total shares: 3 Rejected: 0, Time: 08:06
2021-Mar-25 13:16:07: GPU0 t=57°C fan 34% power 131.84W. Total power: 131.84W
2021-Mar-25 13:16:09: New job from eth-eu2.nanopool.org:9433
2021-Mar-25 13:16:09: Ethereum - Total speed: 62.276 MH/s, Total shares: 3 Rejected: 0, Time: 08:08
2021-Mar-25 13:16:09: Ethereum last 10 min - Total: 61.732 MH/s.
2021-Mar-25 13:16:09: New job from eth-eu2.nanopool.org:9433
2021-Mar-25 13:16:09: Ethereum - Total speed: 62.281 MH/s, Total shares: 3 Rejected: 0, Time: 08:08
2021-Mar-25 13:16:09: GPU0 t=57°C fan 34% power 131.55W. Total power: 131.55W
2021-Mar-25 13:16:12: New job from eth-eu2.nanopool.org:9433
2021-Mar-25 13:16:12: Ethereum - Total speed: 62.233 MH/s, Total shares: 3 Rejected: 0, Time: 08:11
2021-Mar-25 13:16:12: New job from eth-eu2.nanopool.org:9433
2021-Mar-25 13:16:12: Ethereum - Total speed: 62.240 MH/s, Total shares: 3 Rejected: 0, Time: 08:11
2021-Mar-25 13:16:12: GPU0 t=56°C fan 34% power 131.70W. Total power: 131.70W
2021-Mar-25 13:16:13: New job from eth-eu2.nanopool.org:9433
2021-Mar-25 13:16:13: Ethereum - Total speed: 62.135 MH/s, Total shares: 3 Rejected: 0, Time: 08:11
2021-Mar-25 13:16:13: Ethereum last 10 min - Total: 61.736 MH/s.
2021-Mar-25 13:16:15: New job from eth-eu2.nanopool.org:9433
2021-Mar-25 13:16:15: Ethereum - Total speed: 62.138 MH/s, Total shares: 3 Rejected: 0, Time: 08:14
2021-Mar-25 13:16:15: GPU0 t=57°C fan 34% power 131.74W. Total power: 131.74W
2021-Mar-25 13:16:18: New job from eth-eu2.nanopool.org:9433
2021-Mar-25 13:16:18: Ethereum - Total speed: 62.154 MH/s, Total shares: 3 Rejected: 0, Time: 08:17
2021-Mar-25 13:16:21: New job from eth-eu2.nanopool.org:9433
2021-Mar-25 13:16:21: Ethereum - Total speed: 62.169 MH/s, Total shares: 3 Rejected: 0, Time: 08:20
2021-Mar-25 13:16:21: GPU0 t=57°C fan 34% power 131.75W. Total power: 131.75W
2021-Mar-25 13:16:23: New job from eth-eu2.nanopool.org:9433
2021-Mar-25 13:16:23: Ethereum - Total speed: 62.184 MH/s, Total shares: 3 Rejected: 0, Time: 08:22
2021-Mar-25 13:16:23: Ethereum last 10 min - Total: 61.745 MH/s.
2021-Mar-25 13:16:23: New job from eth-eu2.nanopool.org:9433
2021-Mar-25 13:16:23: Ethereum - Total speed: 62.192 MH/s, Total shares: 3 Rejected: 0, Time: 08:22
2021-Mar-25 13:16:23: GPU0 t=57°C fan 34% power 131.71W. Total power: 131.71W
2021-Mar-25 13:16:26: New job from eth-eu2.nanopool.org:9433
2021-Mar-25 13:16:26: Ethereum - Total speed: 62.132 MH/s, Total shares: 3 Rejected: 0, Time: 08:25
2021-Mar-25 13:16:28: New job from eth-eu2.nanopool.org:9433
2021-Mar-25 13:16:28: Ethereum - Total speed: 62.149 MH/s, Total shares: 3 Rejected: 0, Time: 08:26
2021-Mar-25 13:16:28: GPU0 t=57°C fan 34% power 131.75W. Total power: 131.75W
2021-Mar-25 13:16:28: New job from eth-eu2.nanopool.org:9433
2021-Mar-25 13:16:28: Ethereum - Total speed: 62.162 MH/s, Total shares: 3 Rejected: 0, Time: 08:26
2021-Mar-25 13:16:28: Ethereum last 10 min - Total: 61.748 MH/s.
2021-Mar-25 13:16:31: New job from eth-eu2.nanopool.org:9433
2021-Mar-25 13:16:31: Ethereum - Total speed: 62.115 MH/s, Total shares: 3 Rejected: 0, Time: 08:29
2021-Mar-25 13:16:31: GPU0 t=57°C fan 34% power 131.82W. Total power: 131.82W
2021-Mar-25 13:16:34: New job from eth-eu2.nanopool.org:9433
2021-Mar-25 13:16:34: Ethereum - Total speed: 62.135 MH/s, Total shares: 3 Rejected: 0, Time: 08:32
2021-Mar-25 13:16:37: New job from eth-eu2.nanopool.org:9433
2021-Mar-25 13:16:37: Ethereum - Total speed: 62.151 MH/s, Total shares: 3 Rejected: 0, Time: 08:35
2021-Mar-25 13:16:37: GPU0 t=57°C fan 34% power 131.78W. Total power: 131.78W
2021-Mar-25 13:16:40: New job from eth-eu2.nanopool.org:9433
2021-Mar-25 13:16:40: Ethereum - Total speed: 62.167 MH/s, Total shares: 3 Rejected: 0, Time: 08:38
2021-Mar-25 13:16:40: Ethereum last 10 min - Total: 61.758 MH/s.
2021-Mar-25 13:16:43: New job from eth-eu2.nanopool.org:9433
2021-Mar-25 13:16:43: Ethereum - Total speed: 62.060 MH/s, Total shares: 3 Rejected: 0, Time: 08:41
2021-Mar-25 13:16:43: GPU0 t=57°C fan 34% power 131.76W. Total power: 131.76W
2021-Mar-25 13:16:46: New job from eth-eu2.nanopool.org:9433
2021-Mar-25 13:16:46: Ethereum - Total speed: 61.685 MH/s, Total shares: 3 Rejected: 0, Time: 08:44
2021-Mar-25 13:16:47: New job from eth-eu2.nanopool.org:9433
2021-Mar-25 13:16:47: Ethereum - Total speed: 60.812 MH/s, Total shares: 3 Rejected: 0, Time: 08:45
2021-Mar-25 13:16:47: GPU0 t=57°C fan 34% power 131.52W. Total power: 131.52W
2021-Mar-25 13:16:47: New job from eth-eu2.nanopool.org:9433
2021-Mar-25 13:16:47: Ethereum - Total speed: 60.893 MH/s, Total shares: 3 Rejected: 0, Time: 08:46
2021-Mar-25 13:16:47: Ethereum last 10 min - Total: 61.759 MH/s.
2021-Mar-25 13:16:50: New job from eth-eu2.nanopool.org:9433
2021-Mar-25 13:16:50: Ethereum - Total speed: 60.929 MH/s, Total shares: 3 Rejected: 0, Time: 08:49
2021-Mar-25 13:16:50: GPU0 t=57°C fan 34% power 131.78W. Total power: 131.78W
2021-Mar-25 13:16:53: New job from eth-eu2.nanopool.org:9433
2021-Mar-25 13:16:53: Ethereum - Total speed: 60.943 MH/s, Total shares: 3 Rejected: 0, Time: 08:51
2021-Mar-25 13:16:53: New job from eth-eu2.nanopool.org:9433
2021-Mar-25 13:16:53: Ethereum - Total speed: 60.355 MH/s, Total shares: 3 Rejected: 0, Time: 08:52
2021-Mar-25 13:16:53: GPU0 t=57°C fan 34% power 131.88W. Total power: 131.88W
2021-Mar-25 13:16:54: New job from eth-eu2.nanopool.org:9433
2021-Mar-25 13:16:54: Ethereum - Total speed: 60.368 MH/s, Total shares: 3 Rejected: 0, Time: 08:53
2021-Mar-25 13:16:54: Ethereum last 10 min - Total: 61.746 MH/s.
2021-Mar-25 13:16:54: New job from eth-eu2.nanopool.org:9433
2021-Mar-25 13:16:54: Ethereum - Total speed: 60.359 MH/s, Total shares: 3 Rejected: 0, Time: 08:53
2021-Mar-25 13:16:54: GPU0 t=57°C fan 34% power 131.61W. Total power: 131.61W
2021-Mar-25 13:16:57: New job from eth-eu2.nanopool.org:9433
2021-Mar-25 13:16:57: Ethereum - Total speed: 60.370 MH/s, Total shares: 3 Rejected: 0, Time: 08:56
2021-Mar-25 13:17:01: New job from eth-eu2.nanopool.org:9433
2021-Mar-25 13:17:01: Ethereum - Total speed: 60.535 MH/s, Total shares: 3 Rejected: 0, Time: 08:59
2021-Mar-25 13:17:01: GPU0 t=57°C fan 34% power 131.59W. Total power: 131.59W
2021-Mar-25 13:17:04: New job from eth-eu2.nanopool.org:9433
2021-Mar-25 13:17:04: Ethereum - Total speed: 60.619 MH/s, Total shares: 3 Rejected: 0, Time: 09:02
2021-Mar-25 13:17:04: Ethereum last 10 min - Total: 61.724 MH/s.
2021-Mar-25 13:17:04: New job from eth-eu2.nanopool.org:9433
2021-Mar-25 13:17:04: Ethereum - Total speed: 60.450 MH/s, Total shares: 3 Rejected: 0, Time: 09:02
2021-Mar-25 13:17:04: GPU0 t=57°C fan 34% power 131.78W. Total power: 131.78W
2021-Mar-25 13:17:04: New job from eth-eu2.nanopool.org:9433
2021-Mar-25 13:17:04: Ethereum - Total speed: 60.561 MH/s, Total shares: 3 Rejected: 0, Time: 09:02
2021-Mar-25 13:17:07: New job from eth-eu2.nanopool.org:9433
2021-Mar-25 13:17:07: Ethereum - Total speed: 60.642 MH/s, Total shares: 3 Rejected: 0, Time: 09:05
2021-Mar-25 13:17:07: GPU0 t=57°C fan 34% power 131.92W. Total power: 131.92W
2021-Mar-25 13:17:10: New job from eth-eu2.nanopool.org:9433
2021-Mar-25 13:17:10: Ethereum - Total speed: 60.610 MH/s, Total shares: 3 Rejected: 0, Time: 09:08
2021-Mar-25 13:17:10: Ethereum last 10 min - Total: 61.711 MH/s.
2021-Mar-25 13:17:13: New job from eth-eu2.nanopool.org:9433
2021-Mar-25 13:17:13: Ethereum - Total speed: 59.966 MH/s, Total shares: 3 Rejected: 0, Time: 09:11
2021-Mar-25 13:17:13: GPU0 t=57°C fan 34% power 132.18W. Total power: 132.18W
2021-Mar-25 13:17:16: New job from eth-eu2.nanopool.org:9433
2021-Mar-25 13:17:16: Ethereum - Total speed: 59.864 MH/s, Total shares: 3 Rejected: 0, Time: 09:14
2021-Mar-25 13:17:19: New job from eth-eu2.nanopool.org:9433
2021-Mar-25 13:17:19: Ethereum - Total speed: 59.755 MH/s, Total shares: 3 Rejected: 0, Time: 09:17
2021-Mar-25 13:17:19: GPU0 t=56°C fan 34% power 131.17W. Total power: 131.17W
2021-Mar-25 13:17:22: New job from eth-eu2.nanopool.org:9433
2021-Mar-25 13:17:22: Ethereum - Total speed: 59.414 MH/s, Total shares: 3 Rejected: 0, Time: 09:20
2021-Mar-25 13:17:22: Ethereum last 10 min - Total: 61.672 MH/s.
2021-Mar-25 13:17:22: New job from eth-eu2.nanopool.org:9433
2021-Mar-25 13:17:22: Ethereum - Total speed: 58.962 MH/s, Total shares: 3 Rejected: 0, Time: 09:20
2021-Mar-25 13:17:22: GPU0 t=57°C fan 34% power 131.86W. Total power: 131.86W
2021-Mar-25 13:17:25: New job from eth-eu2.nanopool.org:9433
2021-Mar-25 13:17:25: Ethereum - Total speed: 59.140 MH/s, Total shares: 3 Rejected: 0, Time: 09:23
2021-Mar-25 13:17:28: New job from eth-eu2.nanopool.org:9433
2021-Mar-25 13:17:28: Ethereum - Total speed: 59.449 MH/s, Total shares: 3 Rejected: 0, Time: 09:26
2021-Mar-25 13:17:28: GPU0 t=56°C fan 34% power 131.74W. Total power: 131.74W
2021-Mar-25 13:17:31: New job from eth-eu2.nanopool.org:9433
2021-Mar-25 13:17:31: Ethereum - Total speed: 59.743 MH/s, Total shares: 3 Rejected: 0, Time: 09:29
2021-Mar-25 13:17:31: Ethereum last 10 min - Total: 61.634 MH/s.
2021-Mar-25 13:17:34: New job from eth-eu2.nanopool.org:9433
2021-Mar-25 13:17:34: Ethereum - Total speed: 60.006 MH/s, Total shares: 3 Rejected: 0, Time: 09:32
2021-Mar-25 13:17:34: GPU0 t=57°C fan 34% power 131.93W. Total power: 131.93W
2021-Mar-25 13:17:34: New job from eth-eu2.nanopool.org:9433
2021-Mar-25 13:17:34: Ethereum - Total speed: 59.980 MH/s, Total shares: 3 Rejected: 0, Time: 09:33
2021-Mar-25 13:17:34: New job from eth-eu2.nanopool.org:9433
2021-Mar-25 13:17:34: Ethereum - Total speed: 59.980 MH/s, Total shares: 3 Rejected: 0, Time: 09:33
2021-Mar-25 13:17:34: GPU0 t=57°C fan 34% power 131.75W. Total power: 131.75W
2021-Mar-25 13:17:37: New job from eth-eu2.nanopool.org:9433
2021-Mar-25 13:17:37: Ethereum - Total speed: 59.072 MH/s, Total shares: 3 Rejected: 0, Time: 09:36
2021-Mar-25 13:17:37: Ethereum last 10 min - Total: 61.611 MH/s.
2021-Mar-25 13:17:38: New job from eth-eu2.nanopool.org:9433
2021-Mar-25 13:17:38: Ethereum - Total speed: 59.061 MH/s, Total shares: 3 Rejected: 0, Time: 09:37
2021-Mar-25 13:17:38: GPU0 t=57°C fan 34% power 131.52W. Total power: 131.52W
2021-Mar-25 13:17:39: New job from eth-eu2.nanopool.org:9433
2021-Mar-25 13:17:39: Ethereum - Total speed: 59.375 MH/s, Total shares: 3 Rejected: 0, Time: 09:37
2021-Mar-25 13:17:41: New job from eth-eu2.nanopool.org:9433
2021-Mar-25 13:17:41: Ethereum - Total speed: 59.540 MH/s, Total shares: 3 Rejected: 0, Time: 09:40
2021-Mar-25 13:17:41: GPU0 t=57°C fan 34% power 131.73W. Total power: 131.73W
2021-Mar-25 13:17:42: New job from eth-eu2.nanopool.org:9433
2021-Mar-25 13:17:42: Ethereum - Total speed: 59.752 MH/s, Total shares: 3 Rejected: 0, Time: 09:40
2021-Mar-25 13:17:42: Ethereum last 10 min - Total: 61.594 MH/s.
2021-Mar-25 13:17:45: New job from eth-eu2.nanopool.org:9433
2021-Mar-25 13:17:45: Ethereum - Total speed: 59.907 MH/s, Total shares: 3 Rejected: 0, Time: 09:43
2021-Mar-25 13:17:45: GPU0 t=57°C fan 34% power 131.91W. Total power: 131.91W
2021-Mar-25 13:17:48: New job from eth-eu2.nanopool.org:9433
2021-Mar-25 13:17:48: Ethereum - Total speed: 59.652 MH/s, Total shares: 3 Rejected: 0, Time: 09:46
2021-Mar-25 13:17:51: New job from eth-eu2.nanopool.org:9433
2021-Mar-25 13:17:51: Ethereum - Total speed: 59.202 MH/s, Total shares: 3 Rejected: 0, Time: 09:49
2021-Mar-25 13:17:51: GPU0 t=57°C fan 34% power 131.73W. Total power: 131.73W
2021-Mar-25 13:17:54: New job from eth-eu2.nanopool.org:9433
2021-Mar-25 13:17:54: Ethereum - Total speed: 59.345 MH/s, Total shares: 3 Rejected: 0, Time: 09:52
2021-Mar-25 13:17:54: Ethereum last 10 min - Total: 61.553 MH/s.
2021-Mar-25 13:17:55: New job from eth-eu2.nanopool.org:9433
2021-Mar-25 13:17:55: Ethereum - Total speed: 59.270 MH/s, Total shares: 3 Rejected: 0, Time: 09:53
2021-Mar-25 13:17:55: GPU0 t=56°C fan 34% power 131.70W. Total power: 131.70W
2021-Mar-25 13:17:55: New job from eth-eu2.nanopool.org:9433
2021-Mar-25 13:17:55: Ethereum - Total speed: 59.564 MH/s, Total shares: 3 Rejected: 0, Time: 09:53
2021-Mar-25 13:17:58: New job from eth-eu2.nanopool.org:9433
2021-Mar-25 13:17:58: Ethereum - Total speed: 58.601 MH/s, Total shares: 3 Rejected: 0, Time: 09:56
2021-Mar-25 13:17:58: GPU0 t=57°C fan 34% power 131.46W. Total power: 131.46W
2021-Mar-25 13:18:01: New job from eth-eu2.nanopool.org:9433
2021-Mar-25 13:18:01: Ethereum - Total speed: 58.612 MH/s, Total shares: 3 Rejected: 0, Time: 09:59
2021-Mar-25 13:18:01: Ethereum last 10 min - Total: 61.521 MH/s.
2021-Mar-25 13:18:04: New job from eth-eu2.nanopool.org:9433
2021-Mar-25 13:18:04: Ethereum - Total speed: 58.685 MH/s, Total shares: 3 Rejected: 0, Time: 10:02
2021-Mar-25 13:18:04: GPU0 t=56°C fan 34% power 131.64W. Total power: 131.64W
2021-Mar-25 13:18:07: New job from eth-eu2.nanopool.org:9433
2021-Mar-25 13:18:07: Ethereum - Total speed: 58.651 MH/s, Total shares: 3 Rejected: 0, Time: 10:05
2021-Mar-25 13:18:10: New job from eth-eu2.nanopool.org:9433
2021-Mar-25 13:18:10: Ethereum - Total speed: 58.948 MH/s, Total shares: 3 Rejected: 0, Time: 10:08
2021-Mar-25 13:18:10: GPU0 t=56°C fan 34% power 131.70W. Total power: 131.70W
2021-Mar-25 13:18:13: New job from eth-eu2.nanopool.org:9433
2021-Mar-25 13:18:13: Ethereum - Total speed: 59.280 MH/s, Total shares: 3 Rejected: 0, Time: 10:11
2021-Mar-25 13:18:13: Ethereum last 10 min - Total: 61.524 MH/s.
2021-Mar-25 13:18:16: New job from eth-eu2.nanopool.org:9433
2021-Mar-25 13:18:16: Ethereum - Total speed: 59.440 MH/s, Total shares: 3 Rejected: 0, Time: 10:14
2021-Mar-25 13:18:16: GPU0 t=56°C fan 34% power 131.74W. Total power: 131.74W
2021-Mar-25 13:18:19: New job from eth-eu2.nanopool.org:9433
2021-Mar-25 13:18:19: Ethereum - Total speed: 59.637 MH/s, Total shares: 3 Rejected: 0, Time: 10:17
2021-Mar-25 13:18:22: New job from eth-eu2.nanopool.org:9433
2021-Mar-25 13:18:22: Ethereum - Total speed: 59.845 MH/s, Total shares: 3 Rejected: 0, Time: 10:20
2021-Mar-25 13:18:22: GPU0 t=57°C fan 34% power 131.62W. Total power: 131.62W
2021-Mar-25 13:18:25: New job from eth-eu2.nanopool.org:9433
2021-Mar-25 13:18:25: Ethereum - Total speed: 60.041 MH/s, Total shares: 3 Rejected: 0, Time: 10:23
2021-Mar-25 13:18:25: Ethereum last 10 min - Total: 61.636 MH/s.
2021-Mar-25 13:18:28: New job from eth-eu2.nanopool.org:9433
2021-Mar-25 13:18:28: Ethereum - Total speed: 60.024 MH/s, Total shares: 3 Rejected: 0, Time: 10:26
2021-Mar-25 13:18:28: GPU0 t=56°C fan 34% power 131.36W. Total power: 131.36W
2021-Mar-25 13:18:28: New job from eth-eu2.nanopool.org:9433
2021-Mar-25 13:18:28: Ethereum - Total speed: 60.024 MH/s, Total shares: 3 Rejected: 0, Time: 10:26
2021-Mar-25 13:18:28: New job from eth-eu2.nanopool.org:9433
2021-Mar-25 13:18:28: Ethereum - Total speed: 59.783 MH/s, Total shares: 3 Rejected: 0, Time: 10:26
2021-Mar-25 13:18:28: GPU0 t=57°C fan 34% power 132.05W. Total power: 132.05W
2021-Mar-25 13:18:31: New job from eth-eu2.nanopool.org:9433
2021-Mar-25 13:18:31: Ethereum - Total speed: 59.863 MH/s, Total shares: 3 Rejected: 0, Time: 10:30
2021-Mar-25 13:18:31: Ethereum last 10 min - Total: 61.647 MH/s.
2021-Mar-25 13:18:34: New job from eth-eu2.nanopool.org:9433
2021-Mar-25 13:18:34: Ethereum - Total speed: 60.071 MH/s, Total shares: 3 Rejected: 0, Time: 10:32
2021-Mar-25 13:18:34: GPU0 t=56°C fan 34% power 131.62W. Total power: 131.62W
2021-Mar-25 13:18:37: New job from eth-eu2.nanopool.org:9433
2021-Mar-25 13:18:37: Ethereum - Total speed: 60.225 MH/s, Total shares: 3 Rejected: 0, Time: 10:35
2021-Mar-25 13:18:40: New job from eth-eu2.nanopool.org:9433
2021-Mar-25 13:18:40: Ethereum - Total speed: 60.411 MH/s, Total shares: 3 Rejected: 0, Time: 10:38
2021-Mar-25 13:18:40: GPU0 t=56°C fan 34% power 131.76W. Total power: 131.76W
2021-Mar-25 13:18:43: New job from eth-eu2.nanopool.org:9433
2021-Mar-25 13:18:43: Ethereum - Total speed: 60.571 MH/s, Total shares: 3 Rejected: 0, Time: 10:41
2021-Mar-25 13:18:43: Ethereum last 10 min - Total: 61.662 MH/s.
2021-Mar-25 13:18:46: New job from eth-eu2.nanopool.org:9433
2021-Mar-25 13:18:46: Ethereum - Total speed: 60.710 MH/s, Total shares: 3 Rejected: 0, Time: 10:44
2021-Mar-25 13:18:46: GPU0 t=56°C fan 34% power 131.73W. Total power: 131.73W
2021-Mar-25 13:18:47: Ethereum - SHARE FOUND (GPU: 0, nonce: 0x3ca1405710783420).
2021-Mar-25 13:18:47: Ethereum: share accepted (39 ms)!
2021-Mar-25 13:18:49: New job from eth-eu2.nanopool.org:9433
2021-Mar-25 13:18:49: Ethereum - Total speed: 60.838 MH/s, Total shares: 4 Rejected: 0, Time: 10:47
2021-Mar-25 13:18:52: New job from eth-eu2.nanopool.org:9433
2021-Mar-25 13:18:52: Ethereum - Total speed: 60.940 MH/s, Total shares: 4 Rejected: 0, Time: 10:50
2021-Mar-25 13:18:52: GPU0 t=57°C fan 34% power 131.67W. Total power: 131.67W
2021-Mar-25 13:18:55: New job from eth-eu2.nanopool.org:9433
2021-Mar-25 13:18:55: Ethereum - Total speed: 61.041 MH/s, Total shares: 4 Rejected: 0, Time: 10:53
2021-Mar-25 13:18:55: Ethereum last 10 min - Total: 61.661 MH/s.
2021-Mar-25 13:18:58: New job from eth-eu2.nanopool.org:9433
2021-Mar-25 13:18:58: Ethereum - Total speed: 61.140 MH/s, Total shares: 4 Rejected: 0, Time: 10:56
2021-Mar-25 13:18:58: GPU0 t=56°C fan 34% power 131.88W. Total power: 131.88W
2021-Mar-25 13:19:01: New job from eth-eu2.nanopool.org:9433
2021-Mar-25 13:19:01: Ethereum - Total speed: 61.247 MH/s, Total shares: 4 Rejected: 0, Time: 10:59
2021-Mar-25 13:19:04: New job from eth-eu2.nanopool.org:9433
2021-Mar-25 13:19:04: Ethereum - Total speed: 61.310 MH/s, Total shares: 4 Rejected: 0, Time: 11:02
2021-Mar-25 13:19:04: GPU0 t=56°C fan 34% power 131.85W. Total power: 131.85W
2021-Mar-25 13:19:07: New job from eth-eu2.nanopool.org:9433
2021-Mar-25 13:19:07: Ethereum - Total speed: 61.367 MH/s, Total shares: 4 Rejected: 0, Time: 11:05
2021-Mar-25 13:19:07: Ethereum last 10 min - Total: 61.659 MH/s.
2021-Mar-25 13:19:10: New job from eth-eu2.nanopool.org:9433
2021-Mar-25 13:19:10: Ethereum - Total speed: 61.429 MH/s, Total shares: 4 Rejected: 0, Time: 11:08
2021-Mar-25 13:19:10: GPU0 t=56°C fan 34% power 131.82W. Total power: 131.82W
2021-Mar-25 13:19:11: New job from eth-eu2.nanopool.org:9433
2021-Mar-25 13:19:11: Ethereum - Total speed: 61.481 MH/s, Total shares: 4 Rejected: 0, Time: 11:09
2021-Mar-25 13:19:11: New job from eth-eu2.nanopool.org:9433
2021-Mar-25 13:19:11: Ethereum - Total speed: 61.535 MH/s, Total shares: 4 Rejected: 0, Time: 11:09
2021-Mar-25 13:19:11: GPU0 t=56°C fan 34% power 131.60W. Total power: 131.60W
2021-Mar-25 13:19:14: New job from eth-eu2.nanopool.org:9433
2021-Mar-25 13:19:14: Ethereum - Total speed: 61.438 MH/s, Total shares: 4 Rejected: 0, Time: 11:12
2021-Mar-25 13:19:14: Ethereum last 10 min - Total: 61.656 MH/s.
2021-Mar-25 13:19:17: New job from eth-eu2.nanopool.org:9433
2021-Mar-25 13:19:17: Ethereum - Total speed: 61.481 MH/s, Total shares: 4 Rejected: 0, Time: 11:15
2021-Mar-25 13:19:17: GPU0 t=56°C fan 34% power 131.76W. Total power: 131.76W
2021-Mar-25 13:19:18: New job from eth-eu2.nanopool.org:9433
2021-Mar-25 13:19:18: Ethereum - Total speed: 61.536 MH/s, Total shares: 4 Rejected: 0, Time: 11:16
2021-Mar-25 13:19:18: New job from eth-eu2.nanopool.org:9433
2021-Mar-25 13:19:18: Ethereum - Total speed: 61.596 MH/s, Total shares: 4 Rejected: 0, Time: 11:16
2021-Mar-25 13:19:18: GPU0 t=56°C fan 34% power 131.82W. Total power: 131.82W
2021-Mar-25 13:19:19: New job from eth-eu2.nanopool.org:9433
2021-Mar-25 13:19:19: Ethereum - Total speed: 61.497 MH/s, Total shares: 4 Rejected: 0, Time: 11:18
2021-Mar-25 13:19:19: Ethereum last 10 min - Total: 61.654 MH/s.
2021-Mar-25 13:19:20: New job from eth-eu2.nanopool.org:9433
2021-Mar-25 13:19:20: Ethereum - Total speed: 61.536 MH/s, Total shares: 4 Rejected: 0, Time: 11:18
2021-Mar-25 13:19:20: GPU0 t=56°C fan 34% power 131.78W. Total power: 131.78W
2021-Mar-25 13:19:23: New job from eth-eu2.nanopool.org:9433
2021-Mar-25 13:19:23: Ethereum - Total speed: 61.448 MH/s, Total shares: 4 Rejected: 0, Time: 11:21
2021-Mar-25 13:19:26: New job from eth-eu2.nanopool.org:9433
2021-Mar-25 13:19:26: Ethereum - Total speed: 61.507 MH/s, Total shares: 4 Rejected: 0, Time: 11:24
2021-Mar-25 13:19:26: GPU0 t=56°C fan 34% power 131.72W. Total power: 131.72W
2021-Mar-25 13:19:30: New job from eth-eu2.nanopool.org:9433
2021-Mar-25 13:19:30: Ethereum - Total speed: 61.565 MH/s, Total shares: 4 Rejected: 0, Time: 11:28
2021-Mar-25 13:19:30: Ethereum last 10 min - Total: 61.647 MH/s.
2021-Mar-25 13:19:30: New job from eth-eu2.nanopool.org:9433
2021-Mar-25 13:19:30: Ethereum - Total speed: 61.599 MH/s, Total shares: 4 Rejected: 0, Time: 11:28
2021-Mar-25 13:19:30: GPU0 t=56°C fan 34% power 131.74W. Total power: 131.74W
2021-Mar-25 13:19:30: New job from eth-eu2.nanopool.org:9433
2021-Mar-25 13:19:30: Ethereum - Total speed: 61.584 MH/s, Total shares: 4 Rejected: 0, Time: 11:28
2021-Mar-25 13:19:33: New job from eth-eu2.nanopool.org:9433
2021-Mar-25 13:19:33: Ethereum - Total speed: 61.563 MH/s, Total shares: 4 Rejected: 0, Time: 11:31
2021-Mar-25 13:19:33: GPU0 t=56°C fan 34% power 131.89W. Total power: 131.89W
2021-Mar-25 13:19:36: New job from eth-eu2.nanopool.org:9433
2021-Mar-25 13:19:36: Ethereum - Total speed: 61.623 MH/s, Total shares: 4 Rejected: 0, Time: 11:34
2021-Mar-25 13:19:36: Ethereum last 10 min - Total: 61.643 MH/s.
2021-Mar-25 13:19:38: New job from eth-eu2.nanopool.org:9433
2021-Mar-25 13:19:38: Ethereum - Total speed: 61.641 MH/s, Total shares: 4 Rejected: 0, Time: 11:37
2021-Mar-25 13:19:38: GPU0 t=56°C fan 34% power 131.75W. Total power: 131.75W
2021-Mar-25 13:19:38: New job from eth-eu2.nanopool.org:9433
2021-Mar-25 13:19:38: Ethereum - Total speed: 61.676 MH/s, Total shares: 4 Rejected: 0, Time: 11:37
2021-Mar-25 13:19:41: New job from eth-eu2.nanopool.org:9433
2021-Mar-25 13:19:41: Ethereum - Total speed: 61.652 MH/s, Total shares: 4 Rejected: 0, Time: 11:40
2021-Mar-25 13:19:41: GPU0 t=56°C fan 34% power 131.64W. Total power: 131.64W
2021-Mar-25 13:19:44: New job from eth-eu2.nanopool.org:9433
2021-Mar-25 13:19:44: Ethereum - Total speed: 61.695 MH/s, Total shares: 4 Rejected: 0, Time: 11:43
2021-Mar-25 13:19:44: Ethereum last 10 min - Total: 61.637 MH/s.
2021-Mar-25 13:19:47: New job from eth-eu2.nanopool.org:9433
2021-Mar-25 13:19:47: Ethereum - Total speed: 61.729 MH/s, Total shares: 4 Rejected: 0, Time: 11:46
2021-Mar-25 13:19:47: GPU0 t=56°C fan 34% power 131.86W. Total power: 131.86W
2021-Mar-25 13:19:51: New job from eth-eu2.nanopool.org:9433
2021-Mar-25 13:19:51: Ethereum - Total speed: 61.754 MH/s, Total shares: 4 Rejected: 0, Time: 11:49
2021-Mar-25 13:19:53: New job from eth-eu2.nanopool.org:9433
2021-Mar-25 13:19:53: Ethereum - Total speed: 61.766 MH/s, Total shares: 4 Rejected: 0, Time: 11:52
2021-Mar-25 13:19:53: GPU0 t=56°C fan 34% power 131.88W. Total power: 131.88W
2021-Mar-25 13:19:54: New job from eth-eu2.nanopool.org:9433
2021-Mar-25 13:19:54: Ethereum - Total speed: 61.807 MH/s, Total shares: 4 Rejected: 0, Time: 11:52
2021-Mar-25 13:19:54: Ethereum last 10 min - Total: 61.633 MH/s.
2021-Mar-25 13:19:54: New job from eth-eu2.nanopool.org:9433
2021-Mar-25 13:19:54: Ethereum - Total speed: 61.801 MH/s, Total shares: 4 Rejected: 0, Time: 11:52
2021-Mar-25 13:19:54: GPU0 t=57°C fan 34% power 131.82W. Total power: 131.82W
2021-Mar-25 13:19:57: New job from eth-eu2.nanopool.org:9433
2021-Mar-25 13:19:57: Ethereum - Total speed: 61.771 MH/s, Total shares: 4 Rejected: 0, Time: 11:55
2021-Mar-25 13:20:00: New job from eth-eu2.nanopool.org:9433
2021-Mar-25 13:20:00: Ethereum - Total speed: 61.819 MH/s, Total shares: 4 Rejected: 0, Time: 11:58
2021-Mar-25 13:20:00: GPU0 t=57°C fan 34% power 131.70W. Total power: 131.70W
2021-Mar-25 13:20:03: New job from eth-eu2.nanopool.org:9433
2021-Mar-25 13:20:03: Ethereum - Total speed: 61.839 MH/s, Total shares: 4 Rejected: 0, Time: 12:01
2021-Mar-25 13:20:03: Ethereum last 10 min - Total: 61.628 MH/s.
2021-Mar-25 13:20:06: New job from eth-eu2.nanopool.org:9433
2021-Mar-25 13:20:06: Ethereum - Total speed: 61.835 MH/s, Total shares: 4 Rejected: 0, Time: 12:04
2021-Mar-25 13:20:06: GPU0 t=56°C fan 34% power 131.77W. Total power: 131.77W
2021-Mar-25 13:20:08: New job from eth-eu2.nanopool.org:9433
2021-Mar-25 13:20:08: Ethereum - Total speed: 61.844 MH/s, Total shares: 4 Rejected: 0, Time: 12:07
2021-Mar-25 13:20:09: New job from eth-eu2.nanopool.org:9433
2021-Mar-25 13:20:09: Ethereum - Total speed: 61.848 MH/s, Total shares: 4 Rejected: 0, Time: 12:07
2021-Mar-25 13:20:09: GPU0 t=56°C fan 34% power 131.79W. Total power: 131.79W
2021-Mar-25 13:20:11: New job from eth-eu2.nanopool.org:9433
2021-Mar-25 13:20:11: Ethereum - Total speed: 61.825 MH/s, Total shares: 4 Rejected: 0, Time: 12:10
2021-Mar-25 13:20:11: Ethereum last 10 min - Total: 61.624 MH/s.
2021-Mar-25 13:20:14: New job from eth-eu2.nanopool.org:9433
2021-Mar-25 13:20:14: Ethereum - Total speed: 61.844 MH/s, Total shares: 4 Rejected: 0, Time: 12:13
2021-Mar-25 13:20:14: GPU0 t=56°C fan 34% power 131.77W. Total power: 131.77W
2021-Mar-25 13:20:17: New job from eth-eu2.nanopool.org:9433
2021-Mar-25 13:20:17: Ethereum - Total speed: 61.865 MH/s, Total shares: 4 Rejected: 0, Time: 12:16
2021-Mar-25 13:20:20: New job from eth-eu2.nanopool.org:9433
2021-Mar-25 13:20:20: Ethereum - Total speed: 61.864 MH/s, Total shares: 4 Rejected: 0, Time: 12:19
2021-Mar-25 13:20:20: GPU0 t=57°C fan 34% power 131.80W. Total power: 131.80W
2021-Mar-25 13:20:23: New job from eth-eu2.nanopool.org:9433
2021-Mar-25 13:20:23: Ethereum - Total speed: 61.857 MH/s, Total shares: 4 Rejected: 0, Time: 12:22
2021-Mar-25 13:20:23: Ethereum last 10 min - Total: 61.615 MH/s.
2021-Mar-25 13:20:26: New job from eth-eu2.nanopool.org:9433
2021-Mar-25 13:20:26: Ethereum - Total speed: 61.832 MH/s, Total shares: 4 Rejected: 0, Time: 12:25
2021-Mar-25 13:20:26: GPU0 t=56°C fan 34% power 131.80W. Total power: 131.80W
2021-Mar-25 13:20:29: New job from eth-eu2.nanopool.org:9433
2021-Mar-25 13:20:29: Ethereum - Total speed: 61.872 MH/s, Total shares: 4 Rejected: 0, Time: 12:28
2021-Mar-25 13:20:33: New job from eth-eu2.nanopool.org:9433
2021-Mar-25 13:20:33: Ethereum - Total speed: 61.909 MH/s, Total shares: 4 Rejected: 0, Time: 12:31
2021-Mar-25 13:20:33: GPU0 t=56°C fan 34% power 131.62W. Total power: 131.62W
2021-Mar-25 13:20:35: New job from eth-eu2.nanopool.org:9433
2021-Mar-25 13:20:35: Ethereum - Total speed: 61.943 MH/s, Total shares: 4 Rejected: 0, Time: 12:34
2021-Mar-25 13:20:35: Ethereum last 10 min - Total: 61.610 MH/s.
2021-Mar-25 13:20:38: New job from eth-eu2.nanopool.org:9433
2021-Mar-25 13:20:38: Ethereum - Total speed: 61.973 MH/s, Total shares: 4 Rejected: 0, Time: 12:37
2021-Mar-25 13:20:38: GPU0 t=57°C fan 34% power 131.50W. Total power: 131.50W
2021-Mar-25 13:20:41: New job from eth-eu2.nanopool.org:9433
2021-Mar-25 13:20:41: Ethereum - Total speed: 62.001 MH/s, Total shares: 4 Rejected: 0, Time: 12:40
2021-Mar-25 13:20:44: New job from eth-eu2.nanopool.org:9433
2021-Mar-25 13:20:44: Ethereum - Total speed: 61.702 MH/s, Total shares: 4 Rejected: 0, Time: 12:43
2021-Mar-25 13:20:44: GPU0 t=57°C fan 34% power 131.73W. Total power: 131.73W
2021-Mar-25 13:20:47: New job from eth-eu2.nanopool.org:9433
2021-Mar-25 13:20:47: Ethereum - Total speed: 61.369 MH/s, Total shares: 4 Rejected: 0, Time: 12:46
2021-Mar-25 13:20:47: Ethereum last 10 min - Total: 61.602 MH/s.
2021-Mar-25 13:20:50: New job from eth-eu2.nanopool.org:9433
2021-Mar-25 13:20:50: Ethereum - Total speed: 61.443 MH/s, Total shares: 4 Rejected: 0, Time: 12:49
2021-Mar-25 13:20:50: GPU0 t=56°C fan 34% power 131.83W. Total power: 131.83W
2021-Mar-25 13:20:53: New job from eth-eu2.nanopool.org:9433
2021-Mar-25 13:20:53: Ethereum - Total speed: 61.478 MH/s, Total shares: 4 Rejected: 0, Time: 12:52
2021-Mar-25 13:20:55: New job from eth-eu2.nanopool.org:9433
2021-Mar-25 13:20:55: Ethereum - Total speed: 61.543 MH/s, Total shares: 4 Rejected: 0, Time: 12:53
2021-Mar-25 13:20:55: GPU0 t=56°C fan 34% power 131.79W. Total power: 131.79W
2021-Mar-25 13:20:55: New job from eth-eu2.nanopool.org:9433
2021-Mar-25 13:20:55: Ethereum - Total speed: 61.554 MH/s, Total shares: 4 Rejected: 0, Time: 12:53
2021-Mar-25 13:20:55: Ethereum last 10 min - Total: 61.593 MH/s.
2021-Mar-25 13:20:56: New job from eth-eu2.nanopool.org:9433
2021-Mar-25 13:20:56: Ethereum - Total speed: 61.502 MH/s, Total shares: 4 Rejected: 0, Time: 12:55
2021-Mar-25 13:20:56: GPU0 t=56°C fan 34% power 131.63W. Total power: 131.63W
2021-Mar-25 13:20:56: New job from eth-eu2.nanopool.org:9433
2021-Mar-25 13:20:56: Ethereum - Total speed: 61.569 MH/s, Total shares: 4 Rejected: 0, Time: 12:55
2021-Mar-25 13:20:58: New job from eth-eu2.nanopool.org:9433
2021-Mar-25 13:20:58: Ethereum - Total speed: 61.527 MH/s, Total shares: 4 Rejected: 0, Time: 12:56
2021-Mar-25 13:20:58: GPU0 t=57°C fan 34% power 131.68W. Total power: 131.68W
2021-Mar-25 13:20:58: New job from eth-eu2.nanopool.org:9433
2021-Mar-25 13:20:58: Ethereum - Total speed: 61.293 MH/s, Total shares: 4 Rejected: 0, Time: 12:56
2021-Mar-25 13:20:58: Ethereum last 10 min - Total: 61.589 MH/s.
2021-Mar-25 13:21:02: New job from eth-eu2.nanopool.org:9433
2021-Mar-25 13:21:02: Ethereum - Total speed: 61.112 MH/s, Total shares: 4 Rejected: 0, Time: 13:00
2021-Mar-25 13:21:02: GPU0 t=56°C fan 34% power 131.80W. Total power: 131.80W
2021-Mar-25 13:21:04: New job from eth-eu2.nanopool.org:9433
2021-Mar-25 13:21:04: Ethereum - Total speed: 60.927 MH/s, Total shares: 4 Rejected: 0, Time: 13:02
2021-Mar-25 13:21:07: New job from eth-eu2.nanopool.org:9433
2021-Mar-25 13:21:07: Ethereum - Total speed: 61.034 MH/s, Total shares: 4 Rejected: 0, Time: 13:05
2021-Mar-25 13:21:07: GPU0 t=57°C fan 34% power 131.88W. Total power: 131.88W
2021-Mar-25 13:21:10: New job from eth-eu2.nanopool.org:9433
2021-Mar-25 13:21:10: Ethereum - Total speed: 61.128 MH/s, Total shares: 4 Rejected: 0, Time: 13:08
2021-Mar-25 13:21:10: Ethereum last 10 min - Total: 61.566 MH/s.
2021-Mar-25 13:21:13: New job from eth-eu2.nanopool.org:9433
2021-Mar-25 13:21:13: Ethereum - Total speed: 61.221 MH/s, Total shares: 4 Rejected: 0, Time: 13:11
2021-Mar-25 13:21:13: GPU0 t=56°C fan 34% power 131.90W. Total power: 131.90W
2021-Mar-25 13:21:16: New job from eth-eu2.nanopool.org:9433
2021-Mar-25 13:21:16: Ethereum - Total speed: 61.276 MH/s, Total shares: 4 Rejected: 0, Time: 13:14
2021-Mar-25 13:21:19: New job from eth-eu2.nanopool.org:9433
2021-Mar-25 13:21:19: Ethereum - Total speed: 61.339 MH/s, Total shares: 4 Rejected: 0, Time: 13:17
2021-Mar-25 13:21:19: GPU0 t=57°C fan 34% power 131.84W. Total power: 131.84W
2021-Mar-25 13:21:22: New job from eth-eu2.nanopool.org:9433
2021-Mar-25 13:21:22: Ethereum - Total speed: 61.378 MH/s, Total shares: 4 Rejected: 0, Time: 13:20
2021-Mar-25 13:21:22: Ethereum last 10 min - Total: 61.547 MH/s.
2021-Mar-25 13:21:25: New job from eth-eu2.nanopool.org:9433
2021-Mar-25 13:21:25: Ethereum - Total speed: 61.457 MH/s, Total shares: 4 Rejected: 0, Time: 13:23
2021-Mar-25 13:21:25: GPU0 t=56°C fan 34% power 131.69W. Total power: 131.69W
2021-Mar-25 13:21:28: New job from eth-eu2.nanopool.org:9433
2021-Mar-25 13:21:28: Ethereum - Total speed: 61.508 MH/s, Total shares: 4 Rejected: 0, Time: 13:26
2021-Mar-25 13:21:31: New job from eth-eu2.nanopool.org:9433
2021-Mar-25 13:21:31: Ethereum - Total speed: 61.569 MH/s, Total shares: 4 Rejected: 0, Time: 13:29
2021-Mar-25 13:21:31: GPU0 t=56°C fan 34% power 131.64W. Total power: 131.64W
2021-Mar-25 13:21:34: New job from eth-eu2.nanopool.org:9433
2021-Mar-25 13:21:34: Ethereum - Total speed: 61.619 MH/s, Total shares: 4 Rejected: 0, Time: 13:32
2021-Mar-25 13:21:34: Ethereum last 10 min - Total: 61.535 MH/s.
2021-Mar-25 13:21:37: New job from eth-eu2.nanopool.org:9433
2021-Mar-25 13:21:37: Ethereum - Total speed: 61.593 MH/s, Total shares: 4 Rejected: 0, Time: 13:35
2021-Mar-25 13:21:37: GPU0 t=56°C fan 34% power 131.79W. Total power: 131.79W
2021-Mar-25 13:21:40: New job from eth-eu2.nanopool.org:9433
2021-Mar-25 13:21:40: Ethereum - Total speed: 61.549 MH/s, Total shares: 4 Rejected: 0, Time: 13:38
2021-Mar-25 13:21:43: New job from eth-eu2.nanopool.org:9433
2021-Mar-25 13:21:43: Ethereum - Total speed: 61.530 MH/s, Total shares: 4 Rejected: 0, Time: 13:41
2021-Mar-25 13:21:43: GPU0 t=57°C fan 34% power 131.97W. Total power: 131.97W
2021-Mar-25 13:21:46: New job from eth-eu2.nanopool.org:9433
2021-Mar-25 13:21:46: Ethereum - Total speed: 61.260 MH/s, Total shares: 4 Rejected: 0, Time: 13:44
2021-Mar-25 13:21:46: Ethereum last 10 min - Total: 61.521 MH/s.
2021-Mar-25 13:21:49: New job from eth-eu2.nanopool.org:9433
2021-Mar-25 13:21:49: Ethereum - Total speed: 61.106 MH/s, Total shares: 4 Rejected: 0, Time: 13:47
2021-Mar-25 13:21:49: GPU0 t=57°C fan 34% power 131.72W. Total power: 131.72W
2021-Mar-25 13:21:52: New job from eth-eu2.nanopool.org:9433
2021-Mar-25 13:21:52: Ethereum - Total speed: 61.003 MH/s, Total shares: 4 Rejected: 0, Time: 13:50
2021-Mar-25 13:21:55: New job from eth-eu2.nanopool.org:9433
2021-Mar-25 13:21:55: Ethereum - Total speed: 61.088 MH/s, Total shares: 4 Rejected: 0, Time: 13:53
2021-Mar-25 13:21:55: GPU0 t=56°C fan 34% power 131.86W. Total power: 131.86W
2021-Mar-25 13:21:58: New job from eth-eu2.nanopool.org:9433
2021-Mar-25 13:21:58: Ethereum - Total speed: 61.205 MH/s, Total shares: 4 Rejected: 0, Time: 13:56
2021-Mar-25 13:21:58: Ethereum last 10 min - Total: 61.499 MH/s.
2021-Mar-25 13:22:01: New job from eth-eu2.nanopool.org:9433
2021-Mar-25 13:22:01: Ethereum - Total speed: 61.307 MH/s, Total shares: 4 Rejected: 0, Time: 13:59
2021-Mar-25 13:22:01: GPU0 t=57°C fan 34% power 131.73W. Total power: 131.73W
2021-Mar-25 13:22:04: New job from eth-eu2.nanopool.org:9433
2021-Mar-25 13:22:04: Ethereum - Total speed: 61.396 MH/s, Total shares: 4 Rejected: 0, Time: 14:02
2021-Mar-25 13:22:07: New job from eth-eu2.nanopool.org:9433
2021-Mar-25 13:22:07: Ethereum - Total speed: 61.482 MH/s, Total shares: 4 Rejected: 0, Time: 14:05
2021-Mar-25 13:22:07: GPU0 t=56°C fan 34% power 131.82W. Total power: 131.82W
2021-Mar-25 13:22:10: New job from eth-eu2.nanopool.org:9433
2021-Mar-25 13:22:10: Ethereum - Total speed: 61.554 MH/s, Total shares: 4 Rejected: 0, Time: 14:08
2021-Mar-25 13:22:10: Ethereum last 10 min - Total: 61.482 MH/s.
2021-Mar-25 13:22:13: New job from eth-eu2.nanopool.org:9433
2021-Mar-25 13:22:13: Ethereum - Total speed: 61.625 MH/s, Total shares: 4 Rejected: 0, Time: 14:11
2021-Mar-25 13:22:13: GPU0 t=57°C fan 34% power 131.63W. Total power: 131.63W
2021-Mar-25 13:22:14: New job from eth-eu2.nanopool.org:9433
2021-Mar-25 13:22:14: Ethereum - Total speed: 61.686 MH/s, Total shares: 4 Rejected: 0, Time: 14:13
2021-Mar-25 13:22:15: New job from eth-eu2.nanopool.org:9433
2021-Mar-25 13:22:15: Ethereum - Total speed: 61.726 MH/s, Total shares: 4 Rejected: 0, Time: 14:13
2021-Mar-25 13:22:15: GPU0 t=57°C fan 34% power 131.62W. Total power: 131.62W
2021-Mar-25 13:22:18: New job from eth-eu2.nanopool.org:9433
2021-Mar-25 13:22:18: Ethereum - Total speed: 61.713 MH/s, Total shares: 4 Rejected: 0, Time: 14:16
2021-Mar-25 13:22:18: Ethereum last 10 min - Total: 61.476 MH/s.
2021-Mar-25 13:22:20: New job from eth-eu2.nanopool.org:9433
2021-Mar-25 13:22:20: Ethereum - Total speed: 61.764 MH/s, Total shares: 4 Rejected: 0, Time: 14:19
2021-Mar-25 13:22:20: GPU0 t=57°C fan 34% power 131.67W. Total power: 131.67W
2021-Mar-25 13:22:23: New job from eth-eu2.nanopool.org:9433
2021-Mar-25 13:22:23: Ethereum - Total speed: 61.813 MH/s, Total shares: 4 Rejected: 0, Time: 14:22
2021-Mar-25 13:22:27: New job from eth-eu2.nanopool.org:9433
2021-Mar-25 13:22:27: Ethereum - Total speed: 61.855 MH/s, Total shares: 4 Rejected: 0, Time: 14:25
2021-Mar-25 13:22:27: GPU0 t=56°C fan 34% power 131.81W. Total power: 131.81W
2021-Mar-25 13:22:29: New job from eth-eu2.nanopool.org:9433
2021-Mar-25 13:22:29: Ethereum - Total speed: 61.892 MH/s, Total shares: 4 Rejected: 0, Time: 14:27
2021-Mar-25 13:22:29: Ethereum last 10 min - Total: 61.467 MH/s.
2021-Mar-25 13:22:30: New job from eth-eu2.nanopool.org:9433
2021-Mar-25 13:22:30: Ethereum - Total speed: 61.920 MH/s, Total shares: 4 Rejected: 0, Time: 14:28
2021-Mar-25 13:22:30: GPU0 t=56°C fan 34% power 131.81W. Total power: 131.81W
2021-Mar-25 13:22:32: New job from eth-eu2.nanopool.org:9433
2021-Mar-25 13:22:32: Ethereum - Total speed: 61.946 MH/s, Total shares: 4 Rejected: 0, Time: 14:31
2021-Mar-25 13:22:32: New job from eth-eu2.nanopool.org:9433
2021-Mar-25 13:22:32: Ethereum - Total speed: 61.869 MH/s, Total shares: 4 Rejected: 0, Time: 14:31
2021-Mar-25 13:22:32: GPU0 t=56°C fan 34% power 131.92W. Total power: 131.92W
2021-Mar-25 13:22:33: New job from eth-eu2.nanopool.org:9433
2021-Mar-25 13:22:33: Ethereum - Total speed: 61.467 MH/s, Total shares: 4 Rejected: 0, Time: 14:31
2021-Mar-25 13:22:33: Ethereum last 10 min - Total: 61.466 MH/s.
2021-Mar-25 13:22:36: New job from eth-eu2.nanopool.org:9433
2021-Mar-25 13:22:36: Ethereum - Total speed: 61.305 MH/s, Total shares: 4 Rejected: 0, Time: 14:34
2021-Mar-25 13:22:36: GPU0 t=57°C fan 34% power 131.78W. Total power: 131.78W
2021-Mar-25 13:22:39: New job from eth-eu2.nanopool.org:9433
2021-Mar-25 13:22:39: Ethereum - Total speed: 60.898 MH/s, Total shares: 4 Rejected: 0, Time: 14:37
2021-Mar-25 13:22:42: New job from eth-eu2.nanopool.org:9433
2021-Mar-25 13:22:42: Ethereum - Total speed: 60.442 MH/s, Total shares: 4 Rejected: 0, Time: 14:40
2021-Mar-25 13:22:42: GPU0 t=57°C fan 34% power 131.69W. Total power: 131.69W
2021-Mar-25 13:22:45: New job from eth-eu2.nanopool.org:9433
2021-Mar-25 13:22:45: Ethereum - Total speed: 60.426 MH/s, Total shares: 4 Rejected: 0, Time: 14:43
2021-Mar-25 13:22:45: Ethereum last 10 min - Total: 61.440 MH/s.
2021-Mar-25 13:22:48: New job from eth-eu2.nanopool.org:9433
2021-Mar-25 13:22:48: Ethereum - Total speed: 60.417 MH/s, Total shares: 4 Rejected: 0, Time: 14:46
2021-Mar-25 13:22:48: GPU0 t=56°C fan 34% power 131.21W. Total power: 131.21W
2021-Mar-25 13:22:50: New job from eth-eu2.nanopool.org:9433
2021-Mar-25 13:22:50: Ethereum - Total speed: 60.040 MH/s, Total shares: 4 Rejected: 0, Time: 14:49
2021-Mar-25 13:22:54: New job from eth-eu2.nanopool.org:9433
2021-Mar-25 13:22:54: Ethereum - Total speed: 59.578 MH/s, Total shares: 4 Rejected: 0, Time: 14:52
2021-Mar-25 13:22:54: GPU0 t=57°C fan 34% power 131.60W. Total power: 131.60W
2021-Mar-25 13:22:57: New job from eth-eu2.nanopool.org:9433
2021-Mar-25 13:22:57: Ethereum - Total speed: 59.346 MH/s, Total shares: 4 Rejected: 0, Time: 14:55
2021-Mar-25 13:22:57: Ethereum last 10 min - Total: 61.395 MH/s.
2021-Mar-25 13:22:59: New job from eth-eu2.nanopool.org:9433
2021-Mar-25 13:22:59: Ethereum - Total speed: 58.708 MH/s, Total shares: 4 Rejected: 0, Time: 14:58
2021-Mar-25 13:22:59: GPU0 t=57°C fan 34% power 131.63W. Total power: 131.63W
2021-Mar-25 13:23:03: New job from eth-eu2.nanopool.org:9433
2021-Mar-25 13:23:03: Ethereum - Total speed: 58.483 MH/s, Total shares: 4 Rejected: 0, Time: 15:01
2021-Mar-25 13:23:06: New job from eth-eu2.nanopool.org:9433
2021-Mar-25 13:23:06: Ethereum - Total speed: 58.318 MH/s, Total shares: 4 Rejected: 0, Time: 15:04
2021-Mar-25 13:23:06: GPU0 t=56°C fan 34% power 131.71W. Total power: 131.71W
2021-Mar-25 13:23:09: New job from eth-eu2.nanopool.org:9433
2021-Mar-25 13:23:09: Ethereum - Total speed: 58.302 MH/s, Total shares: 4 Rejected: 0, Time: 15:07
2021-Mar-25 13:23:09: Ethereum last 10 min - Total: 61.317 MH/s.
2021-Mar-25 13:23:11: New job from eth-eu2.nanopool.org:9433
2021-Mar-25 13:23:11: Ethereum - Total speed: 58.192 MH/s, Total shares: 4 Rejected: 0, Time: 15:10
2021-Mar-25 13:23:11: GPU0 t=57°C fan 34% power 131.78W. Total power: 131.78W
2021-Mar-25 13:23:15: New job from eth-eu2.nanopool.org:9433
2021-Mar-25 13:23:15: Ethereum - Total speed: 57.947 MH/s, Total shares: 4 Rejected: 0, Time: 15:13
2021-Mar-25 13:23:17: New job from eth-eu2.nanopool.org:9433
2021-Mar-25 13:23:17: Ethereum - Total speed: 57.799 MH/s, Total shares: 4 Rejected: 0, Time: 15:16
2021-Mar-25 13:23:17: GPU0 t=57°C fan 34% power 131.88W. Total power: 131.88W
2021-Mar-25 13:23:20: New job from eth-eu2.nanopool.org:9433
2021-Mar-25 13:23:20: Ethereum - Total speed: 57.602 MH/s, Total shares: 4 Rejected: 0, Time: 15:19
2021-Mar-25 13:23:20: Ethereum last 10 min - Total: 61.237 MH/s.
2021-Mar-25 13:23:24: New job from eth-eu2.nanopool.org:9433
2021-Mar-25 13:23:24: Ethereum - Total speed: 57.612 MH/s, Total shares: 4 Rejected: 0, Time: 15:22
2021-Mar-25 13:23:24: GPU0 t=57°C fan 34% power 131.71W. Total power: 131.71W
2021-Mar-25 13:23:26: New job from eth-eu2.nanopool.org:9433
2021-Mar-25 13:23:26: Ethereum - Total speed: 57.770 MH/s, Total shares: 4 Rejected: 0, Time: 15:24
2021-Mar-25 13:23:26: New job from eth-eu2.nanopool.org:9433
2021-Mar-25 13:23:26: Ethereum - Total speed: 57.717 MH/s, Total shares: 4 Rejected: 0, Time: 15:24
2021-Mar-25 13:23:26: GPU0 t=57°C fan 34% power 131.54W. Total power: 131.54W
2021-Mar-25 13:23:29: New job from eth-eu2.nanopool.org:9433
2021-Mar-25 13:23:29: Ethereum - Total speed: 57.156 MH/s, Total shares: 4 Rejected: 0, Time: 15:28
2021-Mar-25 13:23:29: Ethereum last 10 min - Total: 61.174 MH/s.
2021-Mar-25 13:23:32: New job from eth-eu2.nanopool.org:9433
2021-Mar-25 13:23:32: Ethereum - Total speed: 57.046 MH/s, Total shares: 4 Rejected: 0, Time: 15:30
2021-Mar-25 13:23:32: GPU0 t=57°C fan 34% power 131.73W. Total power: 131.73W
2021-Mar-25 13:23:35: New job from eth-eu2.nanopool.org:9433
2021-Mar-25 13:23:35: Ethereum - Total speed: 57.255 MH/s, Total shares: 4 Rejected: 0, Time: 15:33
2021-Mar-25 13:23:38: New job from eth-eu2.nanopool.org:9433
2021-Mar-25 13:23:38: Ethereum - Total speed: 57.479 MH/s, Total shares: 4 Rejected: 0, Time: 15:36
2021-Mar-25 13:23:38: GPU0 t=56°C fan 34% power 131.81W. Total power: 131.81W
2021-Mar-25 13:23:40: New job from eth-eu2.nanopool.org:9433
2021-Mar-25 13:23:40: Ethereum - Total speed: 57.692 MH/s, Total shares: 4 Rejected: 0, Time: 15:38
2021-Mar-25 13:23:40: Ethereum last 10 min - Total: 61.084 MH/s.
2021-Mar-25 13:23:40: New job from eth-eu2.nanopool.org:9433
2021-Mar-25 13:23:40: Ethereum - Total speed: 57.769 MH/s, Total shares: 4 Rejected: 0, Time: 15:39
2021-Mar-25 13:23:40: GPU0 t=57°C fan 34% power 131.83W. Total power: 131.83W
2021-Mar-25 13:23:43: New job from eth-eu2.nanopool.org:9433
2021-Mar-25 13:23:43: Ethereum - Total speed: 58.144 MH/s, Total shares: 4 Rejected: 0, Time: 15:42
2021-Mar-25 13:23:46: New job from eth-eu2.nanopool.org:9433
2021-Mar-25 13:23:46: Ethereum - Total speed: 58.342 MH/s, Total shares: 4 Rejected: 0, Time: 15:45
2021-Mar-25 13:23:46: GPU0 t=57°C fan 34% power 131.27W. Total power: 131.27W
2021-Mar-25 13:23:47: Ethereum - SHARE FOUND (GPU: 0, nonce: 0x9fb7ee6c0d6e311f).
2021-Mar-25 13:23:47: Ethereum: share accepted (39 ms)!
2021-Mar-25 13:23:48: New job from eth-eu2.nanopool.org:9433
2021-Mar-25 13:23:48: Ethereum - Total speed: 58.463 MH/s, Total shares: 5 Rejected: 0, Time: 15:47
2021-Mar-25 13:23:48: Ethereum last 10 min - Total: 61.027 MH/s.
2021-Mar-25 13:23:48: New job from eth-eu2.nanopool.org:9433
2021-Mar-25 13:23:48: Ethereum - Total speed: 58.337 MH/s, Total shares: 5 Rejected: 0, Time: 15:47
2021-Mar-25 13:23:48: GPU0 t=57°C fan 34% power 131.77W. Total power: 131.77W
2021-Mar-25 13:23:51: New job from eth-eu2.nanopool.org:9433
2021-Mar-25 13:23:51: Ethereum - Total speed: 58.367 MH/s, Total shares: 5 Rejected: 0, Time: 15:50
2021-Mar-25 13:23:54: New job from eth-eu2.nanopool.org:9433
2021-Mar-25 13:23:54: Ethereum - Total speed: 58.350 MH/s, Total shares: 5 Rejected: 0, Time: 15:53
2021-Mar-25 13:23:54: GPU0 t=57°C fan 34% power 131.76W. Total power: 131.76W
2021-Mar-25 13:23:57: New job from eth-eu2.nanopool.org:9433
2021-Mar-25 13:23:57: Ethereum - Total speed: 58.011 MH/s, Total shares: 5 Rejected: 0, Time: 15:56
2021-Mar-25 13:23:57: Ethereum last 10 min - Total: 60.973 MH/s.
2021-Mar-25 13:24:00: New job from eth-eu2.nanopool.org:9433
2021-Mar-25 13:24:00: Ethereum - Total speed: 58.002 MH/s, Total shares: 5 Rejected: 0, Time: 15:59
2021-Mar-25 13:24:00: GPU0 t=57°C fan 34% power 131.69W. Total power: 131.69W
2021-Mar-25 13:24:03: New job from eth-eu2.nanopool.org:9433
2021-Mar-25 13:24:03: Ethereum - Total speed: 57.791 MH/s, Total shares: 5 Rejected: 0, Time: 16:02
2021-Mar-25 13:24:06: New job from eth-eu2.nanopool.org:9433
2021-Mar-25 13:24:06: Ethereum - Total speed: 57.651 MH/s, Total shares: 5 Rejected: 0, Time: 16:05
2021-Mar-25 13:24:06: GPU0 t=57°C fan 34% power 131.54W. Total power: 131.54W
2021-Mar-25 13:24:09: New job from eth-eu2.nanopool.org:9433
2021-Mar-25 13:24:09: Ethereum - Total speed: 57.261 MH/s, Total shares: 5 Rejected: 0, Time: 16:08
2021-Mar-25 13:24:09: Ethereum last 10 min - Total: 60.885 MH/s.
2021-Mar-25 13:24:12: New job from eth-eu2.nanopool.org:9433
2021-Mar-25 13:24:12: Ethereum - Total speed: 56.567 MH/s, Total shares: 5 Rejected: 0, Time: 16:11
2021-Mar-25 13:24:12: GPU0 t=57°C fan 34% power 131.68W. Total power: 131.68W
2021-Mar-25 13:24:15: New job from eth-eu2.nanopool.org:9433
2021-Mar-25 13:24:15: Ethereum - Total speed: 55.195 MH/s, Total shares: 5 Rejected: 0, Time: 16:14
2021-Mar-25 13:24:18: New job from eth-eu2.nanopool.org:9433
2021-Mar-25 13:24:18: Ethereum - Total speed: 54.004 MH/s, Total shares: 5 Rejected: 0, Time: 16:17
2021-Mar-25 13:24:18: GPU0 t=57°C fan 34% power 131.85W. Total power: 131.85W
2021-Mar-25 13:24:21: New job from eth-eu2.nanopool.org:9433
2021-Mar-25 13:24:21: Ethereum - Total speed: 53.083 MH/s, Total shares: 5 Rejected: 0, Time: 16:20
2021-Mar-25 13:24:21: Ethereum last 10 min - Total: 60.743 MH/s.
2021-Mar-25 13:24:24: New job from eth-eu2.nanopool.org:9433
2021-Mar-25 13:24:24: Ethereum - Total speed: 52.460 MH/s, Total shares: 5 Rejected: 0, Time: 16:23
2021-Mar-25 13:24:24: GPU0 t=57°C fan 34% power 131.64W. Total power: 131.64W
2021-Mar-25 13:24:27: New job from eth-eu2.nanopool.org:9433
2021-Mar-25 13:24:27: Ethereum - Total speed: 53.362 MH/s, Total shares: 5 Rejected: 0, Time: 16:26
2021-Mar-25 13:24:30: New job from eth-eu2.nanopool.org:9433
2021-Mar-25 13:24:30: Ethereum - Total speed: 53.952 MH/s, Total shares: 5 Rejected: 0, Time: 16:29
2021-Mar-25 13:24:30: GPU0 t=57°C fan 34% power 131.84W. Total power: 131.84W
2021-Mar-25 13:24:33: New job from eth-eu2.nanopool.org:9433
2021-Mar-25 13:24:33: Ethereum - Total speed: 54.452 MH/s, Total shares: 5 Rejected: 0, Time: 16:32
2021-Mar-25 13:24:33: Ethereum last 10 min - Total: 60.565 MH/s.
2021-Mar-25 13:24:36: New job from eth-eu2.nanopool.org:9433
2021-Mar-25 13:24:36: Ethereum - Total speed: 54.573 MH/s, Total shares: 5 Rejected: 0, Time: 16:35
2021-Mar-25 13:24:36: GPU0 t=56°C fan 34% power 131.87W. Total power: 131.87W
2021-Mar-25 13:24:39: Terminating, please wait ...
