2021-03-09 11:31:53: <info>                                    _                 
2021-03-09 11:31:53: <info>  _ __   __ _ _ __   ___  _ __ ___ (_)_ __   ___ _ __ 
2021-03-09 11:31:53: <info> | '_ \ / _` | '_ \ / _ \| '_ ` _ \| | '_ \ / _ \ '__|
2021-03-09 11:31:53: <info> | | | | (_| | | | | (_) | | | | | | | | | |  __/ |   
2021-03-09 11:31:53: <info> |_| |_|\__,_|_| |_|\___/|_| |_| |_|_|_| |_|\___|_|   
2021-03-09 11:31:53: <info> 
2021-03-09 11:31:53: <info> Version 3.2.2-cuda11
2021-03-09 11:31:53: <info>  Started EthMan server on port 3333 with a password (read-only mode).
2021-03-09 11:31:53: <info>  Started web interface on port 9090 with a password.
2021-03-09 11:31:53: <info>  CUDA driver version is 11.2, runtime version is 11.1
2021-03-09 11:31:53: <info> Single device detected
2021-03-09 11:31:53: <info> GPU 0 PCI 01:00.0, Platform: CUDA, Name: GeForce RTX 3070, 8192 MB available
2021-03-09 11:31:53: <info> -------------------Ethash:------------------
2021-03-09 11:31:53: <info> Currency: Ethereum
2021-03-09 11:31:53: <info> Wallet: wallet
2021-03-09 11:31:53: <info> Rig name: ferris
2021-03-09 11:31:53: <info> Email: email
2021-03-09 11:31:53: <info> Hashrate threshold to restart miner is not set
2021-03-09 11:31:53: <info> Added pool: eth-eu2.nanopool.org:9433
2021-03-09 11:31:53: <info> Added pool: eth-eu1.nanopool.org:9433
2021-03-09 11:31:53: <info> Added pool: eth-us-east1.nanopool.org:9433
2021-03-09 11:31:53: <info> Added pool: eth-us-west1.nanopool.org:9433
2021-03-09 11:31:53: <info> Added pool: eth-jp1.nanopool.org:9433
2021-03-09 11:31:53: <info> Added pool: eth-au1.nanopool.org:9433
2021-03-09 11:31:53: <info> Added pool: eth-asia1.nanopool.org:9433
2021-03-09 11:31:53: <info> Auto pool sorting is enabled
2021-03-09 11:31:53: <info> Using all GPU devices
2021-03-09 11:31:53: <info> Memory tweak: 1
2021-03-09 11:31:53: <info> -------------Common parameters:-------------
2021-03-09 11:31:53: <info> Log path: ./logs/
2021-03-09 11:31:53: <info> Log is written to file
2021-03-09 11:31:53: <info> GPU watchdog is enabled
2021-03-09 11:31:53: <info> Restart count before calling reboot.bat: 5
2021-03-09 11:31:53: <info>  Setting up algorithm: Ethash
2021-03-09 11:31:54: <info>  Connecting to pools...
2021-03-09 11:31:54: <info>  Connected to pool: eth-eu2.nanopool.org:9433 | IP: 149.202.42.174 | ping: 94 ms.
2021-03-09 11:31:54: <info>  New job from eth-eu2.nanopool.org:9433 | share difficulty = 10000 MH, epoch 400 (4223 MB)
2021-03-09 11:31:54: [Statistics] Ethereum - Total speed: 0.000 H/s, Total shares: 0 Rejected: 0, Time: 00:01
2021-03-09 11:31:54: [Statistics] GPU0 t=34°C fan 31% power 47.14W. Total power: 47.14W
2021-03-09 11:31:54: <info>  New job from eth-eu2.nanopool.org:9433
2021-03-09 11:31:54: [Statistics] Ethereum - Total speed: 0.000 H/s, Total shares: 0 Rejected: 0, Time: 00:01
2021-03-09 11:31:54: [Statistics] Ethereum last 10 min - Total: 0.000 H/s.
2021-03-09 11:31:56: <info>  New job from eth-eu2.nanopool.org:9433
2021-03-09 11:31:56: [Statistics] Ethereum - Total speed: 0.000 H/s, Total shares: 0 Rejected: 0, Time: 00:02
2021-03-09 11:31:56: [Statistics] GPU0 t=34°C fan 31% power 46.93W. Total power: 46.93W
2021-03-09 11:31:59: <info>  New job from eth-eu2.nanopool.org:9433
2021-03-09 11:31:59: [Statistics] Ethereum - Total speed: 0.000 H/s, Total shares: 0 Rejected: 0, Time: 00:05
2021-03-09 11:32:02: <info>  GPU0: 4223 MB DAG generated in 3.38 seconds
2021-03-09 11:32:03: <info>  New job from eth-eu2.nanopool.org:9433
2021-03-09 11:32:03: [Statistics] Ethereum - Total speed: 58.658 MH/s, Total shares: 0 Rejected: 0, Time: 00:09
2021-03-09 11:32:03: [Statistics] GPU0 t=40°C fan 31% power 125.15W. Total power: 125.15W
2021-03-09 11:32:03: <info>  New job from eth-eu2.nanopool.org:9433
2021-03-09 11:32:03: [Statistics] Ethereum - Total speed: 58.704 MH/s, Total shares: 0 Rejected: 0, Time: 00:09
2021-03-09 11:32:03: [Statistics] Ethereum last 10 min - Total: 58.681 MH/s.
2021-03-09 11:32:05: <info>  New job from eth-eu2.nanopool.org:9433
2021-03-09 11:32:05: [Statistics] Ethereum - Total speed: 58.805 MH/s, Total shares: 0 Rejected: 0, Time: 00:11
2021-03-09 11:32:05: [Statistics] GPU0 t=41°C fan 31% power 125.17W. Total power: 125.17W
2021-03-09 11:32:05: <info>  New job from eth-eu2.nanopool.org:9433
2021-03-09 11:32:05: [Statistics] Ethereum - Total speed: 58.901 MH/s, Total shares: 0 Rejected: 0, Time: 00:11
2021-03-09 11:32:05: <info>  New job from eth-eu2.nanopool.org:9433
2021-03-09 11:32:05: [Statistics] Ethereum - Total speed: 58.948 MH/s, Total shares: 0 Rejected: 0, Time: 00:11
2021-03-09 11:32:05: [Statistics] GPU0 t=41°C fan 31% power 125.15W. Total power: 125.15W
2021-03-09 11:32:05: <info>  New job from eth-eu2.nanopool.org:9433
2021-03-09 11:32:05: [Statistics] Ethereum - Total speed: 58.960 MH/s, Total shares: 0 Rejected: 0, Time: 00:12
2021-03-09 11:32:05: [Statistics] Ethereum last 10 min - Total: 58.778 MH/s.
2021-03-09 11:32:08: <info>  New job from eth-eu2.nanopool.org:9433
2021-03-09 11:32:08: [Statistics] Ethereum - Total speed: 58.994 MH/s, Total shares: 0 Rejected: 0, Time: 00:14
2021-03-09 11:32:08: [Statistics] GPU0 t=41°C fan 31% power 125.13W. Total power: 125.13W
2021-03-09 11:32:11: <info>  New job from eth-eu2.nanopool.org:9433
2021-03-09 11:32:11: [Statistics] Ethereum - Total speed: 59.051 MH/s, Total shares: 0 Rejected: 0, Time: 00:18
2021-03-09 11:32:14: <info>  New job from eth-eu2.nanopool.org:9433
2021-03-09 11:32:14: [Statistics] Ethereum - Total speed: 59.118 MH/s, Total shares: 0 Rejected: 0, Time: 00:21
2021-03-09 11:32:14: [Statistics] GPU0 t=43°C fan 31% power 125.07W. Total power: 125.07W
2021-03-09 11:32:17: <info>  New job from eth-eu2.nanopool.org:9433
2021-03-09 11:32:17: [Statistics] Ethereum - Total speed: 59.054 MH/s, Total shares: 0 Rejected: 0, Time: 00:23
2021-03-09 11:32:17: [Statistics] Ethereum last 10 min - Total: 58.998 MH/s.
2021-03-09 11:32:20: <info>  New job from eth-eu2.nanopool.org:9433
2021-03-09 11:32:20: [Statistics] Ethereum - Total speed: 59.058 MH/s, Total shares: 0 Rejected: 0, Time: 00:26
2021-03-09 11:32:20: [Statistics] GPU0 t=43°C fan 31% power 125.34W. Total power: 125.34W
2021-03-09 11:32:23: <info>  New job from eth-eu2.nanopool.org:9433
2021-03-09 11:32:23: [Statistics] Ethereum - Total speed: 58.938 MH/s, Total shares: 0 Rejected: 0, Time: 00:30
2021-03-09 11:32:26: <info>  New job from eth-eu2.nanopool.org:9433
2021-03-09 11:32:26: [Statistics] Ethereum - Total speed: 59.069 MH/s, Total shares: 0 Rejected: 0, Time: 00:33
2021-03-09 11:32:26: [Statistics] GPU0 t=44°C fan 31% power 125.06W. Total power: 125.06W
2021-03-09 11:32:29: <info>  New job from eth-eu2.nanopool.org:9433
2021-03-09 11:32:29: [Statistics] Ethereum - Total speed: 59.224 MH/s, Total shares: 0 Rejected: 0, Time: 00:36
2021-03-09 11:32:29: [Statistics] Ethereum last 10 min - Total: 59.022 MH/s.
2021-03-09 11:32:32: <info>  New job from eth-eu2.nanopool.org:9433
2021-03-09 11:32:32: [Statistics] Ethereum - Total speed: 59.401 MH/s, Total shares: 0 Rejected: 0, Time: 00:38
2021-03-09 11:32:32: [Statistics] GPU0 t=45°C fan 31% power 125.15W. Total power: 125.15W
2021-03-09 11:32:35: <info>  New job from eth-eu2.nanopool.org:9433
2021-03-09 11:32:35: [Statistics] Ethereum - Total speed: 59.562 MH/s, Total shares: 0 Rejected: 0, Time: 00:41
2021-03-09 11:32:38: <info>  New job from eth-eu2.nanopool.org:9433
2021-03-09 11:32:38: [Statistics] Ethereum - Total speed: 59.717 MH/s, Total shares: 0 Rejected: 0, Time: 00:44
2021-03-09 11:32:38: [Statistics] GPU0 t=46°C fan 31% power 125.21W. Total power: 125.21W
2021-03-09 11:32:41: <info>  New job from eth-eu2.nanopool.org:9433
2021-03-09 11:32:41: [Statistics] Ethereum - Total speed: 59.853 MH/s, Total shares: 0 Rejected: 0, Time: 00:48
2021-03-09 11:32:41: [Statistics] Ethereum last 10 min - Total: 59.189 MH/s.
2021-03-09 11:32:44: <info>  New job from eth-eu2.nanopool.org:9433
2021-03-09 11:32:44: [Statistics] Ethereum - Total speed: 59.975 MH/s, Total shares: 0 Rejected: 0, Time: 00:50
2021-03-09 11:32:44: [Statistics] GPU0 t=46°C fan 31% power 125.27W. Total power: 125.27W
2021-03-09 11:32:47: <info>  New job from eth-eu2.nanopool.org:9433
2021-03-09 11:32:47: [Statistics] Ethereum - Total speed: 60.084 MH/s, Total shares: 0 Rejected: 0, Time: 00:54
2021-03-09 11:32:50: <info>  New job from eth-eu2.nanopool.org:9433
2021-03-09 11:32:50: [Statistics] Ethereum - Total speed: 60.187 MH/s, Total shares: 0 Rejected: 0, Time: 00:56
2021-03-09 11:32:50: [Statistics] GPU0 t=47°C fan 31% power 125.19W. Total power: 125.19W
2021-03-09 11:32:51: <info>  New job from eth-eu2.nanopool.org:9433
2021-03-09 11:32:51: [Statistics] Ethereum - Total speed: 60.277 MH/s, Total shares: 0 Rejected: 0, Time: 00:57
2021-03-09 11:32:51: [Statistics] Ethereum last 10 min - Total: 59.358 MH/s.
2021-03-09 11:32:51: <info>  New job from eth-eu2.nanopool.org:9433
2021-03-09 11:32:51: [Statistics] Ethereum - Total speed: 60.322 MH/s, Total shares: 0 Rejected: 0, Time: 00:57
2021-03-09 11:32:51: [Statistics] GPU0 t=47°C fan 31% power 125.07W. Total power: 125.07W
2021-03-09 11:32:54: <info>  New job from eth-eu2.nanopool.org:9433
2021-03-09 11:32:54: [Statistics] Ethereum - Total speed: 60.314 MH/s, Total shares: 0 Rejected: 0, Time: 01:00
2021-03-09 11:32:58: <info>  New job from eth-eu2.nanopool.org:9433
2021-03-09 11:32:58: [Statistics] Ethereum - Total speed: 60.391 MH/s, Total shares: 0 Rejected: 0, Time: 01:05
2021-03-09 11:32:58: [Statistics] GPU0 t=47°C fan 31% power 125.15W. Total power: 125.15W
2021-03-09 11:32:59: <info>  New job from eth-eu2.nanopool.org:9433
2021-03-09 11:32:59: [Statistics] Ethereum - Total speed: 60.460 MH/s, Total shares: 0 Rejected: 0, Time: 01:06
2021-03-09 11:32:59: [Statistics] Ethereum last 10 min - Total: 59.509 MH/s.
2021-03-09 11:32:59: <info>  New job from eth-eu2.nanopool.org:9433
2021-03-09 11:32:59: [Statistics] Ethereum - Total speed: 60.513 MH/s, Total shares: 0 Rejected: 0, Time: 01:06
2021-03-09 11:32:59: [Statistics] GPU0 t=48°C fan 31% power 125.03W. Total power: 125.03W
2021-03-09 11:33:00: <info>  New job from eth-eu2.nanopool.org:9433
2021-03-09 11:33:00: [Statistics] Ethereum - Total speed: 60.431 MH/s, Total shares: 0 Rejected: 0, Time: 01:06
2021-03-09 11:33:01: <info>  New job from eth-eu2.nanopool.org:9433
2021-03-09 11:33:01: [Statistics] Ethereum - Total speed: 60.476 MH/s, Total shares: 0 Rejected: 0, Time: 01:07
2021-03-09 11:33:01: [Statistics] GPU0 t=48°C fan 31% power 125.29W. Total power: 125.29W
2021-03-09 11:33:01: <info>  New job from eth-eu2.nanopool.org:9433
2021-03-09 11:33:01: [Statistics] Ethereum - Total speed: 60.513 MH/s, Total shares: 0 Rejected: 0, Time: 01:08
2021-03-09 11:33:01: [Statistics] Ethereum last 10 min - Total: 59.541 MH/s.
2021-03-09 11:33:04: <info>  New job from eth-eu2.nanopool.org:9433
2021-03-09 11:33:04: [Statistics] Ethereum - Total speed: 60.549 MH/s, Total shares: 0 Rejected: 0, Time: 01:10
2021-03-09 11:33:04: [Statistics] GPU0 t=48°C fan 31% power 124.98W. Total power: 124.98W
2021-03-09 11:33:07: <info>  New job from eth-eu2.nanopool.org:9433
2021-03-09 11:33:07: [Statistics] Ethereum - Total speed: 60.605 MH/s, Total shares: 0 Rejected: 0, Time: 01:14
2021-03-09 11:33:10: <info>  New job from eth-eu2.nanopool.org:9433
2021-03-09 11:33:10: [Statistics] Ethereum - Total speed: 60.655 MH/s, Total shares: 0 Rejected: 0, Time: 01:16
2021-03-09 11:33:10: [Statistics] GPU0 t=48°C fan 31% power 125.13W. Total power: 125.13W
2021-03-09 11:33:13: <info>  New job from eth-eu2.nanopool.org:9433
2021-03-09 11:33:13: [Statistics] Ethereum - Total speed: 60.700 MH/s, Total shares: 0 Rejected: 0, Time: 01:19
2021-03-09 11:33:13: [Statistics] Ethereum last 10 min - Total: 59.719 MH/s.
2021-03-09 11:33:16: <info>  New job from eth-eu2.nanopool.org:9433
2021-03-09 11:33:16: [Statistics] Ethereum - Total speed: 60.736 MH/s, Total shares: 0 Rejected: 0, Time: 01:22
2021-03-09 11:33:16: [Statistics] GPU0 t=49°C fan 31% power 125.11W. Total power: 125.11W
2021-03-09 11:33:19: <info>  New job from eth-eu2.nanopool.org:9433
2021-03-09 11:33:19: [Statistics] Ethereum - Total speed: 60.769 MH/s, Total shares: 0 Rejected: 0, Time: 01:25
2021-03-09 11:33:22: <info>  New job from eth-eu2.nanopool.org:9433
2021-03-09 11:33:22: [Statistics] Ethereum - Total speed: 60.801 MH/s, Total shares: 0 Rejected: 0, Time: 01:28
2021-03-09 11:33:22: [Statistics] GPU0 t=49°C fan 31% power 125.11W. Total power: 125.11W
2021-03-09 11:33:24: <info>  New job from eth-eu2.nanopool.org:9433
2021-03-09 11:33:24: [Statistics] Ethereum - Total speed: 60.807 MH/s, Total shares: 0 Rejected: 0, Time: 01:30
2021-03-09 11:33:24: [Statistics] Ethereum last 10 min - Total: 59.858 MH/s.
2021-03-09 11:33:24: <info>  New job from eth-eu2.nanopool.org:9433
2021-03-09 11:33:24: [Statistics] Ethereum - Total speed: 60.837 MH/s, Total shares: 0 Rejected: 0, Time: 01:30
2021-03-09 11:33:24: [Statistics] GPU0 t=49°C fan 31% power 125.21W. Total power: 125.21W
2021-03-09 11:33:25: <info>  New job from eth-eu2.nanopool.org:9433
2021-03-09 11:33:25: [Statistics] Ethereum - Total speed: 60.759 MH/s, Total shares: 0 Rejected: 0, Time: 01:31
2021-03-09 11:33:25: <info>  New job from eth-eu2.nanopool.org:9433
2021-03-09 11:33:25: [Statistics] Ethereum - Total speed: 60.788 MH/s, Total shares: 0 Rejected: 0, Time: 01:31
2021-03-09 11:33:25: [Statistics] GPU0 t=49°C fan 31% power 125.23W. Total power: 125.23W
2021-03-09 11:33:28: <info>  New job from eth-eu2.nanopool.org:9433
2021-03-09 11:33:28: [Statistics] Ethereum - Total speed: 60.757 MH/s, Total shares: 0 Rejected: 0, Time: 01:35
2021-03-09 11:33:28: [Statistics] Ethereum last 10 min - Total: 59.905 MH/s.
2021-03-09 11:33:31: <info>  New job from eth-eu2.nanopool.org:9433
2021-03-09 11:33:31: [Statistics] Ethereum - Total speed: 60.788 MH/s, Total shares: 0 Rejected: 0, Time: 01:37
2021-03-09 11:33:31: [Statistics] GPU0 t=49°C fan 31% power 125.26W. Total power: 125.26W
2021-03-09 11:33:34: <info>  New job from eth-eu2.nanopool.org:9433
2021-03-09 11:33:34: [Statistics] Ethereum - Total speed: 60.816 MH/s, Total shares: 0 Rejected: 0, Time: 01:41
2021-03-09 11:33:37: <info>  New job from eth-eu2.nanopool.org:9433
2021-03-09 11:33:37: [Statistics] Ethereum - Total speed: 60.842 MH/s, Total shares: 0 Rejected: 0, Time: 01:43
2021-03-09 11:33:37: [Statistics] GPU0 t=50°C fan 31% power 125.23W. Total power: 125.23W
2021-03-09 11:33:40: <info>  New job from eth-eu2.nanopool.org:9433
2021-03-09 11:33:40: [Statistics] Ethereum - Total speed: 60.869 MH/s, Total shares: 0 Rejected: 0, Time: 01:46
2021-03-09 11:33:40: [Statistics] Ethereum last 10 min - Total: 60.015 MH/s.
2021-03-09 11:33:43: <info>  New job from eth-eu2.nanopool.org:9433
2021-03-09 11:33:43: [Statistics] Ethereum - Total speed: 60.877 MH/s, Total shares: 0 Rejected: 0, Time: 01:49
2021-03-09 11:33:43: [Statistics] GPU0 t=50°C fan 31% power 125.04W. Total power: 125.04W
2021-03-09 11:33:46: <info>  New job from eth-eu2.nanopool.org:9433
2021-03-09 11:33:46: [Statistics] Ethereum - Total speed: 60.899 MH/s, Total shares: 0 Rejected: 0, Time: 01:52
2021-03-09 11:33:49: <info>  New job from eth-eu2.nanopool.org:9433
2021-03-09 11:33:49: [Statistics] Ethereum - Total speed: 60.920 MH/s, Total shares: 0 Rejected: 0, Time: 01:55
2021-03-09 11:33:49: [Statistics] GPU0 t=50°C fan 31% power 125.12W. Total power: 125.12W
2021-03-09 11:33:52: <info>  New job from eth-eu2.nanopool.org:9433
2021-03-09 11:33:52: [Statistics] Ethereum - Total speed: 60.937 MH/s, Total shares: 0 Rejected: 0, Time: 01:58
2021-03-09 11:33:52: [Statistics] Ethereum last 10 min - Total: 60.113 MH/s.
2021-03-09 11:33:55: <info>  New job from eth-eu2.nanopool.org:9433
2021-03-09 11:33:55: [Statistics] Ethereum - Total speed: 60.953 MH/s, Total shares: 0 Rejected: 0, Time: 02:01
2021-03-09 11:33:55: [Statistics] GPU0 t=50°C fan 31% power 125.17W. Total power: 125.17W
2021-03-09 11:33:58: <info>  New job from eth-eu2.nanopool.org:9433
2021-03-09 11:33:58: [Statistics] Ethereum - Total speed: 60.966 MH/s, Total shares: 0 Rejected: 0, Time: 02:04
2021-03-09 11:34:01: <info>  New job from eth-eu2.nanopool.org:9433
2021-03-09 11:34:01: [Statistics] Ethereum - Total speed: 60.979 MH/s, Total shares: 0 Rejected: 0, Time: 02:07
2021-03-09 11:34:01: [Statistics] GPU0 t=51°C fan 31% power 125.17W. Total power: 125.17W
2021-03-09 11:34:04: <info>  New job from eth-eu2.nanopool.org:9433
2021-03-09 11:34:04: [Statistics] Ethereum - Total speed: 60.984 MH/s, Total shares: 0 Rejected: 0, Time: 02:10
2021-03-09 11:34:04: [Statistics] Ethereum last 10 min - Total: 60.197 MH/s.
2021-03-09 11:34:06: <info>  New job from eth-eu2.nanopool.org:9433
2021-03-09 11:34:06: [Statistics] Ethereum - Total speed: 60.994 MH/s, Total shares: 0 Rejected: 0, Time: 02:12
2021-03-09 11:34:06: [Statistics] GPU0 t=51°C fan 31% power 125.22W. Total power: 125.22W
2021-03-09 11:34:06: <info>  New job from eth-eu2.nanopool.org:9433
2021-03-09 11:34:06: [Statistics] Ethereum - Total speed: 61.001 MH/s, Total shares: 0 Rejected: 0, Time: 02:12
2021-03-09 11:34:06: <info>  New job from eth-eu2.nanopool.org:9433
2021-03-09 11:34:06: [Statistics] Ethereum - Total speed: 60.978 MH/s, Total shares: 0 Rejected: 0, Time: 02:13
2021-03-09 11:34:06: [Statistics] GPU0 t=51°C fan 31% power 125.13W. Total power: 125.13W
2021-03-09 11:34:07: <info>  New job from eth-eu2.nanopool.org:9433
2021-03-09 11:34:07: [Statistics] Ethereum - Total speed: 60.934 MH/s, Total shares: 0 Rejected: 0, Time: 02:13
2021-03-09 11:34:07: [Statistics] Ethereum last 10 min - Total: 60.213 MH/s.
2021-03-09 11:34:10: <info>  New job from eth-eu2.nanopool.org:9433
2021-03-09 11:34:10: [Statistics] Ethereum - Total speed: 60.903 MH/s, Total shares: 0 Rejected: 0, Time: 02:17
2021-03-09 11:34:10: [Statistics] GPU0 t=51°C fan 31% power 125.17W. Total power: 125.17W
2021-03-09 11:34:12: <info>  New job from eth-eu2.nanopool.org:9433
2021-03-09 11:34:12: [Statistics] Ethereum - Total speed: 60.920 MH/s, Total shares: 0 Rejected: 0, Time: 02:19
2021-03-09 11:34:14: <info>  New job from eth-eu2.nanopool.org:9433
2021-03-09 11:34:14: [Statistics] Ethereum - Total speed: 60.932 MH/s, Total shares: 0 Rejected: 0, Time: 02:21
2021-03-09 11:34:14: [Statistics] GPU0 t=51°C fan 31% power 125.20W. Total power: 125.20W
2021-03-09 11:34:14: <info>  New job from eth-eu2.nanopool.org:9433
2021-03-09 11:34:14: [Statistics] Ethereum - Total speed: 60.951 MH/s, Total shares: 0 Rejected: 0, Time: 02:21
2021-03-09 11:34:14: [Statistics] Ethereum last 10 min - Total: 60.255 MH/s.
2021-03-09 11:34:17: <info>  New job from eth-eu2.nanopool.org:9433
2021-03-09 11:34:17: [Statistics] Ethereum - Total speed: 60.781 MH/s, Total shares: 0 Rejected: 0, Time: 02:24
2021-03-09 11:34:17: [Statistics] GPU0 t=51°C fan 31% power 125.23W. Total power: 125.23W
2021-03-09 11:34:20: <info>  New job from eth-eu2.nanopool.org:9433
2021-03-09 11:34:20: [Statistics] Ethereum - Total speed: 60.814 MH/s, Total shares: 0 Rejected: 0, Time: 02:27
2021-03-09 11:34:24: <info>  New job from eth-eu2.nanopool.org:9433
2021-03-09 11:34:24: [Statistics] Ethereum - Total speed: 60.838 MH/s, Total shares: 0 Rejected: 0, Time: 02:30
2021-03-09 11:34:24: [Statistics] GPU0 t=51°C fan 31% power 125.22W. Total power: 125.22W
2021-03-09 11:34:26: <info>  New job from eth-eu2.nanopool.org:9433
2021-03-09 11:34:26: [Statistics] Ethereum - Total speed: 60.863 MH/s, Total shares: 0 Rejected: 0, Time: 02:33
2021-03-09 11:34:26: [Statistics] Ethereum last 10 min - Total: 60.304 MH/s.
2021-03-09 11:34:29: <info>  New job from eth-eu2.nanopool.org:9433
2021-03-09 11:34:29: [Statistics] Ethereum - Total speed: 60.886 MH/s, Total shares: 0 Rejected: 0, Time: 02:36
2021-03-09 11:34:29: [Statistics] GPU0 t=51°C fan 31% power 125.30W. Total power: 125.30W
2021-03-09 11:34:32: <info>  New job from eth-eu2.nanopool.org:9433
2021-03-09 11:34:32: [Statistics] Ethereum - Total speed: 60.907 MH/s, Total shares: 0 Rejected: 0, Time: 02:39
2021-03-09 11:34:35: <info>  New job from eth-eu2.nanopool.org:9433
2021-03-09 11:34:35: [Statistics] Ethereum - Total speed: 60.927 MH/s, Total shares: 0 Rejected: 0, Time: 02:42
2021-03-09 11:34:35: [Statistics] GPU0 t=51°C fan 31% power 125.14W. Total power: 125.14W
2021-03-09 11:34:38: <info>  New job from eth-eu2.nanopool.org:9433
2021-03-09 11:34:38: [Statistics] Ethereum - Total speed: 60.943 MH/s, Total shares: 0 Rejected: 0, Time: 02:44
2021-03-09 11:34:38: [Statistics] Ethereum last 10 min - Total: 60.347 MH/s.
2021-03-09 11:34:38: <info>  New job from eth-eu2.nanopool.org:9433
2021-03-09 11:34:38: [Statistics] Ethereum - Total speed: 60.957 MH/s, Total shares: 0 Rejected: 0, Time: 02:44
2021-03-09 11:34:38: [Statistics] GPU0 t=52°C fan 31% power 125.14W. Total power: 125.14W
2021-03-09 11:34:41: <info>  New job from eth-eu2.nanopool.org:9433
2021-03-09 11:34:41: [Statistics] Ethereum - Total speed: 60.898 MH/s, Total shares: 0 Rejected: 0, Time: 02:47
2021-03-09 11:34:44: <info>  New job from eth-eu2.nanopool.org:9433
2021-03-09 11:34:44: [Statistics] Ethereum - Total speed: 60.917 MH/s, Total shares: 0 Rejected: 0, Time: 02:50
2021-03-09 11:34:44: [Statistics] GPU0 t=52°C fan 31% power 125.17W. Total power: 125.17W
2021-03-09 11:34:47: <info>  New job from eth-eu2.nanopool.org:9433
2021-03-09 11:34:47: [Statistics] Ethereum - Total speed: 60.935 MH/s, Total shares: 0 Rejected: 0, Time: 02:53
2021-03-09 11:34:47: [Statistics] Ethereum last 10 min - Total: 60.380 MH/s.
2021-03-09 11:34:49: <info>  New job from eth-eu2.nanopool.org:9433
2021-03-09 11:34:49: [Statistics] Ethereum - Total speed: 60.950 MH/s, Total shares: 0 Rejected: 0, Time: 02:56
2021-03-09 11:34:49: [Statistics] GPU0 t=52°C fan 31% power 125.42W. Total power: 125.42W
2021-03-09 11:34:50: <info>  New job from eth-eu2.nanopool.org:9433
2021-03-09 11:34:50: [Statistics] Ethereum - Total speed: 60.962 MH/s, Total shares: 0 Rejected: 0, Time: 02:56
2021-03-09 11:34:52: <info>  New job from eth-eu2.nanopool.org:9433
2021-03-09 11:34:52: [Statistics] Ethereum - Total speed: 60.956 MH/s, Total shares: 0 Rejected: 0, Time: 02:59
2021-03-09 11:34:52: [Statistics] GPU0 t=52°C fan 31% power 125.12W. Total power: 125.12W
2021-03-09 11:34:55: <info>  New job from eth-eu2.nanopool.org:9433
2021-03-09 11:34:55: [Statistics] Ethereum - Total speed: 60.964 MH/s, Total shares: 0 Rejected: 0, Time: 03:02
2021-03-09 11:34:55: [Statistics] Ethereum last 10 min - Total: 60.408 MH/s.
2021-03-09 11:34:58: <info>  New job from eth-eu2.nanopool.org:9433
2021-03-09 11:34:58: [Statistics] Ethereum - Total speed: 60.972 MH/s, Total shares: 0 Rejected: 0, Time: 03:05
2021-03-09 11:34:58: [Statistics] GPU0 t=52°C fan 31% power 125.12W. Total power: 125.12W
2021-03-09 11:35:01: <info>  New job from eth-eu2.nanopool.org:9433
2021-03-09 11:35:01: [Statistics] Ethereum - Total speed: 60.982 MH/s, Total shares: 0 Rejected: 0, Time: 03:08
2021-03-09 11:35:04: <info>  New job from eth-eu2.nanopool.org:9433
2021-03-09 11:35:04: [Statistics] Ethereum - Total speed: 60.988 MH/s, Total shares: 0 Rejected: 0, Time: 03:11
2021-03-09 11:35:04: [Statistics] GPU0 t=52°C fan 31% power 125.16W. Total power: 125.16W
2021-03-09 11:35:07: <info>  New job from eth-eu2.nanopool.org:9433
2021-03-09 11:35:07: [Statistics] Ethereum - Total speed: 60.997 MH/s, Total shares: 0 Rejected: 0, Time: 03:14
2021-03-09 11:35:07: [Statistics] Ethereum last 10 min - Total: 60.445 MH/s.
2021-03-09 11:35:11: <info>  New job from eth-eu2.nanopool.org:9433
2021-03-09 11:35:11: [Statistics] Ethereum - Total speed: 61.006 MH/s, Total shares: 0 Rejected: 0, Time: 03:17
2021-03-09 11:35:11: [Statistics] GPU0 t=52°C fan 31% power 125.33W. Total power: 125.33W
2021-03-09 11:35:13: <info>  New job from eth-eu2.nanopool.org:9433
2021-03-09 11:35:13: [Statistics] Ethereum - Total speed: 61.015 MH/s, Total shares: 0 Rejected: 0, Time: 03:20
2021-03-09 11:35:14: <info>  New job from eth-eu2.nanopool.org:9433
2021-03-09 11:35:14: [Statistics] Ethereum - Total speed: 61.024 MH/s, Total shares: 0 Rejected: 0, Time: 03:20
2021-03-09 11:35:14: [Statistics] GPU0 t=52°C fan 31% power 125.18W. Total power: 125.18W
2021-03-09 11:35:14: <info>  New job from eth-eu2.nanopool.org:9433
2021-03-09 11:35:14: [Statistics] Ethereum - Total speed: 60.993 MH/s, Total shares: 0 Rejected: 0, Time: 03:20
2021-03-09 11:35:14: [Statistics] Ethereum last 10 min - Total: 60.465 MH/s.
2021-03-09 11:35:17: <info>  New job from eth-eu2.nanopool.org:9433
2021-03-09 11:35:17: [Statistics] Ethereum - Total speed: 60.906 MH/s, Total shares: 0 Rejected: 0, Time: 03:23
2021-03-09 11:35:17: [Statistics] GPU0 t=52°C fan 31% power 125.20W. Total power: 125.20W
2021-03-09 11:35:20: <info>  New job from eth-eu2.nanopool.org:9433
2021-03-09 11:35:20: [Statistics] Ethereum - Total speed: 60.928 MH/s, Total shares: 0 Rejected: 0, Time: 03:26
2021-03-09 11:35:20: <info>  New job from eth-eu2.nanopool.org:9433
2021-03-09 11:35:20: [Statistics] Ethereum - Total speed: 60.939 MH/s, Total shares: 0 Rejected: 0, Time: 03:27
2021-03-09 11:35:20: [Statistics] GPU0 t=52°C fan 31% power 125.12W. Total power: 125.12W
2021-03-09 11:35:20: <info>  New job from eth-eu2.nanopool.org:9433
2021-03-09 11:35:20: [Statistics] Ethereum - Total speed: 60.922 MH/s, Total shares: 0 Rejected: 0, Time: 03:27
2021-03-09 11:35:20: [Statistics] Ethereum last 10 min - Total: 60.480 MH/s.
2021-03-09 11:35:23: <info>  New job from eth-eu2.nanopool.org:9433
2021-03-09 11:35:23: [Statistics] Ethereum - Total speed: 60.810 MH/s, Total shares: 0 Rejected: 0, Time: 03:30
2021-03-09 11:35:23: [Statistics] GPU0 t=52°C fan 31% power 125.10W. Total power: 125.10W
2021-03-09 11:35:28: <info>  New job from eth-eu2.nanopool.org:9433
2021-03-09 11:35:28: [Statistics] Ethereum - Total speed: 60.836 MH/s, Total shares: 0 Rejected: 0, Time: 03:34
2021-03-09 11:35:29: <info>  New job from eth-eu2.nanopool.org:9433
2021-03-09 11:35:29: [Statistics] Ethereum - Total speed: 60.850 MH/s, Total shares: 0 Rejected: 0, Time: 03:36
2021-03-09 11:35:29: [Statistics] GPU0 t=52°C fan 31% power 125.19W. Total power: 125.19W
2021-03-09 11:35:32: <info>  New job from eth-eu2.nanopool.org:9433
2021-03-09 11:35:32: [Statistics] Ethereum - Total speed: 60.517 MH/s, Total shares: 0 Rejected: 0, Time: 03:39
2021-03-09 11:35:32: [Statistics] Ethereum last 10 min - Total: 60.498 MH/s.
2021-03-09 11:35:35: <info>  New job from eth-eu2.nanopool.org:9433
2021-03-09 11:35:35: [Statistics] Ethereum - Total speed: 60.295 MH/s, Total shares: 0 Rejected: 0, Time: 03:42
2021-03-09 11:35:35: [Statistics] GPU0 t=53°C fan 31% power 125.15W. Total power: 125.15W
2021-03-09 11:35:38: <info>  New job from eth-eu2.nanopool.org:9433
2021-03-09 11:35:38: [Statistics] Ethereum - Total speed: 60.197 MH/s, Total shares: 0 Rejected: 0, Time: 03:45
2021-03-09 11:35:41: <info>  New job from eth-eu2.nanopool.org:9433
2021-03-09 11:35:41: [Statistics] Ethereum - Total speed: 60.049 MH/s, Total shares: 0 Rejected: 0, Time: 03:48
2021-03-09 11:35:41: [Statistics] GPU0 t=53°C fan 31% power 124.83W. Total power: 124.83W
2021-03-09 11:35:44: <info>  New job from eth-eu2.nanopool.org:9433
2021-03-09 11:35:44: [Statistics] Ethereum - Total speed: 60.008 MH/s, Total shares: 0 Rejected: 0, Time: 03:51
2021-03-09 11:35:44: [Statistics] Ethereum last 10 min - Total: 60.482 MH/s.
2021-03-09 11:35:47: <info>  New job from eth-eu2.nanopool.org:9433
2021-03-09 11:35:47: [Statistics] Ethereum - Total speed: 60.040 MH/s, Total shares: 0 Rejected: 0, Time: 03:53
2021-03-09 11:35:47: [Statistics] GPU0 t=53°C fan 31% power 125.10W. Total power: 125.10W
2021-03-09 11:35:47: <info>  New job from eth-eu2.nanopool.org:9433
2021-03-09 11:35:47: [Statistics] Ethereum - Total speed: 59.946 MH/s, Total shares: 0 Rejected: 0, Time: 03:54
2021-03-09 11:35:48: <info>  Ethereum - SHARE FOUND (GPU: 0, nonce: 0x7a731cb18ccdfdf4).
2021-03-09 11:35:48: <info> Ethereum: share accepted (47 ms)!
2021-03-09 11:35:48: <info>  New job from eth-eu2.nanopool.org:9433
2021-03-09 11:35:48: [Statistics] Ethereum - Total speed: 59.795 MH/s, Total shares: 1 Rejected: 0, Time: 03:54
2021-03-09 11:35:48: [Statistics] GPU0 t=53°C fan 31% power 125.17W. Total power: 125.17W
2021-03-09 11:35:48: <info>  New job from eth-eu2.nanopool.org:9433
2021-03-09 11:35:48: [Statistics] Ethereum - Total speed: 59.842 MH/s, Total shares: 1 Rejected: 0, Time: 03:55
2021-03-09 11:35:48: [Statistics] Ethereum last 10 min - Total: 60.474 MH/s.
2021-03-09 11:35:52: <info>  New job from eth-eu2.nanopool.org:9433
2021-03-09 11:35:52: [Statistics] Ethereum - Total speed: 59.896 MH/s, Total shares: 1 Rejected: 0, Time: 03:59
2021-03-09 11:35:52: [Statistics] GPU0 t=53°C fan 31% power 125.00W. Total power: 125.00W
2021-03-09 11:35:54: <info>  New job from eth-eu2.nanopool.org:9433
2021-03-09 11:35:54: [Statistics] Ethereum - Total speed: 60.001 MH/s, Total shares: 1 Rejected: 0, Time: 04:00
2021-03-09 11:35:57: <info>  New job from eth-eu2.nanopool.org:9433
2021-03-09 11:35:57: [Statistics] Ethereum - Total speed: 59.912 MH/s, Total shares: 1 Rejected: 0, Time: 04:03
2021-03-09 11:35:57: [Statistics] GPU0 t=53°C fan 31% power 125.21W. Total power: 125.21W
2021-03-09 11:36:00: <info>  New job from eth-eu2.nanopool.org:9433
2021-03-09 11:36:00: [Statistics] Ethereum - Total speed: 60.031 MH/s, Total shares: 1 Rejected: 0, Time: 04:06
2021-03-09 11:36:00: [Statistics] Ethereum last 10 min - Total: 60.447 MH/s.
2021-03-09 11:36:03: <info>  New job from eth-eu2.nanopool.org:9433
2021-03-09 11:36:03: [Statistics] Ethereum - Total speed: 60.134 MH/s, Total shares: 1 Rejected: 0, Time: 04:09
2021-03-09 11:36:03: [Statistics] GPU0 t=53°C fan 31% power 125.22W. Total power: 125.22W
2021-03-09 11:36:06: <info>  New job from eth-eu2.nanopool.org:9433
2021-03-09 11:36:06: [Statistics] Ethereum - Total speed: 60.225 MH/s, Total shares: 1 Rejected: 0, Time: 04:12
2021-03-09 11:36:09: <info>  New job from eth-eu2.nanopool.org:9433
2021-03-09 11:36:09: [Statistics] Ethereum - Total speed: 60.314 MH/s, Total shares: 1 Rejected: 0, Time: 04:15
2021-03-09 11:36:09: [Statistics] GPU0 t=53°C fan 31% power 125.15W. Total power: 125.15W
2021-03-09 11:36:12: <info>  New job from eth-eu2.nanopool.org:9433
2021-03-09 11:36:12: [Statistics] Ethereum - Total speed: 60.392 MH/s, Total shares: 1 Rejected: 0, Time: 04:18
2021-03-09 11:36:12: [Statistics] Ethereum last 10 min - Total: 60.436 MH/s.
2021-03-09 11:36:12: <info>  New job from eth-eu2.nanopool.org:9433
2021-03-09 11:36:12: [Statistics] Ethereum - Total speed: 60.278 MH/s, Total shares: 1 Rejected: 0, Time: 04:18
2021-03-09 11:36:12: [Statistics] GPU0 t=53°C fan 31% power 124.97W. Total power: 124.97W
2021-03-09 11:36:15: <info>  New job from eth-eu2.nanopool.org:9433
2021-03-09 11:36:15: [Statistics] Ethereum - Total speed: 59.851 MH/s, Total shares: 1 Rejected: 0, Time: 04:21
2021-03-09 11:36:18: <info>  New job from eth-eu2.nanopool.org:9433
2021-03-09 11:36:18: [Statistics] Ethereum - Total speed: 59.395 MH/s, Total shares: 1 Rejected: 0, Time: 04:24
2021-03-09 11:36:18: [Statistics] GPU0 t=53°C fan 31% power 125.14W. Total power: 125.14W
2021-03-09 11:36:21: <info>  New job from eth-eu2.nanopool.org:9433
2021-03-09 11:36:21: [Statistics] Ethereum - Total speed: 58.686 MH/s, Total shares: 1 Rejected: 0, Time: 04:27
2021-03-09 11:36:21: [Statistics] Ethereum last 10 min - Total: 60.406 MH/s.
2021-03-09 11:36:24: <info>  New job from eth-eu2.nanopool.org:9433
2021-03-09 11:36:24: [Statistics] Ethereum - Total speed: 58.477 MH/s, Total shares: 1 Rejected: 0, Time: 04:30
2021-03-09 11:36:24: [Statistics] GPU0 t=53°C fan 31% power 125.29W. Total power: 125.29W
2021-03-09 11:36:27: <info>  New job from eth-eu2.nanopool.org:9433
2021-03-09 11:36:27: [Statistics] Ethereum - Total speed: 57.764 MH/s, Total shares: 1 Rejected: 0, Time: 04:33
2021-03-09 11:36:30: <info>  New job from eth-eu2.nanopool.org:9433
2021-03-09 11:36:30: [Statistics] Ethereum - Total speed: 57.613 MH/s, Total shares: 1 Rejected: 0, Time: 04:36
2021-03-09 11:36:30: [Statistics] GPU0 t=53°C fan 31% power 125.17W. Total power: 125.17W
2021-03-09 11:36:33: <info>  New job from eth-eu2.nanopool.org:9433
2021-03-09 11:36:33: [Statistics] Ethereum - Total speed: 57.922 MH/s, Total shares: 1 Rejected: 0, Time: 04:39
2021-03-09 11:36:33: [Statistics] Ethereum last 10 min - Total: 60.301 MH/s.
2021-03-09 11:36:33: <info>  New job from eth-eu2.nanopool.org:9433
2021-03-09 11:36:33: [Statistics] Ethereum - Total speed: 58.217 MH/s, Total shares: 1 Rejected: 0, Time: 04:39
2021-03-09 11:36:33: [Statistics] GPU0 t=53°C fan 31% power 125.31W. Total power: 125.31W
2021-03-09 11:36:36: <info>  New job from eth-eu2.nanopool.org:9433
2021-03-09 11:36:36: [Statistics] Ethereum - Total speed: 58.421 MH/s, Total shares: 1 Rejected: 0, Time: 04:43
2021-03-09 11:36:39: <info>  New job from eth-eu2.nanopool.org:9433
2021-03-09 11:36:39: [Statistics] Ethereum - Total speed: 58.670 MH/s, Total shares: 1 Rejected: 0, Time: 04:45
2021-03-09 11:36:39: [Statistics] GPU0 t=53°C fan 31% power 125.25W. Total power: 125.25W
2021-03-09 11:36:39: <info>  New job from eth-eu2.nanopool.org:9433
2021-03-09 11:36:39: [Statistics] Ethereum - Total speed: 58.899 MH/s, Total shares: 1 Rejected: 0, Time: 04:45
2021-03-09 11:36:39: [Statistics] Ethereum last 10 min - Total: 60.259 MH/s.
2021-03-09 11:36:42: <info>  New job from eth-eu2.nanopool.org:9433
2021-03-09 11:36:42: [Statistics] Ethereum - Total speed: 58.971 MH/s, Total shares: 1 Rejected: 0, Time: 04:48
2021-03-09 11:36:42: [Statistics] GPU0 t=53°C fan 31% power 125.18W. Total power: 125.18W
2021-03-09 11:36:45: <info>  New job from eth-eu2.nanopool.org:9433
2021-03-09 11:36:45: [Statistics] Ethereum - Total speed: 59.170 MH/s, Total shares: 1 Rejected: 0, Time: 04:51
2021-03-09 11:36:48: <info>  New job from eth-eu2.nanopool.org:9433
2021-03-09 11:36:48: [Statistics] Ethereum - Total speed: 59.346 MH/s, Total shares: 1 Rejected: 0, Time: 04:54
2021-03-09 11:36:48: [Statistics] GPU0 t=53°C fan 31% power 125.15W. Total power: 125.15W
2021-03-09 11:36:51: <info>  New job from eth-eu2.nanopool.org:9433
2021-03-09 11:36:51: [Statistics] Ethereum - Total speed: 59.347 MH/s, Total shares: 1 Rejected: 0, Time: 04:57
2021-03-09 11:36:51: [Statistics] Ethereum last 10 min - Total: 60.213 MH/s.
2021-03-09 11:36:54: <info>  New job from eth-eu2.nanopool.org:9433
2021-03-09 11:36:54: [Statistics] Ethereum - Total speed: 59.475 MH/s, Total shares: 1 Rejected: 0, Time: 05:00
2021-03-09 11:36:54: [Statistics] GPU0 t=53°C fan 31% power 125.21W. Total power: 125.21W
2021-03-09 11:36:57: <info>  New job from eth-eu2.nanopool.org:9433
2021-03-09 11:36:57: [Statistics] Ethereum - Total speed: 59.548 MH/s, Total shares: 1 Rejected: 0, Time: 05:03
2021-03-09 11:37:00: <info>  New job from eth-eu2.nanopool.org:9433
2021-03-09 11:37:00: [Statistics] Ethereum - Total speed: 59.592 MH/s, Total shares: 1 Rejected: 0, Time: 05:06
2021-03-09 11:37:00: [Statistics] GPU0 t=53°C fan 31% power 125.37W. Total power: 125.37W
2021-03-09 11:37:03: <info>  New job from eth-eu2.nanopool.org:9433
2021-03-09 11:37:03: [Statistics] Ethereum - Total speed: 59.644 MH/s, Total shares: 1 Rejected: 0, Time: 05:09
2021-03-09 11:37:03: [Statistics] Ethereum last 10 min - Total: 60.186 MH/s.
2021-03-09 11:37:06: <info>  New job from eth-eu2.nanopool.org:9433
2021-03-09 11:37:06: [Statistics] Ethereum - Total speed: 59.655 MH/s, Total shares: 1 Rejected: 0, Time: 05:12
2021-03-09 11:37:06: [Statistics] GPU0 t=53°C fan 31% power 124.91W. Total power: 124.91W
2021-03-09 11:37:07: <info>  New job from eth-eu2.nanopool.org:9433
2021-03-09 11:37:07: [Statistics] Ethereum - Total speed: 59.748 MH/s, Total shares: 1 Rejected: 0, Time: 05:13
2021-03-09 11:37:07: <info>  New job from eth-eu2.nanopool.org:9433
2021-03-09 11:37:07: [Statistics] Ethereum - Total speed: 59.748 MH/s, Total shares: 1 Rejected: 0, Time: 05:13
2021-03-09 11:37:07: [Statistics] GPU0 t=53°C fan 31% power 125.13W. Total power: 125.13W
2021-03-09 11:37:10: <info>  New job from eth-eu2.nanopool.org:9433
2021-03-09 11:37:10: [Statistics] Ethereum - Total speed: 59.803 MH/s, Total shares: 1 Rejected: 0, Time: 05:16
2021-03-09 11:37:10: [Statistics] Ethereum last 10 min - Total: 60.175 MH/s.
2021-03-09 11:37:13: <info>  New job from eth-eu2.nanopool.org:9433
2021-03-09 11:37:13: [Statistics] Ethereum - Total speed: 59.852 MH/s, Total shares: 1 Rejected: 0, Time: 05:19
2021-03-09 11:37:13: [Statistics] GPU0 t=53°C fan 31% power 124.78W. Total power: 124.78W
2021-03-09 11:37:16: <info>  New job from eth-eu2.nanopool.org:9433
2021-03-09 11:37:16: [Statistics] Ethereum - Total speed: 59.887 MH/s, Total shares: 1 Rejected: 0, Time: 05:22
2021-03-09 11:37:19: <info>  New job from eth-eu2.nanopool.org:9433
2021-03-09 11:37:19: [Statistics] Ethereum - Total speed: 59.935 MH/s, Total shares: 1 Rejected: 0, Time: 05:25
2021-03-09 11:37:19: [Statistics] GPU0 t=53°C fan 31% power 125.15W. Total power: 125.15W
2021-03-09 11:37:22: <info>  New job from eth-eu2.nanopool.org:9433
2021-03-09 11:37:22: [Statistics] Ethereum - Total speed: 59.954 MH/s, Total shares: 1 Rejected: 0, Time: 05:28
2021-03-09 11:37:22: [Statistics] Ethereum last 10 min - Total: 60.164 MH/s.
2021-03-09 11:37:25: <info>  New job from eth-eu2.nanopool.org:9433
2021-03-09 11:37:25: [Statistics] Ethereum - Total speed: 59.980 MH/s, Total shares: 1 Rejected: 0, Time: 05:31
2021-03-09 11:37:25: [Statistics] GPU0 t=53°C fan 31% power 125.21W. Total power: 125.21W
2021-03-09 11:37:28: <info>  New job from eth-eu2.nanopool.org:9433
2021-03-09 11:37:28: [Statistics] Ethereum - Total speed: 60.058 MH/s, Total shares: 1 Rejected: 0, Time: 05:34
2021-03-09 11:37:31: <info>  New job from eth-eu2.nanopool.org:9433
2021-03-09 11:37:31: [Statistics] Ethereum - Total speed: 60.010 MH/s, Total shares: 1 Rejected: 0, Time: 05:37
2021-03-09 11:37:31: [Statistics] GPU0 t=53°C fan 31% power 125.27W. Total power: 125.27W
2021-03-09 11:37:34: <info>  New job from eth-eu2.nanopool.org:9433
2021-03-09 11:37:34: [Statistics] Ethereum - Total speed: 60.017 MH/s, Total shares: 1 Rejected: 0, Time: 05:40
2021-03-09 11:37:34: [Statistics] Ethereum last 10 min - Total: 60.158 MH/s.
2021-03-09 11:37:37: <info>  New job from eth-eu2.nanopool.org:9433
2021-03-09 11:37:37: [Statistics] Ethereum - Total speed: 60.099 MH/s, Total shares: 1 Rejected: 0, Time: 05:43
2021-03-09 11:37:37: [Statistics] GPU0 t=53°C fan 31% power 125.25W. Total power: 125.25W
2021-03-09 11:37:40: <info>  New job from eth-eu2.nanopool.org:9433
2021-03-09 11:37:40: [Statistics] Ethereum - Total speed: 60.181 MH/s, Total shares: 1 Rejected: 0, Time: 05:46
2021-03-09 11:37:41: <info>  New job from eth-eu2.nanopool.org:9433
2021-03-09 11:37:41: [Statistics] Ethereum - Total speed: 60.253 MH/s, Total shares: 1 Rejected: 0, Time: 05:48
2021-03-09 11:37:41: [Statistics] GPU0 t=53°C fan 31% power 125.10W. Total power: 125.10W
2021-03-09 11:37:41: <info>  New job from eth-eu2.nanopool.org:9433
2021-03-09 11:37:41: [Statistics] Ethereum - Total speed: 60.295 MH/s, Total shares: 1 Rejected: 0, Time: 05:48
2021-03-09 11:37:41: [Statistics] Ethereum last 10 min - Total: 60.158 MH/s.
2021-03-09 11:37:44: <info>  New job from eth-eu2.nanopool.org:9433
2021-03-09 11:37:44: [Statistics] Ethereum - Total speed: 60.165 MH/s, Total shares: 1 Rejected: 0, Time: 05:51
2021-03-09 11:37:44: [Statistics] GPU0 t=53°C fan 31% power 125.33W. Total power: 125.33W
2021-03-09 11:37:48: <info>  New job from eth-eu2.nanopool.org:9433
2021-03-09 11:37:48: [Statistics] Ethereum - Total speed: 60.245 MH/s, Total shares: 1 Rejected: 0, Time: 05:54
2021-03-09 11:37:50: <info>  New job from eth-eu2.nanopool.org:9433
2021-03-09 11:37:50: [Statistics] Ethereum - Total speed: 60.320 MH/s, Total shares: 1 Rejected: 0, Time: 05:57
2021-03-09 11:37:50: [Statistics] GPU0 t=53°C fan 31% power 124.98W. Total power: 124.98W
2021-03-09 11:37:51: <info>  New job from eth-eu2.nanopool.org:9433
2021-03-09 11:37:51: [Statistics] Ethereum - Total speed: 60.381 MH/s, Total shares: 1 Rejected: 0, Time: 05:57
2021-03-09 11:37:51: [Statistics] Ethereum last 10 min - Total: 60.160 MH/s.
2021-03-09 11:37:51: <info>  New job from eth-eu2.nanopool.org:9433
2021-03-09 11:37:51: [Statistics] Ethereum - Total speed: 60.429 MH/s, Total shares: 1 Rejected: 0, Time: 05:57
2021-03-09 11:37:51: [Statistics] GPU0 t=53°C fan 31% power 125.19W. Total power: 125.19W
2021-03-09 11:37:54: <info>  New job from eth-eu2.nanopool.org:9433
2021-03-09 11:37:54: [Statistics] Ethereum - Total speed: 60.396 MH/s, Total shares: 1 Rejected: 0, Time: 06:00
2021-03-09 11:37:57: <info>  New job from eth-eu2.nanopool.org:9433
2021-03-09 11:37:57: [Statistics] Ethereum - Total speed: 60.448 MH/s, Total shares: 1 Rejected: 0, Time: 06:03
2021-03-09 11:37:57: [Statistics] GPU0 t=53°C fan 31% power 125.23W. Total power: 125.23W
2021-03-09 11:38:00: <info>  New job from eth-eu2.nanopool.org:9433
2021-03-09 11:38:00: [Statistics] Ethereum - Total speed: 60.502 MH/s, Total shares: 1 Rejected: 0, Time: 06:06
2021-03-09 11:38:00: [Statistics] Ethereum last 10 min - Total: 60.167 MH/s.
2021-03-09 11:38:03: <info>  New job from eth-eu2.nanopool.org:9433
2021-03-09 11:38:03: [Statistics] Ethereum - Total speed: 60.544 MH/s, Total shares: 1 Rejected: 0, Time: 06:09
2021-03-09 11:38:03: [Statistics] GPU0 t=53°C fan 31% power 125.30W. Total power: 125.30W
2021-03-09 11:38:06: <info>  New job from eth-eu2.nanopool.org:9433
2021-03-09 11:38:06: [Statistics] Ethereum - Total speed: 60.573 MH/s, Total shares: 1 Rejected: 0, Time: 06:12
2021-03-09 11:38:09: <info>  New job from eth-eu2.nanopool.org:9433
2021-03-09 11:38:09: [Statistics] Ethereum - Total speed: 60.607 MH/s, Total shares: 1 Rejected: 0, Time: 06:15
2021-03-09 11:38:09: [Statistics] GPU0 t=53°C fan 31% power 125.23W. Total power: 125.23W
2021-03-09 11:38:11: <info>  New job from eth-eu2.nanopool.org:9433
2021-03-09 11:38:11: [Statistics] Ethereum - Total speed: 60.637 MH/s, Total shares: 1 Rejected: 0, Time: 06:18
2021-03-09 11:38:11: [Statistics] Ethereum last 10 min - Total: 60.180 MH/s.
2021-03-09 11:38:14: <info>  New job from eth-eu2.nanopool.org:9433
2021-03-09 11:38:14: [Statistics] Ethereum - Total speed: 60.665 MH/s, Total shares: 1 Rejected: 0, Time: 06:20
2021-03-09 11:38:14: [Statistics] GPU0 t=53°C fan 31% power 125.14W. Total power: 125.14W
2021-03-09 11:38:15: <info>  New job from eth-eu2.nanopool.org:9433
2021-03-09 11:38:15: [Statistics] Ethereum - Total speed: 60.693 MH/s, Total shares: 1 Rejected: 0, Time: 06:21
2021-03-09 11:38:18: <info>  New job from eth-eu2.nanopool.org:9433
2021-03-09 11:38:18: [Statistics] Ethereum - Total speed: 60.704 MH/s, Total shares: 1 Rejected: 0, Time: 06:24
2021-03-09 11:38:18: [Statistics] GPU0 t=53°C fan 31% power 125.31W. Total power: 125.31W
2021-03-09 11:38:21: <info>  New job from eth-eu2.nanopool.org:9433
2021-03-09 11:38:21: [Statistics] Ethereum - Total speed: 60.726 MH/s, Total shares: 1 Rejected: 0, Time: 06:27
2021-03-09 11:38:21: [Statistics] Ethereum last 10 min - Total: 60.192 MH/s.
2021-03-09 11:38:24: <info>  New job from eth-eu2.nanopool.org:9433
2021-03-09 11:38:24: [Statistics] Ethereum - Total speed: 60.747 MH/s, Total shares: 1 Rejected: 0, Time: 06:30
2021-03-09 11:38:24: [Statistics] GPU0 t=53°C fan 31% power 125.32W. Total power: 125.32W
2021-03-09 11:38:27: <info>  New job from eth-eu2.nanopool.org:9433
2021-03-09 11:38:27: [Statistics] Ethereum - Total speed: 60.768 MH/s, Total shares: 1 Rejected: 0, Time: 06:33
2021-03-09 11:38:30: <info>  New job from eth-eu2.nanopool.org:9433
2021-03-09 11:38:30: [Statistics] Ethereum - Total speed: 60.787 MH/s, Total shares: 1 Rejected: 0, Time: 06:36
2021-03-09 11:38:30: [Statistics] GPU0 t=53°C fan 31% power 124.93W. Total power: 124.93W
2021-03-09 11:38:33: <info>  New job from eth-eu2.nanopool.org:9433
2021-03-09 11:38:33: [Statistics] Ethereum - Total speed: 60.805 MH/s, Total shares: 1 Rejected: 0, Time: 06:39
2021-03-09 11:38:33: [Statistics] Ethereum last 10 min - Total: 60.210 MH/s.
2021-03-09 11:38:36: <info>  New job from eth-eu2.nanopool.org:9433
2021-03-09 11:38:36: [Statistics] Ethereum - Total speed: 60.822 MH/s, Total shares: 1 Rejected: 0, Time: 06:42
2021-03-09 11:38:36: [Statistics] GPU0 t=53°C fan 31% power 125.05W. Total power: 125.05W
2021-03-09 11:38:39: <info>  New job from eth-eu2.nanopool.org:9433
2021-03-09 11:38:39: [Statistics] Ethereum - Total speed: 60.747 MH/s, Total shares: 1 Rejected: 0, Time: 06:45
2021-03-09 11:38:42: <info>  New job from eth-eu2.nanopool.org:9433
2021-03-09 11:38:42: [Statistics] Ethereum - Total speed: 60.699 MH/s, Total shares: 1 Rejected: 0, Time: 06:48
2021-03-09 11:38:42: [Statistics] GPU0 t=53°C fan 31% power 125.11W. Total power: 125.11W
2021-03-09 11:38:45: <info>  New job from eth-eu2.nanopool.org:9433
2021-03-09 11:38:45: [Statistics] Ethereum - Total speed: 60.375 MH/s, Total shares: 1 Rejected: 0, Time: 06:51
2021-03-09 11:38:45: [Statistics] Ethereum last 10 min - Total: 60.225 MH/s.
2021-03-09 11:38:45: <info>  New job from eth-eu2.nanopool.org:9433
2021-03-09 11:38:45: [Statistics] Ethereum - Total speed: 60.333 MH/s, Total shares: 1 Rejected: 0, Time: 06:51
2021-03-09 11:38:45: [Statistics] GPU0 t=54°C fan 31% power 125.15W. Total power: 125.15W
2021-03-09 11:38:48: <info>  New job from eth-eu2.nanopool.org:9433
2021-03-09 11:38:48: [Statistics] Ethereum - Total speed: 60.124 MH/s, Total shares: 1 Rejected: 0, Time: 06:54
2021-03-09 11:38:51: <info>  New job from eth-eu2.nanopool.org:9433
2021-03-09 11:38:51: [Statistics] Ethereum - Total speed: 60.136 MH/s, Total shares: 1 Rejected: 0, Time: 06:57
2021-03-09 11:38:51: [Statistics] GPU0 t=53°C fan 31% power 125.17W. Total power: 125.17W
2021-03-09 11:38:54: <info>  New job from eth-eu2.nanopool.org:9433
2021-03-09 11:38:54: [Statistics] Ethereum - Total speed: 60.180 MH/s, Total shares: 1 Rejected: 0, Time: 07:00
2021-03-09 11:38:54: [Statistics] Ethereum last 10 min - Total: 60.224 MH/s.
2021-03-09 11:38:58: <info>  New job from eth-eu2.nanopool.org:9433
2021-03-09 11:38:58: [Statistics] Ethereum - Total speed: 60.197 MH/s, Total shares: 1 Rejected: 0, Time: 07:04
2021-03-09 11:38:58: [Statistics] GPU0 t=54°C fan 31% power 125.29W. Total power: 125.29W
2021-03-09 11:38:58: <info>  New job from eth-eu2.nanopool.org:9433
2021-03-09 11:38:58: [Statistics] Ethereum - Total speed: 60.110 MH/s, Total shares: 1 Rejected: 0, Time: 07:05
2021-03-09 11:39:01: <info>  New job from eth-eu2.nanopool.org:9433
2021-03-09 11:39:01: [Statistics] Ethereum - Total speed: 60.118 MH/s, Total shares: 1 Rejected: 0, Time: 07:07
2021-03-09 11:39:01: [Statistics] GPU0 t=53°C fan 31% power 124.90W. Total power: 124.90W
2021-03-09 11:39:04: <info>  New job from eth-eu2.nanopool.org:9433
2021-03-09 11:39:04: [Statistics] Ethereum - Total speed: 60.053 MH/s, Total shares: 1 Rejected: 0, Time: 07:10
2021-03-09 11:39:04: [Statistics] Ethereum last 10 min - Total: 60.222 MH/s.
2021-03-09 11:39:06: <info>  New job from eth-eu2.nanopool.org:9433
2021-03-09 11:39:06: [Statistics] Ethereum - Total speed: 60.005 MH/s, Total shares: 1 Rejected: 0, Time: 07:13
2021-03-09 11:39:06: [Statistics] GPU0 t=54°C fan 31% power 125.32W. Total power: 125.32W
2021-03-09 11:39:06: <info>  New job from eth-eu2.nanopool.org:9433
2021-03-09 11:39:06: [Statistics] Ethereum - Total speed: 60.044 MH/s, Total shares: 1 Rejected: 0, Time: 07:13
2021-03-09 11:39:08: <info>  New job from eth-eu2.nanopool.org:9433
2021-03-09 11:39:08: [Statistics] Ethereum - Total speed: 60.035 MH/s, Total shares: 1 Rejected: 0, Time: 07:14
2021-03-09 11:39:08: [Statistics] GPU0 t=54°C fan 31% power 125.33W. Total power: 125.33W
2021-03-09 11:39:09: <info>  New job from eth-eu2.nanopool.org:9433
2021-03-09 11:39:09: [Statistics] Ethereum - Total speed: 60.079 MH/s, Total shares: 1 Rejected: 0, Time: 07:15
2021-03-09 11:39:09: [Statistics] Ethereum last 10 min - Total: 60.220 MH/s.
2021-03-09 11:39:11: <info>  New job from eth-eu2.nanopool.org:9433
2021-03-09 11:39:11: [Statistics] Ethereum - Total speed: 60.071 MH/s, Total shares: 1 Rejected: 0, Time: 07:18
2021-03-09 11:39:11: [Statistics] GPU0 t=54°C fan 31% power 125.29W. Total power: 125.29W
2021-03-09 11:39:13: <info>  New job from eth-eu2.nanopool.org:9433
2021-03-09 11:39:13: [Statistics] Ethereum - Total speed: 59.847 MH/s, Total shares: 1 Rejected: 0, Time: 07:19
2021-03-09 11:39:13: <info>  New job from eth-eu2.nanopool.org:9433
2021-03-09 11:39:13: [Statistics] Ethereum - Total speed: 59.839 MH/s, Total shares: 1 Rejected: 0, Time: 07:19
2021-03-09 11:39:13: [Statistics] GPU0 t=54°C fan 31% power 125.08W. Total power: 125.08W
2021-03-09 11:39:16: <info>  New job from eth-eu2.nanopool.org:9433
2021-03-09 11:39:16: [Statistics] Ethereum - Total speed: 59.754 MH/s, Total shares: 1 Rejected: 0, Time: 07:22
2021-03-09 11:39:16: [Statistics] Ethereum last 10 min - Total: 60.215 MH/s.
2021-03-09 11:39:19: <info>  New job from eth-eu2.nanopool.org:9433
2021-03-09 11:39:19: [Statistics] Ethereum - Total speed: 59.867 MH/s, Total shares: 1 Rejected: 0, Time: 07:25
2021-03-09 11:39:19: [Statistics] GPU0 t=54°C fan 31% power 125.27W. Total power: 125.27W
2021-03-09 11:39:20: <info>  New job from eth-eu2.nanopool.org:9433
2021-03-09 11:39:20: [Statistics] Ethereum - Total speed: 59.877 MH/s, Total shares: 1 Rejected: 0, Time: 07:26
2021-03-09 11:39:20: <info>  New job from eth-eu2.nanopool.org:9433
2021-03-09 11:39:20: [Statistics] Ethereum - Total speed: 59.947 MH/s, Total shares: 1 Rejected: 0, Time: 07:26
2021-03-09 11:39:20: [Statistics] GPU0 t=53°C fan 31% power 125.29W. Total power: 125.29W
2021-03-09 11:39:22: <info>  New job from eth-eu2.nanopool.org:9433
2021-03-09 11:39:22: [Statistics] Ethereum - Total speed: 59.907 MH/s, Total shares: 1 Rejected: 0, Time: 07:28
2021-03-09 11:39:22: [Statistics] Ethereum last 10 min - Total: 60.210 MH/s.
2021-03-09 11:39:22: <info>  New job from eth-eu2.nanopool.org:9433
2021-03-09 11:39:22: [Statistics] Ethereum - Total speed: 59.949 MH/s, Total shares: 1 Rejected: 0, Time: 07:28
2021-03-09 11:39:22: [Statistics] GPU0 t=54°C fan 31% power 125.23W. Total power: 125.23W
2021-03-09 11:39:26: <info>  New job from eth-eu2.nanopool.org:9433
2021-03-09 11:39:26: [Statistics] Ethereum - Total speed: 59.943 MH/s, Total shares: 1 Rejected: 0, Time: 07:32
2021-03-09 11:39:28: <info>  New job from eth-eu2.nanopool.org:9433
2021-03-09 11:39:28: [Statistics] Ethereum - Total speed: 59.992 MH/s, Total shares: 1 Rejected: 0, Time: 07:34
2021-03-09 11:39:28: [Statistics] GPU0 t=54°C fan 31% power 125.11W. Total power: 125.11W
2021-03-09 11:39:28: <info>  New job from eth-eu2.nanopool.org:9433
2021-03-09 11:39:28: [Statistics] Ethereum - Total speed: 60.000 MH/s, Total shares: 1 Rejected: 0, Time: 07:35
2021-03-09 11:39:28: [Statistics] Ethereum last 10 min - Total: 60.206 MH/s.
2021-03-09 11:39:29: <info>  New job from eth-eu2.nanopool.org:9433
2021-03-09 11:39:29: [Statistics] Ethereum - Total speed: 60.040 MH/s, Total shares: 1 Rejected: 0, Time: 07:35
2021-03-09 11:39:29: [Statistics] GPU0 t=54°C fan 31% power 125.24W. Total power: 125.24W
2021-03-09 11:39:32: <info>  New job from eth-eu2.nanopool.org:9433
2021-03-09 11:39:32: [Statistics] Ethereum - Total speed: 60.079 MH/s, Total shares: 1 Rejected: 0, Time: 07:38
2021-03-09 11:39:33: <info>  New job from eth-eu2.nanopool.org:9433
2021-03-09 11:39:33: [Statistics] Ethereum - Total speed: 60.026 MH/s, Total shares: 1 Rejected: 0, Time: 07:39
2021-03-09 11:39:33: [Statistics] GPU0 t=54°C fan 31% power 125.27W. Total power: 125.27W
2021-03-09 11:39:33: <info>  New job from eth-eu2.nanopool.org:9433
2021-03-09 11:39:33: [Statistics] Ethereum - Total speed: 60.090 MH/s, Total shares: 1 Rejected: 0, Time: 07:39
2021-03-09 11:39:33: [Statistics] Ethereum last 10 min - Total: 60.205 MH/s.
2021-03-09 11:39:36: <info>  New job from eth-eu2.nanopool.org:9433
2021-03-09 11:39:36: [Statistics] Ethereum - Total speed: 59.755 MH/s, Total shares: 1 Rejected: 0, Time: 07:42
2021-03-09 11:39:36: [Statistics] GPU0 t=54°C fan 31% power 124.95W. Total power: 124.95W
2021-03-09 11:39:39: <info>  New job from eth-eu2.nanopool.org:9433
2021-03-09 11:39:39: [Statistics] Ethereum - Total speed: 59.842 MH/s, Total shares: 1 Rejected: 0, Time: 07:46
2021-03-09 11:39:42: <info>  New job from eth-eu2.nanopool.org:9433
2021-03-09 11:39:42: [Statistics] Ethereum - Total speed: 59.910 MH/s, Total shares: 1 Rejected: 0, Time: 07:48
2021-03-09 11:39:42: [Statistics] GPU0 t=54°C fan 31% power 124.96W. Total power: 124.96W
2021-03-09 11:39:45: <info>  New job from eth-eu2.nanopool.org:9433
2021-03-09 11:39:45: [Statistics] Ethereum - Total speed: 59.881 MH/s, Total shares: 1 Rejected: 0, Time: 07:51
2021-03-09 11:39:45: [Statistics] Ethereum last 10 min - Total: 60.196 MH/s.
2021-03-09 11:39:48: <info>  New job from eth-eu2.nanopool.org:9433
2021-03-09 11:39:48: [Statistics] Ethereum - Total speed: 59.815 MH/s, Total shares: 1 Rejected: 0, Time: 07:54
2021-03-09 11:39:48: [Statistics] GPU0 t=54°C fan 31% power 125.26W. Total power: 125.26W
2021-03-09 11:39:51: <info>  New job from eth-eu2.nanopool.org:9433
2021-03-09 11:39:51: [Statistics] Ethereum - Total speed: 59.858 MH/s, Total shares: 1 Rejected: 0, Time: 07:57
2021-03-09 11:39:54: <info>  New job from eth-eu2.nanopool.org:9433
2021-03-09 11:39:54: [Statistics] Ethereum - Total speed: 59.930 MH/s, Total shares: 1 Rejected: 0, Time: 08:00
2021-03-09 11:39:54: [Statistics] GPU0 t=54°C fan 31% power 125.07W. Total power: 125.07W
2021-03-09 11:39:57: <info>  New job from eth-eu2.nanopool.org:9433
2021-03-09 11:39:57: [Statistics] Ethereum - Total speed: 59.943 MH/s, Total shares: 1 Rejected: 0, Time: 08:03
2021-03-09 11:39:57: [Statistics] Ethereum last 10 min - Total: 60.188 MH/s.
2021-03-09 11:39:58: <info>  New job from eth-eu2.nanopool.org:9433
2021-03-09 11:39:58: [Statistics] Ethereum - Total speed: 59.953 MH/s, Total shares: 1 Rejected: 0, Time: 08:05
2021-03-09 11:39:58: [Statistics] GPU0 t=54°C fan 31% power 125.32W. Total power: 125.32W
2021-03-09 11:39:59: <info>  New job from eth-eu2.nanopool.org:9433
2021-03-09 11:39:59: [Statistics] Ethereum - Total speed: 60.042 MH/s, Total shares: 1 Rejected: 0, Time: 08:05
2021-03-09 11:40:02: <info>  New job from eth-eu2.nanopool.org:9433
2021-03-09 11:40:02: [Statistics] Ethereum - Total speed: 59.909 MH/s, Total shares: 1 Rejected: 0, Time: 08:08
2021-03-09 11:40:02: [Statistics] GPU0 t=54°C fan 31% power 125.22W. Total power: 125.22W
2021-03-09 11:40:05: <info>  New job from eth-eu2.nanopool.org:9433
2021-03-09 11:40:05: [Statistics] Ethereum - Total speed: 59.964 MH/s, Total shares: 1 Rejected: 0, Time: 08:11
2021-03-09 11:40:05: [Statistics] Ethereum last 10 min - Total: 60.184 MH/s.
2021-03-09 11:40:08: <info>  New job from eth-eu2.nanopool.org:9433
2021-03-09 11:40:08: [Statistics] Ethereum - Total speed: 59.812 MH/s, Total shares: 1 Rejected: 0, Time: 08:14
2021-03-09 11:40:08: [Statistics] GPU0 t=54°C fan 31% power 125.02W. Total power: 125.02W
2021-03-09 11:40:11: <info>  New job from eth-eu2.nanopool.org:9433
2021-03-09 11:40:11: [Statistics] Ethereum - Total speed: 59.774 MH/s, Total shares: 1 Rejected: 0, Time: 08:17
2021-03-09 11:40:14: <info>  New job from eth-eu2.nanopool.org:9433
2021-03-09 11:40:14: [Statistics] Ethereum - Total speed: 59.821 MH/s, Total shares: 1 Rejected: 0, Time: 08:20
2021-03-09 11:40:14: [Statistics] GPU0 t=54°C fan 31% power 125.18W. Total power: 125.18W
2021-03-09 11:40:17: <info>  New job from eth-eu2.nanopool.org:9433
2021-03-09 11:40:17: [Statistics] Ethereum - Total speed: 59.833 MH/s, Total shares: 1 Rejected: 0, Time: 08:23
2021-03-09 11:40:17: [Statistics] Ethereum last 10 min - Total: 60.176 MH/s.
2021-03-09 11:40:20: <info>  New job from eth-eu2.nanopool.org:9433
2021-03-09 11:40:20: [Statistics] Ethereum - Total speed: 59.921 MH/s, Total shares: 1 Rejected: 0, Time: 08:26
2021-03-09 11:40:20: [Statistics] GPU0 t=54°C fan 31% power 124.73W. Total power: 124.73W
2021-03-09 11:40:23: <info>  New job from eth-eu2.nanopool.org:9433
2021-03-09 11:40:23: [Statistics] Ethereum - Total speed: 59.915 MH/s, Total shares: 1 Rejected: 0, Time: 08:29
2021-03-09 11:40:24: <info>  New job from eth-eu2.nanopool.org:9433
2021-03-09 11:40:24: [Statistics] Ethereum - Total speed: 59.727 MH/s, Total shares: 1 Rejected: 0, Time: 08:31
2021-03-09 11:40:24: [Statistics] GPU0 t=54°C fan 31% power 124.99W. Total power: 124.99W
2021-03-09 11:40:24: <info>  New job from eth-eu2.nanopool.org:9433
2021-03-09 11:40:24: [Statistics] Ethereum - Total speed: 59.818 MH/s, Total shares: 1 Rejected: 0, Time: 08:31
2021-03-09 11:40:24: [Statistics] Ethereum last 10 min - Total: 60.171 MH/s.
2021-03-09 11:40:28: <info>  New job from eth-eu2.nanopool.org:9433
2021-03-09 11:40:28: [Statistics] Ethereum - Total speed: 59.883 MH/s, Total shares: 1 Rejected: 0, Time: 08:35
2021-03-09 11:40:28: [Statistics] GPU0 t=54°C fan 31% power 125.30W. Total power: 125.30W
2021-03-09 11:40:30: <info>  New job from eth-eu2.nanopool.org:9433
2021-03-09 11:40:30: [Statistics] Ethereum - Total speed: 59.953 MH/s, Total shares: 1 Rejected: 0, Time: 08:37
2021-03-09 11:40:32: <info>  New job from eth-eu2.nanopool.org:9433
2021-03-09 11:40:32: [Statistics] Ethereum - Total speed: 59.871 MH/s, Total shares: 1 Rejected: 0, Time: 08:38
2021-03-09 11:40:32: [Statistics] GPU0 t=54°C fan 31% power 125.25W. Total power: 125.25W
2021-03-09 11:40:32: <info>  New job from eth-eu2.nanopool.org:9433
2021-03-09 11:40:32: [Statistics] Ethereum - Total speed: 59.833 MH/s, Total shares: 1 Rejected: 0, Time: 08:38
2021-03-09 11:40:32: [Statistics] Ethereum last 10 min - Total: 60.167 MH/s.
2021-03-09 11:40:35: <info>  New job from eth-eu2.nanopool.org:9433
2021-03-09 11:40:35: [Statistics] Ethereum - Total speed: 59.872 MH/s, Total shares: 1 Rejected: 0, Time: 08:41
2021-03-09 11:40:35: [Statistics] GPU0 t=54°C fan 31% power 125.06W. Total power: 125.06W
2021-03-09 11:40:36: <info>  New job from eth-eu2.nanopool.org:9433
2021-03-09 11:40:36: [Statistics] Ethereum - Total speed: 59.833 MH/s, Total shares: 1 Rejected: 0, Time: 08:43
2021-03-09 11:40:36: <info>  New job from eth-eu2.nanopool.org:9433
2021-03-09 11:40:36: [Statistics] Ethereum - Total speed: 59.915 MH/s, Total shares: 1 Rejected: 0, Time: 08:43
2021-03-09 11:40:36: [Statistics] GPU0 t=54°C fan 31% power 125.25W. Total power: 125.25W
2021-03-09 11:40:38: <info>  New job from eth-eu2.nanopool.org:9433
2021-03-09 11:40:38: [Statistics] Ethereum - Total speed: 59.877 MH/s, Total shares: 1 Rejected: 0, Time: 08:45
2021-03-09 11:40:38: [Statistics] Ethereum last 10 min - Total: 60.163 MH/s.
2021-03-09 11:40:39: <info>  New job from eth-eu2.nanopool.org:9433
2021-03-09 11:40:39: [Statistics] Ethereum - Total speed: 59.767 MH/s, Total shares: 1 Rejected: 0, Time: 08:45
2021-03-09 11:40:39: [Statistics] GPU0 t=54°C fan 31% power 125.16W. Total power: 125.16W
2021-03-09 11:40:42: <info>  New job from eth-eu2.nanopool.org:9433
2021-03-09 11:40:42: [Statistics] Ethereum - Total speed: 59.832 MH/s, Total shares: 1 Rejected: 0, Time: 08:48
2021-03-09 11:40:42: <info>  New job from eth-eu2.nanopool.org:9433
2021-03-09 11:40:42: [Statistics] Ethereum - Total speed: 59.889 MH/s, Total shares: 1 Rejected: 0, Time: 08:49
2021-03-09 11:40:42: [Statistics] GPU0 t=54°C fan 31% power 125.19W. Total power: 125.19W
2021-03-09 11:40:45: <info>  New job from eth-eu2.nanopool.org:9433
2021-03-09 11:40:45: [Statistics] Ethereum - Total speed: 59.876 MH/s, Total shares: 1 Rejected: 0, Time: 08:52
2021-03-09 11:40:45: [Statistics] Ethereum last 10 min - Total: 60.159 MH/s.
2021-03-09 11:40:45: <info>  New job from eth-eu2.nanopool.org:9433
2021-03-09 11:40:45: [Statistics] Ethereum - Total speed: 59.876 MH/s, Total shares: 1 Rejected: 0, Time: 08:52
2021-03-09 11:40:45: [Statistics] GPU0 t=54°C fan 31% power 125.33W. Total power: 125.33W
2021-03-09 11:40:46: <info>  New job from eth-eu2.nanopool.org:9433
2021-03-09 11:40:46: [Statistics] Ethereum - Total speed: 59.927 MH/s, Total shares: 1 Rejected: 0, Time: 08:52
2021-03-09 11:40:49: <info>  New job from eth-eu2.nanopool.org:9433
2021-03-09 11:40:49: [Statistics] Ethereum - Total speed: 59.833 MH/s, Total shares: 1 Rejected: 0, Time: 08:55
2021-03-09 11:40:49: [Statistics] GPU0 t=54°C fan 31% power 125.33W. Total power: 125.33W
2021-03-09 11:40:52: <info>  New job from eth-eu2.nanopool.org:9433
2021-03-09 11:40:52: [Statistics] Ethereum - Total speed: 59.917 MH/s, Total shares: 1 Rejected: 0, Time: 08:58
2021-03-09 11:40:52: [Statistics] Ethereum last 10 min - Total: 60.155 MH/s.
2021-03-09 11:40:54: <info>  New job from eth-eu2.nanopool.org:9433
2021-03-09 11:40:54: [Statistics] Ethereum - Total speed: 59.958 MH/s, Total shares: 1 Rejected: 0, Time: 09:00
2021-03-09 11:40:54: [Statistics] GPU0 t=54°C fan 31% power 125.21W. Total power: 125.21W
2021-03-09 11:40:54: <info>  New job from eth-eu2.nanopool.org:9433
2021-03-09 11:40:54: [Statistics] Ethereum - Total speed: 59.701 MH/s, Total shares: 1 Rejected: 0, Time: 09:00
2021-03-09 11:40:57: <info>  New job from eth-eu2.nanopool.org:9433
2021-03-09 11:40:57: [Statistics] Ethereum - Total speed: 59.625 MH/s, Total shares: 1 Rejected: 0, Time: 09:03
2021-03-09 11:40:57: [Statistics] GPU0 t=54°C fan 31% power 124.95W. Total power: 124.95W
2021-03-09 11:41:00: <info>  New job from eth-eu2.nanopool.org:9433
2021-03-09 11:41:00: [Statistics] Ethereum - Total speed: 59.699 MH/s, Total shares: 1 Rejected: 0, Time: 09:06
2021-03-09 11:41:00: [Statistics] Ethereum last 10 min - Total: 60.149 MH/s.
2021-03-09 11:41:03: <info>  New job from eth-eu2.nanopool.org:9433
2021-03-09 11:41:03: [Statistics] Ethereum - Total speed: 59.771 MH/s, Total shares: 1 Rejected: 0, Time: 09:09
2021-03-09 11:41:03: [Statistics] GPU0 t=54°C fan 31% power 125.05W. Total power: 125.05W
2021-03-09 11:41:06: <info>  New job from eth-eu2.nanopool.org:9433
2021-03-09 11:41:06: [Statistics] Ethereum - Total speed: 59.868 MH/s, Total shares: 1 Rejected: 0, Time: 09:12
2021-03-09 11:41:09: <info>  New job from eth-eu2.nanopool.org:9433
2021-03-09 11:41:09: [Statistics] Ethereum - Total speed: 59.956 MH/s, Total shares: 1 Rejected: 0, Time: 09:15
2021-03-09 11:41:09: [Statistics] GPU0 t=54°C fan 31% power 125.13W. Total power: 125.13W
2021-03-09 11:41:12: <info>  New job from eth-eu2.nanopool.org:9433
2021-03-09 11:41:12: [Statistics] Ethereum - Total speed: 60.044 MH/s, Total shares: 1 Rejected: 0, Time: 09:18
2021-03-09 11:41:12: [Statistics] Ethereum last 10 min - Total: 60.143 MH/s.
2021-03-09 11:41:14: <info>  New job from eth-eu2.nanopool.org:9433
2021-03-09 11:41:14: [Statistics] Ethereum - Total speed: 60.133 MH/s, Total shares: 1 Rejected: 0, Time: 09:21
2021-03-09 11:41:14: [Statistics] GPU0 t=54°C fan 31% power 125.05W. Total power: 125.05W
2021-03-09 11:41:15: <info>  New job from eth-eu2.nanopool.org:9433
2021-03-09 11:41:15: [Statistics] Ethereum - Total speed: 60.208 MH/s, Total shares: 1 Rejected: 0, Time: 09:22
2021-03-09 11:41:17: <info>  New job from eth-eu2.nanopool.org:9433
2021-03-09 11:41:17: [Statistics] Ethereum - Total speed: 60.279 MH/s, Total shares: 1 Rejected: 0, Time: 09:24
2021-03-09 11:41:17: [Statistics] GPU0 t=54°C fan 31% power 125.25W. Total power: 125.25W
2021-03-09 11:41:20: <info>  New job from eth-eu2.nanopool.org:9433
2021-03-09 11:41:20: [Statistics] Ethereum - Total speed: 60.337 MH/s, Total shares: 1 Rejected: 0, Time: 09:27
2021-03-09 11:41:20: [Statistics] Ethereum last 10 min - Total: 60.144 MH/s.
2021-03-09 11:41:24: <info>  New job from eth-eu2.nanopool.org:9433
2021-03-09 11:41:24: [Statistics] Ethereum - Total speed: 60.401 MH/s, Total shares: 1 Rejected: 0, Time: 09:30
2021-03-09 11:41:24: [Statistics] GPU0 t=54°C fan 31% power 125.25W. Total power: 125.25W
2021-03-09 11:41:26: <info>  New job from eth-eu2.nanopool.org:9433
2021-03-09 11:41:26: [Statistics] Ethereum - Total speed: 60.457 MH/s, Total shares: 1 Rejected: 0, Time: 09:33
2021-03-09 11:41:29: <info>  New job from eth-eu2.nanopool.org:9433
2021-03-09 11:41:29: [Statistics] Ethereum - Total speed: 60.506 MH/s, Total shares: 1 Rejected: 0, Time: 09:36
2021-03-09 11:41:29: [Statistics] GPU0 t=54°C fan 31% power 125.31W. Total power: 125.31W
2021-03-09 11:41:33: <info>  New job from eth-eu2.nanopool.org:9433
2021-03-09 11:41:33: [Statistics] Ethereum - Total speed: 60.551 MH/s, Total shares: 1 Rejected: 0, Time: 09:39
2021-03-09 11:41:33: [Statistics] Ethereum last 10 min - Total: 60.151 MH/s.
2021-03-09 11:41:33: <info>  New job from eth-eu2.nanopool.org:9433
2021-03-09 11:41:33: [Statistics] Ethereum - Total speed: 60.592 MH/s, Total shares: 1 Rejected: 0, Time: 09:39
2021-03-09 11:41:33: [Statistics] GPU0 t=54°C fan 31% power 125.18W. Total power: 125.18W
2021-03-09 11:41:34: <info>  New job from eth-eu2.nanopool.org:9433
2021-03-09 11:41:34: [Statistics] Ethereum - Total speed: 60.593 MH/s, Total shares: 1 Rejected: 0, Time: 09:40
2021-03-09 11:41:37: <info>  New job from eth-eu2.nanopool.org:9433
2021-03-09 11:41:37: [Statistics] Ethereum - Total speed: 60.624 MH/s, Total shares: 1 Rejected: 0, Time: 09:43
2021-03-09 11:41:37: [Statistics] GPU0 t=54°C fan 31% power 125.17W. Total power: 125.17W
2021-03-09 11:41:39: <info>  New job from eth-eu2.nanopool.org:9433
2021-03-09 11:41:39: [Statistics] Ethereum - Total speed: 60.648 MH/s, Total shares: 1 Rejected: 0, Time: 09:46
2021-03-09 11:41:39: [Statistics] Ethereum last 10 min - Total: 60.156 MH/s.
2021-03-09 11:41:42: <info>  New job from eth-eu2.nanopool.org:9433
2021-03-09 11:41:42: [Statistics] Ethereum - Total speed: 60.664 MH/s, Total shares: 1 Rejected: 0, Time: 09:49
2021-03-09 11:41:42: [Statistics] GPU0 t=54°C fan 31% power 125.27W. Total power: 125.27W
2021-03-09 11:41:43: <info>  New job from eth-eu2.nanopool.org:9433
2021-03-09 11:41:43: [Statistics] Ethereum - Total speed: 60.693 MH/s, Total shares: 1 Rejected: 0, Time: 09:49
2021-03-09 11:41:43: <info>  New job from eth-eu2.nanopool.org:9433
2021-03-09 11:41:43: [Statistics] Ethereum - Total speed: 60.715 MH/s, Total shares: 1 Rejected: 0, Time: 09:50
2021-03-09 11:41:43: [Statistics] GPU0 t=54°C fan 31% power 124.94W. Total power: 124.94W
2021-03-09 11:41:46: <info>  New job from eth-eu2.nanopool.org:9433
2021-03-09 11:41:46: [Statistics] Ethereum - Total speed: 60.617 MH/s, Total shares: 1 Rejected: 0, Time: 09:53
2021-03-09 11:41:46: [Statistics] Ethereum last 10 min - Total: 60.162 MH/s.
2021-03-09 11:41:49: <info>  New job from eth-eu2.nanopool.org:9433
2021-03-09 11:41:49: [Statistics] Ethereum - Total speed: 60.575 MH/s, Total shares: 1 Rejected: 0, Time: 09:56
2021-03-09 11:41:49: [Statistics] GPU0 t=54°C fan 31% power 125.04W. Total power: 125.04W
2021-03-09 11:41:52: <info>  New job from eth-eu2.nanopool.org:9433
2021-03-09 11:41:52: [Statistics] Ethereum - Total speed: 60.592 MH/s, Total shares: 1 Rejected: 0, Time: 09:59
2021-03-09 11:41:55: <info>  New job from eth-eu2.nanopool.org:9433
2021-03-09 11:41:55: [Statistics] Ethereum - Total speed: 60.615 MH/s, Total shares: 1 Rejected: 0, Time: 10:02
2021-03-09 11:41:55: [Statistics] GPU0 t=54°C fan 31% power 124.94W. Total power: 124.94W
2021-03-09 11:41:58: <info>  New job from eth-eu2.nanopool.org:9433
2021-03-09 11:41:58: [Statistics] Ethereum - Total speed: 60.427 MH/s, Total shares: 1 Rejected: 0, Time: 10:05
2021-03-09 11:41:58: [Statistics] Ethereum last 10 min - Total: 60.170 MH/s.
2021-03-09 11:42:01: <info>  New job from eth-eu2.nanopool.org:9433
2021-03-09 11:42:01: [Statistics] Ethereum - Total speed: 60.334 MH/s, Total shares: 1 Rejected: 0, Time: 10:08
2021-03-09 11:42:01: [Statistics] GPU0 t=54°C fan 31% power 125.18W. Total power: 125.18W
2021-03-09 11:42:04: <info>  New job from eth-eu2.nanopool.org:9433
2021-03-09 11:42:04: [Statistics] Ethereum - Total speed: 60.364 MH/s, Total shares: 1 Rejected: 0, Time: 10:11
2021-03-09 11:42:07: <info>  New job from eth-eu2.nanopool.org:9433
2021-03-09 11:42:07: [Statistics] Ethereum - Total speed: 60.394 MH/s, Total shares: 1 Rejected: 0, Time: 10:14
2021-03-09 11:42:07: [Statistics] GPU0 t=54°C fan 31% power 125.11W. Total power: 125.11W
2021-03-09 11:42:07: <info>  New job from eth-eu2.nanopool.org:9433
2021-03-09 11:42:07: [Statistics] Ethereum - Total speed: 60.307 MH/s, Total shares: 1 Rejected: 0, Time: 10:14
2021-03-09 11:42:07: [Statistics] Ethereum last 10 min - Total: 60.185 MH/s.
2021-03-09 11:42:10: <info>  New job from eth-eu2.nanopool.org:9433
2021-03-09 11:42:10: [Statistics] Ethereum - Total speed: 59.771 MH/s, Total shares: 1 Rejected: 0, Time: 10:17
2021-03-09 11:42:10: [Statistics] GPU0 t=54°C fan 31% power 125.18W. Total power: 125.18W
2021-03-09 11:42:13: <info>  New job from eth-eu2.nanopool.org:9433
2021-03-09 11:42:13: [Statistics] Ethereum - Total speed: 59.841 MH/s, Total shares: 1 Rejected: 0, Time: 10:20
2021-03-09 11:42:16: <info>  New job from eth-eu2.nanopool.org:9433
2021-03-09 11:42:16: [Statistics] Ethereum - Total speed: 59.675 MH/s, Total shares: 1 Rejected: 0, Time: 10:23
2021-03-09 11:42:16: [Statistics] GPU0 t=54°C fan 31% power 125.26W. Total power: 125.26W
2021-03-09 11:42:19: <info>  New job from eth-eu2.nanopool.org:9433
2021-03-09 11:42:19: [Statistics] Ethereum - Total speed: 59.641 MH/s, Total shares: 1 Rejected: 0, Time: 10:26
2021-03-09 11:42:19: [Statistics] Ethereum last 10 min - Total: 60.200 MH/s.
2021-03-09 11:42:22: <info>  New job from eth-eu2.nanopool.org:9433
2021-03-09 11:42:22: [Statistics] Ethereum - Total speed: 59.701 MH/s, Total shares: 1 Rejected: 0, Time: 10:29
2021-03-09 11:42:22: [Statistics] GPU0 t=54°C fan 31% power 125.17W. Total power: 125.17W
2021-03-09 11:42:25: <info>  New job from eth-eu2.nanopool.org:9433
2021-03-09 11:42:25: [Statistics] Ethereum - Total speed: 59.775 MH/s, Total shares: 1 Rejected: 0, Time: 10:32
2021-03-09 11:42:28: <info>  New job from eth-eu2.nanopool.org:9433
2021-03-09 11:42:28: [Statistics] Ethereum - Total speed: 59.802 MH/s, Total shares: 1 Rejected: 0, Time: 10:34
2021-03-09 11:42:28: [Statistics] GPU0 t=54°C fan 31% power 125.05W. Total power: 125.05W
2021-03-09 11:42:29: <info>  New job from eth-eu2.nanopool.org:9433
2021-03-09 11:42:29: [Statistics] Ethereum - Total speed: 59.829 MH/s, Total shares: 1 Rejected: 0, Time: 10:36
2021-03-09 11:42:29: [Statistics] Ethereum last 10 min - Total: 60.214 MH/s.
2021-03-09 11:42:31: <info>  New job from eth-eu2.nanopool.org:9433
2021-03-09 11:42:31: [Statistics] Ethereum - Total speed: 59.846 MH/s, Total shares: 1 Rejected: 0, Time: 10:37
2021-03-09 11:42:31: [Statistics] GPU0 t=54°C fan 31% power 125.08W. Total power: 125.08W
2021-03-09 11:42:34: <info>  New job from eth-eu2.nanopool.org:9433
2021-03-09 11:42:34: [Statistics] Ethereum - Total speed: 59.728 MH/s, Total shares: 1 Rejected: 0, Time: 10:40
2021-03-09 11:42:37: <info>  New job from eth-eu2.nanopool.org:9433
2021-03-09 11:42:37: [Statistics] Ethereum - Total speed: 59.787 MH/s, Total shares: 1 Rejected: 0, Time: 10:43
2021-03-09 11:42:37: [Statistics] GPU0 t=54°C fan 31% power 125.21W. Total power: 125.21W
2021-03-09 11:42:40: <info>  New job from eth-eu2.nanopool.org:9433
2021-03-09 11:42:40: [Statistics] Ethereum - Total speed: 59.893 MH/s, Total shares: 1 Rejected: 0, Time: 10:46
2021-03-09 11:42:40: [Statistics] Ethereum last 10 min - Total: 60.216 MH/s.
2021-03-09 11:42:43: <info>  New job from eth-eu2.nanopool.org:9433
2021-03-09 11:42:43: [Statistics] Ethereum - Total speed: 59.739 MH/s, Total shares: 1 Rejected: 0, Time: 10:49
2021-03-09 11:42:43: [Statistics] GPU0 t=54°C fan 31% power 125.29W. Total power: 125.29W
2021-03-09 11:42:46: <info>  New job from eth-eu2.nanopool.org:9433
2021-03-09 11:42:46: [Statistics] Ethereum - Total speed: 59.785 MH/s, Total shares: 1 Rejected: 0, Time: 10:52
2021-03-09 11:42:49: <info>  New job from eth-eu2.nanopool.org:9433
2021-03-09 11:42:49: [Statistics] Ethereum - Total speed: 59.868 MH/s, Total shares: 1 Rejected: 0, Time: 10:55
2021-03-09 11:42:49: [Statistics] GPU0 t=54°C fan 31% power 125.34W. Total power: 125.34W
2021-03-09 11:42:52: <info>  New job from eth-eu2.nanopool.org:9433
2021-03-09 11:42:52: [Statistics] Ethereum - Total speed: 59.961 MH/s, Total shares: 1 Rejected: 0, Time: 10:58
2021-03-09 11:42:52: [Statistics] Ethereum last 10 min - Total: 60.210 MH/s.
2021-03-09 11:42:55: <info>  New job from eth-eu2.nanopool.org:9433
2021-03-09 11:42:55: [Statistics] Ethereum - Total speed: 59.939 MH/s, Total shares: 1 Rejected: 0, Time: 11:02
2021-03-09 11:42:55: [Statistics] GPU0 t=54°C fan 31% power 125.25W. Total power: 125.25W
2021-03-09 11:42:58: <info>  New job from eth-eu2.nanopool.org:9433
2021-03-09 11:42:58: [Statistics] Ethereum - Total speed: 59.969 MH/s, Total shares: 1 Rejected: 0, Time: 11:04
2021-03-09 11:43:01: <info>  New job from eth-eu2.nanopool.org:9433
2021-03-09 11:43:01: [Statistics] Ethereum - Total speed: 60.018 MH/s, Total shares: 1 Rejected: 0, Time: 11:07
2021-03-09 11:43:01: [Statistics] GPU0 t=54°C fan 31% power 125.25W. Total power: 125.25W
2021-03-09 11:43:04: <info>  New job from eth-eu2.nanopool.org:9433
2021-03-09 11:43:04: [Statistics] Ethereum - Total speed: 60.071 MH/s, Total shares: 1 Rejected: 0, Time: 11:10
2021-03-09 11:43:04: [Statistics] Ethereum last 10 min - Total: 60.202 MH/s.
2021-03-09 11:43:07: <info>  New job from eth-eu2.nanopool.org:9433
2021-03-09 11:43:07: [Statistics] Ethereum - Total speed: 59.872 MH/s, Total shares: 1 Rejected: 0, Time: 11:13
2021-03-09 11:43:07: [Statistics] GPU0 t=54°C fan 31% power 125.22W. Total power: 125.22W
2021-03-09 11:43:10: <info>  New job from eth-eu2.nanopool.org:9433
2021-03-09 11:43:10: [Statistics] Ethereum - Total speed: 59.942 MH/s, Total shares: 1 Rejected: 0, Time: 11:16
2021-03-09 11:43:12: <info>  New job from eth-eu2.nanopool.org:9433
2021-03-09 11:43:12: [Statistics] Ethereum - Total speed: 59.977 MH/s, Total shares: 1 Rejected: 0, Time: 11:19
2021-03-09 11:43:12: [Statistics] GPU0 t=54°C fan 31% power 125.18W. Total power: 125.18W
2021-03-09 11:43:14: <info>  New job from eth-eu2.nanopool.org:9433
2021-03-09 11:43:14: [Statistics] Ethereum - Total speed: 60.032 MH/s, Total shares: 1 Rejected: 0, Time: 11:21
2021-03-09 11:43:14: [Statistics] Ethereum last 10 min - Total: 60.189 MH/s.
2021-03-09 11:43:15: <info>  New job from eth-eu2.nanopool.org:9433
2021-03-09 11:43:15: [Statistics] Ethereum - Total speed: 60.058 MH/s, Total shares: 1 Rejected: 0, Time: 11:22
2021-03-09 11:43:15: [Statistics] GPU0 t=54°C fan 31% power 125.19W. Total power: 125.19W
2021-03-09 11:43:18: <info>  New job from eth-eu2.nanopool.org:9433
2021-03-09 11:43:18: [Statistics] Ethereum - Total speed: 59.912 MH/s, Total shares: 1 Rejected: 0, Time: 11:25
2021-03-09 11:43:21: <info>  New job from eth-eu2.nanopool.org:9433
2021-03-09 11:43:21: [Statistics] Ethereum - Total speed: 59.986 MH/s, Total shares: 1 Rejected: 0, Time: 11:28
2021-03-09 11:43:21: [Statistics] GPU0 t=54°C fan 31% power 125.15W. Total power: 125.15W
2021-03-09 11:43:24: <info>  New job from eth-eu2.nanopool.org:9433
2021-03-09 11:43:24: [Statistics] Ethereum - Total speed: 60.026 MH/s, Total shares: 1 Rejected: 0, Time: 11:31
2021-03-09 11:43:24: [Statistics] Ethereum last 10 min - Total: 60.177 MH/s.
2021-03-09 11:43:28: <info>  New job from eth-eu2.nanopool.org:9433
2021-03-09 11:43:28: [Statistics] Ethereum - Total speed: 60.068 MH/s, Total shares: 1 Rejected: 0, Time: 11:34
2021-03-09 11:43:28: [Statistics] GPU0 t=54°C fan 31% power 124.91W. Total power: 124.91W
2021-03-09 11:43:30: <info>  New job from eth-eu2.nanopool.org:9433
2021-03-09 11:43:30: [Statistics] Ethereum - Total speed: 59.973 MH/s, Total shares: 1 Rejected: 0, Time: 11:37
2021-03-09 11:43:30: <info>  New job from eth-eu2.nanopool.org:9433
2021-03-09 11:43:30: [Statistics] Ethereum - Total speed: 59.937 MH/s, Total shares: 1 Rejected: 0, Time: 11:37
2021-03-09 11:43:30: [Statistics] GPU0 t=54°C fan 31% power 125.11W. Total power: 125.11W
2021-03-09 11:43:33: <info>  New job from eth-eu2.nanopool.org:9433
2021-03-09 11:43:33: [Statistics] Ethereum - Total speed: 59.871 MH/s, Total shares: 1 Rejected: 0, Time: 11:40
2021-03-09 11:43:33: [Statistics] Ethereum last 10 min - Total: 60.164 MH/s.
2021-03-09 11:43:36: <info>  New job from eth-eu2.nanopool.org:9433
2021-03-09 11:43:36: [Statistics] Ethereum - Total speed: 59.918 MH/s, Total shares: 1 Rejected: 0, Time: 11:43
2021-03-09 11:43:36: [Statistics] GPU0 t=54°C fan 31% power 125.17W. Total power: 125.17W
2021-03-09 11:43:39: <info>  New job from eth-eu2.nanopool.org:9433
2021-03-09 11:43:39: [Statistics] Ethereum - Total speed: 59.945 MH/s, Total shares: 1 Rejected: 0, Time: 11:46
2021-03-09 11:43:42: <info>  New job from eth-eu2.nanopool.org:9433
2021-03-09 11:43:42: [Statistics] Ethereum - Total speed: 59.966 MH/s, Total shares: 1 Rejected: 0, Time: 11:49
2021-03-09 11:43:42: [Statistics] GPU0 t=54°C fan 31% power 125.01W. Total power: 125.01W
2021-03-09 11:43:46: <info>  New job from eth-eu2.nanopool.org:9433
2021-03-09 11:43:46: [Statistics] Ethereum - Total speed: 59.857 MH/s, Total shares: 1 Rejected: 0, Time: 11:52
2021-03-09 11:43:46: [Statistics] Ethereum last 10 min - Total: 60.146 MH/s.
2021-03-09 11:43:48: <info>  New job from eth-eu2.nanopool.org:9433
2021-03-09 11:43:48: [Statistics] Ethereum - Total speed: 59.862 MH/s, Total shares: 1 Rejected: 0, Time: 11:55
2021-03-09 11:43:48: [Statistics] GPU0 t=54°C fan 31% power 125.12W. Total power: 125.12W
2021-03-09 11:43:51: <info>  New job from eth-eu2.nanopool.org:9433
2021-03-09 11:43:51: [Statistics] Ethereum - Total speed: 59.909 MH/s, Total shares: 1 Rejected: 0, Time: 11:57
2021-03-09 11:43:51: <info>  New job from eth-eu2.nanopool.org:9433
2021-03-09 11:43:51: [Statistics] Ethereum - Total speed: 60.007 MH/s, Total shares: 1 Rejected: 0, Time: 11:58
2021-03-09 11:43:51: [Statistics] GPU0 t=54°C fan 31% power 125.09W. Total power: 125.09W
2021-03-09 11:43:54: <info>  New job from eth-eu2.nanopool.org:9433
2021-03-09 11:43:54: [Statistics] Ethereum - Total speed: 60.031 MH/s, Total shares: 1 Rejected: 0, Time: 12:01
2021-03-09 11:43:54: [Statistics] Ethereum last 10 min - Total: 60.131 MH/s.
2021-03-09 11:43:57: <info>  New job from eth-eu2.nanopool.org:9433
2021-03-09 11:43:57: [Statistics] Ethereum - Total speed: 60.112 MH/s, Total shares: 1 Rejected: 0, Time: 12:04
2021-03-09 11:43:57: [Statistics] GPU0 t=54°C fan 31% power 124.98W. Total power: 124.98W
2021-03-09 11:44:01: <info>  New job from eth-eu2.nanopool.org:9433
2021-03-09 11:44:01: [Statistics] Ethereum - Total speed: 60.068 MH/s, Total shares: 1 Rejected: 0, Time: 12:07
2021-03-09 11:44:03: <info>  New job from eth-eu2.nanopool.org:9433
2021-03-09 11:44:03: [Statistics] Ethereum - Total speed: 59.961 MH/s, Total shares: 1 Rejected: 0, Time: 12:09
2021-03-09 11:44:03: [Statistics] GPU0 t=54°C fan 31% power 125.18W. Total power: 125.18W
2021-03-09 11:44:06: <info>  New job from eth-eu2.nanopool.org:9433
2021-03-09 11:44:06: [Statistics] Ethereum - Total speed: 59.968 MH/s, Total shares: 1 Rejected: 0, Time: 12:13
2021-03-09 11:44:06: [Statistics] Ethereum last 10 min - Total: 60.113 MH/s.
2021-03-09 11:44:09: <info>  New job from eth-eu2.nanopool.org:9433
2021-03-09 11:44:09: [Statistics] Ethereum - Total speed: 59.885 MH/s, Total shares: 1 Rejected: 0, Time: 12:15
2021-03-09 11:44:09: [Statistics] GPU0 t=54°C fan 31% power 125.19W. Total power: 125.19W
2021-03-09 11:44:09: <info>  New job from eth-eu2.nanopool.org:9433
2021-03-09 11:44:09: [Statistics] Ethereum - Total speed: 59.969 MH/s, Total shares: 1 Rejected: 0, Time: 12:15
2021-03-09 11:44:12: <info>  New job from eth-eu2.nanopool.org:9433
2021-03-09 11:44:12: [Statistics] Ethereum - Total speed: 59.996 MH/s, Total shares: 1 Rejected: 0, Time: 12:18
2021-03-09 11:44:12: [Statistics] GPU0 t=54°C fan 31% power 125.02W. Total power: 125.02W
2021-03-09 11:44:15: <info>  New job from eth-eu2.nanopool.org:9433
2021-03-09 11:44:15: [Statistics] Ethereum - Total speed: 60.080 MH/s, Total shares: 1 Rejected: 0, Time: 12:21
2021-03-09 11:44:15: [Statistics] Ethereum last 10 min - Total: 60.097 MH/s.
2021-03-09 11:44:18: <info>  New job from eth-eu2.nanopool.org:9433
2021-03-09 11:44:18: [Statistics] Ethereum - Total speed: 60.061 MH/s, Total shares: 1 Rejected: 0, Time: 12:24
2021-03-09 11:44:18: [Statistics] GPU0 t=54°C fan 31% power 124.90W. Total power: 124.90W
2021-03-09 11:44:18: <info>  New job from eth-eu2.nanopool.org:9433
2021-03-09 11:44:18: [Statistics] Ethereum - Total speed: 60.132 MH/s, Total shares: 1 Rejected: 0, Time: 12:24
2021-03-09 11:44:18: <info>  New job from eth-eu2.nanopool.org:9433
2021-03-09 11:44:18: [Statistics] Ethereum - Total speed: 60.177 MH/s, Total shares: 1 Rejected: 0, Time: 12:24
2021-03-09 11:44:18: [Statistics] GPU0 t=54°C fan 31% power 125.21W. Total power: 125.21W
2021-03-09 11:44:20: <info>  New job from eth-eu2.nanopool.org:9433
2021-03-09 11:44:20: [Statistics] Ethereum - Total speed: 60.160 MH/s, Total shares: 1 Rejected: 0, Time: 12:27
2021-03-09 11:44:20: [Statistics] Ethereum last 10 min - Total: 60.093 MH/s.
2021-03-09 11:44:20: <info>  New job from eth-eu2.nanopool.org:9433
2021-03-09 11:44:20: [Statistics] Ethereum - Total speed: 60.230 MH/s, Total shares: 1 Rejected: 0, Time: 12:27
2021-03-09 11:44:20: [Statistics] GPU0 t=54°C fan 31% power 125.21W. Total power: 125.21W
2021-03-09 11:44:23: <info>  New job from eth-eu2.nanopool.org:9433
2021-03-09 11:44:23: [Statistics] Ethereum - Total speed: 60.206 MH/s, Total shares: 1 Rejected: 0, Time: 12:30
2021-03-09 11:44:26: <info>  New job from eth-eu2.nanopool.org:9433
2021-03-09 11:44:26: [Statistics] Ethereum - Total speed: 60.177 MH/s, Total shares: 1 Rejected: 0, Time: 12:33
2021-03-09 11:44:26: [Statistics] GPU0 t=54°C fan 31% power 123.78W. Total power: 123.78W
2021-03-09 11:44:30: <info>  New job from eth-eu2.nanopool.org:9433
2021-03-09 11:44:30: [Statistics] Ethereum - Total speed: 59.601 MH/s, Total shares: 1 Rejected: 0, Time: 12:36
2021-03-09 11:44:30: [Statistics] Ethereum last 10 min - Total: 60.078 MH/s.
2021-03-09 11:44:32: <info>  New job from eth-eu2.nanopool.org:9433
2021-03-09 11:44:32: [Statistics] Ethereum - Total speed: 59.108 MH/s, Total shares: 1 Rejected: 0, Time: 12:39
2021-03-09 11:44:32: [Statistics] GPU0 t=54°C fan 31% power 124.66W. Total power: 124.66W
2021-03-09 11:44:35: <info>  New job from eth-eu2.nanopool.org:9433
2021-03-09 11:44:35: [Statistics] Ethereum - Total speed: 58.910 MH/s, Total shares: 1 Rejected: 0, Time: 12:41
2021-03-09 11:44:35: <info>  New job from eth-eu2.nanopool.org:9433
2021-03-09 11:44:35: [Statistics] Ethereum - Total speed: 58.910 MH/s, Total shares: 1 Rejected: 0, Time: 12:41
2021-03-09 11:44:35: [Statistics] GPU0 t=54°C fan 31% power 124.71W. Total power: 124.71W
2021-03-09 11:44:38: <info>  New job from eth-eu2.nanopool.org:9433
2021-03-09 11:44:38: [Statistics] Ethereum - Total speed: 58.582 MH/s, Total shares: 1 Rejected: 0, Time: 12:44
2021-03-09 11:44:38: [Statistics] Ethereum last 10 min - Total: 60.056 MH/s.
2021-03-09 11:44:41: <info>  New job from eth-eu2.nanopool.org:9433
2021-03-09 11:44:41: [Statistics] Ethereum - Total speed: 58.357 MH/s, Total shares: 1 Rejected: 0, Time: 12:47
2021-03-09 11:44:41: [Statistics] GPU0 t=54°C fan 31% power 124.72W. Total power: 124.72W
2021-03-09 11:44:44: <info>  New job from eth-eu2.nanopool.org:9433
2021-03-09 11:44:44: [Statistics] Ethereum - Total speed: 57.960 MH/s, Total shares: 1 Rejected: 0, Time: 12:50
2021-03-09 11:44:47: <info>  New job from eth-eu2.nanopool.org:9433
2021-03-09 11:44:47: [Statistics] Ethereum - Total speed: 57.765 MH/s, Total shares: 1 Rejected: 0, Time: 12:54
2021-03-09 11:44:47: [Statistics] GPU0 t=54°C fan 31% power 125.56W. Total power: 125.56W
2021-03-09 11:44:50: <info>  New job from eth-eu2.nanopool.org:9433
2021-03-09 11:44:50: [Statistics] Ethereum - Total speed: 57.652 MH/s, Total shares: 1 Rejected: 0, Time: 12:56
2021-03-09 11:44:50: [Statistics] Ethereum last 10 min - Total: 59.999 MH/s.
2021-03-09 11:44:53: <info>  New job from eth-eu2.nanopool.org:9433
2021-03-09 11:44:53: [Statistics] Ethereum - Total speed: 57.857 MH/s, Total shares: 1 Rejected: 0, Time: 12:59
2021-03-09 11:44:53: [Statistics] GPU0 t=54°C fan 31% power 125.22W. Total power: 125.22W
2021-03-09 11:44:56: <info>  New job from eth-eu2.nanopool.org:9433
2021-03-09 11:44:56: [Statistics] Ethereum - Total speed: 57.992 MH/s, Total shares: 1 Rejected: 0, Time: 13:02
2021-03-09 11:44:59: <info>  New job from eth-eu2.nanopool.org:9433
2021-03-09 11:44:59: [Statistics] Ethereum - Total speed: 58.283 MH/s, Total shares: 1 Rejected: 0, Time: 13:05
2021-03-09 11:44:59: [Statistics] GPU0 t=54°C fan 31% power 124.79W. Total power: 124.79W
2021-03-09 11:45:02: <info>  New job from eth-eu2.nanopool.org:9433
2021-03-09 11:45:02: [Statistics] Ethereum - Total speed: 58.486 MH/s, Total shares: 1 Rejected: 0, Time: 13:08
2021-03-09 11:45:02: [Statistics] Ethereum last 10 min - Total: 59.936 MH/s.
2021-03-09 11:45:05: <info>  New job from eth-eu2.nanopool.org:9433
2021-03-09 11:45:05: [Statistics] Ethereum - Total speed: 58.562 MH/s, Total shares: 1 Rejected: 0, Time: 13:11
2021-03-09 11:45:05: [Statistics] GPU0 t=54°C fan 31% power 125.23W. Total power: 125.23W
2021-03-09 11:45:08: <info>  New job from eth-eu2.nanopool.org:9433
2021-03-09 11:45:08: [Statistics] Ethereum - Total speed: 58.788 MH/s, Total shares: 1 Rejected: 0, Time: 13:14
2021-03-09 11:45:11: <info>  New job from eth-eu2.nanopool.org:9433
2021-03-09 11:45:11: [Statistics] Ethereum - Total speed: 59.009 MH/s, Total shares: 1 Rejected: 0, Time: 13:17
2021-03-09 11:45:11: [Statistics] GPU0 t=54°C fan 31% power 125.26W. Total power: 125.26W
2021-03-09 11:45:14: <info>  New job from eth-eu2.nanopool.org:9433
2021-03-09 11:45:14: [Statistics] Ethereum - Total speed: 59.191 MH/s, Total shares: 1 Rejected: 0, Time: 13:20
2021-03-09 11:45:14: [Statistics] Ethereum last 10 min - Total: 59.896 MH/s.
2021-03-09 11:45:17: <info>  New job from eth-eu2.nanopool.org:9433
2021-03-09 11:45:17: [Statistics] Ethereum - Total speed: 59.305 MH/s, Total shares: 1 Rejected: 0, Time: 13:23
2021-03-09 11:45:17: [Statistics] GPU0 t=54°C fan 31% power 125.26W. Total power: 125.26W
2021-03-09 11:45:20: <info>  New job from eth-eu2.nanopool.org:9433
2021-03-09 11:45:20: [Statistics] Ethereum - Total speed: 59.353 MH/s, Total shares: 1 Rejected: 0, Time: 13:26
2021-03-09 11:45:23: <info>  New job from eth-eu2.nanopool.org:9433
2021-03-09 11:45:23: [Statistics] Ethereum - Total speed: 59.363 MH/s, Total shares: 1 Rejected: 0, Time: 13:29
2021-03-09 11:45:23: [Statistics] GPU0 t=54°C fan 31% power 125.22W. Total power: 125.22W
2021-03-09 11:45:26: <info>  New job from eth-eu2.nanopool.org:9433
2021-03-09 11:45:26: [Statistics] Ethereum - Total speed: 59.372 MH/s, Total shares: 1 Rejected: 0, Time: 13:32
2021-03-09 11:45:26: [Statistics] Ethereum last 10 min - Total: 59.861 MH/s.
2021-03-09 11:45:26: <info>  New job from eth-eu2.nanopool.org:9433
2021-03-09 11:45:26: [Statistics] Ethereum - Total speed: 59.372 MH/s, Total shares: 1 Rejected: 0, Time: 13:32
2021-03-09 11:45:26: [Statistics] GPU0 t=54°C fan 31% power 125.13W. Total power: 125.13W
2021-03-09 11:45:26: <info>  New job from eth-eu2.nanopool.org:9433
2021-03-09 11:45:26: [Statistics] Ethereum - Total speed: 59.334 MH/s, Total shares: 1 Rejected: 0, Time: 13:32
2021-03-09 11:45:29: <info>  New job from eth-eu2.nanopool.org:9433
2021-03-09 11:45:29: [Statistics] Ethereum - Total speed: 59.243 MH/s, Total shares: 1 Rejected: 0, Time: 13:35
2021-03-09 11:45:29: [Statistics] GPU0 t=54°C fan 31% power 125.10W. Total power: 125.10W
2021-03-09 11:45:33: <info>  New job from eth-eu2.nanopool.org:9433
2021-03-09 11:45:33: [Statistics] Ethereum - Total speed: 58.826 MH/s, Total shares: 1 Rejected: 0, Time: 13:39
2021-03-09 11:45:33: [Statistics] Ethereum last 10 min - Total: 59.844 MH/s.
2021-03-09 11:45:35: <info>  New job from eth-eu2.nanopool.org:9433
2021-03-09 11:45:35: [Statistics] Ethereum - Total speed: 58.686 MH/s, Total shares: 1 Rejected: 0, Time: 13:41
2021-03-09 11:45:35: [Statistics] GPU0 t=54°C fan 31% power 125.16W. Total power: 125.16W
2021-03-09 11:45:38: <info>  New job from eth-eu2.nanopool.org:9433
2021-03-09 11:45:38: [Statistics] Ethereum - Total speed: 58.651 MH/s, Total shares: 1 Rejected: 0, Time: 13:44
2021-03-09 11:45:41: <info>  New job from eth-eu2.nanopool.org:9433
2021-03-09 11:45:41: [Statistics] Ethereum - Total speed: 58.444 MH/s, Total shares: 1 Rejected: 0, Time: 13:47
2021-03-09 11:45:41: [Statistics] GPU0 t=54°C fan 31% power 125.14W. Total power: 125.14W
2021-03-09 11:45:44: <info>  New job from eth-eu2.nanopool.org:9433
2021-03-09 11:45:44: [Statistics] Ethereum - Total speed: 58.523 MH/s, Total shares: 1 Rejected: 0, Time: 13:50
2021-03-09 11:45:44: [Statistics] Ethereum last 10 min - Total: 59.816 MH/s.
2021-03-09 11:45:47: <info>  New job from eth-eu2.nanopool.org:9433
2021-03-09 11:45:47: [Statistics] Ethereum - Total speed: 58.536 MH/s, Total shares: 1 Rejected: 0, Time: 13:53
2021-03-09 11:45:47: [Statistics] GPU0 t=54°C fan 31% power 125.00W. Total power: 125.00W
2021-03-09 11:45:48: <info>  New job from eth-eu2.nanopool.org:9433
2021-03-09 11:45:48: [Statistics] Ethereum - Total speed: 58.691 MH/s, Total shares: 1 Rejected: 0, Time: 13:55
2021-03-09 11:45:49: <info>  New job from eth-eu2.nanopool.org:9433
2021-03-09 11:45:49: [Statistics] Ethereum - Total speed: 58.787 MH/s, Total shares: 1 Rejected: 0, Time: 13:56
2021-03-09 11:45:49: [Statistics] GPU0 t=54°C fan 31% power 125.38W. Total power: 125.38W
2021-03-09 11:45:52: <info>  New job from eth-eu2.nanopool.org:9433
2021-03-09 11:45:52: [Statistics] Ethereum - Total speed: 58.985 MH/s, Total shares: 1 Rejected: 0, Time: 13:58
2021-03-09 11:45:52: [Statistics] Ethereum last 10 min - Total: 59.800 MH/s.
2021-03-09 11:45:54: <info>  New job from eth-eu2.nanopool.org:9433
2021-03-09 11:45:54: [Statistics] Ethereum - Total speed: 59.162 MH/s, Total shares: 1 Rejected: 0, Time: 14:01
2021-03-09 11:45:54: [Statistics] GPU0 t=54°C fan 31% power 125.22W. Total power: 125.22W
2021-03-09 11:45:57: <info>  New job from eth-eu2.nanopool.org:9433
2021-03-09 11:45:57: [Statistics] Ethereum - Total speed: 59.212 MH/s, Total shares: 1 Rejected: 0, Time: 14:04
2021-03-09 11:46:00: <info>  New job from eth-eu2.nanopool.org:9433
2021-03-09 11:46:00: [Statistics] Ethereum - Total speed: 59.310 MH/s, Total shares: 1 Rejected: 0, Time: 14:07
2021-03-09 11:46:00: [Statistics] GPU0 t=54°C fan 31% power 125.10W. Total power: 125.10W
2021-03-09 11:46:03: <info>  New job from eth-eu2.nanopool.org:9433
2021-03-09 11:46:03: [Statistics] Ethereum - Total speed: 58.869 MH/s, Total shares: 1 Rejected: 0, Time: 14:10
2021-03-09 11:46:03: [Statistics] Ethereum last 10 min - Total: 59.782 MH/s.
2021-03-09 11:46:07: <info>  New job from eth-eu2.nanopool.org:9433
2021-03-09 11:46:07: [Statistics] Ethereum - Total speed: 58.476 MH/s, Total shares: 1 Rejected: 0, Time: 14:13
2021-03-09 11:46:07: [Statistics] GPU0 t=54°C fan 31% power 125.34W. Total power: 125.34W
2021-03-09 11:46:09: <info>  New job from eth-eu2.nanopool.org:9433
2021-03-09 11:46:09: [Statistics] Ethereum - Total speed: 58.398 MH/s, Total shares: 1 Rejected: 0, Time: 14:16
2021-03-09 11:46:12: <info>  New job from eth-eu2.nanopool.org:9433
2021-03-09 11:46:12: [Statistics] Ethereum - Total speed: 58.062 MH/s, Total shares: 1 Rejected: 0, Time: 14:19
2021-03-09 11:46:12: [Statistics] GPU0 t=54°C fan 31% power 125.00W. Total power: 125.00W
2021-03-09 11:46:12: <info>  New job from eth-eu2.nanopool.org:9433
2021-03-09 11:46:12: [Statistics] Ethereum - Total speed: 58.101 MH/s, Total shares: 1 Rejected: 0, Time: 14:19
2021-03-09 11:46:12: [Statistics] Ethereum last 10 min - Total: 59.755 MH/s.
2021-03-09 11:46:15: <info>  New job from eth-eu2.nanopool.org:9433
2021-03-09 11:46:15: [Statistics] Ethereum - Total speed: 57.953 MH/s, Total shares: 1 Rejected: 0, Time: 14:22
2021-03-09 11:46:15: [Statistics] GPU0 t=54°C fan 31% power 125.10W. Total power: 125.10W
2021-03-09 11:46:18: <info>  New job from eth-eu2.nanopool.org:9433
2021-03-09 11:46:18: [Statistics] Ethereum - Total speed: 58.091 MH/s, Total shares: 1 Rejected: 0, Time: 14:25
2021-03-09 11:46:21: <info>  New job from eth-eu2.nanopool.org:9433
2021-03-09 11:46:21: [Statistics] Ethereum - Total speed: 57.914 MH/s, Total shares: 1 Rejected: 0, Time: 14:28
2021-03-09 11:46:21: [Statistics] GPU0 t=54°C fan 31% power 124.88W. Total power: 124.88W
2021-03-09 11:46:25: <info>  New job from eth-eu2.nanopool.org:9433
2021-03-09 11:46:25: [Statistics] Ethereum - Total speed: 57.677 MH/s, Total shares: 1 Rejected: 0, Time: 14:31
2021-03-09 11:46:25: [Statistics] Ethereum last 10 min - Total: 59.737 MH/s.
2021-03-09 11:46:27: <info>  New job from eth-eu2.nanopool.org:9433
2021-03-09 11:46:27: [Statistics] Ethereum - Total speed: 57.622 MH/s, Total shares: 1 Rejected: 0, Time: 14:34
2021-03-09 11:46:27: [Statistics] GPU0 t=54°C fan 31% power 125.12W. Total power: 125.12W
2021-03-09 11:46:30: <info>  New job from eth-eu2.nanopool.org:9433
2021-03-09 11:46:30: [Statistics] Ethereum - Total speed: 57.826 MH/s, Total shares: 1 Rejected: 0, Time: 14:37
2021-03-09 11:46:33: <info>  New job from eth-eu2.nanopool.org:9433
2021-03-09 11:46:33: [Statistics] Ethereum - Total speed: 58.041 MH/s, Total shares: 1 Rejected: 0, Time: 14:40
2021-03-09 11:46:33: [Statistics] GPU0 t=54°C fan 31% power 125.15W. Total power: 125.15W
2021-03-09 11:46:36: <info>  New job from eth-eu2.nanopool.org:9433
2021-03-09 11:46:36: [Statistics] Ethereum - Total speed: 58.280 MH/s, Total shares: 1 Rejected: 0, Time: 14:43
2021-03-09 11:46:36: [Statistics] Ethereum last 10 min - Total: 59.729 MH/s.
2021-03-09 11:46:39: <info>  New job from eth-eu2.nanopool.org:9433
2021-03-09 11:46:39: [Statistics] Ethereum - Total speed: 58.334 MH/s, Total shares: 1 Rejected: 0, Time: 14:46
2021-03-09 11:46:39: [Statistics] GPU0 t=54°C fan 31% power 125.26W. Total power: 125.26W
2021-03-09 11:46:42: <info>  New job from eth-eu2.nanopool.org:9433
2021-03-09 11:46:42: [Statistics] Ethereum - Total speed: 58.338 MH/s, Total shares: 1 Rejected: 0, Time: 14:49
2021-03-09 11:46:43: <info>  New job from eth-eu2.nanopool.org:9433
2021-03-09 11:46:43: [Statistics] Ethereum - Total speed: 58.533 MH/s, Total shares: 1 Rejected: 0, Time: 14:49
2021-03-09 11:46:43: [Statistics] GPU0 t=54°C fan 31% power 125.27W. Total power: 125.27W
2021-03-09 11:46:43: <info>  New job from eth-eu2.nanopool.org:9433
2021-03-09 11:46:43: [Statistics] Ethereum - Total speed: 58.716 MH/s, Total shares: 1 Rejected: 0, Time: 14:49
2021-03-09 11:46:43: [Statistics] Ethereum last 10 min - Total: 59.726 MH/s.
2021-03-09 11:46:46: <info>  New job from eth-eu2.nanopool.org:9433
2021-03-09 11:46:46: [Statistics] Ethereum - Total speed: 58.855 MH/s, Total shares: 1 Rejected: 0, Time: 14:52
2021-03-09 11:46:46: [Statistics] GPU0 t=54°C fan 31% power 125.17W. Total power: 125.17W
2021-03-09 11:46:49: <info>  New job from eth-eu2.nanopool.org:9433
2021-03-09 11:46:49: [Statistics] Ethereum - Total speed: 59.063 MH/s, Total shares: 1 Rejected: 0, Time: 14:55
2021-03-09 11:46:50: <info>  New job from eth-eu2.nanopool.org:9433
2021-03-09 11:46:50: [Statistics] Ethereum - Total speed: 59.254 MH/s, Total shares: 1 Rejected: 0, Time: 14:57
2021-03-09 11:46:50: [Statistics] GPU0 t=54°C fan 31% power 125.17W. Total power: 125.17W
2021-03-09 11:46:53: <info>  New job from eth-eu2.nanopool.org:9433
2021-03-09 11:46:53: [Statistics] Ethereum - Total speed: 59.420 MH/s, Total shares: 1 Rejected: 0, Time: 15:00
2021-03-09 11:46:53: [Statistics] Ethereum last 10 min - Total: 59.720 MH/s.
2021-03-09 11:46:53: <info>  New job from eth-eu2.nanopool.org:9433
2021-03-09 11:46:53: [Statistics] Ethereum - Total speed: 59.570 MH/s, Total shares: 1 Rejected: 0, Time: 15:00
2021-03-09 11:46:53: [Statistics] GPU0 t=54°C fan 31% power 125.15W. Total power: 125.15W
2021-03-09 11:46:56: <info>  New job from eth-eu2.nanopool.org:9433
2021-03-09 11:46:56: [Statistics] Ethereum - Total speed: 59.667 MH/s, Total shares: 1 Rejected: 0, Time: 15:03
2021-03-09 11:46:59: <info>  New job from eth-eu2.nanopool.org:9433
2021-03-09 11:46:59: [Statistics] Ethereum - Total speed: 59.787 MH/s, Total shares: 1 Rejected: 0, Time: 15:06
2021-03-09 11:46:59: [Statistics] GPU0 t=54°C fan 31% power 125.19W. Total power: 125.19W
2021-03-09 11:47:02: <info>  New job from eth-eu2.nanopool.org:9433
2021-03-09 11:47:02: [Statistics] Ethereum - Total speed: 59.895 MH/s, Total shares: 1 Rejected: 0, Time: 15:08
2021-03-09 11:47:02: [Statistics] Ethereum last 10 min - Total: 59.722 MH/s.
2021-03-09 11:47:02: <info>  New job from eth-eu2.nanopool.org:9433
2021-03-09 11:47:02: [Statistics] Ethereum - Total speed: 59.986 MH/s, Total shares: 1 Rejected: 0, Time: 15:08
2021-03-09 11:47:02: [Statistics] GPU0 t=54°C fan 31% power 125.25W. Total power: 125.25W
2021-03-09 11:47:05: <info>  New job from eth-eu2.nanopool.org:9433
2021-03-09 11:47:05: [Statistics] Ethereum - Total speed: 59.985 MH/s, Total shares: 1 Rejected: 0, Time: 15:11
2021-03-09 11:47:08: <info>  New job from eth-eu2.nanopool.org:9433
2021-03-09 11:47:08: [Statistics] Ethereum - Total speed: 59.926 MH/s, Total shares: 1 Rejected: 0, Time: 15:14
2021-03-09 11:47:08: [Statistics] GPU0 t=54°C fan 31% power 124.98W. Total power: 124.98W
2021-03-09 11:47:08: <info>  Ethereum - SHARE FOUND (GPU: 0, nonce: 0x6564ada8a99e09af).
2021-03-09 11:47:08: <info> Ethereum: share accepted (51 ms)!
2021-03-09 11:47:09: <info>  New job from eth-eu2.nanopool.org:9433
2021-03-09 11:47:09: [Statistics] Ethereum - Total speed: 59.637 MH/s, Total shares: 2 Rejected: 0, Time: 15:15
2021-03-09 11:47:09: [Statistics] Ethereum last 10 min - Total: 59.725 MH/s.
2021-03-09 11:47:11: <info>  New job from eth-eu2.nanopool.org:9433
2021-03-09 11:47:11: [Statistics] Ethereum - Total speed: 58.894 MH/s, Total shares: 2 Rejected: 0, Time: 15:18
2021-03-09 11:47:11: [Statistics] GPU0 t=54°C fan 31% power 125.02W. Total power: 125.02W
2021-03-09 11:47:12: <info>  New job from eth-eu2.nanopool.org:9433
2021-03-09 11:47:12: [Statistics] Ethereum - Total speed: 58.972 MH/s, Total shares: 2 Rejected: 0, Time: 15:18
2021-03-09 11:47:12: <info>  Terminating, please wait ...
