2021-03-09 11:19:00: <info>                                    _                 
2021-03-09 11:19:00: <info>  _ __   __ _ _ __   ___  _ __ ___ (_)_ __   ___ _ __ 
2021-03-09 11:19:00: <info> | '_ \ / _` | '_ \ / _ \| '_ ` _ \| | '_ \ / _ \ '__|
2021-03-09 11:19:00: <info> | | | | (_| | | | | (_) | | | | | | | | | |  __/ |   
2021-03-09 11:19:00: <info> |_| |_|\__,_|_| |_|\___/|_| |_| |_|_|_| |_|\___|_|   
2021-03-09 11:19:00: <info> 
2021-03-09 11:19:00: <info> Version 3.2.2-cuda11
2021-03-09 11:19:00: <info>  Started EthMan server on port 3333 with a password (read-only mode).
2021-03-09 11:19:00: <info>  Started web interface on port 9090 with a password.
2021-03-09 11:19:00: <info>  CUDA driver version is 11.2, runtime version is 11.1
2021-03-09 11:19:00: <info> Single device detected
2021-03-09 11:19:00: <info> GPU 0 PCI 01:00.0, Platform: CUDA, Name: GeForce RTX 3070, 8192 MB available
2021-03-09 11:19:00: <info> -------------------Ethash:------------------
2021-03-09 11:19:00: <info> Currency: Ethereum
2021-03-09 11:19:00: <info> Wallet: wallet
2021-03-09 11:19:00: <info> Rig name: ferris
2021-03-09 11:19:00: <info> Email: email
2021-03-09 11:19:00: <info> Hashrate threshold to restart miner is not set
2021-03-09 11:19:00: <info> Added pool: eth-eu1.nanopool.org:9433
2021-03-09 11:19:00: <info> Added pool: eth-eu2.nanopool.org:9433
2021-03-09 11:19:00: <info> Added pool: eth-us-east1.nanopool.org:9433
2021-03-09 11:19:00: <info> Added pool: eth-us-west1.nanopool.org:9433
2021-03-09 11:19:00: <info> Added pool: eth-jp1.nanopool.org:9433
2021-03-09 11:19:00: <info> Added pool: eth-au1.nanopool.org:9433
2021-03-09 11:19:00: <info> Added pool: eth-asia1.nanopool.org:9433
2021-03-09 11:19:00: <info> Auto pool sorting is enabled
2021-03-09 11:19:00: <info> Using all GPU devices
2021-03-09 11:19:00: <info> Memory tweak: 1
2021-03-09 11:19:00: <info> -------------Common parameters:-------------
2021-03-09 11:19:00: <info> Log path: ./logs/
2021-03-09 11:19:00: <info> Log is written to file
2021-03-09 11:19:00: <info> GPU watchdog is enabled
2021-03-09 11:19:00: <info> Restart count before calling reboot.bat: 5
2021-03-09 11:19:00: <info>  Setting up algorithm: Ethash
2021-03-09 11:19:01: <info>  Connecting to pools...
2021-03-09 11:19:01: <info>  Connected to pool: eth-eu1.nanopool.org:9433 | IP: 51.15.89.69 | ping: 121 ms.
2021-03-09 11:19:01: <info>  New job from eth-eu1.nanopool.org:9433 | share difficulty = 10000 MH, epoch 400 (4223 MB)
2021-03-09 11:19:01: [Statistics] Ethereum - Total speed: 0.000 H/s, Total shares: 0 Rejected: 0, Time: 00:01
2021-03-09 11:19:01: [Statistics] GPU0 t=32°C fan 31% power 43.73W. Total power: 43.73W
2021-03-09 11:19:01: <info>  New job from eth-eu1.nanopool.org:9433
2021-03-09 11:19:01: [Statistics] Ethereum - Total speed: 0.000 H/s, Total shares: 0 Rejected: 0, Time: 00:01
2021-03-09 11:19:01: [Statistics] Ethereum last 10 min - Total: 0.000 H/s.
2021-03-09 11:19:03: <info>  New job from eth-eu1.nanopool.org:9433
2021-03-09 11:19:03: [Statistics] Ethereum - Total speed: 0.000 H/s, Total shares: 0 Rejected: 0, Time: 00:02
2021-03-09 11:19:03: [Statistics] GPU0 t=32°C fan 31% power 43.29W. Total power: 43.29W
2021-03-09 11:19:09: <info>  GPU0: 4223 MB DAG generated in 3.83 seconds
2021-03-09 11:19:13: <info>  New job from eth-eu1.nanopool.org:9433
2021-03-09 11:19:13: [Statistics] Ethereum - Total speed: 59.084 MH/s, Total shares: 0 Rejected: 0, Time: 00:12
2021-03-09 11:19:32: <info>  New job from eth-eu1.nanopool.org:9433
2021-03-09 11:19:32: [Statistics] Ethereum - Total speed: 58.302 MH/s, Total shares: 0 Rejected: 0, Time: 00:31
2021-03-09 11:19:32: [Statistics] GPU0 t=41°C fan 30% power 121.03W. Total power: 121.03W
2021-03-09 11:19:55: <info>  New job from eth-eu1.nanopool.org:9433
2021-03-09 11:19:55: [Statistics] Ethereum - Total speed: 58.191 MH/s, Total shares: 0 Rejected: 0, Time: 00:54
2021-03-09 11:19:55: [Statistics] Ethereum last 10 min - Total: 58.446 MH/s.
2021-03-09 11:19:57: <info>  New job from eth-eu1.nanopool.org:9433
2021-03-09 11:19:57: [Statistics] Ethereum - Total speed: 58.046 MH/s, Total shares: 0 Rejected: 0, Time: 00:57
2021-03-09 11:19:57: [Statistics] GPU0 t=44°C fan 30% power 120.75W. Total power: 120.75W
2021-03-09 11:19:59: <info>  New job from eth-eu1.nanopool.org:9433
2021-03-09 11:19:59: [Statistics] Ethereum - Total speed: 58.076 MH/s, Total shares: 0 Rejected: 0, Time: 00:58
2021-03-09 11:20:01: <info>  New job from eth-eu1.nanopool.org:9433
2021-03-09 11:20:01: [Statistics] Ethereum - Total speed: 58.189 MH/s, Total shares: 0 Rejected: 0, Time: 01:00
2021-03-09 11:20:01: [Statistics] GPU0 t=44°C fan 30% power 120.57W. Total power: 120.57W
2021-03-09 11:20:32: [Statistics] Ethereum - Total speed: 58.300 MH/s, Total shares: 0 Rejected: 0, Time: 01:31
2021-03-09 11:20:32: [Statistics] Ethereum last 10 min - Total: 58.341 MH/s.
2021-03-09 11:20:34: <info>  New job from eth-eu1.nanopool.org:9433
2021-03-09 11:20:34: [Statistics] Ethereum - Total speed: 58.300 MH/s, Total shares: 0 Rejected: 0, Time: 01:34
2021-03-09 11:20:34: [Statistics] GPU0 t=46°C fan 30% power 120.79W. Total power: 120.79W
2021-03-09 11:20:58: <info>  New job from eth-eu1.nanopool.org:9433
2021-03-09 11:20:58: [Statistics] Ethereum - Total speed: 58.255 MH/s, Total shares: 0 Rejected: 0, Time: 01:58
2021-03-09 11:21:07: <info>  New job from eth-eu1.nanopool.org:9433
2021-03-09 11:21:07: [Statistics] Ethereum - Total speed: 58.195 MH/s, Total shares: 0 Rejected: 0, Time: 02:07
2021-03-09 11:21:07: [Statistics] GPU0 t=48°C fan 30% power 120.59W. Total power: 120.59W
2021-03-09 11:21:10: <info>  New job from eth-eu1.nanopool.org:9433
2021-03-09 11:21:10: [Statistics] Ethereum - Total speed: 58.199 MH/s, Total shares: 0 Rejected: 0, Time: 02:09
2021-03-09 11:21:10: [Statistics] Ethereum last 10 min - Total: 58.315 MH/s.
2021-03-09 11:21:15: <info>  New job from eth-eu1.nanopool.org:9433
2021-03-09 11:21:15: [Statistics] Ethereum - Total speed: 58.129 MH/s, Total shares: 0 Rejected: 0, Time: 02:15
2021-03-09 11:21:15: [Statistics] GPU0 t=48°C fan 30% power 120.77W. Total power: 120.77W
2021-03-09 11:21:28: <info>  New job from eth-eu1.nanopool.org:9433
2021-03-09 11:21:28: [Statistics] Ethereum - Total speed: 58.059 MH/s, Total shares: 0 Rejected: 0, Time: 02:28
2021-03-09 11:22:00: [Statistics] Ethereum - Total speed: 58.097 MH/s, Total shares: 0 Rejected: 0, Time: 02:59
2021-03-09 11:22:00: [Statistics] GPU0 t=49°C fan 31% power 120.73W. Total power: 120.73W
2021-03-09 11:22:05: <info>  New job from eth-eu1.nanopool.org:9433
2021-03-09 11:22:05: [Statistics] Ethereum - Total speed: 58.097 MH/s, Total shares: 0 Rejected: 0, Time: 03:05
2021-03-09 11:22:05: [Statistics] Ethereum last 10 min - Total: 58.243 MH/s.
2021-03-09 11:22:07: <info>  New job from eth-eu1.nanopool.org:9433
2021-03-09 11:22:07: [Statistics] Ethereum - Total speed: 57.938 MH/s, Total shares: 0 Rejected: 0, Time: 03:07
2021-03-09 11:22:07: [Statistics] GPU0 t=50°C fan 31% power 121.07W. Total power: 121.07W
2021-03-09 11:22:23: <info>  New job from eth-eu1.nanopool.org:9433
2021-03-09 11:22:23: [Statistics] Ethereum - Total speed: 57.927 MH/s, Total shares: 0 Rejected: 0, Time: 03:23
2021-03-09 11:22:37: <info>  New job from eth-eu1.nanopool.org:9433
2021-03-09 11:22:37: [Statistics] Ethereum - Total speed: 58.027 MH/s, Total shares: 0 Rejected: 0, Time: 03:37
2021-03-09 11:22:37: [Statistics] GPU0 t=50°C fan 31% power 120.78W. Total power: 120.78W
2021-03-09 11:22:39: <info>  New job from eth-eu1.nanopool.org:9433
2021-03-09 11:22:39: [Statistics] Ethereum - Total speed: 58.169 MH/s, Total shares: 0 Rejected: 0, Time: 03:39
2021-03-09 11:22:39: [Statistics] Ethereum last 10 min - Total: 58.198 MH/s.
2021-03-09 11:23:09: <info>  New job from eth-eu1.nanopool.org:9433
2021-03-09 11:23:09: [Statistics] Ethereum - Total speed: 58.362 MH/s, Total shares: 0 Rejected: 0, Time: 04:09
2021-03-09 11:23:09: [Statistics] GPU0 t=51°C fan 31% power 125.12W. Total power: 125.12W
2021-03-09 11:23:12: <info>  New job from eth-eu1.nanopool.org:9433
2021-03-09 11:23:12: [Statistics] Ethereum - Total speed: 58.446 MH/s, Total shares: 0 Rejected: 0, Time: 04:11
2021-03-09 11:23:32: <info>  New job from eth-eu1.nanopool.org:9433
2021-03-09 11:23:32: [Statistics] Ethereum - Total speed: 58.629 MH/s, Total shares: 0 Rejected: 0, Time: 04:32
2021-03-09 11:23:32: [Statistics] GPU0 t=52°C fan 31% power 125.03W. Total power: 125.03W
2021-03-09 11:23:46: <info>  New job from eth-eu1.nanopool.org:9433
2021-03-09 11:23:46: [Statistics] Ethereum - Total speed: 58.669 MH/s, Total shares: 0 Rejected: 0, Time: 04:45
2021-03-09 11:23:46: [Statistics] Ethereum last 10 min - Total: 58.255 MH/s.
2021-03-09 11:24:15: <info>  New job from eth-eu1.nanopool.org:9433
2021-03-09 11:24:15: [Statistics] Ethereum - Total speed: 58.773 MH/s, Total shares: 0 Rejected: 0, Time: 05:15
2021-03-09 11:24:15: [Statistics] GPU0 t=52°C fan 31% power 125.10W. Total power: 125.10W
2021-03-09 11:24:16: <info>  New job from eth-eu1.nanopool.org:9433
2021-03-09 11:24:16: [Statistics] Ethereum - Total speed: 58.438 MH/s, Total shares: 0 Rejected: 0, Time: 05:15
2021-03-09 11:24:20: <info>  New job from eth-eu1.nanopool.org:9433
2021-03-09 11:24:20: [Statistics] Ethereum - Total speed: 58.161 MH/s, Total shares: 0 Rejected: 0, Time: 05:19
2021-03-09 11:24:20: [Statistics] GPU0 t=52°C fan 31% power 125.10W. Total power: 125.10W
2021-03-09 11:24:24: <info>  New job from eth-eu1.nanopool.org:9433
2021-03-09 11:24:24: [Statistics] Ethereum - Total speed: 58.044 MH/s, Total shares: 0 Rejected: 0, Time: 05:24
2021-03-09 11:24:24: [Statistics] Ethereum last 10 min - Total: 58.299 MH/s.
2021-03-09 11:24:28: <info>  New job from eth-eu1.nanopool.org:9433
2021-03-09 11:24:28: [Statistics] Ethereum - Total speed: 57.930 MH/s, Total shares: 0 Rejected: 0, Time: 05:27
2021-03-09 11:24:28: [Statistics] GPU0 t=52°C fan 31% power 125.17W. Total power: 125.17W
2021-03-09 11:24:41: <info>  Ethereum - SHARE FOUND (GPU: 0, nonce: 0x59f4496df7a1aee8).
2021-03-09 11:24:41: <info> Ethereum: share accepted (55 ms)!
2021-03-09 11:24:45: <info>  New job from eth-eu1.nanopool.org:9433
2021-03-09 11:24:45: [Statistics] Ethereum - Total speed: 57.818 MH/s, Total shares: 1 Rejected: 0, Time: 05:45
2021-03-09 11:24:50: <info>  New job from eth-eu1.nanopool.org:9433
2021-03-09 11:24:50: [Statistics] Ethereum - Total speed: 57.718 MH/s, Total shares: 1 Rejected: 0, Time: 05:49
2021-03-09 11:24:50: [Statistics] GPU0 t=52°C fan 31% power 125.14W. Total power: 125.14W
2021-03-09 11:24:51: <info>  New job from eth-eu1.nanopool.org:9433
2021-03-09 11:24:51: [Statistics] Ethereum - Total speed: 57.631 MH/s, Total shares: 1 Rejected: 0, Time: 05:51
2021-03-09 11:24:51: [Statistics] Ethereum last 10 min - Total: 58.263 MH/s.
2021-03-09 11:25:08: <info>  New job from eth-eu1.nanopool.org:9433
2021-03-09 11:25:08: [Statistics] Ethereum - Total speed: 57.541 MH/s, Total shares: 1 Rejected: 0, Time: 06:08
2021-03-09 11:25:08: [Statistics] GPU0 t=52°C fan 31% power 125.00W. Total power: 125.00W
2021-03-09 11:25:15: <info>  New job from eth-eu1.nanopool.org:9433
2021-03-09 11:25:15: [Statistics] Ethereum - Total speed: 57.470 MH/s, Total shares: 1 Rejected: 0, Time: 06:14
2021-03-09 11:25:21: <info>  New job from eth-eu1.nanopool.org:9433
2021-03-09 11:25:21: [Statistics] Ethereum - Total speed: 57.261 MH/s, Total shares: 1 Rejected: 0, Time: 06:20
2021-03-09 11:25:21: [Statistics] GPU0 t=52°C fan 31% power 124.90W. Total power: 124.90W
2021-03-09 11:25:26: <info>  [Ethash] ~~~~~~ DevFee begin ~~~~~~
2021-03-09 11:25:26: <info>  New job from commission host
2021-03-09 11:25:26: [Statistics] Ethereum - Total speed: 57.197 MH/s, Total shares: 1 Rejected: 0, Time: 06:26
2021-03-09 11:25:26: [Statistics] Ethereum last 10 min - Total: 58.190 MH/s.
2021-03-09 11:25:26: <info>  New job from commission host
2021-03-09 11:25:26: [Statistics] Ethereum - Total speed: 57.197 MH/s, Total shares: 1 Rejected: 0, Time: 06:26
2021-03-09 11:25:26: [Statistics] GPU0 t=53°C fan 31% power 125.02W. Total power: 125.02W
2021-03-09 11:25:26: <info>  New job from commission host
2021-03-09 11:25:26: [Statistics] Ethereum - Total speed: 57.033 MH/s, Total shares: 1 Rejected: 0, Time: 06:26
2021-03-09 11:25:29: <info>  New job from commission host
2021-03-09 11:25:29: [Statistics] Ethereum - Total speed: 56.748 MH/s, Total shares: 1 Rejected: 0, Time: 06:29
2021-03-09 11:25:29: [Statistics] GPU0 t=53°C fan 31% power 125.18W. Total power: 125.18W
2021-03-09 11:25:30: <info>  New job from commission host
2021-03-09 11:25:30: [Statistics] Ethereum - Total speed: 56.645 MH/s, Total shares: 1 Rejected: 0, Time: 06:30
2021-03-09 11:25:30: [Statistics] Ethereum last 10 min - Total: 58.175 MH/s.
2021-03-09 11:25:31: <info>  New job from commission host
2021-03-09 11:25:31: [Statistics] Ethereum - Total speed: 56.430 MH/s, Total shares: 1 Rejected: 0, Time: 06:30
2021-03-09 11:25:31: [Statistics] GPU0 t=53°C fan 31% power 124.94W. Total power: 124.94W
2021-03-09 11:25:34: <info>  New job from commission host
2021-03-09 11:25:34: [Statistics] Ethereum - Total speed: 55.972 MH/s, Total shares: 1 Rejected: 0, Time: 06:33
2021-03-09 11:25:37: <info>  New job from commission host
2021-03-09 11:25:37: [Statistics] Ethereum - Total speed: 55.892 MH/s, Total shares: 1 Rejected: 0, Time: 06:36
2021-03-09 11:25:37: [Statistics] GPU0 t=53°C fan 31% power 124.97W. Total power: 124.97W
2021-03-09 11:25:40: <info>  New job from commission host
2021-03-09 11:25:40: [Statistics] Ethereum - Total speed: 55.659 MH/s, Total shares: 1 Rejected: 0, Time: 06:39
2021-03-09 11:25:40: [Statistics] Ethereum last 10 min - Total: 58.123 MH/s.
2021-03-09 11:25:43: <info>  New job from commission host
2021-03-09 11:25:43: [Statistics] Ethereum - Total speed: 55.758 MH/s, Total shares: 1 Rejected: 0, Time: 06:42
2021-03-09 11:25:43: [Statistics] GPU0 t=53°C fan 31% power 125.09W. Total power: 125.09W
2021-03-09 11:25:45: <info>  New job from commission host
2021-03-09 11:25:45: [Statistics] Ethereum - Total speed: 55.742 MH/s, Total shares: 1 Rejected: 0, Time: 06:44
2021-03-09 11:25:45: <info>  New job from commission host
2021-03-09 11:25:45: [Statistics] Ethereum - Total speed: 55.395 MH/s, Total shares: 1 Rejected: 0, Time: 06:44
2021-03-09 11:25:45: [Statistics] GPU0 t=53°C fan 31% power 124.79W. Total power: 124.79W
2021-03-09 11:25:48: <info>  New job from commission host
2021-03-09 11:25:48: [Statistics] Ethereum - Total speed: 55.299 MH/s, Total shares: 1 Rejected: 0, Time: 06:47
2021-03-09 11:25:48: [Statistics] Ethereum last 10 min - Total: 58.071 MH/s.
2021-03-09 11:25:51: <info>  New job from commission host
2021-03-09 11:25:51: [Statistics] Ethereum - Total speed: 55.280 MH/s, Total shares: 1 Rejected: 0, Time: 06:50
2021-03-09 11:25:51: [Statistics] GPU0 t=53°C fan 31% power 125.13W. Total power: 125.13W
2021-03-09 11:25:54: <info>  New job from commission host
2021-03-09 11:25:54: [Statistics] Ethereum - Total speed: 55.356 MH/s, Total shares: 1 Rejected: 0, Time: 06:53
2021-03-09 11:25:57: <info>  New job from commission host
2021-03-09 11:25:57: [Statistics] Ethereum - Total speed: 54.812 MH/s, Total shares: 1 Rejected: 0, Time: 06:56
2021-03-09 11:25:57: [Statistics] GPU0 t=53°C fan 31% power 124.80W. Total power: 124.80W
2021-03-09 11:26:00: <info>  New job from commission host
2021-03-09 11:26:00: [Statistics] Ethereum - Total speed: 54.836 MH/s, Total shares: 1 Rejected: 0, Time: 06:59
2021-03-09 11:26:00: [Statistics] Ethereum last 10 min - Total: 57.983 MH/s.
2021-03-09 11:26:03: <info>  New job from commission host
2021-03-09 11:26:03: [Statistics] Ethereum - Total speed: 55.010 MH/s, Total shares: 1 Rejected: 0, Time: 07:02
2021-03-09 11:26:03: [Statistics] GPU0 t=53°C fan 31% power 125.02W. Total power: 125.02W
2021-03-09 11:26:05: <info>  Terminating, please wait ...
