2021-Mar-26 00:30:26:                                    _                 
2021-Mar-26 00:30:26:  _ __   __ _ _ __   ___  _ __ ___ (_)_ __   ___ _ __ 
2021-Mar-26 00:30:26: | '_ \ / _` | '_ \ / _ \| '_ ` _ \| | '_ \ / _ \ '__|
2021-Mar-26 00:30:26: | | | | (_| | | | | (_) | | | | | | | | | |  __/ |   
2021-Mar-26 00:30:26: |_| |_|\__,_|_| |_|\___/|_| |_| |_|_|_| |_|\___|_|   
2021-Mar-26 00:30:26: 
2021-Mar-26 00:30:26: Version 3.3.2-cuda11
2021-Mar-26 00:30:26: Started EthMan server on port 3333 with a password (read-only mode).
2021-Mar-26 00:30:26: Started web interface on port 9090 with a password.
2021-Mar-26 00:30:26: CUDA driver version is 11.2, runtime version is 11.1
2021-Mar-26 00:30:26: Single device detected
2021-Mar-26 00:30:26: GPU 0 PCI 01:00.0, Platform: CUDA, Name: GeForce RTX 3070, 8192 MB available
2021-Mar-26 00:30:26: -------------------Ethash:------------------
2021-Mar-26 00:30:26: Currency: Ethereum
2021-Mar-26 00:30:26: Wallet: wallet
2021-Mar-26 00:30:26: Rig name: ferris
2021-Mar-26 00:30:26: Email: email
2021-Mar-26 00:30:26: Hashrate threshold to restart miner is not set
2021-Mar-26 00:30:26: Added pool: eth-eu1.nanopool.org:9433
2021-Mar-26 00:30:26: Added pool: eth-eu2.nanopool.org:9433
2021-Mar-26 00:30:26: Added pool: eth-us-east1.nanopool.org:9433
2021-Mar-26 00:30:26: Added pool: eth-us-west1.nanopool.org:9433
2021-Mar-26 00:30:26: Added pool: eth-asia1.nanopool.org:9433
2021-Mar-26 00:30:26: Added pool: eth-jp1.nanopool.org:9433
2021-Mar-26 00:30:26: Added pool: eth-au1.nanopool.org:9433
2021-Mar-26 00:30:26: Auto pool sorting is enabled
2021-Mar-26 00:30:26: Using all GPU devices
2021-Mar-26 00:30:26: Memory tweak: 1
2021-Mar-26 00:30:26: -------------Common parameters:-------------
2021-Mar-26 00:30:26: Log path: ./logs/
2021-Mar-26 00:30:26: Log is written to file
2021-Mar-26 00:30:26: GPU watchdog is enabled
2021-Mar-26 00:30:26: Never calling reboot.bat (always restarting the miner in case of errors). 
2021-Mar-26 00:30:26: Setting up algorithm: Ethash
2021-Mar-26 00:30:27: Connecting to pools...
2021-Mar-26 00:30:27: Connected to pool: eth-eu1.nanopool.org:9433 | IP: 51.15.89.69 | ping: 105 ms.
2021-Mar-26 00:30:27: New job from eth-eu1.nanopool.org:9433 | share difficulty = 10000 MH, epoch 403 (4247 MB)
2021-Mar-26 00:30:27: Ethereum - Total speed: 0.000 H/s, Total shares: 0 Rejected: 0, Time: 00:01
2021-Mar-26 00:30:27: GPU0 t=36°C fan 31% power 45.54W. Total power: 45.54W
2021-Mar-26 00:30:28: New job from eth-eu1.nanopool.org:9433
2021-Mar-26 00:30:28: Ethereum - Total speed: 0.000 H/s, Total shares: 0 Rejected: 0, Time: 00:01
2021-Mar-26 00:30:28: Ethereum last 10 min - Total: 0.000 H/s.
2021-Mar-26 00:30:30: New job from eth-eu1.nanopool.org:9433
2021-Mar-26 00:30:30: Ethereum - Total speed: 0.000 H/s, Total shares: 0 Rejected: 0, Time: 00:03
2021-Mar-26 00:30:30: GPU0 t=36°C fan 31% power 45.87W. Total power: 45.87W
2021-Mar-26 00:30:33: New job from eth-eu1.nanopool.org:9433
2021-Mar-26 00:30:33: Ethereum - Total speed: 0.000 H/s, Total shares: 0 Rejected: 0, Time: 00:06
2021-Mar-26 00:30:34: GPU0: 4247 MB DAG generated in 3.73 seconds
2021-Mar-26 00:30:36: New job from eth-eu1.nanopool.org:9433
2021-Mar-26 00:30:36: Ethereum - Total speed: 50.185 MH/s, Total shares: 0 Rejected: 0, Time: 00:09
2021-Mar-26 00:30:36: GPU0 t=50°C fan 31% power 190.78W. Total power: 190.78W
2021-Mar-26 00:30:39: New job from eth-eu1.nanopool.org:9433
2021-Mar-26 00:30:39: Ethereum - Total speed: 50.201 MH/s, Total shares: 0 Rejected: 0, Time: 00:12
2021-Mar-26 00:30:39: Ethereum last 10 min - Total: 50.193 MH/s.
2021-Mar-26 00:30:42: New job from eth-eu1.nanopool.org:9433
2021-Mar-26 00:30:42: Ethereum - Total speed: 50.239 MH/s, Total shares: 0 Rejected: 0, Time: 00:16
2021-Mar-26 00:30:42: GPU0 t=53°C fan 31% power 188.53W. Total power: 188.53W
2021-Mar-26 00:30:45: New job from eth-eu1.nanopool.org:9433
2021-Mar-26 00:30:45: Ethereum - Total speed: 50.173 MH/s, Total shares: 0 Rejected: 0, Time: 00:18
2021-Mar-26 00:30:47: New job from eth-eu1.nanopool.org:9433
2021-Mar-26 00:30:47: Ethereum - Total speed: 50.165 MH/s, Total shares: 0 Rejected: 0, Time: 00:20
2021-Mar-26 00:30:47: GPU0 t=54°C fan 31% power 193.31W. Total power: 193.31W
2021-Mar-26 00:30:50: New job from eth-eu1.nanopool.org:9433
2021-Mar-26 00:30:50: Ethereum - Total speed: 50.180 MH/s, Total shares: 0 Rejected: 0, Time: 00:23
2021-Mar-26 00:30:50: Ethereum last 10 min - Total: 50.193 MH/s.
2021-Mar-26 00:30:52: New job from eth-eu1.nanopool.org:9433
2021-Mar-26 00:30:52: Ethereum - Total speed: 50.195 MH/s, Total shares: 0 Rejected: 0, Time: 00:26
2021-Mar-26 00:30:52: GPU0 t=55°C fan 31% power 193.95W. Total power: 193.95W
2021-Mar-26 00:30:53: New job from eth-eu1.nanopool.org:9433
2021-Mar-26 00:30:53: Ethereum - Total speed: 50.166 MH/s, Total shares: 0 Rejected: 0, Time: 00:26
2021-Mar-26 00:30:54: New job from eth-eu1.nanopool.org:9433
2021-Mar-26 00:30:54: Ethereum - Total speed: 50.074 MH/s, Total shares: 0 Rejected: 0, Time: 00:28
2021-Mar-26 00:30:54: GPU0 t=56°C fan 31% power 194.97W. Total power: 194.97W
2021-Mar-26 00:30:55: New job from eth-eu1.nanopool.org:9433
2021-Mar-26 00:30:55: Ethereum - Total speed: 50.084 MH/s, Total shares: 0 Rejected: 0, Time: 00:28
2021-Mar-26 00:30:55: Ethereum last 10 min - Total: 50.184 MH/s.
2021-Mar-26 00:30:58: New job from eth-eu1.nanopool.org:9433
2021-Mar-26 00:30:58: Ethereum - Total speed: 49.774 MH/s, Total shares: 0 Rejected: 0, Time: 00:31
2021-Mar-26 00:30:58: GPU0 t=56°C fan 31% power 194.80W. Total power: 194.80W
2021-Mar-26 00:31:00: New job from eth-eu1.nanopool.org:9433
2021-Mar-26 00:31:00: Ethereum - Total speed: 49.796 MH/s, Total shares: 0 Rejected: 0, Time: 00:33
2021-Mar-26 00:31:04: New job from eth-eu1.nanopool.org:9433
2021-Mar-26 00:31:04: Ethereum - Total speed: 49.860 MH/s, Total shares: 0 Rejected: 0, Time: 00:38
2021-Mar-26 00:31:04: GPU0 t=58°C fan 31% power 197.27W. Total power: 197.27W
2021-Mar-26 00:31:04: New job from eth-eu1.nanopool.org:9433
2021-Mar-26 00:31:04: Ethereum - Total speed: 49.860 MH/s, Total shares: 0 Rejected: 0, Time: 00:38
2021-Mar-26 00:31:04: Ethereum last 10 min - Total: 50.070 MH/s.
2021-Mar-26 00:31:06: New job from eth-eu1.nanopool.org:9433
2021-Mar-26 00:31:06: Ethereum - Total speed: 49.947 MH/s, Total shares: 0 Rejected: 0, Time: 00:39
2021-Mar-26 00:31:06: GPU0 t=58°C fan 31% power 197.84W. Total power: 197.84W
2021-Mar-26 00:31:09: New job from eth-eu1.nanopool.org:9433
2021-Mar-26 00:31:09: Ethereum - Total speed: 50.045 MH/s, Total shares: 0 Rejected: 0, Time: 00:42
2021-Mar-26 00:31:12: New job from eth-eu1.nanopool.org:9433
2021-Mar-26 00:31:12: Ethereum - Total speed: 50.140 MH/s, Total shares: 0 Rejected: 0, Time: 00:45
2021-Mar-26 00:31:12: GPU0 t=59°C fan 33% power 197.50W. Total power: 197.50W
2021-Mar-26 00:31:15: New job from eth-eu1.nanopool.org:9433
2021-Mar-26 00:31:15: Ethereum - Total speed: 50.163 MH/s, Total shares: 0 Rejected: 0, Time: 00:48
2021-Mar-26 00:31:15: Ethereum last 10 min - Total: 50.066 MH/s.
2021-Mar-26 00:31:18: New job from eth-eu1.nanopool.org:9433
2021-Mar-26 00:31:18: Ethereum - Total speed: 50.200 MH/s, Total shares: 0 Rejected: 0, Time: 00:51
2021-Mar-26 00:31:18: GPU0 t=60°C fan 35% power 199.77W. Total power: 199.77W
2021-Mar-26 00:31:21: New job from eth-eu1.nanopool.org:9433
2021-Mar-26 00:31:21: Ethereum - Total speed: 50.275 MH/s, Total shares: 0 Rejected: 0, Time: 00:54
2021-Mar-26 00:31:24: New job from eth-eu1.nanopool.org:9433
2021-Mar-26 00:31:24: Ethereum - Total speed: 50.347 MH/s, Total shares: 0 Rejected: 0, Time: 00:57
2021-Mar-26 00:31:24: GPU0 t=61°C fan 37% power 200.27W. Total power: 200.27W
2021-Mar-26 00:31:26: New job from eth-eu1.nanopool.org:9433
2021-Mar-26 00:31:26: Ethereum - Total speed: 50.403 MH/s, Total shares: 0 Rejected: 0, Time: 00:59
2021-Mar-26 00:31:26: Ethereum last 10 min - Total: 50.111 MH/s.
2021-Mar-26 00:31:29: New job from eth-eu1.nanopool.org:9433
2021-Mar-26 00:31:29: Ethereum - Total speed: 50.441 MH/s, Total shares: 0 Rejected: 0, Time: 01:02
2021-Mar-26 00:31:29: GPU0 t=61°C fan 38% power 199.25W. Total power: 199.25W
2021-Mar-26 00:31:32: New job from eth-eu1.nanopool.org:9433
2021-Mar-26 00:31:32: Ethereum - Total speed: 50.455 MH/s, Total shares: 0 Rejected: 0, Time: 01:05
2021-Mar-26 00:31:35: New job from eth-eu1.nanopool.org:9433
2021-Mar-26 00:31:35: Ethereum - Total speed: 50.457 MH/s, Total shares: 0 Rejected: 0, Time: 01:08
2021-Mar-26 00:31:35: GPU0 t=62°C fan 39% power 200.97W. Total power: 200.97W
2021-Mar-26 00:31:38: New job from eth-eu1.nanopool.org:9433
2021-Mar-26 00:31:38: Ethereum - Total speed: 50.505 MH/s, Total shares: 0 Rejected: 0, Time: 01:11
2021-Mar-26 00:31:38: Ethereum last 10 min - Total: 50.177 MH/s.
2021-Mar-26 00:31:41: New job from eth-eu1.nanopool.org:9433
2021-Mar-26 00:31:41: Ethereum - Total speed: 50.544 MH/s, Total shares: 0 Rejected: 0, Time: 01:14
2021-Mar-26 00:31:41: GPU0 t=62°C fan 41% power 201.50W. Total power: 201.50W
2021-Mar-26 00:31:44: New job from eth-eu1.nanopool.org:9433
2021-Mar-26 00:31:44: Ethereum - Total speed: 50.580 MH/s, Total shares: 0 Rejected: 0, Time: 01:17
2021-Mar-26 00:31:47: New job from eth-eu1.nanopool.org:9433
2021-Mar-26 00:31:47: Ethereum - Total speed: 50.614 MH/s, Total shares: 0 Rejected: 0, Time: 01:20
2021-Mar-26 00:31:47: GPU0 t=63°C fan 42% power 199.92W. Total power: 199.92W
2021-Mar-26 00:31:48: New job from eth-eu1.nanopool.org:9433
2021-Mar-26 00:31:48: Ethereum - Total speed: 50.560 MH/s, Total shares: 0 Rejected: 0, Time: 01:22
2021-Mar-26 00:31:48: Ethereum last 10 min - Total: 50.233 MH/s.
2021-Mar-26 00:31:51: New job from eth-eu1.nanopool.org:9433
2021-Mar-26 00:31:51: Ethereum - Total speed: 50.334 MH/s, Total shares: 0 Rejected: 0, Time: 01:24
2021-Mar-26 00:31:51: GPU0 t=63°C fan 42% power 201.40W. Total power: 201.40W
2021-Mar-26 00:31:54: New job from eth-eu1.nanopool.org:9433
2021-Mar-26 00:31:54: Ethereum - Total speed: 50.366 MH/s, Total shares: 0 Rejected: 0, Time: 01:27
2021-Mar-26 00:31:57: New job from eth-eu1.nanopool.org:9433
2021-Mar-26 00:31:57: Ethereum - Total speed: 50.325 MH/s, Total shares: 0 Rejected: 0, Time: 01:30
2021-Mar-26 00:31:57: GPU0 t=63°C fan 43% power 202.35W. Total power: 202.35W
2021-Mar-26 00:32:00: New job from eth-eu1.nanopool.org:9433
2021-Mar-26 00:32:00: Ethereum - Total speed: 50.318 MH/s, Total shares: 0 Rejected: 0, Time: 01:33
2021-Mar-26 00:32:00: Ethereum last 10 min - Total: 50.251 MH/s.
2021-Mar-26 00:32:03: New job from eth-eu1.nanopool.org:9433
2021-Mar-26 00:32:03: Ethereum - Total speed: 50.341 MH/s, Total shares: 0 Rejected: 0, Time: 01:36
2021-Mar-26 00:32:03: GPU0 t=64°C fan 44% power 202.16W. Total power: 202.16W
2021-Mar-26 00:32:06: New job from eth-eu1.nanopool.org:9433
2021-Mar-26 00:32:06: Ethereum - Total speed: 50.373 MH/s, Total shares: 0 Rejected: 0, Time: 01:39
2021-Mar-26 00:32:09: New job from eth-eu1.nanopool.org:9433
2021-Mar-26 00:32:09: Ethereum - Total speed: 50.416 MH/s, Total shares: 0 Rejected: 0, Time: 01:42
2021-Mar-26 00:32:09: GPU0 t=64°C fan 45% power 203.28W. Total power: 203.28W
2021-Mar-26 00:32:12: New job from eth-eu1.nanopool.org:9433
2021-Mar-26 00:32:12: Ethereum - Total speed: 50.453 MH/s, Total shares: 0 Rejected: 0, Time: 01:45
2021-Mar-26 00:32:12: Ethereum last 10 min - Total: 50.267 MH/s.
2021-Mar-26 00:32:15: New job from eth-eu1.nanopool.org:9433
2021-Mar-26 00:32:15: Ethereum - Total speed: 50.397 MH/s, Total shares: 0 Rejected: 0, Time: 01:48
2021-Mar-26 00:32:15: GPU0 t=64°C fan 45% power 201.55W. Total power: 201.55W
2021-Mar-26 00:32:18: New job from eth-eu1.nanopool.org:9433
2021-Mar-26 00:32:18: Ethereum - Total speed: 50.325 MH/s, Total shares: 0 Rejected: 0, Time: 01:51
2021-Mar-26 00:32:21: New job from eth-eu1.nanopool.org:9433
2021-Mar-26 00:32:21: Ethereum - Total speed: 50.325 MH/s, Total shares: 0 Rejected: 0, Time: 01:54
2021-Mar-26 00:32:21: GPU0 t=64°C fan 46% power 203.12W. Total power: 203.12W
2021-Mar-26 00:32:24: New job from eth-eu1.nanopool.org:9433
2021-Mar-26 00:32:24: Ethereum - Total speed: 50.370 MH/s, Total shares: 0 Rejected: 0, Time: 01:57
2021-Mar-26 00:32:24: Ethereum last 10 min - Total: 50.277 MH/s.
2021-Mar-26 00:32:27: New job from eth-eu1.nanopool.org:9433
2021-Mar-26 00:32:27: Ethereum - Total speed: 50.338 MH/s, Total shares: 0 Rejected: 0, Time: 02:00
2021-Mar-26 00:32:27: GPU0 t=64°C fan 46% power 202.40W. Total power: 202.40W
2021-Mar-26 00:32:30: New job from eth-eu1.nanopool.org:9433
2021-Mar-26 00:32:30: Ethereum - Total speed: 50.355 MH/s, Total shares: 0 Rejected: 0, Time: 02:03
2021-Mar-26 00:32:33: New job from eth-eu1.nanopool.org:9433
2021-Mar-26 00:32:33: Ethereum - Total speed: 50.364 MH/s, Total shares: 0 Rejected: 0, Time: 02:06
2021-Mar-26 00:32:33: GPU0 t=65°C fan 47% power 203.38W. Total power: 203.38W
2021-Mar-26 00:32:36: New job from eth-eu1.nanopool.org:9433
2021-Mar-26 00:32:36: Ethereum - Total speed: 50.357 MH/s, Total shares: 0 Rejected: 0, Time: 02:09
2021-Mar-26 00:32:36: Ethereum last 10 min - Total: 50.285 MH/s.
2021-Mar-26 00:32:39: New job from eth-eu1.nanopool.org:9433
2021-Mar-26 00:32:39: Ethereum - Total speed: 50.379 MH/s, Total shares: 0 Rejected: 0, Time: 02:12
2021-Mar-26 00:32:39: GPU0 t=65°C fan 47% power 204.38W. Total power: 204.38W
2021-Mar-26 00:32:42: New job from eth-eu1.nanopool.org:9433
2021-Mar-26 00:32:42: Ethereum - Total speed: 50.393 MH/s, Total shares: 0 Rejected: 0, Time: 02:15
2021-Mar-26 00:32:43: New job from eth-eu1.nanopool.org:9433
2021-Mar-26 00:32:43: Ethereum - Total speed: 50.383 MH/s, Total shares: 0 Rejected: 0, Time: 02:16
2021-Mar-26 00:32:43: GPU0 t=65°C fan 47% power 203.85W. Total power: 203.85W
2021-Mar-26 00:32:46: New job from eth-eu1.nanopool.org:9433
2021-Mar-26 00:32:46: Ethereum - Total speed: 50.363 MH/s, Total shares: 0 Rejected: 0, Time: 02:19
2021-Mar-26 00:32:46: Ethereum last 10 min - Total: 50.292 MH/s.
2021-Mar-26 00:32:49: New job from eth-eu1.nanopool.org:9433
2021-Mar-26 00:32:49: Ethereum - Total speed: 50.330 MH/s, Total shares: 0 Rejected: 0, Time: 02:22
2021-Mar-26 00:32:49: GPU0 t=65°C fan 48% power 202.91W. Total power: 202.91W
2021-Mar-26 00:32:52: New job from eth-eu1.nanopool.org:9433
2021-Mar-26 00:32:52: Ethereum - Total speed: 50.292 MH/s, Total shares: 0 Rejected: 0, Time: 02:25
2021-Mar-26 00:32:53: New job from eth-eu1.nanopool.org:9433
2021-Mar-26 00:32:53: Ethereum - Total speed: 50.265 MH/s, Total shares: 0 Rejected: 0, Time: 02:26
2021-Mar-26 00:32:53: GPU0 t=65°C fan 48% power 203.37W. Total power: 203.37W
2021-Mar-26 00:32:53: New job from eth-eu1.nanopool.org:9433
2021-Mar-26 00:32:53: Ethereum - Total speed: 50.223 MH/s, Total shares: 0 Rejected: 0, Time: 02:27
2021-Mar-26 00:32:53: Ethereum last 10 min - Total: 50.293 MH/s.
2021-Mar-26 00:32:56: New job from eth-eu1.nanopool.org:9433
2021-Mar-26 00:32:56: Ethereum - Total speed: 50.228 MH/s, Total shares: 0 Rejected: 0, Time: 02:29
2021-Mar-26 00:32:56: GPU0 t=65°C fan 48% power 201.04W. Total power: 201.04W
2021-Mar-26 00:32:59: New job from eth-eu1.nanopool.org:9433
2021-Mar-26 00:32:59: Ethereum - Total speed: 50.129 MH/s, Total shares: 0 Rejected: 0, Time: 02:32
2021-Mar-26 00:33:02: New job from eth-eu1.nanopool.org:9433
2021-Mar-26 00:33:02: Ethereum - Total speed: 50.181 MH/s, Total shares: 0 Rejected: 0, Time: 02:35
2021-Mar-26 00:33:02: GPU0 t=65°C fan 48% power 205.41W. Total power: 205.41W
2021-Mar-26 00:33:05: New job from eth-eu1.nanopool.org:9433
2021-Mar-26 00:33:05: Ethereum - Total speed: 50.231 MH/s, Total shares: 0 Rejected: 0, Time: 02:38
2021-Mar-26 00:33:05: Ethereum last 10 min - Total: 50.285 MH/s.
2021-Mar-26 00:33:05: New job from eth-eu1.nanopool.org:9433
2021-Mar-26 00:33:05: Ethereum - Total speed: 50.284 MH/s, Total shares: 0 Rejected: 0, Time: 02:38
2021-Mar-26 00:33:05: GPU0 t=65°C fan 48% power 204.87W. Total power: 204.87W
2021-Mar-26 00:33:05: New job from eth-eu1.nanopool.org:9433
2021-Mar-26 00:33:05: Ethereum - Total speed: 50.292 MH/s, Total shares: 0 Rejected: 0, Time: 02:39
2021-Mar-26 00:33:09: New job from eth-eu1.nanopool.org:9433
2021-Mar-26 00:33:09: Ethereum - Total speed: 50.247 MH/s, Total shares: 0 Rejected: 0, Time: 02:42
2021-Mar-26 00:33:09: GPU0 t=65°C fan 48% power 205.16W. Total power: 205.16W
2021-Mar-26 00:33:11: New job from eth-eu1.nanopool.org:9433
2021-Mar-26 00:33:11: Ethereum - Total speed: 50.283 MH/s, Total shares: 0 Rejected: 0, Time: 02:45
2021-Mar-26 00:33:11: Ethereum last 10 min - Total: 50.285 MH/s.
2021-Mar-26 00:33:15: New job from eth-eu1.nanopool.org:9433
2021-Mar-26 00:33:15: Ethereum - Total speed: 50.101 MH/s, Total shares: 0 Rejected: 0, Time: 02:48
2021-Mar-26 00:33:15: GPU0 t=65°C fan 49% power 203.74W. Total power: 203.74W
2021-Mar-26 00:33:17: New job from eth-eu1.nanopool.org:9433
2021-Mar-26 00:33:17: Ethereum - Total speed: 50.026 MH/s, Total shares: 0 Rejected: 0, Time: 02:50
2021-Mar-26 00:33:19: New job from eth-eu1.nanopool.org:9433
2021-Mar-26 00:33:19: Ethereum - Total speed: 49.860 MH/s, Total shares: 0 Rejected: 0, Time: 02:53
2021-Mar-26 00:33:19: GPU0 t=65°C fan 49% power 203.96W. Total power: 203.96W
2021-Mar-26 00:33:20: New job from eth-eu1.nanopool.org:9433
2021-Mar-26 00:33:20: Ethereum - Total speed: 49.716 MH/s, Total shares: 0 Rejected: 0, Time: 02:53
2021-Mar-26 00:33:20: Ethereum last 10 min - Total: 50.274 MH/s.
2021-Mar-26 00:33:22: New job from eth-eu1.nanopool.org:9433
2021-Mar-26 00:33:22: Ethereum - Total speed: 49.830 MH/s, Total shares: 0 Rejected: 0, Time: 02:56
2021-Mar-26 00:33:22: GPU0 t=65°C fan 49% power 197.85W. Total power: 197.85W
2021-Mar-26 00:33:25: New job from eth-eu1.nanopool.org:9433
2021-Mar-26 00:33:25: Ethereum - Total speed: 49.714 MH/s, Total shares: 0 Rejected: 0, Time: 02:59
2021-Mar-26 00:33:28: New job from eth-eu1.nanopool.org:9433
2021-Mar-26 00:33:28: Ethereum - Total speed: 49.802 MH/s, Total shares: 0 Rejected: 0, Time: 03:01
2021-Mar-26 00:33:28: GPU0 t=66°C fan 49% power 205.93W. Total power: 205.93W
2021-Mar-26 00:33:30: New job from eth-eu1.nanopool.org:9433
2021-Mar-26 00:33:30: Ethereum - Total speed: 49.920 MH/s, Total shares: 0 Rejected: 0, Time: 03:03
2021-Mar-26 00:33:30: Ethereum last 10 min - Total: 50.246 MH/s.
2021-Mar-26 00:33:31: New job from eth-eu1.nanopool.org:9433
2021-Mar-26 00:33:31: Ethereum - Total speed: 49.882 MH/s, Total shares: 0 Rejected: 0, Time: 03:04
2021-Mar-26 00:33:31: GPU0 t=65°C fan 49% power 204.45W. Total power: 204.45W
2021-Mar-26 00:33:34: New job from eth-eu1.nanopool.org:9433
2021-Mar-26 00:33:34: Ethereum - Total speed: 49.901 MH/s, Total shares: 0 Rejected: 0, Time: 03:07
2021-Mar-26 00:33:37: New job from eth-eu1.nanopool.org:9433
2021-Mar-26 00:33:37: Ethereum - Total speed: 49.957 MH/s, Total shares: 0 Rejected: 0, Time: 03:10
2021-Mar-26 00:33:37: GPU0 t=65°C fan 49% power 203.78W. Total power: 203.78W
2021-Mar-26 00:33:40: New job from eth-eu1.nanopool.org:9433
2021-Mar-26 00:33:40: Ethereum - Total speed: 49.967 MH/s, Total shares: 0 Rejected: 0, Time: 03:13
2021-Mar-26 00:33:40: Ethereum last 10 min - Total: 50.228 MH/s.
2021-Mar-26 00:33:43: New job from eth-eu1.nanopool.org:9433
2021-Mar-26 00:33:43: Ethereum - Total speed: 49.926 MH/s, Total shares: 0 Rejected: 0, Time: 03:16
2021-Mar-26 00:33:43: GPU0 t=66°C fan 49% power 205.16W. Total power: 205.16W
2021-Mar-26 00:33:46: New job from eth-eu1.nanopool.org:9433
2021-Mar-26 00:33:46: Ethereum - Total speed: 49.953 MH/s, Total shares: 0 Rejected: 0, Time: 03:19
2021-Mar-26 00:33:49: New job from eth-eu1.nanopool.org:9433
2021-Mar-26 00:33:49: Ethereum - Total speed: 49.992 MH/s, Total shares: 0 Rejected: 0, Time: 03:22
2021-Mar-26 00:33:49: GPU0 t=66°C fan 50% power 205.12W. Total power: 205.12W
2021-Mar-26 00:33:52: New job from eth-eu1.nanopool.org:9433
2021-Mar-26 00:33:52: Ethereum - Total speed: 50.052 MH/s, Total shares: 0 Rejected: 0, Time: 03:25
2021-Mar-26 00:33:52: Ethereum last 10 min - Total: 50.212 MH/s.
2021-Mar-26 00:33:55: New job from eth-eu1.nanopool.org:9433
2021-Mar-26 00:33:55: Ethereum - Total speed: 50.145 MH/s, Total shares: 0 Rejected: 0, Time: 03:28
2021-Mar-26 00:33:55: GPU0 t=66°C fan 50% power 206.17W. Total power: 206.17W
2021-Mar-26 00:33:58: New job from eth-eu1.nanopool.org:9433
2021-Mar-26 00:33:58: Ethereum - Total speed: 50.229 MH/s, Total shares: 0 Rejected: 0, Time: 03:31
2021-Mar-26 00:34:01: New job from eth-eu1.nanopool.org:9433
2021-Mar-26 00:34:01: Ethereum - Total speed: 50.306 MH/s, Total shares: 0 Rejected: 0, Time: 03:34
2021-Mar-26 00:34:01: GPU0 t=66°C fan 50% power 206.10W. Total power: 206.10W
2021-Mar-26 00:34:04: New job from eth-eu1.nanopool.org:9433
2021-Mar-26 00:34:04: Ethereum - Total speed: 50.371 MH/s, Total shares: 0 Rejected: 0, Time: 03:37
2021-Mar-26 00:34:04: Ethereum last 10 min - Total: 50.213 MH/s.
2021-Mar-26 00:34:07: New job from eth-eu1.nanopool.org:9433
2021-Mar-26 00:34:07: Ethereum - Total speed: 50.434 MH/s, Total shares: 0 Rejected: 0, Time: 03:40
2021-Mar-26 00:34:07: GPU0 t=66°C fan 50% power 206.13W. Total power: 206.13W
2021-Mar-26 00:34:10: New job from eth-eu1.nanopool.org:9433
2021-Mar-26 00:34:10: Ethereum - Total speed: 50.489 MH/s, Total shares: 0 Rejected: 0, Time: 03:43
2021-Mar-26 00:34:13: New job from eth-eu1.nanopool.org:9433
2021-Mar-26 00:34:13: Ethereum - Total speed: 50.538 MH/s, Total shares: 0 Rejected: 0, Time: 03:46
2021-Mar-26 00:34:13: GPU0 t=66°C fan 50% power 206.24W. Total power: 206.24W
2021-Mar-26 00:34:16: New job from eth-eu1.nanopool.org:9433
2021-Mar-26 00:34:16: Ethereum - Total speed: 50.584 MH/s, Total shares: 0 Rejected: 0, Time: 03:49
2021-Mar-26 00:34:16: Ethereum last 10 min - Total: 50.228 MH/s.
2021-Mar-26 00:34:19: New job from eth-eu1.nanopool.org:9433
2021-Mar-26 00:34:19: Ethereum - Total speed: 50.626 MH/s, Total shares: 0 Rejected: 0, Time: 03:52
2021-Mar-26 00:34:19: GPU0 t=66°C fan 51% power 206.16W. Total power: 206.16W
2021-Mar-26 00:34:22: New job from eth-eu1.nanopool.org:9433
2021-Mar-26 00:34:22: Ethereum - Total speed: 50.662 MH/s, Total shares: 0 Rejected: 0, Time: 03:55
2021-Mar-26 00:34:22: New job from eth-eu1.nanopool.org:9433
2021-Mar-26 00:34:22: Ethereum - Total speed: 50.667 MH/s, Total shares: 0 Rejected: 0, Time: 03:56
2021-Mar-26 00:34:22: GPU0 t=66°C fan 51% power 205.93W. Total power: 205.93W
2021-Mar-26 00:34:23: New job from eth-eu1.nanopool.org:9433
2021-Mar-26 00:34:23: Ethereum - Total speed: 50.684 MH/s, Total shares: 0 Rejected: 0, Time: 03:56
2021-Mar-26 00:34:23: Ethereum last 10 min - Total: 50.240 MH/s.
2021-Mar-26 00:34:24: New job from eth-eu1.nanopool.org:9433
2021-Mar-26 00:34:24: Ethereum - Total speed: 50.701 MH/s, Total shares: 0 Rejected: 0, Time: 03:58
2021-Mar-26 00:34:24: GPU0 t=66°C fan 51% power 205.42W. Total power: 205.42W
2021-Mar-26 00:34:26: New job from eth-eu1.nanopool.org:9433
2021-Mar-26 00:34:26: Ethereum - Total speed: 50.694 MH/s, Total shares: 0 Rejected: 0, Time: 03:59
2021-Mar-26 00:34:28: New job from eth-eu1.nanopool.org:9433
2021-Mar-26 00:34:28: Ethereum - Total speed: 50.570 MH/s, Total shares: 0 Rejected: 0, Time: 04:01
2021-Mar-26 00:34:28: GPU0 t=66°C fan 51% power 204.85W. Total power: 204.85W
2021-Mar-26 00:34:31: New job from eth-eu1.nanopool.org:9433
2021-Mar-26 00:34:31: Ethereum - Total speed: 50.546 MH/s, Total shares: 0 Rejected: 0, Time: 04:04
2021-Mar-26 00:34:31: Ethereum last 10 min - Total: 50.253 MH/s.
2021-Mar-26 00:34:34: New job from eth-eu1.nanopool.org:9433
2021-Mar-26 00:34:34: Ethereum - Total speed: 50.576 MH/s, Total shares: 0 Rejected: 0, Time: 04:07
2021-Mar-26 00:34:34: GPU0 t=66°C fan 51% power 206.41W. Total power: 206.41W
2021-Mar-26 00:34:37: New job from eth-eu1.nanopool.org:9433
2021-Mar-26 00:34:37: Ethereum - Total speed: 50.613 MH/s, Total shares: 0 Rejected: 0, Time: 04:10
2021-Mar-26 00:34:38: New job from eth-eu1.nanopool.org:9433
2021-Mar-26 00:34:38: Ethereum - Total speed: 50.639 MH/s, Total shares: 0 Rejected: 0, Time: 04:11
2021-Mar-26 00:34:38: GPU0 t=66°C fan 51% power 206.19W. Total power: 206.19W
2021-Mar-26 00:34:40: New job from eth-eu1.nanopool.org:9433
2021-Mar-26 00:34:40: Ethereum - Total speed: 50.654 MH/s, Total shares: 0 Rejected: 0, Time: 04:14
2021-Mar-26 00:34:40: Ethereum last 10 min - Total: 50.267 MH/s.
2021-Mar-26 00:34:43: New job from eth-eu1.nanopool.org:9433
2021-Mar-26 00:34:43: Ethereum - Total speed: 50.648 MH/s, Total shares: 0 Rejected: 0, Time: 04:17
2021-Mar-26 00:34:43: GPU0 t=66°C fan 51% power 206.38W. Total power: 206.38W
2021-Mar-26 00:34:44: New job from eth-eu1.nanopool.org:9433
2021-Mar-26 00:34:44: Ethereum - Total speed: 50.638 MH/s, Total shares: 0 Rejected: 0, Time: 04:17
2021-Mar-26 00:34:47: New job from eth-eu1.nanopool.org:9433
2021-Mar-26 00:34:47: Ethereum - Total speed: 50.662 MH/s, Total shares: 0 Rejected: 0, Time: 04:21
2021-Mar-26 00:34:47: GPU0 t=66°C fan 51% power 205.78W. Total power: 205.78W
2021-Mar-26 00:34:50: New job from eth-eu1.nanopool.org:9433
2021-Mar-26 00:34:50: Ethereum - Total speed: 50.676 MH/s, Total shares: 0 Rejected: 0, Time: 04:23
2021-Mar-26 00:34:50: Ethereum last 10 min - Total: 50.282 MH/s.
2021-Mar-26 00:34:53: New job from eth-eu1.nanopool.org:9433
2021-Mar-26 00:34:53: Ethereum - Total speed: 50.693 MH/s, Total shares: 0 Rejected: 0, Time: 04:26
2021-Mar-26 00:34:53: GPU0 t=66°C fan 51% power 206.26W. Total power: 206.26W
2021-Mar-26 00:34:56: New job from eth-eu1.nanopool.org:9433
2021-Mar-26 00:34:56: Ethereum - Total speed: 50.708 MH/s, Total shares: 0 Rejected: 0, Time: 04:29
2021-Mar-26 00:34:59: New job from eth-eu1.nanopool.org:9433
2021-Mar-26 00:34:59: Ethereum - Total speed: 50.723 MH/s, Total shares: 0 Rejected: 0, Time: 04:32
2021-Mar-26 00:34:59: GPU0 t=66°C fan 51% power 205.85W. Total power: 205.85W
2021-Mar-26 00:35:02: New job from eth-eu1.nanopool.org:9433
2021-Mar-26 00:35:02: Ethereum - Total speed: 50.693 MH/s, Total shares: 0 Rejected: 0, Time: 04:35
2021-Mar-26 00:35:02: Ethereum last 10 min - Total: 50.300 MH/s.
2021-Mar-26 00:35:02: New job from eth-eu1.nanopool.org:9433
2021-Mar-26 00:35:02: Ethereum - Total speed: 50.627 MH/s, Total shares: 0 Rejected: 0, Time: 04:36
2021-Mar-26 00:35:02: GPU0 t=66°C fan 51% power 205.65W. Total power: 205.65W
2021-Mar-26 00:35:03: New job from eth-eu1.nanopool.org:9433
2021-Mar-26 00:35:03: Ethereum - Total speed: 50.632 MH/s, Total shares: 0 Rejected: 0, Time: 04:36
2021-Mar-26 00:35:06: New job from eth-eu1.nanopool.org:9433
2021-Mar-26 00:35:06: Ethereum - Total speed: 50.547 MH/s, Total shares: 0 Rejected: 0, Time: 04:39
2021-Mar-26 00:35:06: GPU0 t=66°C fan 52% power 206.81W. Total power: 206.81W
2021-Mar-26 00:35:09: New job from eth-eu1.nanopool.org:9433
2021-Mar-26 00:35:09: Ethereum - Total speed: 50.543 MH/s, Total shares: 0 Rejected: 0, Time: 04:42
2021-Mar-26 00:35:09: Ethereum last 10 min - Total: 50.307 MH/s.
2021-Mar-26 00:35:12: New job from eth-eu1.nanopool.org:9433
2021-Mar-26 00:35:12: Ethereum - Total speed: 50.527 MH/s, Total shares: 0 Rejected: 0, Time: 04:45
2021-Mar-26 00:35:12: GPU0 t=66°C fan 52% power 206.23W. Total power: 206.23W
2021-Mar-26 00:35:14: New job from eth-eu1.nanopool.org:9433
2021-Mar-26 00:35:14: Ethereum - Total speed: 50.506 MH/s, Total shares: 0 Rejected: 0, Time: 04:47
2021-Mar-26 00:35:14: New job from eth-eu1.nanopool.org:9433
2021-Mar-26 00:35:14: Ethereum - Total speed: 50.537 MH/s, Total shares: 0 Rejected: 0, Time: 04:47
2021-Mar-26 00:35:14: GPU0 t=66°C fan 52% power 206.20W. Total power: 206.20W
2021-Mar-26 00:35:17: New job from eth-eu1.nanopool.org:9433
2021-Mar-26 00:35:17: Ethereum - Total speed: 50.502 MH/s, Total shares: 0 Rejected: 0, Time: 04:50
2021-Mar-26 00:35:17: Ethereum last 10 min - Total: 50.314 MH/s.
2021-Mar-26 00:35:20: New job from eth-eu1.nanopool.org:9433
2021-Mar-26 00:35:20: Ethereum - Total speed: 50.474 MH/s, Total shares: 0 Rejected: 0, Time: 04:53
2021-Mar-26 00:35:20: GPU0 t=66°C fan 52% power 206.32W. Total power: 206.32W
2021-Mar-26 00:35:23: New job from eth-eu1.nanopool.org:9433
2021-Mar-26 00:35:23: Ethereum - Total speed: 50.504 MH/s, Total shares: 0 Rejected: 0, Time: 04:56
2021-Mar-26 00:35:26: New job from eth-eu1.nanopool.org:9433
2021-Mar-26 00:35:26: Ethereum - Total speed: 50.546 MH/s, Total shares: 0 Rejected: 0, Time: 04:59
2021-Mar-26 00:35:26: GPU0 t=66°C fan 52% power 206.66W. Total power: 206.66W
2021-Mar-26 00:35:28: New job from eth-eu1.nanopool.org:9433
2021-Mar-26 00:35:28: Ethereum - Total speed: 50.589 MH/s, Total shares: 0 Rejected: 0, Time: 05:02
2021-Mar-26 00:35:28: Ethereum last 10 min - Total: 50.321 MH/s.
2021-Mar-26 00:35:28: New job from eth-eu1.nanopool.org:9433
2021-Mar-26 00:35:28: Ethereum - Total speed: 50.626 MH/s, Total shares: 0 Rejected: 0, Time: 05:02
2021-Mar-26 00:35:28: GPU0 t=66°C fan 52% power 206.42W. Total power: 206.42W
2021-Mar-26 00:35:32: New job from eth-eu1.nanopool.org:9433
2021-Mar-26 00:35:32: Ethereum - Total speed: 50.609 MH/s, Total shares: 0 Rejected: 0, Time: 05:05
2021-Mar-26 00:35:34: New job from eth-eu1.nanopool.org:9433
2021-Mar-26 00:35:34: Ethereum - Total speed: 50.647 MH/s, Total shares: 0 Rejected: 0, Time: 05:08
2021-Mar-26 00:35:34: GPU0 t=66°C fan 52% power 206.67W. Total power: 206.67W
2021-Mar-26 00:35:36: New job from eth-eu1.nanopool.org:9433
2021-Mar-26 00:35:36: Ethereum - Total speed: 50.681 MH/s, Total shares: 0 Rejected: 0, Time: 05:09
2021-Mar-26 00:35:36: Ethereum last 10 min - Total: 50.329 MH/s.
2021-Mar-26 00:35:37: New job from eth-eu1.nanopool.org:9433
2021-Mar-26 00:35:37: Ethereum - Total speed: 50.705 MH/s, Total shares: 0 Rejected: 0, Time: 05:11
2021-Mar-26 00:35:37: GPU0 t=66°C fan 52% power 206.91W. Total power: 206.91W
2021-Mar-26 00:35:39: New job from eth-eu1.nanopool.org:9433
2021-Mar-26 00:35:39: Ethereum - Total speed: 50.730 MH/s, Total shares: 0 Rejected: 0, Time: 05:12
2021-Mar-26 00:35:42: New job from eth-eu1.nanopool.org:9433
2021-Mar-26 00:35:42: Ethereum - Total speed: 50.756 MH/s, Total shares: 0 Rejected: 0, Time: 05:15
2021-Mar-26 00:35:42: GPU0 t=66°C fan 52% power 206.72W. Total power: 206.72W
2021-Mar-26 00:35:45: New job from eth-eu1.nanopool.org:9433
2021-Mar-26 00:35:45: Ethereum - Total speed: 50.777 MH/s, Total shares: 0 Rejected: 0, Time: 05:18
2021-Mar-26 00:35:45: Ethereum last 10 min - Total: 50.341 MH/s.
2021-Mar-26 00:35:48: New job from eth-eu1.nanopool.org:9433
2021-Mar-26 00:35:48: Ethereum - Total speed: 50.796 MH/s, Total shares: 0 Rejected: 0, Time: 05:21
2021-Mar-26 00:35:48: GPU0 t=66°C fan 52% power 206.81W. Total power: 206.81W
2021-Mar-26 00:35:50: New job from eth-eu1.nanopool.org:9433
2021-Mar-26 00:35:50: Ethereum - Total speed: 50.815 MH/s, Total shares: 0 Rejected: 0, Time: 05:23
2021-Mar-26 00:35:52: New job from eth-eu1.nanopool.org:9433
2021-Mar-26 00:35:52: Ethereum - Total speed: 50.832 MH/s, Total shares: 0 Rejected: 0, Time: 05:25
2021-Mar-26 00:35:52: GPU0 t=66°C fan 52% power 206.84W. Total power: 206.84W
2021-Mar-26 00:35:55: New job from eth-eu1.nanopool.org:9433
2021-Mar-26 00:35:55: Ethereum - Total speed: 50.845 MH/s, Total shares: 0 Rejected: 0, Time: 05:28
2021-Mar-26 00:35:55: Ethereum last 10 min - Total: 50.356 MH/s.
2021-Mar-26 00:35:59: New job from eth-eu1.nanopool.org:9433
2021-Mar-26 00:35:59: Ethereum - Total speed: 50.856 MH/s, Total shares: 0 Rejected: 0, Time: 05:32
2021-Mar-26 00:35:59: GPU0 t=66°C fan 52% power 206.20W. Total power: 206.20W
2021-Mar-26 00:36:01: New job from eth-eu1.nanopool.org:9433
2021-Mar-26 00:36:01: Ethereum - Total speed: 50.743 MH/s, Total shares: 0 Rejected: 0, Time: 05:34
2021-Mar-26 00:36:04: New job from eth-eu1.nanopool.org:9433
2021-Mar-26 00:36:04: Ethereum - Total speed: 50.762 MH/s, Total shares: 0 Rejected: 0, Time: 05:37
2021-Mar-26 00:36:04: GPU0 t=66°C fan 52% power 205.86W. Total power: 205.86W
2021-Mar-26 00:36:07: New job from eth-eu1.nanopool.org:9433
2021-Mar-26 00:36:07: Ethereum - Total speed: 50.726 MH/s, Total shares: 0 Rejected: 0, Time: 05:41
2021-Mar-26 00:36:07: Ethereum last 10 min - Total: 50.372 MH/s.
2021-Mar-26 00:36:10: New job from eth-eu1.nanopool.org:9433
2021-Mar-26 00:36:10: Ethereum - Total speed: 50.705 MH/s, Total shares: 0 Rejected: 0, Time: 05:43
2021-Mar-26 00:36:10: GPU0 t=67°C fan 53% power 207.05W. Total power: 207.05W
2021-Mar-26 00:36:13: New job from eth-eu1.nanopool.org:9433
2021-Mar-26 00:36:13: Ethereum - Total speed: 50.729 MH/s, Total shares: 0 Rejected: 0, Time: 05:46
2021-Mar-26 00:36:16: New job from eth-eu1.nanopool.org:9433
2021-Mar-26 00:36:16: Ethereum - Total speed: 50.750 MH/s, Total shares: 0 Rejected: 0, Time: 05:49
2021-Mar-26 00:36:16: GPU0 t=66°C fan 53% power 206.92W. Total power: 206.92W
2021-Mar-26 00:36:19: New job from eth-eu1.nanopool.org:9433
2021-Mar-26 00:36:19: Ethereum - Total speed: 50.762 MH/s, Total shares: 0 Rejected: 0, Time: 05:52
2021-Mar-26 00:36:19: Ethereum last 10 min - Total: 50.385 MH/s.
2021-Mar-26 00:36:22: New job from eth-eu1.nanopool.org:9433
2021-Mar-26 00:36:22: Ethereum - Total speed: 50.669 MH/s, Total shares: 0 Rejected: 0, Time: 05:55
2021-Mar-26 00:36:22: GPU0 t=66°C fan 53% power 206.40W. Total power: 206.40W
2021-Mar-26 00:36:26: New job from eth-eu1.nanopool.org:9433
2021-Mar-26 00:36:26: Ethereum - Total speed: 50.650 MH/s, Total shares: 0 Rejected: 0, Time: 05:59
2021-Mar-26 00:36:28: New job from eth-eu1.nanopool.org:9433
2021-Mar-26 00:36:28: Ethereum - Total speed: 50.618 MH/s, Total shares: 0 Rejected: 0, Time: 06:01
2021-Mar-26 00:36:28: GPU0 t=67°C fan 53% power 206.57W. Total power: 206.57W
2021-Mar-26 00:36:31: New job from eth-eu1.nanopool.org:9433
2021-Mar-26 00:36:31: Ethereum - Total speed: 50.573 MH/s, Total shares: 0 Rejected: 0, Time: 06:04
2021-Mar-26 00:36:31: Ethereum last 10 min - Total: 50.394 MH/s.
2021-Mar-26 00:36:34: New job from eth-eu1.nanopool.org:9433
2021-Mar-26 00:36:34: Ethereum - Total speed: 50.577 MH/s, Total shares: 0 Rejected: 0, Time: 06:07
2021-Mar-26 00:36:34: GPU0 t=66°C fan 53% power 206.65W. Total power: 206.65W
2021-Mar-26 00:36:37: New job from eth-eu1.nanopool.org:9433
2021-Mar-26 00:36:37: Ethereum - Total speed: 50.600 MH/s, Total shares: 0 Rejected: 0, Time: 06:10
2021-Mar-26 00:36:39: New job from eth-eu1.nanopool.org:9433
2021-Mar-26 00:36:39: Ethereum - Total speed: 50.570 MH/s, Total shares: 0 Rejected: 0, Time: 06:12
2021-Mar-26 00:36:39: GPU0 t=66°C fan 53% power 204.38W. Total power: 204.38W
2021-Mar-26 00:36:41: New job from eth-eu1.nanopool.org:9433
2021-Mar-26 00:36:41: Ethereum - Total speed: 50.493 MH/s, Total shares: 0 Rejected: 0, Time: 06:15
2021-Mar-26 00:36:41: Ethereum last 10 min - Total: 50.399 MH/s.
2021-Mar-26 00:36:44: New job from eth-eu1.nanopool.org:9433
2021-Mar-26 00:36:44: Ethereum - Total speed: 50.303 MH/s, Total shares: 0 Rejected: 0, Time: 06:17
2021-Mar-26 00:36:44: GPU0 t=66°C fan 53% power 205.64W. Total power: 205.64W
2021-Mar-26 00:36:44: New job from eth-eu1.nanopool.org:9433
2021-Mar-26 00:36:44: Ethereum - Total speed: 50.281 MH/s, Total shares: 0 Rejected: 0, Time: 06:17
2021-Mar-26 00:36:44: New job from eth-eu1.nanopool.org:9433
2021-Mar-26 00:36:44: Ethereum - Total speed: 50.313 MH/s, Total shares: 0 Rejected: 0, Time: 06:18
2021-Mar-26 00:36:44: GPU0 t=66°C fan 53% power 206.11W. Total power: 206.11W
2021-Mar-26 00:36:45: New job from eth-eu1.nanopool.org:9433
2021-Mar-26 00:36:45: Ethereum - Total speed: 50.322 MH/s, Total shares: 0 Rejected: 0, Time: 06:18
2021-Mar-26 00:36:45: Ethereum last 10 min - Total: 50.398 MH/s.
2021-Mar-26 00:36:47: New job from eth-eu1.nanopool.org:9433
2021-Mar-26 00:36:47: Ethereum - Total speed: 50.378 MH/s, Total shares: 0 Rejected: 0, Time: 06:21
2021-Mar-26 00:36:47: GPU0 t=66°C fan 53% power 206.57W. Total power: 206.57W
2021-Mar-26 00:36:50: New job from eth-eu1.nanopool.org:9433
2021-Mar-26 00:36:50: Ethereum - Total speed: 50.422 MH/s, Total shares: 0 Rejected: 0, Time: 06:24
2021-Mar-26 00:36:53: New job from eth-eu1.nanopool.org:9433
2021-Mar-26 00:36:53: Ethereum - Total speed: 50.386 MH/s, Total shares: 0 Rejected: 0, Time: 06:27
2021-Mar-26 00:36:53: GPU0 t=66°C fan 53% power 205.01W. Total power: 205.01W
2021-Mar-26 00:36:55: Terminating, please wait ...
