2021-02-18 16:22:26: <info>                                    _                 
2021-02-18 16:22:26: <info>  _ __   __ _ _ __   ___  _ __ ___ (_)_ __   ___ _ __ 
2021-02-18 16:22:26: <info> | '_ \ / _` | '_ \ / _ \| '_ ` _ \| | '_ \ / _ \ '__|
2021-02-18 16:22:26: <info> | | | | (_| | | | | (_) | | | | | | | | | |  __/ |   
2021-02-18 16:22:26: <info> |_| |_|\__,_|_| |_|\___/|_| |_| |_|_|_| |_|\___|_|   
2021-02-18 16:22:26: <info> 
2021-02-18 16:22:26: <info> Version 3.2.2-cuda11
2021-02-18 16:22:26: <info>  Started EthMan server on port 3333 with a password (read-only mode).
2021-02-18 16:22:26: <info>  Started web interface on port 9090 with a password.
2021-02-18 16:22:26: <info>  CUDA driver version is 11.2, runtime version is 11.1
2021-02-18 16:22:26: <info> Single device detected
2021-02-18 16:22:26: <info> GPU 0 PCI 01:00.0, Platform: CUDA, Name: GeForce RTX 3070, 8192 MB available
2021-02-18 16:22:26: <info> -------------------Ethash:------------------
2021-02-18 16:22:26: <info> Currency: Ethereum
2021-02-18 16:22:26: <info> Wallet: wallet
2021-02-18 16:22:26: <info> Rig name: ferris
2021-02-18 16:22:26: <info> Email: email
2021-02-18 16:22:26: <info> Hashrate threshold to restart miner: 50.00 MH/s
2021-02-18 16:22:26: <info> Added pool: eth-eu2.nanopool.org:9433
2021-02-18 16:22:26: <info> Added pool: eth-eu1.nanopool.org:9433
2021-02-18 16:22:26: <info> Added pool: eth-us-east1.nanopool.org:9433
2021-02-18 16:22:26: <info> Added pool: eth-us-west1.nanopool.org:9433
2021-02-18 16:22:26: <info> Added pool: eth-jp1.nanopool.org:9433
2021-02-18 16:22:26: <info> Added pool: eth-asia1.nanopool.org:9433
2021-02-18 16:22:26: <info> Added pool: eth-au1.nanopool.org:9433
2021-02-18 16:22:26: <info> Auto pool sorting is enabled
2021-02-18 16:22:26: <info> Using all GPU devices
2021-02-18 16:22:26: <info> Memory tweak: 1
2021-02-18 16:22:26: <info> -------------Common parameters:-------------
2021-02-18 16:22:26: <info> Log path: ./logs/
2021-02-18 16:22:26: <info> Log is written to file
2021-02-18 16:22:26: <info> GPU watchdog is enabled
2021-02-18 16:22:26: <info> Restart count before calling reboot.bat: 10
2021-02-18 16:22:26: <info>  Setting up algorithm: Ethash
2021-02-18 16:22:27: <info>  Terminating, please wait ...
