2021-02-13 21:19:10: <info>                                    _                 
2021-02-13 21:19:10: <info>  _ __   __ _ _ __   ___  _ __ ___ (_)_ __   ___ _ __ 
2021-02-13 21:19:10: <info> | '_ \ / _` | '_ \ / _ \| '_ ` _ \| | '_ \ / _ \ '__|
2021-02-13 21:19:10: <info> | | | | (_| | | | | (_) | | | | | | | | | |  __/ |   
2021-02-13 21:19:10: <info> |_| |_|\__,_|_| |_|\___/|_| |_| |_|_|_| |_|\___|_|   
2021-02-13 21:19:10: <info> 
2021-02-13 21:19:10: <info> Version 3.2.2-cuda11
2021-02-13 21:19:10: <info>  Started EthMan server on port 3333 without a password (read-only mode).
2021-02-13 21:19:10: <info>  Started web interface on port 9090 without a password.
2021-02-13 21:19:10: <info>  CUDA driver version is 11.2, runtime version is 11.1
2021-02-13 21:19:10: <info> Single device detected
2021-02-13 21:19:10: <info> GPU 0 PCI 01:00.0, Platform: CUDA, Name: GeForce RTX 3070, 8192 MB available
2021-02-13 21:19:10: <info> -------------------Ethash:------------------
2021-02-13 21:19:10: <info> Currency: Ethereum
2021-02-13 21:19:10: <info> Wallet: wallet
2021-02-13 21:19:10: <info> Rig name: Grumpy_9eb61de1
2021-02-13 21:19:10: <info> Email: email
2021-02-13 21:19:11: <info> Hashrate threshold to restart miner is not set
2021-02-13 21:19:11: <info> Added pool: eth-eu1.nanopool.org:9433
2021-02-13 21:19:11: <info> Added pool: eth-eu2.nanopool.org:9433
2021-02-13 21:19:11: <info> Added pool: eth-us-east1.nanopool.org:9433
2021-02-13 21:19:11: <info> Added pool: eth-us-west1.nanopool.org:9433
2021-02-13 21:19:11: <info> Added pool: eth-jp1.nanopool.org:9433
2021-02-13 21:19:11: <info> Added pool: eth-asia1.nanopool.org:9433
2021-02-13 21:19:11: <info> Added pool: eth-au1.nanopool.org:9433
2021-02-13 21:19:11: <info> Auto pool sorting is enabled
2021-02-13 21:19:11: <info> Using all GPU devices
2021-02-13 21:19:11: <info> Memory tweak: 1
2021-02-13 21:19:11: <info> -------------Common parameters:-------------
2021-02-13 21:19:11: <info> Log path: ./logs/
2021-02-13 21:19:11: <info> Log is written to file
2021-02-13 21:19:11: <info> GPU watchdog is enabled
2021-02-13 21:19:11: <info> Never calling reboot.bat (always restarting the miner in case of errors). 
2021-02-13 21:19:11: <info>  Setting up algorithm: Ethash
2021-02-13 21:19:12: <info>  Connecting to pools...
2021-02-13 21:19:12: <info>  Connected to pool: eth-eu1.nanopool.org:9433 | IP: 51.15.39.52 | ping: 84 ms.
2021-02-13 21:19:12: <info>  New job from eth-eu1.nanopool.org:9433 | share difficulty = 10000 MH, epoch 395 (4183 MB)
2021-02-13 21:19:12: [Statistics] Ethereum - Total speed: 0.000 H/s, Total shares: 0 Rejected: 0, Time: 00:01
2021-02-13 21:19:12: [Statistics] GPU0 t=41°C fan 31% power 49.84W. Total power: 49.84W
2021-02-13 21:19:12: <info>  New job from eth-eu1.nanopool.org:9433
2021-02-13 21:19:12: [Statistics] Ethereum - Total speed: 0.000 H/s, Total shares: 0 Rejected: 0, Time: 00:01
2021-02-13 21:19:12: [Statistics] Ethereum last 10 min - Total: 0.000 H/s.
2021-02-13 21:19:15: <info>  New job from eth-eu1.nanopool.org:9433
2021-02-13 21:19:15: [Statistics] Ethereum - Total speed: 0.000 H/s, Total shares: 0 Rejected: 0, Time: 00:04
2021-02-13 21:19:15: [Statistics] GPU0 t=41°C fan 31% power 49.61W. Total power: 49.61W
2021-02-13 21:19:18: <info>  New job from eth-eu1.nanopool.org:9433
2021-02-13 21:19:18: [Statistics] Ethereum - Total speed: 0.000 H/s, Total shares: 0 Rejected: 0, Time: 00:07
2021-02-13 21:19:18: <info>  GPU0: 4183 MB DAG generated in 3.42 seconds
2021-02-13 21:19:21: <info>  New job from eth-eu1.nanopool.org:9433
2021-02-13 21:19:21: [Statistics] Ethereum - Total speed: 59.842 MH/s, Total shares: 0 Rejected: 0, Time: 00:10
2021-02-13 21:19:21: [Statistics] GPU0 t=48°C fan 31% power 123.33W. Total power: 123.33W
2021-02-13 21:19:24: <info>  New job from eth-eu1.nanopool.org:9433
2021-02-13 21:19:24: [Statistics] Ethereum - Total speed: 59.871 MH/s, Total shares: 0 Rejected: 0, Time: 00:13
2021-02-13 21:19:24: [Statistics] Ethereum last 10 min - Total: 59.856 MH/s.
2021-02-13 21:19:27: <info>  New job from eth-eu1.nanopool.org:9433
2021-02-13 21:19:27: [Statistics] Ethereum - Total speed: 59.917 MH/s, Total shares: 0 Rejected: 0, Time: 00:16
2021-02-13 21:19:27: [Statistics] GPU0 t=49°C fan 31% power 122.76W. Total power: 122.76W
2021-02-13 21:19:30: <info>  New job from eth-eu1.nanopool.org:9433
2021-02-13 21:19:30: [Statistics] Ethereum - Total speed: 59.960 MH/s, Total shares: 0 Rejected: 0, Time: 00:19
2021-02-13 21:19:33: <info>  New job from eth-eu1.nanopool.org:9433
2021-02-13 21:19:33: [Statistics] Ethereum - Total speed: 59.998 MH/s, Total shares: 0 Rejected: 0, Time: 00:22
2021-02-13 21:19:33: [Statistics] GPU0 t=49°C fan 31% power 122.87W. Total power: 122.87W
2021-02-13 21:19:36: <info>  New job from eth-eu1.nanopool.org:9433
2021-02-13 21:19:36: [Statistics] Ethereum - Total speed: 60.030 MH/s, Total shares: 0 Rejected: 0, Time: 00:25
2021-02-13 21:19:36: [Statistics] Ethereum last 10 min - Total: 59.937 MH/s.
2021-02-13 21:19:39: <info>  New job from eth-eu1.nanopool.org:9433
2021-02-13 21:19:39: [Statistics] Ethereum - Total speed: 60.063 MH/s, Total shares: 0 Rejected: 0, Time: 00:28
2021-02-13 21:19:39: [Statistics] GPU0 t=49°C fan 31% power 123.25W. Total power: 123.25W
2021-02-13 21:19:40: <info>  New job from eth-eu1.nanopool.org:9433
2021-02-13 21:19:40: [Statistics] Ethereum - Total speed: 60.091 MH/s, Total shares: 0 Rejected: 0, Time: 00:29
2021-02-13 21:19:44: <info>  New job from eth-eu1.nanopool.org:9433
2021-02-13 21:19:44: [Statistics] Ethereum - Total speed: 60.111 MH/s, Total shares: 0 Rejected: 0, Time: 00:33
2021-02-13 21:19:44: [Statistics] GPU0 t=50°C fan 31% power 123.03W. Total power: 123.03W
2021-02-13 21:19:46: <info>  New job from eth-eu1.nanopool.org:9433
2021-02-13 21:19:46: [Statistics] Ethereum - Total speed: 60.134 MH/s, Total shares: 0 Rejected: 0, Time: 00:35
2021-02-13 21:19:46: [Statistics] Ethereum last 10 min - Total: 59.996 MH/s.
2021-02-13 21:19:49: <info>  New job from eth-eu1.nanopool.org:9433
2021-02-13 21:19:49: [Statistics] Ethereum - Total speed: 60.155 MH/s, Total shares: 0 Rejected: 0, Time: 00:38
2021-02-13 21:19:49: [Statistics] GPU0 t=50°C fan 31% power 122.46W. Total power: 122.46W
2021-02-13 21:19:52: <info>  New job from eth-eu1.nanopool.org:9433
2021-02-13 21:19:52: [Statistics] Ethereum - Total speed: 60.173 MH/s, Total shares: 0 Rejected: 0, Time: 00:41
2021-02-13 21:19:55: <info>  New job from eth-eu1.nanopool.org:9433
2021-02-13 21:19:55: [Statistics] Ethereum - Total speed: 60.188 MH/s, Total shares: 0 Rejected: 0, Time: 00:44
2021-02-13 21:19:55: [Statistics] GPU0 t=50°C fan 31% power 123.13W. Total power: 123.13W
2021-02-13 21:19:58: <info>  New job from eth-eu1.nanopool.org:9433
2021-02-13 21:19:58: [Statistics] Ethereum - Total speed: 60.202 MH/s, Total shares: 0 Rejected: 0, Time: 00:47
2021-02-13 21:19:58: [Statistics] Ethereum last 10 min - Total: 60.053 MH/s.
2021-02-13 21:20:01: <info>  New job from eth-eu1.nanopool.org:9433
2021-02-13 21:20:01: [Statistics] Ethereum - Total speed: 60.212 MH/s, Total shares: 0 Rejected: 0, Time: 00:50
2021-02-13 21:20:01: [Statistics] GPU0 t=50°C fan 31% power 122.69W. Total power: 122.69W
2021-02-13 21:20:04: <info>  New job from eth-eu1.nanopool.org:9433
2021-02-13 21:20:04: [Statistics] Ethereum - Total speed: 60.217 MH/s, Total shares: 0 Rejected: 0, Time: 00:53
2021-02-13 21:20:07: <info>  New job from eth-eu1.nanopool.org:9433
2021-02-13 21:20:07: [Statistics] Ethereum - Total speed: 60.228 MH/s, Total shares: 0 Rejected: 0, Time: 00:56
2021-02-13 21:20:07: [Statistics] GPU0 t=51°C fan 31% power 123.39W. Total power: 123.39W
2021-02-13 21:20:10: <info>  New job from eth-eu1.nanopool.org:9433
2021-02-13 21:20:10: [Statistics] Ethereum - Total speed: 60.227 MH/s, Total shares: 0 Rejected: 0, Time: 00:59
2021-02-13 21:20:10: [Statistics] Ethereum last 10 min - Total: 60.093 MH/s.
2021-02-13 21:20:11: <info>  New job from eth-eu1.nanopool.org:9433
2021-02-13 21:20:11: [Statistics] Ethereum - Total speed: 60.232 MH/s, Total shares: 0 Rejected: 0, Time: 01:00
2021-02-13 21:20:11: [Statistics] GPU0 t=51°C fan 31% power 123.18W. Total power: 123.18W
2021-02-13 21:20:11: <info>  New job from eth-eu1.nanopool.org:9433
2021-02-13 21:20:11: [Statistics] Ethereum - Total speed: 60.234 MH/s, Total shares: 0 Rejected: 0, Time: 01:00
2021-02-13 21:20:14: <info>  New job from eth-eu1.nanopool.org:9433
2021-02-13 21:20:14: [Statistics] Ethereum - Total speed: 60.177 MH/s, Total shares: 0 Rejected: 0, Time: 01:03
2021-02-13 21:20:14: [Statistics] GPU0 t=51°C fan 31% power 121.69W. Total power: 121.69W
2021-02-13 21:20:15: <info>  New job from eth-eu1.nanopool.org:9433
2021-02-13 21:20:15: [Statistics] Ethereum - Total speed: 59.824 MH/s, Total shares: 0 Rejected: 0, Time: 01:04
2021-02-13 21:20:15: [Statistics] Ethereum last 10 min - Total: 60.103 MH/s.
2021-02-13 21:20:16: <info>  New job from eth-eu1.nanopool.org:9433
2021-02-13 21:20:16: [Statistics] Ethereum - Total speed: 59.894 MH/s, Total shares: 0 Rejected: 0, Time: 01:05
2021-02-13 21:20:16: [Statistics] GPU0 t=51°C fan 31% power 122.92W. Total power: 122.92W
2021-02-13 21:20:16: <info>  New job from eth-eu1.nanopool.org:9433
2021-02-13 21:20:16: [Statistics] Ethereum - Total speed: 59.894 MH/s, Total shares: 0 Rejected: 0, Time: 01:05
2021-02-13 21:20:19: <info>  New job from eth-eu1.nanopool.org:9433
2021-02-13 21:20:19: [Statistics] Ethereum - Total speed: 59.985 MH/s, Total shares: 0 Rejected: 0, Time: 01:08
2021-02-13 21:20:19: [Statistics] GPU0 t=51°C fan 31% power 123.08W. Total power: 123.08W
2021-02-13 21:20:21: <info>  New job from eth-eu1.nanopool.org:9433
2021-02-13 21:20:21: [Statistics] Ethereum - Total speed: 60.066 MH/s, Total shares: 0 Rejected: 0, Time: 01:10
2021-02-13 21:20:21: [Statistics] Ethereum last 10 min - Total: 60.087 MH/s.
2021-02-13 21:20:25: <info>  New job from eth-eu1.nanopool.org:9433
2021-02-13 21:20:25: [Statistics] Ethereum - Total speed: 60.143 MH/s, Total shares: 0 Rejected: 0, Time: 01:14
2021-02-13 21:20:25: [Statistics] GPU0 t=51°C fan 31% power 122.94W. Total power: 122.94W
2021-02-13 21:20:27: <info>  New job from eth-eu1.nanopool.org:9433
2021-02-13 21:20:27: [Statistics] Ethereum - Total speed: 60.213 MH/s, Total shares: 0 Rejected: 0, Time: 01:16
2021-02-13 21:20:31: <info>  New job from eth-eu1.nanopool.org:9433
2021-02-13 21:20:31: [Statistics] Ethereum - Total speed: 60.275 MH/s, Total shares: 0 Rejected: 0, Time: 01:19
2021-02-13 21:20:31: [Statistics] GPU0 t=52°C fan 31% power 123.01W. Total power: 123.01W
2021-02-13 21:20:32: <info>  New job from eth-eu1.nanopool.org:9433
2021-02-13 21:20:32: [Statistics] Ethereum - Total speed: 60.333 MH/s, Total shares: 0 Rejected: 0, Time: 01:21
2021-02-13 21:20:32: [Statistics] Ethereum last 10 min - Total: 60.103 MH/s.
2021-02-13 21:20:35: <info>  New job from eth-eu1.nanopool.org:9433
2021-02-13 21:20:35: [Statistics] Ethereum - Total speed: 60.382 MH/s, Total shares: 0 Rejected: 0, Time: 01:24
2021-02-13 21:20:35: [Statistics] GPU0 t=52°C fan 31% power 123.03W. Total power: 123.03W
2021-02-13 21:20:38: <info>  New job from eth-eu1.nanopool.org:9433
2021-02-13 21:20:38: [Statistics] Ethereum - Total speed: 60.429 MH/s, Total shares: 0 Rejected: 0, Time: 01:27
2021-02-13 21:20:41: <info>  New job from eth-eu1.nanopool.org:9433
2021-02-13 21:20:41: [Statistics] Ethereum - Total speed: 60.470 MH/s, Total shares: 0 Rejected: 0, Time: 01:30
2021-02-13 21:20:41: [Statistics] GPU0 t=52°C fan 31% power 122.99W. Total power: 122.99W
2021-02-13 21:20:44: <info>  New job from eth-eu1.nanopool.org:9433
2021-02-13 21:20:44: [Statistics] Ethereum - Total speed: 60.507 MH/s, Total shares: 0 Rejected: 0, Time: 01:33
2021-02-13 21:20:44: [Statistics] Ethereum last 10 min - Total: 60.149 MH/s.
2021-02-13 21:20:47: <info>  New job from eth-eu1.nanopool.org:9433
2021-02-13 21:20:47: [Statistics] Ethereum - Total speed: 60.540 MH/s, Total shares: 0 Rejected: 0, Time: 01:36
2021-02-13 21:20:47: [Statistics] GPU0 t=52°C fan 31% power 123.05W. Total power: 123.05W
2021-02-13 21:20:50: <info>  New job from eth-eu1.nanopool.org:9433
2021-02-13 21:20:50: [Statistics] Ethereum - Total speed: 60.571 MH/s, Total shares: 0 Rejected: 0, Time: 01:39
2021-02-13 21:20:53: <info>  New job from eth-eu1.nanopool.org:9433
2021-02-13 21:20:53: [Statistics] Ethereum - Total speed: 59.911 MH/s, Total shares: 0 Rejected: 0, Time: 01:42
2021-02-13 21:20:53: [Statistics] GPU0 t=52°C fan 31% power 121.84W. Total power: 121.84W
2021-02-13 21:20:56: <info>  New job from eth-eu1.nanopool.org:9433
2021-02-13 21:20:56: [Statistics] Ethereum - Total speed: 59.523 MH/s, Total shares: 0 Rejected: 0, Time: 01:45
2021-02-13 21:20:56: [Statistics] Ethereum last 10 min - Total: 60.164 MH/s.
2021-02-13 21:20:59: <info>  New job from eth-eu1.nanopool.org:9433
2021-02-13 21:20:59: [Statistics] Ethereum - Total speed: 59.653 MH/s, Total shares: 0 Rejected: 0, Time: 01:48
2021-02-13 21:20:59: [Statistics] GPU0 t=52°C fan 30% power 123.23W. Total power: 123.23W
2021-02-13 21:21:02: <info>  New job from eth-eu1.nanopool.org:9433
2021-02-13 21:21:02: [Statistics] Ethereum - Total speed: 59.770 MH/s, Total shares: 0 Rejected: 0, Time: 01:51
2021-02-13 21:21:03: <info>  New job from eth-eu1.nanopool.org:9433
2021-02-13 21:21:03: [Statistics] Ethereum - Total speed: 59.876 MH/s, Total shares: 0 Rejected: 0, Time: 01:52
2021-02-13 21:21:03: [Statistics] GPU0 t=52°C fan 31% power 122.94W. Total power: 122.94W
2021-02-13 21:21:03: <info>  New job from eth-eu1.nanopool.org:9433
2021-02-13 21:21:03: [Statistics] Ethereum - Total speed: 59.967 MH/s, Total shares: 0 Rejected: 0, Time: 01:52
2021-02-13 21:21:03: [Statistics] Ethereum last 10 min - Total: 60.130 MH/s.
2021-02-13 21:21:07: <info>  New job from eth-eu1.nanopool.org:9433
2021-02-13 21:21:07: [Statistics] Ethereum - Total speed: 60.020 MH/s, Total shares: 0 Rejected: 0, Time: 01:56
2021-02-13 21:21:07: [Statistics] GPU0 t=52°C fan 31% power 123.09W. Total power: 123.09W
2021-02-13 21:21:09: <info>  New job from eth-eu1.nanopool.org:9433
2021-02-13 21:21:09: [Statistics] Ethereum - Total speed: 60.102 MH/s, Total shares: 0 Rejected: 0, Time: 01:58
2021-02-13 21:21:12: <info>  New job from eth-eu1.nanopool.org:9433
2021-02-13 21:21:12: [Statistics] Ethereum - Total speed: 60.176 MH/s, Total shares: 0 Rejected: 0, Time: 02:01
2021-02-13 21:21:12: [Statistics] GPU0 t=52°C fan 31% power 123.15W. Total power: 123.15W
2021-02-13 21:21:15: <info>  New job from eth-eu1.nanopool.org:9433
2021-02-13 21:21:15: [Statistics] Ethereum - Total speed: 60.243 MH/s, Total shares: 0 Rejected: 0, Time: 02:04
2021-02-13 21:21:15: [Statistics] Ethereum last 10 min - Total: 60.126 MH/s.
2021-02-13 21:21:18: <info>  New job from eth-eu1.nanopool.org:9433
2021-02-13 21:21:18: [Statistics] Ethereum - Total speed: 60.302 MH/s, Total shares: 0 Rejected: 0, Time: 02:07
2021-02-13 21:21:18: [Statistics] GPU0 t=52°C fan 31% power 122.99W. Total power: 122.99W
2021-02-13 21:21:21: <info>  New job from eth-eu1.nanopool.org:9433
2021-02-13 21:21:21: [Statistics] Ethereum - Total speed: 60.356 MH/s, Total shares: 0 Rejected: 0, Time: 02:10
2021-02-13 21:21:24: <info>  New job from eth-eu1.nanopool.org:9433
2021-02-13 21:21:24: [Statistics] Ethereum - Total speed: 60.405 MH/s, Total shares: 0 Rejected: 0, Time: 02:13
2021-02-13 21:21:24: [Statistics] GPU0 t=52°C fan 31% power 123.08W. Total power: 123.08W
2021-02-13 21:21:25: <info>  New job from eth-eu1.nanopool.org:9433
2021-02-13 21:21:25: [Statistics] Ethereum - Total speed: 60.449 MH/s, Total shares: 0 Rejected: 0, Time: 02:14
2021-02-13 21:21:25: [Statistics] Ethereum last 10 min - Total: 60.144 MH/s.
2021-02-13 21:21:28: <info>  New job from eth-eu1.nanopool.org:9433
2021-02-13 21:21:28: [Statistics] Ethereum - Total speed: 60.487 MH/s, Total shares: 0 Rejected: 0, Time: 02:17
2021-02-13 21:21:28: [Statistics] GPU0 t=52°C fan 31% power 123.02W. Total power: 123.02W
2021-02-13 21:21:28: <info>  New job from eth-eu1.nanopool.org:9433
2021-02-13 21:21:28: [Statistics] Ethereum - Total speed: 60.487 MH/s, Total shares: 0 Rejected: 0, Time: 02:17
2021-02-13 21:21:29: <info>  New job from eth-eu1.nanopool.org:9433
2021-02-13 21:21:29: [Statistics] Ethereum - Total speed: 60.520 MH/s, Total shares: 0 Rejected: 0, Time: 02:18
2021-02-13 21:21:29: [Statistics] GPU0 t=52°C fan 31% power 123.06W. Total power: 123.06W
2021-02-13 21:21:31: <info>  New job from eth-eu1.nanopool.org:9433
2021-02-13 21:21:31: [Statistics] Ethereum - Total speed: 60.550 MH/s, Total shares: 0 Rejected: 0, Time: 02:20
2021-02-13 21:21:31: [Statistics] Ethereum last 10 min - Total: 60.158 MH/s.
2021-02-13 21:21:33: <info>  New job from eth-eu1.nanopool.org:9433
2021-02-13 21:21:33: [Statistics] Ethereum - Total speed: 60.580 MH/s, Total shares: 0 Rejected: 0, Time: 02:22
2021-02-13 21:21:33: [Statistics] GPU0 t=52°C fan 31% power 123.15W. Total power: 123.15W
2021-02-13 21:21:33: <info>  New job from eth-eu1.nanopool.org:9433
2021-02-13 21:21:33: [Statistics] Ethereum - Total speed: 60.605 MH/s, Total shares: 0 Rejected: 0, Time: 02:22
2021-02-13 21:21:34: <info>  New job from eth-eu1.nanopool.org:9433
2021-02-13 21:21:34: [Statistics] Ethereum - Total speed: 60.614 MH/s, Total shares: 0 Rejected: 0, Time: 02:23
2021-02-13 21:21:34: [Statistics] GPU0 t=52°C fan 31% power 123.07W. Total power: 123.07W
2021-02-13 21:21:35: <info>  New job from eth-eu1.nanopool.org:9433
2021-02-13 21:21:35: [Statistics] Ethereum - Total speed: 60.630 MH/s, Total shares: 0 Rejected: 0, Time: 02:24
2021-02-13 21:21:35: [Statistics] Ethereum last 10 min - Total: 60.171 MH/s.
2021-02-13 21:21:37: <info>  New job from eth-eu1.nanopool.org:9433
2021-02-13 21:21:37: [Statistics] Ethereum - Total speed: 60.645 MH/s, Total shares: 0 Rejected: 0, Time: 02:26
2021-02-13 21:21:37: [Statistics] GPU0 t=52°C fan 31% power 123.03W. Total power: 123.03W
2021-02-13 21:21:40: <info>  New job from eth-eu1.nanopool.org:9433
2021-02-13 21:21:40: [Statistics] Ethereum - Total speed: 60.665 MH/s, Total shares: 0 Rejected: 0, Time: 02:29
2021-02-13 21:21:43: <info>  New job from eth-eu1.nanopool.org:9433
2021-02-13 21:21:43: [Statistics] Ethereum - Total speed: 60.684 MH/s, Total shares: 0 Rejected: 0, Time: 02:32
2021-02-13 21:21:43: [Statistics] GPU0 t=52°C fan 31% power 123.02W. Total power: 123.02W
2021-02-13 21:21:45: <info>  New job from eth-eu1.nanopool.org:9433
2021-02-13 21:21:45: [Statistics] Ethereum - Total speed: 60.700 MH/s, Total shares: 0 Rejected: 0, Time: 02:34
2021-02-13 21:21:45: [Statistics] Ethereum last 10 min - Total: 60.207 MH/s.
2021-02-13 21:21:47: <info>  New job from eth-eu1.nanopool.org:9433
2021-02-13 21:21:47: [Statistics] Ethereum - Total speed: 60.713 MH/s, Total shares: 0 Rejected: 0, Time: 02:36
2021-02-13 21:21:47: [Statistics] GPU0 t=52°C fan 31% power 122.98W. Total power: 122.98W
2021-02-13 21:21:50: <info>  New job from eth-eu1.nanopool.org:9433
2021-02-13 21:21:50: [Statistics] Ethereum - Total speed: 60.726 MH/s, Total shares: 0 Rejected: 0, Time: 02:39
2021-02-13 21:21:53: <info>  New job from eth-eu1.nanopool.org:9433
2021-02-13 21:21:53: [Statistics] Ethereum - Total speed: 60.737 MH/s, Total shares: 0 Rejected: 0, Time: 02:42
2021-02-13 21:21:53: [Statistics] GPU0 t=52°C fan 31% power 123.08W. Total power: 123.08W
2021-02-13 21:21:56: <info>  New job from eth-eu1.nanopool.org:9433
2021-02-13 21:21:56: [Statistics] Ethereum - Total speed: 60.747 MH/s, Total shares: 0 Rejected: 0, Time: 02:45
2021-02-13 21:21:56: [Statistics] Ethereum last 10 min - Total: 60.244 MH/s.
2021-02-13 21:21:59: <info>  New job from eth-eu1.nanopool.org:9433
2021-02-13 21:21:59: [Statistics] Ethereum - Total speed: 60.757 MH/s, Total shares: 0 Rejected: 0, Time: 02:48
2021-02-13 21:21:59: [Statistics] GPU0 t=52°C fan 31% power 123.03W. Total power: 123.03W
2021-02-13 21:22:02: <info>  New job from eth-eu1.nanopool.org:9433
2021-02-13 21:22:02: [Statistics] Ethereum - Total speed: 60.766 MH/s, Total shares: 0 Rejected: 0, Time: 02:51
2021-02-13 21:22:04: <info>  New job from eth-eu1.nanopool.org:9433
2021-02-13 21:22:04: [Statistics] Ethereum - Total speed: 60.773 MH/s, Total shares: 0 Rejected: 0, Time: 02:53
2021-02-13 21:22:04: [Statistics] GPU0 t=52°C fan 31% power 123.15W. Total power: 123.15W
2021-02-13 21:22:07: <info>  New job from eth-eu1.nanopool.org:9433
2021-02-13 21:22:07: [Statistics] Ethereum - Total speed: 60.780 MH/s, Total shares: 0 Rejected: 0, Time: 02:56
2021-02-13 21:22:07: [Statistics] Ethereum last 10 min - Total: 60.278 MH/s.
2021-02-13 21:22:09: <info>  New job from eth-eu1.nanopool.org:9433
2021-02-13 21:22:09: [Statistics] Ethereum - Total speed: 60.786 MH/s, Total shares: 0 Rejected: 0, Time: 02:58
2021-02-13 21:22:09: [Statistics] GPU0 t=52°C fan 31% power 121.74W. Total power: 121.74W
2021-02-13 21:22:10: <info>  New job from eth-eu1.nanopool.org:9433
2021-02-13 21:22:10: [Statistics] Ethereum - Total speed: 58.562 MH/s, Total shares: 0 Rejected: 0, Time: 02:59
2021-02-13 21:22:13: <info>  New job from eth-eu1.nanopool.org:9433
2021-02-13 21:22:13: [Statistics] Ethereum - Total speed: 58.729 MH/s, Total shares: 0 Rejected: 0, Time: 03:02
2021-02-13 21:22:13: [Statistics] GPU0 t=52°C fan 31% power 122.92W. Total power: 122.92W
2021-02-13 21:22:16: <info>  New job from eth-eu1.nanopool.org:9433
2021-02-13 21:22:16: [Statistics] Ethereum - Total speed: 58.874 MH/s, Total shares: 0 Rejected: 0, Time: 03:05
2021-02-13 21:22:16: [Statistics] Ethereum last 10 min - Total: 60.232 MH/s.
2021-02-13 21:22:19: <info>  New job from eth-eu1.nanopool.org:9433
2021-02-13 21:22:19: [Statistics] Ethereum - Total speed: 59.023 MH/s, Total shares: 0 Rejected: 0, Time: 03:08
2021-02-13 21:22:19: [Statistics] GPU0 t=52°C fan 31% power 123.24W. Total power: 123.24W
2021-02-13 21:22:22: <info>  New job from eth-eu1.nanopool.org:9433
2021-02-13 21:22:22: [Statistics] Ethereum - Total speed: 59.153 MH/s, Total shares: 0 Rejected: 0, Time: 03:11
2021-02-13 21:22:25: <info>  New job from eth-eu1.nanopool.org:9433
2021-02-13 21:22:25: [Statistics] Ethereum - Total speed: 59.137 MH/s, Total shares: 0 Rejected: 0, Time: 03:14
2021-02-13 21:22:25: [Statistics] GPU0 t=52°C fan 31% power 123.25W. Total power: 123.25W
2021-02-13 21:22:26: <info>  Ethereum - SHARE FOUND (GPU: 0, nonce: 0x9be8ce502b04178f).
2021-02-13 21:22:27: <info> Ethereum: share accepted (50 ms)!
2021-02-13 21:22:28: <info>  New job from eth-eu1.nanopool.org:9433
2021-02-13 21:22:28: [Statistics] Ethereum - Total speed: 59.161 MH/s, Total shares: 1 Rejected: 0, Time: 03:17
2021-02-13 21:22:28: [Statistics] Ethereum last 10 min - Total: 60.159 MH/s.
2021-02-13 21:22:31: <info>  New job from eth-eu1.nanopool.org:9433
2021-02-13 21:22:31: [Statistics] Ethereum - Total speed: 59.154 MH/s, Total shares: 1 Rejected: 0, Time: 03:20
2021-02-13 21:22:31: [Statistics] GPU0 t=52°C fan 31% power 123.15W. Total power: 123.15W
2021-02-13 21:22:34: <info>  New job from eth-eu1.nanopool.org:9433
2021-02-13 21:22:34: [Statistics] Ethereum - Total speed: 59.203 MH/s, Total shares: 1 Rejected: 0, Time: 03:23
2021-02-13 21:22:37: <info>  New job from eth-eu1.nanopool.org:9433
2021-02-13 21:22:37: [Statistics] Ethereum - Total speed: 59.328 MH/s, Total shares: 1 Rejected: 0, Time: 03:26
2021-02-13 21:22:37: [Statistics] GPU0 t=52°C fan 31% power 122.80W. Total power: 122.80W
2021-02-13 21:22:40: <info>  New job from eth-eu1.nanopool.org:9433
2021-02-13 21:22:40: [Statistics] Ethereum - Total speed: 59.487 MH/s, Total shares: 1 Rejected: 0, Time: 03:29
2021-02-13 21:22:40: [Statistics] Ethereum last 10 min - Total: 60.103 MH/s.
2021-02-13 21:22:43: <info>  New job from eth-eu1.nanopool.org:9433
2021-02-13 21:22:43: [Statistics] Ethereum - Total speed: 59.592 MH/s, Total shares: 1 Rejected: 0, Time: 03:32
2021-02-13 21:22:43: [Statistics] GPU0 t=52°C fan 31% power 123.15W. Total power: 123.15W
2021-02-13 21:22:46: <info>  New job from eth-eu1.nanopool.org:9433
2021-02-13 21:22:46: [Statistics] Ethereum - Total speed: 59.786 MH/s, Total shares: 1 Rejected: 0, Time: 03:35
2021-02-13 21:22:49: <info>  New job from eth-eu1.nanopool.org:9433
2021-02-13 21:22:49: [Statistics] Ethereum - Total speed: 59.955 MH/s, Total shares: 1 Rejected: 0, Time: 03:38
2021-02-13 21:22:49: [Statistics] GPU0 t=52°C fan 31% power 122.67W. Total power: 122.67W
2021-02-13 21:22:52: <info>  New job from eth-eu1.nanopool.org:9433
2021-02-13 21:22:52: [Statistics] Ethereum - Total speed: 60.107 MH/s, Total shares: 1 Rejected: 0, Time: 03:41
2021-02-13 21:22:52: [Statistics] Ethereum last 10 min - Total: 60.085 MH/s.
2021-02-13 21:22:55: <info>  New job from eth-eu1.nanopool.org:9433
2021-02-13 21:22:55: [Statistics] Ethereum - Total speed: 60.251 MH/s, Total shares: 1 Rejected: 0, Time: 03:44
2021-02-13 21:22:55: [Statistics] GPU0 t=52°C fan 31% power 122.94W. Total power: 122.94W
2021-02-13 21:22:58: <info>  New job from eth-eu1.nanopool.org:9433
2021-02-13 21:22:58: [Statistics] Ethereum - Total speed: 60.365 MH/s, Total shares: 1 Rejected: 0, Time: 03:47
2021-02-13 21:23:01: <info>  New job from eth-eu1.nanopool.org:9433
2021-02-13 21:23:01: [Statistics] Ethereum - Total speed: 60.470 MH/s, Total shares: 1 Rejected: 0, Time: 03:50
2021-02-13 21:23:01: [Statistics] GPU0 t=52°C fan 31% power 122.92W. Total power: 122.92W
2021-02-13 21:23:04: <info>  New job from eth-eu1.nanopool.org:9433
2021-02-13 21:23:04: [Statistics] Ethereum - Total speed: 60.564 MH/s, Total shares: 1 Rejected: 0, Time: 03:53
2021-02-13 21:23:04: [Statistics] Ethereum last 10 min - Total: 60.099 MH/s.
2021-02-13 21:23:07: <info>  New job from eth-eu1.nanopool.org:9433
2021-02-13 21:23:07: [Statistics] Ethereum - Total speed: 60.664 MH/s, Total shares: 1 Rejected: 0, Time: 03:56
2021-02-13 21:23:07: [Statistics] GPU0 t=52°C fan 31% power 123.10W. Total power: 123.10W
2021-02-13 21:23:10: <info>  New job from eth-eu1.nanopool.org:9433
2021-02-13 21:23:10: [Statistics] Ethereum - Total speed: 60.750 MH/s, Total shares: 1 Rejected: 0, Time: 03:59
2021-02-13 21:23:10: <info>  Ethereum - SHARE FOUND (GPU: 0, nonce: 0xb7dbc3a856d74df0).
2021-02-13 21:23:10: <info> Ethereum: share denied: Provided PoW solution is invalid! (48 ms).
2021-02-13 21:23:13: <info>  New job from eth-eu1.nanopool.org:9433
2021-02-13 21:23:13: [Statistics] Ethereum - Total speed: 60.826 MH/s, Total shares: 2 Rejected: 1, Time: 04:02
2021-02-13 21:23:13: [Statistics] GPU0 t=52°C fan 31% power 122.70W. Total power: 122.70W
2021-02-13 21:23:16: <info>  New job from eth-eu1.nanopool.org:9433
2021-02-13 21:23:16: [Statistics] Ethereum - Total speed: 60.909 MH/s, Total shares: 2 Rejected: 1, Time: 04:05
2021-02-13 21:23:16: [Statistics] Ethereum last 10 min - Total: 60.133 MH/s.
2021-02-13 21:23:19: <info>  New job from eth-eu1.nanopool.org:9433
2021-02-13 21:23:19: [Statistics] Ethereum - Total speed: 60.959 MH/s, Total shares: 2 Rejected: 1, Time: 04:08
2021-02-13 21:23:19: [Statistics] GPU0 t=52°C fan 31% power 122.38W. Total power: 122.38W
2021-02-13 21:23:22: <info>  New job from eth-eu1.nanopool.org:9433
2021-02-13 21:23:22: [Statistics] Ethereum - Total speed: 60.881 MH/s, Total shares: 2 Rejected: 1, Time: 04:11
2021-02-13 21:23:25: <info>  New job from eth-eu1.nanopool.org:9433
2021-02-13 21:23:25: [Statistics] Ethereum - Total speed: 60.842 MH/s, Total shares: 2 Rejected: 1, Time: 04:14
2021-02-13 21:23:25: [Statistics] GPU0 t=52°C fan 31% power 122.77W. Total power: 122.77W
2021-02-13 21:23:28: <info>  New job from eth-eu1.nanopool.org:9433
2021-02-13 21:23:28: [Statistics] Ethereum - Total speed: 60.799 MH/s, Total shares: 2 Rejected: 1, Time: 04:17
2021-02-13 21:23:28: [Statistics] Ethereum last 10 min - Total: 60.169 MH/s.
2021-02-13 21:23:28: <info>  New job from eth-eu1.nanopool.org:9433
2021-02-13 21:23:28: [Statistics] Ethereum - Total speed: 60.796 MH/s, Total shares: 2 Rejected: 1, Time: 04:17
2021-02-13 21:23:28: [Statistics] GPU0 t=52°C fan 31% power 122.37W. Total power: 122.37W
2021-02-13 21:23:32: <info>  New job from eth-eu1.nanopool.org:9433
2021-02-13 21:23:32: [Statistics] Ethereum - Total speed: 60.782 MH/s, Total shares: 2 Rejected: 1, Time: 04:21
2021-02-13 21:23:34: <info>  New job from eth-eu1.nanopool.org:9433
2021-02-13 21:23:34: [Statistics] Ethereum - Total speed: 60.628 MH/s, Total shares: 2 Rejected: 1, Time: 04:23
2021-02-13 21:23:34: [Statistics] GPU0 t=52°C fan 31% power 120.90W. Total power: 120.90W
2021-02-13 21:23:37: <info>  New job from eth-eu1.nanopool.org:9433
2021-02-13 21:23:37: [Statistics] Ethereum - Total speed: 60.473 MH/s, Total shares: 2 Rejected: 1, Time: 04:26
2021-02-13 21:23:37: [Statistics] Ethereum last 10 min - Total: 60.187 MH/s.
2021-02-13 21:23:40: <info>  New job from eth-eu1.nanopool.org:9433
2021-02-13 21:23:40: [Statistics] Ethereum - Total speed: 60.345 MH/s, Total shares: 2 Rejected: 1, Time: 04:29
2021-02-13 21:23:40: [Statistics] GPU0 t=52°C fan 31% power 120.31W. Total power: 120.31W
2021-02-13 21:23:43: <info>  New job from eth-eu1.nanopool.org:9433
2021-02-13 21:23:43: [Statistics] Ethereum - Total speed: 60.238 MH/s, Total shares: 2 Rejected: 1, Time: 04:32
2021-02-13 21:23:46: <info>  New job from eth-eu1.nanopool.org:9433
2021-02-13 21:23:46: [Statistics] Ethereum - Total speed: 60.147 MH/s, Total shares: 2 Rejected: 1, Time: 04:35
2021-02-13 21:23:46: [Statistics] GPU0 t=52°C fan 31% power 121.01W. Total power: 121.01W
2021-02-13 21:23:46: <info>  New job from eth-eu1.nanopool.org:9433
2021-02-13 21:23:46: [Statistics] Ethereum - Total speed: 60.068 MH/s, Total shares: 2 Rejected: 1, Time: 04:35
2021-02-13 21:23:46: [Statistics] Ethereum last 10 min - Total: 60.190 MH/s.
2021-02-13 21:23:46: <info>  New job from eth-eu1.nanopool.org:9433
2021-02-13 21:23:46: [Statistics] Ethereum - Total speed: 60.068 MH/s, Total shares: 2 Rejected: 1, Time: 04:35
2021-02-13 21:23:46: [Statistics] GPU0 t=52°C fan 31% power 120.50W. Total power: 120.50W
2021-02-13 21:23:49: <info>  New job from eth-eu1.nanopool.org:9433
2021-02-13 21:23:49: [Statistics] Ethereum - Total speed: 60.009 MH/s, Total shares: 2 Rejected: 1, Time: 04:38
2021-02-13 21:23:51: <info>  New job from eth-eu1.nanopool.org:9433
2021-02-13 21:23:51: [Statistics] Ethereum - Total speed: 59.935 MH/s, Total shares: 2 Rejected: 1, Time: 04:40
2021-02-13 21:23:51: [Statistics] GPU0 t=52°C fan 31% power 119.84W. Total power: 119.84W
2021-02-13 21:23:51: <info>  New job from eth-eu1.nanopool.org:9433
2021-02-13 21:23:51: [Statistics] Ethereum - Total speed: 59.793 MH/s, Total shares: 2 Rejected: 1, Time: 04:40
2021-02-13 21:23:51: [Statistics] Ethereum last 10 min - Total: 60.187 MH/s.
2021-02-13 21:23:54: <info>  New job from eth-eu1.nanopool.org:9433
2021-02-13 21:23:54: [Statistics] Ethereum - Total speed: 59.418 MH/s, Total shares: 2 Rejected: 1, Time: 04:43
2021-02-13 21:23:54: [Statistics] GPU0 t=52°C fan 31% power 121.19W. Total power: 121.19W
2021-02-13 21:23:57: <info>  New job from eth-eu1.nanopool.org:9433
2021-02-13 21:23:57: [Statistics] Ethereum - Total speed: 59.393 MH/s, Total shares: 2 Rejected: 1, Time: 04:46
2021-02-13 21:24:00: <info>  New job from eth-eu1.nanopool.org:9433
2021-02-13 21:24:00: [Statistics] Ethereum - Total speed: 59.452 MH/s, Total shares: 2 Rejected: 1, Time: 04:49
2021-02-13 21:24:00: [Statistics] GPU0 t=52°C fan 31% power 120.49W. Total power: 120.49W
2021-02-13 21:24:02: <info>  New job from eth-eu1.nanopool.org:9433
2021-02-13 21:24:02: [Statistics] Ethereum - Total speed: 59.496 MH/s, Total shares: 2 Rejected: 1, Time: 04:51
2021-02-13 21:24:02: [Statistics] Ethereum last 10 min - Total: 60.159 MH/s.
2021-02-13 21:24:03: <info>  New job from eth-eu1.nanopool.org:9433
2021-02-13 21:24:03: [Statistics] Ethereum - Total speed: 59.515 MH/s, Total shares: 2 Rejected: 1, Time: 04:52
2021-02-13 21:24:03: [Statistics] GPU0 t=52°C fan 31% power 120.70W. Total power: 120.70W
2021-02-13 21:24:05: <info>  New job from eth-eu1.nanopool.org:9433
2021-02-13 21:24:05: [Statistics] Ethereum - Total speed: 59.580 MH/s, Total shares: 2 Rejected: 1, Time: 04:54
2021-02-13 21:24:08: <info>  New job from eth-eu1.nanopool.org:9433
2021-02-13 21:24:08: [Statistics] Ethereum - Total speed: 59.615 MH/s, Total shares: 2 Rejected: 1, Time: 04:57
2021-02-13 21:24:08: [Statistics] GPU0 t=52°C fan 31% power 121.08W. Total power: 121.08W
2021-02-13 21:24:11: <info>  New job from eth-eu1.nanopool.org:9433
2021-02-13 21:24:11: [Statistics] Ethereum - Total speed: 59.654 MH/s, Total shares: 2 Rejected: 1, Time: 05:00
2021-02-13 21:24:11: [Statistics] Ethereum last 10 min - Total: 60.141 MH/s.
2021-02-13 21:24:13: <info>  New job from eth-eu1.nanopool.org:9433
2021-02-13 21:24:13: [Statistics] Ethereum - Total speed: 59.695 MH/s, Total shares: 2 Rejected: 1, Time: 05:02
2021-02-13 21:24:13: [Statistics] GPU0 t=52°C fan 31% power 121.17W. Total power: 121.17W
2021-02-13 21:24:14: <info>  New job from eth-eu1.nanopool.org:9433
2021-02-13 21:24:14: [Statistics] Ethereum - Total speed: 59.710 MH/s, Total shares: 2 Rejected: 1, Time: 05:03
2021-02-13 21:24:17: <info>  New job from eth-eu1.nanopool.org:9433
2021-02-13 21:24:17: [Statistics] Ethereum - Total speed: 59.685 MH/s, Total shares: 2 Rejected: 1, Time: 05:06
2021-02-13 21:24:17: [Statistics] GPU0 t=52°C fan 31% power 120.45W. Total power: 120.45W
2021-02-13 21:24:20: <info>  New job from eth-eu1.nanopool.org:9433
2021-02-13 21:24:20: [Statistics] Ethereum - Total speed: 59.711 MH/s, Total shares: 2 Rejected: 1, Time: 05:09
2021-02-13 21:24:20: [Statistics] Ethereum last 10 min - Total: 60.129 MH/s.
2021-02-13 21:24:23: <info>  New job from eth-eu1.nanopool.org:9433
2021-02-13 21:24:23: [Statistics] Ethereum - Total speed: 59.747 MH/s, Total shares: 2 Rejected: 1, Time: 05:12
2021-02-13 21:24:23: [Statistics] GPU0 t=52°C fan 31% power 121.08W. Total power: 121.08W
2021-02-13 21:24:23: <info>  New job from eth-eu1.nanopool.org:9433
2021-02-13 21:24:23: [Statistics] Ethereum - Total speed: 59.784 MH/s, Total shares: 2 Rejected: 1, Time: 05:12
2021-02-13 21:24:26: <info>  New job from eth-eu1.nanopool.org:9433
2021-02-13 21:24:26: [Statistics] Ethereum - Total speed: 59.817 MH/s, Total shares: 2 Rejected: 1, Time: 05:15
2021-02-13 21:24:26: [Statistics] GPU0 t=52°C fan 31% power 121.31W. Total power: 121.31W
2021-02-13 21:24:26: <info>  New job from eth-eu1.nanopool.org:9433
2021-02-13 21:24:26: [Statistics] Ethereum - Total speed: 59.826 MH/s, Total shares: 2 Rejected: 1, Time: 05:15
2021-02-13 21:24:26: [Statistics] Ethereum last 10 min - Total: 60.121 MH/s.
2021-02-13 21:24:29: <info>  New job from eth-eu1.nanopool.org:9433
2021-02-13 21:24:29: [Statistics] Ethereum - Total speed: 59.834 MH/s, Total shares: 2 Rejected: 1, Time: 05:18
2021-02-13 21:24:29: [Statistics] GPU0 t=52°C fan 31% power 120.72W. Total power: 120.72W
2021-02-13 21:24:32: <info>  New job from eth-eu1.nanopool.org:9433
2021-02-13 21:24:32: [Statistics] Ethereum - Total speed: 59.845 MH/s, Total shares: 2 Rejected: 1, Time: 05:21
2021-02-13 21:24:35: <info>  New job from eth-eu1.nanopool.org:9433
2021-02-13 21:24:35: [Statistics] Ethereum - Total speed: 59.870 MH/s, Total shares: 2 Rejected: 1, Time: 05:24
2021-02-13 21:24:35: [Statistics] GPU0 t=52°C fan 31% power 120.94W. Total power: 120.94W
2021-02-13 21:24:38: <info>  New job from eth-eu1.nanopool.org:9433
2021-02-13 21:24:38: [Statistics] Ethereum - Total speed: 59.876 MH/s, Total shares: 2 Rejected: 1, Time: 05:27
2021-02-13 21:24:38: [Statistics] Ethereum last 10 min - Total: 60.111 MH/s.
2021-02-13 21:24:41: <info>  New job from eth-eu1.nanopool.org:9433
2021-02-13 21:24:41: [Statistics] Ethereum - Total speed: 59.871 MH/s, Total shares: 2 Rejected: 1, Time: 05:30
2021-02-13 21:24:41: [Statistics] GPU0 t=52°C fan 31% power 120.76W. Total power: 120.76W
2021-02-13 21:24:44: <info>  New job from eth-eu1.nanopool.org:9433
2021-02-13 21:24:44: [Statistics] Ethereum - Total speed: 59.889 MH/s, Total shares: 2 Rejected: 1, Time: 05:33
2021-02-13 21:24:47: <info>  New job from eth-eu1.nanopool.org:9433
2021-02-13 21:24:47: [Statistics] Ethereum - Total speed: 59.903 MH/s, Total shares: 2 Rejected: 1, Time: 05:36
2021-02-13 21:24:47: [Statistics] GPU0 t=52°C fan 31% power 120.41W. Total power: 120.41W
2021-02-13 21:24:50: <info>  New job from eth-eu1.nanopool.org:9433
2021-02-13 21:24:50: [Statistics] Ethereum - Total speed: 59.913 MH/s, Total shares: 2 Rejected: 1, Time: 05:39
2021-02-13 21:24:50: [Statistics] Ethereum last 10 min - Total: 60.103 MH/s.
2021-02-13 21:24:53: <info>  New job from eth-eu1.nanopool.org:9433
2021-02-13 21:24:53: [Statistics] Ethereum - Total speed: 59.465 MH/s, Total shares: 2 Rejected: 1, Time: 05:42
2021-02-13 21:24:53: [Statistics] GPU0 t=52°C fan 31% power 121.22W. Total power: 121.22W
2021-02-13 21:24:57: <info>  New job from eth-eu1.nanopool.org:9433
2021-02-13 21:24:57: [Statistics] Ethereum - Total speed: 59.556 MH/s, Total shares: 2 Rejected: 1, Time: 05:46
2021-02-13 21:25:00: <info>  New job from eth-eu1.nanopool.org:9433
2021-02-13 21:25:00: [Statistics] Ethereum - Total speed: 59.673 MH/s, Total shares: 2 Rejected: 1, Time: 05:49
2021-02-13 21:25:00: [Statistics] GPU0 t=52°C fan 31% power 120.14W. Total power: 120.14W
2021-02-13 21:25:03: <info>  New job from eth-eu1.nanopool.org:9433
2021-02-13 21:25:03: [Statistics] Ethereum - Total speed: 59.768 MH/s, Total shares: 2 Rejected: 1, Time: 05:52
2021-02-13 21:25:03: [Statistics] Ethereum last 10 min - Total: 60.085 MH/s.
2021-02-13 21:25:06: <info>  New job from eth-eu1.nanopool.org:9433
2021-02-13 21:25:06: [Statistics] Ethereum - Total speed: 59.859 MH/s, Total shares: 2 Rejected: 1, Time: 05:55
2021-02-13 21:25:06: [Statistics] GPU0 t=52°C fan 31% power 121.06W. Total power: 121.06W
2021-02-13 21:25:09: <info>  New job from eth-eu1.nanopool.org:9433
2021-02-13 21:25:09: [Statistics] Ethereum - Total speed: 59.945 MH/s, Total shares: 2 Rejected: 1, Time: 05:58
2021-02-13 21:25:09: <info>  New job from eth-eu1.nanopool.org:9433
2021-02-13 21:25:09: [Statistics] Ethereum - Total speed: 60.025 MH/s, Total shares: 2 Rejected: 1, Time: 05:58
2021-02-13 21:25:09: [Statistics] GPU0 t=52°C fan 31% power 120.26W. Total power: 120.26W
2021-02-13 21:25:09: <info>  New job from eth-eu1.nanopool.org:9433
2021-02-13 21:25:09: [Statistics] Ethereum - Total speed: 60.084 MH/s, Total shares: 2 Rejected: 1, Time: 05:58
2021-02-13 21:25:09: [Statistics] Ethereum last 10 min - Total: 60.081 MH/s.
2021-02-13 21:25:10: <info>  Ethereum - SHARE FOUND (GPU: 0, nonce: 0xd67eb7b0eab44e66).
2021-02-13 21:25:10: <info> Ethereum: share denied: Provided PoW solution is invalid! (50 ms).
2021-02-13 21:25:12: <info>  New job from eth-eu1.nanopool.org:9433
2021-02-13 21:25:12: [Statistics] Ethereum - Total speed: 60.144 MH/s, Total shares: 3 Rejected: 2, Time: 06:01
2021-02-13 21:25:12: [Statistics] GPU0 t=52°C fan 31% power 121.00W. Total power: 121.00W
2021-02-13 21:25:13: <info>  New job from eth-eu1.nanopool.org:9433
2021-02-13 21:25:13: [Statistics] Ethereum - Total speed: 60.205 MH/s, Total shares: 3 Rejected: 2, Time: 06:02
2021-02-13 21:25:13: <info>  New job from eth-eu1.nanopool.org:9433
2021-02-13 21:25:13: [Statistics] Ethereum - Total speed: 60.257 MH/s, Total shares: 3 Rejected: 2, Time: 06:02
2021-02-13 21:25:13: [Statistics] GPU0 t=52°C fan 31% power 120.15W. Total power: 120.15W
2021-02-13 21:25:16: <info>  New job from eth-eu1.nanopool.org:9433
2021-02-13 21:25:16: [Statistics] Ethereum - Total speed: 60.304 MH/s, Total shares: 3 Rejected: 2, Time: 06:05
2021-02-13 21:25:16: [Statistics] Ethereum last 10 min - Total: 60.083 MH/s.
2021-02-13 21:25:19: <info>  New job from eth-eu1.nanopool.org:9433
2021-02-13 21:25:19: [Statistics] Ethereum - Total speed: 60.342 MH/s, Total shares: 3 Rejected: 2, Time: 06:08
2021-02-13 21:25:19: [Statistics] GPU0 t=52°C fan 31% power 120.24W. Total power: 120.24W
2021-02-13 21:25:22: <info>  New job from eth-eu1.nanopool.org:9433
2021-02-13 21:25:22: [Statistics] Ethereum - Total speed: 60.377 MH/s, Total shares: 3 Rejected: 2, Time: 06:11
2021-02-13 21:25:25: <info>  New job from eth-eu1.nanopool.org:9433
2021-02-13 21:25:25: [Statistics] Ethereum - Total speed: 60.408 MH/s, Total shares: 3 Rejected: 2, Time: 06:14
2021-02-13 21:25:25: [Statistics] GPU0 t=52°C fan 31% power 121.08W. Total power: 121.08W
2021-02-13 21:25:28: <info>  New job from eth-eu1.nanopool.org:9433
2021-02-13 21:25:28: [Statistics] Ethereum - Total speed: 60.442 MH/s, Total shares: 3 Rejected: 2, Time: 06:17
2021-02-13 21:25:28: [Statistics] Ethereum last 10 min - Total: 60.093 MH/s.
2021-02-13 21:25:31: <info>  New job from eth-eu1.nanopool.org:9433
2021-02-13 21:25:31: [Statistics] Ethereum - Total speed: 60.478 MH/s, Total shares: 3 Rejected: 2, Time: 06:20
2021-02-13 21:25:31: [Statistics] GPU0 t=52°C fan 31% power 120.17W. Total power: 120.17W
2021-02-13 21:25:34: <info>  New job from eth-eu1.nanopool.org:9433
2021-02-13 21:25:34: [Statistics] Ethereum - Total speed: 60.497 MH/s, Total shares: 3 Rejected: 2, Time: 06:23
2021-02-13 21:25:37: <info>  New job from eth-eu1.nanopool.org:9433
2021-02-13 21:25:37: [Statistics] Ethereum - Total speed: 60.512 MH/s, Total shares: 3 Rejected: 2, Time: 06:26
2021-02-13 21:25:37: [Statistics] GPU0 t=52°C fan 31% power 120.59W. Total power: 120.59W
2021-02-13 21:25:40: <info>  New job from eth-eu1.nanopool.org:9433
2021-02-13 21:25:40: [Statistics] Ethereum - Total speed: 60.532 MH/s, Total shares: 3 Rejected: 2, Time: 06:29
2021-02-13 21:25:40: [Statistics] Ethereum last 10 min - Total: 60.106 MH/s.
2021-02-13 21:25:43: <info>  New job from eth-eu1.nanopool.org:9433
2021-02-13 21:25:43: [Statistics] Ethereum - Total speed: 60.545 MH/s, Total shares: 3 Rejected: 2, Time: 06:32
2021-02-13 21:25:43: [Statistics] GPU0 t=52°C fan 31% power 120.83W. Total power: 120.83W
2021-02-13 21:25:46: <info>  New job from eth-eu1.nanopool.org:9433
2021-02-13 21:25:46: [Statistics] Ethereum - Total speed: 60.548 MH/s, Total shares: 3 Rejected: 2, Time: 06:35
2021-02-13 21:25:49: <info>  New job from eth-eu1.nanopool.org:9433
2021-02-13 21:25:49: [Statistics] Ethereum - Total speed: 60.564 MH/s, Total shares: 3 Rejected: 2, Time: 06:38
2021-02-13 21:25:49: [Statistics] GPU0 t=52°C fan 31% power 120.81W. Total power: 120.81W
2021-02-13 21:25:52: <info>  New job from eth-eu1.nanopool.org:9433
2021-02-13 21:25:52: [Statistics] Ethereum - Total speed: 60.588 MH/s, Total shares: 3 Rejected: 2, Time: 06:41
2021-02-13 21:25:52: [Statistics] Ethereum last 10 min - Total: 60.119 MH/s.
2021-02-13 21:25:55: <info>  New job from eth-eu1.nanopool.org:9433
2021-02-13 21:25:55: [Statistics] Ethereum - Total speed: 60.607 MH/s, Total shares: 3 Rejected: 2, Time: 06:44
2021-02-13 21:25:55: [Statistics] GPU0 t=52°C fan 31% power 121.08W. Total power: 121.08W
2021-02-13 21:25:58: <info>  New job from eth-eu1.nanopool.org:9433
2021-02-13 21:25:58: [Statistics] Ethereum - Total speed: 60.624 MH/s, Total shares: 3 Rejected: 2, Time: 06:47
2021-02-13 21:26:01: <info>  New job from eth-eu1.nanopool.org:9433
2021-02-13 21:26:01: [Statistics] Ethereum - Total speed: 60.634 MH/s, Total shares: 3 Rejected: 2, Time: 06:50
2021-02-13 21:26:01: [Statistics] GPU0 t=52°C fan 31% power 120.42W. Total power: 120.42W
2021-02-13 21:26:04: <info>  New job from eth-eu1.nanopool.org:9433
2021-02-13 21:26:04: [Statistics] Ethereum - Total speed: 60.637 MH/s, Total shares: 3 Rejected: 2, Time: 06:53
2021-02-13 21:26:04: [Statistics] Ethereum last 10 min - Total: 60.134 MH/s.
2021-02-13 21:26:07: <info>  New job from eth-eu1.nanopool.org:9433
2021-02-13 21:26:07: [Statistics] Ethereum - Total speed: 60.648 MH/s, Total shares: 3 Rejected: 2, Time: 06:56
2021-02-13 21:26:07: [Statistics] GPU0 t=52°C fan 31% power 120.44W. Total power: 120.44W
2021-02-13 21:26:09: <info>  New job from eth-eu1.nanopool.org:9433
2021-02-13 21:26:09: [Statistics] Ethereum - Total speed: 60.652 MH/s, Total shares: 3 Rejected: 2, Time: 06:58
2021-02-13 21:26:12: <info>  New job from eth-eu1.nanopool.org:9433
2021-02-13 21:26:12: [Statistics] Ethereum - Total speed: 60.653 MH/s, Total shares: 3 Rejected: 2, Time: 07:01
2021-02-13 21:26:12: [Statistics] GPU0 t=52°C fan 31% power 120.95W. Total power: 120.95W
2021-02-13 21:26:14: <info>  New job from eth-eu1.nanopool.org:9433
2021-02-13 21:26:14: [Statistics] Ethereum - Total speed: 60.649 MH/s, Total shares: 3 Rejected: 2, Time: 07:03
2021-02-13 21:26:14: [Statistics] Ethereum last 10 min - Total: 60.147 MH/s.
2021-02-13 21:26:17: <info>  New job from eth-eu1.nanopool.org:9433
2021-02-13 21:26:17: [Statistics] Ethereum - Total speed: 60.639 MH/s, Total shares: 3 Rejected: 2, Time: 07:06
2021-02-13 21:26:17: [Statistics] GPU0 t=52°C fan 31% power 120.28W. Total power: 120.28W
2021-02-13 21:26:21: <info>  New job from eth-eu1.nanopool.org:9433
2021-02-13 21:26:21: [Statistics] Ethereum - Total speed: 60.633 MH/s, Total shares: 3 Rejected: 2, Time: 07:10
2021-02-13 21:26:24: <info>  New job from eth-eu1.nanopool.org:9433
2021-02-13 21:26:24: [Statistics] Ethereum - Total speed: 60.640 MH/s, Total shares: 3 Rejected: 2, Time: 07:13
2021-02-13 21:26:24: [Statistics] GPU0 t=52°C fan 31% power 121.01W. Total power: 121.01W
2021-02-13 21:26:27: <info>  New job from eth-eu1.nanopool.org:9433
2021-02-13 21:26:27: [Statistics] Ethereum - Total speed: 60.638 MH/s, Total shares: 3 Rejected: 2, Time: 07:16
2021-02-13 21:26:27: [Statistics] Ethereum last 10 min - Total: 60.161 MH/s.
2021-02-13 21:26:29: <info>  New job from eth-eu1.nanopool.org:9433
2021-02-13 21:26:29: [Statistics] Ethereum - Total speed: 60.636 MH/s, Total shares: 3 Rejected: 2, Time: 07:18
2021-02-13 21:26:29: [Statistics] GPU0 t=52°C fan 31% power 120.47W. Total power: 120.47W
2021-02-13 21:26:32: <info>  New job from eth-eu1.nanopool.org:9433
2021-02-13 21:26:32: [Statistics] Ethereum - Total speed: 60.646 MH/s, Total shares: 3 Rejected: 2, Time: 07:21
2021-02-13 21:26:34: <info>  New job from eth-eu1.nanopool.org:9433
2021-02-13 21:26:34: [Statistics] Ethereum - Total speed: 60.637 MH/s, Total shares: 3 Rejected: 2, Time: 07:23
2021-02-13 21:26:34: [Statistics] GPU0 t=52°C fan 31% power 121.06W. Total power: 121.06W
2021-02-13 21:26:35: <info>  New job from eth-eu1.nanopool.org:9433
2021-02-13 21:26:35: [Statistics] Ethereum - Total speed: 60.640 MH/s, Total shares: 3 Rejected: 2, Time: 07:24
2021-02-13 21:26:35: [Statistics] Ethereum last 10 min - Total: 60.170 MH/s.
2021-02-13 21:26:37: <info>  New job from eth-eu1.nanopool.org:9433
2021-02-13 21:26:37: [Statistics] Ethereum - Total speed: 60.650 MH/s, Total shares: 3 Rejected: 2, Time: 07:26
2021-02-13 21:26:37: [Statistics] GPU0 t=52°C fan 31% power 121.32W. Total power: 121.32W
2021-02-13 21:26:37: <info>  New job from eth-eu1.nanopool.org:9433
2021-02-13 21:26:37: [Statistics] Ethereum - Total speed: 60.628 MH/s, Total shares: 3 Rejected: 2, Time: 07:26
2021-02-13 21:26:40: <info>  New job from eth-eu1.nanopool.org:9433
2021-02-13 21:26:40: [Statistics] Ethereum - Total speed: 60.632 MH/s, Total shares: 3 Rejected: 2, Time: 07:29
2021-02-13 21:26:40: [Statistics] GPU0 t=52°C fan 31% power 120.97W. Total power: 120.97W
2021-02-13 21:26:43: <info>  New job from eth-eu1.nanopool.org:9433
2021-02-13 21:26:43: [Statistics] Ethereum - Total speed: 60.644 MH/s, Total shares: 3 Rejected: 2, Time: 07:32
2021-02-13 21:26:43: [Statistics] Ethereum last 10 min - Total: 60.179 MH/s.
2021-02-13 21:26:46: <info>  New job from eth-eu1.nanopool.org:9433
2021-02-13 21:26:46: [Statistics] Ethereum - Total speed: 60.649 MH/s, Total shares: 3 Rejected: 2, Time: 07:35
2021-02-13 21:26:46: [Statistics] GPU0 t=52°C fan 31% power 120.36W. Total power: 120.36W
2021-02-13 21:26:49: <info>  New job from eth-eu1.nanopool.org:9433
2021-02-13 21:26:49: [Statistics] Ethereum - Total speed: 60.652 MH/s, Total shares: 3 Rejected: 2, Time: 07:38
2021-02-13 21:26:52: <info>  New job from eth-eu1.nanopool.org:9433
2021-02-13 21:26:52: [Statistics] Ethereum - Total speed: 60.660 MH/s, Total shares: 3 Rejected: 2, Time: 07:41
2021-02-13 21:26:52: [Statistics] GPU0 t=52°C fan 31% power 121.28W. Total power: 121.28W
2021-02-13 21:26:55: <info>  New job from eth-eu1.nanopool.org:9433
2021-02-13 21:26:55: [Statistics] Ethereum - Total speed: 60.647 MH/s, Total shares: 3 Rejected: 2, Time: 07:44
2021-02-13 21:26:55: [Statistics] Ethereum last 10 min - Total: 60.191 MH/s.
2021-02-13 21:26:58: <info>  New job from eth-eu1.nanopool.org:9433
2021-02-13 21:26:58: [Statistics] Ethereum - Total speed: 60.644 MH/s, Total shares: 3 Rejected: 2, Time: 07:47
2021-02-13 21:26:58: [Statistics] GPU0 t=52°C fan 31% power 120.39W. Total power: 120.39W
2021-02-13 21:27:00: <info>  New job from eth-eu1.nanopool.org:9433
2021-02-13 21:27:00: [Statistics] Ethereum - Total speed: 60.645 MH/s, Total shares: 3 Rejected: 2, Time: 07:49
2021-02-13 21:27:00: <info>  New job from eth-eu1.nanopool.org:9433
2021-02-13 21:27:00: [Statistics] Ethereum - Total speed: 60.642 MH/s, Total shares: 3 Rejected: 2, Time: 07:49
2021-02-13 21:27:00: [Statistics] GPU0 t=52°C fan 31% power 120.70W. Total power: 120.70W
2021-02-13 21:27:03: <info>  New job from eth-eu1.nanopool.org:9433
2021-02-13 21:27:03: [Statistics] Ethereum - Total speed: 60.632 MH/s, Total shares: 3 Rejected: 2, Time: 07:52
2021-02-13 21:27:03: [Statistics] Ethereum last 10 min - Total: 60.199 MH/s.
2021-02-13 21:27:03: <info>  New job from eth-eu1.nanopool.org:9433
2021-02-13 21:27:03: [Statistics] Ethereum - Total speed: 60.619 MH/s, Total shares: 3 Rejected: 2, Time: 07:52
2021-02-13 21:27:03: [Statistics] GPU0 t=52°C fan 31% power 120.29W. Total power: 120.29W
2021-02-13 21:27:03: <info>  New job from eth-eu1.nanopool.org:9433
2021-02-13 21:27:03: [Statistics] Ethereum - Total speed: 60.627 MH/s, Total shares: 3 Rejected: 2, Time: 07:52
2021-02-13 21:27:06: <info>  New job from eth-eu1.nanopool.org:9433
2021-02-13 21:27:06: [Statistics] Ethereum - Total speed: 60.629 MH/s, Total shares: 3 Rejected: 2, Time: 07:55
2021-02-13 21:27:06: [Statistics] GPU0 t=52°C fan 31% power 120.58W. Total power: 120.58W
2021-02-13 21:27:10: <info>  New job from eth-eu1.nanopool.org:9433
2021-02-13 21:27:10: [Statistics] Ethereum - Total speed: 60.630 MH/s, Total shares: 3 Rejected: 2, Time: 07:59
2021-02-13 21:27:10: [Statistics] Ethereum last 10 min - Total: 60.205 MH/s.
2021-02-13 21:27:12: <info>  New job from eth-eu1.nanopool.org:9433
2021-02-13 21:27:12: [Statistics] Ethereum - Total speed: 60.631 MH/s, Total shares: 3 Rejected: 2, Time: 08:01
2021-02-13 21:27:12: [Statistics] GPU0 t=52°C fan 31% power 120.91W. Total power: 120.91W
2021-02-13 21:27:16: <info>  New job from eth-eu1.nanopool.org:9433
2021-02-13 21:27:16: [Statistics] Ethereum - Total speed: 60.633 MH/s, Total shares: 3 Rejected: 2, Time: 08:05
2021-02-13 21:27:18: <info>  New job from eth-eu1.nanopool.org:9433
2021-02-13 21:27:18: [Statistics] Ethereum - Total speed: 60.628 MH/s, Total shares: 3 Rejected: 2, Time: 08:07
2021-02-13 21:27:18: [Statistics] GPU0 t=52°C fan 31% power 120.29W. Total power: 120.29W
2021-02-13 21:27:21: <info>  New job from eth-eu1.nanopool.org:9433
2021-02-13 21:27:21: [Statistics] Ethereum - Total speed: 60.616 MH/s, Total shares: 3 Rejected: 2, Time: 08:10
2021-02-13 21:27:21: [Statistics] Ethereum last 10 min - Total: 60.216 MH/s.
2021-02-13 21:27:24: <info>  New job from eth-eu1.nanopool.org:9433
2021-02-13 21:27:24: [Statistics] Ethereum - Total speed: 60.634 MH/s, Total shares: 3 Rejected: 2, Time: 08:13
2021-02-13 21:27:24: [Statistics] GPU0 t=52°C fan 31% power 120.92W. Total power: 120.92W
2021-02-13 21:27:27: <info>  New job from eth-eu1.nanopool.org:9433
2021-02-13 21:27:27: [Statistics] Ethereum - Total speed: 60.621 MH/s, Total shares: 3 Rejected: 2, Time: 08:16
2021-02-13 21:27:30: <info>  New job from eth-eu1.nanopool.org:9433
2021-02-13 21:27:30: [Statistics] Ethereum - Total speed: 60.617 MH/s, Total shares: 3 Rejected: 2, Time: 08:19
2021-02-13 21:27:30: [Statistics] GPU0 t=52°C fan 31% power 120.07W. Total power: 120.07W
2021-02-13 21:27:34: <info>  New job from eth-eu1.nanopool.org:9433
2021-02-13 21:27:34: [Statistics] Ethereum - Total speed: 60.614 MH/s, Total shares: 3 Rejected: 2, Time: 08:23
2021-02-13 21:27:34: [Statistics] Ethereum last 10 min - Total: 60.226 MH/s.
2021-02-13 21:27:36: <info>  New job from eth-eu1.nanopool.org:9433
2021-02-13 21:27:36: [Statistics] Ethereum - Total speed: 60.626 MH/s, Total shares: 3 Rejected: 2, Time: 08:25
2021-02-13 21:27:36: [Statistics] GPU0 t=52°C fan 31% power 121.14W. Total power: 121.14W
2021-02-13 21:27:39: <info>  New job from eth-eu1.nanopool.org:9433
2021-02-13 21:27:39: [Statistics] Ethereum - Total speed: 60.619 MH/s, Total shares: 3 Rejected: 2, Time: 08:28
2021-02-13 21:27:40: <info>  New job from eth-eu1.nanopool.org:9433
2021-02-13 21:27:40: [Statistics] Ethereum - Total speed: 60.625 MH/s, Total shares: 3 Rejected: 2, Time: 08:29
2021-02-13 21:27:40: [Statistics] GPU0 t=52°C fan 31% power 120.18W. Total power: 120.18W
2021-02-13 21:27:43: <info>  New job from eth-eu1.nanopool.org:9433
2021-02-13 21:27:43: [Statistics] Ethereum - Total speed: 60.641 MH/s, Total shares: 3 Rejected: 2, Time: 08:32
2021-02-13 21:27:43: [Statistics] Ethereum last 10 min - Total: 60.233 MH/s.
2021-02-13 21:27:46: <info>  New job from eth-eu1.nanopool.org:9433
2021-02-13 21:27:46: [Statistics] Ethereum - Total speed: 60.641 MH/s, Total shares: 3 Rejected: 2, Time: 08:35
2021-02-13 21:27:46: [Statistics] GPU0 t=52°C fan 31% power 120.96W. Total power: 120.96W
2021-02-13 21:27:47: <info>  New job from eth-eu1.nanopool.org:9433
2021-02-13 21:27:47: [Statistics] Ethereum - Total speed: 60.641 MH/s, Total shares: 3 Rejected: 2, Time: 08:36
2021-02-13 21:27:47: <info>  New job from eth-eu1.nanopool.org:9433
2021-02-13 21:27:47: [Statistics] Ethereum - Total speed: 60.638 MH/s, Total shares: 3 Rejected: 2, Time: 08:36
2021-02-13 21:27:47: [Statistics] GPU0 t=52°C fan 31% power 120.69W. Total power: 120.69W
2021-02-13 21:27:50: <info>  New job from eth-eu1.nanopool.org:9433
2021-02-13 21:27:50: [Statistics] Ethereum - Total speed: 60.631 MH/s, Total shares: 3 Rejected: 2, Time: 08:39
2021-02-13 21:27:50: [Statistics] Ethereum last 10 min - Total: 60.239 MH/s.
2021-02-13 21:27:51: <info>  New job from eth-eu1.nanopool.org:9433
2021-02-13 21:27:51: [Statistics] Ethereum - Total speed: 60.642 MH/s, Total shares: 3 Rejected: 2, Time: 08:40
2021-02-13 21:27:51: [Statistics] GPU0 t=52°C fan 31% power 120.38W. Total power: 120.38W
2021-02-13 21:27:51: <info>  New job from eth-eu1.nanopool.org:9433
2021-02-13 21:27:51: [Statistics] Ethereum - Total speed: 60.656 MH/s, Total shares: 3 Rejected: 2, Time: 08:40
2021-02-13 21:27:54: <info>  New job from eth-eu1.nanopool.org:9433
2021-02-13 21:27:54: [Statistics] Ethereum - Total speed: 60.597 MH/s, Total shares: 3 Rejected: 2, Time: 08:43
2021-02-13 21:27:54: [Statistics] GPU0 t=52°C fan 31% power 121.16W. Total power: 121.16W
2021-02-13 21:27:57: <info>  New job from eth-eu1.nanopool.org:9433
2021-02-13 21:27:57: [Statistics] Ethereum - Total speed: 60.577 MH/s, Total shares: 3 Rejected: 2, Time: 08:46
2021-02-13 21:27:57: [Statistics] Ethereum last 10 min - Total: 60.244 MH/s.
2021-02-13 21:28:00: <info>  New job from eth-eu1.nanopool.org:9433
2021-02-13 21:28:00: [Statistics] Ethereum - Total speed: 60.589 MH/s, Total shares: 3 Rejected: 2, Time: 08:49
2021-02-13 21:28:00: [Statistics] GPU0 t=52°C fan 31% power 120.17W. Total power: 120.17W
2021-02-13 21:28:02: <info>  New job from eth-eu1.nanopool.org:9433
2021-02-13 21:28:02: [Statistics] Ethereum - Total speed: 60.589 MH/s, Total shares: 3 Rejected: 2, Time: 08:51
2021-02-13 21:28:05: <info>  New job from eth-eu1.nanopool.org:9433
2021-02-13 21:28:05: [Statistics] Ethereum - Total speed: 60.592 MH/s, Total shares: 3 Rejected: 2, Time: 08:54
2021-02-13 21:28:05: [Statistics] GPU0 t=52°C fan 31% power 120.78W. Total power: 120.78W
2021-02-13 21:28:06: <info>  Ethereum - SHARE FOUND (GPU: 0, nonce: 0x829f76cd83d03ba2).
2021-02-13 21:28:06: <info> Ethereum: share denied: Provided PoW solution is invalid! (59 ms).
2021-02-13 21:28:08: <info>  New job from eth-eu1.nanopool.org:9433
2021-02-13 21:28:08: [Statistics] Ethereum - Total speed: 60.597 MH/s, Total shares: 4 Rejected: 3, Time: 08:57
2021-02-13 21:28:08: [Statistics] Ethereum last 10 min - Total: 60.251 MH/s.
2021-02-13 21:28:11: <info>  New job from eth-eu1.nanopool.org:9433
2021-02-13 21:28:11: [Statistics] Ethereum - Total speed: 60.600 MH/s, Total shares: 4 Rejected: 3, Time: 09:00
2021-02-13 21:28:11: [Statistics] GPU0 t=52°C fan 31% power 120.13W. Total power: 120.13W
2021-02-13 21:28:13: <info>  New job from eth-eu1.nanopool.org:9433
2021-02-13 21:28:13: [Statistics] Ethereum - Total speed: 60.601 MH/s, Total shares: 4 Rejected: 3, Time: 09:02
2021-02-13 21:28:13: <info>  New job from eth-eu1.nanopool.org:9433
2021-02-13 21:28:13: [Statistics] Ethereum - Total speed: 60.609 MH/s, Total shares: 4 Rejected: 3, Time: 09:02
2021-02-13 21:28:13: [Statistics] GPU0 t=52°C fan 31% power 120.23W. Total power: 120.23W
2021-02-13 21:28:16: <info>  New job from eth-eu1.nanopool.org:9433
2021-02-13 21:28:16: [Statistics] Ethereum - Total speed: 60.622 MH/s, Total shares: 4 Rejected: 3, Time: 09:05
2021-02-13 21:28:16: [Statistics] Ethereum last 10 min - Total: 60.257 MH/s.
2021-02-13 21:28:18: <info>  New job from eth-eu1.nanopool.org:9433
2021-02-13 21:28:18: [Statistics] Ethereum - Total speed: 60.632 MH/s, Total shares: 4 Rejected: 3, Time: 09:07
2021-02-13 21:28:18: [Statistics] GPU0 t=52°C fan 31% power 120.15W. Total power: 120.15W
2021-02-13 21:28:18: <info>  New job from eth-eu1.nanopool.org:9433
2021-02-13 21:28:18: [Statistics] Ethereum - Total speed: 60.629 MH/s, Total shares: 4 Rejected: 3, Time: 09:07
2021-02-13 21:28:21: <info>  New job from eth-eu1.nanopool.org:9433
2021-02-13 21:28:21: [Statistics] Ethereum - Total speed: 60.639 MH/s, Total shares: 4 Rejected: 3, Time: 09:10
2021-02-13 21:28:21: [Statistics] GPU0 t=52°C fan 31% power 120.70W. Total power: 120.70W
2021-02-13 21:28:24: <info>  New job from eth-eu1.nanopool.org:9433
2021-02-13 21:28:24: [Statistics] Ethereum - Total speed: 60.655 MH/s, Total shares: 4 Rejected: 3, Time: 09:13
2021-02-13 21:28:24: [Statistics] Ethereum last 10 min - Total: 60.262 MH/s.
2021-02-13 21:28:27: <info>  New job from eth-eu1.nanopool.org:9433
2021-02-13 21:28:27: [Statistics] Ethereum - Total speed: 60.664 MH/s, Total shares: 4 Rejected: 3, Time: 09:16
2021-02-13 21:28:27: [Statistics] GPU0 t=52°C fan 31% power 120.91W. Total power: 120.91W
2021-02-13 21:28:30: <info>  New job from eth-eu1.nanopool.org:9433
2021-02-13 21:28:30: [Statistics] Ethereum - Total speed: 60.651 MH/s, Total shares: 4 Rejected: 3, Time: 09:19
2021-02-13 21:28:33: <info>  New job from eth-eu1.nanopool.org:9433
2021-02-13 21:28:33: [Statistics] Ethereum - Total speed: 60.643 MH/s, Total shares: 4 Rejected: 3, Time: 09:22
2021-02-13 21:28:33: [Statistics] GPU0 t=52°C fan 31% power 120.64W. Total power: 120.64W
2021-02-13 21:28:36: <info>  New job from eth-eu1.nanopool.org:9433
2021-02-13 21:28:36: [Statistics] Ethereum - Total speed: 60.650 MH/s, Total shares: 4 Rejected: 3, Time: 09:25
2021-02-13 21:28:36: [Statistics] Ethereum last 10 min - Total: 60.270 MH/s.
2021-02-13 21:28:39: <info>  New job from eth-eu1.nanopool.org:9433
2021-02-13 21:28:39: [Statistics] Ethereum - Total speed: 60.645 MH/s, Total shares: 4 Rejected: 3, Time: 09:28
2021-02-13 21:28:39: [Statistics] GPU0 t=52°C fan 31% power 121.02W. Total power: 121.02W
2021-02-13 21:28:40: <info>  New job from eth-eu1.nanopool.org:9433
2021-02-13 21:28:40: [Statistics] Ethereum - Total speed: 60.645 MH/s, Total shares: 4 Rejected: 3, Time: 09:29
2021-02-13 21:28:41: <info>  New job from eth-eu1.nanopool.org:9433
2021-02-13 21:28:41: [Statistics] Ethereum - Total speed: 60.638 MH/s, Total shares: 4 Rejected: 3, Time: 09:30
2021-02-13 21:28:41: [Statistics] GPU0 t=52°C fan 31% power 120.08W. Total power: 120.08W
2021-02-13 21:28:44: <info>  New job from eth-eu1.nanopool.org:9433
2021-02-13 21:28:44: [Statistics] Ethereum - Total speed: 60.651 MH/s, Total shares: 4 Rejected: 3, Time: 09:33
2021-02-13 21:28:44: [Statistics] Ethereum last 10 min - Total: 60.276 MH/s.
2021-02-13 21:28:47: <info>  New job from eth-eu1.nanopool.org:9433
2021-02-13 21:28:47: [Statistics] Ethereum - Total speed: 60.651 MH/s, Total shares: 4 Rejected: 3, Time: 09:35
2021-02-13 21:28:47: [Statistics] GPU0 t=52°C fan 31% power 120.79W. Total power: 120.79W
2021-02-13 21:28:49: <info>  New job from eth-eu1.nanopool.org:9433
2021-02-13 21:28:49: [Statistics] Ethereum - Total speed: 60.654 MH/s, Total shares: 4 Rejected: 3, Time: 09:38
2021-02-13 21:28:53: <info>  New job from eth-eu1.nanopool.org:9433
2021-02-13 21:28:53: [Statistics] Ethereum - Total speed: 60.651 MH/s, Total shares: 4 Rejected: 3, Time: 09:42
2021-02-13 21:28:53: [Statistics] GPU0 t=52°C fan 31% power 120.72W. Total power: 120.72W
2021-02-13 21:28:55: <info>  New job from eth-eu1.nanopool.org:9433
2021-02-13 21:28:55: [Statistics] Ethereum - Total speed: 60.662 MH/s, Total shares: 4 Rejected: 3, Time: 09:44
2021-02-13 21:28:55: [Statistics] Ethereum last 10 min - Total: 60.283 MH/s.
2021-02-13 21:28:57: <info>  New job from eth-eu1.nanopool.org:9433
2021-02-13 21:28:57: [Statistics] Ethereum - Total speed: 60.662 MH/s, Total shares: 4 Rejected: 3, Time: 09:46
2021-02-13 21:28:57: [Statistics] GPU0 t=52°C fan 31% power 119.96W. Total power: 119.96W
2021-02-13 21:28:58: <info>  New job from eth-eu1.nanopool.org:9433
2021-02-13 21:28:58: [Statistics] Ethereum - Total speed: 60.669 MH/s, Total shares: 4 Rejected: 3, Time: 09:47
2021-02-13 21:29:00: <info>  New job from eth-eu1.nanopool.org:9433
2021-02-13 21:29:00: [Statistics] Ethereum - Total speed: 60.664 MH/s, Total shares: 4 Rejected: 3, Time: 09:49
2021-02-13 21:29:00: [Statistics] GPU0 t=52°C fan 31% power 120.92W. Total power: 120.92W
2021-02-13 21:29:03: <info>  New job from eth-eu1.nanopool.org:9433
2021-02-13 21:29:03: [Statistics] Ethereum - Total speed: 60.676 MH/s, Total shares: 4 Rejected: 3, Time: 09:52
2021-02-13 21:29:03: [Statistics] Ethereum last 10 min - Total: 60.288 MH/s.
2021-02-13 21:29:07: <info>  New job from eth-eu1.nanopool.org:9433
2021-02-13 21:29:07: [Statistics] Ethereum - Total speed: 60.685 MH/s, Total shares: 4 Rejected: 3, Time: 09:56
2021-02-13 21:29:07: [Statistics] GPU0 t=52°C fan 31% power 120.59W. Total power: 120.59W
2021-02-13 21:29:09: <info>  New job from eth-eu1.nanopool.org:9433
2021-02-13 21:29:09: [Statistics] Ethereum - Total speed: 60.684 MH/s, Total shares: 4 Rejected: 3, Time: 09:58
2021-02-13 21:29:12: <info>  New job from eth-eu1.nanopool.org:9433
2021-02-13 21:29:12: [Statistics] Ethereum - Total speed: 60.688 MH/s, Total shares: 4 Rejected: 3, Time: 10:01
2021-02-13 21:29:12: [Statistics] GPU0 t=52°C fan 31% power 120.14W. Total power: 120.14W
2021-02-13 21:29:15: <info>  New job from eth-eu1.nanopool.org:9433
2021-02-13 21:29:15: [Statistics] Ethereum - Total speed: 60.683 MH/s, Total shares: 4 Rejected: 3, Time: 10:04
2021-02-13 21:29:15: [Statistics] Ethereum last 10 min - Total: 60.296 MH/s.
2021-02-13 21:29:18: <info>  New job from eth-eu1.nanopool.org:9433
2021-02-13 21:29:19: [Statistics] Ethereum - Total speed: 60.671 MH/s, Total shares: 4 Rejected: 3, Time: 10:07
2021-02-13 21:29:19: [Statistics] GPU0 t=51°C fan 31% power 121.09W. Total power: 121.09W
2021-02-13 21:29:22: <info>  New job from eth-eu1.nanopool.org:9433
2021-02-13 21:29:22: [Statistics] Ethereum - Total speed: 60.657 MH/s, Total shares: 4 Rejected: 3, Time: 10:10
2021-02-13 21:29:24: <info>  New job from eth-eu1.nanopool.org:9433
2021-02-13 21:29:24: [Statistics] Ethereum - Total speed: 60.649 MH/s, Total shares: 4 Rejected: 3, Time: 10:13
2021-02-13 21:29:24: [Statistics] GPU0 t=52°C fan 31% power 120.25W. Total power: 120.25W
2021-02-13 21:29:26: <info>  New job from eth-eu1.nanopool.org:9433
2021-02-13 21:29:26: [Statistics] Ethereum - Total speed: 60.648 MH/s, Total shares: 4 Rejected: 3, Time: 10:15
2021-02-13 21:29:26: [Statistics] Ethereum last 10 min - Total: 60.307 MH/s.
2021-02-13 21:29:29: <info>  New job from eth-eu1.nanopool.org:9433
2021-02-13 21:29:29: [Statistics] Ethereum - Total speed: 60.648 MH/s, Total shares: 4 Rejected: 3, Time: 10:18
2021-02-13 21:29:29: [Statistics] GPU0 t=52°C fan 31% power 121.17W. Total power: 121.17W
2021-02-13 21:29:30: <info>  New job from eth-eu1.nanopool.org:9433
2021-02-13 21:29:30: [Statistics] Ethereum - Total speed: 60.658 MH/s, Total shares: 4 Rejected: 3, Time: 10:19
2021-02-13 21:29:34: <info>  New job from eth-eu1.nanopool.org:9433
2021-02-13 21:29:34: [Statistics] Ethereum - Total speed: 60.672 MH/s, Total shares: 4 Rejected: 3, Time: 10:23
2021-02-13 21:29:34: [Statistics] GPU0 t=51°C fan 31% power 121.04W. Total power: 121.04W
2021-02-13 21:29:36: <info>  New job from eth-eu1.nanopool.org:9433
2021-02-13 21:29:36: [Statistics] Ethereum - Total speed: 60.679 MH/s, Total shares: 4 Rejected: 3, Time: 10:25
2021-02-13 21:29:36: [Statistics] Ethereum last 10 min - Total: 60.318 MH/s.
2021-02-13 21:29:39: <info>  New job from eth-eu1.nanopool.org:9433
2021-02-13 21:29:39: [Statistics] Ethereum - Total speed: 60.674 MH/s, Total shares: 4 Rejected: 3, Time: 10:28
2021-02-13 21:29:39: [Statistics] GPU0 t=52°C fan 31% power 121.17W. Total power: 121.17W
2021-02-13 21:29:42: <info>  New job from eth-eu1.nanopool.org:9433
2021-02-13 21:29:42: [Statistics] Ethereum - Total speed: 60.673 MH/s, Total shares: 4 Rejected: 3, Time: 10:31
2021-02-13 21:29:45: <info>  New job from eth-eu1.nanopool.org:9433
2021-02-13 21:29:45: [Statistics] Ethereum - Total speed: 60.681 MH/s, Total shares: 4 Rejected: 3, Time: 10:34
2021-02-13 21:29:45: [Statistics] GPU0 t=52°C fan 31% power 120.63W. Total power: 120.63W
2021-02-13 21:29:47: <info>  New job from eth-eu1.nanopool.org:9433
2021-02-13 21:29:47: [Statistics] Ethereum - Total speed: 60.663 MH/s, Total shares: 4 Rejected: 3, Time: 10:36
2021-02-13 21:29:47: [Statistics] Ethereum last 10 min - Total: 60.329 MH/s.
2021-02-13 21:29:50: <info>  New job from eth-eu1.nanopool.org:9433
2021-02-13 21:29:50: [Statistics] Ethereum - Total speed: 60.650 MH/s, Total shares: 4 Rejected: 3, Time: 10:39
2021-02-13 21:29:50: [Statistics] GPU0 t=52°C fan 31% power 120.57W. Total power: 120.57W
2021-02-13 21:29:53: <info>  New job from eth-eu1.nanopool.org:9433
2021-02-13 21:29:53: [Statistics] Ethereum - Total speed: 60.649 MH/s, Total shares: 4 Rejected: 3, Time: 10:42
2021-02-13 21:29:56: <info>  New job from eth-eu1.nanopool.org:9433
2021-02-13 21:29:56: [Statistics] Ethereum - Total speed: 60.654 MH/s, Total shares: 4 Rejected: 3, Time: 10:45
2021-02-13 21:29:56: [Statistics] GPU0 t=52°C fan 31% power 120.98W. Total power: 120.98W
2021-02-13 21:29:57: <info>  New job from eth-eu1.nanopool.org:9433
2021-02-13 21:29:57: [Statistics] Ethereum - Total speed: 60.663 MH/s, Total shares: 4 Rejected: 3, Time: 10:46
2021-02-13 21:29:57: [Statistics] Ethereum last 10 min - Total: 60.337 MH/s.
2021-02-13 21:29:57: <info>  New job from eth-eu1.nanopool.org:9433
2021-02-13 21:29:57: [Statistics] Ethereum - Total speed: 60.651 MH/s, Total shares: 4 Rejected: 3, Time: 10:46
2021-02-13 21:29:57: [Statistics] GPU0 t=52°C fan 31% power 120.11W. Total power: 120.11W
2021-02-13 21:30:00: <info>  New job from eth-eu1.nanopool.org:9433
2021-02-13 21:30:00: [Statistics] Ethereum - Total speed: 60.662 MH/s, Total shares: 4 Rejected: 3, Time: 10:49
2021-02-13 21:30:03: <info>  New job from eth-eu1.nanopool.org:9433
2021-02-13 21:30:03: [Statistics] Ethereum - Total speed: 60.668 MH/s, Total shares: 4 Rejected: 3, Time: 10:52
2021-02-13 21:30:03: [Statistics] GPU0 t=52°C fan 31% power 120.27W. Total power: 120.27W
2021-02-13 21:30:06: <info>  New job from eth-eu1.nanopool.org:9433
2021-02-13 21:30:06: [Statistics] Ethereum - Total speed: 60.672 MH/s, Total shares: 4 Rejected: 3, Time: 10:55
2021-02-13 21:30:06: [Statistics] Ethereum last 10 min - Total: 60.344 MH/s.
2021-02-13 21:30:09: <info>  New job from eth-eu1.nanopool.org:9433
2021-02-13 21:30:09: [Statistics] Ethereum - Total speed: 60.684 MH/s, Total shares: 4 Rejected: 3, Time: 10:58
2021-02-13 21:30:09: [Statistics] GPU0 t=52°C fan 31% power 120.98W. Total power: 120.98W
2021-02-13 21:30:12: <info>  New job from eth-eu1.nanopool.org:9433
2021-02-13 21:30:12: [Statistics] Ethereum - Total speed: 60.685 MH/s, Total shares: 4 Rejected: 3, Time: 11:01
2021-02-13 21:30:15: <info>  New job from eth-eu1.nanopool.org:9433
2021-02-13 21:30:15: [Statistics] Ethereum - Total speed: 60.673 MH/s, Total shares: 4 Rejected: 3, Time: 11:04
2021-02-13 21:30:15: [Statistics] GPU0 t=52°C fan 31% power 120.25W. Total power: 120.25W
2021-02-13 21:30:18: <info>  New job from eth-eu1.nanopool.org:9433
2021-02-13 21:30:18: [Statistics] Ethereum - Total speed: 60.669 MH/s, Total shares: 4 Rejected: 3, Time: 11:07
2021-02-13 21:30:18: [Statistics] Ethereum last 10 min - Total: 60.355 MH/s.
2021-02-13 21:30:21: <info>  New job from eth-eu1.nanopool.org:9433
2021-02-13 21:30:21: [Statistics] Ethereum - Total speed: 60.663 MH/s, Total shares: 4 Rejected: 3, Time: 11:10
2021-02-13 21:30:21: [Statistics] GPU0 t=52°C fan 31% power 120.56W. Total power: 120.56W
2021-02-13 21:30:24: <info>  New job from eth-eu1.nanopool.org:9433
2021-02-13 21:30:24: [Statistics] Ethereum - Total speed: 60.666 MH/s, Total shares: 4 Rejected: 3, Time: 11:13
