2021-02-15 13:49:44: <info>                                    _                 
2021-02-15 13:49:44: <info>  _ __   __ _ _ __   ___  _ __ ___ (_)_ __   ___ _ __ 
2021-02-15 13:49:44: <info> | '_ \ / _` | '_ \ / _ \| '_ ` _ \| | '_ \ / _ \ '__|
2021-02-15 13:49:44: <info> | | | | (_| | | | | (_) | | | | | | | | | |  __/ |   
2021-02-15 13:49:44: <info> |_| |_|\__,_|_| |_|\___/|_| |_| |_|_|_| |_|\___|_|   
2021-02-15 13:49:44: <info> 
2021-02-15 13:49:44: <info> Version 3.2.2-cuda11
2021-02-15 13:49:44: <info>  Started EthMan server on port 3333 with a password (read-only mode).
2021-02-15 13:49:44: <info>  Started web interface on port 9090 with a password.
2021-02-15 13:49:44: <info>  CUDA driver version is 11.2, runtime version is 11.1
2021-02-15 13:49:44: <info> Single device detected
2021-02-15 13:49:44: <info> GPU 0 PCI 01:00.0, Platform: CUDA, Name: GeForce RTX 3070, 8192 MB available
2021-02-15 13:49:44: <info> -------------------Ethash:------------------
2021-02-15 13:49:44: <info> Currency: Ethereum
2021-02-15 13:49:44: <info> Wallet: wallet
2021-02-15 13:49:44: <info> Rig name: ferris
2021-02-15 13:49:44: <info> Email: email
2021-02-15 13:49:44: <info> Hashrate threshold to restart miner: 50.00 MH/s
2021-02-15 13:49:44: <info> Added pool: eth-eu1.nanopool.org:9433
2021-02-15 13:49:44: <info> Added pool: eth-eu2.nanopool.org:9433
2021-02-15 13:49:44: <info> Added pool: eth-jp1.nanopool.org:9433
2021-02-15 13:49:44: <info> Added pool: eth-us-east1.nanopool.org:9433
2021-02-15 13:49:44: <info> Added pool: eth-us-west1.nanopool.org:9433
2021-02-15 13:49:44: <info> Added pool: eth-au1.nanopool.org:9433
2021-02-15 13:49:44: <info> Added pool: eth-asia1.nanopool.org:9433
2021-02-15 13:49:44: <info> Auto pool sorting is enabled
2021-02-15 13:49:44: <info> Using all GPU devices
2021-02-15 13:49:44: <info> Memory tweak: 10
2021-02-15 13:49:44: <info> -------------Common parameters:-------------
2021-02-15 13:49:44: <info> Log path: ./logs/
2021-02-15 13:49:44: <info> Log is written to file
2021-02-15 13:49:44: <info> GPU watchdog is enabled
2021-02-15 13:49:44: <info> Restart count before calling reboot.bat: 10
2021-02-15 13:49:44: <info>  Setting up algorithm: Ethash
2021-02-15 13:49:45: <info>  Connecting to pools...
2021-02-15 13:49:45: <info>  Connected to pool: eth-eu1.nanopool.org:9433 | IP: 92.222.72.197 | ping: 70 ms.
2021-02-15 13:49:45: <info>  New job from eth-eu1.nanopool.org:9433 | share difficulty = 10000 MH, epoch 395 (4183 MB)
2021-02-15 13:49:45: [Statistics] Ethereum - Total speed: 0.000 H/s, Total shares: 0 Rejected: 0, Time: 00:01
2021-02-15 13:49:45: [Statistics] GPU0 t=44°C fan 31% power 47.28W. Total power: 47.28W
2021-02-15 13:49:45: <info>  New job from eth-eu1.nanopool.org:9433
2021-02-15 13:49:45: [Statistics] Ethereum - Total speed: 0.000 H/s, Total shares: 0 Rejected: 0, Time: 00:01
2021-02-15 13:49:45: [Statistics] Ethereum last 10 min - Total: 0.000 H/s.
2021-02-15 13:49:48: <info>  New job from eth-eu1.nanopool.org:9433
2021-02-15 13:49:48: [Statistics] Ethereum - Total speed: 0.000 H/s, Total shares: 0 Rejected: 0, Time: 00:04
2021-02-15 13:49:48: [Statistics] GPU0 t=55°C fan 31% power 108.52W. Total power: 108.52W
2021-02-15 13:49:49: <info>  New job from eth-eu1.nanopool.org:9433
2021-02-15 13:49:49: [Statistics] Ethereum - Total speed: 0.000 H/s, Total shares: 0 Rejected: 0, Time: 00:04
2021-02-15 13:49:49: <info>  New job from eth-eu1.nanopool.org:9433
2021-02-15 13:49:49: [Statistics] Ethereum - Total speed: 0.000 H/s, Total shares: 0 Rejected: 0, Time: 00:05
2021-02-15 13:49:49: [Statistics] GPU0 t=58°C fan 30% power 208.60W. Total power: 208.60W
2021-02-15 13:49:51: <info>  GPU0: 4183 MB DAG generated in 3.67 seconds
2021-02-15 13:49:52: <info>  New job from eth-eu1.nanopool.org:9433
2021-02-15 13:49:52: [Statistics] Ethereum - Total speed: 50.665 MH/s, Total shares: 0 Rejected: 0, Time: 00:07
2021-02-15 13:49:52: [Statistics] Ethereum last 10 min - Total: 50.665 MH/s.
2021-02-15 13:49:55: <info>  New job from eth-eu1.nanopool.org:9433
2021-02-15 13:49:55: [Statistics] Ethereum - Total speed: 50.689 MH/s, Total shares: 0 Rejected: 0, Time: 00:11
2021-02-15 13:49:55: [Statistics] GPU0 t=58°C fan 31% power 196.59W. Total power: 196.59W
2021-02-15 13:49:58: <info>  New job from eth-eu1.nanopool.org:9433
2021-02-15 13:49:58: [Statistics] Ethereum - Total speed: 50.720 MH/s, Total shares: 0 Rejected: 0, Time: 00:13
2021-02-15 13:49:59: <info>  New job from eth-eu1.nanopool.org:9433
2021-02-15 13:49:59: [Statistics] Ethereum - Total speed: 50.749 MH/s, Total shares: 0 Rejected: 0, Time: 00:14
2021-02-15 13:49:59: [Statistics] GPU0 t=59°C fan 32% power 197.03W. Total power: 197.03W
2021-02-15 13:49:59: <info>  New job from eth-eu1.nanopool.org:9433
2021-02-15 13:49:59: [Statistics] Ethereum - Total speed: 50.770 MH/s, Total shares: 0 Rejected: 0, Time: 00:14
2021-02-15 13:49:59: [Statistics] Ethereum last 10 min - Total: 50.697 MH/s.
2021-02-15 13:50:02: <info>  New job from eth-eu1.nanopool.org:9433
2021-02-15 13:50:02: [Statistics] Ethereum - Total speed: 50.765 MH/s, Total shares: 0 Rejected: 0, Time: 00:17
2021-02-15 13:50:02: [Statistics] GPU0 t=59°C fan 33% power 197.31W. Total power: 197.31W
2021-02-15 13:50:04: <info>  New job from eth-eu1.nanopool.org:9433
2021-02-15 13:50:04: [Statistics] Ethereum - Total speed: 50.784 MH/s, Total shares: 0 Rejected: 0, Time: 00:20
2021-02-15 13:50:05: <info>  New job from eth-eu1.nanopool.org:9433
2021-02-15 13:50:05: [Statistics] Ethereum - Total speed: 50.807 MH/s, Total shares: 0 Rejected: 0, Time: 00:20
2021-02-15 13:50:05: [Statistics] GPU0 t=60°C fan 34% power 197.75W. Total power: 197.75W
2021-02-15 13:50:07: <info>  New job from eth-eu1.nanopool.org:9433
2021-02-15 13:50:07: [Statistics] Ethereum - Total speed: 50.799 MH/s, Total shares: 0 Rejected: 0, Time: 00:23
2021-02-15 13:50:07: [Statistics] Ethereum last 10 min - Total: 50.743 MH/s.
2021-02-15 13:50:08: <info>  New job from eth-eu1.nanopool.org:9433
2021-02-15 13:50:08: [Statistics] Ethereum - Total speed: 50.820 MH/s, Total shares: 0 Rejected: 0, Time: 00:23
2021-02-15 13:50:08: [Statistics] GPU0 t=60°C fan 35% power 198.47W. Total power: 198.47W
2021-02-15 13:50:10: <info>  New job from eth-eu1.nanopool.org:9433
2021-02-15 13:50:10: [Statistics] Ethereum - Total speed: 50.830 MH/s, Total shares: 0 Rejected: 0, Time: 00:26
2021-02-15 13:50:11: <info>  Ethereum - SHARE FOUND (GPU: 0, nonce: 0xe082b682a3640e74).
2021-02-15 13:50:11: <info> Ethereum: share accepted (46 ms)!
2021-02-15 13:50:13: <info>  New job from eth-eu1.nanopool.org:9433
2021-02-15 13:50:13: [Statistics] Ethereum - Total speed: 50.847 MH/s, Total shares: 1 Rejected: 0, Time: 00:29
2021-02-15 13:50:13: [Statistics] GPU0 t=61°C fan 37% power 199.14W. Total power: 199.14W
2021-02-15 13:50:16: <info>  New job from eth-eu1.nanopool.org:9433
2021-02-15 13:50:16: [Statistics] Ethereum - Total speed: 50.856 MH/s, Total shares: 1 Rejected: 0, Time: 00:32
2021-02-15 13:50:16: [Statistics] Ethereum last 10 min - Total: 50.778 MH/s.
2021-02-15 13:50:19: <info>  New job from eth-eu1.nanopool.org:9433
2021-02-15 13:50:19: [Statistics] Ethereum - Total speed: 50.782 MH/s, Total shares: 1 Rejected: 0, Time: 00:35
2021-02-15 13:50:19: [Statistics] GPU0 t=61°C fan 38% power 199.54W. Total power: 199.54W
2021-02-15 13:50:22: <info>  New job from eth-eu1.nanopool.org:9433
2021-02-15 13:50:22: [Statistics] Ethereum - Total speed: 50.802 MH/s, Total shares: 1 Rejected: 0, Time: 00:38
2021-02-15 13:50:25: <info>  New job from eth-eu1.nanopool.org:9433
2021-02-15 13:50:25: [Statistics] Ethereum - Total speed: 50.820 MH/s, Total shares: 1 Rejected: 0, Time: 00:41
2021-02-15 13:50:25: [Statistics] GPU0 t=62°C fan 39% power 199.28W. Total power: 199.28W
2021-02-15 13:50:28: <info>  New job from eth-eu1.nanopool.org:9433
2021-02-15 13:50:28: [Statistics] Ethereum - Total speed: 50.809 MH/s, Total shares: 1 Rejected: 0, Time: 00:44
2021-02-15 13:50:28: [Statistics] Ethereum last 10 min - Total: 50.788 MH/s.
2021-02-15 13:50:31: <info>  New job from eth-eu1.nanopool.org:9433
2021-02-15 13:50:31: [Statistics] Ethereum - Total speed: 50.824 MH/s, Total shares: 1 Rejected: 0, Time: 00:47
2021-02-15 13:50:31: [Statistics] GPU0 t=62°C fan 40% power 200.44W. Total power: 200.44W
2021-02-15 13:50:34: <info>  New job from eth-eu1.nanopool.org:9433
2021-02-15 13:50:34: [Statistics] Ethereum - Total speed: 50.835 MH/s, Total shares: 1 Rejected: 0, Time: 00:50
2021-02-15 13:50:35: <info>  New job from eth-eu1.nanopool.org:9433
2021-02-15 13:50:35: [Statistics] Ethereum - Total speed: 50.842 MH/s, Total shares: 1 Rejected: 0, Time: 00:51
2021-02-15 13:50:35: [Statistics] GPU0 t=62°C fan 41% power 199.38W. Total power: 199.38W
2021-02-15 13:50:36: <info>  New job from eth-eu1.nanopool.org:9433
2021-02-15 13:50:36: [Statistics] Ethereum - Total speed: 50.775 MH/s, Total shares: 1 Rejected: 0, Time: 00:52
2021-02-15 13:50:36: [Statistics] Ethereum last 10 min - Total: 50.795 MH/s.
2021-02-15 13:50:39: <info>  New job from eth-eu1.nanopool.org:9433
2021-02-15 13:50:39: [Statistics] Ethereum - Total speed: 50.783 MH/s, Total shares: 1 Rejected: 0, Time: 00:54
2021-02-15 13:50:39: [Statistics] GPU0 t=63°C fan 42% power 200.39W. Total power: 200.39W
2021-02-15 13:50:41: <info>  Terminating, please wait ...
