2021-Mar-26 00:37:00:                                    _                 
2021-Mar-26 00:37:00:  _ __   __ _ _ __   ___  _ __ ___ (_)_ __   ___ _ __ 
2021-Mar-26 00:37:00: | '_ \ / _` | '_ \ / _ \| '_ ` _ \| | '_ \ / _ \ '__|
2021-Mar-26 00:37:00: | | | | (_| | | | | (_) | | | | | | | | | |  __/ |   
2021-Mar-26 00:37:00: |_| |_|\__,_|_| |_|\___/|_| |_| |_|_|_| |_|\___|_|   
2021-Mar-26 00:37:00: 
2021-Mar-26 00:37:00: Version 3.3.2-cuda11
2021-Mar-26 00:37:00: Started EthMan server on port 3333 with a password (read-only mode).
2021-Mar-26 00:37:00: Started web interface on port 9090 with a password.
2021-Mar-26 00:37:00: CUDA driver version is 11.2, runtime version is 11.1
2021-Mar-26 00:37:00: Single device detected
2021-Mar-26 00:37:00: GPU 0 PCI 01:00.0, Platform: CUDA, Name: GeForce RTX 3070, 8192 MB available
2021-Mar-26 00:37:00: -------------------Ethash:------------------
2021-Mar-26 00:37:00: Currency: Ethereum
2021-Mar-26 00:37:00: Wallet: wallet
2021-Mar-26 00:37:00: Rig name: ferris
2021-Mar-26 00:37:00: Email: email
2021-Mar-26 00:37:00: Hashrate threshold to restart miner is not set
2021-Mar-26 00:37:00: Added pool: eth-eu2.nanopool.org:9433
2021-Mar-26 00:37:00: Added pool: eth-eu1.nanopool.org:9433
2021-Mar-26 00:37:00: Added pool: eth-us-east1.nanopool.org:9433
2021-Mar-26 00:37:00: Added pool: eth-us-west1.nanopool.org:9433
2021-Mar-26 00:37:00: Added pool: eth-jp1.nanopool.org:9433
2021-Mar-26 00:37:00: Added pool: eth-au1.nanopool.org:9433
2021-Mar-26 00:37:00: Added pool: eth-asia1.nanopool.org:9433
2021-Mar-26 00:37:00: Auto pool sorting is enabled
2021-Mar-26 00:37:00: Using all GPU devices
2021-Mar-26 00:37:00: Memory tweak: 1
2021-Mar-26 00:37:00: -------------Common parameters:-------------
2021-Mar-26 00:37:00: Log path: ./logs/
2021-Mar-26 00:37:00: Log is written to file
2021-Mar-26 00:37:00: GPU watchdog is enabled
2021-Mar-26 00:37:00: Never calling reboot.bat (always restarting the miner in case of errors). 
2021-Mar-26 00:37:00: Setting up algorithm: Ethash
2021-Mar-26 00:37:02: Connecting to pools...
2021-Mar-26 00:37:02: Connected to pool: eth-eu2.nanopool.org:9433 | IP: 51.255.34.79 | ping: 105 ms.
2021-Mar-26 00:37:02: New job from eth-eu2.nanopool.org:9433 | share difficulty = 10000 MH, epoch 403 (4247 MB)
2021-Mar-26 00:37:02: Ethereum - Total speed: 0.000 H/s, Total shares: 0 Rejected: 0, Time: 00:01
2021-Mar-26 00:37:02: GPU0 t=53°C fan 53% power 50.15W. Total power: 50.15W
2021-Mar-26 00:37:02: New job from eth-eu2.nanopool.org:9433
2021-Mar-26 00:37:02: Ethereum - Total speed: 0.000 H/s, Total shares: 0 Rejected: 0, Time: 00:01
2021-Mar-26 00:37:02: Ethereum last 10 min - Total: 0.000 H/s.
2021-Mar-26 00:37:02: New job from eth-eu2.nanopool.org:9433
2021-Mar-26 00:37:02: Ethereum - Total speed: 0.000 H/s, Total shares: 0 Rejected: 0, Time: 00:01
2021-Mar-26 00:37:02: GPU0 t=53°C fan 52% power 49.99W. Total power: 49.99W
2021-Mar-26 00:37:05: New job from eth-eu2.nanopool.org:9433
2021-Mar-26 00:37:05: Ethereum - Total speed: 0.000 H/s, Total shares: 0 Rejected: 0, Time: 00:04
2021-Mar-26 00:37:07: New job from eth-eu2.nanopool.org:9433
2021-Mar-26 00:37:07: Ethereum - Total speed: 0.000 H/s, Total shares: 0 Rejected: 0, Time: 00:06
2021-Mar-26 00:37:07: GPU0 t=64°C fan 48% power 215.51W. Total power: 215.51W
2021-Mar-26 00:37:07: New job from eth-eu2.nanopool.org:9433
2021-Mar-26 00:37:07: Ethereum - Total speed: 0.000 H/s, Total shares: 0 Rejected: 0, Time: 00:06
2021-Mar-26 00:37:07: Ethereum last 10 min - Total: 0.000 H/s.
2021-Mar-26 00:37:08: GPU0: 4247 MB DAG generated in 3.75 seconds
2021-Mar-26 00:37:10: New job from eth-eu2.nanopool.org:9433
2021-Mar-26 00:37:10: Ethereum - Total speed: 49.253 MH/s, Total shares: 0 Rejected: 0, Time: 00:09
2021-Mar-26 00:37:10: GPU0 t=64°C fan 47% power 203.09W. Total power: 203.09W
2021-Mar-26 00:37:13: New job from eth-eu2.nanopool.org:9433
2021-Mar-26 00:37:13: Ethereum - Total speed: 49.423 MH/s, Total shares: 0 Rejected: 0, Time: 00:12
2021-Mar-26 00:37:16: New job from eth-eu2.nanopool.org:9433
2021-Mar-26 00:37:16: Ethereum - Total speed: 49.447 MH/s, Total shares: 0 Rejected: 0, Time: 00:15
2021-Mar-26 00:37:16: GPU0 t=64°C fan 46% power 199.43W. Total power: 199.43W
2021-Mar-26 00:37:19: New job from eth-eu2.nanopool.org:9433
2021-Mar-26 00:37:19: Ethereum - Total speed: 49.391 MH/s, Total shares: 0 Rejected: 0, Time: 00:18
2021-Mar-26 00:37:19: Ethereum last 10 min - Total: 49.398 MH/s.
2021-Mar-26 00:37:22: New job from eth-eu2.nanopool.org:9433
2021-Mar-26 00:37:22: Ethereum - Total speed: 49.511 MH/s, Total shares: 0 Rejected: 0, Time: 00:21
2021-Mar-26 00:37:22: GPU0 t=65°C fan 47% power 204.44W. Total power: 204.44W
2021-Mar-26 00:37:25: New job from eth-eu2.nanopool.org:9433
2021-Mar-26 00:37:25: Ethereum - Total speed: 49.650 MH/s, Total shares: 0 Rejected: 0, Time: 00:24
2021-Mar-26 00:37:28: New job from eth-eu2.nanopool.org:9433
2021-Mar-26 00:37:28: Ethereum - Total speed: 49.769 MH/s, Total shares: 0 Rejected: 0, Time: 00:27
2021-Mar-26 00:37:28: GPU0 t=62°C fan 47% power 180.22W. Total power: 180.22W
2021-Mar-26 00:37:31: New job from eth-eu2.nanopool.org:9433
2021-Mar-26 00:37:31: Ethereum - Total speed: 49.816 MH/s, Total shares: 0 Rejected: 0, Time: 00:30
2021-Mar-26 00:37:31: Ethereum last 10 min - Total: 49.531 MH/s.
2021-Mar-26 00:37:34: New job from eth-eu2.nanopool.org:9433
2021-Mar-26 00:37:34: Ethereum - Total speed: 50.715 MH/s, Total shares: 0 Rejected: 0, Time: 00:33
2021-Mar-26 00:37:34: GPU0 t=58°C fan 48% power 127.29W. Total power: 127.29W
2021-Mar-26 00:37:37: New job from eth-eu2.nanopool.org:9433
2021-Mar-26 00:37:37: Ethereum - Total speed: 51.669 MH/s, Total shares: 0 Rejected: 0, Time: 00:36
2021-Mar-26 00:37:40: New job from eth-eu2.nanopool.org:9433
2021-Mar-26 00:37:40: Ethereum - Total speed: 51.850 MH/s, Total shares: 0 Rejected: 0, Time: 00:39
2021-Mar-26 00:37:40: GPU0 t=64°C fan 47% power 202.16W. Total power: 202.16W
2021-Mar-26 00:37:42: New job from eth-eu2.nanopool.org:9433
2021-Mar-26 00:37:42: Ethereum - Total speed: 51.619 MH/s, Total shares: 0 Rejected: 0, Time: 00:41
2021-Mar-26 00:37:42: Ethereum last 10 min - Total: 50.068 MH/s.
2021-Mar-26 00:37:42: New job from eth-eu2.nanopool.org:9433
2021-Mar-26 00:37:42: Ethereum - Total speed: 51.413 MH/s, Total shares: 0 Rejected: 0, Time: 00:41
2021-Mar-26 00:37:42: GPU0 t=64°C fan 47% power 200.50W. Total power: 200.50W
2021-Mar-26 00:37:45: New job from eth-eu2.nanopool.org:9433
2021-Mar-26 00:37:45: Ethereum - Total speed: 51.196 MH/s, Total shares: 0 Rejected: 0, Time: 00:44
2021-Mar-26 00:37:48: New job from eth-eu2.nanopool.org:9433
2021-Mar-26 00:37:48: Ethereum - Total speed: 51.009 MH/s, Total shares: 0 Rejected: 0, Time: 00:47
2021-Mar-26 00:37:48: GPU0 t=65°C fan 47% power 203.28W. Total power: 203.28W
2021-Mar-26 00:37:51: New job from eth-eu2.nanopool.org:9433
2021-Mar-26 00:37:51: Ethereum - Total speed: 50.933 MH/s, Total shares: 0 Rejected: 0, Time: 00:50
2021-Mar-26 00:37:51: Ethereum last 10 min - Total: 50.310 MH/s.
2021-Mar-26 00:37:52: New job from eth-eu2.nanopool.org:9433
2021-Mar-26 00:37:52: Ethereum - Total speed: 50.905 MH/s, Total shares: 0 Rejected: 0, Time: 00:51
2021-Mar-26 00:37:52: GPU0 t=65°C fan 48% power 204.57W. Total power: 204.57W
2021-Mar-26 00:37:52: New job from eth-eu2.nanopool.org:9433
2021-Mar-26 00:37:52: Ethereum - Total speed: 50.870 MH/s, Total shares: 0 Rejected: 0, Time: 00:51
2021-Mar-26 00:37:55: New job from eth-eu2.nanopool.org:9433
2021-Mar-26 00:37:55: Ethereum - Total speed: 50.480 MH/s, Total shares: 0 Rejected: 0, Time: 00:54
2021-Mar-26 00:37:55: GPU0 t=65°C fan 48% power 204.06W. Total power: 204.06W
2021-Mar-26 00:37:58: New job from eth-eu2.nanopool.org:9433
2021-Mar-26 00:37:58: Ethereum - Total speed: 50.492 MH/s, Total shares: 0 Rejected: 0, Time: 00:57
2021-Mar-26 00:37:58: Ethereum last 10 min - Total: 50.357 MH/s.
2021-Mar-26 00:38:01: New job from eth-eu2.nanopool.org:9433
2021-Mar-26 00:38:01: Ethereum - Total speed: 50.434 MH/s, Total shares: 0 Rejected: 0, Time: 01:00
2021-Mar-26 00:38:01: GPU0 t=66°C fan 49% power 203.76W. Total power: 203.76W
2021-Mar-26 00:38:02: New job from eth-eu2.nanopool.org:9433
2021-Mar-26 00:38:02: Ethereum - Total speed: 50.400 MH/s, Total shares: 0 Rejected: 0, Time: 01:01
2021-Mar-26 00:38:03: New job from eth-eu2.nanopool.org:9433
2021-Mar-26 00:38:03: Ethereum - Total speed: 50.421 MH/s, Total shares: 0 Rejected: 0, Time: 01:02
2021-Mar-26 00:38:03: GPU0 t=66°C fan 49% power 204.60W. Total power: 204.60W
2021-Mar-26 00:38:06: New job from eth-eu2.nanopool.org:9433
2021-Mar-26 00:38:06: Ethereum - Total speed: 50.437 MH/s, Total shares: 0 Rejected: 0, Time: 01:05
2021-Mar-26 00:38:06: Ethereum last 10 min - Total: 50.368 MH/s.
2021-Mar-26 00:38:09: New job from eth-eu2.nanopool.org:9433
2021-Mar-26 00:38:09: Ethereum - Total speed: 50.436 MH/s, Total shares: 0 Rejected: 0, Time: 01:08
2021-Mar-26 00:38:09: GPU0 t=66°C fan 49% power 204.75W. Total power: 204.75W
2021-Mar-26 00:38:10: New job from eth-eu2.nanopool.org:9433
2021-Mar-26 00:38:10: Ethereum - Total speed: 50.444 MH/s, Total shares: 0 Rejected: 0, Time: 01:09
2021-Mar-26 00:38:10: New job from eth-eu2.nanopool.org:9433
2021-Mar-26 00:38:10: Ethereum - Total speed: 50.444 MH/s, Total shares: 0 Rejected: 0, Time: 01:10
2021-Mar-26 00:38:10: GPU0 t=66°C fan 49% power 203.94W. Total power: 203.94W
2021-Mar-26 00:38:14: New job from eth-eu2.nanopool.org:9433
2021-Mar-26 00:38:14: Ethereum - Total speed: 50.387 MH/s, Total shares: 0 Rejected: 0, Time: 01:13
2021-Mar-26 00:38:14: Ethereum last 10 min - Total: 50.376 MH/s.
2021-Mar-26 00:38:16: New job from eth-eu2.nanopool.org:9433
2021-Mar-26 00:38:16: Ethereum - Total speed: 50.391 MH/s, Total shares: 0 Rejected: 0, Time: 01:15
2021-Mar-26 00:38:16: GPU0 t=66°C fan 50% power 203.51W. Total power: 203.51W
2021-Mar-26 00:38:19: New job from eth-eu2.nanopool.org:9433
2021-Mar-26 00:38:19: Ethereum - Total speed: 50.388 MH/s, Total shares: 0 Rejected: 0, Time: 01:18
2021-Mar-26 00:38:22: New job from eth-eu2.nanopool.org:9433
2021-Mar-26 00:38:22: Ethereum - Total speed: 50.428 MH/s, Total shares: 0 Rejected: 0, Time: 01:21
2021-Mar-26 00:38:22: GPU0 t=66°C fan 50% power 204.10W. Total power: 204.10W
2021-Mar-26 00:38:25: New job from eth-eu2.nanopool.org:9433
2021-Mar-26 00:38:25: Ethereum - Total speed: 50.415 MH/s, Total shares: 0 Rejected: 0, Time: 01:24
2021-Mar-26 00:38:25: Ethereum last 10 min - Total: 50.380 MH/s.
2021-Mar-26 00:38:28: New job from eth-eu2.nanopool.org:9433
2021-Mar-26 00:38:28: Ethereum - Total speed: 50.367 MH/s, Total shares: 0 Rejected: 0, Time: 01:27
2021-Mar-26 00:38:28: GPU0 t=66°C fan 51% power 206.71W. Total power: 206.71W
2021-Mar-26 00:38:31: New job from eth-eu2.nanopool.org:9433
2021-Mar-26 00:38:31: Ethereum - Total speed: 50.397 MH/s, Total shares: 0 Rejected: 0, Time: 01:30
2021-Mar-26 00:38:34: New job from eth-eu2.nanopool.org:9433
2021-Mar-26 00:38:34: Ethereum - Total speed: 50.451 MH/s, Total shares: 0 Rejected: 0, Time: 01:33
2021-Mar-26 00:38:34: GPU0 t=67°C fan 51% power 206.77W. Total power: 206.77W
2021-Mar-26 00:38:35: New job from eth-eu2.nanopool.org:9433
2021-Mar-26 00:38:35: Ethereum - Total speed: 50.500 MH/s, Total shares: 0 Rejected: 0, Time: 01:34
2021-Mar-26 00:38:35: Ethereum last 10 min - Total: 50.383 MH/s.
2021-Mar-26 00:38:35: New job from eth-eu2.nanopool.org:9433
2021-Mar-26 00:38:35: Ethereum - Total speed: 50.476 MH/s, Total shares: 0 Rejected: 0, Time: 01:34
2021-Mar-26 00:38:35: GPU0 t=66°C fan 51% power 205.88W. Total power: 205.88W
2021-Mar-26 00:38:36: New job from eth-eu2.nanopool.org:9433
2021-Mar-26 00:38:36: Ethereum - Total speed: 50.487 MH/s, Total shares: 0 Rejected: 0, Time: 01:35
2021-Mar-26 00:38:36: New job from eth-eu2.nanopool.org:9433
2021-Mar-26 00:38:36: Ethereum - Total speed: 50.362 MH/s, Total shares: 0 Rejected: 0, Time: 01:35
2021-Mar-26 00:38:36: GPU0 t=66°C fan 51% power 203.80W. Total power: 203.80W
2021-Mar-26 00:38:40: New job from eth-eu2.nanopool.org:9433
2021-Mar-26 00:38:40: Ethereum - Total speed: 50.402 MH/s, Total shares: 0 Rejected: 0, Time: 01:39
2021-Mar-26 00:38:40: Ethereum last 10 min - Total: 50.384 MH/s.
2021-Mar-26 00:38:42: New job from eth-eu2.nanopool.org:9433
2021-Mar-26 00:38:42: Ethereum - Total speed: 50.433 MH/s, Total shares: 0 Rejected: 0, Time: 01:41
2021-Mar-26 00:38:42: GPU0 t=67°C fan 51% power 206.78W. Total power: 206.78W
2021-Mar-26 00:38:45: New job from eth-eu2.nanopool.org:9433
2021-Mar-26 00:38:45: Ethereum - Total speed: 50.483 MH/s, Total shares: 0 Rejected: 0, Time: 01:44
2021-Mar-26 00:38:48: New job from eth-eu2.nanopool.org:9433
2021-Mar-26 00:38:48: Ethereum - Total speed: 50.481 MH/s, Total shares: 0 Rejected: 0, Time: 01:47
2021-Mar-26 00:38:48: GPU0 t=67°C fan 52% power 206.31W. Total power: 206.31W
2021-Mar-26 00:38:51: New job from eth-eu2.nanopool.org:9433
2021-Mar-26 00:38:51: Ethereum - Total speed: 50.504 MH/s, Total shares: 0 Rejected: 0, Time: 01:50
2021-Mar-26 00:38:51: Ethereum last 10 min - Total: 50.393 MH/s.
2021-Mar-26 00:38:54: New job from eth-eu2.nanopool.org:9433
2021-Mar-26 00:38:54: Ethereum - Total speed: 50.530 MH/s, Total shares: 0 Rejected: 0, Time: 01:53
2021-Mar-26 00:38:54: GPU0 t=67°C fan 52% power 206.50W. Total power: 206.50W
2021-Mar-26 00:38:57: New job from eth-eu2.nanopool.org:9433
2021-Mar-26 00:38:57: Ethereum - Total speed: 50.558 MH/s, Total shares: 0 Rejected: 0, Time: 01:56
2021-Mar-26 00:39:00: New job from eth-eu2.nanopool.org:9433
2021-Mar-26 00:39:00: Ethereum - Total speed: 50.586 MH/s, Total shares: 0 Rejected: 0, Time: 01:59
2021-Mar-26 00:39:00: GPU0 t=67°C fan 52% power 205.93W. Total power: 205.93W
2021-Mar-26 00:39:03: New job from eth-eu2.nanopool.org:9433
2021-Mar-26 00:39:03: Ethereum - Total speed: 50.619 MH/s, Total shares: 0 Rejected: 0, Time: 02:02
2021-Mar-26 00:39:03: Ethereum last 10 min - Total: 50.411 MH/s.
2021-Mar-26 00:39:06: New job from eth-eu2.nanopool.org:9433
2021-Mar-26 00:39:06: Ethereum - Total speed: 50.621 MH/s, Total shares: 0 Rejected: 0, Time: 02:05
2021-Mar-26 00:39:06: GPU0 t=67°C fan 52% power 204.95W. Total power: 204.95W
2021-Mar-26 00:39:08: New job from eth-eu2.nanopool.org:9433
2021-Mar-26 00:39:08: Ethereum - Total speed: 50.607 MH/s, Total shares: 0 Rejected: 0, Time: 02:07
2021-Mar-26 00:39:08: New job from eth-eu2.nanopool.org:9433
2021-Mar-26 00:39:08: Ethereum - Total speed: 50.501 MH/s, Total shares: 0 Rejected: 0, Time: 02:07
2021-Mar-26 00:39:08: GPU0 t=67°C fan 52% power 204.73W. Total power: 204.73W
2021-Mar-26 00:39:11: New job from eth-eu2.nanopool.org:9433
2021-Mar-26 00:39:11: Ethereum - Total speed: 50.481 MH/s, Total shares: 0 Rejected: 0, Time: 02:10
2021-Mar-26 00:39:11: Ethereum last 10 min - Total: 50.421 MH/s.
2021-Mar-26 00:39:14: New job from eth-eu2.nanopool.org:9433
2021-Mar-26 00:39:14: Ethereum - Total speed: 50.492 MH/s, Total shares: 0 Rejected: 0, Time: 02:13
2021-Mar-26 00:39:14: GPU0 t=67°C fan 52% power 207.12W. Total power: 207.12W
2021-Mar-26 00:39:17: New job from eth-eu2.nanopool.org:9433
2021-Mar-26 00:39:17: Ethereum - Total speed: 50.533 MH/s, Total shares: 0 Rejected: 0, Time: 02:16
2021-Mar-26 00:39:17: New job from eth-eu2.nanopool.org:9433
2021-Mar-26 00:39:17: Ethereum - Total speed: 50.448 MH/s, Total shares: 0 Rejected: 0, Time: 02:16
2021-Mar-26 00:39:17: GPU0 t=67°C fan 53% power 204.44W. Total power: 204.44W
2021-Mar-26 00:39:17: New job from eth-eu2.nanopool.org:9433
2021-Mar-26 00:39:17: Ethereum - Total speed: 50.388 MH/s, Total shares: 0 Rejected: 0, Time: 02:16
2021-Mar-26 00:39:17: Ethereum last 10 min - Total: 50.425 MH/s.
2021-Mar-26 00:39:22: New job from eth-eu2.nanopool.org:9433
2021-Mar-26 00:39:22: Ethereum - Total speed: 50.425 MH/s, Total shares: 0 Rejected: 0, Time: 02:21
2021-Mar-26 00:39:22: GPU0 t=66°C fan 53% power 200.51W. Total power: 200.51W
2021-Mar-26 00:39:23: New job from eth-eu2.nanopool.org:9433
2021-Mar-26 00:39:23: Ethereum - Total speed: 50.273 MH/s, Total shares: 0 Rejected: 0, Time: 02:22
2021-Mar-26 00:39:23: New job from eth-eu2.nanopool.org:9433
2021-Mar-26 00:39:23: Ethereum - Total speed: 50.093 MH/s, Total shares: 0 Rejected: 0, Time: 02:22
2021-Mar-26 00:39:23: GPU0 t=67°C fan 53% power 201.83W. Total power: 201.83W
2021-Mar-26 00:39:26: New job from eth-eu2.nanopool.org:9433
2021-Mar-26 00:39:26: Ethereum - Total speed: 50.152 MH/s, Total shares: 0 Rejected: 0, Time: 02:25
2021-Mar-26 00:39:26: Ethereum last 10 min - Total: 50.417 MH/s.
2021-Mar-26 00:39:29: New job from eth-eu2.nanopool.org:9433
2021-Mar-26 00:39:29: Ethereum - Total speed: 50.109 MH/s, Total shares: 0 Rejected: 0, Time: 02:28
2021-Mar-26 00:39:29: GPU0 t=67°C fan 53% power 204.91W. Total power: 204.91W
2021-Mar-26 00:39:32: New job from eth-eu2.nanopool.org:9433
2021-Mar-26 00:39:32: Ethereum - Total speed: 50.106 MH/s, Total shares: 0 Rejected: 0, Time: 02:31
2021-Mar-26 00:39:35: New job from eth-eu2.nanopool.org:9433
2021-Mar-26 00:39:35: Ethereum - Total speed: 50.161 MH/s, Total shares: 0 Rejected: 0, Time: 02:34
2021-Mar-26 00:39:35: GPU0 t=67°C fan 53% power 205.92W. Total power: 205.92W
2021-Mar-26 00:39:36: New job from eth-eu2.nanopool.org:9433
2021-Mar-26 00:39:36: Ethereum - Total speed: 50.170 MH/s, Total shares: 0 Rejected: 0, Time: 02:35
2021-Mar-26 00:39:36: Ethereum last 10 min - Total: 50.397 MH/s.
2021-Mar-26 00:39:36: New job from eth-eu2.nanopool.org:9433
2021-Mar-26 00:39:36: Ethereum - Total speed: 50.043 MH/s, Total shares: 0 Rejected: 0, Time: 02:35
2021-Mar-26 00:39:36: GPU0 t=66°C fan 53% power 202.99W. Total power: 202.99W
2021-Mar-26 00:39:40: New job from eth-eu2.nanopool.org:9433
2021-Mar-26 00:39:40: Ethereum - Total speed: 49.610 MH/s, Total shares: 0 Rejected: 0, Time: 02:39
2021-Mar-26 00:39:41: New job from eth-eu2.nanopool.org:9433
2021-Mar-26 00:39:41: Ethereum - Total speed: 49.692 MH/s, Total shares: 0 Rejected: 0, Time: 02:40
2021-Mar-26 00:39:41: GPU0 t=67°C fan 53% power 204.96W. Total power: 204.96W
2021-Mar-26 00:39:41: New job from eth-eu2.nanopool.org:9433
2021-Mar-26 00:39:41: Ethereum - Total speed: 49.701 MH/s, Total shares: 0 Rejected: 0, Time: 02:40
2021-Mar-26 00:39:41: Ethereum last 10 min - Total: 50.376 MH/s.
2021-Mar-26 00:39:44: New job from eth-eu2.nanopool.org:9433
2021-Mar-26 00:39:44: Ethereum - Total speed: 49.812 MH/s, Total shares: 0 Rejected: 0, Time: 02:43
2021-Mar-26 00:39:44: GPU0 t=67°C fan 53% power 205.63W. Total power: 205.63W
2021-Mar-26 00:39:47: New job from eth-eu2.nanopool.org:9433
2021-Mar-26 00:39:47: Ethereum - Total speed: 49.890 MH/s, Total shares: 0 Rejected: 0, Time: 02:46
2021-Mar-26 00:39:50: New job from eth-eu2.nanopool.org:9433
2021-Mar-26 00:39:50: Ethereum - Total speed: 49.930 MH/s, Total shares: 0 Rejected: 0, Time: 02:49
2021-Mar-26 00:39:50: GPU0 t=67°C fan 53% power 206.69W. Total power: 206.69W
2021-Mar-26 00:39:53: New job from eth-eu2.nanopool.org:9433
2021-Mar-26 00:39:53: Ethereum - Total speed: 50.025 MH/s, Total shares: 0 Rejected: 0, Time: 02:52
2021-Mar-26 00:39:53: Ethereum last 10 min - Total: 50.339 MH/s.
2021-Mar-26 00:39:56: New job from eth-eu2.nanopool.org:9433
2021-Mar-26 00:39:56: Ethereum - Total speed: 50.068 MH/s, Total shares: 0 Rejected: 0, Time: 02:55
2021-Mar-26 00:39:56: GPU0 t=67°C fan 53% power 204.90W. Total power: 204.90W
2021-Mar-26 00:39:56: New job from eth-eu2.nanopool.org:9433
2021-Mar-26 00:39:56: Ethereum - Total speed: 50.034 MH/s, Total shares: 0 Rejected: 0, Time: 02:55
2021-Mar-26 00:39:58: New job from eth-eu2.nanopool.org:9433
2021-Mar-26 00:39:58: Ethereum - Total speed: 50.093 MH/s, Total shares: 0 Rejected: 0, Time: 02:57
2021-Mar-26 00:39:58: GPU0 t=67°C fan 53% power 206.23W. Total power: 206.23W
2021-Mar-26 00:39:59: New job from eth-eu2.nanopool.org:9433
2021-Mar-26 00:39:59: Ethereum - Total speed: 50.145 MH/s, Total shares: 0 Rejected: 0, Time: 02:58
2021-Mar-26 00:39:59: Ethereum last 10 min - Total: 50.330 MH/s.
2021-Mar-26 00:40:01: New job from eth-eu2.nanopool.org:9433
2021-Mar-26 00:40:01: Ethereum - Total speed: 50.177 MH/s, Total shares: 0 Rejected: 0, Time: 03:00
2021-Mar-26 00:40:01: GPU0 t=67°C fan 53% power 205.95W. Total power: 205.95W
2021-Mar-26 00:40:04: New job from eth-eu2.nanopool.org:9433
2021-Mar-26 00:40:04: Ethereum - Total speed: 50.215 MH/s, Total shares: 0 Rejected: 0, Time: 03:03
2021-Mar-26 00:40:07: New job from eth-eu2.nanopool.org:9433
2021-Mar-26 00:40:07: Ethereum - Total speed: 50.146 MH/s, Total shares: 0 Rejected: 0, Time: 03:06
2021-Mar-26 00:40:07: GPU0 t=67°C fan 53% power 205.06W. Total power: 205.06W
2021-Mar-26 00:40:08: New job from eth-eu2.nanopool.org:9433
2021-Mar-26 00:40:08: Ethereum - Total speed: 50.169 MH/s, Total shares: 0 Rejected: 0, Time: 03:07
2021-Mar-26 00:40:08: Ethereum last 10 min - Total: 50.322 MH/s.
2021-Mar-26 00:40:09: New job from eth-eu2.nanopool.org:9433
2021-Mar-26 00:40:09: Ethereum - Total speed: 50.246 MH/s, Total shares: 0 Rejected: 0, Time: 03:08
2021-Mar-26 00:40:09: GPU0 t=67°C fan 53% power 206.61W. Total power: 206.61W
2021-Mar-26 00:40:11: New job from eth-eu2.nanopool.org:9433
2021-Mar-26 00:40:11: Ethereum - Total speed: 50.268 MH/s, Total shares: 0 Rejected: 0, Time: 03:11
2021-Mar-26 00:40:15: New job from eth-eu2.nanopool.org:9433
2021-Mar-26 00:40:15: Ethereum - Total speed: 50.281 MH/s, Total shares: 0 Rejected: 0, Time: 03:14
2021-Mar-26 00:40:15: GPU0 t=67°C fan 53% power 206.59W. Total power: 206.59W
2021-Mar-26 00:40:17: New job from eth-eu2.nanopool.org:9433
2021-Mar-26 00:40:17: Ethereum - Total speed: 50.341 MH/s, Total shares: 0 Rejected: 0, Time: 03:16
2021-Mar-26 00:40:17: Ethereum last 10 min - Total: 50.320 MH/s.
2021-Mar-26 00:40:21: New job from eth-eu2.nanopool.org:9433
2021-Mar-26 00:40:21: Ethereum - Total speed: 50.365 MH/s, Total shares: 0 Rejected: 0, Time: 03:20
2021-Mar-26 00:40:21: GPU0 t=67°C fan 53% power 207.14W. Total power: 207.14W
2021-Mar-26 00:40:23: New job from eth-eu2.nanopool.org:9433
2021-Mar-26 00:40:23: Ethereum - Total speed: 50.420 MH/s, Total shares: 0 Rejected: 0, Time: 03:22
2021-Mar-26 00:40:26: New job from eth-eu2.nanopool.org:9433
2021-Mar-26 00:40:26: Ethereum - Total speed: 50.378 MH/s, Total shares: 0 Rejected: 0, Time: 03:25
2021-Mar-26 00:40:26: GPU0 t=67°C fan 54% power 206.74W. Total power: 206.74W
2021-Mar-26 00:40:29: New job from eth-eu2.nanopool.org:9433
2021-Mar-26 00:40:29: Ethereum - Total speed: 50.432 MH/s, Total shares: 0 Rejected: 0, Time: 03:28
2021-Mar-26 00:40:29: Ethereum last 10 min - Total: 50.324 MH/s.
2021-Mar-26 00:40:31: New job from eth-eu2.nanopool.org:9433
2021-Mar-26 00:40:31: Ethereum - Total speed: 50.363 MH/s, Total shares: 0 Rejected: 0, Time: 03:30
2021-Mar-26 00:40:31: GPU0 t=67°C fan 54% power 206.79W. Total power: 206.79W
2021-Mar-26 00:40:32: New job from eth-eu2.nanopool.org:9433
2021-Mar-26 00:40:32: Ethereum - Total speed: 50.401 MH/s, Total shares: 0 Rejected: 0, Time: 03:31
2021-Mar-26 00:40:32: New job from eth-eu2.nanopool.org:9433
2021-Mar-26 00:40:32: Ethereum - Total speed: 50.446 MH/s, Total shares: 0 Rejected: 0, Time: 03:31
2021-Mar-26 00:40:32: GPU0 t=67°C fan 54% power 206.33W. Total power: 206.33W
2021-Mar-26 00:40:32: New job from eth-eu2.nanopool.org:9433
2021-Mar-26 00:40:32: Ethereum - Total speed: 50.472 MH/s, Total shares: 0 Rejected: 0, Time: 03:31
2021-Mar-26 00:40:32: Ethereum last 10 min - Total: 50.325 MH/s.
2021-Mar-26 00:40:35: New job from eth-eu2.nanopool.org:9433
2021-Mar-26 00:40:35: Ethereum - Total speed: 50.450 MH/s, Total shares: 0 Rejected: 0, Time: 03:34
2021-Mar-26 00:40:35: GPU0 t=67°C fan 54% power 207.01W. Total power: 207.01W
2021-Mar-26 00:40:38: New job from eth-eu2.nanopool.org:9433
2021-Mar-26 00:40:38: Ethereum - Total speed: 50.471 MH/s, Total shares: 0 Rejected: 0, Time: 03:37
2021-Mar-26 00:40:41: New job from eth-eu2.nanopool.org:9433
2021-Mar-26 00:40:41: Ethereum - Total speed: 50.287 MH/s, Total shares: 0 Rejected: 0, Time: 03:40
2021-Mar-26 00:40:41: GPU0 t=67°C fan 54% power 206.51W. Total power: 206.51W
2021-Mar-26 00:40:43: New job from eth-eu2.nanopool.org:9433
2021-Mar-26 00:40:43: Ethereum - Total speed: 50.269 MH/s, Total shares: 0 Rejected: 0, Time: 03:42
2021-Mar-26 00:40:43: Ethereum last 10 min - Total: 50.329 MH/s.
2021-Mar-26 00:40:44: New job from eth-eu2.nanopool.org:9433
2021-Mar-26 00:40:44: Ethereum - Total speed: 50.270 MH/s, Total shares: 0 Rejected: 0, Time: 03:43
2021-Mar-26 00:40:44: GPU0 t=67°C fan 54% power 206.68W. Total power: 206.68W
2021-Mar-26 00:40:44: New job from eth-eu2.nanopool.org:9433
2021-Mar-26 00:40:44: Ethereum - Total speed: 50.319 MH/s, Total shares: 0 Rejected: 0, Time: 03:43
2021-Mar-26 00:40:44: New job from eth-eu2.nanopool.org:9433
2021-Mar-26 00:40:44: Ethereum - Total speed: 50.273 MH/s, Total shares: 0 Rejected: 0, Time: 03:43
2021-Mar-26 00:40:44: GPU0 t=67°C fan 54% power 206.32W. Total power: 206.32W
2021-Mar-26 00:40:47: New job from eth-eu2.nanopool.org:9433
2021-Mar-26 00:40:47: Ethereum - Total speed: 50.283 MH/s, Total shares: 0 Rejected: 0, Time: 03:46
2021-Mar-26 00:40:47: Ethereum last 10 min - Total: 50.328 MH/s.
2021-Mar-26 00:40:50: New job from eth-eu2.nanopool.org:9433
2021-Mar-26 00:40:50: Ethereum - Total speed: 50.322 MH/s, Total shares: 0 Rejected: 0, Time: 03:49
2021-Mar-26 00:40:50: GPU0 t=67°C fan 54% power 207.07W. Total power: 207.07W
2021-Mar-26 00:40:53: New job from eth-eu2.nanopool.org:9433
2021-Mar-26 00:40:53: Ethereum - Total speed: 50.339 MH/s, Total shares: 0 Rejected: 0, Time: 03:52
2021-Mar-26 00:40:56: New job from eth-eu2.nanopool.org:9433
2021-Mar-26 00:40:56: Ethereum - Total speed: 50.380 MH/s, Total shares: 0 Rejected: 0, Time: 03:55
2021-Mar-26 00:40:56: GPU0 t=67°C fan 54% power 205.97W. Total power: 205.97W
2021-Mar-26 00:40:58: New job from eth-eu2.nanopool.org:9433
2021-Mar-26 00:40:58: Ethereum - Total speed: 50.398 MH/s, Total shares: 0 Rejected: 0, Time: 03:57
2021-Mar-26 00:40:58: Ethereum last 10 min - Total: 50.329 MH/s.
2021-Mar-26 00:40:58: New job from eth-eu2.nanopool.org:9433
2021-Mar-26 00:40:58: Ethereum - Total speed: 50.416 MH/s, Total shares: 0 Rejected: 0, Time: 03:57
2021-Mar-26 00:40:58: GPU0 t=67°C fan 54% power 206.59W. Total power: 206.59W
2021-Mar-26 00:41:01: New job from eth-eu2.nanopool.org:9433
2021-Mar-26 00:41:01: Ethereum - Total speed: 50.227 MH/s, Total shares: 0 Rejected: 0, Time: 04:00
2021-Mar-26 00:41:04: New job from eth-eu2.nanopool.org:9433
2021-Mar-26 00:41:04: Ethereum - Total speed: 50.282 MH/s, Total shares: 0 Rejected: 0, Time: 04:03
2021-Mar-26 00:41:04: GPU0 t=67°C fan 54% power 207.06W. Total power: 207.06W
2021-Mar-26 00:41:07: New job from eth-eu2.nanopool.org:9433
2021-Mar-26 00:41:07: Ethereum - Total speed: 50.266 MH/s, Total shares: 0 Rejected: 0, Time: 04:06
2021-Mar-26 00:41:07: Ethereum last 10 min - Total: 50.327 MH/s.
2021-Mar-26 00:41:08: New job from eth-eu2.nanopool.org:9433
2021-Mar-26 00:41:08: Ethereum - Total speed: 50.315 MH/s, Total shares: 0 Rejected: 0, Time: 04:07
2021-Mar-26 00:41:08: GPU0 t=67°C fan 54% power 207.44W. Total power: 207.44W
2021-Mar-26 00:41:09: New job from eth-eu2.nanopool.org:9433
2021-Mar-26 00:41:09: Ethereum - Total speed: 50.380 MH/s, Total shares: 0 Rejected: 0, Time: 04:08
2021-Mar-26 00:41:12: New job from eth-eu2.nanopool.org:9433
2021-Mar-26 00:41:12: Ethereum - Total speed: 50.415 MH/s, Total shares: 0 Rejected: 0, Time: 04:11
2021-Mar-26 00:41:12: GPU0 t=67°C fan 54% power 207.48W. Total power: 207.48W
2021-Mar-26 00:41:14: New job from eth-eu2.nanopool.org:9433
2021-Mar-26 00:41:14: Ethereum - Total speed: 50.462 MH/s, Total shares: 0 Rejected: 0, Time: 04:14
2021-Mar-26 00:41:14: Ethereum last 10 min - Total: 50.329 MH/s.
2021-Mar-26 00:41:18: New job from eth-eu2.nanopool.org:9433
2021-Mar-26 00:41:18: Ethereum - Total speed: 50.486 MH/s, Total shares: 0 Rejected: 0, Time: 04:17
2021-Mar-26 00:41:18: GPU0 t=67°C fan 54% power 206.89W. Total power: 206.89W
2021-Mar-26 00:41:20: Ethereum - SHARE FOUND (GPU: 0, nonce: 0x75e4faad28a859ff).
2021-Mar-26 00:41:20: Ethereum: share accepted (56 ms)!
2021-Mar-26 00:41:20: New job from eth-eu2.nanopool.org:9433
2021-Mar-26 00:41:20: Ethereum - Total speed: 50.516 MH/s, Total shares: 1 Rejected: 0, Time: 04:20
2021-Mar-26 00:41:23: New job from eth-eu2.nanopool.org:9433
2021-Mar-26 00:41:23: Ethereum - Total speed: 50.548 MH/s, Total shares: 1 Rejected: 0, Time: 04:23
2021-Mar-26 00:41:23: GPU0 t=67°C fan 54% power 206.44W. Total power: 206.44W
2021-Mar-26 00:41:26: New job from eth-eu2.nanopool.org:9433
2021-Mar-26 00:41:26: Ethereum - Total speed: 50.541 MH/s, Total shares: 1 Rejected: 0, Time: 04:26
2021-Mar-26 00:41:26: Ethereum last 10 min - Total: 50.337 MH/s.
2021-Mar-26 00:41:29: New job from eth-eu2.nanopool.org:9433
2021-Mar-26 00:41:29: Ethereum - Total speed: 50.458 MH/s, Total shares: 1 Rejected: 0, Time: 04:29
2021-Mar-26 00:41:29: GPU0 t=67°C fan 54% power 206.78W. Total power: 206.78W
2021-Mar-26 00:41:32: New job from eth-eu2.nanopool.org:9433
2021-Mar-26 00:41:32: Ethereum - Total speed: 50.476 MH/s, Total shares: 1 Rejected: 0, Time: 04:32
2021-Mar-26 00:41:35: New job from eth-eu2.nanopool.org:9433
2021-Mar-26 00:41:35: Ethereum - Total speed: 50.422 MH/s, Total shares: 1 Rejected: 0, Time: 04:34
2021-Mar-26 00:41:35: GPU0 t=67°C fan 55% power 207.25W. Total power: 207.25W
2021-Mar-26 00:41:35: New job from eth-eu2.nanopool.org:9433
2021-Mar-26 00:41:35: Ethereum - Total speed: 50.408 MH/s, Total shares: 1 Rejected: 0, Time: 04:34
2021-Mar-26 00:41:35: Ethereum last 10 min - Total: 50.342 MH/s.
2021-Mar-26 00:41:39: New job from eth-eu2.nanopool.org:9433
2021-Mar-26 00:41:39: Ethereum - Total speed: 50.442 MH/s, Total shares: 1 Rejected: 0, Time: 04:38
2021-Mar-26 00:41:39: GPU0 t=67°C fan 55% power 202.82W. Total power: 202.82W
2021-Mar-26 00:41:41: New job from eth-eu2.nanopool.org:9433
2021-Mar-26 00:41:41: Ethereum - Total speed: 50.252 MH/s, Total shares: 1 Rejected: 0, Time: 04:40
2021-Mar-26 00:41:44: New job from eth-eu2.nanopool.org:9433
2021-Mar-26 00:41:44: Ethereum - Total speed: 50.101 MH/s, Total shares: 1 Rejected: 0, Time: 04:43
2021-Mar-26 00:41:44: GPU0 t=67°C fan 55% power 206.78W. Total power: 206.78W
2021-Mar-26 00:41:47: New job from eth-eu2.nanopool.org:9433
2021-Mar-26 00:41:47: Ethereum - Total speed: 50.108 MH/s, Total shares: 1 Rejected: 0, Time: 04:46
2021-Mar-26 00:41:47: Ethereum last 10 min - Total: 50.339 MH/s.
2021-Mar-26 00:41:50: New job from eth-eu2.nanopool.org:9433
2021-Mar-26 00:41:50: Ethereum - Total speed: 50.190 MH/s, Total shares: 1 Rejected: 0, Time: 04:49
2021-Mar-26 00:41:50: GPU0 t=67°C fan 55% power 206.24W. Total power: 206.24W
2021-Mar-26 00:41:53: New job from eth-eu2.nanopool.org:9433
2021-Mar-26 00:41:53: Ethereum - Total speed: 50.231 MH/s, Total shares: 1 Rejected: 0, Time: 04:52
2021-Mar-26 00:41:56: New job from eth-eu2.nanopool.org:9433
2021-Mar-26 00:41:56: Ethereum - Total speed: 50.218 MH/s, Total shares: 1 Rejected: 0, Time: 04:55
2021-Mar-26 00:41:56: GPU0 t=67°C fan 55% power 205.63W. Total power: 205.63W
2021-Mar-26 00:41:59: New job from eth-eu2.nanopool.org:9433
2021-Mar-26 00:41:59: Ethereum - Total speed: 50.228 MH/s, Total shares: 1 Rejected: 0, Time: 04:58
2021-Mar-26 00:41:59: Ethereum last 10 min - Total: 50.333 MH/s.
2021-Mar-26 00:42:02: New job from eth-eu2.nanopool.org:9433
2021-Mar-26 00:42:02: Ethereum - Total speed: 50.139 MH/s, Total shares: 1 Rejected: 0, Time: 05:01
2021-Mar-26 00:42:02: GPU0 t=67°C fan 55% power 205.14W. Total power: 205.14W
2021-Mar-26 00:42:05: New job from eth-eu2.nanopool.org:9433
2021-Mar-26 00:42:05: Ethereum - Total speed: 50.134 MH/s, Total shares: 1 Rejected: 0, Time: 05:04
2021-Mar-26 00:42:08: New job from eth-eu2.nanopool.org:9433
2021-Mar-26 00:42:08: Ethereum - Total speed: 50.084 MH/s, Total shares: 1 Rejected: 0, Time: 05:07
2021-Mar-26 00:42:08: GPU0 t=67°C fan 54% power 206.14W. Total power: 206.14W
2021-Mar-26 00:42:11: New job from eth-eu2.nanopool.org:9433
2021-Mar-26 00:42:11: Ethereum - Total speed: 50.093 MH/s, Total shares: 1 Rejected: 0, Time: 05:10
2021-Mar-26 00:42:11: Ethereum last 10 min - Total: 50.325 MH/s.
2021-Mar-26 00:42:14: New job from eth-eu2.nanopool.org:9433
2021-Mar-26 00:42:14: Ethereum - Total speed: 50.141 MH/s, Total shares: 1 Rejected: 0, Time: 05:13
2021-Mar-26 00:42:14: GPU0 t=67°C fan 55% power 204.40W. Total power: 204.40W
2021-Mar-26 00:42:17: New job from eth-eu2.nanopool.org:9433
2021-Mar-26 00:42:17: Ethereum - Total speed: 50.093 MH/s, Total shares: 1 Rejected: 0, Time: 05:16
2021-Mar-26 00:42:20: New job from eth-eu2.nanopool.org:9433
2021-Mar-26 00:42:20: Ethereum - Total speed: 50.058 MH/s, Total shares: 1 Rejected: 0, Time: 05:19
2021-Mar-26 00:42:20: GPU0 t=67°C fan 55% power 206.96W. Total power: 206.96W
2021-Mar-26 00:42:23: New job from eth-eu2.nanopool.org:9433
2021-Mar-26 00:42:23: Ethereum - Total speed: 50.141 MH/s, Total shares: 1 Rejected: 0, Time: 05:22
2021-Mar-26 00:42:23: Ethereum last 10 min - Total: 50.316 MH/s.
2021-Mar-26 00:42:26: New job from eth-eu2.nanopool.org:9433
2021-Mar-26 00:42:26: Ethereum - Total speed: 50.048 MH/s, Total shares: 1 Rejected: 0, Time: 05:25
2021-Mar-26 00:42:26: GPU0 t=67°C fan 55% power 206.22W. Total power: 206.22W
2021-Mar-26 00:42:29: New job from eth-eu2.nanopool.org:9433
2021-Mar-26 00:42:29: Ethereum - Total speed: 50.086 MH/s, Total shares: 1 Rejected: 0, Time: 05:28
2021-Mar-26 00:42:32: New job from eth-eu2.nanopool.org:9433
2021-Mar-26 00:42:32: Ethereum - Total speed: 50.094 MH/s, Total shares: 1 Rejected: 0, Time: 05:31
2021-Mar-26 00:42:32: GPU0 t=67°C fan 55% power 205.26W. Total power: 205.26W
2021-Mar-26 00:42:32: New job from eth-eu2.nanopool.org:9433
2021-Mar-26 00:42:32: Ethereum - Total speed: 50.077 MH/s, Total shares: 1 Rejected: 0, Time: 05:31
2021-Mar-26 00:42:32: Ethereum last 10 min - Total: 50.310 MH/s.
2021-Mar-26 00:42:36: New job from eth-eu2.nanopool.org:9433
2021-Mar-26 00:42:36: Ethereum - Total speed: 49.847 MH/s, Total shares: 1 Rejected: 0, Time: 05:35
2021-Mar-26 00:42:36: GPU0 t=67°C fan 55% power 206.43W. Total power: 206.43W
2021-Mar-26 00:42:38: New job from eth-eu2.nanopool.org:9433
2021-Mar-26 00:42:38: Ethereum - Total speed: 49.888 MH/s, Total shares: 1 Rejected: 0, Time: 05:37
2021-Mar-26 00:42:41: New job from eth-eu2.nanopool.org:9433
2021-Mar-26 00:42:41: Ethereum - Total speed: 49.977 MH/s, Total shares: 1 Rejected: 0, Time: 05:40
2021-Mar-26 00:42:41: GPU0 t=67°C fan 55% power 204.52W. Total power: 204.52W
2021-Mar-26 00:42:41: Terminating, please wait ...
