2021-Mar-23 15:48:13:                                    _                 
2021-Mar-23 15:48:13:  _ __   __ _ _ __   ___  _ __ ___ (_)_ __   ___ _ __ 
2021-Mar-23 15:48:13: | '_ \ / _` | '_ \ / _ \| '_ ` _ \| | '_ \ / _ \ '__|
2021-Mar-23 15:48:13: | | | | (_| | | | | (_) | | | | | | | | | |  __/ |   
2021-Mar-23 15:48:13: |_| |_|\__,_|_| |_|\___/|_| |_| |_|_|_| |_|\___|_|   
2021-Mar-23 15:48:13: 
2021-Mar-23 15:48:13: Version 3.3.2-cuda11
2021-Mar-23 15:48:13: Started EthMan server on port 3333 with a password (read-only mode).
2021-Mar-23 15:48:13: Started web interface on port 9090 with a password.
2021-Mar-23 15:48:13: CUDA driver version is 11.2, runtime version is 11.1
2021-Mar-23 15:48:13: Single device detected
2021-Mar-23 15:48:13: GPU 0 PCI 01:00.0, Platform: CUDA, Name: GeForce RTX 3070, 8192 MB available
2021-Mar-23 15:48:13: -------------------Ethash:------------------
2021-Mar-23 15:48:13: Currency: Ethereum
2021-Mar-23 15:48:13: Wallet: wallet
2021-Mar-23 15:48:13: Rig name: ferris
2021-Mar-23 15:48:13: Email: email
2021-Mar-23 15:48:13: Hashrate threshold to restart miner is not set
2021-Mar-23 15:48:13: Added pool: eth-eu2.nanopool.org:9433
2021-Mar-23 15:48:13: Added pool: eth-eu1.nanopool.org:9433
2021-Mar-23 15:48:13: Added pool: eth-us-east1.nanopool.org:9433
2021-Mar-23 15:48:13: Added pool: eth-us-west1.nanopool.org:9433
2021-Mar-23 15:48:13: Added pool: eth-au1.nanopool.org:9433
2021-Mar-23 15:48:13: Added pool: eth-jp1.nanopool.org:9433
2021-Mar-23 15:48:13: Added pool: eth-asia1.nanopool.org:9433
2021-Mar-23 15:48:13: Auto pool sorting is enabled
2021-Mar-23 15:48:13: Using all GPU devices
2021-Mar-23 15:48:13: Memory tweak: 1
2021-Mar-23 15:48:13: -------------Common parameters:-------------
2021-Mar-23 15:48:13: Log path: ./logs/
2021-Mar-23 15:48:13: Log is written to file
2021-Mar-23 15:48:13: GPU watchdog is enabled
2021-Mar-23 15:48:13: Never calling reboot.bat (always restarting the miner in case of errors). 
2021-Mar-23 15:48:13: Setting up algorithm: Ethash
2021-Mar-23 15:48:14: Connecting to pools...
2021-Mar-23 15:48:14: Connected to pool: eth-eu2.nanopool.org:9433 | IP: 51.15.55.162 | ping: 167 ms.
2021-Mar-23 15:48:14: New job from eth-eu2.nanopool.org:9433 | share difficulty = 10000 MH, epoch 403 (4247 MB)
2021-Mar-23 15:48:14: Ethereum - Total speed: 0.000 H/s, Total shares: 0 Rejected: 0, Time: 00:01
2021-Mar-23 15:48:14: GPU0 t=32°C fan 30% power 45.13W. Total power: 45.13W
2021-Mar-23 15:48:14: New job from eth-eu2.nanopool.org:9433
2021-Mar-23 15:48:14: Ethereum - Total speed: 0.000 H/s, Total shares: 0 Rejected: 0, Time: 00:01
2021-Mar-23 15:48:14: Ethereum last 10 min - Total: 0.000 H/s.
2021-Mar-23 15:48:15: New job from eth-eu2.nanopool.org:9433
2021-Mar-23 15:48:15: Ethereum - Total speed: 0.000 H/s, Total shares: 0 Rejected: 0, Time: 00:02
2021-Mar-23 15:48:15: GPU0 t=32°C fan 30% power 44.96W. Total power: 44.96W
2021-Mar-23 15:48:16: New job from eth-eu2.nanopool.org:9433
2021-Mar-23 15:48:16: Ethereum - Total speed: 0.000 H/s, Total shares: 0 Rejected: 0, Time: 00:03
2021-Mar-23 15:48:19: New job from eth-eu2.nanopool.org:9433
2021-Mar-23 15:48:19: Ethereum - Total speed: 0.000 H/s, Total shares: 0 Rejected: 0, Time: 00:05
2021-Mar-23 15:48:19: GPU0 t=42°C fan 30% power 109.72W. Total power: 109.72W
2021-Mar-23 15:48:20: New job from eth-eu2.nanopool.org:9433
2021-Mar-23 15:48:20: Ethereum - Total speed: 0.000 H/s, Total shares: 0 Rejected: 0, Time: 00:06
2021-Mar-23 15:48:20: Ethereum last 10 min - Total: 0.000 H/s.
2021-Mar-23 15:48:21: New job from eth-eu2.nanopool.org:9433
2021-Mar-23 15:48:21: Ethereum - Total speed: 0.000 H/s, Total shares: 0 Rejected: 0, Time: 00:08
2021-Mar-23 15:48:21: GPU0 t=47°C fan 30% power 199.53W. Total power: 199.53W
2021-Mar-23 15:48:21: New job from eth-eu2.nanopool.org:9433
2021-Mar-23 15:48:21: Ethereum - Total speed: 0.000 H/s, Total shares: 0 Rejected: 0, Time: 00:08
2021-Mar-23 15:48:22: GPU0: 4247 MB DAG generated in 3.86 seconds
2021-Mar-23 15:48:24: New job from eth-eu2.nanopool.org:9433
2021-Mar-23 15:48:24: Ethereum - Total speed: 49.869 MH/s, Total shares: 0 Rejected: 0, Time: 00:11
2021-Mar-23 15:48:24: GPU0 t=47°C fan 30% power 190.22W. Total power: 190.22W
2021-Mar-23 15:48:27: New job from eth-eu2.nanopool.org:9433
2021-Mar-23 15:48:27: Ethereum - Total speed: 49.935 MH/s, Total shares: 0 Rejected: 0, Time: 00:14
2021-Mar-23 15:48:27: Ethereum last 10 min - Total: 49.902 MH/s.
2021-Mar-23 15:48:30: New job from eth-eu2.nanopool.org:9433
2021-Mar-23 15:48:30: Ethereum - Total speed: 50.806 MH/s, Total shares: 0 Rejected: 0, Time: 00:17
2021-Mar-23 15:48:30: GPU0 t=41°C fan 30% power 127.40W. Total power: 127.40W
2021-Mar-23 15:48:34: New job from eth-eu2.nanopool.org:9433
2021-Mar-23 15:48:34: Ethereum - Total speed: 51.772 MH/s, Total shares: 0 Rejected: 0, Time: 00:20
2021-Mar-23 15:48:36: New job from eth-eu2.nanopool.org:9433
2021-Mar-23 15:48:36: Ethereum - Total speed: 52.638 MH/s, Total shares: 0 Rejected: 0, Time: 00:23
2021-Mar-23 15:48:36: GPU0 t=42°C fan 31% power 127.32W. Total power: 127.32W
2021-Mar-23 15:48:39: New job from eth-eu2.nanopool.org:9433
2021-Mar-23 15:48:39: Ethereum - Total speed: 53.424 MH/s, Total shares: 0 Rejected: 0, Time: 00:26
2021-Mar-23 15:48:39: Ethereum last 10 min - Total: 51.323 MH/s.
2021-Mar-23 15:48:40: New job from eth-eu2.nanopool.org:9433
2021-Mar-23 15:48:40: Ethereum - Total speed: 54.129 MH/s, Total shares: 0 Rejected: 0, Time: 00:27
2021-Mar-23 15:48:40: GPU0 t=43°C fan 30% power 127.34W. Total power: 127.34W
2021-Mar-23 15:48:40: New job from eth-eu2.nanopool.org:9433
2021-Mar-23 15:48:40: Ethereum - Total speed: 54.734 MH/s, Total shares: 0 Rejected: 0, Time: 00:27
2021-Mar-23 15:48:43: New job from eth-eu2.nanopool.org:9433
2021-Mar-23 15:48:43: Ethereum - Total speed: 55.150 MH/s, Total shares: 0 Rejected: 0, Time: 00:30
2021-Mar-23 15:48:43: GPU0 t=43°C fan 30% power 127.39W. Total power: 127.39W
2021-Mar-23 15:48:44: New job from eth-eu2.nanopool.org:9433
2021-Mar-23 15:48:44: Ethereum - Total speed: 55.684 MH/s, Total shares: 0 Rejected: 0, Time: 00:31
2021-Mar-23 15:48:44: Ethereum last 10 min - Total: 52.209 MH/s.
2021-Mar-23 15:48:47: New job from eth-eu2.nanopool.org:9433
2021-Mar-23 15:48:47: Ethereum - Total speed: 56.140 MH/s, Total shares: 0 Rejected: 0, Time: 00:34
2021-Mar-23 15:48:47: GPU0 t=43°C fan 31% power 127.32W. Total power: 127.32W
2021-Mar-23 15:48:50: New job from eth-eu2.nanopool.org:9433
2021-Mar-23 15:48:50: Ethereum - Total speed: 56.570 MH/s, Total shares: 0 Rejected: 0, Time: 00:37
2021-Mar-23 15:48:53: New job from eth-eu2.nanopool.org:9433
2021-Mar-23 15:48:53: Ethereum - Total speed: 56.961 MH/s, Total shares: 0 Rejected: 0, Time: 00:40
2021-Mar-23 15:48:53: GPU0 t=44°C fan 30% power 127.30W. Total power: 127.30W
2021-Mar-23 15:48:56: New job from eth-eu2.nanopool.org:9433
2021-Mar-23 15:48:56: Ethereum - Total speed: 57.307 MH/s, Total shares: 0 Rejected: 0, Time: 00:43
2021-Mar-23 15:48:56: Ethereum last 10 min - Total: 53.824 MH/s.
2021-Mar-23 15:48:58: New job from eth-eu2.nanopool.org:9433
2021-Mar-23 15:48:58: Ethereum - Total speed: 57.227 MH/s, Total shares: 0 Rejected: 0, Time: 00:45
2021-Mar-23 15:48:58: GPU0 t=44°C fan 30% power 127.19W. Total power: 127.19W
2021-Mar-23 15:48:59: New job from eth-eu2.nanopool.org:9433
2021-Mar-23 15:48:59: Ethereum - Total speed: 57.420 MH/s, Total shares: 0 Rejected: 0, Time: 00:45
2021-Mar-23 15:48:59: New job from eth-eu2.nanopool.org:9433
2021-Mar-23 15:48:59: Ethereum - Total speed: 57.461 MH/s, Total shares: 0 Rejected: 0, Time: 00:45
2021-Mar-23 15:48:59: GPU0 t=45°C fan 30% power 127.27W. Total power: 127.27W
2021-Mar-23 15:49:00: New job from eth-eu2.nanopool.org:9433
2021-Mar-23 15:49:00: Ethereum - Total speed: 57.594 MH/s, Total shares: 0 Rejected: 0, Time: 00:46
2021-Mar-23 15:49:00: Ethereum last 10 min - Total: 54.165 MH/s.
2021-Mar-23 15:49:00: New job from eth-eu2.nanopool.org:9433
2021-Mar-23 15:49:00: Ethereum - Total speed: 57.845 MH/s, Total shares: 0 Rejected: 0, Time: 00:46
2021-Mar-23 15:49:00: GPU0 t=45°C fan 30% power 127.24W. Total power: 127.24W
2021-Mar-23 15:49:03: New job from eth-eu2.nanopool.org:9433
2021-Mar-23 15:49:03: Ethereum - Total speed: 57.952 MH/s, Total shares: 0 Rejected: 0, Time: 00:49
2021-Mar-23 15:49:06: New job from eth-eu2.nanopool.org:9433
2021-Mar-23 15:49:06: Ethereum - Total speed: 58.058 MH/s, Total shares: 0 Rejected: 0, Time: 00:52
2021-Mar-23 15:49:06: GPU0 t=45°C fan 30% power 127.27W. Total power: 127.27W
2021-Mar-23 15:49:09: New job from eth-eu2.nanopool.org:9433
2021-Mar-23 15:49:09: Ethereum - Total speed: 58.137 MH/s, Total shares: 0 Rejected: 0, Time: 00:55
2021-Mar-23 15:49:09: Ethereum last 10 min - Total: 54.951 MH/s.
2021-Mar-23 15:49:13: New job from eth-eu2.nanopool.org:9433
2021-Mar-23 15:49:13: Ethereum - Total speed: 54.363 MH/s, Total shares: 0 Rejected: 0, Time: 00:59
2021-Mar-23 15:49:13: GPU0 t=46°C fan 30% power 127.36W. Total power: 127.36W
2021-Mar-23 15:49:15: New job from eth-eu2.nanopool.org:9433
2021-Mar-23 15:49:15: Ethereum - Total speed: 54.843 MH/s, Total shares: 0 Rejected: 0, Time: 01:01
2021-Mar-23 15:49:18: New job from eth-eu2.nanopool.org:9433
2021-Mar-23 15:49:18: Ethereum - Total speed: 55.410 MH/s, Total shares: 0 Rejected: 0, Time: 01:04
2021-Mar-23 15:49:18: GPU0 t=46°C fan 30% power 127.44W. Total power: 127.44W
2021-Mar-23 15:49:19: New job from eth-eu2.nanopool.org:9433
2021-Mar-23 15:49:19: Ethereum - Total speed: 55.921 MH/s, Total shares: 0 Rejected: 0, Time: 01:05
2021-Mar-23 15:49:19: Ethereum last 10 min - Total: 55.056 MH/s.
2021-Mar-23 15:49:19: New job from eth-eu2.nanopool.org:9433
2021-Mar-23 15:49:19: Ethereum - Total speed: 56.377 MH/s, Total shares: 0 Rejected: 0, Time: 01:05
2021-Mar-23 15:49:19: GPU0 t=46°C fan 30% power 127.28W. Total power: 127.28W
2021-Mar-23 15:49:21: New job from eth-eu2.nanopool.org:9433
2021-Mar-23 15:49:21: Ethereum - Total speed: 56.679 MH/s, Total shares: 0 Rejected: 0, Time: 01:07
2021-Mar-23 15:49:21: New job from eth-eu2.nanopool.org:9433
2021-Mar-23 15:49:21: Ethereum - Total speed: 57.064 MH/s, Total shares: 0 Rejected: 0, Time: 01:07
2021-Mar-23 15:49:21: GPU0 t=46°C fan 30% power 127.31W. Total power: 127.31W
2021-Mar-23 15:49:24: New job from eth-eu2.nanopool.org:9433
2021-Mar-23 15:49:24: Ethereum - Total speed: 57.313 MH/s, Total shares: 0 Rejected: 0, Time: 01:10
2021-Mar-23 15:49:24: Ethereum last 10 min - Total: 55.217 MH/s.
2021-Mar-23 15:49:27: New job from eth-eu2.nanopool.org:9433
2021-Mar-23 15:49:27: Ethereum - Total speed: 57.638 MH/s, Total shares: 0 Rejected: 0, Time: 01:14
2021-Mar-23 15:49:27: GPU0 t=47°C fan 30% power 127.43W. Total power: 127.43W
2021-Mar-23 15:49:30: New job from eth-eu2.nanopool.org:9433
2021-Mar-23 15:49:30: Ethereum - Total speed: 57.927 MH/s, Total shares: 0 Rejected: 0, Time: 01:17
2021-Mar-23 15:49:33: New job from eth-eu2.nanopool.org:9433
2021-Mar-23 15:49:33: Ethereum - Total speed: 58.188 MH/s, Total shares: 0 Rejected: 0, Time: 01:19
2021-Mar-23 15:49:33: GPU0 t=47°C fan 30% power 127.50W. Total power: 127.50W
2021-Mar-23 15:49:33: New job from eth-eu2.nanopool.org:9433
2021-Mar-23 15:49:33: Ethereum - Total speed: 58.425 MH/s, Total shares: 0 Rejected: 0, Time: 01:20
2021-Mar-23 15:49:33: Ethereum last 10 min - Total: 55.568 MH/s.
2021-Mar-23 15:49:36: New job from eth-eu2.nanopool.org:9433
2021-Mar-23 15:49:36: Ethereum - Total speed: 58.589 MH/s, Total shares: 0 Rejected: 0, Time: 01:23
2021-Mar-23 15:49:36: GPU0 t=47°C fan 30% power 127.40W. Total power: 127.40W
2021-Mar-23 15:49:39: New job from eth-eu2.nanopool.org:9433
2021-Mar-23 15:49:39: Ethereum - Total speed: 58.781 MH/s, Total shares: 0 Rejected: 0, Time: 01:26
2021-Mar-23 15:49:42: New job from eth-eu2.nanopool.org:9433
2021-Mar-23 15:49:42: Ethereum - Total speed: 58.958 MH/s, Total shares: 0 Rejected: 0, Time: 01:29
2021-Mar-23 15:49:42: GPU0 t=48°C fan 30% power 127.38W. Total power: 127.38W
2021-Mar-23 15:49:43: New job from eth-eu2.nanopool.org:9433
2021-Mar-23 15:49:43: Ethereum - Total speed: 59.114 MH/s, Total shares: 0 Rejected: 0, Time: 01:30
2021-Mar-23 15:49:43: Ethereum last 10 min - Total: 55.964 MH/s.
2021-Mar-23 15:49:43: New job from eth-eu2.nanopool.org:9433
2021-Mar-23 15:49:43: Ethereum - Total speed: 59.251 MH/s, Total shares: 0 Rejected: 0, Time: 01:30
2021-Mar-23 15:49:43: GPU0 t=48°C fan 30% power 127.43W. Total power: 127.43W
2021-Mar-23 15:49:46: New job from eth-eu2.nanopool.org:9433
2021-Mar-23 15:49:46: Ethereum - Total speed: 59.327 MH/s, Total shares: 0 Rejected: 0, Time: 01:33
2021-Mar-23 15:49:49: New job from eth-eu2.nanopool.org:9433
2021-Mar-23 15:49:49: Ethereum - Total speed: 59.447 MH/s, Total shares: 0 Rejected: 0, Time: 01:36
2021-Mar-23 15:49:49: GPU0 t=48°C fan 30% power 127.37W. Total power: 127.37W
2021-Mar-23 15:49:52: New job from eth-eu2.nanopool.org:9433
2021-Mar-23 15:49:52: Ethereum - Total speed: 59.556 MH/s, Total shares: 0 Rejected: 0, Time: 01:39
2021-Mar-23 15:49:52: Ethereum last 10 min - Total: 56.320 MH/s.
2021-Mar-23 15:49:54: New job from eth-eu2.nanopool.org:9433
2021-Mar-23 15:49:54: Ethereum - Total speed: 59.654 MH/s, Total shares: 0 Rejected: 0, Time: 01:41
2021-Mar-23 15:49:54: GPU0 t=48°C fan 30% power 127.40W. Total power: 127.40W
2021-Mar-23 15:49:55: New job from eth-eu2.nanopool.org:9433
2021-Mar-23 15:49:55: Ethereum - Total speed: 59.739 MH/s, Total shares: 0 Rejected: 0, Time: 01:41
2021-Mar-23 15:49:57: New job from eth-eu2.nanopool.org:9433
2021-Mar-23 15:49:57: Ethereum - Total speed: 59.803 MH/s, Total shares: 0 Rejected: 0, Time: 01:44
2021-Mar-23 15:49:57: GPU0 t=48°C fan 30% power 127.36W. Total power: 127.36W
2021-Mar-23 15:50:01: New job from eth-eu2.nanopool.org:9433
2021-Mar-23 15:50:01: Ethereum - Total speed: 59.876 MH/s, Total shares: 0 Rejected: 0, Time: 01:47
2021-Mar-23 15:50:01: Ethereum last 10 min - Total: 56.614 MH/s.
2021-Mar-23 15:50:03: New job from eth-eu2.nanopool.org:9433
2021-Mar-23 15:50:03: Ethereum - Total speed: 59.937 MH/s, Total shares: 0 Rejected: 0, Time: 01:50
2021-Mar-23 15:50:03: GPU0 t=49°C fan 30% power 127.43W. Total power: 127.43W
2021-Mar-23 15:50:06: New job from eth-eu2.nanopool.org:9433
2021-Mar-23 15:50:06: Ethereum - Total speed: 59.997 MH/s, Total shares: 0 Rejected: 0, Time: 01:53
2021-Mar-23 15:50:09: New job from eth-eu2.nanopool.org:9433
2021-Mar-23 15:50:09: Ethereum - Total speed: 60.052 MH/s, Total shares: 0 Rejected: 0, Time: 01:56
2021-Mar-23 15:50:09: GPU0 t=49°C fan 30% power 127.30W. Total power: 127.30W
2021-Mar-23 15:50:12: New job from eth-eu2.nanopool.org:9433
2021-Mar-23 15:50:12: Ethereum - Total speed: 60.097 MH/s, Total shares: 0 Rejected: 0, Time: 01:59
2021-Mar-23 15:50:12: Ethereum last 10 min - Total: 56.982 MH/s.
2021-Mar-23 15:50:13: New job from eth-eu2.nanopool.org:9433
2021-Mar-23 15:50:13: Ethereum - Total speed: 60.141 MH/s, Total shares: 0 Rejected: 0, Time: 02:00
2021-Mar-23 15:50:13: GPU0 t=49°C fan 30% power 127.31W. Total power: 127.31W
2021-Mar-23 15:50:15: New job from eth-eu2.nanopool.org:9433
2021-Mar-23 15:50:15: Ethereum - Total speed: 60.172 MH/s, Total shares: 0 Rejected: 0, Time: 02:02
2021-Mar-23 15:50:16: New job from eth-eu2.nanopool.org:9433
2021-Mar-23 15:50:16: Ethereum - Total speed: 60.214 MH/s, Total shares: 0 Rejected: 0, Time: 02:03
2021-Mar-23 15:50:16: GPU0 t=49°C fan 30% power 127.37W. Total power: 127.37W
2021-Mar-23 15:50:20: New job from eth-eu2.nanopool.org:9433
2021-Mar-23 15:50:20: Ethereum - Total speed: 60.234 MH/s, Total shares: 0 Rejected: 0, Time: 02:06
2021-Mar-23 15:50:20: Ethereum last 10 min - Total: 57.187 MH/s.
2021-Mar-23 15:50:22: New job from eth-eu2.nanopool.org:9433
2021-Mar-23 15:50:22: Ethereum - Total speed: 60.269 MH/s, Total shares: 0 Rejected: 0, Time: 02:09
2021-Mar-23 15:50:22: GPU0 t=50°C fan 30% power 127.32W. Total power: 127.32W
2021-Mar-23 15:50:24: New job from eth-eu2.nanopool.org:9433
2021-Mar-23 15:50:24: Ethereum - Total speed: 60.292 MH/s, Total shares: 0 Rejected: 0, Time: 02:10
2021-Mar-23 15:50:24: New job from eth-eu2.nanopool.org:9433
2021-Mar-23 15:50:24: Ethereum - Total speed: 60.322 MH/s, Total shares: 0 Rejected: 0, Time: 02:11
2021-Mar-23 15:50:24: GPU0 t=50°C fan 30% power 127.35W. Total power: 127.35W
2021-Mar-23 15:50:27: New job from eth-eu2.nanopool.org:9433
2021-Mar-23 15:50:27: Ethereum - Total speed: 60.278 MH/s, Total shares: 0 Rejected: 0, Time: 02:13
2021-Mar-23 15:50:27: Ethereum last 10 min - Total: 57.370 MH/s.
2021-Mar-23 15:50:30: New job from eth-eu2.nanopool.org:9433
2021-Mar-23 15:50:30: Ethereum - Total speed: 60.305 MH/s, Total shares: 0 Rejected: 0, Time: 02:17
2021-Mar-23 15:50:30: GPU0 t=50°C fan 30% power 127.43W. Total power: 127.43W
2021-Mar-23 15:50:33: New job from eth-eu2.nanopool.org:9433
2021-Mar-23 15:50:33: Ethereum - Total speed: 59.971 MH/s, Total shares: 0 Rejected: 0, Time: 02:19
2021-Mar-23 15:50:36: New job from eth-eu2.nanopool.org:9433
2021-Mar-23 15:50:36: Ethereum - Total speed: 59.700 MH/s, Total shares: 0 Rejected: 0, Time: 02:23
2021-Mar-23 15:50:36: GPU0 t=50°C fan 30% power 126.14W. Total power: 126.14W
2021-Mar-23 15:50:39: New job from eth-eu2.nanopool.org:9433
2021-Mar-23 15:50:39: Ethereum - Total speed: 59.569 MH/s, Total shares: 0 Rejected: 0, Time: 02:26
2021-Mar-23 15:50:39: Ethereum last 10 min - Total: 57.607 MH/s.
2021-Mar-23 15:50:42: New job from eth-eu2.nanopool.org:9433
2021-Mar-23 15:50:42: Ethereum - Total speed: 59.459 MH/s, Total shares: 0 Rejected: 0, Time: 02:28
2021-Mar-23 15:50:42: GPU0 t=50°C fan 30% power 127.45W. Total power: 127.45W
2021-Mar-23 15:50:45: New job from eth-eu2.nanopool.org:9433
2021-Mar-23 15:50:45: Ethereum - Total speed: 59.371 MH/s, Total shares: 0 Rejected: 0, Time: 02:32
2021-Mar-23 15:50:48: New job from eth-eu2.nanopool.org:9433
2021-Mar-23 15:50:48: Ethereum - Total speed: 59.216 MH/s, Total shares: 0 Rejected: 0, Time: 02:34
2021-Mar-23 15:50:48: GPU0 t=50°C fan 30% power 127.39W. Total power: 127.39W
2021-Mar-23 15:50:51: New job from eth-eu2.nanopool.org:9433
2021-Mar-23 15:50:51: Ethereum - Total speed: 59.315 MH/s, Total shares: 0 Rejected: 0, Time: 02:37
2021-Mar-23 15:50:51: Ethereum last 10 min - Total: 57.748 MH/s.
2021-Mar-23 15:50:54: New job from eth-eu2.nanopool.org:9433
2021-Mar-23 15:50:54: Ethereum - Total speed: 59.419 MH/s, Total shares: 0 Rejected: 0, Time: 02:40
2021-Mar-23 15:50:54: GPU0 t=51°C fan 30% power 127.34W. Total power: 127.34W
2021-Mar-23 15:50:57: New job from eth-eu2.nanopool.org:9433
2021-Mar-23 15:50:57: Ethereum - Total speed: 59.528 MH/s, Total shares: 0 Rejected: 0, Time: 02:44
2021-Mar-23 15:51:00: New job from eth-eu2.nanopool.org:9433
2021-Mar-23 15:51:00: Ethereum - Total speed: 59.616 MH/s, Total shares: 0 Rejected: 0, Time: 02:46
2021-Mar-23 15:51:00: GPU0 t=51°C fan 30% power 127.32W. Total power: 127.32W
2021-Mar-23 15:51:00: New job from eth-eu2.nanopool.org:9433
2021-Mar-23 15:51:00: Ethereum - Total speed: 59.698 MH/s, Total shares: 0 Rejected: 0, Time: 02:47
2021-Mar-23 15:51:00: Ethereum last 10 min - Total: 57.849 MH/s.
2021-Mar-23 15:51:03: Ethereum - SHARE FOUND (GPU: 0, nonce: 0xaf3e07081d4082b4).
2021-Mar-23 15:51:03: Ethereum: share accepted (50 ms)!
2021-Mar-23 15:51:05: New job from eth-eu2.nanopool.org:9433
2021-Mar-23 15:51:05: Ethereum - Total speed: 59.632 MH/s, Total shares: 1 Rejected: 0, Time: 02:51
2021-Mar-23 15:51:05: GPU0 t=51°C fan 30% power 127.52W. Total power: 127.52W
2021-Mar-23 15:51:06: New job from eth-eu2.nanopool.org:9433
2021-Mar-23 15:51:06: Ethereum - Total speed: 59.713 MH/s, Total shares: 1 Rejected: 0, Time: 02:53
2021-Mar-23 15:51:10: New job from eth-eu2.nanopool.org:9433
2021-Mar-23 15:51:10: Ethereum - Total speed: 59.775 MH/s, Total shares: 1 Rejected: 0, Time: 02:56
2021-Mar-23 15:51:10: GPU0 t=51°C fan 30% power 127.39W. Total power: 127.39W
2021-Mar-23 15:51:12: New job from eth-eu2.nanopool.org:9433
2021-Mar-23 15:51:12: Ethereum - Total speed: 59.844 MH/s, Total shares: 1 Rejected: 0, Time: 02:59
2021-Mar-23 15:51:12: Ethereum last 10 min - Total: 57.986 MH/s.
2021-Mar-23 15:51:15: New job from eth-eu2.nanopool.org:9433
2021-Mar-23 15:51:15: Ethereum - Total speed: 59.905 MH/s, Total shares: 1 Rejected: 0, Time: 03:02
2021-Mar-23 15:51:15: GPU0 t=51°C fan 30% power 127.31W. Total power: 127.31W
2021-Mar-23 15:51:18: New job from eth-eu2.nanopool.org:9433
2021-Mar-23 15:51:18: Ethereum - Total speed: 59.952 MH/s, Total shares: 1 Rejected: 0, Time: 03:05
2021-Mar-23 15:51:22: New job from eth-eu2.nanopool.org:9433
2021-Mar-23 15:51:22: Ethereum - Total speed: 60.005 MH/s, Total shares: 1 Rejected: 0, Time: 03:08
2021-Mar-23 15:51:22: GPU0 t=51°C fan 30% power 127.38W. Total power: 127.38W
2021-Mar-23 15:51:24: New job from eth-eu2.nanopool.org:9433
2021-Mar-23 15:51:24: Ethereum - Total speed: 60.049 MH/s, Total shares: 1 Rejected: 0, Time: 03:11
2021-Mar-23 15:51:24: Ethereum last 10 min - Total: 58.117 MH/s.
2021-Mar-23 15:51:27: New job from eth-eu2.nanopool.org:9433
2021-Mar-23 15:51:27: Ethereum - Total speed: 60.090 MH/s, Total shares: 1 Rejected: 0, Time: 03:14
2021-Mar-23 15:51:27: GPU0 t=52°C fan 30% power 127.39W. Total power: 127.39W
2021-Mar-23 15:51:30: New job from eth-eu2.nanopool.org:9433
2021-Mar-23 15:51:30: Ethereum - Total speed: 60.129 MH/s, Total shares: 1 Rejected: 0, Time: 03:17
2021-Mar-23 15:51:34: New job from eth-eu2.nanopool.org:9433
2021-Mar-23 15:51:34: Ethereum - Total speed: 60.154 MH/s, Total shares: 1 Rejected: 0, Time: 03:20
2021-Mar-23 15:51:34: GPU0 t=52°C fan 30% power 127.27W. Total power: 127.27W
2021-Mar-23 15:51:36: New job from eth-eu2.nanopool.org:9433
2021-Mar-23 15:51:36: Ethereum - Total speed: 60.187 MH/s, Total shares: 1 Rejected: 0, Time: 03:23
2021-Mar-23 15:51:36: Ethereum last 10 min - Total: 58.242 MH/s.
2021-Mar-23 15:51:39: New job from eth-eu2.nanopool.org:9433
2021-Mar-23 15:51:39: Ethereum - Total speed: 60.208 MH/s, Total shares: 1 Rejected: 0, Time: 03:26
2021-Mar-23 15:51:39: GPU0 t=52°C fan 30% power 127.37W. Total power: 127.37W
2021-Mar-23 15:51:42: New job from eth-eu2.nanopool.org:9433
2021-Mar-23 15:51:42: Ethereum - Total speed: 60.228 MH/s, Total shares: 1 Rejected: 0, Time: 03:29
2021-Mar-23 15:51:45: New job from eth-eu2.nanopool.org:9433
2021-Mar-23 15:51:45: Ethereum - Total speed: 60.250 MH/s, Total shares: 1 Rejected: 0, Time: 03:32
2021-Mar-23 15:51:45: GPU0 t=52°C fan 30% power 127.28W. Total power: 127.28W
2021-Mar-23 15:51:45: New job from eth-eu2.nanopool.org:9433
2021-Mar-23 15:51:45: Ethereum - Total speed: 60.250 MH/s, Total shares: 1 Rejected: 0, Time: 03:32
2021-Mar-23 15:51:45: Ethereum last 10 min - Total: 58.332 MH/s.
2021-Mar-23 15:51:45: New job from eth-eu2.nanopool.org:9433
2021-Mar-23 15:51:45: Ethereum - Total speed: 60.269 MH/s, Total shares: 1 Rejected: 0, Time: 03:32
2021-Mar-23 15:51:45: GPU0 t=52°C fan 30% power 127.24W. Total power: 127.24W
2021-Mar-23 15:51:48: New job from eth-eu2.nanopool.org:9433
2021-Mar-23 15:51:48: Ethereum - Total speed: 60.164 MH/s, Total shares: 1 Rejected: 0, Time: 03:35
2021-Mar-23 15:51:51: New job from eth-eu2.nanopool.org:9433
2021-Mar-23 15:51:51: Ethereum - Total speed: 60.188 MH/s, Total shares: 1 Rejected: 0, Time: 03:38
2021-Mar-23 15:51:51: GPU0 t=52°C fan 30% power 127.34W. Total power: 127.34W
2021-Mar-23 15:51:54: New job from eth-eu2.nanopool.org:9433
2021-Mar-23 15:51:54: Ethereum - Total speed: 60.221 MH/s, Total shares: 1 Rejected: 0, Time: 03:41
2021-Mar-23 15:51:54: Ethereum last 10 min - Total: 58.413 MH/s.
2021-Mar-23 15:51:58: New job from eth-eu2.nanopool.org:9433
2021-Mar-23 15:51:58: Ethereum - Total speed: 60.241 MH/s, Total shares: 1 Rejected: 0, Time: 03:44
2021-Mar-23 15:51:58: GPU0 t=52°C fan 30% power 127.42W. Total power: 127.42W
2021-Mar-23 15:52:00: New job from eth-eu2.nanopool.org:9433
2021-Mar-23 15:52:00: Ethereum - Total speed: 60.258 MH/s, Total shares: 1 Rejected: 0, Time: 03:47
2021-Mar-23 15:52:03: New job from eth-eu2.nanopool.org:9433
2021-Mar-23 15:52:03: Ethereum - Total speed: 60.273 MH/s, Total shares: 1 Rejected: 0, Time: 03:50
2021-Mar-23 15:52:03: GPU0 t=52°C fan 30% power 127.42W. Total power: 127.42W
2021-Mar-23 15:52:06: New job from eth-eu2.nanopool.org:9433
2021-Mar-23 15:52:06: Ethereum - Total speed: 60.283 MH/s, Total shares: 1 Rejected: 0, Time: 03:53
2021-Mar-23 15:52:06: Ethereum last 10 min - Total: 58.512 MH/s.
2021-Mar-23 15:52:09: New job from eth-eu2.nanopool.org:9433
2021-Mar-23 15:52:09: Ethereum - Total speed: 60.298 MH/s, Total shares: 1 Rejected: 0, Time: 03:56
2021-Mar-23 15:52:09: GPU0 t=52°C fan 30% power 127.28W. Total power: 127.28W
2021-Mar-23 15:52:13: New job from eth-eu2.nanopool.org:9433
2021-Mar-23 15:52:13: Ethereum - Total speed: 60.316 MH/s, Total shares: 1 Rejected: 0, Time: 03:59
2021-Mar-23 15:52:15: New job from eth-eu2.nanopool.org:9433
2021-Mar-23 15:52:15: Ethereum - Total speed: 60.324 MH/s, Total shares: 1 Rejected: 0, Time: 04:02
2021-Mar-23 15:52:15: GPU0 t=52°C fan 30% power 127.31W. Total power: 127.31W
2021-Mar-23 15:52:18: New job from eth-eu2.nanopool.org:9433
2021-Mar-23 15:52:18: Ethereum - Total speed: 60.337 MH/s, Total shares: 1 Rejected: 0, Time: 04:05
2021-Mar-23 15:52:18: Ethereum last 10 min - Total: 58.602 MH/s.
2021-Mar-23 15:52:18: New job from eth-eu2.nanopool.org:9433
2021-Mar-23 15:52:18: Ethereum - Total speed: 60.347 MH/s, Total shares: 1 Rejected: 0, Time: 04:05
2021-Mar-23 15:52:18: GPU0 t=52°C fan 30% power 127.30W. Total power: 127.30W
2021-Mar-23 15:52:21: New job from eth-eu2.nanopool.org:9433
2021-Mar-23 15:52:21: Ethereum - Total speed: 60.227 MH/s, Total shares: 1 Rejected: 0, Time: 04:08
2021-Mar-23 15:52:24: New job from eth-eu2.nanopool.org:9433
2021-Mar-23 15:52:24: Ethereum - Total speed: 60.250 MH/s, Total shares: 1 Rejected: 0, Time: 04:11
2021-Mar-23 15:52:24: GPU0 t=53°C fan 30% power 127.37W. Total power: 127.37W
2021-Mar-23 15:52:27: New job from eth-eu2.nanopool.org:9433
2021-Mar-23 15:52:27: Ethereum - Total speed: 60.271 MH/s, Total shares: 1 Rejected: 0, Time: 04:14
2021-Mar-23 15:52:27: Ethereum last 10 min - Total: 58.664 MH/s.
2021-Mar-23 15:52:31: New job from eth-eu2.nanopool.org:9433
2021-Mar-23 15:52:31: Ethereum - Total speed: 60.287 MH/s, Total shares: 1 Rejected: 0, Time: 04:18
2021-Mar-23 15:52:31: GPU0 t=53°C fan 30% power 127.42W. Total power: 127.42W
2021-Mar-23 15:52:31: New job from eth-eu2.nanopool.org:9433
2021-Mar-23 15:52:31: Ethereum - Total speed: 60.306 MH/s, Total shares: 1 Rejected: 0, Time: 04:18
2021-Mar-23 15:52:34: New job from eth-eu2.nanopool.org:9433
2021-Mar-23 15:52:34: Ethereum - Total speed: 60.268 MH/s, Total shares: 1 Rejected: 0, Time: 04:21
2021-Mar-23 15:52:34: GPU0 t=53°C fan 30% power 127.32W. Total power: 127.32W
2021-Mar-23 15:52:37: New job from eth-eu2.nanopool.org:9433
2021-Mar-23 15:52:37: Ethereum - Total speed: 60.293 MH/s, Total shares: 1 Rejected: 0, Time: 04:24
2021-Mar-23 15:52:37: Ethereum last 10 min - Total: 58.730 MH/s.
2021-Mar-23 15:52:38: New job from eth-eu2.nanopool.org:9433
2021-Mar-23 15:52:38: Ethereum - Total speed: 60.307 MH/s, Total shares: 1 Rejected: 0, Time: 04:24
2021-Mar-23 15:52:38: GPU0 t=53°C fan 30% power 127.34W. Total power: 127.34W
2021-Mar-23 15:52:38: New job from eth-eu2.nanopool.org:9433
2021-Mar-23 15:52:38: Ethereum - Total speed: 60.295 MH/s, Total shares: 1 Rejected: 0, Time: 04:25
2021-Mar-23 15:52:38: New job from eth-eu2.nanopool.org:9433
2021-Mar-23 15:52:38: Ethereum - Total speed: 60.228 MH/s, Total shares: 1 Rejected: 0, Time: 04:25
2021-Mar-23 15:52:38: GPU0 t=53°C fan 30% power 127.36W. Total power: 127.36W
2021-Mar-23 15:52:41: New job from eth-eu2.nanopool.org:9433
2021-Mar-23 15:52:41: Ethereum - Total speed: 60.200 MH/s, Total shares: 1 Rejected: 0, Time: 04:27
2021-Mar-23 15:52:41: Ethereum last 10 min - Total: 58.750 MH/s.
2021-Mar-23 15:52:43: New job from eth-eu2.nanopool.org:9433
2021-Mar-23 15:52:43: Ethereum - Total speed: 60.225 MH/s, Total shares: 1 Rejected: 0, Time: 04:30
2021-Mar-23 15:52:43: GPU0 t=53°C fan 30% power 127.22W. Total power: 127.22W
2021-Mar-23 15:52:43: New job from eth-eu2.nanopool.org:9433
2021-Mar-23 15:52:43: Ethereum - Total speed: 60.245 MH/s, Total shares: 1 Rejected: 0, Time: 04:30
2021-Mar-23 15:52:46: New job from eth-eu2.nanopool.org:9433
2021-Mar-23 15:52:46: Ethereum - Total speed: 60.225 MH/s, Total shares: 1 Rejected: 0, Time: 04:33
2021-Mar-23 15:52:46: GPU0 t=53°C fan 30% power 127.33W. Total power: 127.33W
2021-Mar-23 15:52:47: New job from eth-eu2.nanopool.org:9433
2021-Mar-23 15:52:47: Ethereum - Total speed: 60.244 MH/s, Total shares: 1 Rejected: 0, Time: 04:33
2021-Mar-23 15:52:47: Ethereum last 10 min - Total: 58.783 MH/s.
2021-Mar-23 15:52:48: New job from eth-eu2.nanopool.org:9433
2021-Mar-23 15:52:48: Ethereum - Total speed: 60.233 MH/s, Total shares: 1 Rejected: 0, Time: 04:34
2021-Mar-23 15:52:48: GPU0 t=53°C fan 30% power 127.15W. Total power: 127.15W
2021-Mar-23 15:52:48: New job from eth-eu2.nanopool.org:9433
2021-Mar-23 15:52:48: Ethereum - Total speed: 60.240 MH/s, Total shares: 1 Rejected: 0, Time: 04:35
2021-Mar-23 15:52:48: New job from eth-eu2.nanopool.org:9433
2021-Mar-23 15:52:48: Ethereum - Total speed: 60.218 MH/s, Total shares: 1 Rejected: 0, Time: 04:35
2021-Mar-23 15:52:48: GPU0 t=53°C fan 30% power 127.37W. Total power: 127.37W
2021-Mar-23 15:52:51: New job from eth-eu2.nanopool.org:9433
2021-Mar-23 15:52:51: Ethereum - Total speed: 60.236 MH/s, Total shares: 1 Rejected: 0, Time: 04:37
2021-Mar-23 15:52:51: Ethereum last 10 min - Total: 58.805 MH/s.
2021-Mar-23 15:52:54: New job from eth-eu2.nanopool.org:9433
2021-Mar-23 15:52:54: Ethereum - Total speed: 60.256 MH/s, Total shares: 1 Rejected: 0, Time: 04:41
2021-Mar-23 15:52:54: GPU0 t=53°C fan 30% power 127.29W. Total power: 127.29W
2021-Mar-23 15:52:57: New job from eth-eu2.nanopool.org:9433
2021-Mar-23 15:52:57: Ethereum - Total speed: 60.282 MH/s, Total shares: 1 Rejected: 0, Time: 04:44
2021-Mar-23 15:53:00: New job from eth-eu2.nanopool.org:9433
2021-Mar-23 15:53:00: Ethereum - Total speed: 60.293 MH/s, Total shares: 1 Rejected: 0, Time: 04:47
2021-Mar-23 15:53:00: GPU0 t=53°C fan 30% power 127.17W. Total power: 127.17W
2021-Mar-23 15:53:03: New job from eth-eu2.nanopool.org:9433
2021-Mar-23 15:53:03: Ethereum - Total speed: 60.305 MH/s, Total shares: 1 Rejected: 0, Time: 04:49
2021-Mar-23 15:53:03: Ethereum last 10 min - Total: 58.868 MH/s.
2021-Mar-23 15:53:06: New job from eth-eu2.nanopool.org:9433
2021-Mar-23 15:53:06: Ethereum - Total speed: 60.322 MH/s, Total shares: 1 Rejected: 0, Time: 04:52
2021-Mar-23 15:53:06: GPU0 t=53°C fan 30% power 127.32W. Total power: 127.32W
2021-Mar-23 15:53:07: New job from eth-eu2.nanopool.org:9433
2021-Mar-23 15:53:07: Ethereum - Total speed: 60.332 MH/s, Total shares: 1 Rejected: 0, Time: 04:54
2021-Mar-23 15:53:08: New job from eth-eu2.nanopool.org:9433
2021-Mar-23 15:53:08: Ethereum - Total speed: 60.348 MH/s, Total shares: 1 Rejected: 0, Time: 04:54
2021-Mar-23 15:53:08: GPU0 t=53°C fan 30% power 127.30W. Total power: 127.30W
2021-Mar-23 15:53:10: New job from eth-eu2.nanopool.org:9433
2021-Mar-23 15:53:10: Ethereum - Total speed: 60.364 MH/s, Total shares: 1 Rejected: 0, Time: 04:57
2021-Mar-23 15:53:10: Ethereum last 10 min - Total: 58.907 MH/s.
2021-Mar-23 15:53:13: New job from eth-eu2.nanopool.org:9433
2021-Mar-23 15:53:13: Ethereum - Total speed: 60.366 MH/s, Total shares: 1 Rejected: 0, Time: 05:00
2021-Mar-23 15:53:13: GPU0 t=53°C fan 30% power 127.36W. Total power: 127.36W
2021-Mar-23 15:53:16: New job from eth-eu2.nanopool.org:9433
2021-Mar-23 15:53:16: Ethereum - Total speed: 60.376 MH/s, Total shares: 1 Rejected: 0, Time: 05:03
2021-Mar-23 15:53:20: New job from eth-eu2.nanopool.org:9433
2021-Mar-23 15:53:20: Ethereum - Total speed: 60.384 MH/s, Total shares: 1 Rejected: 0, Time: 05:06
2021-Mar-23 15:53:20: GPU0 t=53°C fan 30% power 127.43W. Total power: 127.43W
2021-Mar-23 15:53:23: New job from eth-eu2.nanopool.org:9433
2021-Mar-23 15:53:23: Ethereum - Total speed: 60.390 MH/s, Total shares: 1 Rejected: 0, Time: 05:09
2021-Mar-23 15:53:23: Ethereum last 10 min - Total: 58.967 MH/s.
2021-Mar-23 15:53:24: New job from eth-eu2.nanopool.org:9433
2021-Mar-23 15:53:24: Ethereum - Total speed: 60.401 MH/s, Total shares: 1 Rejected: 0, Time: 05:10
2021-Mar-23 15:53:24: GPU0 t=53°C fan 30% power 127.44W. Total power: 127.44W
2021-Mar-23 15:53:24: New job from eth-eu2.nanopool.org:9433
2021-Mar-23 15:53:24: Ethereum - Total speed: 60.395 MH/s, Total shares: 1 Rejected: 0, Time: 05:10
2021-Mar-23 15:53:27: New job from eth-eu2.nanopool.org:9433
2021-Mar-23 15:53:27: Ethereum - Total speed: 60.249 MH/s, Total shares: 1 Rejected: 0, Time: 05:13
2021-Mar-23 15:53:27: GPU0 t=53°C fan 30% power 127.35W. Total power: 127.35W
2021-Mar-23 15:53:30: New job from eth-eu2.nanopool.org:9433
2021-Mar-23 15:53:30: Ethereum - Total speed: 60.274 MH/s, Total shares: 1 Rejected: 0, Time: 05:16
2021-Mar-23 15:53:30: Ethereum last 10 min - Total: 58.999 MH/s.
2021-Mar-23 15:53:33: New job from eth-eu2.nanopool.org:9433
2021-Mar-23 15:53:33: Ethereum - Total speed: 60.292 MH/s, Total shares: 1 Rejected: 0, Time: 05:20
2021-Mar-23 15:53:33: GPU0 t=54°C fan 30% power 127.34W. Total power: 127.34W
2021-Mar-23 15:53:36: New job from eth-eu2.nanopool.org:9433
2021-Mar-23 15:53:36: Ethereum - Total speed: 60.305 MH/s, Total shares: 1 Rejected: 0, Time: 05:22
2021-Mar-23 15:53:38: New job from eth-eu2.nanopool.org:9433
2021-Mar-23 15:53:38: Ethereum - Total speed: 60.319 MH/s, Total shares: 1 Rejected: 0, Time: 05:25
2021-Mar-23 15:53:38: GPU0 t=54°C fan 30% power 127.42W. Total power: 127.42W
2021-Mar-23 15:53:38: New job from eth-eu2.nanopool.org:9433
2021-Mar-23 15:53:38: Ethereum - Total speed: 60.325 MH/s, Total shares: 1 Rejected: 0, Time: 05:25
2021-Mar-23 15:53:38: Ethereum last 10 min - Total: 59.034 MH/s.
2021-Mar-23 15:53:42: New job from eth-eu2.nanopool.org:9433
2021-Mar-23 15:53:42: Ethereum - Total speed: 60.268 MH/s, Total shares: 1 Rejected: 0, Time: 05:29
2021-Mar-23 15:53:42: GPU0 t=54°C fan 31% power 127.25W. Total power: 127.25W
2021-Mar-23 15:53:42: New job from eth-eu2.nanopool.org:9433
2021-Mar-23 15:53:42: Ethereum - Total speed: 60.278 MH/s, Total shares: 1 Rejected: 0, Time: 05:29
2021-Mar-23 15:53:43: New job from eth-eu2.nanopool.org:9433
2021-Mar-23 15:53:43: Ethereum - Total speed: 60.188 MH/s, Total shares: 1 Rejected: 0, Time: 05:29
2021-Mar-23 15:53:43: GPU0 t=54°C fan 31% power 127.39W. Total power: 127.39W
2021-Mar-23 15:53:46: New job from eth-eu2.nanopool.org:9433
2021-Mar-23 15:53:46: Ethereum - Total speed: 60.183 MH/s, Total shares: 1 Rejected: 0, Time: 05:33
2021-Mar-23 15:53:46: Ethereum last 10 min - Total: 59.063 MH/s.
2021-Mar-23 15:53:49: New job from eth-eu2.nanopool.org:9433
2021-Mar-23 15:53:49: Ethereum - Total speed: 60.207 MH/s, Total shares: 1 Rejected: 0, Time: 05:35
2021-Mar-23 15:53:49: GPU0 t=54°C fan 30% power 127.34W. Total power: 127.34W
2021-Mar-23 15:53:52: New job from eth-eu2.nanopool.org:9433
2021-Mar-23 15:53:52: Ethereum - Total speed: 60.224 MH/s, Total shares: 1 Rejected: 0, Time: 05:38
2021-Mar-23 15:53:55: New job from eth-eu2.nanopool.org:9433
2021-Mar-23 15:53:55: Ethereum - Total speed: 60.112 MH/s, Total shares: 1 Rejected: 0, Time: 05:41
2021-Mar-23 15:53:55: GPU0 t=54°C fan 30% power 127.36W. Total power: 127.36W
2021-Mar-23 15:53:58: New job from eth-eu2.nanopool.org:9433
2021-Mar-23 15:53:58: Ethereum - Total speed: 60.012 MH/s, Total shares: 1 Rejected: 0, Time: 05:44
2021-Mar-23 15:53:58: Ethereum last 10 min - Total: 59.101 MH/s.
2021-Mar-23 15:53:59: New job from eth-eu2.nanopool.org:9433
2021-Mar-23 15:53:59: Ethereum - Total speed: 60.037 MH/s, Total shares: 1 Rejected: 0, Time: 05:46
2021-Mar-23 15:53:59: GPU0 t=54°C fan 30% power 127.31W. Total power: 127.31W
2021-Mar-23 15:53:59: New job from eth-eu2.nanopool.org:9433
2021-Mar-23 15:53:59: Ethereum - Total speed: 60.053 MH/s, Total shares: 1 Rejected: 0, Time: 05:46
2021-Mar-23 15:54:03: New job from eth-eu2.nanopool.org:9433
2021-Mar-23 15:54:03: Ethereum - Total speed: 60.044 MH/s, Total shares: 1 Rejected: 0, Time: 05:49
2021-Mar-23 15:54:03: GPU0 t=54°C fan 30% power 127.48W. Total power: 127.48W
2021-Mar-23 15:54:05: New job from eth-eu2.nanopool.org:9433
2021-Mar-23 15:54:05: Ethereum - Total speed: 60.044 MH/s, Total shares: 1 Rejected: 0, Time: 05:52
2021-Mar-23 15:54:05: Ethereum last 10 min - Total: 59.123 MH/s.
2021-Mar-23 15:54:08: New job from eth-eu2.nanopool.org:9433
2021-Mar-23 15:54:08: Ethereum - Total speed: 60.081 MH/s, Total shares: 1 Rejected: 0, Time: 05:54
2021-Mar-23 15:54:08: GPU0 t=54°C fan 30% power 127.21W. Total power: 127.21W
2021-Mar-23 15:54:08: New job from eth-eu2.nanopool.org:9433
2021-Mar-23 15:54:08: Ethereum - Total speed: 60.119 MH/s, Total shares: 1 Rejected: 0, Time: 05:54
2021-Mar-23 15:54:10: New job from eth-eu2.nanopool.org:9433
2021-Mar-23 15:54:10: Ethereum - Total speed: 59.980 MH/s, Total shares: 1 Rejected: 0, Time: 05:57
2021-Mar-23 15:54:10: GPU0 t=54°C fan 30% power 127.45W. Total power: 127.45W
2021-Mar-23 15:54:10: New job from eth-eu2.nanopool.org:9433
2021-Mar-23 15:54:10: Ethereum - Total speed: 60.024 MH/s, Total shares: 1 Rejected: 0, Time: 05:57
2021-Mar-23 15:54:10: Ethereum last 10 min - Total: 59.136 MH/s.
2021-Mar-23 15:54:13: New job from eth-eu2.nanopool.org:9433
2021-Mar-23 15:54:13: Ethereum - Total speed: 59.952 MH/s, Total shares: 1 Rejected: 0, Time: 06:00
2021-Mar-23 15:54:13: GPU0 t=54°C fan 30% power 127.33W. Total power: 127.33W
2021-Mar-23 15:54:16: New job from eth-eu2.nanopool.org:9433
2021-Mar-23 15:54:16: Ethereum - Total speed: 60.001 MH/s, Total shares: 1 Rejected: 0, Time: 06:03
2021-Mar-23 15:54:16: New job from eth-eu2.nanopool.org:9433
2021-Mar-23 15:54:16: Ethereum - Total speed: 60.045 MH/s, Total shares: 1 Rejected: 0, Time: 06:03
2021-Mar-23 15:54:16: GPU0 t=54°C fan 30% power 127.21W. Total power: 127.21W
2021-Mar-23 15:54:19: New job from eth-eu2.nanopool.org:9433
2021-Mar-23 15:54:19: Ethereum - Total speed: 60.056 MH/s, Total shares: 1 Rejected: 0, Time: 06:06
2021-Mar-23 15:54:19: Ethereum last 10 min - Total: 59.158 MH/s.
2021-Mar-23 15:54:23: New job from eth-eu2.nanopool.org:9433
2021-Mar-23 15:54:23: Ethereum - Total speed: 60.090 MH/s, Total shares: 1 Rejected: 0, Time: 06:09
2021-Mar-23 15:54:23: GPU0 t=54°C fan 30% power 127.37W. Total power: 127.37W
2021-Mar-23 15:54:25: New job from eth-eu2.nanopool.org:9433
2021-Mar-23 15:54:25: Ethereum - Total speed: 60.127 MH/s, Total shares: 1 Rejected: 0, Time: 06:11
2021-Mar-23 15:54:25: New job from eth-eu2.nanopool.org:9433
2021-Mar-23 15:54:25: Ethereum - Total speed: 60.074 MH/s, Total shares: 1 Rejected: 0, Time: 06:11
2021-Mar-23 15:54:25: GPU0 t=54°C fan 30% power 127.15W. Total power: 127.15W
2021-Mar-23 15:54:28: New job from eth-eu2.nanopool.org:9433
2021-Mar-23 15:54:28: Ethereum - Total speed: 60.041 MH/s, Total shares: 1 Rejected: 0, Time: 06:15
2021-Mar-23 15:54:28: Ethereum last 10 min - Total: 59.181 MH/s.
2021-Mar-23 15:54:29: New job from eth-eu2.nanopool.org:9433
2021-Mar-23 15:54:29: Ethereum - Total speed: 60.081 MH/s, Total shares: 1 Rejected: 0, Time: 06:15
2021-Mar-23 15:54:29: GPU0 t=54°C fan 30% power 127.36W. Total power: 127.36W
2021-Mar-23 15:54:29: New job from eth-eu2.nanopool.org:9433
2021-Mar-23 15:54:29: Ethereum - Total speed: 60.040 MH/s, Total shares: 1 Rejected: 0, Time: 06:15
2021-Mar-23 15:54:32: New job from eth-eu2.nanopool.org:9433
2021-Mar-23 15:54:32: Ethereum - Total speed: 59.983 MH/s, Total shares: 1 Rejected: 0, Time: 06:18
2021-Mar-23 15:54:32: GPU0 t=54°C fan 30% power 127.28W. Total power: 127.28W
2021-Mar-23 15:54:35: New job from eth-eu2.nanopool.org:9433
2021-Mar-23 15:54:35: Ethereum - Total speed: 60.037 MH/s, Total shares: 1 Rejected: 0, Time: 06:21
2021-Mar-23 15:54:35: Ethereum last 10 min - Total: 59.195 MH/s.
2021-Mar-23 15:54:38: New job from eth-eu2.nanopool.org:9433
2021-Mar-23 15:54:38: Ethereum - Total speed: 60.079 MH/s, Total shares: 1 Rejected: 0, Time: 06:25
2021-Mar-23 15:54:38: GPU0 t=54°C fan 30% power 127.29W. Total power: 127.29W
2021-Mar-23 15:54:41: New job from eth-eu2.nanopool.org:9433
2021-Mar-23 15:54:41: Ethereum - Total speed: 60.109 MH/s, Total shares: 1 Rejected: 0, Time: 06:27
2021-Mar-23 15:54:44: New job from eth-eu2.nanopool.org:9433
2021-Mar-23 15:54:44: Ethereum - Total speed: 60.149 MH/s, Total shares: 1 Rejected: 0, Time: 06:31
2021-Mar-23 15:54:44: GPU0 t=54°C fan 30% power 127.14W. Total power: 127.14W
2021-Mar-23 15:54:47: New job from eth-eu2.nanopool.org:9433
2021-Mar-23 15:54:47: Ethereum - Total speed: 60.172 MH/s, Total shares: 1 Rejected: 0, Time: 06:33
2021-Mar-23 15:54:47: Ethereum last 10 min - Total: 59.224 MH/s.
2021-Mar-23 15:54:50: New job from eth-eu2.nanopool.org:9433
2021-Mar-23 15:54:50: Ethereum - Total speed: 60.207 MH/s, Total shares: 1 Rejected: 0, Time: 06:36
2021-Mar-23 15:54:50: GPU0 t=54°C fan 30% power 127.30W. Total power: 127.30W
2021-Mar-23 15:54:53: New job from eth-eu2.nanopool.org:9433
2021-Mar-23 15:54:53: Ethereum - Total speed: 60.236 MH/s, Total shares: 1 Rejected: 0, Time: 06:39
2021-Mar-23 15:54:56: New job from eth-eu2.nanopool.org:9433
2021-Mar-23 15:54:56: Ethereum - Total speed: 60.254 MH/s, Total shares: 1 Rejected: 0, Time: 06:42
2021-Mar-23 15:54:56: GPU0 t=54°C fan 31% power 127.32W. Total power: 127.32W
2021-Mar-23 15:54:59: New job from eth-eu2.nanopool.org:9433
2021-Mar-23 15:54:59: Ethereum - Total speed: 60.278 MH/s, Total shares: 1 Rejected: 0, Time: 06:45
2021-Mar-23 15:54:59: Ethereum last 10 min - Total: 59.255 MH/s.
2021-Mar-23 15:55:00: New job from eth-eu2.nanopool.org:9433
2021-Mar-23 15:55:00: Ethereum - Total speed: 60.295 MH/s, Total shares: 1 Rejected: 0, Time: 06:47
2021-Mar-23 15:55:00: GPU0 t=54°C fan 31% power 127.36W. Total power: 127.36W
2021-Mar-23 15:55:04: New job from eth-eu2.nanopool.org:9433
2021-Mar-23 15:55:04: Ethereum - Total speed: 60.282 MH/s, Total shares: 1 Rejected: 0, Time: 06:50
2021-Mar-23 15:55:06: New job from eth-eu2.nanopool.org:9433
2021-Mar-23 15:55:06: Ethereum - Total speed: 60.306 MH/s, Total shares: 1 Rejected: 0, Time: 06:52
2021-Mar-23 15:55:06: GPU0 t=54°C fan 31% power 127.48W. Total power: 127.48W
2021-Mar-23 15:55:09: New job from eth-eu2.nanopool.org:9433
2021-Mar-23 15:55:09: Ethereum - Total speed: 60.319 MH/s, Total shares: 1 Rejected: 0, Time: 06:56
2021-Mar-23 15:55:09: Ethereum last 10 min - Total: 59.281 MH/s.
2021-Mar-23 15:55:12: New job from eth-eu2.nanopool.org:9433
2021-Mar-23 15:55:12: Ethereum - Total speed: 60.325 MH/s, Total shares: 1 Rejected: 0, Time: 06:58
2021-Mar-23 15:55:12: GPU0 t=54°C fan 31% power 127.42W. Total power: 127.42W
2021-Mar-23 15:55:12: New job from eth-eu2.nanopool.org:9433
2021-Mar-23 15:55:12: Ethereum - Total speed: 60.344 MH/s, Total shares: 1 Rejected: 0, Time: 06:59
2021-Mar-23 15:55:15: New job from eth-eu2.nanopool.org:9433
2021-Mar-23 15:55:15: Ethereum - Total speed: 60.281 MH/s, Total shares: 1 Rejected: 0, Time: 07:01
2021-Mar-23 15:55:15: GPU0 t=54°C fan 30% power 127.32W. Total power: 127.32W
2021-Mar-23 15:55:18: New job from eth-eu2.nanopool.org:9433
2021-Mar-23 15:55:18: Ethereum - Total speed: 60.296 MH/s, Total shares: 1 Rejected: 0, Time: 07:05
2021-Mar-23 15:55:18: Ethereum last 10 min - Total: 59.303 MH/s.
2021-Mar-23 15:55:21: New job from eth-eu2.nanopool.org:9433
2021-Mar-23 15:55:21: Ethereum - Total speed: 60.311 MH/s, Total shares: 1 Rejected: 0, Time: 07:08
2021-Mar-23 15:55:21: GPU0 t=54°C fan 31% power 127.41W. Total power: 127.41W
2021-Mar-23 15:55:24: New job from eth-eu2.nanopool.org:9433
2021-Mar-23 15:55:24: Ethereum - Total speed: 60.329 MH/s, Total shares: 1 Rejected: 0, Time: 07:10
2021-Mar-23 15:55:27: New job from eth-eu2.nanopool.org:9433
2021-Mar-23 15:55:27: Ethereum - Total speed: 60.338 MH/s, Total shares: 1 Rejected: 0, Time: 07:13
2021-Mar-23 15:55:27: GPU0 t=54°C fan 31% power 127.22W. Total power: 127.22W
2021-Mar-23 15:55:29: New job from eth-eu2.nanopool.org:9433
2021-Mar-23 15:55:29: Ethereum - Total speed: 60.348 MH/s, Total shares: 1 Rejected: 0, Time: 07:16
2021-Mar-23 15:55:29: Ethereum last 10 min - Total: 59.330 MH/s.
2021-Mar-23 15:55:29: New job from eth-eu2.nanopool.org:9433
2021-Mar-23 15:55:29: Ethereum - Total speed: 60.361 MH/s, Total shares: 1 Rejected: 0, Time: 07:16
2021-Mar-23 15:55:29: GPU0 t=54°C fan 31% power 127.35W. Total power: 127.35W
2021-Mar-23 15:55:32: New job from eth-eu2.nanopool.org:9433
2021-Mar-23 15:55:32: Ethereum - Total speed: 60.318 MH/s, Total shares: 1 Rejected: 0, Time: 07:19
2021-Mar-23 15:55:35: New job from eth-eu2.nanopool.org:9433
2021-Mar-23 15:55:35: Ethereum - Total speed: 60.331 MH/s, Total shares: 1 Rejected: 0, Time: 07:22
2021-Mar-23 15:55:35: GPU0 t=54°C fan 31% power 127.40W. Total power: 127.40W
2021-Mar-23 15:55:39: New job from eth-eu2.nanopool.org:9433
2021-Mar-23 15:55:39: Ethereum - Total speed: 60.340 MH/s, Total shares: 1 Rejected: 0, Time: 07:25
2021-Mar-23 15:55:39: Ethereum last 10 min - Total: 59.352 MH/s.
2021-Mar-23 15:55:41: New job from eth-eu2.nanopool.org:9433
2021-Mar-23 15:55:41: Ethereum - Total speed: 60.353 MH/s, Total shares: 1 Rejected: 0, Time: 07:27
2021-Mar-23 15:55:41: GPU0 t=54°C fan 31% power 127.36W. Total power: 127.36W
2021-Mar-23 15:55:41: New job from eth-eu2.nanopool.org:9433
2021-Mar-23 15:55:41: Ethereum - Total speed: 60.361 MH/s, Total shares: 1 Rejected: 0, Time: 07:27
2021-Mar-23 15:55:43: New job from eth-eu2.nanopool.org:9433
2021-Mar-23 15:55:43: Ethereum - Total speed: 60.331 MH/s, Total shares: 1 Rejected: 0, Time: 07:29
2021-Mar-23 15:55:43: GPU0 t=54°C fan 31% power 127.48W. Total power: 127.48W
2021-Mar-23 15:55:44: New job from eth-eu2.nanopool.org:9433
2021-Mar-23 15:55:44: Ethereum - Total speed: 60.339 MH/s, Total shares: 1 Rejected: 0, Time: 07:30
2021-Mar-23 15:55:44: Ethereum last 10 min - Total: 59.363 MH/s.
2021-Mar-23 15:55:44: New job from eth-eu2.nanopool.org:9433
2021-Mar-23 15:55:44: Ethereum - Total speed: 60.334 MH/s, Total shares: 1 Rejected: 0, Time: 07:31
2021-Mar-23 15:55:44: GPU0 t=54°C fan 31% power 127.36W. Total power: 127.36W
2021-Mar-23 15:55:44: New job from eth-eu2.nanopool.org:9433
2021-Mar-23 15:55:44: Ethereum - Total speed: 60.327 MH/s, Total shares: 1 Rejected: 0, Time: 07:31
2021-Mar-23 15:55:48: New job from eth-eu2.nanopool.org:9433
2021-Mar-23 15:55:48: Ethereum - Total speed: 60.310 MH/s, Total shares: 1 Rejected: 0, Time: 07:34
2021-Mar-23 15:55:48: GPU0 t=54°C fan 31% power 127.36W. Total power: 127.36W
2021-Mar-23 15:55:50: New job from eth-eu2.nanopool.org:9433
2021-Mar-23 15:55:50: Ethereum - Total speed: 60.329 MH/s, Total shares: 1 Rejected: 0, Time: 07:37
2021-Mar-23 15:55:50: Ethereum last 10 min - Total: 59.378 MH/s.
2021-Mar-23 15:55:53: New job from eth-eu2.nanopool.org:9433
2021-Mar-23 15:55:53: Ethereum - Total speed: 60.330 MH/s, Total shares: 1 Rejected: 0, Time: 07:40
2021-Mar-23 15:55:53: GPU0 t=54°C fan 31% power 127.30W. Total power: 127.30W
2021-Mar-23 15:55:54: New job from eth-eu2.nanopool.org:9433
2021-Mar-23 15:55:54: Ethereum - Total speed: 60.275 MH/s, Total shares: 1 Rejected: 0, Time: 07:40
2021-Mar-23 15:55:54: New job from eth-eu2.nanopool.org:9433
2021-Mar-23 15:55:54: Ethereum - Total speed: 60.200 MH/s, Total shares: 1 Rejected: 0, Time: 07:41
2021-Mar-23 15:55:54: GPU0 t=54°C fan 31% power 127.24W. Total power: 127.24W
2021-Mar-23 15:55:54: New job from eth-eu2.nanopool.org:9433
2021-Mar-23 15:55:54: Ethereum - Total speed: 60.110 MH/s, Total shares: 1 Rejected: 0, Time: 07:41
2021-Mar-23 15:55:54: Ethereum last 10 min - Total: 59.386 MH/s.
2021-Mar-23 15:55:55: New job from eth-eu2.nanopool.org:9433
2021-Mar-23 15:55:55: Ethereum - Total speed: 60.089 MH/s, Total shares: 1 Rejected: 0, Time: 07:42
2021-Mar-23 15:55:55: GPU0 t=54°C fan 31% power 127.38W. Total power: 127.38W
2021-Mar-23 15:55:56: New job from eth-eu2.nanopool.org:9433
2021-Mar-23 15:55:56: Ethereum - Total speed: 60.012 MH/s, Total shares: 1 Rejected: 0, Time: 07:43
2021-Mar-23 15:55:57: New job from eth-eu2.nanopool.org:9433
2021-Mar-23 15:55:57: Ethereum - Total speed: 60.020 MH/s, Total shares: 1 Rejected: 0, Time: 07:44
2021-Mar-23 15:55:57: GPU0 t=54°C fan 31% power 127.44W. Total power: 127.44W
2021-Mar-23 15:55:59: New job from eth-eu2.nanopool.org:9433
2021-Mar-23 15:55:59: Ethereum - Total speed: 59.970 MH/s, Total shares: 1 Rejected: 0, Time: 07:46
2021-Mar-23 15:55:59: Ethereum last 10 min - Total: 59.393 MH/s.
2021-Mar-23 15:56:02: New job from eth-eu2.nanopool.org:9433
2021-Mar-23 15:56:02: Ethereum - Total speed: 59.943 MH/s, Total shares: 1 Rejected: 0, Time: 07:49
2021-Mar-23 15:56:02: GPU0 t=63°C fan 35% power 223.98W. Total power: 223.98W
2021-Mar-23 15:56:05: New job from eth-eu2.nanopool.org:9433
2021-Mar-23 15:56:05: Ethereum - Total speed: 59.971 MH/s, Total shares: 1 Rejected: 0, Time: 07:52
2021-Mar-23 15:56:08: New job from eth-eu2.nanopool.org:9433
2021-Mar-23 15:56:08: Ethereum - Total speed: 60.036 MH/s, Total shares: 1 Rejected: 0, Time: 07:55
2021-Mar-23 15:56:08: GPU0 t=64°C fan 42% power 225.15W. Total power: 225.15W
2021-Mar-23 15:56:11: New job from eth-eu2.nanopool.org:9433
2021-Mar-23 15:56:11: Ethereum - Total speed: 60.091 MH/s, Total shares: 1 Rejected: 0, Time: 07:58
2021-Mar-23 15:56:11: Ethereum last 10 min - Total: 59.408 MH/s.
2021-Mar-23 15:56:14: New job from eth-eu2.nanopool.org:9433
2021-Mar-23 15:56:14: Ethereum - Total speed: 60.147 MH/s, Total shares: 1 Rejected: 0, Time: 08:01
2021-Mar-23 15:56:14: GPU0 t=64°C fan 44% power 226.44W. Total power: 226.44W
2021-Mar-23 15:56:17: New job from eth-eu2.nanopool.org:9433
2021-Mar-23 15:56:17: Ethereum - Total speed: 60.198 MH/s, Total shares: 1 Rejected: 0, Time: 08:04
2021-Mar-23 15:56:18: New job from eth-eu2.nanopool.org:9433
2021-Mar-23 15:56:18: Ethereum - Total speed: 60.238 MH/s, Total shares: 1 Rejected: 0, Time: 08:04
2021-Mar-23 15:56:18: GPU0 t=65°C fan 45% power 226.43W. Total power: 226.43W
2021-Mar-23 15:56:18: New job from eth-eu2.nanopool.org:9433
2021-Mar-23 15:56:18: Ethereum - Total speed: 60.265 MH/s, Total shares: 1 Rejected: 0, Time: 08:04
2021-Mar-23 15:56:18: Ethereum last 10 min - Total: 59.419 MH/s.
2021-Mar-23 15:56:21: New job from eth-eu2.nanopool.org:9433
2021-Mar-23 15:56:21: Ethereum - Total speed: 60.285 MH/s, Total shares: 1 Rejected: 0, Time: 08:07
2021-Mar-23 15:56:21: GPU0 t=65°C fan 46% power 226.97W. Total power: 226.97W
2021-Mar-23 15:56:24: New job from eth-eu2.nanopool.org:9433
2021-Mar-23 15:56:24: Ethereum - Total speed: 60.320 MH/s, Total shares: 1 Rejected: 0, Time: 08:10
2021-Mar-23 15:56:27: New job from eth-eu2.nanopool.org:9433
2021-Mar-23 15:56:27: Ethereum - Total speed: 60.350 MH/s, Total shares: 1 Rejected: 0, Time: 08:13
2021-Mar-23 15:56:27: GPU0 t=66°C fan 48% power 227.45W. Total power: 227.45W
2021-Mar-23 15:56:29: New job from eth-eu2.nanopool.org:9433
2021-Mar-23 15:56:29: Ethereum - Total speed: 60.383 MH/s, Total shares: 1 Rejected: 0, Time: 08:15
2021-Mar-23 15:56:29: Ethereum last 10 min - Total: 59.439 MH/s.
2021-Mar-23 15:56:32: New job from eth-eu2.nanopool.org:9433
2021-Mar-23 15:56:32: Ethereum - Total speed: 60.407 MH/s, Total shares: 1 Rejected: 0, Time: 08:18
2021-Mar-23 15:56:32: GPU0 t=66°C fan 49% power 228.10W. Total power: 228.10W
2021-Mar-23 15:56:35: New job from eth-eu2.nanopool.org:9433
2021-Mar-23 15:56:35: Ethereum - Total speed: 60.430 MH/s, Total shares: 1 Rejected: 0, Time: 08:21
2021-Mar-23 15:56:38: New job from eth-eu2.nanopool.org:9433
2021-Mar-23 15:56:38: Ethereum - Total speed: 60.448 MH/s, Total shares: 1 Rejected: 0, Time: 08:24
2021-Mar-23 15:56:38: GPU0 t=66°C fan 50% power 228.16W. Total power: 228.16W
2021-Mar-23 15:56:38: New job from eth-eu2.nanopool.org:9433
2021-Mar-23 15:56:38: Ethereum - Total speed: 60.468 MH/s, Total shares: 1 Rejected: 0, Time: 08:24
2021-Mar-23 15:56:38: Ethereum last 10 min - Total: 59.457 MH/s.
2021-Mar-23 15:56:41: New job from eth-eu2.nanopool.org:9433
2021-Mar-23 15:56:41: Ethereum - Total speed: 60.444 MH/s, Total shares: 1 Rejected: 0, Time: 08:27
2021-Mar-23 15:56:41: GPU0 t=66°C fan 50% power 228.78W. Total power: 228.78W
2021-Mar-23 15:56:44: New job from eth-eu2.nanopool.org:9433
2021-Mar-23 15:56:44: Ethereum - Total speed: 60.468 MH/s, Total shares: 1 Rejected: 0, Time: 08:30
2021-Mar-23 15:56:45: New job from eth-eu2.nanopool.org:9433
2021-Mar-23 15:56:45: Ethereum - Total speed: 60.475 MH/s, Total shares: 1 Rejected: 0, Time: 08:32
2021-Mar-23 15:56:45: GPU0 t=66°C fan 51% power 228.73W. Total power: 228.73W
2021-Mar-23 15:56:45: New job from eth-eu2.nanopool.org:9433
2021-Mar-23 15:56:45: Ethereum - Total speed: 60.494 MH/s, Total shares: 1 Rejected: 0, Time: 08:32
2021-Mar-23 15:56:45: Ethereum last 10 min - Total: 59.472 MH/s.
2021-Mar-23 15:56:48: New job from eth-eu2.nanopool.org:9433
2021-Mar-23 15:56:48: Ethereum - Total speed: 60.418 MH/s, Total shares: 1 Rejected: 0, Time: 08:35
2021-Mar-23 15:56:48: GPU0 t=66°C fan 51% power 224.35W. Total power: 224.35W
2021-Mar-23 15:56:51: New job from eth-eu2.nanopool.org:9433
2021-Mar-23 15:56:51: Ethereum - Total speed: 60.340 MH/s, Total shares: 1 Rejected: 0, Time: 08:38
2021-Mar-23 15:56:54: New job from eth-eu2.nanopool.org:9433
2021-Mar-23 15:56:54: Ethereum - Total speed: 60.279 MH/s, Total shares: 1 Rejected: 0, Time: 08:41
2021-Mar-23 15:56:54: GPU0 t=67°C fan 51% power 227.24W. Total power: 227.24W
2021-Mar-23 15:56:58: New job from eth-eu2.nanopool.org:9433
2021-Mar-23 15:56:58: Ethereum - Total speed: 60.257 MH/s, Total shares: 1 Rejected: 0, Time: 08:44
2021-Mar-23 15:56:58: Ethereum last 10 min - Total: 59.493 MH/s.
2021-Mar-23 15:57:01: New job from eth-eu2.nanopool.org:9433
2021-Mar-23 15:57:01: Ethereum - Total speed: 60.293 MH/s, Total shares: 1 Rejected: 0, Time: 08:47
2021-Mar-23 15:57:01: GPU0 t=67°C fan 51% power 229.16W. Total power: 229.16W
2021-Mar-23 15:57:03: New job from eth-eu2.nanopool.org:9433
2021-Mar-23 15:57:03: Ethereum - Total speed: 60.330 MH/s, Total shares: 1 Rejected: 0, Time: 08:50
2021-Mar-23 15:57:07: New job from eth-eu2.nanopool.org:9433
2021-Mar-23 15:57:07: Ethereum - Total speed: 60.364 MH/s, Total shares: 1 Rejected: 0, Time: 08:53
2021-Mar-23 15:57:07: GPU0 t=67°C fan 52% power 229.30W. Total power: 229.30W
2021-Mar-23 15:57:09: [Ethash] ~~~~~~ DevFee begin ~~~~~~
2021-Mar-23 15:57:10: New job from commission host
2021-Mar-23 15:57:10: Ethereum - Total speed: 60.389 MH/s, Total shares: 1 Rejected: 0, Time: 08:56
2021-Mar-23 15:57:10: Ethereum last 10 min - Total: 59.512 MH/s.
2021-Mar-23 15:57:10: New job from commission host
2021-Mar-23 15:57:10: Ethereum - Total speed: 60.415 MH/s, Total shares: 1 Rejected: 0, Time: 08:57
2021-Mar-23 15:57:10: GPU0 t=67°C fan 52% power 229.09W. Total power: 229.09W
2021-Mar-23 15:57:13: New job from commission host
2021-Mar-23 15:57:13: Ethereum - Total speed: 60.387 MH/s, Total shares: 1 Rejected: 0, Time: 08:59
2021-Mar-23 15:57:15: Ethereum - SHARE FOUND (GPU: 0, nonce: 0x1cbffb0254e13c6b).
2021-Mar-23 15:57:16: New job from commission host
2021-Mar-23 15:57:16: Ethereum - Total speed: 60.409 MH/s, Total shares: 1 Rejected: 0, Time: 09:02
2021-Mar-23 15:57:16: GPU0 t=67°C fan 52% power 229.01W. Total power: 229.01W
2021-Mar-23 15:57:16: Ethereum: share accepted (553 ms)!
2021-Mar-23 15:57:19: New job from commission host
2021-Mar-23 15:57:19: Ethereum - Total speed: 60.431 MH/s, Total shares: 2 Rejected: 0, Time: 09:05
2021-Mar-23 15:57:19: Ethereum last 10 min - Total: 59.527 MH/s.
2021-Mar-23 15:57:22: New job from commission host
2021-Mar-23 15:57:22: Ethereum - Total speed: 60.453 MH/s, Total shares: 2 Rejected: 0, Time: 09:08
2021-Mar-23 15:57:22: GPU0 t=67°C fan 52% power 229.35W. Total power: 229.35W
2021-Mar-23 15:57:25: New job from commission host
2021-Mar-23 15:57:25: Ethereum - Total speed: 60.466 MH/s, Total shares: 2 Rejected: 0, Time: 09:11
2021-Mar-23 15:57:28: New job from commission host
2021-Mar-23 15:57:28: Ethereum - Total speed: 60.489 MH/s, Total shares: 2 Rejected: 0, Time: 09:14
2021-Mar-23 15:57:28: GPU0 t=67°C fan 53% power 229.58W. Total power: 229.58W
2021-Mar-23 15:57:31: New job from commission host
2021-Mar-23 15:57:31: Ethereum - Total speed: 60.505 MH/s, Total shares: 2 Rejected: 0, Time: 09:17
2021-Mar-23 15:57:31: Ethereum last 10 min - Total: 59.548 MH/s.
2021-Mar-23 15:57:34: New job from commission host
2021-Mar-23 15:57:34: Ethereum - Total speed: 60.495 MH/s, Total shares: 2 Rejected: 0, Time: 09:20
2021-Mar-23 15:57:34: GPU0 t=67°C fan 53% power 226.98W. Total power: 226.98W
2021-Mar-23 15:57:37: New job from commission host
2021-Mar-23 15:57:37: Ethereum - Total speed: 60.278 MH/s, Total shares: 2 Rejected: 0, Time: 09:23
2021-Mar-23 15:57:40: New job from commission host
2021-Mar-23 15:57:40: Ethereum - Total speed: 59.961 MH/s, Total shares: 2 Rejected: 0, Time: 09:26
2021-Mar-23 15:57:40: GPU0 t=67°C fan 53% power 219.46W. Total power: 219.46W
2021-Mar-23 15:57:42: New job from commission host
2021-Mar-23 15:57:42: Ethereum - Total speed: 59.781 MH/s, Total shares: 2 Rejected: 0, Time: 09:29
2021-Mar-23 15:57:42: Ethereum last 10 min - Total: 59.562 MH/s.
2021-Mar-23 15:57:45: New job from commission host
2021-Mar-23 15:57:45: Ethereum - Total speed: 59.546 MH/s, Total shares: 2 Rejected: 0, Time: 09:32
2021-Mar-23 15:57:45: GPU0 t=67°C fan 53% power 218.08W. Total power: 218.08W
2021-Mar-23 15:57:48: New job from commission host
2021-Mar-23 15:57:48: Ethereum - Total speed: 59.255 MH/s, Total shares: 2 Rejected: 0, Time: 09:35
2021-Mar-23 15:57:51: New job from commission host
2021-Mar-23 15:57:51: Ethereum - Total speed: 59.057 MH/s, Total shares: 2 Rejected: 0, Time: 09:38
2021-Mar-23 15:57:51: GPU0 t=67°C fan 53% power 228.76W. Total power: 228.76W
2021-Mar-23 15:57:54: New job from commission host
2021-Mar-23 15:57:54: Ethereum - Total speed: 59.070 MH/s, Total shares: 2 Rejected: 0, Time: 09:41
2021-Mar-23 15:57:54: Ethereum last 10 min - Total: 59.557 MH/s.
2021-Mar-23 15:57:57: New job from commission host
2021-Mar-23 15:57:57: Ethereum - Total speed: 59.063 MH/s, Total shares: 2 Rejected: 0, Time: 09:44
2021-Mar-23 15:57:57: GPU0 t=67°C fan 53% power 228.91W. Total power: 228.91W
2021-Mar-23 15:58:00: New job from commission host
2021-Mar-23 15:58:00: Ethereum - Total speed: 59.191 MH/s, Total shares: 2 Rejected: 0, Time: 09:47
2021-Mar-23 15:58:03: New job from commission host
2021-Mar-23 15:58:03: Ethereum - Total speed: 59.323 MH/s, Total shares: 2 Rejected: 0, Time: 09:50
2021-Mar-23 15:58:03: GPU0 t=67°C fan 53% power 224.30W. Total power: 224.30W
2021-Mar-23 15:58:06: New job from commission host
2021-Mar-23 15:58:06: Ethereum - Total speed: 59.252 MH/s, Total shares: 2 Rejected: 0, Time: 09:53
2021-Mar-23 15:58:06: Ethereum last 10 min - Total: 59.549 MH/s.
2021-Mar-23 15:58:09: New job from commission host
2021-Mar-23 15:58:09: Ethereum - Total speed: 59.127 MH/s, Total shares: 2 Rejected: 0, Time: 09:56
2021-Mar-23 15:58:09: GPU0 t=67°C fan 54% power 227.22W. Total power: 227.22W
2021-Mar-23 15:58:12: New job from commission host
2021-Mar-23 15:58:12: Ethereum - Total speed: 59.027 MH/s, Total shares: 2 Rejected: 0, Time: 09:59
2021-Mar-23 15:58:15: New job from commission host
2021-Mar-23 15:58:15: Ethereum - Total speed: 59.116 MH/s, Total shares: 2 Rejected: 0, Time: 10:01
2021-Mar-23 15:58:15: GPU0 t=67°C fan 53% power 225.28W. Total power: 225.28W
2021-Mar-23 15:58:19: New job from commission host
2021-Mar-23 15:58:19: Ethereum - Total speed: 59.068 MH/s, Total shares: 2 Rejected: 0, Time: 10:06
2021-Mar-23 15:58:19: Ethereum last 10 min - Total: 59.540 MH/s.
2021-Mar-23 15:58:21: New job from commission host
2021-Mar-23 15:58:21: Ethereum - Total speed: 58.917 MH/s, Total shares: 2 Rejected: 0, Time: 10:08
2021-Mar-23 15:58:21: GPU0 t=67°C fan 54% power 222.80W. Total power: 222.80W
2021-Mar-23 15:58:22: [Ethash] ~~~~~~ DevFee end ~~~~~~
2021-Mar-23 15:58:22: New job from eth-eu2.nanopool.org:9433
2021-Mar-23 15:58:22: Ethereum - Total speed: 58.759 MH/s, Total shares: 2 Rejected: 0, Time: 10:09
2021-Mar-23 15:58:22: New job from eth-eu2.nanopool.org:9433
2021-Mar-23 15:58:22: Ethereum - Total speed: 58.759 MH/s, Total shares: 2 Rejected: 0, Time: 10:09
2021-Mar-23 15:58:22: GPU0 t=67°C fan 54% power 222.36W. Total power: 222.36W
2021-Mar-23 15:58:24: New job from eth-eu2.nanopool.org:9433
2021-Mar-23 15:58:24: Ethereum - Total speed: 58.578 MH/s, Total shares: 2 Rejected: 0, Time: 10:10
2021-Mar-23 15:58:24: Ethereum last 10 min - Total: 59.534 MH/s.
2021-Mar-23 15:58:27: New job from eth-eu2.nanopool.org:9433
2021-Mar-23 15:58:27: Ethereum - Total speed: 58.426 MH/s, Total shares: 2 Rejected: 0, Time: 10:13
2021-Mar-23 15:58:27: GPU0 t=67°C fan 54% power 224.25W. Total power: 224.25W
2021-Mar-23 15:58:30: New job from eth-eu2.nanopool.org:9433
2021-Mar-23 15:58:30: Ethereum - Total speed: 58.478 MH/s, Total shares: 2 Rejected: 0, Time: 10:16
2021-Mar-23 15:58:33: New job from eth-eu2.nanopool.org:9433
2021-Mar-23 15:58:33: Ethereum - Total speed: 58.365 MH/s, Total shares: 2 Rejected: 0, Time: 10:19
2021-Mar-23 15:58:33: GPU0 t=67°C fan 54% power 222.72W. Total power: 222.72W
2021-Mar-23 15:58:34: New job from eth-eu2.nanopool.org:9433
2021-Mar-23 15:58:34: Ethereum - Total speed: 58.273 MH/s, Total shares: 2 Rejected: 0, Time: 10:21
2021-Mar-23 15:58:34: Ethereum last 10 min - Total: 59.690 MH/s.
2021-Mar-23 15:58:34: New job from eth-eu2.nanopool.org:9433
2021-Mar-23 15:58:34: Ethereum - Total speed: 58.526 MH/s, Total shares: 2 Rejected: 0, Time: 10:21
2021-Mar-23 15:58:34: GPU0 t=67°C fan 54% power 229.56W. Total power: 229.56W
2021-Mar-23 15:58:37: New job from eth-eu2.nanopool.org:9433
2021-Mar-23 15:58:37: Ethereum - Total speed: 58.705 MH/s, Total shares: 2 Rejected: 0, Time: 10:24
2021-Mar-23 15:58:40: New job from eth-eu2.nanopool.org:9433
2021-Mar-23 15:58:40: Ethereum - Total speed: 58.869 MH/s, Total shares: 2 Rejected: 0, Time: 10:27
2021-Mar-23 15:58:40: GPU0 t=67°C fan 54% power 229.01W. Total power: 229.01W
2021-Mar-23 15:58:43: New job from eth-eu2.nanopool.org:9433
2021-Mar-23 15:58:43: Ethereum - Total speed: 58.942 MH/s, Total shares: 2 Rejected: 0, Time: 10:30
2021-Mar-23 15:58:43: Ethereum last 10 min - Total: 59.748 MH/s.
2021-Mar-23 15:58:46: New job from eth-eu2.nanopool.org:9433
2021-Mar-23 15:58:46: Ethereum - Total speed: 59.088 MH/s, Total shares: 2 Rejected: 0, Time: 10:33
2021-Mar-23 15:58:46: GPU0 t=68°C fan 54% power 229.20W. Total power: 229.20W
2021-Mar-23 15:58:49: New job from eth-eu2.nanopool.org:9433
2021-Mar-23 15:58:49: Ethereum - Total speed: 59.224 MH/s, Total shares: 2 Rejected: 0, Time: 10:35
2021-Mar-23 15:58:49: New job from eth-eu2.nanopool.org:9433
2021-Mar-23 15:58:49: Ethereum - Total speed: 59.343 MH/s, Total shares: 2 Rejected: 0, Time: 10:36
2021-Mar-23 15:58:49: GPU0 t=67°C fan 54% power 229.17W. Total power: 229.17W
2021-Mar-23 15:58:50: New job from eth-eu2.nanopool.org:9433
2021-Mar-23 15:58:50: Ethereum - Total speed: 59.445 MH/s, Total shares: 2 Rejected: 0, Time: 10:37
2021-Mar-23 15:58:50: Ethereum last 10 min - Total: 59.776 MH/s.
2021-Mar-23 15:58:50: New job from eth-eu2.nanopool.org:9433
2021-Mar-23 15:58:50: Ethereum - Total speed: 59.525 MH/s, Total shares: 2 Rejected: 0, Time: 10:37
2021-Mar-23 15:58:50: GPU0 t=67°C fan 54% power 228.78W. Total power: 228.78W
2021-Mar-23 15:58:53: New job from eth-eu2.nanopool.org:9433
2021-Mar-23 15:58:53: Ethereum - Total speed: 59.564 MH/s, Total shares: 2 Rejected: 0, Time: 10:40
2021-Mar-23 15:58:54: New job from eth-eu2.nanopool.org:9433
2021-Mar-23 15:58:54: Ethereum - Total speed: 59.612 MH/s, Total shares: 2 Rejected: 0, Time: 10:40
2021-Mar-23 15:58:54: GPU0 t=67°C fan 54% power 227.85W. Total power: 227.85W
2021-Mar-23 15:58:54: New job from eth-eu2.nanopool.org:9433
2021-Mar-23 15:58:54: Ethereum - Total speed: 59.625 MH/s, Total shares: 2 Rejected: 0, Time: 10:40
2021-Mar-23 15:58:54: Ethereum last 10 min - Total: 59.803 MH/s.
2021-Mar-23 15:58:57: Ethereum - SHARE FOUND (GPU: 0, nonce: 0x1db2965c46338b36).
2021-Mar-23 15:58:57: New job from eth-eu2.nanopool.org:9433
2021-Mar-23 15:58:57: Ethereum - Total speed: 59.582 MH/s, Total shares: 2 Rejected: 0, Time: 10:43
2021-Mar-23 15:58:57: GPU0 t=67°C fan 54% power 222.47W. Total power: 222.47W
2021-Mar-23 15:58:57: Ethereum: share accepted (43 ms)!
2021-Mar-23 15:59:00: New job from eth-eu2.nanopool.org:9433
2021-Mar-23 15:59:00: Ethereum - Total speed: 59.403 MH/s, Total shares: 3 Rejected: 0, Time: 10:46
2021-Mar-23 15:59:03: New job from eth-eu2.nanopool.org:9433
2021-Mar-23 15:59:03: Ethereum - Total speed: 59.211 MH/s, Total shares: 3 Rejected: 0, Time: 10:49
2021-Mar-23 15:59:03: GPU0 t=68°C fan 54% power 229.00W. Total power: 229.00W
2021-Mar-23 15:59:03: New job from eth-eu2.nanopool.org:9433
2021-Mar-23 15:59:03: Ethereum - Total speed: 59.286 MH/s, Total shares: 3 Rejected: 0, Time: 10:50
2021-Mar-23 15:59:03: Ethereum last 10 min - Total: 59.831 MH/s.
2021-Mar-23 15:59:06: New job from eth-eu2.nanopool.org:9433
2021-Mar-23 15:59:06: Ethereum - Total speed: 59.337 MH/s, Total shares: 3 Rejected: 0, Time: 10:52
2021-Mar-23 15:59:06: GPU0 t=67°C fan 54% power 227.22W. Total power: 227.22W
2021-Mar-23 15:59:09: New job from eth-eu2.nanopool.org:9433
2021-Mar-23 15:59:09: Ethereum - Total speed: 59.377 MH/s, Total shares: 3 Rejected: 0, Time: 10:55
2021-Mar-23 15:59:12: New job from eth-eu2.nanopool.org:9433
2021-Mar-23 15:59:12: Ethereum - Total speed: 59.376 MH/s, Total shares: 3 Rejected: 0, Time: 10:59
2021-Mar-23 15:59:12: GPU0 t=67°C fan 54% power 223.81W. Total power: 223.81W
2021-Mar-23 15:59:15: New job from eth-eu2.nanopool.org:9433
2021-Mar-23 15:59:15: Ethereum - Total speed: 59.216 MH/s, Total shares: 3 Rejected: 0, Time: 11:01
2021-Mar-23 15:59:15: Ethereum last 10 min - Total: 59.895 MH/s.
2021-Mar-23 15:59:16: New job from eth-eu2.nanopool.org:9433
2021-Mar-23 15:59:16: Ethereum - Total speed: 58.915 MH/s, Total shares: 3 Rejected: 0, Time: 11:02
2021-Mar-23 15:59:16: GPU0 t=67°C fan 55% power 227.10W. Total power: 227.10W
2021-Mar-23 15:59:19: New job from eth-eu2.nanopool.org:9433
2021-Mar-23 15:59:19: Ethereum - Total speed: 58.931 MH/s, Total shares: 3 Rejected: 0, Time: 11:05
2021-Mar-23 15:59:19: New job from eth-eu2.nanopool.org:9433
2021-Mar-23 15:59:19: Ethereum - Total speed: 58.701 MH/s, Total shares: 3 Rejected: 0, Time: 11:06
2021-Mar-23 15:59:19: GPU0 t=67°C fan 55% power 220.78W. Total power: 220.78W
2021-Mar-23 15:59:19: New job from eth-eu2.nanopool.org:9433
2021-Mar-23 15:59:19: Ethereum - Total speed: 58.788 MH/s, Total shares: 3 Rejected: 0, Time: 11:06
2021-Mar-23 15:59:19: Ethereum last 10 min - Total: 59.906 MH/s.
2021-Mar-23 15:59:22: New job from eth-eu2.nanopool.org:9433
2021-Mar-23 15:59:22: Ethereum - Total speed: 58.884 MH/s, Total shares: 3 Rejected: 0, Time: 11:09
2021-Mar-23 15:59:22: GPU0 t=68°C fan 55% power 229.25W. Total power: 229.25W
2021-Mar-23 15:59:23: New job from eth-eu2.nanopool.org:9433
2021-Mar-23 15:59:23: Ethereum - Total speed: 59.010 MH/s, Total shares: 3 Rejected: 0, Time: 11:10
2021-Mar-23 15:59:26: New job from eth-eu2.nanopool.org:9433
2021-Mar-23 15:59:26: Ethereum - Total speed: 59.158 MH/s, Total shares: 3 Rejected: 0, Time: 11:13
2021-Mar-23 15:59:26: GPU0 t=68°C fan 55% power 228.45W. Total power: 228.45W
2021-Mar-23 15:59:29: New job from eth-eu2.nanopool.org:9433
2021-Mar-23 15:59:29: Ethereum - Total speed: 59.175 MH/s, Total shares: 3 Rejected: 0, Time: 11:16
2021-Mar-23 15:59:29: Ethereum last 10 min - Total: 59.930 MH/s.
2021-Mar-23 15:59:32: New job from eth-eu2.nanopool.org:9433
2021-Mar-23 15:59:32: Ethereum - Total speed: 59.281 MH/s, Total shares: 3 Rejected: 0, Time: 11:19
2021-Mar-23 15:59:32: GPU0 t=68°C fan 55% power 229.93W. Total power: 229.93W
2021-Mar-23 15:59:34: New job from eth-eu2.nanopool.org:9433
2021-Mar-23 15:59:34: Ethereum - Total speed: 59.412 MH/s, Total shares: 3 Rejected: 0, Time: 11:21
2021-Mar-23 15:59:36: Terminating, please wait ...
