2021-02-15 13:15:06: <info>                                    _                 
2021-02-15 13:15:06: <info>  _ __   __ _ _ __   ___  _ __ ___ (_)_ __   ___ _ __ 
2021-02-15 13:15:06: <info> | '_ \ / _` | '_ \ / _ \| '_ ` _ \| | '_ \ / _ \ '__|
2021-02-15 13:15:06: <info> | | | | (_| | | | | (_) | | | | | | | | | |  __/ |   
2021-02-15 13:15:06: <info> |_| |_|\__,_|_| |_|\___/|_| |_| |_|_|_| |_|\___|_|   
2021-02-15 13:15:06: <info> 
2021-02-15 13:15:06: <info> Version 3.2.2-cuda11
2021-02-15 13:15:06: <info>  Started EthMan server on port 3333 without a password (read-only mode).
2021-02-15 13:15:06: <info>  Started web interface on port 9090 without a password.
2021-02-15 13:15:06: <info>  CUDA driver version is 11.2, runtime version is 11.1
2021-02-15 13:15:07: <info> Single device detected
2021-02-15 13:15:07: <info> GPU 0 PCI 01:00.0, Platform: CUDA, Name: GeForce RTX 3070, 8192 MB available
2021-02-15 13:15:07: <info> -------------------Ethash:------------------
2021-02-15 13:15:07: <info> Currency: Ethereum
2021-02-15 13:15:07: <info> Wallet: wallet
2021-02-15 13:15:07: <info> Rig name: ferris
2021-02-15 13:15:07: <info> Email: email
2021-02-15 13:15:07: <info> Hashrate threshold to restart miner is not set
2021-02-15 13:15:07: <info> Added pool: eth-eu1.nanopool.org:9433
2021-02-15 13:15:07: <info> Added pool: eth-us-east1.nanopool.org:9433
2021-02-15 13:15:07: <info> Added pool: eth-us-west1.nanopool.org:9433
2021-02-15 13:15:07: <info> Added pool: eth-jp1.nanopool.org:9433
2021-02-15 13:15:07: <info> Added pool: eth-au1.nanopool.org:9433
2021-02-15 13:15:07: <info> Added pool: eth-asia1.nanopool.org:9433
2021-02-15 13:15:07: <info> Added pool: eth-eu2.nanopool.org:9433
2021-02-15 13:15:07: <info> Auto pool sorting is enabled
2021-02-15 13:15:07: <info> Using all GPU devices
2021-02-15 13:15:07: <info> Memory tweak: 1
2021-02-15 13:15:07: <info> -------------Common parameters:-------------
2021-02-15 13:15:07: <info> Log path: ./logs/
2021-02-15 13:15:07: <info> Log is written to file
2021-02-15 13:15:07: <info> GPU watchdog is enabled
2021-02-15 13:15:07: <info> Never calling reboot.bat (always restarting the miner in case of errors). 
2021-02-15 13:15:07: <info>  Setting up algorithm: Ethash
2021-02-15 13:15:08: <info>  Connecting to pools...
2021-02-15 13:15:08: <info>  Connected to pool: eth-eu1.nanopool.org:9433 | IP: 92.222.72.197 | ping: 86 ms.
2021-02-15 13:15:08: <info>  New job from eth-eu1.nanopool.org:9433 | share difficulty = 10000 MH, epoch 395 (4183 MB)
2021-02-15 13:15:08: [Statistics] Ethereum - Total speed: 0.000 H/s, Total shares: 0 Rejected: 0, Time: 00:01
2021-02-15 13:15:08: [Statistics] GPU0 t=33°C fan 31% power 42.98W. Total power: 42.98W
2021-02-15 13:15:08: <info>  New job from eth-eu1.nanopool.org:9433
2021-02-15 13:15:08: [Statistics] Ethereum - Total speed: 0.000 H/s, Total shares: 0 Rejected: 0, Time: 00:01
2021-02-15 13:15:08: [Statistics] Ethereum last 10 min - Total: 0.000 H/s.
2021-02-15 13:15:11: <info>  New job from eth-eu1.nanopool.org:9433
2021-02-15 13:15:11: [Statistics] Ethereum - Total speed: 0.000 H/s, Total shares: 0 Rejected: 0, Time: 00:04
2021-02-15 13:15:11: [Statistics] GPU0 t=33°C fan 31% power 43.48W. Total power: 43.48W
2021-02-15 13:15:11: <info>  New job from eth-eu1.nanopool.org:9433
2021-02-15 13:15:11: [Statistics] Ethereum - Total speed: 0.000 H/s, Total shares: 0 Rejected: 0, Time: 00:04
2021-02-15 13:15:11: <info>  New job from eth-eu1.nanopool.org:9433
2021-02-15 13:15:11: [Statistics] Ethereum - Total speed: 0.000 H/s, Total shares: 0 Rejected: 0, Time: 00:04
2021-02-15 13:15:11: [Statistics] GPU0 t=44°C fan 30% power 101.26W. Total power: 101.26W
2021-02-15 13:15:13: <info>  New job from eth-eu1.nanopool.org:9433
2021-02-15 13:15:13: [Statistics] Ethereum - Total speed: 0.000 H/s, Total shares: 0 Rejected: 0, Time: 00:06
2021-02-15 13:15:13: [Statistics] Ethereum last 10 min - Total: 0.000 H/s.
2021-02-15 13:15:14: <info>  New job from eth-eu1.nanopool.org:9433
2021-02-15 13:15:14: [Statistics] Ethereum - Total speed: 0.000 H/s, Total shares: 0 Rejected: 0, Time: 00:07
2021-02-15 13:15:14: [Statistics] GPU0 t=49°C fan 30% power 205.29W. Total power: 205.29W
2021-02-15 13:15:15: <info>  GPU0: 4183 MB DAG generated in 3.66 seconds
2021-02-15 13:15:17: <info>  New job from eth-eu1.nanopool.org:9433
2021-02-15 13:15:22: [Statistics] Ethereum - Total speed: 50.116 MH/s, Total shares: 0 Rejected: 0, Time: 00:15
2021-02-15 13:15:22: <info>  New job from eth-eu1.nanopool.org:9433
2021-02-15 13:15:22: [Statistics] Ethereum - Total speed: 50.228 MH/s, Total shares: 0 Rejected: 0, Time: 00:15
2021-02-15 13:15:22: [Statistics] GPU0 t=51°C fan 30% power 194.88W. Total power: 194.88W
2021-02-15 13:15:23: <info>  New job from eth-eu1.nanopool.org:9433
2021-02-15 13:15:23: [Statistics] Ethereum - Total speed: 50.228 MH/s, Total shares: 0 Rejected: 0, Time: 00:15
2021-02-15 13:15:23: [Statistics] Ethereum last 10 min - Total: 50.226 MH/s.
2021-02-15 13:15:23: <info>  New job from eth-eu1.nanopool.org:9433
2021-02-15 13:15:23: [Statistics] Ethereum - Total speed: 50.326 MH/s, Total shares: 0 Rejected: 0, Time: 00:15
2021-02-15 13:15:23: [Statistics] GPU0 t=51°C fan 30% power 194.76W. Total power: 194.76W
2021-02-15 13:15:26: <info>  New job from eth-eu1.nanopool.org:9433
2021-02-15 13:15:26: [Statistics] Ethereum - Total speed: 50.370 MH/s, Total shares: 0 Rejected: 0, Time: 00:19
2021-02-15 13:15:28: <info>  New job from eth-eu1.nanopool.org:9433
2021-02-15 13:15:28: [Statistics] Ethereum - Total speed: 50.334 MH/s, Total shares: 0 Rejected: 0, Time: 00:21
2021-02-15 13:15:28: [Statistics] GPU0 t=52°C fan 30% power 189.74W. Total power: 189.74W
2021-02-15 13:15:28: <info>  New job from eth-eu1.nanopool.org:9433
2021-02-15 13:15:28: [Statistics] Ethereum - Total speed: 50.185 MH/s, Total shares: 0 Rejected: 0, Time: 00:21
2021-02-15 13:15:28: [Statistics] Ethereum last 10 min - Total: 50.340 MH/s.
2021-02-15 13:15:31: <info>  New job from eth-eu1.nanopool.org:9433
2021-02-15 13:15:31: [Statistics] Ethereum - Total speed: 49.566 MH/s, Total shares: 0 Rejected: 0, Time: 00:24
2021-02-15 13:15:31: [Statistics] GPU0 t=53°C fan 30% power 196.19W. Total power: 196.19W
2021-02-15 13:15:34: <info>  New job from eth-eu1.nanopool.org:9433
2021-02-15 13:15:34: [Statistics] Ethereum - Total speed: 49.570 MH/s, Total shares: 0 Rejected: 0, Time: 00:27
2021-02-15 13:15:37: <info>  New job from eth-eu1.nanopool.org:9433
2021-02-15 13:15:37: [Statistics] Ethereum - Total speed: 49.301 MH/s, Total shares: 0 Rejected: 0, Time: 00:30
2021-02-15 13:15:37: [Statistics] GPU0 t=55°C fan 30% power 197.79W. Total power: 197.79W
2021-02-15 13:15:38: <info>  New job from eth-eu1.nanopool.org:9433
2021-02-15 13:15:38: [Statistics] Ethereum - Total speed: 49.483 MH/s, Total shares: 0 Rejected: 0, Time: 00:31
2021-02-15 13:15:38: [Statistics] Ethereum last 10 min - Total: 49.858 MH/s.
2021-02-15 13:15:39: <info>  New job from eth-eu1.nanopool.org:9433
2021-02-15 13:15:39: [Statistics] Ethereum - Total speed: 49.479 MH/s, Total shares: 0 Rejected: 0, Time: 00:31
2021-02-15 13:15:39: [Statistics] GPU0 t=55°C fan 30% power 195.36W. Total power: 195.36W
2021-02-15 13:15:42: <info>  New job from eth-eu1.nanopool.org:9433
2021-02-15 13:15:42: [Statistics] Ethereum - Total speed: 49.654 MH/s, Total shares: 0 Rejected: 0, Time: 00:34
2021-02-15 13:15:44: <info>  New job from eth-eu1.nanopool.org:9433
2021-02-15 13:15:44: [Statistics] Ethereum - Total speed: 49.733 MH/s, Total shares: 0 Rejected: 0, Time: 00:37
2021-02-15 13:15:44: [Statistics] GPU0 t=56°C fan 30% power 197.37W. Total power: 197.37W
2021-02-15 13:15:46: <info>  New job from eth-eu1.nanopool.org:9433
2021-02-15 13:15:46: [Statistics] Ethereum - Total speed: 49.770 MH/s, Total shares: 0 Rejected: 0, Time: 00:38
2021-02-15 13:15:46: [Statistics] Ethereum last 10 min - Total: 49.789 MH/s.
2021-02-15 13:15:46: <info>  New job from eth-eu1.nanopool.org:9433
2021-02-15 13:15:46: [Statistics] Ethereum - Total speed: 49.907 MH/s, Total shares: 0 Rejected: 0, Time: 00:39
2021-02-15 13:15:46: [Statistics] GPU0 t=57°C fan 30% power 199.36W. Total power: 199.36W
2021-02-15 13:15:46: <info>  New job from eth-eu1.nanopool.org:9433
2021-02-15 13:15:46: [Statistics] Ethereum - Total speed: 49.907 MH/s, Total shares: 0 Rejected: 0, Time: 00:39
2021-02-15 13:15:46: <info>  New job from eth-eu1.nanopool.org:9433
2021-02-15 13:15:46: [Statistics] Ethereum - Total speed: 50.033 MH/s, Total shares: 0 Rejected: 0, Time: 00:39
2021-02-15 13:15:46: [Statistics] GPU0 t=57°C fan 30% power 199.46W. Total power: 199.46W
2021-02-15 13:15:49: <info>  New job from eth-eu1.nanopool.org:9433
2021-02-15 13:15:49: [Statistics] Ethereum - Total speed: 50.171 MH/s, Total shares: 0 Rejected: 0, Time: 00:41
2021-02-15 13:15:49: [Statistics] Ethereum last 10 min - Total: 49.819 MH/s.
2021-02-15 13:15:50: <info>  New job from eth-eu1.nanopool.org:9433
2021-02-15 13:15:50: [Statistics] Ethereum - Total speed: 50.283 MH/s, Total shares: 0 Rejected: 0, Time: 00:42
2021-02-15 13:15:50: [Statistics] GPU0 t=57°C fan 30% power 200.13W. Total power: 200.13W
2021-02-15 13:15:52: <info>  New job from eth-eu1.nanopool.org:9433
2021-02-15 13:15:52: [Statistics] Ethereum - Total speed: 50.386 MH/s, Total shares: 0 Rejected: 0, Time: 00:45
2021-02-15 13:15:55: <info>  New job from eth-eu1.nanopool.org:9433
2021-02-15 13:15:55: [Statistics] Ethereum - Total speed: 50.461 MH/s, Total shares: 0 Rejected: 0, Time: 00:48
2021-02-15 13:15:55: [Statistics] GPU0 t=58°C fan 31% power 200.78W. Total power: 200.78W
2021-02-15 13:15:58: <info>  New job from eth-eu1.nanopool.org:9433
2021-02-15 13:15:58: [Statistics] Ethereum - Total speed: 50.518 MH/s, Total shares: 0 Rejected: 0, Time: 00:51
2021-02-15 13:15:58: [Statistics] Ethereum last 10 min - Total: 49.969 MH/s.
2021-02-15 13:16:01: <info>  New job from eth-eu1.nanopool.org:9433
2021-02-15 13:16:01: [Statistics] Ethereum - Total speed: 50.604 MH/s, Total shares: 0 Rejected: 0, Time: 00:54
2021-02-15 13:16:01: [Statistics] GPU0 t=59°C fan 33% power 201.23W. Total power: 201.23W
2021-02-15 13:16:01: <info>  New job from eth-eu1.nanopool.org:9433
2021-02-15 13:16:01: [Statistics] Ethereum - Total speed: 50.657 MH/s, Total shares: 0 Rejected: 0, Time: 00:54
2021-02-15 13:16:04: <info>  New job from eth-eu1.nanopool.org:9433
2021-02-15 13:16:04: [Statistics] Ethereum - Total speed: 50.665 MH/s, Total shares: 0 Rejected: 0, Time: 00:56
2021-02-15 13:16:04: [Statistics] GPU0 t=60°C fan 34% power 201.37W. Total power: 201.37W
2021-02-15 13:16:04: <info>  New job from eth-eu1.nanopool.org:9433
2021-02-15 13:16:04: [Statistics] Ethereum - Total speed: 50.699 MH/s, Total shares: 0 Rejected: 0, Time: 00:57
2021-02-15 13:16:04: [Statistics] Ethereum last 10 min - Total: 50.069 MH/s.
2021-02-15 13:16:06: <info>  Terminating, please wait ...
2021-02-15 13:16:07: <info>  New job from eth-eu1.nanopool.org:9433
2021-02-15 13:16:07: [Statistics] Ethereum - Total speed: 50.703 MH/s, Total shares: 0 Rejected: 0, Time: 01:00
2021-02-15 13:16:07: [Statistics] GPU0 t=60°C fan 35% power 201.24W. Total power: 201.24W
2021-02-15 13:16:10: <info>  New job from eth-eu1.nanopool.org:9433
2021-02-15 13:16:10: [Statistics] Ethereum - Total speed: 50.725 MH/s, Total shares: 0 Rejected: 0, Time: 01:03
