2021-02-15 14:00:32: <info>                                    _                 
2021-02-15 14:00:32: <info>  _ __   __ _ _ __   ___  _ __ ___ (_)_ __   ___ _ __ 
2021-02-15 14:00:32: <info> | '_ \ / _` | '_ \ / _ \| '_ ` _ \| | '_ \ / _ \ '__|
2021-02-15 14:00:32: <info> | | | | (_| | | | | (_) | | | | | | | | | |  __/ |   
2021-02-15 14:00:32: <info> |_| |_|\__,_|_| |_|\___/|_| |_| |_|_|_| |_|\___|_|   
2021-02-15 14:00:32: <info> 
2021-02-15 14:00:32: <info> Version 3.2.2-cuda11
2021-02-15 14:00:32: <info>  Started EthMan server on port 3333 with a password (read-only mode).
2021-02-15 14:00:32: <info>  Started web interface on port 9090 with a password.
2021-02-15 14:00:32: <info>  CUDA driver version is 11.2, runtime version is 11.1
2021-02-15 14:00:32: <info> Single device detected
2021-02-15 14:00:32: <info> GPU 0 PCI 01:00.0, Platform: CUDA, Name: GeForce RTX 3070, 8192 MB available
2021-02-15 14:00:32: <info> -------------------Ethash:------------------
2021-02-15 14:00:32: <info> Currency: Ethereum
2021-02-15 14:00:32: <info> Wallet: wallet
2021-02-15 14:00:32: <info> Rig name: ferris
2021-02-15 14:00:32: <info> Email: email
2021-02-15 14:00:32: <info> Hashrate threshold to restart miner: 50.00 MH/s
2021-02-15 14:00:32: <info> Added pool: eth-eu1.nanopool.org:9433
2021-02-15 14:00:32: <info> Added pool: eth-eu2.nanopool.org:9433
2021-02-15 14:00:32: <info> Added pool: eth-us-east1.nanopool.org:9433
2021-02-15 14:00:32: <info> Added pool: eth-us-west1.nanopool.org:9433
2021-02-15 14:00:32: <info> Added pool: eth-asia1.nanopool.org:9433
2021-02-15 14:00:32: <info> Added pool: eth-jp1.nanopool.org:9433
2021-02-15 14:00:32: <info> Added pool: eth-au1.nanopool.org:9433
2021-02-15 14:00:32: <info> Auto pool sorting is enabled
2021-02-15 14:00:32: <info> Using all GPU devices
2021-02-15 14:00:32: <info> Memory tweak: 1
2021-02-15 14:00:32: <info> -------------Common parameters:-------------
2021-02-15 14:00:32: <info> Log path: ./logs/
2021-02-15 14:00:32: <info> Log is written to file
2021-02-15 14:00:32: <info> GPU watchdog is enabled
2021-02-15 14:00:32: <info> Restart count before calling reboot.bat: 10
2021-02-15 14:00:32: <info>  Setting up algorithm: Ethash
2021-02-15 14:00:33: <info>  Connecting to pools...
2021-02-15 14:00:33: <info>  Connected to pool: eth-eu1.nanopool.org:9433 | IP: 51.15.39.186 | ping: 133 ms.
2021-02-15 14:00:33: <info>  New job from eth-eu1.nanopool.org:9433 | share difficulty = 10000 MH, epoch 395 (4183 MB)
2021-02-15 14:00:33: [Statistics] Ethereum - Total speed: 0.000 H/s, Total shares: 0 Rejected: 0, Time: 00:01
2021-02-15 14:00:33: [Statistics] GPU0 t=33°C fan 31% power 44.10W. Total power: 44.10W
2021-02-15 14:00:33: <info>  New job from eth-eu1.nanopool.org:9433
2021-02-15 14:00:33: [Statistics] Ethereum - Total speed: 0.000 H/s, Total shares: 0 Rejected: 0, Time: 00:01
2021-02-15 14:00:33: [Statistics] Ethereum last 10 min - Total: 0.000 H/s.
2021-02-15 14:00:34: <info>  New job from eth-eu1.nanopool.org:9433
2021-02-15 14:00:34: [Statistics] Ethereum - Total speed: 0.000 H/s, Total shares: 0 Rejected: 0, Time: 00:02
2021-02-15 14:00:34: [Statistics] GPU0 t=33°C fan 31% power 44.22W. Total power: 44.22W
2021-02-15 14:00:37: <info>  New job from eth-eu1.nanopool.org:9433
2021-02-15 14:00:37: [Statistics] Ethereum - Total speed: 0.000 H/s, Total shares: 0 Rejected: 0, Time: 00:05
2021-02-15 14:00:39: <info>  New job from eth-eu1.nanopool.org:9433
2021-02-15 14:00:39: [Statistics] Ethereum - Total speed: 0.000 H/s, Total shares: 0 Rejected: 0, Time: 00:06
2021-02-15 14:00:39: [Statistics] GPU0 t=48°C fan 30% power 201.47W. Total power: 201.47W
2021-02-15 14:00:39: <info>  GPU0: 4183 MB DAG generated in 3.70 seconds
2021-02-15 14:00:41: <info>  New job from eth-eu1.nanopool.org:9433
2021-02-15 14:00:41: [Statistics] Ethereum - Total speed: 50.517 MH/s, Total shares: 0 Rejected: 0, Time: 00:09
2021-02-15 14:00:41: [Statistics] Ethereum last 10 min - Total: 50.517 MH/s.
2021-02-15 14:00:44: <info>  New job from eth-eu1.nanopool.org:9433
2021-02-15 14:00:44: [Statistics] Ethereum - Total speed: 50.521 MH/s, Total shares: 0 Rejected: 0, Time: 00:12
2021-02-15 14:00:44: [Statistics] GPU0 t=49°C fan 30% power 190.11W. Total power: 190.11W
2021-02-15 14:00:47: <info>  New job from eth-eu1.nanopool.org:9433
2021-02-15 14:00:47: [Statistics] Ethereum - Total speed: 50.529 MH/s, Total shares: 0 Rejected: 0, Time: 00:15
2021-02-15 14:00:51: <info>  New job from eth-eu1.nanopool.org:9433
2021-02-15 14:00:51: [Statistics] Ethereum - Total speed: 50.534 MH/s, Total shares: 0 Rejected: 0, Time: 00:19
2021-02-15 14:00:51: [Statistics] GPU0 t=51°C fan 30% power 190.57W. Total power: 190.57W
2021-02-15 14:00:53: <info>  New job from eth-eu1.nanopool.org:9433
2021-02-15 14:00:53: [Statistics] Ethereum - Total speed: 50.421 MH/s, Total shares: 0 Rejected: 0, Time: 00:21
2021-02-15 14:00:53: [Statistics] Ethereum last 10 min - Total: 50.514 MH/s.
2021-02-15 14:00:56: <info>  New job from eth-eu1.nanopool.org:9433
2021-02-15 14:00:56: [Statistics] Ethereum - Total speed: 50.365 MH/s, Total shares: 0 Rejected: 0, Time: 00:24
2021-02-15 14:00:56: [Statistics] GPU0 t=53°C fan 30% power 192.62W. Total power: 192.62W
2021-02-15 14:00:59: <info>  New job from eth-eu1.nanopool.org:9433
2021-02-15 14:00:59: [Statistics] Ethereum - Total speed: 50.300 MH/s, Total shares: 0 Rejected: 0, Time: 00:27
2021-02-15 14:01:02: <info>  New job from eth-eu1.nanopool.org:9433
2021-02-15 14:01:02: [Statistics] Ethereum - Total speed: 50.300 MH/s, Total shares: 0 Rejected: 0, Time: 00:30
2021-02-15 14:01:02: [Statistics] GPU0 t=54°C fan 30% power 190.44W. Total power: 190.44W
2021-02-15 14:01:05: <info>  New job from eth-eu1.nanopool.org:9433
2021-02-15 14:01:05: [Statistics] Ethereum - Total speed: 50.214 MH/s, Total shares: 0 Rejected: 0, Time: 00:33
2021-02-15 14:01:05: [Statistics] Ethereum last 10 min - Total: 50.417 MH/s.
2021-02-15 14:01:08: <info>  New job from eth-eu1.nanopool.org:9433
2021-02-15 14:01:08: [Statistics] Ethereum - Total speed: 50.142 MH/s, Total shares: 0 Rejected: 0, Time: 00:36
2021-02-15 14:01:08: [Statistics] GPU0 t=56°C fan 30% power 194.55W. Total power: 194.55W
2021-02-15 14:01:11: <info>  New job from eth-eu1.nanopool.org:9433
2021-02-15 14:01:11: [Statistics] Ethereum - Total speed: 50.168 MH/s, Total shares: 0 Rejected: 0, Time: 00:39
2021-02-15 14:01:14: <info>  New job from eth-eu1.nanopool.org:9433
2021-02-15 14:01:14: [Statistics] Ethereum - Total speed: 50.196 MH/s, Total shares: 0 Rejected: 0, Time: 00:42
2021-02-15 14:01:14: [Statistics] GPU0 t=57°C fan 30% power 194.90W. Total power: 194.90W
2021-02-15 14:01:15: <info>  New job from eth-eu1.nanopool.org:9433
2021-02-15 14:01:15: [Statistics] Ethereum - Total speed: 50.216 MH/s, Total shares: 0 Rejected: 0, Time: 00:43
2021-02-15 14:01:15: [Statistics] Ethereum last 10 min - Total: 50.349 MH/s.
2021-02-15 14:01:15: <info>  New job from eth-eu1.nanopool.org:9433
2021-02-15 14:01:15: [Statistics] Ethereum - Total speed: 50.216 MH/s, Total shares: 0 Rejected: 0, Time: 00:43
2021-02-15 14:01:15: [Statistics] GPU0 t=57°C fan 30% power 194.94W. Total power: 194.94W
2021-02-15 14:01:17: <info>  New job from eth-eu1.nanopool.org:9433
2021-02-15 14:01:17: [Statistics] Ethereum - Total speed: 50.246 MH/s, Total shares: 0 Rejected: 0, Time: 00:45
2021-02-15 14:01:20: <info>  New job from eth-eu1.nanopool.org:9433
2021-02-15 14:01:20: [Statistics] Ethereum - Total speed: 50.275 MH/s, Total shares: 0 Rejected: 0, Time: 00:48
2021-02-15 14:01:20: [Statistics] GPU0 t=58°C fan 31% power 195.95W. Total power: 195.95W
2021-02-15 14:01:23: <info>  New job from eth-eu1.nanopool.org:9433
2021-02-15 14:01:23: [Statistics] Ethereum - Total speed: 50.301 MH/s, Total shares: 0 Rejected: 0, Time: 00:51
2021-02-15 14:01:23: [Statistics] Ethereum last 10 min - Total: 50.332 MH/s.
2021-02-15 14:01:26: <info>  New job from eth-eu1.nanopool.org:9433
2021-02-15 14:01:26: [Statistics] Ethereum - Total speed: 50.263 MH/s, Total shares: 0 Rejected: 0, Time: 00:54
2021-02-15 14:01:26: [Statistics] GPU0 t=59°C fan 32% power 196.70W. Total power: 196.70W
2021-02-15 14:01:29: <info>  New job from eth-eu1.nanopool.org:9433
2021-02-15 14:01:29: [Statistics] Ethereum - Total speed: 50.283 MH/s, Total shares: 0 Rejected: 0, Time: 00:57
2021-02-15 14:01:32: <info>  New job from eth-eu1.nanopool.org:9433
2021-02-15 14:01:32: [Statistics] Ethereum - Total speed: 50.300 MH/s, Total shares: 0 Rejected: 0, Time: 01:00
2021-02-15 14:01:32: [Statistics] GPU0 t=60°C fan 34% power 197.76W. Total power: 197.76W
2021-02-15 14:01:35: <info>  New job from eth-eu1.nanopool.org:9433
2021-02-15 14:01:35: [Statistics] Ethereum - Total speed: 50.305 MH/s, Total shares: 0 Rejected: 0, Time: 01:03
2021-02-15 14:01:35: [Statistics] Ethereum last 10 min - Total: 50.322 MH/s.
2021-02-15 14:01:36: <info>  New job from eth-eu1.nanopool.org:9433
2021-02-15 14:01:36: [Statistics] Ethereum - Total speed: 50.306 MH/s, Total shares: 0 Rejected: 0, Time: 01:03
2021-02-15 14:01:36: [Statistics] GPU0 t=60°C fan 35% power 197.82W. Total power: 197.82W
2021-02-15 14:01:36: <info>  New job from eth-eu1.nanopool.org:9433
2021-02-15 14:01:36: [Statistics] Ethereum - Total speed: 50.325 MH/s, Total shares: 0 Rejected: 0, Time: 01:04
2021-02-15 14:01:36: <info>  New job from eth-eu1.nanopool.org:9433
2021-02-15 14:01:36: [Statistics] Ethereum - Total speed: 50.303 MH/s, Total shares: 0 Rejected: 0, Time: 01:04
2021-02-15 14:01:36: [Statistics] GPU0 t=60°C fan 36% power 197.70W. Total power: 197.70W
2021-02-15 14:01:38: <info>  New job from eth-eu1.nanopool.org:9433
2021-02-15 14:01:38: [Statistics] Ethereum - Total speed: 50.307 MH/s, Total shares: 0 Rejected: 0, Time: 01:06
2021-02-15 14:01:38: [Statistics] Ethereum last 10 min - Total: 50.321 MH/s.
2021-02-15 14:01:39: <info>  New job from eth-eu1.nanopool.org:9433
2021-02-15 14:01:39: [Statistics] Ethereum - Total speed: 50.308 MH/s, Total shares: 0 Rejected: 0, Time: 01:07
2021-02-15 14:01:39: [Statistics] GPU0 t=60°C fan 36% power 197.65W. Total power: 197.65W
2021-02-15 14:01:41: <info>  New job from eth-eu1.nanopool.org:9433
2021-02-15 14:01:41: [Statistics] Ethereum - Total speed: 50.304 MH/s, Total shares: 0 Rejected: 0, Time: 01:09
2021-02-15 14:01:43: <info>  New job from eth-eu1.nanopool.org:9433
2021-02-15 14:01:43: [Statistics] Ethereum - Total speed: 50.323 MH/s, Total shares: 0 Rejected: 0, Time: 01:11
2021-02-15 14:01:43: [Statistics] GPU0 t=61°C fan 37% power 198.63W. Total power: 198.63W
2021-02-15 14:01:43: <info>  New job from eth-eu1.nanopool.org:9433
2021-02-15 14:01:43: [Statistics] Ethereum - Total speed: 50.349 MH/s, Total shares: 0 Rejected: 0, Time: 01:11
2021-02-15 14:01:43: [Statistics] Ethereum last 10 min - Total: 50.320 MH/s.
2021-02-15 14:01:46: <info>  New job from eth-eu1.nanopool.org:9433
2021-02-15 14:01:46: [Statistics] Ethereum - Total speed: 50.285 MH/s, Total shares: 0 Rejected: 0, Time: 01:14
2021-02-15 14:01:46: [Statistics] GPU0 t=61°C fan 38% power 198.24W. Total power: 198.24W
2021-02-15 14:01:49: <info>  New job from eth-eu1.nanopool.org:9433
2021-02-15 14:01:49: [Statistics] Ethereum - Total speed: 50.298 MH/s, Total shares: 0 Rejected: 0, Time: 01:17
2021-02-15 14:01:52: <info>  New job from eth-eu1.nanopool.org:9433
2021-02-15 14:01:52: [Statistics] Ethereum - Total speed: 50.319 MH/s, Total shares: 0 Rejected: 0, Time: 01:20
2021-02-15 14:01:52: [Statistics] GPU0 t=61°C fan 39% power 199.21W. Total power: 199.21W
2021-02-15 14:01:53: <info>  New job from eth-eu1.nanopool.org:9433
2021-02-15 14:01:53: [Statistics] Ethereum - Total speed: 50.335 MH/s, Total shares: 0 Rejected: 0, Time: 01:21
2021-02-15 14:01:53: [Statistics] Ethereum last 10 min - Total: 50.318 MH/s.
2021-02-15 14:01:54: <info>  New job from eth-eu1.nanopool.org:9433
2021-02-15 14:01:54: [Statistics] Ethereum - Total speed: 50.326 MH/s, Total shares: 0 Rejected: 0, Time: 01:21
2021-02-15 14:01:54: [Statistics] GPU0 t=62°C fan 39% power 198.31W. Total power: 198.31W
2021-02-15 14:01:55: <info>  Terminating, please wait ...
