2021-02-15 13:35:15: <info>                                    _                 
2021-02-15 13:35:15: <info>  _ __   __ _ _ __   ___  _ __ ___ (_)_ __   ___ _ __ 
2021-02-15 13:35:15: <info> | '_ \ / _` | '_ \ / _ \| '_ ` _ \| | '_ \ / _ \ '__|
2021-02-15 13:35:15: <info> | | | | (_| | | | | (_) | | | | | | | | | |  __/ |   
2021-02-15 13:35:15: <info> |_| |_|\__,_|_| |_|\___/|_| |_| |_|_|_| |_|\___|_|   
2021-02-15 13:35:15: <info> 
2021-02-15 13:35:15: <info> Version 3.2.2-cuda11
2021-02-15 13:35:15: <info>  Started EthMan server on port 3333 with a password (read-only mode).
2021-02-15 13:35:15: <info>  Started web interface on port 9090 with a password.
2021-02-15 13:35:15: <info>  CUDA driver version is 11.2, runtime version is 11.1
2021-02-15 13:35:15: <info> Single device detected
2021-02-15 13:35:15: <info> GPU 0 PCI 01:00.0, Platform: CUDA, Name: GeForce RTX 3070, 8192 MB available
2021-02-15 13:35:15: <info> -------------------Ethash:------------------
2021-02-15 13:35:15: <info> Currency: Ethereum
2021-02-15 13:35:15: <info> Wallet: wallet
2021-02-15 13:35:15: <info> Rig name: ferris
2021-02-15 13:35:15: <info> Email: email
2021-02-15 13:35:15: <info> Hashrate threshold to restart miner: 50.00 MH/s
2021-02-15 13:35:15: <info> Added pool: eth-eu2.nanopool.org:9433
2021-02-15 13:35:15: <info> Added pool: eth-eu1.nanopool.org:9433
2021-02-15 13:35:15: <info> Added pool: eth-us-east1.nanopool.org:9433
2021-02-15 13:35:15: <info> Added pool: eth-us-west1.nanopool.org:9433
2021-02-15 13:35:15: <info> Added pool: eth-asia1.nanopool.org:9433
2021-02-15 13:35:15: <info> Added pool: eth-au1.nanopool.org:9433
2021-02-15 13:35:15: <info> Added pool: eth-jp1.nanopool.org:9433
2021-02-15 13:35:15: <info> Auto pool sorting is enabled
2021-02-15 13:35:15: <info> Using all GPU devices
2021-02-15 13:35:15: <info> Memory tweak: 1
2021-02-15 13:35:15: <info> -------------Common parameters:-------------
2021-02-15 13:35:15: <info> Log path: ./logs/
2021-02-15 13:35:15: <info> Log is written to file
2021-02-15 13:35:15: <info> GPU watchdog is enabled
2021-02-15 13:35:15: <info> Restart count before calling reboot.bat: 10
2021-02-15 13:35:15: <info>  Setting up algorithm: Ethash
2021-02-15 13:35:16: <info>  Connecting to pools...
2021-02-15 13:35:17: <info>  Connected to pool: eth-eu2.nanopool.org:9433 | IP: 51.15.67.17 | ping: 124 ms.
2021-02-15 13:35:17: <info>  New job from eth-eu2.nanopool.org:9433 | share difficulty = 10000 MH, epoch 395 (4183 MB)
2021-02-15 13:35:17: [Statistics] Ethereum - Total speed: 0.000 H/s, Total shares: 0 Rejected: 0, Time: 00:01
2021-02-15 13:35:17: [Statistics] GPU0 t=37°C fan 31% power 44.72W. Total power: 44.72W
2021-02-15 13:35:17: <info>  New job from eth-eu2.nanopool.org:9433
2021-02-15 13:35:17: [Statistics] Ethereum - Total speed: 0.000 H/s, Total shares: 0 Rejected: 0, Time: 00:01
2021-02-15 13:35:17: [Statistics] Ethereum last 10 min - Total: 0.000 H/s.
2021-02-15 13:35:18: <info>  New job from eth-eu2.nanopool.org:9433
2021-02-15 13:35:18: [Statistics] Ethereum - Total speed: 0.000 H/s, Total shares: 0 Rejected: 0, Time: 00:02
2021-02-15 13:35:18: [Statistics] GPU0 t=37°C fan 31% power 44.67W. Total power: 44.67W
2021-02-15 13:35:21: <info>  New job from eth-eu2.nanopool.org:9433
2021-02-15 13:35:21: [Statistics] Ethereum - Total speed: 0.000 H/s, Total shares: 0 Rejected: 0, Time: 00:05
2021-02-15 13:35:24: <info>  GPU0: 4183 MB DAG generated in 3.73 seconds
2021-02-15 13:35:24: <info>  New job from eth-eu2.nanopool.org:9433
2021-02-15 13:35:24: [Statistics] Ethereum - Total speed: 48.912 MH/s, Total shares: 0 Rejected: 0, Time: 00:08
2021-02-15 13:35:24: [Statistics] GPU0 t=52°C fan 30% power 200.05W. Total power: 200.05W
2021-02-15 13:35:27: <info>  New job from eth-eu2.nanopool.org:9433
2021-02-15 13:35:27: [Statistics] Ethereum - Total speed: 48.647 MH/s, Total shares: 0 Rejected: 0, Time: 00:11
2021-02-15 13:35:27: [Statistics] Ethereum last 10 min - Total: 48.779 MH/s.
2021-02-15 13:35:30: <info>  New job from eth-eu2.nanopool.org:9433
2021-02-15 13:35:30: [Statistics] Ethereum - Total speed: 48.712 MH/s, Total shares: 0 Rejected: 0, Time: 00:14
2021-02-15 13:35:30: [Statistics] GPU0 t=53°C fan 31% power 192.29W. Total power: 192.29W
2021-02-15 13:35:33: <info>  New job from eth-eu2.nanopool.org:9433
2021-02-15 13:35:33: [Statistics] Ethereum - Total speed: 48.857 MH/s, Total shares: 0 Rejected: 0, Time: 00:17
2021-02-15 13:35:36: <info>  New job from eth-eu2.nanopool.org:9433
2021-02-15 13:35:36: [Statistics] Ethereum - Total speed: 48.964 MH/s, Total shares: 0 Rejected: 0, Time: 00:20
2021-02-15 13:35:36: [Statistics] GPU0 t=55°C fan 31% power 194.25W. Total power: 194.25W
2021-02-15 13:35:36: <info>  Terminating, please wait ...
2021-02-15 13:35:39: <info>  New job from eth-eu2.nanopool.org:9433
2021-02-15 13:35:39: [Statistics] Ethereum - Total speed: 49.119 MH/s, Total shares: 0 Rejected: 0, Time: 00:23
2021-02-15 13:35:39: [Statistics] Ethereum last 10 min - Total: 48.842 MH/s.
