2021-02-15 13:50:54: <info>                                    _                 
2021-02-15 13:50:54: <info>  _ __   __ _ _ __   ___  _ __ ___ (_)_ __   ___ _ __ 
2021-02-15 13:50:54: <info> | '_ \ / _` | '_ \ / _ \| '_ ` _ \| | '_ \ / _ \ '__|
2021-02-15 13:50:54: <info> | | | | (_| | | | | (_) | | | | | | | | | |  __/ |   
2021-02-15 13:50:54: <info> |_| |_|\__,_|_| |_|\___/|_| |_| |_|_|_| |_|\___|_|   
2021-02-15 13:50:54: <info> 
2021-02-15 13:50:54: <info> Version 3.2.2-cuda11
2021-02-15 13:50:54: <info>  Started EthMan server on port 3333 with a password (read-only mode).
2021-02-15 13:50:54: <info>  Started web interface on port 9090 with a password.
2021-02-15 13:50:54: <info>  CUDA driver version is 11.2, runtime version is 11.1
2021-02-15 13:50:54: <info> Single device detected
2021-02-15 13:50:54: <info> GPU 0 PCI 01:00.0, Platform: CUDA, Name: GeForce RTX 3070, 8192 MB available
2021-02-15 13:50:54: <info> -------------------Ethash:------------------
2021-02-15 13:50:54: <info> Currency: Ethereum
2021-02-15 13:50:54: <info> Wallet: wallet
2021-02-15 13:50:54: <info> Rig name: ferris
2021-02-15 13:50:54: <info> Email: email
2021-02-15 13:50:54: <info> Hashrate threshold to restart miner: 50.00 MH/s
2021-02-15 13:50:54: <info> Added pool: eth-eu1.nanopool.org:9433
2021-02-15 13:50:54: <info> Added pool: eth-eu2.nanopool.org:9433
2021-02-15 13:50:54: <info> Added pool: eth-us-east1.nanopool.org:9433
2021-02-15 13:50:54: <info> Added pool: eth-us-west1.nanopool.org:9433
2021-02-15 13:50:54: <info> Added pool: eth-au1.nanopool.org:9433
2021-02-15 13:50:54: <info> Added pool: eth-jp1.nanopool.org:9433
2021-02-15 13:50:54: <info> Added pool: eth-asia1.nanopool.org:9433
2021-02-15 13:50:54: <info> Auto pool sorting is enabled
2021-02-15 13:50:54: <info> Using all GPU devices
2021-02-15 13:50:54: <info> Memory tweak: 10
2021-02-15 13:50:54: <info> -------------Common parameters:-------------
2021-02-15 13:50:54: <info> Log path: ./logs/
2021-02-15 13:50:54: <info> Log is written to file
2021-02-15 13:50:54: <info> GPU watchdog is enabled
2021-02-15 13:50:54: <info> Restart count before calling reboot.bat: 10
2021-02-15 13:50:54: <info>  Setting up algorithm: Ethash
2021-02-15 13:50:55: <info>  Connecting to pools...
2021-02-15 13:50:56: <info>  Connected to pool: eth-eu1.nanopool.org:9433 | IP: 92.222.72.197 | ping: 69 ms.
2021-02-15 13:50:56: <info>  New job from eth-eu1.nanopool.org:9433 | share difficulty = 10000 MH, epoch 395 (4183 MB)
2021-02-15 13:50:56: [Statistics] Ethereum - Total speed: 0.000 H/s, Total shares: 0 Rejected: 0, Time: 00:01
2021-02-15 13:50:56: [Statistics] GPU0 t=46°C fan 32% power 47.84W. Total power: 47.84W
2021-02-15 13:50:56: <info>  New job from eth-eu1.nanopool.org:9433
2021-02-15 13:50:56: [Statistics] Ethereum - Total speed: 0.000 H/s, Total shares: 0 Rejected: 0, Time: 00:01
2021-02-15 13:50:56: [Statistics] Ethereum last 10 min - Total: 0.000 H/s.
2021-02-15 13:50:57: <info>  New job from eth-eu1.nanopool.org:9433
2021-02-15 13:50:57: [Statistics] Ethereum - Total speed: 0.000 H/s, Total shares: 0 Rejected: 0, Time: 00:02
2021-02-15 13:50:57: [Statistics] GPU0 t=46°C fan 31% power 47.46W. Total power: 47.46W
2021-02-15 13:51:00: <info>  New job from eth-eu1.nanopool.org:9433
2021-02-15 13:51:00: [Statistics] Ethereum - Total speed: 0.000 H/s, Total shares: 0 Rejected: 0, Time: 00:05
2021-02-15 13:51:02: <info>  GPU0: 4183 MB DAG generated in 3.67 seconds
2021-02-15 13:51:03: <info>  New job from eth-eu1.nanopool.org:9433
2021-02-15 13:51:03: [Statistics] Ethereum - Total speed: 50.340 MH/s, Total shares: 0 Rejected: 0, Time: 00:08
2021-02-15 13:51:03: [Statistics] GPU0 t=59°C fan 31% power 198.86W. Total power: 198.86W
2021-02-15 13:51:06: <info>  New job from eth-eu1.nanopool.org:9433
2021-02-15 13:51:06: [Statistics] Ethereum - Total speed: 50.404 MH/s, Total shares: 0 Rejected: 0, Time: 00:11
2021-02-15 13:51:06: [Statistics] Ethereum last 10 min - Total: 50.372 MH/s.
2021-02-15 13:51:09: <info>  New job from eth-eu1.nanopool.org:9433
2021-02-15 13:51:09: [Statistics] Ethereum - Total speed: 50.465 MH/s, Total shares: 0 Rejected: 0, Time: 00:14
2021-02-15 13:51:09: [Statistics] GPU0 t=60°C fan 35% power 198.33W. Total power: 198.33W
2021-02-15 13:51:11: <info>  New job from eth-eu1.nanopool.org:9433
2021-02-15 13:51:11: [Statistics] Ethereum - Total speed: 50.519 MH/s, Total shares: 0 Rejected: 0, Time: 00:16
2021-02-15 13:51:11: <info>  New job from eth-eu1.nanopool.org:9433
2021-02-15 13:51:11: [Statistics] Ethereum - Total speed: 50.417 MH/s, Total shares: 0 Rejected: 0, Time: 00:16
2021-02-15 13:51:11: [Statistics] GPU0 t=60°C fan 36% power 195.02W. Total power: 195.02W
2021-02-15 13:51:14: <info>  New job from eth-eu1.nanopool.org:9433
2021-02-15 13:51:14: [Statistics] Ethereum - Total speed: 50.279 MH/s, Total shares: 0 Rejected: 0, Time: 00:19
2021-02-15 13:51:14: [Statistics] Ethereum last 10 min - Total: 50.405 MH/s.
2021-02-15 13:51:17: <info>  New job from eth-eu1.nanopool.org:9433
2021-02-15 13:51:17: [Statistics] Ethereum - Total speed: 50.264 MH/s, Total shares: 0 Rejected: 0, Time: 00:22
2021-02-15 13:51:17: [Statistics] GPU0 t=61°C fan 38% power 199.11W. Total power: 199.11W
2021-02-15 13:51:20: <info>  New job from eth-eu1.nanopool.org:9433
2021-02-15 13:51:20: [Statistics] Ethereum - Total speed: 50.330 MH/s, Total shares: 0 Rejected: 0, Time: 00:25
2021-02-15 13:51:22: <info>  Terminating, please wait ...
