2021-02-18 21:29:32: <info>                                    _                 
2021-02-18 21:29:32: <info>  _ __   __ _ _ __   ___  _ __ ___ (_)_ __   ___ _ __ 
2021-02-18 21:29:32: <info> | '_ \ / _` | '_ \ / _ \| '_ ` _ \| | '_ \ / _ \ '__|
2021-02-18 21:29:32: <info> | | | | (_| | | | | (_) | | | | | | | | | |  __/ |   
2021-02-18 21:29:32: <info> |_| |_|\__,_|_| |_|\___/|_| |_| |_|_|_| |_|\___|_|   
2021-02-18 21:29:32: <info> 
2021-02-18 21:29:32: <info> Version 3.2.2-cuda11
2021-02-18 21:29:32: <info>  Started EthMan server on port 3333 with a password (read-only mode).
2021-02-18 21:29:32: <info>  Started web interface on port 9090 with a password.
2021-02-18 21:29:32: <info>  CUDA driver version is 11.2, runtime version is 11.1
2021-02-18 21:29:33: <info> Single device detected
2021-02-18 21:29:33: <info> GPU 0 PCI 01:00.0, Platform: CUDA, Name: GeForce RTX 3070, 8192 MB available
2021-02-18 21:29:33: <info> -------------------Ethash:------------------
2021-02-18 21:29:33: <info> Currency: Ethereum
2021-02-18 21:29:33: <info> Wallet: wallet
2021-02-18 21:29:33: <info> Rig name: ferris
2021-02-18 21:29:33: <info> Email: email
2021-02-18 21:29:33: <info> Hashrate threshold to restart miner: 50.00 MH/s
2021-02-18 21:29:33: <info> Added pool: eth-eu2.nanopool.org:9433
2021-02-18 21:29:33: <info> Added pool: eth-eu1.nanopool.org:9433
2021-02-18 21:29:33: <info> Added pool: eth-us-east1.nanopool.org:9433
2021-02-18 21:29:33: <info> Added pool: eth-us-west1.nanopool.org:9433
2021-02-18 21:29:33: <info> Added pool: eth-asia1.nanopool.org:9433
2021-02-18 21:29:33: <info> Added pool: eth-jp1.nanopool.org:9433
2021-02-18 21:29:33: <info> Added pool: eth-au1.nanopool.org:9433
2021-02-18 21:29:33: <info> Auto pool sorting is enabled
2021-02-18 21:29:33: <info> Using all GPU devices
2021-02-18 21:29:33: <info> Memory tweak: 1
2021-02-18 21:29:33: <info> -------------Common parameters:-------------
2021-02-18 21:29:33: <info> Log path: ./logs/
2021-02-18 21:29:33: <info> Log is written to file
2021-02-18 21:29:33: <info> GPU watchdog is enabled
2021-02-18 21:29:33: <info> Restart count before calling reboot.bat: 10
2021-02-18 21:29:33: <info>  Setting up algorithm: Ethash
2021-02-18 21:29:34: <info>  Connecting to pools...
2021-02-18 21:29:34: <info>  Connected to pool: eth-eu2.nanopool.org:9433 | IP: 51.255.34.80 | ping: 113 ms.
2021-02-18 21:29:34: <info>  New job from eth-eu2.nanopool.org:9433 | share difficulty = 10000 MH, epoch 396 (4191 MB)
2021-02-18 21:29:34: [Statistics] Ethereum - Total speed: 0.000 H/s, Total shares: 0 Rejected: 0, Time: 00:01
2021-02-18 21:29:34: [Statistics] GPU0 t=46°C fan 31% power 50.67W. Total power: 50.67W
2021-02-18 21:29:34: <info>  New job from eth-eu2.nanopool.org:9433
2021-02-18 21:29:34: [Statistics] Ethereum - Total speed: 0.000 H/s, Total shares: 0 Rejected: 0, Time: 00:01
2021-02-18 21:29:34: [Statistics] Ethereum last 10 min - Total: 0.000 H/s.
2021-02-18 21:29:34: <info>  New job from eth-eu2.nanopool.org:9433
2021-02-18 21:29:34: [Statistics] Ethereum - Total speed: 0.000 H/s, Total shares: 0 Rejected: 0, Time: 00:01
2021-02-18 21:29:34: [Statistics] GPU0 t=46°C fan 31% power 50.63W. Total power: 50.63W
2021-02-18 21:29:37: <info>  New job from eth-eu2.nanopool.org:9433
2021-02-18 21:29:37: [Statistics] Ethereum - Total speed: 0.000 H/s, Total shares: 0 Rejected: 0, Time: 00:04
2021-02-18 21:29:40: <info>  GPU0: 4191 MB DAG generated in 3.41 seconds
2021-02-18 21:29:40: <info>  New job from eth-eu2.nanopool.org:9433
2021-02-18 21:29:40: [Statistics] Ethereum - Total speed: 60.061 MH/s, Total shares: 0 Rejected: 0, Time: 00:07
2021-02-18 21:29:40: [Statistics] GPU0 t=53°C fan 31% power 127.98W. Total power: 127.98W
2021-02-18 21:29:41: <info>  New job from eth-eu2.nanopool.org:9433
2021-02-18 21:29:41: [Statistics] Ethereum - Total speed: 59.928 MH/s, Total shares: 0 Rejected: 0, Time: 00:08
2021-02-18 21:29:41: [Statistics] Ethereum last 10 min - Total: 59.995 MH/s.
2021-02-18 21:29:41: <info>  New job from eth-eu2.nanopool.org:9433
2021-02-18 21:29:41: [Statistics] Ethereum - Total speed: 59.609 MH/s, Total shares: 0 Rejected: 0, Time: 00:08
2021-02-18 21:29:41: [Statistics] GPU0 t=53°C fan 31% power 128.29W. Total power: 128.29W
2021-02-18 21:29:44: <info>  New job from eth-eu2.nanopool.org:9433
2021-02-18 21:29:44: [Statistics] Ethereum - Total speed: 59.526 MH/s, Total shares: 0 Rejected: 0, Time: 00:11
2021-02-18 21:29:47: <info>  New job from eth-eu2.nanopool.org:9433
2021-02-18 21:29:47: [Statistics] Ethereum - Total speed: 59.321 MH/s, Total shares: 0 Rejected: 0, Time: 00:14
2021-02-18 21:29:47: [Statistics] GPU0 t=53°C fan 31% power 125.15W. Total power: 125.15W
2021-02-18 21:29:48: <info>  New job from eth-eu2.nanopool.org:9433
2021-02-18 21:29:48: [Statistics] Ethereum - Total speed: 59.296 MH/s, Total shares: 0 Rejected: 0, Time: 00:15
2021-02-18 21:29:48: [Statistics] Ethereum last 10 min - Total: 59.484 MH/s.
2021-02-18 21:29:49: <info>  New job from eth-eu2.nanopool.org:9433
2021-02-18 21:29:49: [Statistics] Ethereum - Total speed: 59.155 MH/s, Total shares: 0 Rejected: 0, Time: 00:15
2021-02-18 21:29:49: [Statistics] GPU0 t=53°C fan 31% power 124.75W. Total power: 124.75W
2021-02-18 21:29:51: <info>  New job from eth-eu2.nanopool.org:9433
2021-02-18 21:29:51: [Statistics] Ethereum - Total speed: 58.955 MH/s, Total shares: 0 Rejected: 0, Time: 00:18
2021-02-18 21:29:54: <info>  New job from eth-eu2.nanopool.org:9433
2021-02-18 21:29:54: [Statistics] Ethereum - Total speed: 58.976 MH/s, Total shares: 0 Rejected: 0, Time: 00:21
2021-02-18 21:29:54: [Statistics] GPU0 t=53°C fan 31% power 124.81W. Total power: 124.81W
2021-02-18 21:29:57: <info>  New job from eth-eu2.nanopool.org:9433
2021-02-18 21:29:57: [Statistics] Ethereum - Total speed: 58.795 MH/s, Total shares: 0 Rejected: 0, Time: 00:24
2021-02-18 21:29:57: [Statistics] Ethereum last 10 min - Total: 59.213 MH/s.
2021-02-18 21:29:59: <info>  New job from eth-eu2.nanopool.org:9433
2021-02-18 21:29:59: [Statistics] Ethereum - Total speed: 58.639 MH/s, Total shares: 0 Rejected: 0, Time: 00:26
2021-02-18 21:29:59: [Statistics] GPU0 t=53°C fan 31% power 124.58W. Total power: 124.58W
2021-02-18 21:29:59: <info>  New job from eth-eu2.nanopool.org:9433
2021-02-18 21:29:59: [Statistics] Ethereum - Total speed: 58.538 MH/s, Total shares: 0 Rejected: 0, Time: 00:26
2021-02-18 21:29:59: <info>  New job from eth-eu2.nanopool.org:9433
2021-02-18 21:29:59: [Statistics] Ethereum - Total speed: 58.464 MH/s, Total shares: 0 Rejected: 0, Time: 00:26
2021-02-18 21:29:59: [Statistics] GPU0 t=53°C fan 31% power 125.03W. Total power: 125.03W
2021-02-18 21:29:59: <info>  New job from eth-eu2.nanopool.org:9433
2021-02-18 21:29:59: [Statistics] Ethereum - Total speed: 58.224 MH/s, Total shares: 0 Rejected: 0, Time: 00:26
2021-02-18 21:29:59: [Statistics] Ethereum last 10 min - Total: 59.157 MH/s.
2021-02-18 21:30:01: <info>  Ethereum - SHARE FOUND (GPU: 0, nonce: 0x05097a726b8d2cf4).
2021-02-18 21:30:01: <info> Ethereum: share denied: Provided PoW solution is invalid! (53 ms).
2021-02-18 21:30:02: <info>  New job from eth-eu2.nanopool.org:9433
2021-02-18 21:30:02: [Statistics] Ethereum - Total speed: 58.110 MH/s, Total shares: 1 Rejected: 1, Time: 00:29
2021-02-18 21:30:02: [Statistics] GPU0 t=54°C fan 31% power 124.91W. Total power: 124.91W
2021-02-18 21:30:05: <info>  New job from eth-eu2.nanopool.org:9433
2021-02-18 21:30:05: [Statistics] Ethereum - Total speed: 58.029 MH/s, Total shares: 1 Rejected: 1, Time: 00:32
2021-02-18 21:30:06: <info>  New job from eth-eu2.nanopool.org:9433
2021-02-18 21:30:06: [Statistics] Ethereum - Total speed: 58.199 MH/s, Total shares: 1 Rejected: 1, Time: 00:33
2021-02-18 21:30:06: [Statistics] GPU0 t=54°C fan 31% power 124.93W. Total power: 124.93W
2021-02-18 21:30:06: <info>  New job from eth-eu2.nanopool.org:9433
2021-02-18 21:30:06: [Statistics] Ethereum - Total speed: 58.161 MH/s, Total shares: 1 Rejected: 1, Time: 00:33
2021-02-18 21:30:06: [Statistics] Ethereum last 10 min - Total: 58.875 MH/s.
2021-02-18 21:30:09: <info>  New job from eth-eu2.nanopool.org:9433
2021-02-18 21:30:09: [Statistics] Ethereum - Total speed: 58.193 MH/s, Total shares: 1 Rejected: 1, Time: 00:36
2021-02-18 21:30:09: [Statistics] GPU0 t=54°C fan 31% power 125.15W. Total power: 125.15W
2021-02-18 21:30:13: <info>  New job from eth-eu2.nanopool.org:9433
2021-02-18 21:30:13: [Statistics] Ethereum - Total speed: 58.236 MH/s, Total shares: 1 Rejected: 1, Time: 00:40
2021-02-18 21:30:15: <info>  New job from eth-eu2.nanopool.org:9433
2021-02-18 21:30:15: [Statistics] Ethereum - Total speed: 58.180 MH/s, Total shares: 1 Rejected: 1, Time: 00:42
2021-02-18 21:30:15: [Statistics] GPU0 t=54°C fan 31% power 125.03W. Total power: 125.03W
2021-02-18 21:30:18: <info>  New job from eth-eu2.nanopool.org:9433
2021-02-18 21:30:18: [Statistics] Ethereum - Total speed: 58.101 MH/s, Total shares: 1 Rejected: 1, Time: 00:45
2021-02-18 21:30:18: [Statistics] Ethereum last 10 min - Total: 58.659 MH/s.
2021-02-18 21:30:21: <info>  New job from eth-eu2.nanopool.org:9433
2021-02-18 21:30:21: [Statistics] Ethereum - Total speed: 58.071 MH/s, Total shares: 1 Rejected: 1, Time: 00:48
2021-02-18 21:30:21: [Statistics] GPU0 t=54°C fan 31% power 125.19W. Total power: 125.19W
2021-02-18 21:30:24: <info>  New job from eth-eu2.nanopool.org:9433
2021-02-18 21:30:24: [Statistics] Ethereum - Total speed: 58.088 MH/s, Total shares: 1 Rejected: 1, Time: 00:51
2021-02-18 21:30:27: <info>  New job from eth-eu2.nanopool.org:9433
2021-02-18 21:30:27: [Statistics] Ethereum - Total speed: 58.230 MH/s, Total shares: 1 Rejected: 1, Time: 00:54
2021-02-18 21:30:27: [Statistics] GPU0 t=54°C fan 31% power 125.14W. Total power: 125.14W
2021-02-18 21:30:30: <info>  New job from eth-eu2.nanopool.org:9433
2021-02-18 21:30:30: [Statistics] Ethereum - Total speed: 58.400 MH/s, Total shares: 1 Rejected: 1, Time: 00:57
2021-02-18 21:30:30: [Statistics] Ethereum last 10 min - Total: 58.538 MH/s.
2021-02-18 21:30:32: <info>  New job from eth-eu2.nanopool.org:9433
2021-02-18 21:30:32: [Statistics] Ethereum - Total speed: 58.473 MH/s, Total shares: 1 Rejected: 1, Time: 00:59
2021-02-18 21:30:32: [Statistics] GPU0 t=54°C fan 31% power 124.57W. Total power: 124.57W
2021-02-18 21:30:32: <info>  New job from eth-eu2.nanopool.org:9433
2021-02-18 21:30:32: [Statistics] Ethereum - Total speed: 58.532 MH/s, Total shares: 1 Rejected: 1, Time: 00:59
2021-02-18 21:30:35: <info>  New job from eth-eu2.nanopool.org:9433
2021-02-18 21:30:35: [Statistics] Ethereum - Total speed: 58.099 MH/s, Total shares: 1 Rejected: 1, Time: 01:02
2021-02-18 21:30:35: [Statistics] GPU0 t=54°C fan 31% power 125.44W. Total power: 125.44W
2021-02-18 21:30:37: <info>  New job from eth-eu2.nanopool.org:9433
2021-02-18 21:30:37: [Statistics] Ethereum - Total speed: 57.905 MH/s, Total shares: 1 Rejected: 1, Time: 01:04
2021-02-18 21:30:37: [Statistics] Ethereum last 10 min - Total: 58.507 MH/s.
2021-02-18 21:30:37: <info>  New job from eth-eu2.nanopool.org:9433
2021-02-18 21:30:37: [Statistics] Ethereum - Total speed: 57.835 MH/s, Total shares: 1 Rejected: 1, Time: 01:04
2021-02-18 21:30:37: [Statistics] GPU0 t=55°C fan 31% power 124.72W. Total power: 124.72W
2021-02-18 21:30:42: <info>  New job from eth-eu2.nanopool.org:9433
2021-02-18 21:30:42: [Statistics] Ethereum - Total speed: 57.862 MH/s, Total shares: 1 Rejected: 1, Time: 01:09
2021-02-18 21:30:43: <info>  New job from eth-eu2.nanopool.org:9433
2021-02-18 21:30:43: [Statistics] Ethereum - Total speed: 57.992 MH/s, Total shares: 1 Rejected: 1, Time: 01:10
2021-02-18 21:30:43: [Statistics] GPU0 t=54°C fan 31% power 125.14W. Total power: 125.14W
2021-02-18 21:30:46: <info>  New job from eth-eu2.nanopool.org:9433
2021-02-18 21:30:46: [Statistics] Ethereum - Total speed: 57.956 MH/s, Total shares: 1 Rejected: 1, Time: 01:13
2021-02-18 21:30:46: [Statistics] Ethereum last 10 min - Total: 58.424 MH/s.
2021-02-18 21:30:49: <info>  New job from eth-eu2.nanopool.org:9433
2021-02-18 21:30:49: [Statistics] Ethereum - Total speed: 58.069 MH/s, Total shares: 1 Rejected: 1, Time: 01:16
2021-02-18 21:30:49: [Statistics] GPU0 t=55°C fan 31% power 124.81W. Total power: 124.81W
2021-02-18 21:30:50: <info>  New job from eth-eu2.nanopool.org:9433
2021-02-18 21:30:50: [Statistics] Ethereum - Total speed: 58.171 MH/s, Total shares: 1 Rejected: 1, Time: 01:17
2021-02-18 21:30:50: <info>  New job from eth-eu2.nanopool.org:9433
2021-02-18 21:30:50: [Statistics] Ethereum - Total speed: 58.354 MH/s, Total shares: 1 Rejected: 1, Time: 01:17
2021-02-18 21:30:50: [Statistics] GPU0 t=55°C fan 31% power 124.92W. Total power: 124.92W
2021-02-18 21:30:53: <info>  New job from eth-eu2.nanopool.org:9433
2021-02-18 21:30:53: [Statistics] Ethereum - Total speed: 58.358 MH/s, Total shares: 1 Rejected: 1, Time: 01:20
2021-02-18 21:30:53: [Statistics] Ethereum last 10 min - Total: 58.401 MH/s.
2021-02-18 21:30:56: <info>  New job from eth-eu2.nanopool.org:9433
2021-02-18 21:30:56: [Statistics] Ethereum - Total speed: 58.361 MH/s, Total shares: 1 Rejected: 1, Time: 01:23
2021-02-18 21:30:56: [Statistics] GPU0 t=55°C fan 31% power 125.05W. Total power: 125.05W
2021-02-18 21:30:59: <info>  New job from eth-eu2.nanopool.org:9433
2021-02-18 21:30:59: [Statistics] Ethereum - Total speed: 58.169 MH/s, Total shares: 1 Rejected: 1, Time: 01:26
2021-02-18 21:31:02: <info>  New job from eth-eu2.nanopool.org:9433
2021-02-18 21:31:02: [Statistics] Ethereum - Total speed: 58.071 MH/s, Total shares: 1 Rejected: 1, Time: 01:29
2021-02-18 21:31:02: [Statistics] GPU0 t=55°C fan 31% power 124.97W. Total power: 124.97W
2021-02-18 21:31:05: <info>  New job from eth-eu2.nanopool.org:9433
2021-02-18 21:31:05: [Statistics] Ethereum - Total speed: 58.046 MH/s, Total shares: 1 Rejected: 1, Time: 01:32
2021-02-18 21:31:05: [Statistics] Ethereum last 10 min - Total: 58.373 MH/s.
2021-02-18 21:31:08: <info>  New job from eth-eu2.nanopool.org:9433
2021-02-18 21:31:08: [Statistics] Ethereum - Total speed: 57.968 MH/s, Total shares: 1 Rejected: 1, Time: 01:35
2021-02-18 21:31:08: [Statistics] GPU0 t=55°C fan 31% power 125.14W. Total power: 125.14W
2021-02-18 21:31:11: <info>  New job from eth-eu2.nanopool.org:9433
2021-02-18 21:31:11: [Statistics] Ethereum - Total speed: 57.941 MH/s, Total shares: 1 Rejected: 1, Time: 01:38
2021-02-18 21:31:14: <info>  New job from eth-eu2.nanopool.org:9433
2021-02-18 21:31:14: [Statistics] Ethereum - Total speed: 57.997 MH/s, Total shares: 1 Rejected: 1, Time: 01:41
2021-02-18 21:31:14: [Statistics] GPU0 t=55°C fan 31% power 125.10W. Total power: 125.10W
2021-02-18 21:31:17: <info>  New job from eth-eu2.nanopool.org:9433
2021-02-18 21:31:17: [Statistics] Ethereum - Total speed: 57.943 MH/s, Total shares: 1 Rejected: 1, Time: 01:44
2021-02-18 21:31:17: [Statistics] Ethereum last 10 min - Total: 58.323 MH/s.
2021-02-18 21:31:17: <info>  New job from eth-eu2.nanopool.org:9433
2021-02-18 21:31:17: [Statistics] Ethereum - Total speed: 57.861 MH/s, Total shares: 1 Rejected: 1, Time: 01:44
2021-02-18 21:31:17: [Statistics] GPU0 t=55°C fan 31% power 125.35W. Total power: 125.35W
2021-02-18 21:31:18: <info>  New job from eth-eu2.nanopool.org:9433
2021-02-18 21:31:18: [Statistics] Ethereum - Total speed: 57.779 MH/s, Total shares: 1 Rejected: 1, Time: 01:45
2021-02-18 21:31:19: <info>  New job from eth-eu2.nanopool.org:9433
2021-02-18 21:31:19: [Statistics] Ethereum - Total speed: 57.599 MH/s, Total shares: 1 Rejected: 1, Time: 01:46
2021-02-18 21:31:19: [Statistics] GPU0 t=55°C fan 31% power 125.09W. Total power: 125.09W
2021-02-18 21:31:19: <info>  New job from eth-eu2.nanopool.org:9433
2021-02-18 21:31:19: [Statistics] Ethereum - Total speed: 57.576 MH/s, Total shares: 1 Rejected: 1, Time: 01:46
2021-02-18 21:31:19: [Statistics] Ethereum last 10 min - Total: 58.309 MH/s.
2021-02-18 21:31:22: <info>  New job from eth-eu2.nanopool.org:9433
2021-02-18 21:31:22: [Statistics] Ethereum - Total speed: 57.764 MH/s, Total shares: 1 Rejected: 1, Time: 01:49
2021-02-18 21:31:22: [Statistics] GPU0 t=55°C fan 31% power 125.35W. Total power: 125.35W
2021-02-18 21:31:25: <info>  New job from eth-eu2.nanopool.org:9433
2021-02-18 21:31:25: [Statistics] Ethereum - Total speed: 57.707 MH/s, Total shares: 1 Rejected: 1, Time: 01:52
2021-02-18 21:31:26: <info>  New job from eth-eu2.nanopool.org:9433
2021-02-18 21:31:26: [Statistics] Ethereum - Total speed: 57.669 MH/s, Total shares: 1 Rejected: 1, Time: 01:53
2021-02-18 21:31:26: [Statistics] GPU0 t=55°C fan 31% power 125.24W. Total power: 125.24W
2021-02-18 21:31:26: <info>  New job from eth-eu2.nanopool.org:9433
2021-02-18 21:31:26: [Statistics] Ethereum - Total speed: 57.719 MH/s, Total shares: 1 Rejected: 1, Time: 01:53
2021-02-18 21:31:26: [Statistics] Ethereum last 10 min - Total: 58.269 MH/s.
2021-02-18 21:31:27: <info>  Ethereum - SHARE FOUND (GPU: 0, nonce: 0x3721bf518354acae).
2021-02-18 21:31:27: <info> Ethereum: share denied: Provided PoW solution is invalid! (53 ms).
2021-02-18 21:31:28: <info>  New job from eth-eu2.nanopool.org:9433
2021-02-18 21:31:28: [Statistics] Ethereum - Total speed: 57.439 MH/s, Total shares: 2 Rejected: 2, Time: 01:55
2021-02-18 21:31:28: [Statistics] GPU0 t=55°C fan 31% power 125.08W. Total power: 125.08W
2021-02-18 21:31:28: <info>  New job from eth-eu2.nanopool.org:9433
2021-02-18 21:31:28: [Statistics] Ethereum - Total speed: 57.394 MH/s, Total shares: 2 Rejected: 2, Time: 01:55
2021-02-18 21:31:32: <info>  New job from eth-eu2.nanopool.org:9433
2021-02-18 21:31:32: [Statistics] Ethereum - Total speed: 57.258 MH/s, Total shares: 2 Rejected: 2, Time: 01:58
2021-02-18 21:31:32: [Statistics] GPU0 t=55°C fan 31% power 125.14W. Total power: 125.14W
2021-02-18 21:31:34: <info>  New job from eth-eu2.nanopool.org:9433
2021-02-18 21:31:34: [Statistics] Ethereum - Total speed: 57.267 MH/s, Total shares: 2 Rejected: 2, Time: 02:01
2021-02-18 21:31:34: [Statistics] Ethereum last 10 min - Total: 58.208 MH/s.
2021-02-18 21:31:37: <info>  New job from eth-eu2.nanopool.org:9433
2021-02-18 21:31:37: [Statistics] Ethereum - Total speed: 57.029 MH/s, Total shares: 2 Rejected: 2, Time: 02:03
2021-02-18 21:31:37: [Statistics] GPU0 t=55°C fan 31% power 124.87W. Total power: 124.87W
2021-02-18 21:31:37: <info>  New job from eth-eu2.nanopool.org:9433
2021-02-18 21:31:37: [Statistics] Ethereum - Total speed: 56.947 MH/s, Total shares: 2 Rejected: 2, Time: 02:04
2021-02-18 21:31:38: <info>  New job from eth-eu2.nanopool.org:9433
2021-02-18 21:31:38: [Statistics] Ethereum - Total speed: 56.520 MH/s, Total shares: 2 Rejected: 2, Time: 02:05
2021-02-18 21:31:38: [Statistics] GPU0 t=55°C fan 31% power 125.17W. Total power: 125.17W
2021-02-18 21:31:41: <info>  New job from eth-eu2.nanopool.org:9433
2021-02-18 21:31:41: [Statistics] Ethereum - Total speed: 56.385 MH/s, Total shares: 2 Rejected: 2, Time: 02:08
2021-02-18 21:31:41: [Statistics] Ethereum last 10 min - Total: 58.127 MH/s.
2021-02-18 21:31:44: <info>  New job from eth-eu2.nanopool.org:9433
2021-02-18 21:31:44: [Statistics] Ethereum - Total speed: 56.276 MH/s, Total shares: 2 Rejected: 2, Time: 02:11
2021-02-18 21:31:44: [Statistics] GPU0 t=55°C fan 31% power 124.98W. Total power: 124.98W
2021-02-18 21:31:47: <info>  New job from eth-eu2.nanopool.org:9433
2021-02-18 21:31:47: [Statistics] Ethereum - Total speed: 56.199 MH/s, Total shares: 2 Rejected: 2, Time: 02:14
2021-02-18 21:31:50: <info>  New job from eth-eu2.nanopool.org:9433
2021-02-18 21:31:50: [Statistics] Ethereum - Total speed: 56.054 MH/s, Total shares: 2 Rejected: 2, Time: 02:17
2021-02-18 21:31:50: [Statistics] GPU0 t=55°C fan 31% power 125.16W. Total power: 125.16W
2021-02-18 21:31:53: <info>  New job from eth-eu2.nanopool.org:9433
2021-02-18 21:31:53: [Statistics] Ethereum - Total speed: 55.855 MH/s, Total shares: 2 Rejected: 2, Time: 02:20
2021-02-18 21:31:53: [Statistics] Ethereum last 10 min - Total: 57.949 MH/s.
2021-02-18 21:31:56: <info>  New job from eth-eu2.nanopool.org:9433
2021-02-18 21:31:56: [Statistics] Ethereum - Total speed: 55.761 MH/s, Total shares: 2 Rejected: 2, Time: 02:23
2021-02-18 21:31:56: [Statistics] GPU0 t=54°C fan 31% power 109.67W. Total power: 109.67W
2021-02-18 21:31:59: <info>  New job from eth-eu2.nanopool.org:9433
2021-02-18 21:31:59: [Statistics] Ethereum - Total speed: 55.500 MH/s, Total shares: 2 Rejected: 2, Time: 02:26
2021-02-18 21:32:02: <info>  New job from eth-eu2.nanopool.org:9433
2021-02-18 21:32:02: [Statistics] Ethereum - Total speed: 55.158 MH/s, Total shares: 2 Rejected: 2, Time: 02:29
2021-02-18 21:32:02: [Statistics] GPU0 t=54°C fan 31% power 111.79W. Total power: 111.79W
2021-02-18 21:32:05: <info>  New job from eth-eu2.nanopool.org:9433
2021-02-18 21:32:05: [Statistics] Ethereum - Total speed: 54.844 MH/s, Total shares: 2 Rejected: 2, Time: 02:32
2021-02-18 21:32:05: [Statistics] Ethereum last 10 min - Total: 57.742 MH/s.
2021-02-18 21:32:08: <info>  New job from eth-eu2.nanopool.org:9433
2021-02-18 21:32:08: [Statistics] Ethereum - Total speed: 54.694 MH/s, Total shares: 2 Rejected: 2, Time: 02:35
2021-02-18 21:32:08: [Statistics] GPU0 t=54°C fan 31% power 116.13W. Total power: 116.13W
2021-02-18 21:32:11: <info>  New job from eth-eu2.nanopool.org:9433
2021-02-18 21:32:11: [Statistics] Ethereum - Total speed: 54.607 MH/s, Total shares: 2 Rejected: 2, Time: 02:38
2021-02-18 21:32:14: <info>  New job from eth-eu2.nanopool.org:9433
2021-02-18 21:32:14: [Statistics] Ethereum - Total speed: 54.545 MH/s, Total shares: 2 Rejected: 2, Time: 02:41
2021-02-18 21:32:14: [Statistics] GPU0 t=54°C fan 31% power 116.49W. Total power: 116.49W
2021-02-18 21:32:17: <info>  New job from eth-eu2.nanopool.org:9433
2021-02-18 21:32:17: [Statistics] Ethereum - Total speed: 54.469 MH/s, Total shares: 2 Rejected: 2, Time: 02:44
2021-02-18 21:32:17: [Statistics] Ethereum last 10 min - Total: 57.502 MH/s.
2021-02-18 21:32:20: <info>  New job from eth-eu2.nanopool.org:9433
2021-02-18 21:32:20: [Statistics] Ethereum - Total speed: 54.420 MH/s, Total shares: 2 Rejected: 2, Time: 02:47
2021-02-18 21:32:20: [Statistics] GPU0 t=54°C fan 31% power 116.35W. Total power: 116.35W
2021-02-18 21:32:23: <info>  New job from eth-eu2.nanopool.org:9433
2021-02-18 21:32:23: [Statistics] Ethereum - Total speed: 54.371 MH/s, Total shares: 2 Rejected: 2, Time: 02:50
2021-02-18 21:32:26: <info>  New job from eth-eu2.nanopool.org:9433
2021-02-18 21:32:26: [Statistics] Ethereum - Total speed: 54.360 MH/s, Total shares: 2 Rejected: 2, Time: 02:53
2021-02-18 21:32:26: [Statistics] GPU0 t=54°C fan 31% power 116.64W. Total power: 116.64W
2021-02-18 21:32:29: <info>  New job from eth-eu2.nanopool.org:9433
2021-02-18 21:32:29: [Statistics] Ethereum - Total speed: 54.331 MH/s, Total shares: 2 Rejected: 2, Time: 02:56
2021-02-18 21:32:29: [Statistics] Ethereum last 10 min - Total: 57.279 MH/s.
2021-02-18 21:32:32: <info>  New job from eth-eu2.nanopool.org:9433
2021-02-18 21:32:32: [Statistics] Ethereum - Total speed: 54.241 MH/s, Total shares: 2 Rejected: 2, Time: 02:59
2021-02-18 21:32:32: [Statistics] GPU0 t=54°C fan 31% power 116.02W. Total power: 116.02W
2021-02-18 21:32:35: <info>  New job from eth-eu2.nanopool.org:9433
2021-02-18 21:32:35: [Statistics] Ethereum - Total speed: 54.239 MH/s, Total shares: 2 Rejected: 2, Time: 03:02
2021-02-18 21:32:38: <info>  New job from eth-eu2.nanopool.org:9433
2021-02-18 21:32:38: [Statistics] Ethereum - Total speed: 54.416 MH/s, Total shares: 2 Rejected: 2, Time: 03:05
2021-02-18 21:32:38: [Statistics] GPU0 t=54°C fan 31% power 115.13W. Total power: 115.13W
2021-02-18 21:32:40: <info>  New job from eth-eu2.nanopool.org:9433
2021-02-18 21:32:40: [Statistics] Ethereum - Total speed: 54.455 MH/s, Total shares: 2 Rejected: 2, Time: 03:07
2021-02-18 21:32:40: [Statistics] Ethereum last 10 min - Total: 57.092 MH/s.
2021-02-18 21:32:41: <info>  New job from eth-eu2.nanopool.org:9433
2021-02-18 21:32:41: [Statistics] Ethereum - Total speed: 54.045 MH/s, Total shares: 2 Rejected: 2, Time: 03:08
2021-02-18 21:32:41: [Statistics] GPU0 t=54°C fan 31% power 116.41W. Total power: 116.41W
2021-02-18 21:32:43: <info>  New job from eth-eu2.nanopool.org:9433
2021-02-18 21:32:43: [Statistics] Ethereum - Total speed: 53.113 MH/s, Total shares: 2 Rejected: 2, Time: 03:10
2021-02-18 21:32:46: <info>  New job from eth-eu2.nanopool.org:9433
2021-02-18 21:32:46: [Statistics] Ethereum - Total speed: 52.482 MH/s, Total shares: 2 Rejected: 2, Time: 03:13
2021-02-18 21:32:46: [Statistics] GPU0 t=54°C fan 31% power 115.89W. Total power: 115.89W
2021-02-18 21:32:49: <info>  New job from eth-eu2.nanopool.org:9433
2021-02-18 21:32:49: [Statistics] Ethereum - Total speed: 52.195 MH/s, Total shares: 2 Rejected: 2, Time: 03:16
2021-02-18 21:32:49: [Statistics] Ethereum last 10 min - Total: 56.894 MH/s.
2021-02-18 21:32:52: <info>  New job from eth-eu2.nanopool.org:9433
2021-02-18 21:32:52: [Statistics] Ethereum - Total speed: 52.173 MH/s, Total shares: 2 Rejected: 2, Time: 03:19
2021-02-18 21:32:52: [Statistics] GPU0 t=54°C fan 31% power 116.76W. Total power: 116.76W
2021-02-18 21:32:55: <info>  New job from eth-eu2.nanopool.org:9433
2021-02-18 21:32:55: [Statistics] Ethereum - Total speed: 52.360 MH/s, Total shares: 2 Rejected: 2, Time: 03:22
2021-02-18 21:32:58: <info>  New job from eth-eu2.nanopool.org:9433
2021-02-18 21:32:58: [Statistics] Ethereum - Total speed: 52.535 MH/s, Total shares: 2 Rejected: 2, Time: 03:25
2021-02-18 21:32:58: [Statistics] GPU0 t=54°C fan 31% power 116.53W. Total power: 116.53W
2021-02-18 21:33:01: <info>  New job from eth-eu2.nanopool.org:9433
2021-02-18 21:33:01: [Statistics] Ethereum - Total speed: 52.674 MH/s, Total shares: 2 Rejected: 2, Time: 03:28
2021-02-18 21:33:01: [Statistics] Ethereum last 10 min - Total: 56.623 MH/s.
2021-02-18 21:33:04: <info>  New job from eth-eu2.nanopool.org:9433
2021-02-18 21:33:04: [Statistics] Ethereum - Total speed: 52.813 MH/s, Total shares: 2 Rejected: 2, Time: 03:31
2021-02-18 21:33:04: [Statistics] GPU0 t=54°C fan 31% power 116.13W. Total power: 116.13W
2021-02-18 21:33:07: <info>  New job from eth-eu2.nanopool.org:9433
2021-02-18 21:33:07: [Statistics] Ethereum - Total speed: 52.915 MH/s, Total shares: 2 Rejected: 2, Time: 03:34
2021-02-18 21:33:10: <info>  New job from eth-eu2.nanopool.org:9433
2021-02-18 21:33:10: [Statistics] Ethereum - Total speed: 52.610 MH/s, Total shares: 2 Rejected: 2, Time: 03:37
2021-02-18 21:33:10: [Statistics] GPU0 t=54°C fan 31% power 116.46W. Total power: 116.46W
2021-02-18 21:33:13: <info>  New job from eth-eu2.nanopool.org:9433
2021-02-18 21:33:13: [Statistics] Ethereum - Total speed: 52.701 MH/s, Total shares: 2 Rejected: 2, Time: 03:40
2021-02-18 21:33:13: [Statistics] Ethereum last 10 min - Total: 56.411 MH/s.
2021-02-18 21:33:16: <info>  New job from eth-eu2.nanopool.org:9433
2021-02-18 21:33:16: [Statistics] Ethereum - Total speed: 52.876 MH/s, Total shares: 2 Rejected: 2, Time: 03:43
2021-02-18 21:33:16: [Statistics] GPU0 t=55°C fan 31% power 125.00W. Total power: 125.00W
2021-02-18 21:33:19: <info>  New job from eth-eu2.nanopool.org:9433
2021-02-18 21:33:19: [Statistics] Ethereum - Total speed: 53.036 MH/s, Total shares: 2 Rejected: 2, Time: 03:46
2021-02-18 21:33:22: <info>  New job from eth-eu2.nanopool.org:9433
2021-02-18 21:33:22: [Statistics] Ethereum - Total speed: 53.191 MH/s, Total shares: 2 Rejected: 2, Time: 03:49
2021-02-18 21:33:22: [Statistics] GPU0 t=55°C fan 31% power 124.89W. Total power: 124.89W
2021-02-18 21:33:25: <info>  New job from eth-eu2.nanopool.org:9433
2021-02-18 21:33:25: [Statistics] Ethereum - Total speed: 53.323 MH/s, Total shares: 2 Rejected: 2, Time: 03:52
2021-02-18 21:33:25: [Statistics] Ethereum last 10 min - Total: 56.230 MH/s.
2021-02-18 21:33:28: <info>  New job from eth-eu2.nanopool.org:9433
2021-02-18 21:33:28: [Statistics] Ethereum - Total speed: 53.569 MH/s, Total shares: 2 Rejected: 2, Time: 03:55
2021-02-18 21:33:28: [Statistics] GPU0 t=55°C fan 31% power 124.97W. Total power: 124.97W
2021-02-18 21:33:31: <info>  New job from eth-eu2.nanopool.org:9433
2021-02-18 21:33:31: [Statistics] Ethereum - Total speed: 53.798 MH/s, Total shares: 2 Rejected: 2, Time: 03:58
2021-02-18 21:33:34: <info>  New job from eth-eu2.nanopool.org:9433
2021-02-18 21:33:34: [Statistics] Ethereum - Total speed: 53.858 MH/s, Total shares: 2 Rejected: 2, Time: 04:01
2021-02-18 21:33:34: [Statistics] GPU0 t=55°C fan 31% power 124.96W. Total power: 124.96W
2021-02-18 21:33:37: <info>  New job from eth-eu2.nanopool.org:9433
2021-02-18 21:33:37: [Statistics] Ethereum - Total speed: 53.943 MH/s, Total shares: 2 Rejected: 2, Time: 04:04
2021-02-18 21:33:37: [Statistics] Ethereum last 10 min - Total: 56.103 MH/s.
2021-02-18 21:33:40: <info>  New job from eth-eu2.nanopool.org:9433
2021-02-18 21:33:40: [Statistics] Ethereum - Total speed: 53.973 MH/s, Total shares: 2 Rejected: 2, Time: 04:07
2021-02-18 21:33:40: [Statistics] GPU0 t=55°C fan 31% power 125.04W. Total power: 125.04W
2021-02-18 21:33:43: <info>  New job from eth-eu2.nanopool.org:9433
2021-02-18 21:33:43: [Statistics] Ethereum - Total speed: 54.118 MH/s, Total shares: 2 Rejected: 2, Time: 04:10
2021-02-18 21:33:46: <info>  New job from eth-eu2.nanopool.org:9433
2021-02-18 21:33:46: [Statistics] Ethereum - Total speed: 54.375 MH/s, Total shares: 2 Rejected: 2, Time: 04:13
2021-02-18 21:33:46: [Statistics] GPU0 t=55°C fan 31% power 124.93W. Total power: 124.93W
2021-02-18 21:33:49: <info>  New job from eth-eu2.nanopool.org:9433
2021-02-18 21:33:49: [Statistics] Ethereum - Total speed: 54.386 MH/s, Total shares: 2 Rejected: 2, Time: 04:16
2021-02-18 21:33:49: [Statistics] Ethereum last 10 min - Total: 56.008 MH/s.
2021-02-18 21:33:52: <info>  New job from eth-eu2.nanopool.org:9433
2021-02-18 21:33:52: [Statistics] Ethereum - Total speed: 54.413 MH/s, Total shares: 2 Rejected: 2, Time: 04:19
2021-02-18 21:33:52: [Statistics] GPU0 t=55°C fan 31% power 125.17W. Total power: 125.17W
2021-02-18 21:33:53: <info>  New job from eth-eu2.nanopool.org:9433
2021-02-18 21:33:53: [Statistics] Ethereum - Total speed: 54.411 MH/s, Total shares: 2 Rejected: 2, Time: 04:20
2021-02-18 21:33:54: <info>  New job from eth-eu2.nanopool.org:9433
2021-02-18 21:33:54: [Statistics] Ethereum - Total speed: 54.390 MH/s, Total shares: 2 Rejected: 2, Time: 04:21
2021-02-18 21:33:54: [Statistics] GPU0 t=55°C fan 31% power 125.09W. Total power: 125.09W
2021-02-18 21:33:57: <info>  New job from eth-eu2.nanopool.org:9433
2021-02-18 21:33:57: [Statistics] Ethereum - Total speed: 54.349 MH/s, Total shares: 2 Rejected: 2, Time: 04:24
2021-02-18 21:33:57: [Statistics] Ethereum last 10 min - Total: 55.955 MH/s.
2021-02-18 21:33:59: <info>  New job from eth-eu2.nanopool.org:9433
2021-02-18 21:33:59: [Statistics] Ethereum - Total speed: 54.423 MH/s, Total shares: 2 Rejected: 2, Time: 04:26
2021-02-18 21:33:59: [Statistics] GPU0 t=55°C fan 31% power 125.33W. Total power: 125.33W
2021-02-18 21:34:02: <info>  New job from eth-eu2.nanopool.org:9433
2021-02-18 21:34:02: [Statistics] Ethereum - Total speed: 54.403 MH/s, Total shares: 2 Rejected: 2, Time: 04:29
2021-02-18 21:34:05: <info>  New job from eth-eu2.nanopool.org:9433
2021-02-18 21:34:05: [Statistics] Ethereum - Total speed: 54.477 MH/s, Total shares: 2 Rejected: 2, Time: 04:32
2021-02-18 21:34:05: [Statistics] GPU0 t=55°C fan 31% power 125.08W. Total power: 125.08W
2021-02-18 21:34:08: <info>  New job from eth-eu2.nanopool.org:9433
2021-02-18 21:34:08: [Statistics] Ethereum - Total speed: 54.518 MH/s, Total shares: 2 Rejected: 2, Time: 04:35
2021-02-18 21:34:08: [Statistics] Ethereum last 10 min - Total: 55.893 MH/s.
2021-02-18 21:34:12: <info>  New job from eth-eu2.nanopool.org:9433
2021-02-18 21:34:12: [Statistics] Ethereum - Total speed: 54.520 MH/s, Total shares: 2 Rejected: 2, Time: 04:39
2021-02-18 21:34:12: [Statistics] GPU0 t=56°C fan 31% power 124.82W. Total power: 124.82W
2021-02-18 21:34:14: <info>  New job from eth-eu2.nanopool.org:9433
2021-02-18 21:34:14: [Statistics] Ethereum - Total speed: 54.542 MH/s, Total shares: 2 Rejected: 2, Time: 04:41
2021-02-18 21:34:17: <info>  New job from eth-eu2.nanopool.org:9433
2021-02-18 21:34:17: [Statistics] Ethereum - Total speed: 54.660 MH/s, Total shares: 2 Rejected: 2, Time: 04:44
2021-02-18 21:34:17: [Statistics] GPU0 t=55°C fan 31% power 125.21W. Total power: 125.21W
2021-02-18 21:34:20: <info>  New job from eth-eu2.nanopool.org:9433
2021-02-18 21:34:20: [Statistics] Ethereum - Total speed: 54.625 MH/s, Total shares: 2 Rejected: 2, Time: 04:47
2021-02-18 21:34:20: [Statistics] Ethereum last 10 min - Total: 55.838 MH/s.
2021-02-18 21:34:20: <info>  New job from eth-eu2.nanopool.org:9433
2021-02-18 21:34:20: [Statistics] Ethereum - Total speed: 54.608 MH/s, Total shares: 2 Rejected: 2, Time: 04:47
2021-02-18 21:34:20: [Statistics] GPU0 t=56°C fan 31% power 125.10W. Total power: 125.10W
2021-02-18 21:34:21: <info>  [Ethash] ~~~~~~ DevFee begin ~~~~~~
2021-02-18 21:34:29: <info>  New job from eth-eu2.nanopool.org:9433
2021-02-18 21:34:29: [Statistics] Ethereum - Total speed: 54.445 MH/s, Total shares: 2 Rejected: 2, Time: 04:56
2021-02-18 21:34:29: <info>  New job from commission host
2021-02-18 21:34:29: [Statistics] Ethereum - Total speed: 54.302 MH/s, Total shares: 2 Rejected: 2, Time: 04:56
2021-02-18 21:34:29: [Statistics] GPU0 t=56°C fan 31% power 125.03W. Total power: 125.03W
2021-02-18 21:34:29: <info>  New job from commission host
2021-02-18 21:34:29: [Statistics] Ethereum - Total speed: 54.302 MH/s, Total shares: 2 Rejected: 2, Time: 04:56
2021-02-18 21:34:29: [Statistics] Ethereum last 10 min - Total: 55.798 MH/s.
2021-02-18 21:34:29: <info>  New job from commission host
2021-02-18 21:34:29: [Statistics] Ethereum - Total speed: 54.302 MH/s, Total shares: 2 Rejected: 2, Time: 04:56
2021-02-18 21:34:29: [Statistics] GPU0 t=56°C fan 31% power 125.03W. Total power: 125.03W
2021-02-18 21:34:29: <info>  New job from commission host
2021-02-18 21:34:29: [Statistics] Ethereum - Total speed: 54.302 MH/s, Total shares: 2 Rejected: 2, Time: 04:56
2021-02-18 21:34:29: <info>  New job from commission host
2021-02-18 21:34:29: [Statistics] Ethereum - Total speed: 54.375 MH/s, Total shares: 2 Rejected: 2, Time: 04:56
2021-02-18 21:34:29: [Statistics] GPU0 t=55°C fan 31% power 125.10W. Total power: 125.10W
2021-02-18 21:34:29: <info>  New job from commission host
2021-02-18 21:34:29: [Statistics] Ethereum - Total speed: 54.375 MH/s, Total shares: 2 Rejected: 2, Time: 04:56
2021-02-18 21:34:29: [Statistics] Ethereum last 10 min - Total: 55.797 MH/s.
2021-02-18 21:34:30: <info>  New job from commission host
2021-02-18 21:34:30: [Statistics] Ethereum - Total speed: 54.451 MH/s, Total shares: 2 Rejected: 2, Time: 04:57
2021-02-18 21:34:30: [Statistics] GPU0 t=56°C fan 31% power 125.39W. Total power: 125.39W
2021-02-18 21:34:33: <info>  New job from commission host
2021-02-18 21:34:33: [Statistics] Ethereum - Total speed: 54.369 MH/s, Total shares: 2 Rejected: 2, Time: 05:00
2021-02-18 21:34:36: <info>  New job from commission host
2021-02-18 21:34:36: [Statistics] Ethereum - Total speed: 54.238 MH/s, Total shares: 2 Rejected: 2, Time: 05:03
2021-02-18 21:34:36: [Statistics] GPU0 t=56°C fan 31% power 124.98W. Total power: 124.98W
2021-02-18 21:34:39: <info>  New job from commission host
2021-02-18 21:34:39: [Statistics] Ethereum - Total speed: 54.155 MH/s, Total shares: 2 Rejected: 2, Time: 05:06
2021-02-18 21:34:39: [Statistics] Ethereum last 10 min - Total: 55.746 MH/s.
2021-02-18 21:34:41: <info>  New job from commission host
2021-02-18 21:34:41: [Statistics] Ethereum - Total speed: 54.103 MH/s, Total shares: 2 Rejected: 2, Time: 05:08
2021-02-18 21:34:41: [Statistics] GPU0 t=56°C fan 31% power 125.17W. Total power: 125.17W
2021-02-18 21:34:41: <info>  New job from commission host
2021-02-18 21:34:41: [Statistics] Ethereum - Total speed: 54.030 MH/s, Total shares: 2 Rejected: 2, Time: 05:08
2021-02-18 21:34:44: <info>  New job from commission host
2021-02-18 21:34:44: [Statistics] Ethereum - Total speed: 54.301 MH/s, Total shares: 2 Rejected: 2, Time: 05:11
2021-02-18 21:34:44: [Statistics] GPU0 t=56°C fan 31% power 124.83W. Total power: 124.83W
2021-02-18 21:34:47: <info>  New job from commission host
2021-02-18 21:34:47: [Statistics] Ethereum - Total speed: 54.514 MH/s, Total shares: 2 Rejected: 2, Time: 05:14
2021-02-18 21:34:47: [Statistics] Ethereum last 10 min - Total: 55.708 MH/s.
2021-02-18 21:34:47: <info>  New job from commission host
2021-02-18 21:34:47: [Statistics] Ethereum - Total speed: 54.329 MH/s, Total shares: 2 Rejected: 2, Time: 05:14
2021-02-18 21:34:47: [Statistics] GPU0 t=55°C fan 31% power 125.26W. Total power: 125.26W
2021-02-18 21:34:50: <info>  New job from commission host
2021-02-18 21:34:50: [Statistics] Ethereum - Total speed: 54.205 MH/s, Total shares: 2 Rejected: 2, Time: 05:17
2021-02-18 21:34:53: <info>  New job from commission host
2021-02-18 21:34:53: [Statistics] Ethereum - Total speed: 53.954 MH/s, Total shares: 2 Rejected: 2, Time: 05:20
2021-02-18 21:34:53: [Statistics] GPU0 t=56°C fan 31% power 125.05W. Total power: 125.05W
2021-02-18 21:34:56: <info>  New job from commission host
2021-02-18 21:34:56: [Statistics] Ethereum - Total speed: 53.507 MH/s, Total shares: 2 Rejected: 2, Time: 05:23
2021-02-18 21:34:56: [Statistics] Ethereum last 10 min - Total: 55.660 MH/s.
2021-02-18 21:34:59: <info>  New job from commission host
2021-02-18 21:34:59: [Statistics] Ethereum - Total speed: 52.829 MH/s, Total shares: 2 Rejected: 2, Time: 05:26
2021-02-18 21:34:59: [Statistics] GPU0 t=56°C fan 31% power 124.75W. Total power: 124.75W
2021-02-18 21:35:02: <info>  New job from commission host
2021-02-18 21:35:02: [Statistics] Ethereum - Total speed: 52.479 MH/s, Total shares: 2 Rejected: 2, Time: 05:29
2021-02-18 21:35:05: <info>  New job from commission host
2021-02-18 21:35:05: [Statistics] Ethereum - Total speed: 52.174 MH/s, Total shares: 2 Rejected: 2, Time: 05:32
2021-02-18 21:35:05: [Statistics] GPU0 t=56°C fan 31% power 124.67W. Total power: 124.67W
2021-02-18 21:35:08: <info>  New job from commission host
2021-02-18 21:35:08: [Statistics] Ethereum - Total speed: 52.261 MH/s, Total shares: 2 Rejected: 2, Time: 05:35
2021-02-18 21:35:08: [Statistics] Ethereum last 10 min - Total: 55.547 MH/s.
2021-02-18 21:35:11: <info>  New job from commission host
2021-02-18 21:35:11: [Statistics] Ethereum - Total speed: 51.537 MH/s, Total shares: 2 Rejected: 2, Time: 05:38
2021-02-18 21:35:11: [Statistics] GPU0 t=56°C fan 31% power 125.37W. Total power: 125.37W
2021-02-18 21:35:14: <info>  New job from commission host
2021-02-18 21:35:14: [Statistics] Ethereum - Total speed: 51.039 MH/s, Total shares: 2 Rejected: 2, Time: 05:41
2021-02-18 21:35:17: <info>  New job from commission host
2021-02-18 21:35:17: [Statistics] Ethereum - Total speed: 49.831 MH/s, Total shares: 2 Rejected: 2, Time: 05:44
2021-02-18 21:35:17: [Statistics] GPU0 t=55°C fan 31% power 125.24W. Total power: 125.24W
2021-02-18 21:35:20: <info>  New job from commission host
2021-02-18 21:35:20: [Statistics] Ethereum - Total speed: 49.849 MH/s, Total shares: 2 Rejected: 2, Time: 05:47
2021-02-18 21:35:20: [Statistics] Ethereum last 10 min - Total: 55.383 MH/s.
2021-02-18 21:35:23: <info>  New job from commission host
2021-02-18 21:35:23: [Statistics] Ethereum - Total speed: 49.906 MH/s, Total shares: 2 Rejected: 2, Time: 05:50
2021-02-18 21:35:23: [Statistics] GPU0 t=55°C fan 31% power 125.24W. Total power: 125.24W
2021-02-18 21:35:26: <info>  New job from commission host
2021-02-18 21:35:26: [Statistics] Ethereum - Total speed: 49.871 MH/s, Total shares: 2 Rejected: 2, Time: 05:53
2021-02-18 21:35:27: <info>  New job from commission host
2021-02-18 21:35:27: [Statistics] Ethereum - Total speed: 49.725 MH/s, Total shares: 2 Rejected: 2, Time: 05:54
2021-02-18 21:35:27: [Statistics] GPU0 t=56°C fan 31% power 124.43W. Total power: 124.43W
2021-02-18 21:35:27: <info>  New job from commission host
2021-02-18 21:35:27: [Statistics] Ethereum - Total speed: 49.725 MH/s, Total shares: 2 Rejected: 2, Time: 05:54
2021-02-18 21:35:27: [Statistics] Ethereum last 10 min - Total: 55.266 MH/s.
2021-02-18 21:35:31: <info>  New job from commission host
2021-02-18 21:35:31: [Statistics] Ethereum - Total speed: 49.767 MH/s, Total shares: 2 Rejected: 2, Time: 05:58
2021-02-18 21:35:31: [Statistics] GPU0 t=56°C fan 31% power 125.03W. Total power: 125.03W
2021-02-18 21:35:33: <info>  New job from commission host
2021-02-18 21:35:33: [Statistics] Ethereum - Total speed: 49.993 MH/s, Total shares: 2 Rejected: 2, Time: 06:00
2021-02-18 21:35:33: <info>  [Ethash] ~~~~~~ DevFee end ~~~~~~
2021-02-18 21:35:33: <info>  New job from eth-eu2.nanopool.org:9433
2021-02-18 21:35:33: [Statistics] Ethereum - Total speed: 50.169 MH/s, Total shares: 2 Rejected: 2, Time: 06:00
2021-02-18 21:35:33: [Statistics] GPU0 t=56°C fan 31% power 125.05W. Total power: 125.05W
2021-02-18 21:35:33: <info>  New job from eth-eu2.nanopool.org:9433
2021-02-18 21:35:33: [Statistics] Ethereum - Total speed: 50.169 MH/s, Total shares: 2 Rejected: 2, Time: 06:00
2021-02-18 21:35:33: [Statistics] Ethereum last 10 min - Total: 55.168 MH/s.
2021-02-18 21:35:42: <info>  New job from eth-eu2.nanopool.org:9433
2021-02-18 21:35:42: [Statistics] Ethereum - Total speed: 50.348 MH/s, Total shares: 2 Rejected: 2, Time: 06:09
2021-02-18 21:35:42: [Statistics] GPU0 t=56°C fan 31% power 125.02W. Total power: 125.02W
2021-02-18 21:35:47: <info>  New job from eth-eu2.nanopool.org:9433
2021-02-18 21:35:47: [Statistics] Ethereum - Total speed: 50.527 MH/s, Total shares: 2 Rejected: 2, Time: 06:14
2021-02-18 21:35:57: <info>  New job from eth-eu2.nanopool.org:9433
2021-02-18 21:35:57: [Statistics] Ethereum - Total speed: 50.663 MH/s, Total shares: 2 Rejected: 2, Time: 06:24
2021-02-18 21:35:57: [Statistics] GPU0 t=56°C fan 31% power 124.92W. Total power: 124.92W
2021-02-18 21:35:58: <info>  New job from eth-eu2.nanopool.org:9433
2021-02-18 21:35:58: [Statistics] Ethereum - Total speed: 50.859 MH/s, Total shares: 2 Rejected: 2, Time: 06:25
2021-02-18 21:35:58: [Statistics] Ethereum last 10 min - Total: 54.862 MH/s.
2021-02-18 21:36:25: <info>  New job from eth-eu2.nanopool.org:9433
2021-02-18 21:36:25: [Statistics] Ethereum - Total speed: 50.967 MH/s, Total shares: 2 Rejected: 2, Time: 06:52
2021-02-18 21:36:25: [Statistics] GPU0 t=56°C fan 31% power 125.21W. Total power: 125.21W
2021-02-18 21:36:57: [Statistics] Ethereum - Total speed: 51.055 MH/s, Total shares: 2 Rejected: 2, Time: 07:24
2021-02-18 21:36:57: <info>  Ethereum - SHARE FOUND (GPU: 0, nonce: 0x3cf6e8da0bc6041a).
2021-02-18 21:36:58: <info> Ethereum: share denied: Provided PoW solution is invalid! (64 ms).
2021-02-18 21:36:58: <info>  New job from eth-eu2.nanopool.org:9433
2021-02-18 21:36:58: [Statistics] Ethereum - Total speed: 51.055 MH/s, Total shares: 3 Rejected: 3, Time: 07:25
2021-02-18 21:36:58: [Statistics] GPU0 t=56°C fan 31% power 125.01W. Total power: 125.01W
2021-02-18 21:37:02: <info>  New job from eth-eu2.nanopool.org:9433
2021-02-18 21:37:02: [Statistics] Ethereum - Total speed: 51.281 MH/s, Total shares: 3 Rejected: 3, Time: 07:29
2021-02-18 21:37:02: [Statistics] Ethereum last 10 min - Total: 54.299 MH/s.
2021-02-18 21:37:34: [Statistics] Ethereum - Total speed: 51.661 MH/s, Total shares: 3 Rejected: 3, Time: 08:01
2021-02-18 21:37:34: [Statistics] GPU0 t=55°C fan 31% power 120.59W. Total power: 120.59W
2021-02-18 21:37:34: <info>  New job from eth-eu2.nanopool.org:9433
2021-02-18 21:37:34: [Statistics] Ethereum - Total speed: 51.661 MH/s, Total shares: 3 Rejected: 3, Time: 08:01
2021-02-18 21:37:42: <info>  New job from eth-eu2.nanopool.org:9433
2021-02-18 21:37:42: [Statistics] Ethereum - Total speed: 52.066 MH/s, Total shares: 3 Rejected: 3, Time: 08:09
2021-02-18 21:37:42: [Statistics] GPU0 t=55°C fan 31% power 124.95W. Total power: 124.95W
2021-02-18 21:38:10: <info>  New job from eth-eu2.nanopool.org:9433
2021-02-18 21:38:10: [Statistics] Ethereum - Total speed: 52.505 MH/s, Total shares: 3 Rejected: 3, Time: 08:37
2021-02-18 21:38:10: [Statistics] Ethereum last 10 min - Total: 53.973 MH/s.
2021-02-18 21:38:12: <info>  New job from eth-eu2.nanopool.org:9433
2021-02-18 21:38:12: [Statistics] Ethereum - Total speed: 52.406 MH/s, Total shares: 3 Rejected: 3, Time: 08:39
2021-02-18 21:38:12: [Statistics] GPU0 t=56°C fan 32% power 124.98W. Total power: 124.98W
2021-02-18 21:38:23: <info>  New job from eth-eu2.nanopool.org:9433
2021-02-18 21:38:23: [Statistics] Ethereum - Total speed: 52.299 MH/s, Total shares: 3 Rejected: 3, Time: 08:50
2021-02-18 21:38:33: <info>  New job from eth-eu2.nanopool.org:9433
2021-02-18 21:38:33: [Statistics] Ethereum - Total speed: 52.208 MH/s, Total shares: 3 Rejected: 3, Time: 09:00
2021-02-18 21:38:33: [Statistics] GPU0 t=61°C fan 32% power 186.04W. Total power: 186.04W
2021-02-18 21:38:49: <info>  New job from eth-eu2.nanopool.org:9433
2021-02-18 21:38:49: [Statistics] Ethereum - Total speed: 52.032 MH/s, Total shares: 3 Rejected: 3, Time: 09:15
2021-02-18 21:38:49: [Statistics] Ethereum last 10 min - Total: 53.851 MH/s.
2021-02-18 21:38:57: <info>  New job from eth-eu2.nanopool.org:9433
2021-02-18 21:38:57: [Statistics] Ethereum - Total speed: 51.072 MH/s, Total shares: 3 Rejected: 3, Time: 09:24
2021-02-18 21:38:57: [Statistics] GPU0 t=55°C fan 38% power 120.83W. Total power: 120.83W
2021-02-18 21:39:11: <info>  New job from eth-eu2.nanopool.org:9433
2021-02-18 21:39:11: [Statistics] Ethereum - Total speed: 50.256 MH/s, Total shares: 3 Rejected: 3, Time: 09:38
2021-02-18 21:39:15: <info>  New job from eth-eu2.nanopool.org:9433
2021-02-18 21:39:15: [Statistics] Ethereum - Total speed: 49.520 MH/s, Total shares: 3 Rejected: 3, Time: 09:42
2021-02-18 21:39:15: [Statistics] GPU0 t=55°C fan 37% power 120.58W. Total power: 120.58W
2021-02-18 21:39:20: <info>  New job from eth-eu2.nanopool.org:9433
2021-02-18 21:39:20: [Statistics] Ethereum - Total speed: 48.815 MH/s, Total shares: 3 Rejected: 3, Time: 09:47
2021-02-18 21:39:20: [Statistics] Ethereum last 10 min - Total: 53.670 MH/s.
2021-02-18 21:39:32: <info>  New job from eth-eu2.nanopool.org:9433
2021-02-18 21:39:32: [Statistics] Ethereum - Total speed: 48.178 MH/s, Total shares: 3 Rejected: 3, Time: 09:59
2021-02-18 21:39:32: [Statistics] GPU0 t=54°C fan 37% power 120.73W. Total power: 120.73W
2021-02-18 21:39:49: <info>  New job from eth-eu2.nanopool.org:9433
2021-02-18 21:39:49: [Statistics] Ethereum - Total speed: 47.561 MH/s, Total shares: 3 Rejected: 3, Time: 10:16
2021-02-18 21:39:50: <info>  New job from eth-eu2.nanopool.org:9433
2021-02-18 21:39:50: [Statistics] Ethereum - Total speed: 47.030 MH/s, Total shares: 3 Rejected: 3, Time: 10:17
2021-02-18 21:39:50: [Statistics] GPU0 t=54°C fan 36% power 120.66W. Total power: 120.66W
2021-02-18 21:40:11: <info>  New job from eth-eu2.nanopool.org:9433
2021-02-18 21:40:11: [Statistics] Ethereum - Total speed: 46.543 MH/s, Total shares: 3 Rejected: 3, Time: 10:38
2021-02-18 21:40:11: [Statistics] Ethereum last 10 min - Total: 52.884 MH/s.
2021-02-18 21:40:14: <info>  New job from eth-eu2.nanopool.org:9433
2021-02-18 21:40:14: [Statistics] Ethereum - Total speed: 46.154 MH/s, Total shares: 3 Rejected: 3, Time: 10:41
2021-02-18 21:40:14: [Statistics] GPU0 t=54°C fan 35% power 120.45W. Total power: 120.45W
2021-02-18 21:40:23: <info>  New job from eth-eu2.nanopool.org:9433
2021-02-18 21:40:23: [Statistics] Ethereum - Total speed: 45.731 MH/s, Total shares: 3 Rejected: 3, Time: 10:50
2021-02-18 21:40:53: <info>  New job from eth-eu2.nanopool.org:9433
2021-02-18 21:40:53: [Statistics] Ethereum - Total speed: 45.348 MH/s, Total shares: 3 Rejected: 3, Time: 11:20
2021-02-18 21:40:53: [Statistics] GPU0 t=54°C fan 34% power 120.69W. Total power: 120.69W
2021-02-18 21:41:04: <info>  New job from eth-eu2.nanopool.org:9433
2021-02-18 21:41:04: [Statistics] Ethereum - Total speed: 45.076 MH/s, Total shares: 3 Rejected: 3, Time: 11:31
2021-02-18 21:41:04: [Statistics] Ethereum last 10 min - Total: 51.770 MH/s.
2021-02-18 21:41:14: <info>  New job from eth-eu2.nanopool.org:9433
2021-02-18 21:41:14: [Statistics] Ethereum - Total speed: 44.795 MH/s, Total shares: 3 Rejected: 3, Time: 11:40
2021-02-18 21:41:14: [Statistics] GPU0 t=54°C fan 34% power 120.85W. Total power: 120.85W
2021-02-18 21:41:30: <info>  New job from eth-eu2.nanopool.org:9433
2021-02-18 21:41:30: [Statistics] Ethereum - Total speed: 44.548 MH/s, Total shares: 3 Rejected: 3, Time: 11:57
2021-02-18 21:41:36: <info>  New job from eth-eu2.nanopool.org:9433
2021-02-18 21:41:36: [Statistics] Ethereum - Total speed: 44.335 MH/s, Total shares: 3 Rejected: 3, Time: 12:03
2021-02-18 21:41:36: [Statistics] GPU0 t=54°C fan 33% power 120.55W. Total power: 120.55W
2021-02-18 21:42:03: <info>  New job from eth-eu2.nanopool.org:9433
2021-02-18 21:42:03: [Statistics] Ethereum - Total speed: 44.208 MH/s, Total shares: 3 Rejected: 3, Time: 12:30
2021-02-18 21:42:03: [Statistics] Ethereum last 10 min - Total: 50.553 MH/s.
2021-02-18 21:42:16: <info>  New job from eth-eu2.nanopool.org:9433
2021-02-18 21:42:16: [Statistics] Ethereum - Total speed: 44.054 MH/s, Total shares: 3 Rejected: 3, Time: 12:43
2021-02-18 21:42:16: [Statistics] GPU0 t=54°C fan 33% power 120.63W. Total power: 120.63W
2021-02-18 21:42:25: <info>  New job from eth-eu2.nanopool.org:9433
2021-02-18 21:42:25: [Statistics] Ethereum - Total speed: 43.893 MH/s, Total shares: 3 Rejected: 3, Time: 12:52
2021-02-18 21:42:33: <info>  New job from eth-eu2.nanopool.org:9433
2021-02-18 21:42:33: [Statistics] Ethereum - Total speed: 43.776 MH/s, Total shares: 3 Rejected: 3, Time: 13:00
2021-02-18 21:42:33: [Statistics] GPU0 t=54°C fan 32% power 120.72W. Total power: 120.72W
2021-02-18 21:42:36: <info>  New job from eth-eu2.nanopool.org:9433
2021-02-18 21:42:36: [Statistics] Ethereum - Total speed: 43.669 MH/s, Total shares: 3 Rejected: 3, Time: 13:03
2021-02-18 21:42:36: <error>  Average hashrate (49.976 MH/s) below minimal acceptable (50.000 MH/s)!
2021-02-18 21:42:36: <info>  Miner has not been restarted before
2021-02-18 21:42:36: <info>  Self-restarting miner process.
