2021-Mar-14 15:14:43:                                    _                 
2021-Mar-14 15:14:43:  _ __   __ _ _ __   ___  _ __ ___ (_)_ __   ___ _ __ 
2021-Mar-14 15:14:43: | '_ \ / _` | '_ \ / _ \| '_ ` _ \| | '_ \ / _ \ '__|
2021-Mar-14 15:14:43: | | | | (_| | | | | (_) | | | | | | | | | |  __/ |   
2021-Mar-14 15:14:43: |_| |_|\__,_|_| |_|\___/|_| |_| |_|_|_| |_|\___|_|   
2021-Mar-14 15:14:44: 
2021-Mar-14 15:14:44: Version 3.3.1-cuda11
2021-Mar-14 15:14:44: Started EthMan server on port 3333 with a password (read-only mode).
2021-Mar-14 15:14:44: Started web interface on port 9090 with a password.
2021-Mar-14 15:14:44: CUDA driver version is 11.2, runtime version is 11.1
2021-Mar-14 15:14:49: Single device detected
2021-Mar-14 15:14:49: GPU 0 PCI 01:00.0, Platform: CUDA, Name: GeForce RTX 3070, 8192 MB available
2021-Mar-14 15:14:49: -------------------Ethash:------------------
2021-Mar-14 15:14:49: Currency: Ethereum
2021-Mar-14 15:14:49: Wallet: wallet
2021-Mar-14 15:14:49: Rig name: ferris
2021-Mar-14 15:14:49: Email: email
2021-Mar-14 15:14:49: Hashrate threshold to restart miner is not set
2021-Mar-14 15:14:49: Added pool: eth-eu1.nanopool.org:9433
2021-Mar-14 15:14:49: Added pool: eth-eu2.nanopool.org:9433
2021-Mar-14 15:14:49: Added pool: eth-us-east1.nanopool.org:9433
2021-Mar-14 15:14:49: Added pool: eth-us-west1.nanopool.org:9433
2021-Mar-14 15:14:49: Added pool: eth-jp1.nanopool.org:9433
2021-Mar-14 15:14:49: Added pool: eth-au1.nanopool.org:9433
2021-Mar-14 15:14:49: Added pool: eth-asia1.nanopool.org:9433
2021-Mar-14 15:14:49: Auto pool sorting is enabled
2021-Mar-14 15:14:49: Using all GPU devices
2021-Mar-14 15:14:49: Memory tweak: 1
2021-Mar-14 15:14:49: -------------Common parameters:-------------
2021-Mar-14 15:14:49: Log path: ./logs/
2021-Mar-14 15:14:49: Log is written to file
2021-Mar-14 15:14:49: GPU watchdog is enabled
2021-Mar-14 15:14:49: Never calling reboot.bat (always restarting the miner in case of errors). 
2021-Mar-14 15:14:49: Setting up algorithm: Ethash
2021-Mar-14 15:14:50: Connecting to pools...
2021-Mar-14 15:14:50: Connected to pool: eth-eu1.nanopool.org:9433 | IP: 51.15.39.52 | ping: 183 ms.
2021-Mar-14 15:14:50: New job from eth-eu1.nanopool.org:9433 | share difficulty = 10000 MH, epoch 401 (4231 MB)
2021-Mar-14 15:14:50: Ethereum - Total speed: 0.000 H/s, Total shares: 0 Rejected: 0, Time: 00:01
2021-Mar-14 15:14:50: GPU0 t=47°C fan 31% power 48.20W. Total power: 48.20W
2021-Mar-14 15:14:50: New job from eth-eu1.nanopool.org:9433
2021-Mar-14 15:14:50: Ethereum - Total speed: 0.000 H/s, Total shares: 0 Rejected: 0, Time: 00:01
2021-Mar-14 15:14:50: Ethereum last 10 min - Total: 0.000 H/s.
2021-Mar-14 15:14:51: Terminating, please wait ...
