2021-03-12 23:13:35: <info>                                    _                 
2021-03-12 23:13:35: <info>  _ __   __ _ _ __   ___  _ __ ___ (_)_ __   ___ _ __ 
2021-03-12 23:13:35: <info> | '_ \ / _` | '_ \ / _ \| '_ ` _ \| | '_ \ / _ \ '__|
2021-03-12 23:13:35: <info> | | | | (_| | | | | (_) | | | | | | | | | |  __/ |   
2021-03-12 23:13:35: <info> |_| |_|\__,_|_| |_|\___/|_| |_| |_|_|_| |_|\___|_|   
2021-03-12 23:13:35: <info> 
2021-03-12 23:13:35: <info> Version 3.2.2-cuda11
2021-03-12 23:13:35: <info>  Started EthMan server on port 3333 with a password (read-only mode).
2021-03-12 23:13:35: <info>  Started web interface on port 9090 with a password.
2021-03-12 23:13:35: <info>  CUDA driver version is 11.2, runtime version is 11.1
2021-03-12 23:13:35: <info> Single device detected
2021-03-12 23:13:35: <info> GPU 0 PCI 01:00.0, Platform: CUDA, Name: GeForce RTX 3070, 8192 MB available
2021-03-12 23:13:35: <info> -------------------Ethash:------------------
2021-03-12 23:13:35: <info> Currency: Ethereum
2021-03-12 23:13:35: <info> Wallet: wallet
2021-03-12 23:13:35: <info> Rig name: ferris
2021-03-12 23:13:35: <info> Email: email
2021-03-12 23:13:35: <info> Hashrate threshold to restart miner is not set
2021-03-12 23:13:35: <info> Added pool: eth-eu2.nanopool.org:9433
2021-03-12 23:13:35: <info> Added pool: eth-eu1.nanopool.org:9433
2021-03-12 23:13:35: <info> Added pool: eth-us-east1.nanopool.org:9433
2021-03-12 23:13:35: <info> Added pool: eth-us-west1.nanopool.org:9433
2021-03-12 23:13:35: <info> Added pool: eth-asia1.nanopool.org:9433
2021-03-12 23:13:35: <info> Added pool: eth-jp1.nanopool.org:9433
2021-03-12 23:13:35: <info> Added pool: eth-au1.nanopool.org:9433
2021-03-12 23:13:35: <info> Auto pool sorting is enabled
2021-03-12 23:13:35: <info> Using all GPU devices
2021-03-12 23:13:35: <info> Memory tweak: 1
2021-03-12 23:13:35: <info> -------------Common parameters:-------------
2021-03-12 23:13:35: <info> Log path: ./logs/
2021-03-12 23:13:35: <info> Log is written to file
2021-03-12 23:13:35: <info> GPU watchdog is enabled
2021-03-12 23:13:35: <info> Never calling reboot.bat (always restarting the miner in case of errors). 
2021-03-12 23:13:35: <info>  Setting up algorithm: Ethash
2021-03-12 23:13:35: <info> Version 3.3.1 of the miner is available. Changelog:
2021-03-12 23:13:35: <info> * Added dual Raven + Zilliqa;
Example of `config.ini` for dual Raven with Zilliqa:
```ini
[KawPow]
coin = RVN
wallet = RRL5mMNeox75MGbqnfUZEhn3RferuvFGcy

[zil]
wallet = zil1rpxnv479xy9c2jlgry3wy3869rnt4rjvjwjtuv
zilEpoch = 0 ; number of DAG epoch for caching
pool1 = eu.ezil.me:5555
```

* Fixed an issue with 2Miners pool.
2021-03-12 23:13:35: <info> Downloading the new version (will restart when it is downloaded)...
2021-03-12 23:13:36: <info>  Connecting to pools...
2021-03-12 23:13:36: <info>  Connected to pool: eth-eu2.nanopool.org:9433 | IP: 51.15.55.100 | ping: 103 ms.
2021-03-12 23:13:36: <info>  New job from eth-eu2.nanopool.org:9433 | share difficulty = 10000 MH, epoch 400 (4223 MB)
2021-03-12 23:13:36: [Statistics] Ethereum - Total speed: 0.000 H/s, Total shares: 0 Rejected: 0, Time: 00:01
2021-03-12 23:13:36: [Statistics] GPU0 t=40°C fan 31% power 46.86W. Total power: 46.86W
2021-03-12 23:13:36: <info>  New job from eth-eu2.nanopool.org:9433
2021-03-12 23:13:36: [Statistics] Ethereum - Total speed: 0.000 H/s, Total shares: 0 Rejected: 0, Time: 00:01
2021-03-12 23:13:36: [Statistics] Ethereum last 10 min - Total: 0.000 H/s.
2021-03-12 23:13:39: <info>  New job from eth-eu2.nanopool.org:9433
2021-03-12 23:13:39: [Statistics] Ethereum - Total speed: 0.000 H/s, Total shares: 0 Rejected: 0, Time: 00:04
2021-03-12 23:13:39: [Statistics] GPU0 t=40°C fan 31% power 46.84W. Total power: 46.84W
2021-03-12 23:13:41: <info> New version of the miner downloaded, restarting...
2021-03-12 23:13:41: <info>  Self-restarting miner process.
