2021-02-15 13:48:42: <info>                                    _                 
2021-02-15 13:48:42: <info>  _ __   __ _ _ __   ___  _ __ ___ (_)_ __   ___ _ __ 
2021-02-15 13:48:42: <info> | '_ \ / _` | '_ \ / _ \| '_ ` _ \| | '_ \ / _ \ '__|
2021-02-15 13:48:42: <info> | | | | (_| | | | | (_) | | | | | | | | | |  __/ |   
2021-02-15 13:48:42: <info> |_| |_|\__,_|_| |_|\___/|_| |_| |_|_|_| |_|\___|_|   
2021-02-15 13:48:42: <info> 
2021-02-15 13:48:42: <info> Version 3.2.2-cuda11
2021-02-15 13:48:42: <info>  Started EthMan server on port 3333 with a password (read-only mode).
2021-02-15 13:48:42: <info>  Started web interface on port 9090 with a password.
2021-02-15 13:48:42: <info>  CUDA driver version is 11.2, runtime version is 11.1
2021-02-15 13:48:42: <info> Single device detected
2021-02-15 13:48:42: <info> GPU 0 PCI 01:00.0, Platform: CUDA, Name: GeForce RTX 3070, 8192 MB available
2021-02-15 13:48:42: <info> -------------------Ethash:------------------
2021-02-15 13:48:42: <info> Currency: Ethereum
2021-02-15 13:48:42: <info> Wallet: wallet
2021-02-15 13:48:42: <info> Rig name: ferris
2021-02-15 13:48:42: <info> Email: email
2021-02-15 13:48:42: <info> Hashrate threshold to restart miner: 50.00 MH/s
2021-02-15 13:48:42: <info> Added pool: eth-eu2.nanopool.org:9433
2021-02-15 13:48:42: <info> Added pool: eth-eu1.nanopool.org:9433
2021-02-15 13:48:42: <info> Added pool: eth-us-east1.nanopool.org:9433
2021-02-15 13:48:42: <info> Added pool: eth-us-west1.nanopool.org:9433
2021-02-15 13:48:42: <info> Added pool: eth-jp1.nanopool.org:9433
2021-02-15 13:48:42: <info> Added pool: eth-au1.nanopool.org:9433
2021-02-15 13:48:42: <info> Added pool: eth-asia1.nanopool.org:9433
2021-02-15 13:48:42: <info> Auto pool sorting is enabled
2021-02-15 13:48:42: <info> Using all GPU devices
2021-02-15 13:48:42: <info> Memory tweak: 10
2021-02-15 13:48:42: <info> -------------Common parameters:-------------
2021-02-15 13:48:42: <info> Log path: ./logs/
2021-02-15 13:48:42: <info> Log is written to file
2021-02-15 13:48:42: <info> GPU watchdog is enabled
2021-02-15 13:48:42: <info> Restart count before calling reboot.bat: 10
2021-02-15 13:48:42: <info>  Setting up algorithm: Ethash
2021-02-15 13:48:43: <info>  Connecting to pools...
2021-02-15 13:48:43: <info>  Connected to pool: eth-eu2.nanopool.org:9433 | IP: 149.202.42.174 | ping: 86 ms.
2021-02-15 13:48:43: <info>  New job from eth-eu2.nanopool.org:9433 | share difficulty = 10000 MH, epoch 395 (4183 MB)
2021-02-15 13:48:43: [Statistics] Ethereum - Total speed: 0.000 H/s, Total shares: 0 Rejected: 0, Time: 00:01
2021-02-15 13:48:43: [Statistics] GPU0 t=33°C fan 31% power 44.29W. Total power: 44.29W
2021-02-15 13:48:43: <info>  New job from eth-eu2.nanopool.org:9433
2021-02-15 13:48:43: [Statistics] Ethereum - Total speed: 0.000 H/s, Total shares: 0 Rejected: 0, Time: 00:01
2021-02-15 13:48:43: [Statistics] Ethereum last 10 min - Total: 0.000 H/s.
2021-02-15 13:48:45: <info>  New job from eth-eu2.nanopool.org:9433
2021-02-15 13:48:45: [Statistics] Ethereum - Total speed: 0.000 H/s, Total shares: 0 Rejected: 0, Time: 00:02
2021-02-15 13:48:45: [Statistics] GPU0 t=33°C fan 31% power 44.19W. Total power: 44.19W
2021-02-15 13:48:48: <info>  New job from eth-eu2.nanopool.org:9433
2021-02-15 13:48:48: [Statistics] Ethereum - Total speed: 0.000 H/s, Total shares: 0 Rejected: 0, Time: 00:05
2021-02-15 13:48:49: <info>  New job from eth-eu2.nanopool.org:9433
2021-02-15 13:48:49: [Statistics] Ethereum - Total speed: 0.000 H/s, Total shares: 0 Rejected: 0, Time: 00:07
2021-02-15 13:48:49: [Statistics] GPU0 t=48°C fan 30% power 202.24W. Total power: 202.24W
2021-02-15 13:48:49: <info>  New job from eth-eu2.nanopool.org:9433
2021-02-15 13:48:49: [Statistics] Ethereum - Total speed: 0.000 H/s, Total shares: 0 Rejected: 0, Time: 00:07
2021-02-15 13:48:49: [Statistics] Ethereum last 10 min - Total: 0.000 H/s.
2021-02-15 13:48:50: <info>  GPU0: 4183 MB DAG generated in 3.67 seconds
2021-02-15 13:48:52: <info>  New job from eth-eu2.nanopool.org:9433
2021-02-15 13:48:52: [Statistics] Ethereum - Total speed: 50.663 MH/s, Total shares: 0 Rejected: 0, Time: 00:10
2021-02-15 13:48:52: [Statistics] GPU0 t=48°C fan 31% power 190.22W. Total power: 190.22W
2021-02-15 13:48:53: <info>  New job from eth-eu2.nanopool.org:9433
2021-02-15 13:48:53: [Statistics] Ethereum - Total speed: 50.697 MH/s, Total shares: 0 Rejected: 0, Time: 00:10
2021-02-15 13:48:55: <info>  New job from eth-eu2.nanopool.org:9433
2021-02-15 13:48:55: [Statistics] Ethereum - Total speed: 50.715 MH/s, Total shares: 0 Rejected: 0, Time: 00:13
2021-02-15 13:48:55: [Statistics] GPU0 t=50°C fan 30% power 191.02W. Total power: 191.02W
2021-02-15 13:48:56: <info>  New job from eth-eu2.nanopool.org:9433
2021-02-15 13:48:56: [Statistics] Ethereum - Total speed: 50.744 MH/s, Total shares: 0 Rejected: 0, Time: 00:13
2021-02-15 13:48:56: [Statistics] Ethereum last 10 min - Total: 50.705 MH/s.
2021-02-15 13:48:59: <info>  New job from eth-eu2.nanopool.org:9433
2021-02-15 13:48:59: [Statistics] Ethereum - Total speed: 50.742 MH/s, Total shares: 0 Rejected: 0, Time: 00:16
2021-02-15 13:48:59: [Statistics] GPU0 t=51°C fan 30% power 191.63W. Total power: 191.63W
2021-02-15 13:49:00: <info>  New job from eth-eu2.nanopool.org:9433
2021-02-15 13:49:00: [Statistics] Ethereum - Total speed: 50.768 MH/s, Total shares: 0 Rejected: 0, Time: 00:18
2021-02-15 13:49:01: <info>  New job from eth-eu2.nanopool.org:9433
2021-02-15 13:49:01: [Statistics] Ethereum - Total speed: 50.791 MH/s, Total shares: 0 Rejected: 0, Time: 00:18
2021-02-15 13:49:01: [Statistics] GPU0 t=51°C fan 30% power 191.96W. Total power: 191.96W
2021-02-15 13:49:04: <info>  New job from eth-eu2.nanopool.org:9433
2021-02-15 13:49:04: [Statistics] Ethereum - Total speed: 50.752 MH/s, Total shares: 0 Rejected: 0, Time: 00:21
2021-02-15 13:49:04: [Statistics] Ethereum last 10 min - Total: 50.743 MH/s.
2021-02-15 13:49:05: <info>  New job from eth-eu2.nanopool.org:9433
2021-02-15 13:49:05: [Statistics] Ethereum - Total speed: 50.576 MH/s, Total shares: 0 Rejected: 0, Time: 00:22
2021-02-15 13:49:05: [Statistics] GPU0 t=53°C fan 30% power 191.14W. Total power: 191.14W
2021-02-15 13:49:06: <info>  New job from eth-eu2.nanopool.org:9433
2021-02-15 13:49:06: [Statistics] Ethereum - Total speed: 50.498 MH/s, Total shares: 0 Rejected: 0, Time: 00:23
2021-02-15 13:49:08: <info>  New job from eth-eu2.nanopool.org:9433
2021-02-15 13:49:08: [Statistics] Ethereum - Total speed: 50.499 MH/s, Total shares: 0 Rejected: 0, Time: 00:26
2021-02-15 13:49:08: [Statistics] GPU0 t=54°C fan 30% power 191.98W. Total power: 191.98W
2021-02-15 13:49:10: <info>  New job from eth-eu2.nanopool.org:9433
2021-02-15 13:49:10: [Statistics] Ethereum - Total speed: 50.480 MH/s, Total shares: 0 Rejected: 0, Time: 00:27
2021-02-15 13:49:10: [Statistics] Ethereum last 10 min - Total: 50.669 MH/s.
2021-02-15 13:49:10: <info>  New job from eth-eu2.nanopool.org:9433
2021-02-15 13:49:10: [Statistics] Ethereum - Total speed: 50.441 MH/s, Total shares: 0 Rejected: 0, Time: 00:28
2021-02-15 13:49:10: [Statistics] GPU0 t=54°C fan 30% power 191.47W. Total power: 191.47W
2021-02-15 13:49:13: <info>  New job from eth-eu2.nanopool.org:9433
2021-02-15 13:49:13: [Statistics] Ethereum - Total speed: 50.251 MH/s, Total shares: 0 Rejected: 0, Time: 00:31
2021-02-15 13:49:16: <info>  New job from eth-eu2.nanopool.org:9433
2021-02-15 13:49:16: [Statistics] Ethereum - Total speed: 50.218 MH/s, Total shares: 0 Rejected: 0, Time: 00:33
2021-02-15 13:49:16: [Statistics] GPU0 t=55°C fan 30% power 194.88W. Total power: 194.88W
2021-02-15 13:49:19: <info>  New job from eth-eu2.nanopool.org:9433
2021-02-15 13:49:19: [Statistics] Ethereum - Total speed: 50.296 MH/s, Total shares: 0 Rejected: 0, Time: 00:36
2021-02-15 13:49:19: [Statistics] Ethereum last 10 min - Total: 50.539 MH/s.
2021-02-15 13:49:22: <info>  New job from eth-eu2.nanopool.org:9433
2021-02-15 13:49:22: [Statistics] Ethereum - Total speed: 50.352 MH/s, Total shares: 0 Rejected: 0, Time: 00:40
2021-02-15 13:49:22: [Statistics] GPU0 t=57°C fan 30% power 195.53W. Total power: 195.53W
2021-02-15 13:49:25: <info>  New job from eth-eu2.nanopool.org:9433
2021-02-15 13:49:25: [Statistics] Ethereum - Total speed: 50.407 MH/s, Total shares: 0 Rejected: 0, Time: 00:42
2021-02-15 13:49:28: <info>  New job from eth-eu2.nanopool.org:9433
2021-02-15 13:49:28: [Statistics] Ethereum - Total speed: 50.403 MH/s, Total shares: 0 Rejected: 0, Time: 00:45
2021-02-15 13:49:28: [Statistics] GPU0 t=58°C fan 30% power 196.00W. Total power: 196.00W
2021-02-15 13:49:31: <info>  New job from eth-eu2.nanopool.org:9433
2021-02-15 13:49:31: [Statistics] Ethereum - Total speed: 50.421 MH/s, Total shares: 0 Rejected: 0, Time: 00:48
2021-02-15 13:49:31: [Statistics] Ethereum last 10 min - Total: 50.489 MH/s.
2021-02-15 13:49:34: <info>  New job from eth-eu2.nanopool.org:9433
2021-02-15 13:49:34: [Statistics] Ethereum - Total speed: 50.454 MH/s, Total shares: 0 Rejected: 0, Time: 00:51
2021-02-15 13:49:34: [Statistics] GPU0 t=59°C fan 32% power 197.10W. Total power: 197.10W
2021-02-15 13:49:35: <info>  Terminating, please wait ...
