2021-02-13 14:29:54: <info>                                    _                 
2021-02-13 14:29:54: <info>  _ __   __ _ _ __   ___  _ __ ___ (_)_ __   ___ _ __ 
2021-02-13 14:29:54: <info> | '_ \ / _` | '_ \ / _ \| '_ ` _ \| | '_ \ / _ \ '__|
2021-02-13 14:29:54: <info> | | | | (_| | | | | (_) | | | | | | | | | |  __/ |   
2021-02-13 14:29:54: <info> |_| |_|\__,_|_| |_|\___/|_| |_| |_|_|_| |_|\___|_|   
2021-02-13 14:29:54: <info> 
2021-02-13 14:29:54: <info> Version 3.2.2-cuda11
2021-02-13 14:29:54: <info>  Started EthMan server on port 3333 without a password (read-only mode).
2021-02-13 14:29:54: <info>  Started web interface on port 9090 without a password.
2021-02-13 14:29:54: <info>  CUDA driver version is 11.2, runtime version is 11.1
2021-02-13 14:29:55: <info> Single device detected
2021-02-13 14:29:55: <info> GPU 0 PCI 01:00.0, Platform: CUDA, Name: GeForce RTX 3070, 8192 MB available
2021-02-13 14:29:55: <info> -------------------Ethash:------------------
2021-02-13 14:29:55: <info> Currency: Ethereum
2021-02-13 14:29:55: <info> Wallet: wallet
2021-02-13 14:29:55: <info> Rig name: Happy_c4ab4c56
2021-02-13 14:29:55: <info> Email: email
2021-02-13 14:29:55: <info> Hashrate threshold to restart miner is not set
2021-02-13 14:29:55: <info> Added pool: eth-eu1.nanopool.org:9433
2021-02-13 14:29:55: <info> Added pool: eth-eu2.nanopool.org:9433
2021-02-13 14:29:55: <info> Added pool: eth-us-east1.nanopool.org:9433
2021-02-13 14:29:55: <info> Added pool: eth-us-west1.nanopool.org:9433
2021-02-13 14:29:55: <info> Added pool: eth-asia1.nanopool.org:9433
2021-02-13 14:29:55: <info> Added pool: eth-jp1.nanopool.org:9433
2021-02-13 14:29:55: <info> Added pool: eth-au1.nanopool.org:9433
2021-02-13 14:29:55: <info> Auto pool sorting is enabled
2021-02-13 14:29:55: <info> Using all GPU devices
2021-02-13 14:29:55: <info> Memory tweak: 1
2021-02-13 14:29:55: <info> -------------Common parameters:-------------
2021-02-13 14:29:55: <info> Log path: ./logs/
2021-02-13 14:29:55: <info> Log is written to file
2021-02-13 14:29:55: <info> GPU watchdog is enabled
2021-02-13 14:29:55: <info> Never calling reboot.bat (always restarting the miner in case of errors). 
2021-02-13 14:29:55: <info>  Setting up algorithm: Ethash
2021-02-13 14:29:55: <info>  Connecting to pools...
2021-02-13 14:29:55: <info>  Connected to pool: eth-eu1.nanopool.org:9433 | IP: 92.222.10.59 | ping: 86 ms.
2021-02-13 14:29:55: <info>  New job from eth-eu1.nanopool.org:9433 | share difficulty = 10000 MH, epoch 394 (4175 MB)
2021-02-13 14:29:55: [Statistics] Ethereum - Total speed: 0.000 H/s, Total shares: 0 Rejected: 0, Time: 00:00
2021-02-13 14:29:55: [Statistics] GPU0 t=52°C fan 30% power 52.25W. Total power: 52.25W
2021-02-13 14:29:55: <info>  New job from eth-eu1.nanopool.org:9433
2021-02-13 14:29:55: [Statistics] Ethereum - Total speed: 0.000 H/s, Total shares: 0 Rejected: 0, Time: 00:00
2021-02-13 14:29:55: [Statistics] Ethereum last 10 min - Total: 0.000 H/s.
2021-02-13 14:29:57: <info>  New job from eth-eu1.nanopool.org:9433
2021-02-13 14:29:57: [Statistics] Ethereum - Total speed: 0.000 H/s, Total shares: 0 Rejected: 0, Time: 00:02
2021-02-13 14:29:57: [Statistics] GPU0 t=51°C fan 30% power 52.11W. Total power: 52.11W
2021-02-13 14:30:00: <info>  New job from eth-eu1.nanopool.org:9433
2021-02-13 14:30:00: [Statistics] Ethereum - Total speed: 0.000 H/s, Total shares: 0 Rejected: 0, Time: 00:05
2021-02-13 14:30:01: <info>  GPU0: 4175 MB DAG generated in 3.34 seconds
2021-02-13 14:30:03: <info>  New job from eth-eu1.nanopool.org:9433
2021-02-13 14:30:06: [Statistics] Ethereum - Total speed: 62.150 MH/s, Total shares: 0 Rejected: 0, Time: 00:11
2021-02-13 14:30:06: [Statistics] GPU0 t=57°C fan 30% power 131.66W. Total power: 131.66W
2021-02-13 14:30:06: <info>  New job from eth-eu1.nanopool.org:9433
2021-02-13 14:30:06: [Statistics] Ethereum - Total speed: 62.016 MH/s, Total shares: 0 Rejected: 0, Time: 00:11
2021-02-13 14:30:06: [Statistics] Ethereum last 10 min - Total: 62.083 MH/s.
2021-02-13 14:30:09: <info>  New job from eth-eu1.nanopool.org:9433
2021-02-13 14:30:09: [Statistics] Ethereum - Total speed: 61.996 MH/s, Total shares: 0 Rejected: 0, Time: 00:14
2021-02-13 14:30:09: [Statistics] GPU0 t=57°C fan 30% power 131.37W. Total power: 131.37W
2021-02-13 14:30:09: <info>  New job from eth-eu1.nanopool.org:9433
2021-02-13 14:30:09: [Statistics] Ethereum - Total speed: 61.982 MH/s, Total shares: 0 Rejected: 0, Time: 00:14
2021-02-13 14:30:09: <info>  New job from eth-eu1.nanopool.org:9433
2021-02-13 14:30:09: [Statistics] Ethereum - Total speed: 61.846 MH/s, Total shares: 0 Rejected: 0, Time: 00:14
2021-02-13 14:30:09: [Statistics] GPU0 t=57°C fan 30% power 131.64W. Total power: 131.64W
2021-02-13 14:30:10: <info>  New job from eth-eu1.nanopool.org:9433
2021-02-13 14:30:10: [Statistics] Ethereum - Total speed: 61.832 MH/s, Total shares: 0 Rejected: 0, Time: 00:15
2021-02-13 14:30:10: [Statistics] Ethereum last 10 min - Total: 61.979 MH/s.
2021-02-13 14:30:12: <info>  New job from eth-eu1.nanopool.org:9433
2021-02-13 14:30:12: [Statistics] Ethereum - Total speed: 61.796 MH/s, Total shares: 0 Rejected: 0, Time: 00:17
2021-02-13 14:30:12: [Statistics] GPU0 t=57°C fan 30% power 131.58W. Total power: 131.58W
2021-02-13 14:30:15: <info>  New job from eth-eu1.nanopool.org:9433
2021-02-13 14:30:15: [Statistics] Ethereum - Total speed: 61.795 MH/s, Total shares: 0 Rejected: 0, Time: 00:20
2021-02-13 14:30:19: <info>  New job from eth-eu1.nanopool.org:9433
2021-02-13 14:30:19: [Statistics] Ethereum - Total speed: 61.785 MH/s, Total shares: 0 Rejected: 0, Time: 00:23
2021-02-13 14:30:19: [Statistics] GPU0 t=58°C fan 30% power 131.49W. Total power: 131.49W
2021-02-13 14:30:21: <info>  New job from eth-eu1.nanopool.org:9433
2021-02-13 14:30:21: [Statistics] Ethereum - Total speed: 61.785 MH/s, Total shares: 0 Rejected: 0, Time: 00:25
2021-02-13 14:30:21: [Statistics] Ethereum last 10 min - Total: 61.850 MH/s.
2021-02-13 14:30:21: <info>  New job from eth-eu1.nanopool.org:9433
2021-02-13 14:30:21: [Statistics] Ethereum - Total speed: 61.758 MH/s, Total shares: 0 Rejected: 0, Time: 00:26
2021-02-13 14:30:21: [Statistics] GPU0 t=58°C fan 30% power 131.23W. Total power: 131.23W
2021-02-13 14:30:24: <info>  New job from eth-eu1.nanopool.org:9433
2021-02-13 14:30:24: [Statistics] Ethereum - Total speed: 61.186 MH/s, Total shares: 0 Rejected: 0, Time: 00:28
2021-02-13 14:30:27: <info>  New job from eth-eu1.nanopool.org:9433
2021-02-13 14:30:27: [Statistics] Ethereum - Total speed: 61.134 MH/s, Total shares: 0 Rejected: 0, Time: 00:32
2021-02-13 14:30:27: [Statistics] GPU0 t=58°C fan 30% power 131.52W. Total power: 131.52W
2021-02-13 14:30:28: <info>  New job from eth-eu1.nanopool.org:9433
2021-02-13 14:30:28: [Statistics] Ethereum - Total speed: 61.172 MH/s, Total shares: 0 Rejected: 0, Time: 00:33
2021-02-13 14:30:28: [Statistics] Ethereum last 10 min - Total: 61.654 MH/s.
2021-02-13 14:30:29: <info>  New job from eth-eu1.nanopool.org:9433
2021-02-13 14:30:29: [Statistics] Ethereum - Total speed: 61.215 MH/s, Total shares: 0 Rejected: 0, Time: 00:33
2021-02-13 14:30:29: [Statistics] GPU0 t=58°C fan 30% power 130.44W. Total power: 130.44W
2021-02-13 14:30:31: <info>  New job from eth-eu1.nanopool.org:9433
2021-02-13 14:30:31: [Statistics] Ethereum - Total speed: 61.155 MH/s, Total shares: 0 Rejected: 0, Time: 00:36
2021-02-13 14:30:34: <info>  New job from eth-eu1.nanopool.org:9433
2021-02-13 14:30:34: [Statistics] Ethereum - Total speed: 61.113 MH/s, Total shares: 0 Rejected: 0, Time: 00:39
2021-02-13 14:30:34: [Statistics] GPU0 t=58°C fan 30% power 131.62W. Total power: 131.62W
2021-02-13 14:30:37: <info>  New job from eth-eu1.nanopool.org:9433
2021-02-13 14:30:37: [Statistics] Ethereum - Total speed: 61.031 MH/s, Total shares: 0 Rejected: 0, Time: 00:42
2021-02-13 14:30:37: [Statistics] Ethereum last 10 min - Total: 61.504 MH/s.
2021-02-13 14:30:40: <info>  New job from eth-eu1.nanopool.org:9433
2021-02-13 14:30:40: [Statistics] Ethereum - Total speed: 60.958 MH/s, Total shares: 0 Rejected: 0, Time: 00:45
2021-02-13 14:30:40: [Statistics] GPU0 t=58°C fan 30% power 131.60W. Total power: 131.60W
2021-02-13 14:30:43: <info>  New job from eth-eu1.nanopool.org:9433
2021-02-13 14:30:43: [Statistics] Ethereum - Total speed: 60.877 MH/s, Total shares: 0 Rejected: 0, Time: 00:48
2021-02-13 14:30:46: <info>  New job from eth-eu1.nanopool.org:9433
2021-02-13 14:30:46: [Statistics] Ethereum - Total speed: 60.808 MH/s, Total shares: 0 Rejected: 0, Time: 00:51
2021-02-13 14:30:46: [Statistics] GPU0 t=59°C fan 30% power 131.40W. Total power: 131.40W
2021-02-13 14:30:49: <info>  New job from eth-eu1.nanopool.org:9433
2021-02-13 14:30:49: [Statistics] Ethereum - Total speed: 60.747 MH/s, Total shares: 0 Rejected: 0, Time: 00:54
2021-02-13 14:30:49: [Statistics] Ethereum last 10 min - Total: 61.332 MH/s.
2021-02-13 14:30:50: <info>  New job from eth-eu1.nanopool.org:9433
2021-02-13 14:30:50: [Statistics] Ethereum - Total speed: 60.702 MH/s, Total shares: 0 Rejected: 0, Time: 00:55
2021-02-13 14:30:50: [Statistics] GPU0 t=59°C fan 30% power 131.41W. Total power: 131.41W
2021-02-13 14:30:51: <info>  New job from eth-eu1.nanopool.org:9433
2021-02-13 14:30:51: [Statistics] Ethereum - Total speed: 60.648 MH/s, Total shares: 0 Rejected: 0, Time: 00:56
2021-02-13 14:30:54: <info>  New job from eth-eu1.nanopool.org:9433
2021-02-13 14:30:54: [Statistics] Ethereum - Total speed: 60.548 MH/s, Total shares: 0 Rejected: 0, Time: 00:59
2021-02-13 14:30:54: [Statistics] GPU0 t=59°C fan 30% power 131.49W. Total power: 131.49W
2021-02-13 14:30:55: <info>  New job from eth-eu1.nanopool.org:9433
2021-02-13 14:30:55: [Statistics] Ethereum - Total speed: 60.510 MH/s, Total shares: 0 Rejected: 0, Time: 01:00
2021-02-13 14:30:55: [Statistics] Ethereum last 10 min - Total: 61.249 MH/s.
2021-02-13 14:30:55: <info>  New job from eth-eu1.nanopool.org:9433
2021-02-13 14:30:55: [Statistics] Ethereum - Total speed: 60.452 MH/s, Total shares: 0 Rejected: 0, Time: 01:00
2021-02-13 14:30:55: [Statistics] GPU0 t=59°C fan 30% power 131.14W. Total power: 131.14W
2021-02-13 14:30:58: <info>  New job from eth-eu1.nanopool.org:9433
2021-02-13 14:30:58: [Statistics] Ethereum - Total speed: 60.308 MH/s, Total shares: 0 Rejected: 0, Time: 01:03
2021-02-13 14:30:59: <info>  New job from eth-eu1.nanopool.org:9433
2021-02-13 14:30:59: [Statistics] Ethereum - Total speed: 60.268 MH/s, Total shares: 0 Rejected: 0, Time: 01:04
2021-02-13 14:30:59: [Statistics] GPU0 t=58°C fan 30% power 126.71W. Total power: 126.71W
2021-02-13 14:30:59: <info>  New job from eth-eu1.nanopool.org:9433
2021-02-13 14:30:59: [Statistics] Ethereum - Total speed: 60.262 MH/s, Total shares: 0 Rejected: 0, Time: 01:04
2021-02-13 14:30:59: [Statistics] Ethereum last 10 min - Total: 61.175 MH/s.
2021-02-13 14:31:00: <info>  New job from eth-eu1.nanopool.org:9433
2021-02-13 14:31:00: [Statistics] Ethereum - Total speed: 60.173 MH/s, Total shares: 0 Rejected: 0, Time: 01:05
2021-02-13 14:31:00: [Statistics] GPU0 t=58°C fan 30% power 126.17W. Total power: 126.17W
2021-02-13 14:31:00: <info>  New job from eth-eu1.nanopool.org:9433
2021-02-13 14:31:00: [Statistics] Ethereum - Total speed: 60.071 MH/s, Total shares: 0 Rejected: 0, Time: 01:05
2021-02-13 14:31:03: <info>  New job from eth-eu1.nanopool.org:9433
2021-02-13 14:31:03: [Statistics] Ethereum - Total speed: 59.833 MH/s, Total shares: 0 Rejected: 0, Time: 01:08
2021-02-13 14:31:03: [Statistics] GPU0 t=58°C fan 30% power 127.21W. Total power: 127.21W
2021-02-13 14:31:03: <info>  New job from eth-eu1.nanopool.org:9433
2021-02-13 14:31:03: [Statistics] Ethereum - Total speed: 59.845 MH/s, Total shares: 0 Rejected: 0, Time: 01:08
2021-02-13 14:31:03: [Statistics] Ethereum last 10 min - Total: 61.095 MH/s.
2021-02-13 14:31:05: <info>  New job from eth-eu1.nanopool.org:9433
2021-02-13 14:31:05: [Statistics] Ethereum - Total speed: 59.866 MH/s, Total shares: 0 Rejected: 0, Time: 01:10
2021-02-13 14:31:05: [Statistics] GPU0 t=58°C fan 30% power 127.40W. Total power: 127.40W
2021-02-13 14:31:05: <info>  New job from eth-eu1.nanopool.org:9433
2021-02-13 14:31:05: [Statistics] Ethereum - Total speed: 59.866 MH/s, Total shares: 0 Rejected: 0, Time: 01:10
2021-02-13 14:31:08: <info>  New job from eth-eu1.nanopool.org:9433
2021-02-13 14:31:08: [Statistics] Ethereum - Total speed: 59.873 MH/s, Total shares: 0 Rejected: 0, Time: 01:13
2021-02-13 14:31:08: [Statistics] GPU0 t=59°C fan 30% power 126.85W. Total power: 126.85W
2021-02-13 14:31:11: <info>  New job from eth-eu1.nanopool.org:9433
2021-02-13 14:31:11: [Statistics] Ethereum - Total speed: 59.852 MH/s, Total shares: 0 Rejected: 0, Time: 01:16
2021-02-13 14:31:11: [Statistics] Ethereum last 10 min - Total: 60.945 MH/s.
2021-02-13 14:31:11: <info>  New job from eth-eu1.nanopool.org:9433
2021-02-13 14:31:11: [Statistics] Ethereum - Total speed: 59.839 MH/s, Total shares: 0 Rejected: 0, Time: 01:16
2021-02-13 14:31:11: [Statistics] GPU0 t=59°C fan 30% power 126.41W. Total power: 126.41W
2021-02-13 14:31:14: <info>  New job from eth-eu1.nanopool.org:9433
2021-02-13 14:31:14: [Statistics] Ethereum - Total speed: 59.704 MH/s, Total shares: 0 Rejected: 0, Time: 01:19
2021-02-13 14:31:17: <info>  New job from eth-eu1.nanopool.org:9433
2021-02-13 14:31:17: [Statistics] Ethereum - Total speed: 59.629 MH/s, Total shares: 0 Rejected: 0, Time: 01:22
2021-02-13 14:31:17: [Statistics] GPU0 t=57°C fan 30% power 120.96W. Total power: 120.96W
2021-02-13 14:31:20: <info>  New job from eth-eu1.nanopool.org:9433
2021-02-13 14:31:20: [Statistics] Ethereum - Total speed: 59.621 MH/s, Total shares: 0 Rejected: 0, Time: 01:25
2021-02-13 14:31:20: [Statistics] Ethereum last 10 min - Total: 60.792 MH/s.
2021-02-13 14:31:23: <info>  New job from eth-eu1.nanopool.org:9433
2021-02-13 14:31:23: [Statistics] Ethereum - Total speed: 59.624 MH/s, Total shares: 0 Rejected: 0, Time: 01:28
2021-02-13 14:31:23: [Statistics] GPU0 t=57°C fan 30% power 120.80W. Total power: 120.80W
2021-02-13 14:31:26: <info>  New job from eth-eu1.nanopool.org:9433
2021-02-13 14:31:26: [Statistics] Ethereum - Total speed: 59.633 MH/s, Total shares: 0 Rejected: 0, Time: 01:31
2021-02-13 14:31:29: <info>  New job from eth-eu1.nanopool.org:9433
2021-02-13 14:31:29: [Statistics] Ethereum - Total speed: 59.647 MH/s, Total shares: 0 Rejected: 0, Time: 01:34
2021-02-13 14:31:29: [Statistics] GPU0 t=57°C fan 30% power 120.42W. Total power: 120.42W
2021-02-13 14:31:32: <info>  New job from eth-eu1.nanopool.org:9433
2021-02-13 14:31:32: [Statistics] Ethereum - Total speed: 59.649 MH/s, Total shares: 0 Rejected: 0, Time: 01:37
2021-02-13 14:31:32: [Statistics] Ethereum last 10 min - Total: 60.631 MH/s.
2021-02-13 14:31:35: <info>  New job from eth-eu1.nanopool.org:9433
2021-02-13 14:31:35: [Statistics] Ethereum - Total speed: 59.655 MH/s, Total shares: 0 Rejected: 0, Time: 01:40
2021-02-13 14:31:35: [Statistics] GPU0 t=57°C fan 30% power 120.37W. Total power: 120.37W
2021-02-13 14:31:36: <info>  New job from eth-eu1.nanopool.org:9433
2021-02-13 14:31:36: [Statistics] Ethereum - Total speed: 59.653 MH/s, Total shares: 0 Rejected: 0, Time: 01:41
2021-02-13 14:31:38: <info>  New job from eth-eu1.nanopool.org:9433
2021-02-13 14:31:38: [Statistics] Ethereum - Total speed: 59.643 MH/s, Total shares: 0 Rejected: 0, Time: 01:43
2021-02-13 14:31:38: [Statistics] GPU0 t=57°C fan 30% power 120.61W. Total power: 120.61W
2021-02-13 14:31:41: <info>  New job from eth-eu1.nanopool.org:9433
2021-02-13 14:31:41: [Statistics] Ethereum - Total speed: 59.653 MH/s, Total shares: 0 Rejected: 0, Time: 01:46
2021-02-13 14:31:41: [Statistics] Ethereum last 10 min - Total: 60.542 MH/s.
2021-02-13 14:31:44: <info>  New job from eth-eu1.nanopool.org:9433
2021-02-13 14:31:44: [Statistics] Ethereum - Total speed: 59.656 MH/s, Total shares: 0 Rejected: 0, Time: 01:49
2021-02-13 14:31:44: [Statistics] GPU0 t=57°C fan 30% power 120.85W. Total power: 120.85W
2021-02-13 14:31:47: <info>  New job from eth-eu1.nanopool.org:9433
2021-02-13 14:31:47: [Statistics] Ethereum - Total speed: 59.646 MH/s, Total shares: 0 Rejected: 0, Time: 01:52
2021-02-13 14:31:50: <info>  New job from eth-eu1.nanopool.org:9433
2021-02-13 14:31:50: [Statistics] Ethereum - Total speed: 59.653 MH/s, Total shares: 0 Rejected: 0, Time: 01:55
2021-02-13 14:31:50: [Statistics] GPU0 t=57°C fan 30% power 120.80W. Total power: 120.80W
2021-02-13 14:31:53: <info>  New job from eth-eu1.nanopool.org:9433
2021-02-13 14:31:53: [Statistics] Ethereum - Total speed: 59.647 MH/s, Total shares: 0 Rejected: 0, Time: 01:58
2021-02-13 14:31:53: [Statistics] Ethereum last 10 min - Total: 60.443 MH/s.
2021-02-13 14:31:56: <info>  New job from eth-eu1.nanopool.org:9433
2021-02-13 14:31:56: [Statistics] Ethereum - Total speed: 59.670 MH/s, Total shares: 0 Rejected: 0, Time: 02:01
2021-02-13 14:31:56: [Statistics] GPU0 t=57°C fan 30% power 120.91W. Total power: 120.91W
2021-02-13 14:31:59: <info>  New job from eth-eu1.nanopool.org:9433
2021-02-13 14:31:59: [Statistics] Ethereum - Total speed: 59.681 MH/s, Total shares: 0 Rejected: 0, Time: 02:04
2021-02-13 14:32:02: <info>  New job from eth-eu1.nanopool.org:9433
2021-02-13 14:32:02: [Statistics] Ethereum - Total speed: 59.695 MH/s, Total shares: 0 Rejected: 0, Time: 02:07
2021-02-13 14:32:02: [Statistics] GPU0 t=57°C fan 30% power 120.47W. Total power: 120.47W
2021-02-13 14:32:05: <info>  Ethereum - SHARE FOUND (GPU: 0, nonce: 0x63ab933a748c0eab).
2021-02-13 14:32:05: <info>  New job from eth-eu1.nanopool.org:9433
2021-02-13 14:32:05: [Statistics] Ethereum - Total speed: 59.687 MH/s, Total shares: 0 Rejected: 0, Time: 02:10
2021-02-13 14:32:05: [Statistics] Ethereum last 10 min - Total: 60.365 MH/s.
2021-02-13 14:32:05: <info> Ethereum: share denied: Provided PoW solution is invalid! (75 ms).
2021-02-13 14:32:08: <info>  New job from eth-eu1.nanopool.org:9433
2021-02-13 14:32:08: [Statistics] Ethereum - Total speed: 59.660 MH/s, Total shares: 1 Rejected: 1, Time: 02:13
2021-02-13 14:32:08: [Statistics] GPU0 t=57°C fan 30% power 120.74W. Total power: 120.74W
2021-02-13 14:32:08: <info>  New job from eth-eu1.nanopool.org:9433
2021-02-13 14:32:08: [Statistics] Ethereum - Total speed: 59.673 MH/s, Total shares: 1 Rejected: 1, Time: 02:13
2021-02-13 14:32:11: <info>  New job from eth-eu1.nanopool.org:9433
2021-02-13 14:32:11: [Statistics] Ethereum - Total speed: 59.618 MH/s, Total shares: 1 Rejected: 1, Time: 02:16
2021-02-13 14:32:11: [Statistics] GPU0 t=57°C fan 30% power 120.67W. Total power: 120.67W
2021-02-13 14:32:14: <info>  New job from eth-eu1.nanopool.org:9433
2021-02-13 14:32:14: [Statistics] Ethereum - Total speed: 59.620 MH/s, Total shares: 1 Rejected: 1, Time: 02:19
2021-02-13 14:32:14: [Statistics] Ethereum last 10 min - Total: 60.314 MH/s.
2021-02-13 14:32:17: <info>  New job from eth-eu1.nanopool.org:9433
2021-02-13 14:32:17: [Statistics] Ethereum - Total speed: 59.598 MH/s, Total shares: 1 Rejected: 1, Time: 02:22
2021-02-13 14:32:17: [Statistics] GPU0 t=57°C fan 30% power 118.91W. Total power: 118.91W
2021-02-13 14:32:20: <info>  New job from eth-eu1.nanopool.org:9433
2021-02-13 14:32:20: [Statistics] Ethereum - Total speed: 59.309 MH/s, Total shares: 1 Rejected: 1, Time: 02:25
2021-02-13 14:32:23: <info>  New job from eth-eu1.nanopool.org:9433
2021-02-13 14:32:23: [Statistics] Ethereum - Total speed: 59.324 MH/s, Total shares: 1 Rejected: 1, Time: 02:28
2021-02-13 14:32:23: [Statistics] GPU0 t=57°C fan 30% power 119.75W. Total power: 119.75W
2021-02-13 14:32:26: <info>  New job from eth-eu1.nanopool.org:9433
2021-02-13 14:32:26: [Statistics] Ethereum - Total speed: 59.019 MH/s, Total shares: 1 Rejected: 1, Time: 02:31
2021-02-13 14:32:26: [Statistics] Ethereum last 10 min - Total: 60.235 MH/s.
2021-02-13 14:32:29: <info>  New job from eth-eu1.nanopool.org:9433
2021-02-13 14:32:29: [Statistics] Ethereum - Total speed: 58.723 MH/s, Total shares: 1 Rejected: 1, Time: 02:34
2021-02-13 14:32:29: [Statistics] GPU0 t=57°C fan 30% power 120.70W. Total power: 120.70W
2021-02-13 14:32:32: <info>  New job from eth-eu1.nanopool.org:9433
2021-02-13 14:32:32: [Statistics] Ethereum - Total speed: 58.786 MH/s, Total shares: 1 Rejected: 1, Time: 02:37
2021-02-13 14:32:34: <info>  New job from eth-eu1.nanopool.org:9433
2021-02-13 14:32:34: [Statistics] Ethereum - Total speed: 58.879 MH/s, Total shares: 1 Rejected: 1, Time: 02:39
2021-02-13 14:32:34: [Statistics] GPU0 t=57°C fan 30% power 119.99W. Total power: 119.99W
2021-02-13 14:32:34: <info>  New job from eth-eu1.nanopool.org:9433
2021-02-13 14:32:34: [Statistics] Ethereum - Total speed: 58.892 MH/s, Total shares: 1 Rejected: 1, Time: 02:39
2021-02-13 14:32:34: [Statistics] Ethereum last 10 min - Total: 60.155 MH/s.
2021-02-13 14:32:37: <info>  New job from eth-eu1.nanopool.org:9433
2021-02-13 14:32:37: [Statistics] Ethereum - Total speed: 58.962 MH/s, Total shares: 1 Rejected: 1, Time: 02:42
2021-02-13 14:32:37: [Statistics] GPU0 t=57°C fan 30% power 120.69W. Total power: 120.69W
2021-02-13 14:32:40: <info>  New job from eth-eu1.nanopool.org:9433
2021-02-13 14:32:40: [Statistics] Ethereum - Total speed: 58.994 MH/s, Total shares: 1 Rejected: 1, Time: 02:45
2021-02-13 14:32:43: <info>  New job from eth-eu1.nanopool.org:9433
2021-02-13 14:32:43: [Statistics] Ethereum - Total speed: 58.948 MH/s, Total shares: 1 Rejected: 1, Time: 02:48
2021-02-13 14:32:43: [Statistics] GPU0 t=56°C fan 30% power 115.27W. Total power: 115.27W
2021-02-13 14:32:46: <info>  New job from eth-eu1.nanopool.org:9433
2021-02-13 14:32:46: [Statistics] Ethereum - Total speed: 58.806 MH/s, Total shares: 1 Rejected: 1, Time: 02:51
2021-02-13 14:32:46: [Statistics] Ethereum last 10 min - Total: 60.063 MH/s.
2021-02-13 14:32:48: <info>  New job from eth-eu1.nanopool.org:9433
2021-02-13 14:32:48: [Statistics] Ethereum - Total speed: 58.428 MH/s, Total shares: 1 Rejected: 1, Time: 02:53
2021-02-13 14:32:48: [Statistics] GPU0 t=56°C fan 30% power 115.94W. Total power: 115.94W
2021-02-13 14:32:48: <info>  New job from eth-eu1.nanopool.org:9433
2021-02-13 14:32:48: [Statistics] Ethereum - Total speed: 58.068 MH/s, Total shares: 1 Rejected: 1, Time: 02:53
2021-02-13 14:32:51: <info>  New job from eth-eu1.nanopool.org:9433
2021-02-13 14:32:51: [Statistics] Ethereum - Total speed: 57.963 MH/s, Total shares: 1 Rejected: 1, Time: 02:56
2021-02-13 14:32:51: [Statistics] GPU0 t=56°C fan 30% power 116.28W. Total power: 116.28W
2021-02-13 14:32:51: <info>  New job from eth-eu1.nanopool.org:9433
2021-02-13 14:32:51: [Statistics] Ethereum - Total speed: 57.624 MH/s, Total shares: 1 Rejected: 1, Time: 02:56
2021-02-13 14:32:51: [Statistics] Ethereum last 10 min - Total: 60.006 MH/s.
2021-02-13 14:32:51: <info>  New job from eth-eu1.nanopool.org:9433
2021-02-13 14:32:51: [Statistics] Ethereum - Total speed: 57.624 MH/s, Total shares: 1 Rejected: 1, Time: 02:56
2021-02-13 14:32:51: [Statistics] GPU0 t=56°C fan 30% power 116.41W. Total power: 116.41W
2021-02-13 14:32:54: <info>  New job from eth-eu1.nanopool.org:9433
2021-02-13 14:32:54: [Statistics] Ethereum - Total speed: 57.367 MH/s, Total shares: 1 Rejected: 1, Time: 02:59
2021-02-13 14:32:57: <info>  Ethereum - SHARE FOUND (GPU: 0, nonce: 0x3fe2a467566fa3b1).
2021-02-13 14:32:57: <info> Ethereum: share denied: Provided PoW solution is invalid! (20 ms).
2021-02-13 14:32:57: <info>  New job from eth-eu1.nanopool.org:9433
2021-02-13 14:32:57: [Statistics] Ethereum - Total speed: 57.102 MH/s, Total shares: 2 Rejected: 2, Time: 03:02
2021-02-13 14:32:57: [Statistics] GPU0 t=56°C fan 30% power 114.94W. Total power: 114.94W
2021-02-13 14:33:00: <info>  New job from eth-eu1.nanopool.org:9433
2021-02-13 14:33:00: [Statistics] Ethereum - Total speed: 56.885 MH/s, Total shares: 2 Rejected: 2, Time: 03:05
2021-02-13 14:33:00: [Statistics] Ethereum last 10 min - Total: 59.864 MH/s.
2021-02-13 14:33:03: <info>  New job from eth-eu1.nanopool.org:9433
2021-02-13 14:33:03: [Statistics] Ethereum - Total speed: 56.701 MH/s, Total shares: 2 Rejected: 2, Time: 03:08
2021-02-13 14:33:03: [Statistics] GPU0 t=56°C fan 30% power 116.39W. Total power: 116.39W
2021-02-13 14:33:06: <info>  New job from eth-eu1.nanopool.org:9433
2021-02-13 14:33:06: [Statistics] Ethereum - Total speed: 56.558 MH/s, Total shares: 2 Rejected: 2, Time: 03:11
2021-02-13 14:33:09: <info>  New job from eth-eu1.nanopool.org:9433
2021-02-13 14:33:09: [Statistics] Ethereum - Total speed: 56.503 MH/s, Total shares: 2 Rejected: 2, Time: 03:14
2021-02-13 14:33:09: [Statistics] GPU0 t=56°C fan 30% power 116.31W. Total power: 116.31W
2021-02-13 14:33:12: <info>  New job from eth-eu1.nanopool.org:9433
2021-02-13 14:33:12: [Statistics] Ethereum - Total speed: 56.485 MH/s, Total shares: 2 Rejected: 2, Time: 03:17
2021-02-13 14:33:12: [Statistics] Ethereum last 10 min - Total: 59.655 MH/s.
2021-02-13 14:33:15: <info>  New job from eth-eu1.nanopool.org:9433
2021-02-13 14:33:15: [Statistics] Ethereum - Total speed: 56.476 MH/s, Total shares: 2 Rejected: 2, Time: 03:20
2021-02-13 14:33:15: [Statistics] GPU0 t=56°C fan 30% power 116.43W. Total power: 116.43W
2021-02-13 14:33:18: <info>  New job from eth-eu1.nanopool.org:9433
2021-02-13 14:33:18: [Statistics] Ethereum - Total speed: 56.480 MH/s, Total shares: 2 Rejected: 2, Time: 03:23
2021-02-13 14:33:18: <info>  New job from eth-eu1.nanopool.org:9433
2021-02-13 14:33:18: [Statistics] Ethereum - Total speed: 56.495 MH/s, Total shares: 2 Rejected: 2, Time: 03:23
2021-02-13 14:33:18: [Statistics] GPU0 t=56°C fan 30% power 116.29W. Total power: 116.29W
2021-02-13 14:33:21: <info>  New job from eth-eu1.nanopool.org:9433
2021-02-13 14:33:21: [Statistics] Ethereum - Total speed: 56.528 MH/s, Total shares: 2 Rejected: 2, Time: 03:26
2021-02-13 14:33:21: [Statistics] Ethereum last 10 min - Total: 59.512 MH/s.
2021-02-13 14:33:24: <info>  New job from eth-eu1.nanopool.org:9433
2021-02-13 14:33:24: [Statistics] Ethereum - Total speed: 56.515 MH/s, Total shares: 2 Rejected: 2, Time: 03:29
2021-02-13 14:33:24: [Statistics] GPU0 t=56°C fan 30% power 115.23W. Total power: 115.23W
2021-02-13 14:33:27: <info>  New job from eth-eu1.nanopool.org:9433
2021-02-13 14:33:27: [Statistics] Ethereum - Total speed: 56.470 MH/s, Total shares: 2 Rejected: 2, Time: 03:32
2021-02-13 14:33:30: <info>  New job from eth-eu1.nanopool.org:9433
2021-02-13 14:33:30: [Statistics] Ethereum - Total speed: 56.368 MH/s, Total shares: 2 Rejected: 2, Time: 03:35
2021-02-13 14:33:30: [Statistics] GPU0 t=62°C fan 30% power 144.27W. Total power: 144.27W
2021-02-13 14:33:33: <info>  New job from eth-eu1.nanopool.org:9433
2021-02-13 14:33:33: [Statistics] Ethereum - Total speed: 56.412 MH/s, Total shares: 2 Rejected: 2, Time: 03:38
2021-02-13 14:33:33: [Statistics] Ethereum last 10 min - Total: 59.335 MH/s.
2021-02-13 14:33:36: <info>  New job from eth-eu1.nanopool.org:9433
2021-02-13 14:33:36: [Statistics] Ethereum - Total speed: 56.585 MH/s, Total shares: 2 Rejected: 2, Time: 03:41
2021-02-13 14:33:36: [Statistics] GPU0 t=65°C fan 31% power 161.04W. Total power: 161.04W
2021-02-13 14:33:39: <info>  New job from eth-eu1.nanopool.org:9433
2021-02-13 14:33:39: [Statistics] Ethereum - Total speed: 56.757 MH/s, Total shares: 2 Rejected: 2, Time: 03:44
2021-02-13 14:33:42: <info>  New job from eth-eu1.nanopool.org:9433
2021-02-13 14:33:42: [Statistics] Ethereum - Total speed: 56.903 MH/s, Total shares: 2 Rejected: 2, Time: 03:47
2021-02-13 14:33:42: [Statistics] GPU0 t=66°C fan 34% power 161.87W. Total power: 161.87W
2021-02-13 14:33:45: <info>  New job from eth-eu1.nanopool.org:9433
2021-02-13 14:33:45: [Statistics] Ethereum - Total speed: 57.038 MH/s, Total shares: 2 Rejected: 2, Time: 03:50
2021-02-13 14:33:45: [Statistics] Ethereum last 10 min - Total: 59.196 MH/s.
2021-02-13 14:33:45: <info>  New job from eth-eu1.nanopool.org:9433
2021-02-13 14:33:45: [Statistics] Ethereum - Total speed: 57.158 MH/s, Total shares: 2 Rejected: 2, Time: 03:50
2021-02-13 14:33:45: [Statistics] GPU0 t=67°C fan 35% power 162.15W. Total power: 162.15W
2021-02-13 14:33:48: <info>  New job from eth-eu1.nanopool.org:9433
2021-02-13 14:33:48: [Statistics] Ethereum - Total speed: 57.274 MH/s, Total shares: 2 Rejected: 2, Time: 03:53
2021-02-13 14:33:51: <info>  New job from eth-eu1.nanopool.org:9433
2021-02-13 14:33:51: [Statistics] Ethereum - Total speed: 57.375 MH/s, Total shares: 2 Rejected: 2, Time: 03:56
2021-02-13 14:33:51: [Statistics] GPU0 t=67°C fan 37% power 161.56W. Total power: 161.56W
2021-02-13 14:33:54: <info>  New job from eth-eu1.nanopool.org:9433
2021-02-13 14:33:54: [Statistics] Ethereum - Total speed: 57.448 MH/s, Total shares: 2 Rejected: 2, Time: 03:59
2021-02-13 14:33:54: [Statistics] Ethereum last 10 min - Total: 59.121 MH/s.
2021-02-13 14:33:57: <info>  New job from eth-eu1.nanopool.org:9433
2021-02-13 14:33:57: [Statistics] Ethereum - Total speed: 57.479 MH/s, Total shares: 2 Rejected: 2, Time: 04:02
2021-02-13 14:33:57: [Statistics] GPU0 t=67°C fan 38% power 162.00W. Total power: 162.00W
2021-02-13 14:33:59: <info>  Ethereum - SHARE FOUND (GPU: 0, nonce: 0x2c37177b36fdb9dd).
2021-02-13 14:33:59: <info> Ethereum: share denied: Provided PoW solution is invalid! (45 ms).
2021-02-13 14:34:00: <info>  New job from eth-eu1.nanopool.org:9433
2021-02-13 14:34:00: [Statistics] Ethereum - Total speed: 57.545 MH/s, Total shares: 3 Rejected: 3, Time: 04:05
2021-02-13 14:34:03: <info>  New job from eth-eu1.nanopool.org:9433
2021-02-13 14:34:03: [Statistics] Ethereum - Total speed: 57.601 MH/s, Total shares: 3 Rejected: 3, Time: 04:08
2021-02-13 14:34:03: [Statistics] GPU0 t=68°C fan 39% power 161.49W. Total power: 161.49W
2021-02-13 14:34:04: <info>  New job from eth-eu1.nanopool.org:9433
2021-02-13 14:34:04: [Statistics] Ethereum - Total speed: 57.633 MH/s, Total shares: 3 Rejected: 3, Time: 04:09
2021-02-13 14:34:04: [Statistics] Ethereum last 10 min - Total: 59.053 MH/s.
2021-02-13 14:34:04: <info>  New job from eth-eu1.nanopool.org:9433
2021-02-13 14:34:04: [Statistics] Ethereum - Total speed: 57.644 MH/s, Total shares: 3 Rejected: 3, Time: 04:09
2021-02-13 14:34:04: [Statistics] GPU0 t=68°C fan 39% power 161.79W. Total power: 161.79W
2021-02-13 14:34:07: <info>  New job from eth-eu1.nanopool.org:9433
2021-02-13 14:34:07: [Statistics] Ethereum - Total speed: 57.673 MH/s, Total shares: 3 Rejected: 3, Time: 04:12
2021-02-13 14:34:10: <info>  New job from eth-eu1.nanopool.org:9433
2021-02-13 14:34:10: [Statistics] Ethereum - Total speed: 57.723 MH/s, Total shares: 3 Rejected: 3, Time: 04:15
2021-02-13 14:34:10: [Statistics] GPU0 t=68°C fan 40% power 161.39W. Total power: 161.39W
2021-02-13 14:34:13: <info>  New job from eth-eu1.nanopool.org:9433
2021-02-13 14:34:13: [Statistics] Ethereum - Total speed: 57.746 MH/s, Total shares: 3 Rejected: 3, Time: 04:18
2021-02-13 14:34:13: [Statistics] Ethereum last 10 min - Total: 59.003 MH/s.
2021-02-13 14:34:16: <info>  New job from eth-eu1.nanopool.org:9433
2021-02-13 14:34:16: [Statistics] Ethereum - Total speed: 57.761 MH/s, Total shares: 3 Rejected: 3, Time: 04:21
2021-02-13 14:34:16: [Statistics] GPU0 t=67°C fan 40% power 161.50W. Total power: 161.50W
2021-02-13 14:34:19: <info>  New job from eth-eu1.nanopool.org:9433
2021-02-13 14:34:19: [Statistics] Ethereum - Total speed: 57.730 MH/s, Total shares: 3 Rejected: 3, Time: 04:24
2021-02-13 14:34:22: <info>  New job from eth-eu1.nanopool.org:9433
2021-02-13 14:34:22: [Statistics] Ethereum - Total speed: 56.841 MH/s, Total shares: 3 Rejected: 3, Time: 04:27
2021-02-13 14:34:22: [Statistics] GPU0 t=60°C fan 40% power 118.69W. Total power: 118.69W
2021-02-13 14:34:25: <info>  Terminating, please wait ...
