2021-02-15 13:53:23: <info>                                    _                 
2021-02-15 13:53:23: <info>  _ __   __ _ _ __   ___  _ __ ___ (_)_ __   ___ _ __ 
2021-02-15 13:53:23: <info> | '_ \ / _` | '_ \ / _ \| '_ ` _ \| | '_ \ / _ \ '__|
2021-02-15 13:53:23: <info> | | | | (_| | | | | (_) | | | | | | | | | |  __/ |   
2021-02-15 13:53:23: <info> |_| |_|\__,_|_| |_|\___/|_| |_| |_|_|_| |_|\___|_|   
2021-02-15 13:53:23: <info> 
2021-02-15 13:53:23: <info> Version 3.2.2-cuda11
2021-02-15 13:53:23: <info>  Started EthMan server on port 3333 with a password (read-only mode).
2021-02-15 13:53:23: <info>  Started web interface on port 9090 with a password.
2021-02-15 13:53:23: <info>  CUDA driver version is 11.2, runtime version is 11.1
2021-02-15 13:53:23: <info> Single device detected
2021-02-15 13:53:23: <info> GPU 0 PCI 01:00.0, Platform: CUDA, Name: GeForce RTX 3070, 8192 MB available
2021-02-15 13:53:23: <info> -------------------Ethash:------------------
2021-02-15 13:53:23: <info> Currency: Ethereum
2021-02-15 13:53:23: <info> Wallet: wallet
2021-02-15 13:53:23: <info> Rig name: ferris
2021-02-15 13:53:23: <info> Email: email
2021-02-15 13:53:23: <info> Hashrate threshold to restart miner: 50.00 MH/s
2021-02-15 13:53:23: <info> Added pool: eth-eu1.nanopool.org:9433
2021-02-15 13:53:23: <info> Added pool: eth-eu2.nanopool.org:9433
2021-02-15 13:53:23: <info> Added pool: eth-us-east1.nanopool.org:9433
2021-02-15 13:53:23: <info> Added pool: eth-jp1.nanopool.org:9433
2021-02-15 13:53:23: <info> Added pool: eth-us-west1.nanopool.org:9433
2021-02-15 13:53:23: <info> Added pool: eth-au1.nanopool.org:9433
2021-02-15 13:53:23: <info> Added pool: eth-asia1.nanopool.org:9433
2021-02-15 13:53:23: <info> Auto pool sorting is enabled
2021-02-15 13:53:23: <info> Using all GPU devices
2021-02-15 13:53:23: <info> Memory tweak: 1
2021-02-15 13:53:23: <info> -------------Common parameters:-------------
2021-02-15 13:53:23: <info> Log path: ./logs/
2021-02-15 13:53:23: <info> Log is written to file
2021-02-15 13:53:23: <info> GPU watchdog is enabled
2021-02-15 13:53:23: <info> Restart count before calling reboot.bat: 10
2021-02-15 13:53:23: <info>  Setting up algorithm: Ethash
2021-02-15 13:53:24: <info>  Connecting to pools...
2021-02-15 13:53:24: <info>  Connected to pool: eth-eu1.nanopool.org:9433 | IP: 92.222.72.197 | ping: 54 ms.
2021-02-15 13:53:24: <info>  New job from eth-eu1.nanopool.org:9433 | share difficulty = 10000 MH, epoch 395 (4183 MB)
2021-02-15 13:53:24: [Statistics] Ethereum - Total speed: 0.000 H/s, Total shares: 0 Rejected: 0, Time: 00:01
2021-02-15 13:53:24: [Statistics] GPU0 t=44°C fan 31% power 47.06W. Total power: 47.06W
2021-02-15 13:53:24: <info>  New job from eth-eu1.nanopool.org:9433
2021-02-15 13:53:24: [Statistics] Ethereum - Total speed: 0.000 H/s, Total shares: 0 Rejected: 0, Time: 00:01
2021-02-15 13:53:24: [Statistics] Ethereum last 10 min - Total: 0.000 H/s.
2021-02-15 13:53:25: <info>  New job from eth-eu1.nanopool.org:9433
2021-02-15 13:53:25: [Statistics] Ethereum - Total speed: 0.000 H/s, Total shares: 0 Rejected: 0, Time: 00:01
2021-02-15 13:53:25: [Statistics] GPU0 t=44°C fan 31% power 47.05W. Total power: 47.05W
2021-02-15 13:53:25: <info>  [Ethash] ~~~~~~ DevFee begin ~~~~~~
2021-02-15 13:53:25: <info>  New job from commission host
2021-02-15 13:53:25: [Statistics] Ethereum - Total speed: 0.000 H/s, Total shares: 0 Rejected: 0, Time: 00:02
2021-02-15 13:53:26: <info>  New job from commission host
2021-02-15 13:53:26: [Statistics] Ethereum - Total speed: 0.000 H/s, Total shares: 0 Rejected: 0, Time: 00:02
2021-02-15 13:53:26: [Statistics] GPU0 t=44°C fan 31% power 47.17W. Total power: 47.17W
2021-02-15 13:53:27: <info>  New job from commission host
2021-02-15 13:53:27: [Statistics] Ethereum - Total speed: 0.000 H/s, Total shares: 0 Rejected: 0, Time: 00:04
2021-02-15 13:53:27: [Statistics] Ethereum last 10 min - Total: 0.000 H/s.
2021-02-15 13:53:31: <info>  New job from commission host
2021-02-15 13:53:31: [Statistics] Ethereum - Total speed: 0.000 H/s, Total shares: 0 Rejected: 0, Time: 00:07
2021-02-15 13:53:31: [Statistics] GPU0 t=58°C fan 30% power 209.95W. Total power: 209.95W
2021-02-15 13:53:31: <info>  GPU0: 4183 MB DAG generated in 3.67 seconds
2021-02-15 13:53:33: <info>  New job from commission host
2021-02-15 13:53:33: [Statistics] Ethereum - Total speed: 51.020 MH/s, Total shares: 0 Rejected: 0, Time: 00:10
2021-02-15 13:53:34: <info>  New job from commission host
2021-02-15 13:53:34: [Statistics] Ethereum - Total speed: 51.007 MH/s, Total shares: 0 Rejected: 0, Time: 00:10
2021-02-15 13:53:34: [Statistics] GPU0 t=58°C fan 31% power 195.15W. Total power: 195.15W
2021-02-15 13:53:34: <info>  New job from commission host
2021-02-15 13:53:34: [Statistics] Ethereum - Total speed: 50.952 MH/s, Total shares: 0 Rejected: 0, Time: 00:11
2021-02-15 13:53:34: [Statistics] Ethereum last 10 min - Total: 51.001 MH/s.
2021-02-15 13:53:37: <info>  New job from commission host
2021-02-15 13:53:37: [Statistics] Ethereum - Total speed: 50.964 MH/s, Total shares: 0 Rejected: 0, Time: 00:13
2021-02-15 13:53:37: [Statistics] GPU0 t=59°C fan 31% power 196.93W. Total power: 196.93W
2021-02-15 13:53:38: <info>  New job from commission host
2021-02-15 13:53:38: [Statistics] Ethereum - Total speed: 50.969 MH/s, Total shares: 0 Rejected: 0, Time: 00:14
2021-02-15 13:53:38: <info>  New job from commission host
2021-02-15 13:53:38: [Statistics] Ethereum - Total speed: 50.964 MH/s, Total shares: 0 Rejected: 0, Time: 00:14
2021-02-15 13:53:38: [Statistics] GPU0 t=59°C fan 32% power 197.16W. Total power: 197.16W
2021-02-15 13:53:41: <info>  New job from commission host
2021-02-15 13:53:41: [Statistics] Ethereum - Total speed: 50.961 MH/s, Total shares: 0 Rejected: 0, Time: 00:17
2021-02-15 13:53:41: [Statistics] Ethereum last 10 min - Total: 50.966 MH/s.
2021-02-15 13:53:41: <info>  New job from commission host
2021-02-15 13:53:41: [Statistics] Ethereum - Total speed: 50.965 MH/s, Total shares: 0 Rejected: 0, Time: 00:17
2021-02-15 13:53:41: [Statistics] GPU0 t=59°C fan 33% power 197.42W. Total power: 197.42W
2021-02-15 13:53:44: <info>  New job from commission host
2021-02-15 13:53:44: [Statistics] Ethereum - Total speed: 50.977 MH/s, Total shares: 0 Rejected: 0, Time: 00:20
2021-02-15 13:53:47: <info>  New job from commission host
2021-02-15 13:53:47: [Statistics] Ethereum - Total speed: 50.029 MH/s, Total shares: 0 Rejected: 0, Time: 00:23
2021-02-15 13:53:47: [Statistics] GPU0 t=60°C fan 35% power 199.06W. Total power: 199.06W
2021-02-15 13:53:50: <info>  New job from commission host
2021-02-15 13:53:50: [Statistics] Ethereum - Total speed: 49.968 MH/s, Total shares: 0 Rejected: 0, Time: 00:26
2021-02-15 13:53:50: [Statistics] Ethereum last 10 min - Total: 50.726 MH/s.
2021-02-15 13:53:53: <info>  New job from commission host
2021-02-15 13:53:53: [Statistics] Ethereum - Total speed: 49.970 MH/s, Total shares: 0 Rejected: 0, Time: 00:29
2021-02-15 13:53:53: [Statistics] GPU0 t=61°C fan 37% power 199.56W. Total power: 199.56W
2021-02-15 13:53:56: <info>  New job from commission host
2021-02-15 13:53:56: [Statistics] Ethereum - Total speed: 50.081 MH/s, Total shares: 0 Rejected: 0, Time: 00:32
2021-02-15 13:53:59: <info>  New job from commission host
2021-02-15 13:53:59: [Statistics] Ethereum - Total speed: 50.181 MH/s, Total shares: 0 Rejected: 0, Time: 00:35
2021-02-15 13:53:59: [Statistics] GPU0 t=62°C fan 39% power 199.49W. Total power: 199.49W
2021-02-15 13:54:01: <info>  New job from commission host
2021-02-15 13:54:01: [Statistics] Ethereum - Total speed: 50.259 MH/s, Total shares: 0 Rejected: 0, Time: 00:37
2021-02-15 13:54:01: [Statistics] Ethereum last 10 min - Total: 50.464 MH/s.
2021-02-15 13:54:03: <info>  New job from commission host
2021-02-15 13:54:03: [Statistics] Ethereum - Total speed: 50.335 MH/s, Total shares: 0 Rejected: 0, Time: 00:40
2021-02-15 13:54:03: [Statistics] GPU0 t=62°C fan 40% power 200.85W. Total power: 200.85W
2021-02-15 13:54:07: <info>  New job from commission host
2021-02-15 13:54:07: [Statistics] Ethereum - Total speed: 50.324 MH/s, Total shares: 0 Rejected: 0, Time: 00:43
2021-02-15 13:54:10: <info>  New job from commission host
2021-02-15 13:54:10: [Statistics] Ethereum - Total speed: 50.382 MH/s, Total shares: 0 Rejected: 0, Time: 00:46
2021-02-15 13:54:10: [Statistics] GPU0 t=62°C fan 41% power 200.72W. Total power: 200.72W
2021-02-15 13:54:12: <info>  New job from commission host
2021-02-15 13:54:12: [Statistics] Ethereum - Total speed: 50.432 MH/s, Total shares: 0 Rejected: 0, Time: 00:49
2021-02-15 13:54:12: [Statistics] Ethereum last 10 min - Total: 50.429 MH/s.
2021-02-15 13:54:15: <info>  New job from commission host
2021-02-15 13:54:15: [Statistics] Ethereum - Total speed: 50.405 MH/s, Total shares: 0 Rejected: 0, Time: 00:52
2021-02-15 13:54:15: [Statistics] GPU0 t=63°C fan 42% power 201.43W. Total power: 201.43W
2021-02-15 13:54:16: <info>  New job from commission host
2021-02-15 13:54:16: [Statistics] Ethereum - Total speed: 50.433 MH/s, Total shares: 0 Rejected: 0, Time: 00:53
2021-02-15 13:54:16: <info>  New job from commission host
2021-02-15 13:54:16: [Statistics] Ethereum - Total speed: 50.479 MH/s, Total shares: 0 Rejected: 0, Time: 00:53
2021-02-15 13:54:16: [Statistics] GPU0 t=63°C fan 43% power 201.66W. Total power: 201.66W
2021-02-15 13:54:20: <info>  New job from commission host
2021-02-15 13:54:20: [Statistics] Ethereum - Total speed: 50.433 MH/s, Total shares: 0 Rejected: 0, Time: 00:56
2021-02-15 13:54:20: [Statistics] Ethereum last 10 min - Total: 50.430 MH/s.
2021-02-15 13:54:22: <info>  New job from commission host
2021-02-15 13:54:22: [Statistics] Ethereum - Total speed: 50.392 MH/s, Total shares: 0 Rejected: 0, Time: 00:59
2021-02-15 13:54:22: [Statistics] GPU0 t=62°C fan 43% power 187.46W. Total power: 187.46W
2021-02-15 13:54:25: <info>  New job from commission host
2021-02-15 13:54:25: [Statistics] Ethereum - Total speed: 49.977 MH/s, Total shares: 0 Rejected: 0, Time: 01:02
2021-02-15 13:54:28: <info>  New job from commission host
2021-02-15 13:54:28: [Statistics] Ethereum - Total speed: 50.040 MH/s, Total shares: 0 Rejected: 0, Time: 01:05
2021-02-15 13:54:28: [Statistics] GPU0 t=63°C fan 44% power 202.18W. Total power: 202.18W
2021-02-15 13:54:30: <info>  New job from commission host
2021-02-15 13:54:30: [Statistics] Ethereum - Total speed: 50.120 MH/s, Total shares: 0 Rejected: 0, Time: 01:07
2021-02-15 13:54:30: [Statistics] Ethereum last 10 min - Total: 50.381 MH/s.
2021-02-15 13:54:31: <info>  New job from commission host
2021-02-15 13:54:31: [Statistics] Ethereum - Total speed: 50.143 MH/s, Total shares: 0 Rejected: 0, Time: 01:07
2021-02-15 13:54:31: [Statistics] GPU0 t=64°C fan 44% power 201.38W. Total power: 201.38W
2021-02-15 13:54:33: <info>  New job from commission host
2021-02-15 13:54:33: [Statistics] Ethereum - Total speed: 50.236 MH/s, Total shares: 0 Rejected: 0, Time: 01:09
2021-02-15 13:54:34: <info>  New job from commission host
2021-02-15 13:54:34: [Statistics] Ethereum - Total speed: 49.881 MH/s, Total shares: 0 Rejected: 0, Time: 01:10
2021-02-15 13:54:34: [Statistics] GPU0 t=64°C fan 44% power 202.90W. Total power: 202.90W
2021-02-15 13:54:36: <info>  New job from commission host
2021-02-15 13:54:36: [Statistics] Ethereum - Total speed: 49.997 MH/s, Total shares: 0 Rejected: 0, Time: 01:12
2021-02-15 13:54:36: [Statistics] Ethereum last 10 min - Total: 50.354 MH/s.
2021-02-15 13:54:36: <info>  New job from commission host
2021-02-15 13:54:36: [Statistics] Ethereum - Total speed: 49.912 MH/s, Total shares: 0 Rejected: 0, Time: 01:12
2021-02-15 13:54:36: [Statistics] GPU0 t=64°C fan 44% power 200.02W. Total power: 200.02W
2021-02-15 13:54:38: <info>  [Ethash] ~~~~~~ DevFee end ~~~~~~
2021-02-15 13:54:38: <info>  New job from eth-eu1.nanopool.org:9433
2021-02-15 13:54:38: [Statistics] Ethereum - Total speed: 50.021 MH/s, Total shares: 0 Rejected: 0, Time: 01:15
2021-02-15 13:54:38: <info>  New job from eth-eu1.nanopool.org:9433
2021-02-15 13:54:38: [Statistics] Ethereum - Total speed: 50.021 MH/s, Total shares: 0 Rejected: 0, Time: 01:15
2021-02-15 13:54:38: [Statistics] GPU0 t=64°C fan 45% power 203.12W. Total power: 203.12W
2021-02-15 13:54:39: <info>  New job from eth-eu1.nanopool.org:9433
2021-02-15 13:54:39: [Statistics] Ethereum - Total speed: 50.123 MH/s, Total shares: 0 Rejected: 0, Time: 01:15
2021-02-15 13:54:39: [Statistics] Ethereum last 10 min - Total: 50.336 MH/s.
2021-02-15 13:54:42: <info>  New job from eth-eu1.nanopool.org:9433
2021-02-15 13:54:42: [Statistics] Ethereum - Total speed: 50.211 MH/s, Total shares: 0 Rejected: 0, Time: 01:18
2021-02-15 13:54:42: [Statistics] GPU0 t=64°C fan 45% power 203.02W. Total power: 203.02W
2021-02-15 13:54:44: <info>  Self-restarting miner process.
