2021-02-13 14:34:48: <info>                                    _                 
2021-02-13 14:34:48: <info>  _ __   __ _ _ __   ___  _ __ ___ (_)_ __   ___ _ __ 
2021-02-13 14:34:48: <info> | '_ \ / _` | '_ \ / _ \| '_ ` _ \| | '_ \ / _ \ '__|
2021-02-13 14:34:48: <info> | | | | (_| | | | | (_) | | | | | | | | | |  __/ |   
2021-02-13 14:34:48: <info> |_| |_|\__,_|_| |_|\___/|_| |_| |_|_|_| |_|\___|_|   
2021-02-13 14:34:48: <info> 
2021-02-13 14:34:48: <info> Version 3.2.2-cuda11
2021-02-13 14:34:48: <info>  Started EthMan server on port 3333 without a password (read-only mode).
2021-02-13 14:34:48: <info>  Started web interface on port 9090 without a password.
2021-02-13 14:34:48: <info>  CUDA driver version is 11.2, runtime version is 11.1
2021-02-13 14:34:49: <info> Single device detected
2021-02-13 14:34:49: <info> GPU 0 PCI 01:00.0, Platform: CUDA, Name: GeForce RTX 3070, 8192 MB available
2021-02-13 14:34:49: <info> -------------------Ethash:------------------
2021-02-13 14:34:49: <info> Currency: Ethereum
2021-02-13 14:34:49: <info> Wallet: wallet
2021-02-13 14:34:49: <info> Rig name: Happy_c4ab4c56
2021-02-13 14:34:49: <info> Email: email
2021-02-13 14:34:49: <info> Hashrate threshold to restart miner is not set
2021-02-13 14:34:49: <info> Added pool: eth-eu1.nanopool.org:9433
2021-02-13 14:34:49: <info> Added pool: eth-eu2.nanopool.org:9433
2021-02-13 14:34:49: <info> Added pool: eth-us-east1.nanopool.org:9433
2021-02-13 14:34:49: <info> Added pool: eth-us-west1.nanopool.org:9433
2021-02-13 14:34:49: <info> Added pool: eth-asia1.nanopool.org:9433
2021-02-13 14:34:49: <info> Added pool: eth-jp1.nanopool.org:9433
2021-02-13 14:34:49: <info> Added pool: eth-au1.nanopool.org:9433
2021-02-13 14:34:49: <info> Auto pool sorting is enabled
2021-02-13 14:34:49: <info> Using all GPU devices
2021-02-13 14:34:49: <info> Memory tweak: 1
2021-02-13 14:34:49: <info> -------------Common parameters:-------------
2021-02-13 14:34:49: <info> Log path: ./logs/
2021-02-13 14:34:49: <info> Log is written to file
2021-02-13 14:34:49: <info> GPU watchdog is enabled
2021-02-13 14:34:49: <info> Never calling reboot.bat (always restarting the miner in case of errors). 
2021-02-13 14:34:49: <info>  Setting up algorithm: Ethash
2021-02-13 14:34:50: <info>  Connecting to pools...
2021-02-13 14:34:50: <info>  Connected to pool: eth-eu1.nanopool.org:9433 | IP: 92.222.72.197 | ping: 116 ms.
2021-02-13 14:34:50: <info>  New job from eth-eu1.nanopool.org:9433 | share difficulty = 10000 MH, epoch 394 (4175 MB)
2021-02-13 14:34:50: [Statistics] Ethereum - Total speed: 0.000 H/s, Total shares: 0 Rejected: 0, Time: 00:01
2021-02-13 14:34:50: [Statistics] GPU0 t=49°C fan 30% power 44.63W. Total power: 44.63W
2021-02-13 14:34:51: <info>  New job from eth-eu1.nanopool.org:9433
2021-02-13 14:34:51: [Statistics] Ethereum - Total speed: 0.000 H/s, Total shares: 0 Rejected: 0, Time: 00:01
2021-02-13 14:34:51: [Statistics] Ethereum last 10 min - Total: 0.000 H/s.
2021-02-13 14:34:52: <info>  New job from eth-eu1.nanopool.org:9433
2021-02-13 14:34:52: [Statistics] Ethereum - Total speed: 0.000 H/s, Total shares: 0 Rejected: 0, Time: 00:02
2021-02-13 14:34:52: [Statistics] GPU0 t=49°C fan 30% power 44.54W. Total power: 44.54W
2021-02-13 14:34:54: <info>  New job from eth-eu1.nanopool.org:9433
2021-02-13 14:34:54: [Statistics] Ethereum - Total speed: 0.000 H/s, Total shares: 0 Rejected: 0, Time: 00:05
2021-02-13 14:34:55: <info>  New job from eth-eu1.nanopool.org:9433
2021-02-13 14:34:55: [Statistics] Ethereum - Total speed: 0.000 H/s, Total shares: 0 Rejected: 0, Time: 00:05
2021-02-13 14:34:55: [Statistics] GPU0 t=54°C fan 30% power 117.60W. Total power: 117.60W
2021-02-13 14:34:57: <info>  GPU0: 4175 MB DAG generated in 3.52 seconds
2021-02-13 14:34:58: <info>  New job from eth-eu1.nanopool.org:9433
2021-02-13 14:34:58: [Statistics] Ethereum - Total speed: 55.042 MH/s, Total shares: 0 Rejected: 0, Time: 00:08
2021-02-13 14:34:58: [Statistics] Ethereum last 10 min - Total: 55.042 MH/s.
2021-02-13 14:35:01: <info>  New job from eth-eu1.nanopool.org:9433
2021-02-13 14:35:01: [Statistics] Ethereum - Total speed: 55.189 MH/s, Total shares: 0 Rejected: 0, Time: 00:11
2021-02-13 14:35:01: [Statistics] GPU0 t=55°C fan 30% power 118.48W. Total power: 118.48W
2021-02-13 14:35:03: <info>  New job from eth-eu1.nanopool.org:9433
2021-02-13 14:35:03: [Statistics] Ethereum - Total speed: 55.315 MH/s, Total shares: 0 Rejected: 0, Time: 00:13
2021-02-13 14:35:03: <info>  New job from eth-eu1.nanopool.org:9433
2021-02-13 14:35:03: [Statistics] Ethereum - Total speed: 55.439 MH/s, Total shares: 0 Rejected: 0, Time: 00:13
2021-02-13 14:35:03: [Statistics] GPU0 t=55°C fan 30% power 118.24W. Total power: 118.24W
2021-02-13 14:35:06: <info>  New job from eth-eu1.nanopool.org:9433
2021-02-13 14:35:06: [Statistics] Ethereum - Total speed: 55.538 MH/s, Total shares: 0 Rejected: 0, Time: 00:16
2021-02-13 14:35:06: [Statistics] Ethereum last 10 min - Total: 55.293 MH/s.
2021-02-13 14:35:09: <info>  New job from eth-eu1.nanopool.org:9433
2021-02-13 14:35:09: [Statistics] Ethereum - Total speed: 55.620 MH/s, Total shares: 0 Rejected: 0, Time: 00:19
2021-02-13 14:35:09: [Statistics] GPU0 t=55°C fan 30% power 117.87W. Total power: 117.87W
2021-02-13 14:35:12: <info>  New job from eth-eu1.nanopool.org:9433
2021-02-13 14:35:12: [Statistics] Ethereum - Total speed: 55.628 MH/s, Total shares: 0 Rejected: 0, Time: 00:22
2021-02-13 14:35:12: <info>  New job from eth-eu1.nanopool.org:9433
2021-02-13 14:35:12: [Statistics] Ethereum - Total speed: 55.518 MH/s, Total shares: 0 Rejected: 0, Time: 00:22
2021-02-13 14:35:12: [Statistics] GPU0 t=55°C fan 30% power 119.25W. Total power: 119.25W
2021-02-13 14:35:15: <info>  New job from eth-eu1.nanopool.org:9433
2021-02-13 14:35:15: [Statistics] Ethereum - Total speed: 55.489 MH/s, Total shares: 0 Rejected: 0, Time: 00:25
2021-02-13 14:35:15: [Statistics] Ethereum last 10 min - Total: 55.430 MH/s.
2021-02-13 14:35:18: <info>  New job from eth-eu1.nanopool.org:9433
2021-02-13 14:35:18: [Statistics] Ethereum - Total speed: 55.513 MH/s, Total shares: 0 Rejected: 0, Time: 00:28
2021-02-13 14:35:18: [Statistics] GPU0 t=56°C fan 30% power 118.75W. Total power: 118.75W
2021-02-13 14:35:21: <info>  New job from eth-eu1.nanopool.org:9433
2021-02-13 14:35:21: [Statistics] Ethereum - Total speed: 55.502 MH/s, Total shares: 0 Rejected: 0, Time: 00:31
2021-02-13 14:35:24: <info>  New job from eth-eu1.nanopool.org:9433
2021-02-13 14:35:24: [Statistics] Ethereum - Total speed: 55.607 MH/s, Total shares: 0 Rejected: 0, Time: 00:35
2021-02-13 14:35:24: [Statistics] GPU0 t=56°C fan 30% power 118.70W. Total power: 118.70W
2021-02-13 14:35:25: <info>  New job from eth-eu1.nanopool.org:9433
2021-02-13 14:35:25: [Statistics] Ethereum - Total speed: 55.706 MH/s, Total shares: 0 Rejected: 0, Time: 00:35
2021-02-13 14:35:25: [Statistics] Ethereum last 10 min - Total: 55.467 MH/s.
2021-02-13 14:35:25: <info>  New job from eth-eu1.nanopool.org:9433
2021-02-13 14:35:25: [Statistics] Ethereum - Total speed: 55.783 MH/s, Total shares: 0 Rejected: 0, Time: 00:35
2021-02-13 14:35:25: [Statistics] GPU0 t=56°C fan 30% power 118.33W. Total power: 118.33W
2021-02-13 14:35:28: <info>  New job from eth-eu1.nanopool.org:9433
2021-02-13 14:35:28: [Statistics] Ethereum - Total speed: 55.760 MH/s, Total shares: 0 Rejected: 0, Time: 00:38
2021-02-13 14:35:28: <info>  New job from eth-eu1.nanopool.org:9433
2021-02-13 14:35:28: [Statistics] Ethereum - Total speed: 55.806 MH/s, Total shares: 0 Rejected: 0, Time: 00:38
2021-02-13 14:35:28: [Statistics] GPU0 t=56°C fan 30% power 118.52W. Total power: 118.52W
2021-02-13 14:35:32: <info>  New job from eth-eu1.nanopool.org:9433
2021-02-13 14:35:32: [Statistics] Ethereum - Total speed: 55.888 MH/s, Total shares: 0 Rejected: 0, Time: 00:42
2021-02-13 14:35:32: [Statistics] Ethereum last 10 min - Total: 55.539 MH/s.
2021-02-13 14:35:32: <info>  New job from eth-eu1.nanopool.org:9433
2021-02-13 14:35:32: [Statistics] Ethereum - Total speed: 55.939 MH/s, Total shares: 0 Rejected: 0, Time: 00:43
2021-02-13 14:35:32: [Statistics] GPU0 t=56°C fan 30% power 118.24W. Total power: 118.24W
2021-02-13 14:35:32: <info>  New job from eth-eu1.nanopool.org:9433
2021-02-13 14:35:32: [Statistics] Ethereum - Total speed: 55.966 MH/s, Total shares: 0 Rejected: 0, Time: 00:43
2021-02-13 14:35:35: <info>  New job from eth-eu1.nanopool.org:9433
2021-02-13 14:35:35: [Statistics] Ethereum - Total speed: 55.948 MH/s, Total shares: 0 Rejected: 0, Time: 00:46
2021-02-13 14:35:35: [Statistics] GPU0 t=56°C fan 30% power 118.42W. Total power: 118.42W
2021-02-13 14:35:39: <info>  New job from eth-eu1.nanopool.org:9433
2021-02-13 14:35:39: [Statistics] Ethereum - Total speed: 56.005 MH/s, Total shares: 0 Rejected: 0, Time: 00:49
2021-02-13 14:35:39: [Statistics] Ethereum last 10 min - Total: 55.607 MH/s.
2021-02-13 14:35:41: <info>  New job from eth-eu1.nanopool.org:9433
2021-02-13 14:35:41: [Statistics] Ethereum - Total speed: 56.062 MH/s, Total shares: 0 Rejected: 0, Time: 00:52
2021-02-13 14:35:41: [Statistics] GPU0 t=56°C fan 30% power 118.18W. Total power: 118.18W
2021-02-13 14:35:42: <info>  New job from eth-eu1.nanopool.org:9433
2021-02-13 14:35:42: [Statistics] Ethereum - Total speed: 56.097 MH/s, Total shares: 0 Rejected: 0, Time: 00:52
2021-02-13 14:35:42: <info>  New job from eth-eu1.nanopool.org:9433
2021-02-13 14:35:42: [Statistics] Ethereum - Total speed: 56.062 MH/s, Total shares: 0 Rejected: 0, Time: 00:52
2021-02-13 14:35:42: [Statistics] GPU0 t=56°C fan 30% power 118.65W. Total power: 118.65W
2021-02-13 14:35:45: <info>  New job from eth-eu1.nanopool.org:9433
2021-02-13 14:35:45: [Statistics] Ethereum - Total speed: 56.066 MH/s, Total shares: 0 Rejected: 0, Time: 00:55
2021-02-13 14:35:45: [Statistics] Ethereum last 10 min - Total: 55.668 MH/s.
2021-02-13 14:35:48: <info>  New job from eth-eu1.nanopool.org:9433
2021-02-13 14:35:48: [Statistics] Ethereum - Total speed: 56.099 MH/s, Total shares: 0 Rejected: 0, Time: 00:58
2021-02-13 14:35:48: [Statistics] GPU0 t=56°C fan 30% power 118.46W. Total power: 118.46W
2021-02-13 14:35:48: <info>  New job from eth-eu1.nanopool.org:9433
2021-02-13 14:35:48: [Statistics] Ethereum - Total speed: 56.145 MH/s, Total shares: 0 Rejected: 0, Time: 00:58
2021-02-13 14:35:51: <info>  New job from eth-eu1.nanopool.org:9433
2021-02-13 14:35:51: [Statistics] Ethereum - Total speed: 56.167 MH/s, Total shares: 0 Rejected: 0, Time: 01:01
2021-02-13 14:35:51: [Statistics] GPU0 t=56°C fan 30% power 118.35W. Total power: 118.35W
2021-02-13 14:35:54: <info>  New job from eth-eu1.nanopool.org:9433
2021-02-13 14:35:54: [Statistics] Ethereum - Total speed: 56.194 MH/s, Total shares: 0 Rejected: 0, Time: 01:04
2021-02-13 14:35:54: [Statistics] Ethereum last 10 min - Total: 55.741 MH/s.
2021-02-13 14:35:57: <info>  New job from eth-eu1.nanopool.org:9433
2021-02-13 14:35:57: [Statistics] Ethereum - Total speed: 56.105 MH/s, Total shares: 0 Rejected: 0, Time: 01:07
2021-02-13 14:35:57: [Statistics] GPU0 t=57°C fan 30% power 118.40W. Total power: 118.40W
2021-02-13 14:36:00: <info>  New job from eth-eu1.nanopool.org:9433
2021-02-13 14:36:00: [Statistics] Ethereum - Total speed: 56.156 MH/s, Total shares: 0 Rejected: 0, Time: 01:10
2021-02-13 14:36:03: <info>  New job from eth-eu1.nanopool.org:9433
2021-02-13 14:36:03: [Statistics] Ethereum - Total speed: 56.190 MH/s, Total shares: 0 Rejected: 0, Time: 01:13
2021-02-13 14:36:03: [Statistics] GPU0 t=57°C fan 30% power 118.85W. Total power: 118.85W
2021-02-13 14:36:06: <info>  New job from eth-eu1.nanopool.org:9433
2021-02-13 14:36:06: [Statistics] Ethereum - Total speed: 56.226 MH/s, Total shares: 0 Rejected: 0, Time: 01:16
2021-02-13 14:36:06: [Statistics] Ethereum last 10 min - Total: 55.816 MH/s.
2021-02-13 14:36:09: <info>  New job from eth-eu1.nanopool.org:9433
2021-02-13 14:36:09: [Statistics] Ethereum - Total speed: 56.266 MH/s, Total shares: 0 Rejected: 0, Time: 01:19
2021-02-13 14:36:09: [Statistics] GPU0 t=57°C fan 30% power 118.74W. Total power: 118.74W
2021-02-13 14:36:11: <info>  [Ethash] ~~~~~~ DevFee begin ~~~~~~
2021-02-13 14:36:11: <info>  New job from commission host
2021-02-13 14:36:11: [Statistics] Ethereum - Total speed: 56.289 MH/s, Total shares: 0 Rejected: 0, Time: 01:22
2021-02-13 14:36:11: <info>  New job from commission host
2021-02-13 14:36:11: [Statistics] Ethereum - Total speed: 56.289 MH/s, Total shares: 0 Rejected: 0, Time: 01:22
2021-02-13 14:36:11: [Statistics] GPU0 t=57°C fan 30% power 118.25W. Total power: 118.25W
2021-02-13 14:36:12: <info>  New job from commission host
2021-02-13 14:36:12: [Statistics] Ethereum - Total speed: 56.312 MH/s, Total shares: 0 Rejected: 0, Time: 01:23
2021-02-13 14:36:12: [Statistics] Ethereum last 10 min - Total: 55.856 MH/s.
2021-02-13 14:36:15: <info>  New job from commission host
2021-02-13 14:36:15: [Statistics] Ethereum - Total speed: 56.322 MH/s, Total shares: 0 Rejected: 0, Time: 01:26
2021-02-13 14:36:15: [Statistics] GPU0 t=57°C fan 30% power 118.77W. Total power: 118.77W
2021-02-13 14:36:18: <info>  New job from commission host
2021-02-13 14:36:18: [Statistics] Ethereum - Total speed: 56.348 MH/s, Total shares: 0 Rejected: 0, Time: 01:28
2021-02-13 14:36:21: <info>  New job from commission host
2021-02-13 14:36:21: [Statistics] Ethereum - Total speed: 56.368 MH/s, Total shares: 0 Rejected: 0, Time: 01:31
2021-02-13 14:36:21: [Statistics] GPU0 t=57°C fan 30% power 118.67W. Total power: 118.67W
2021-02-13 14:36:24: <info>  New job from commission host
2021-02-13 14:36:24: [Statistics] Ethereum - Total speed: 56.389 MH/s, Total shares: 0 Rejected: 0, Time: 01:34
2021-02-13 14:36:24: [Statistics] Ethereum last 10 min - Total: 55.922 MH/s.
2021-02-13 14:36:27: <info>  New job from commission host
2021-02-13 14:36:27: [Statistics] Ethereum - Total speed: 56.378 MH/s, Total shares: 0 Rejected: 0, Time: 01:37
2021-02-13 14:36:27: [Statistics] GPU0 t=57°C fan 30% power 118.63W. Total power: 118.63W
2021-02-13 14:36:29: <info>  New job from commission host
2021-02-13 14:36:29: [Statistics] Ethereum - Total speed: 56.410 MH/s, Total shares: 0 Rejected: 0, Time: 01:39
2021-02-13 14:36:29: <info>  New job from commission host
2021-02-13 14:36:29: [Statistics] Ethereum - Total speed: 56.205 MH/s, Total shares: 0 Rejected: 0, Time: 01:39
2021-02-13 14:36:29: [Statistics] GPU0 t=57°C fan 30% power 118.59W. Total power: 118.59W
2021-02-13 14:36:31: <info>  New job from commission host
2021-02-13 14:36:31: [Statistics] Ethereum - Total speed: 55.997 MH/s, Total shares: 0 Rejected: 0, Time: 01:42
2021-02-13 14:36:31: [Statistics] Ethereum last 10 min - Total: 55.952 MH/s.
2021-02-13 14:36:34: <info>  Terminating, please wait ...
