2021-02-15 13:41:16: <info>                                    _                 
2021-02-15 13:41:16: <info>  _ __   __ _ _ __   ___  _ __ ___ (_)_ __   ___ _ __ 
2021-02-15 13:41:16: <info> | '_ \ / _` | '_ \ / _ \| '_ ` _ \| | '_ \ / _ \ '__|
2021-02-15 13:41:16: <info> | | | | (_| | | | | (_) | | | | | | | | | |  __/ |   
2021-02-15 13:41:16: <info> |_| |_|\__,_|_| |_|\___/|_| |_| |_|_|_| |_|\___|_|   
2021-02-15 13:41:16: <info> 
2021-02-15 13:41:16: <info> Version 3.2.2-cuda11
2021-02-15 13:41:16: <info>  Started EthMan server on port 3333 with a password (read-only mode).
2021-02-15 13:41:16: <info>  Started web interface on port 9090 with a password.
2021-02-15 13:41:16: <info>  CUDA driver version is 11.2, runtime version is 11.1
2021-02-15 13:41:16: <info> Single device detected
2021-02-15 13:41:16: <info> GPU 0 PCI 01:00.0, Platform: CUDA, Name: GeForce RTX 3070, 8192 MB available
2021-02-15 13:41:16: <info> -------------------Ethash:------------------
2021-02-15 13:41:16: <info> Currency: Ethereum
2021-02-15 13:41:16: <info> Wallet: wallet
2021-02-15 13:41:16: <info> Rig name: ferris
2021-02-15 13:41:16: <info> Email: email
2021-02-15 13:41:16: <info> Hashrate threshold to restart miner: 50.00 MH/s
2021-02-15 13:41:16: <info> Added pool: eth-eu1.nanopool.org:9433
2021-02-15 13:41:16: <info> Added pool: eth-eu2.nanopool.org:9433
2021-02-15 13:41:16: <info> Added pool: eth-us-east1.nanopool.org:9433
2021-02-15 13:41:16: <info> Added pool: eth-us-west1.nanopool.org:9433
2021-02-15 13:41:16: <info> Added pool: eth-au1.nanopool.org:9433
2021-02-15 13:41:16: <info> Added pool: eth-asia1.nanopool.org:9433
2021-02-15 13:41:16: <info> Added pool: eth-jp1.nanopool.org:9433
2021-02-15 13:41:16: <info> Auto pool sorting is enabled
2021-02-15 13:41:16: <info> Using all GPU devices
2021-02-15 13:41:16: <info> Memory tweak: 10
2021-02-15 13:41:16: <info> -------------Common parameters:-------------
2021-02-15 13:41:16: <info> Log path: ./logs/
2021-02-15 13:41:16: <info> Log is written to file
2021-02-15 13:41:16: <info> GPU watchdog is enabled
2021-02-15 13:41:16: <info> Restart count before calling reboot.bat: 10
2021-02-15 13:41:16: <info>  Setting up algorithm: Ethash
2021-02-15 13:41:17: <info>  Connecting to pools...
2021-02-15 13:41:18: <info>  Connected to pool: eth-eu1.nanopool.org:9433 | IP: 213.32.74.230 | ping: 83 ms.
2021-02-15 13:41:18: <info>  New job from eth-eu1.nanopool.org:9433 | share difficulty = 10000 MH, epoch 395 (4183 MB)
2021-02-15 13:41:18: [Statistics] Ethereum - Total speed: 0.000 H/s, Total shares: 0 Rejected: 0, Time: 00:01
2021-02-15 13:41:18: [Statistics] GPU0 t=47°C fan 31% power 49.45W. Total power: 49.45W
2021-02-15 13:41:18: <info>  New job from eth-eu1.nanopool.org:9433
2021-02-15 13:41:18: [Statistics] Ethereum - Total speed: 0.000 H/s, Total shares: 0 Rejected: 0, Time: 00:01
2021-02-15 13:41:18: [Statistics] Ethereum last 10 min - Total: 0.000 H/s.
2021-02-15 13:41:20: <info>  New job from eth-eu1.nanopool.org:9433
2021-02-15 13:41:20: [Statistics] Ethereum - Total speed: 0.000 H/s, Total shares: 0 Rejected: 0, Time: 00:03
2021-02-15 13:41:20: [Statistics] GPU0 t=47°C fan 31% power 49.95W. Total power: 49.95W
2021-02-15 13:41:23: <info>  New job from eth-eu1.nanopool.org:9433
2021-02-15 13:41:23: [Statistics] Ethereum - Total speed: 0.000 H/s, Total shares: 0 Rejected: 0, Time: 00:06
2021-02-15 13:41:24: <info>  GPU0: 4183 MB DAG generated in 3.51 seconds
2021-02-15 13:41:26: <info>  New job from eth-eu1.nanopool.org:9433
2021-02-15 13:41:26: [Statistics] Ethereum - Total speed: 61.303 MH/s, Total shares: 0 Rejected: 0, Time: 00:09
2021-02-15 13:41:26: [Statistics] GPU0 t=52°C fan 31% power 121.05W. Total power: 121.05W
2021-02-15 13:41:29: <info>  New job from eth-eu1.nanopool.org:9433
2021-02-15 13:41:29: [Statistics] Ethereum - Total speed: 61.178 MH/s, Total shares: 0 Rejected: 0, Time: 00:12
2021-02-15 13:41:29: [Statistics] Ethereum last 10 min - Total: 61.240 MH/s.
2021-02-15 13:41:32: <info>  New job from eth-eu1.nanopool.org:9433
2021-02-15 13:41:32: [Statistics] Ethereum - Total speed: 61.135 MH/s, Total shares: 0 Rejected: 0, Time: 00:15
2021-02-15 13:41:32: [Statistics] GPU0 t=53°C fan 31% power 120.90W. Total power: 120.90W
2021-02-15 13:41:35: <info>  New job from eth-eu1.nanopool.org:9433
2021-02-15 13:41:35: [Statistics] Ethereum - Total speed: 61.066 MH/s, Total shares: 0 Rejected: 0, Time: 00:18
2021-02-15 13:41:38: <info>  New job from eth-eu1.nanopool.org:9433
2021-02-15 13:41:38: [Statistics] Ethereum - Total speed: 60.956 MH/s, Total shares: 0 Rejected: 0, Time: 00:21
2021-02-15 13:41:38: [Statistics] GPU0 t=52°C fan 31% power 120.54W. Total power: 120.54W
2021-02-15 13:41:41: <info>  New job from eth-eu1.nanopool.org:9433
2021-02-15 13:41:41: [Statistics] Ethereum - Total speed: 60.808 MH/s, Total shares: 0 Rejected: 0, Time: 00:24
2021-02-15 13:41:41: [Statistics] Ethereum last 10 min - Total: 61.078 MH/s.
2021-02-15 13:41:44: <info>  New job from eth-eu1.nanopool.org:9433
2021-02-15 13:41:44: [Statistics] Ethereum - Total speed: 60.219 MH/s, Total shares: 0 Rejected: 0, Time: 00:27
2021-02-15 13:41:44: [Statistics] GPU0 t=53°C fan 31% power 120.24W. Total power: 120.24W
2021-02-15 13:41:44: <info>  New job from eth-eu1.nanopool.org:9433
2021-02-15 13:41:44: [Statistics] Ethereum - Total speed: 59.984 MH/s, Total shares: 0 Rejected: 0, Time: 00:27
2021-02-15 13:41:47: <info>  New job from eth-eu1.nanopool.org:9433
2021-02-15 13:41:47: [Statistics] Ethereum - Total speed: 59.671 MH/s, Total shares: 0 Rejected: 0, Time: 00:30
2021-02-15 13:41:47: [Statistics] GPU0 t=53°C fan 31% power 119.10W. Total power: 119.10W
2021-02-15 13:41:48: <info>  New job from eth-eu1.nanopool.org:9433
2021-02-15 13:41:48: [Statistics] Ethereum - Total speed: 59.517 MH/s, Total shares: 0 Rejected: 0, Time: 00:31
2021-02-15 13:41:48: [Statistics] Ethereum last 10 min - Total: 60.754 MH/s.
2021-02-15 13:41:48: <info>  New job from eth-eu1.nanopool.org:9433
2021-02-15 13:41:48: [Statistics] Ethereum - Total speed: 59.525 MH/s, Total shares: 0 Rejected: 0, Time: 00:31
2021-02-15 13:41:48: [Statistics] GPU0 t=53°C fan 31% power 120.29W. Total power: 120.29W
2021-02-15 13:41:50: <info>  New job from eth-eu1.nanopool.org:9433
2021-02-15 13:41:50: [Statistics] Ethereum - Total speed: 59.641 MH/s, Total shares: 0 Rejected: 0, Time: 00:34
2021-02-15 13:41:51: <info>  New job from eth-eu1.nanopool.org:9433
2021-02-15 13:41:51: [Statistics] Ethereum - Total speed: 59.641 MH/s, Total shares: 0 Rejected: 0, Time: 00:34
2021-02-15 13:41:51: [Statistics] GPU0 t=53°C fan 31% power 120.61W. Total power: 120.61W
2021-02-15 13:41:54: <info>  New job from eth-eu1.nanopool.org:9433
2021-02-15 13:41:54: [Statistics] Ethereum - Total speed: 59.349 MH/s, Total shares: 0 Rejected: 0, Time: 00:37
2021-02-15 13:41:54: [Statistics] Ethereum last 10 min - Total: 60.508 MH/s.
2021-02-15 13:41:57: <info>  New job from eth-eu1.nanopool.org:9433
2021-02-15 13:41:57: [Statistics] Ethereum - Total speed: 59.319 MH/s, Total shares: 0 Rejected: 0, Time: 00:40
2021-02-15 13:41:57: [Statistics] GPU0 t=53°C fan 31% power 120.95W. Total power: 120.95W
2021-02-15 13:41:57: <info> -------------------Ethash:------------------
2021-02-15 13:41:57: <info> Currency: Ethereum
2021-02-15 13:41:57: <info> Wallet: wallet
2021-02-15 13:41:57: <info> Rig name: ferris
2021-02-15 13:41:57: <info> Email: email
2021-02-15 13:41:57: <info> Hashrate threshold to restart miner: 50.00 MH/s
2021-02-15 13:41:57: <info> Added pool: eth-eu1.nanopool.org:9433
2021-02-15 13:41:57: <info> Added pool: eth-eu2.nanopool.org:9433
2021-02-15 13:41:57: <info> Added pool: eth-us-east1.nanopool.org:9433
2021-02-15 13:41:57: <info> Added pool: eth-us-west1.nanopool.org:9433
2021-02-15 13:41:57: <info> Added pool: eth-asia1.nanopool.org:9433
2021-02-15 13:41:57: <info> Added pool: eth-jp1.nanopool.org:9433
2021-02-15 13:41:57: <info> Added pool: eth-au1.nanopool.org:9433
2021-02-15 13:41:57: <info> Auto pool sorting is enabled
2021-02-15 13:41:57: <info> Using all GPU devices
2021-02-15 13:41:57: <info> Memory tweak: 10
2021-02-15 13:41:57: <info> -------------Common parameters:-------------
2021-02-15 13:41:57: <info> Log path: ./logs/
2021-02-15 13:41:57: <info> Log is written to file
2021-02-15 13:41:57: <info> GPU watchdog is enabled
2021-02-15 13:41:57: <info> Restart count before calling reboot.bat: 10
2021-02-15 13:41:58: <info>  Connecting to pools...
2021-02-15 13:41:58: <info>  Reconnected to pool: eth-eu1.nanopool.org:9433 | IP: 213.32.74.230 | ping: 80 ms.
2021-02-15 13:41:58: <info>  New job from eth-eu1.nanopool.org:9433
2021-02-15 13:41:58: [Statistics] Ethereum - Total speed: 59.272 MH/s, Total shares: 0 Rejected: 0, Time: 00:41
2021-02-15 13:41:58: <info>  New job from eth-eu1.nanopool.org:9433
2021-02-15 13:41:58: [Statistics] Ethereum - Total speed: 59.272 MH/s, Total shares: 0 Rejected: 0, Time: 00:41
2021-02-15 13:41:58: [Statistics] GPU0 t=53°C fan 31% power 120.30W. Total power: 120.30W
2021-02-15 13:42:00: <info>  New job from eth-eu1.nanopool.org:9433
2021-02-15 13:42:00: [Statistics] Ethereum - Total speed: 59.169 MH/s, Total shares: 0 Rejected: 0, Time: 00:43
2021-02-15 13:42:00: [Statistics] Ethereum last 10 min - Total: 60.294 MH/s.
2021-02-15 13:42:02: <info>  Ethereum - SHARE FOUND (GPU: 0, nonce: 0x56e679610c9e82dd).
2021-02-15 13:42:03: <info> Ethereum: share denied: Provided PoW solution is invalid! (174 ms).
2021-02-15 13:42:03: <info>  New job from eth-eu1.nanopool.org:9433
2021-02-15 13:42:03: [Statistics] Ethereum - Total speed: 59.304 MH/s, Total shares: 1 Rejected: 1, Time: 00:46
2021-02-15 13:42:03: [Statistics] GPU0 t=53°C fan 31% power 120.86W. Total power: 120.86W
2021-02-15 13:42:06: <info>  New job from eth-eu1.nanopool.org:9433
2021-02-15 13:42:06: [Statistics] Ethereum - Total speed: 59.273 MH/s, Total shares: 1 Rejected: 1, Time: 00:49
2021-02-15 13:42:08: <info>  New job from eth-eu1.nanopool.org:9433
2021-02-15 13:42:08: [Statistics] Ethereum - Total speed: 59.170 MH/s, Total shares: 1 Rejected: 1, Time: 00:52
2021-02-15 13:42:08: [Statistics] GPU0 t=53°C fan 31% power 120.50W. Total power: 120.50W
2021-02-15 13:42:11: <info>  New job from eth-eu1.nanopool.org:9433
2021-02-15 13:42:11: [Statistics] Ethereum - Total speed: 58.975 MH/s, Total shares: 1 Rejected: 1, Time: 00:54
2021-02-15 13:42:11: [Statistics] Ethereum last 10 min - Total: 60.023 MH/s.
2021-02-15 13:42:13: <info>  New job from eth-eu1.nanopool.org:9433
2021-02-15 13:42:13: [Statistics] Ethereum - Total speed: 58.934 MH/s, Total shares: 1 Rejected: 1, Time: 00:57
2021-02-15 13:42:13: [Statistics] GPU0 t=53°C fan 31% power 120.20W. Total power: 120.20W
2021-02-15 13:42:16: <info>  New job from eth-eu1.nanopool.org:9433
2021-02-15 13:42:16: [Statistics] Ethereum - Total speed: 58.847 MH/s, Total shares: 1 Rejected: 1, Time: 01:00
2021-02-15 13:42:17: <info>  Ethereum - SHARE FOUND (GPU: 0, nonce: 0x09338a1d0a1f3a8c).
2021-02-15 13:42:17: <info> Ethereum: share denied: Provided PoW solution is invalid! (56 ms).
2021-02-15 13:42:18: <info> -------------------Ethash:------------------
2021-02-15 13:42:18: <info> Currency: Ethereum
2021-02-15 13:42:18: <info> Wallet: wallet
2021-02-15 13:42:18: <info> Rig name: ferris
2021-02-15 13:42:18: <info> Email: email
2021-02-15 13:42:18: <info> Hashrate threshold to restart miner: 50.00 MH/s
2021-02-15 13:42:18: <info> Added pool: eth-eu2.nanopool.org:9433
2021-02-15 13:42:18: <info> Added pool: eth-eu1.nanopool.org:9433
2021-02-15 13:42:18: <info> Added pool: eth-us-east1.nanopool.org:9433
2021-02-15 13:42:18: <info> Added pool: eth-us-west1.nanopool.org:9433
2021-02-15 13:42:18: <info> Added pool: eth-au1.nanopool.org:9433
2021-02-15 13:42:18: <info> Added pool: eth-asia1.nanopool.org:9433
2021-02-15 13:42:18: <info> Added pool: eth-jp1.nanopool.org:9433
2021-02-15 13:42:18: <info> Auto pool sorting is enabled
2021-02-15 13:42:18: <info> Using all GPU devices
2021-02-15 13:42:18: <info> Memory tweak: 10
2021-02-15 13:42:18: <info> -------------Common parameters:-------------
2021-02-15 13:42:18: <info> Log path: ./logs/
2021-02-15 13:42:18: <info> Log is written to file
2021-02-15 13:42:18: <info> GPU watchdog is enabled
2021-02-15 13:42:18: <info> Restart count before calling reboot.bat: 10
2021-02-15 13:42:18: <info>  Connecting to pools...
2021-02-15 13:42:18: <info>  Reconnected to pool: eth-eu2.nanopool.org:9433 | IP: 213.32.74.157 | ping: 86 ms.
2021-02-15 13:42:18: <info>  New job from eth-eu2.nanopool.org:9433
2021-02-15 13:42:18: [Statistics] Ethereum - Total speed: 58.835 MH/s, Total shares: 2 Rejected: 2, Time: 01:01
2021-02-15 13:42:18: [Statistics] GPU0 t=53°C fan 31% power 119.79W. Total power: 119.79W
2021-02-15 13:42:18: <info>  New job from eth-eu2.nanopool.org:9433
2021-02-15 13:42:18: [Statistics] Ethereum - Total speed: 58.835 MH/s, Total shares: 2 Rejected: 2, Time: 01:01
2021-02-15 13:42:18: [Statistics] Ethereum last 10 min - Total: 59.869 MH/s.
2021-02-15 13:42:19: <info>  New job from eth-eu2.nanopool.org:9433
2021-02-15 13:42:19: [Statistics] Ethereum - Total speed: 58.838 MH/s, Total shares: 2 Rejected: 2, Time: 01:02
2021-02-15 13:42:19: [Statistics] GPU0 t=53°C fan 31% power 119.63W. Total power: 119.63W
2021-02-15 13:42:20: <info>  Terminating, please wait ...
2021-02-15 13:42:22: <info>  New job from eth-eu2.nanopool.org:9433
2021-02-15 13:42:22: [Statistics] Ethereum - Total speed: 58.930 MH/s, Total shares: 2 Rejected: 2, Time: 01:06
