2021-Mar-25 13:05:15:                                    _                 
2021-Mar-25 13:05:15:  _ __   __ _ _ __   ___  _ __ ___ (_)_ __   ___ _ __ 
2021-Mar-25 13:05:15: | '_ \ / _` | '_ \ / _ \| '_ ` _ \| | '_ \ / _ \ '__|
2021-Mar-25 13:05:15: | | | | (_| | | | | (_) | | | | | | | | | |  __/ |   
2021-Mar-25 13:05:15: |_| |_|\__,_|_| |_|\___/|_| |_| |_|_|_| |_|\___|_|   
2021-Mar-25 13:05:15: 
2021-Mar-25 13:05:15: Version 3.3.2-cuda11
2021-Mar-25 13:05:15: Started EthMan server on port 3333 with a password (read-only mode).
2021-Mar-25 13:05:15: Started web interface on port 9090 with a password.
2021-Mar-25 13:05:15: CUDA driver version is 11.2, runtime version is 11.1
2021-Mar-25 13:05:15: Single device detected
2021-Mar-25 13:05:15: GPU 0 PCI 01:00.0, Platform: CUDA, Name: GeForce RTX 3070, 8192 MB available
2021-Mar-25 13:05:15: -------------------Ethash:------------------
2021-Mar-25 13:05:15: Currency: Ethereum
2021-Mar-25 13:05:15: Wallet: wallet
2021-Mar-25 13:05:15: Rig name: ferris
2021-Mar-25 13:05:15: Email: email
2021-Mar-25 13:05:15: Hashrate threshold to restart miner is not set
2021-Mar-25 13:05:15: Added pool: eth-eu2.nanopool.org:9433
2021-Mar-25 13:05:15: Added pool: eth-eu1.nanopool.org:9433
2021-Mar-25 13:05:15: Added pool: eth-us-east1.nanopool.org:9433
2021-Mar-25 13:05:15: Added pool: eth-us-west1.nanopool.org:9433
2021-Mar-25 13:05:15: Added pool: eth-jp1.nanopool.org:9433
2021-Mar-25 13:05:15: Added pool: eth-au1.nanopool.org:9433
2021-Mar-25 13:05:15: Added pool: eth-asia1.nanopool.org:9433
2021-Mar-25 13:05:15: Auto pool sorting is enabled
2021-Mar-25 13:05:15: Using all GPU devices
2021-Mar-25 13:05:15: Memory tweak: 1
2021-Mar-25 13:05:15: -------------Common parameters:-------------
2021-Mar-25 13:05:15: Log path: ./logs/
2021-Mar-25 13:05:15: Log is written to file
2021-Mar-25 13:05:15: GPU watchdog is enabled
2021-Mar-25 13:05:15: Never calling reboot.bat (always restarting the miner in case of errors). 
2021-Mar-25 13:05:15: Setting up algorithm: Ethash
2021-Mar-25 13:05:16: Connecting to pools...
2021-Mar-25 13:05:16: Connected to pool: eth-eu2.nanopool.org:9433 | IP: 51.15.55.162 | ping: 138 ms.
2021-Mar-25 13:05:16: New job from eth-eu2.nanopool.org:9433 | share difficulty = 10000 MH, epoch 403 (4247 MB)
2021-Mar-25 13:05:16: Ethereum - Total speed: 0.000 H/s, Total shares: 0 Rejected: 0, Time: 00:01
2021-Mar-25 13:05:16: GPU0 t=49°C fan 31% power 48.20W. Total power: 48.20W
2021-Mar-25 13:05:16: New job from eth-eu2.nanopool.org:9433
2021-Mar-25 13:05:16: Ethereum - Total speed: 0.000 H/s, Total shares: 0 Rejected: 0, Time: 00:01
2021-Mar-25 13:05:16: Ethereum last 10 min - Total: 0.000 H/s.
2021-Mar-25 13:05:18: New job from eth-eu2.nanopool.org:9433
2021-Mar-25 13:05:18: Ethereum - Total speed: 0.000 H/s, Total shares: 0 Rejected: 0, Time: 00:03
2021-Mar-25 13:05:18: GPU0 t=49°C fan 31% power 48.46W. Total power: 48.46W
2021-Mar-25 13:05:21: New job from eth-eu2.nanopool.org:9433
2021-Mar-25 13:05:21: Ethereum - Total speed: 0.000 H/s, Total shares: 0 Rejected: 0, Time: 00:06
2021-Mar-25 13:05:23: GPU0: 4247 MB DAG generated in 3.76 seconds
2021-Mar-25 13:05:24: New job from eth-eu2.nanopool.org:9433
2021-Mar-25 13:05:24: Ethereum - Total speed: 50.995 MH/s, Total shares: 0 Rejected: 0, Time: 00:09
2021-Mar-25 13:05:24: GPU0 t=61°C fan 35% power 196.89W. Total power: 196.89W
2021-Mar-25 13:05:27: New job from eth-eu2.nanopool.org:9433
2021-Mar-25 13:05:27: Ethereum - Total speed: 50.859 MH/s, Total shares: 0 Rejected: 0, Time: 00:12
2021-Mar-25 13:05:27: Ethereum last 10 min - Total: 50.927 MH/s.
2021-Mar-25 13:05:30: New job from eth-eu2.nanopool.org:9433
2021-Mar-25 13:05:30: Ethereum - Total speed: 50.768 MH/s, Total shares: 0 Rejected: 0, Time: 00:15
2021-Mar-25 13:05:30: GPU0 t=62°C fan 40% power 200.52W. Total power: 200.52W
2021-Mar-25 13:05:31: New job from eth-eu2.nanopool.org:9433
2021-Mar-25 13:05:31: Ethereum - Total speed: 50.685 MH/s, Total shares: 0 Rejected: 0, Time: 00:16
2021-Mar-25 13:05:31: New job from eth-eu2.nanopool.org:9433
2021-Mar-25 13:05:31: Ethereum - Total speed: 50.710 MH/s, Total shares: 0 Rejected: 0, Time: 00:16
2021-Mar-25 13:05:31: GPU0 t=63°C fan 40% power 200.52W. Total power: 200.52W
2021-Mar-25 13:05:34: New job from eth-eu2.nanopool.org:9433
2021-Mar-25 13:05:34: Ethereum - Total speed: 50.698 MH/s, Total shares: 0 Rejected: 0, Time: 00:19
2021-Mar-25 13:05:34: Ethereum last 10 min - Total: 50.806 MH/s.
2021-Mar-25 13:05:37: New job from eth-eu2.nanopool.org:9433
2021-Mar-25 13:05:37: Ethereum - Total speed: 50.718 MH/s, Total shares: 0 Rejected: 0, Time: 00:22
2021-Mar-25 13:05:37: GPU0 t=63°C fan 42% power 201.48W. Total power: 201.48W
2021-Mar-25 13:05:40: New job from eth-eu2.nanopool.org:9433
2021-Mar-25 13:05:40: Ethereum - Total speed: 50.733 MH/s, Total shares: 0 Rejected: 0, Time: 00:25
2021-Mar-25 13:05:43: New job from eth-eu2.nanopool.org:9433
2021-Mar-25 13:05:43: Ethereum - Total speed: 50.741 MH/s, Total shares: 0 Rejected: 0, Time: 00:28
2021-Mar-25 13:05:43: GPU0 t=64°C fan 44% power 202.21W. Total power: 202.21W
2021-Mar-25 13:05:46: New job from eth-eu2.nanopool.org:9433
2021-Mar-25 13:05:46: Ethereum - Total speed: 50.748 MH/s, Total shares: 0 Rejected: 0, Time: 00:31
2021-Mar-25 13:05:46: Ethereum last 10 min - Total: 50.763 MH/s.
2021-Mar-25 13:05:49: New job from eth-eu2.nanopool.org:9433
2021-Mar-25 13:05:49: Ethereum - Total speed: 50.680 MH/s, Total shares: 0 Rejected: 0, Time: 00:34
2021-Mar-25 13:05:49: GPU0 t=64°C fan 45% power 202.39W. Total power: 202.39W
2021-Mar-25 13:05:52: New job from eth-eu2.nanopool.org:9433
2021-Mar-25 13:05:52: Ethereum - Total speed: 50.648 MH/s, Total shares: 0 Rejected: 0, Time: 00:37
2021-Mar-25 13:05:55: New job from eth-eu2.nanopool.org:9433
2021-Mar-25 13:05:55: Ethereum - Total speed: 50.648 MH/s, Total shares: 0 Rejected: 0, Time: 00:40
2021-Mar-25 13:05:55: GPU0 t=65°C fan 46% power 200.54W. Total power: 200.54W
2021-Mar-25 13:05:56: New job from eth-eu2.nanopool.org:9433
2021-Mar-25 13:05:56: Ethereum - Total speed: 50.570 MH/s, Total shares: 0 Rejected: 0, Time: 00:41
2021-Mar-25 13:05:56: Ethereum last 10 min - Total: 50.732 MH/s.
2021-Mar-25 13:05:59: New job from eth-eu2.nanopool.org:9433
2021-Mar-25 13:05:59: Ethereum - Total speed: 50.584 MH/s, Total shares: 0 Rejected: 0, Time: 00:44
2021-Mar-25 13:05:59: GPU0 t=65°C fan 47% power 204.03W. Total power: 204.03W
2021-Mar-25 13:06:02: New job from eth-eu2.nanopool.org:9433
2021-Mar-25 13:06:02: Ethereum - Total speed: 50.606 MH/s, Total shares: 0 Rejected: 0, Time: 00:47
2021-Mar-25 13:06:05: New job from eth-eu2.nanopool.org:9433
2021-Mar-25 13:06:05: Ethereum - Total speed: 50.617 MH/s, Total shares: 0 Rejected: 0, Time: 00:50
2021-Mar-25 13:06:05: GPU0 t=65°C fan 48% power 203.93W. Total power: 203.93W
2021-Mar-25 13:06:06: New job from eth-eu2.nanopool.org:9433
2021-Mar-25 13:06:06: Ethereum - Total speed: 50.635 MH/s, Total shares: 0 Rejected: 0, Time: 00:51
2021-Mar-25 13:06:06: Ethereum last 10 min - Total: 50.700 MH/s.
2021-Mar-25 13:06:06: New job from eth-eu2.nanopool.org:9433
2021-Mar-25 13:06:06: Ethereum - Total speed: 50.658 MH/s, Total shares: 0 Rejected: 0, Time: 00:51
2021-Mar-25 13:06:06: GPU0 t=65°C fan 48% power 204.46W. Total power: 204.46W
2021-Mar-25 13:06:09: New job from eth-eu2.nanopool.org:9433
2021-Mar-25 13:06:09: Ethereum - Total speed: 50.639 MH/s, Total shares: 0 Rejected: 0, Time: 00:54
2021-Mar-25 13:06:12: New job from eth-eu2.nanopool.org:9433
2021-Mar-25 13:06:12: Ethereum - Total speed: 50.659 MH/s, Total shares: 0 Rejected: 0, Time: 00:57
2021-Mar-25 13:06:12: GPU0 t=66°C fan 49% power 204.66W. Total power: 204.66W
2021-Mar-25 13:06:13: New job from eth-eu2.nanopool.org:9433
2021-Mar-25 13:06:13: Ethereum - Total speed: 50.679 MH/s, Total shares: 0 Rejected: 0, Time: 00:58
2021-Mar-25 13:06:13: Ethereum last 10 min - Total: 50.693 MH/s.
2021-Mar-25 13:06:13: New job from eth-eu2.nanopool.org:9433
2021-Mar-25 13:06:13: Ethereum - Total speed: 50.692 MH/s, Total shares: 0 Rejected: 0, Time: 00:58
2021-Mar-25 13:06:13: GPU0 t=66°C fan 49% power 204.65W. Total power: 204.65W
2021-Mar-25 13:06:16: New job from eth-eu2.nanopool.org:9433
2021-Mar-25 13:06:16: Ethereum - Total speed: 50.652 MH/s, Total shares: 0 Rejected: 0, Time: 01:01
2021-Mar-25 13:06:19: New job from eth-eu2.nanopool.org:9433
2021-Mar-25 13:06:19: Ethereum - Total speed: 50.661 MH/s, Total shares: 0 Rejected: 0, Time: 01:04
2021-Mar-25 13:06:19: GPU0 t=66°C fan 49% power 204.09W. Total power: 204.09W
2021-Mar-25 13:06:23: New job from eth-eu2.nanopool.org:9433
2021-Mar-25 13:06:23: Ethereum - Total speed: 50.671 MH/s, Total shares: 0 Rejected: 0, Time: 01:07
2021-Mar-25 13:06:23: Ethereum last 10 min - Total: 50.688 MH/s.
2021-Mar-25 13:06:25: New job from eth-eu2.nanopool.org:9433
2021-Mar-25 13:06:25: Ethereum - Total speed: 50.685 MH/s, Total shares: 0 Rejected: 0, Time: 01:10
2021-Mar-25 13:06:25: GPU0 t=66°C fan 50% power 205.06W. Total power: 205.06W
2021-Mar-25 13:06:28: New job from eth-eu2.nanopool.org:9433
2021-Mar-25 13:06:28: Ethereum - Total speed: 50.702 MH/s, Total shares: 0 Rejected: 0, Time: 01:13
2021-Mar-25 13:06:29: Terminating, please wait ...
