2021-02-17 00:04:21: <info>                                    _                 
2021-02-17 00:04:21: <info>  _ __   __ _ _ __   ___  _ __ ___ (_)_ __   ___ _ __ 
2021-02-17 00:04:21: <info> | '_ \ / _` | '_ \ / _ \| '_ ` _ \| | '_ \ / _ \ '__|
2021-02-17 00:04:21: <info> | | | | (_| | | | | (_) | | | | | | | | | |  __/ |   
2021-02-17 00:04:21: <info> |_| |_|\__,_|_| |_|\___/|_| |_| |_|_|_| |_|\___|_|   
2021-02-17 00:04:21: <info> 
2021-02-17 00:04:21: <info> Version 3.2.2-cuda11
2021-02-17 00:04:21: <info>  Started EthMan server on port 3333 with a password (read-only mode).
2021-02-17 00:04:21: <info>  Started web interface on port 9090 with a password.
2021-02-17 00:04:21: <info>  CUDA driver version is 11.2, runtime version is 11.1
2021-02-17 00:04:21: <info> Single device detected
2021-02-17 00:04:21: <info> GPU 0 PCI 01:00.0, Platform: CUDA, Name: GeForce RTX 3070, 8192 MB available
2021-02-17 00:04:21: <info> -------------------Ethash:------------------
2021-02-17 00:04:21: <info> Currency: Ethereum
2021-02-17 00:04:21: <info> Wallet: wallet
2021-02-17 00:04:21: <info> Rig name: ferris
2021-02-17 00:04:21: <info> Email: email
2021-02-17 00:04:21: <info> Hashrate threshold to restart miner: 50.00 MH/s
2021-02-17 00:04:21: <info> Added pool: eth-eu1.nanopool.org:9433
2021-02-17 00:04:21: <info> Added pool: eth-eu2.nanopool.org:9433
2021-02-17 00:04:21: <info> Added pool: eth-us-east1.nanopool.org:9433
2021-02-17 00:04:22: <info> Added pool: eth-us-west1.nanopool.org:9433
2021-02-17 00:04:22: <info> Added pool: eth-asia1.nanopool.org:9433
2021-02-17 00:04:22: <info> Added pool: eth-jp1.nanopool.org:9433
2021-02-17 00:04:22: <info> Added pool: eth-au1.nanopool.org:9433
2021-02-17 00:04:22: <info> Auto pool sorting is enabled
2021-02-17 00:04:22: <info> Using all GPU devices
2021-02-17 00:04:22: <info> Memory tweak: 1
2021-02-17 00:04:22: <info> -------------Common parameters:-------------
2021-02-17 00:04:22: <info> Log path: ./logs/
2021-02-17 00:04:22: <info> Log is written to file
2021-02-17 00:04:22: <info> GPU watchdog is enabled
2021-02-17 00:04:22: <info> Restart count before calling reboot.bat: 10
2021-02-17 00:04:22: <info>  Setting up algorithm: Ethash
2021-02-17 00:04:23: <info>  Connecting to pools...
2021-02-17 00:04:23: <info>  Connected to pool: eth-eu1.nanopool.org:9433 | IP: 213.32.74.230 | ping: 125 ms.
2021-02-17 00:04:23: <info>  New job from eth-eu1.nanopool.org:9433 | share difficulty = 10000 MH, epoch 395 (4183 MB)
2021-02-17 00:04:23: [Statistics] Ethereum - Total speed: 0.000 H/s, Total shares: 0 Rejected: 0, Time: 00:01
2021-02-17 00:04:23: [Statistics] GPU0 t=47°C fan 31% power 47.19W. Total power: 47.19W
2021-02-17 00:04:23: <info>  New job from eth-eu1.nanopool.org:9433
2021-02-17 00:04:23: [Statistics] Ethereum - Total speed: 0.000 H/s, Total shares: 0 Rejected: 0, Time: 00:01
2021-02-17 00:04:23: [Statistics] Ethereum last 10 min - Total: 0.000 H/s.
2021-02-17 00:04:25: <info>  New job from eth-eu1.nanopool.org:9433
2021-02-17 00:04:25: [Statistics] Ethereum - Total speed: 0.000 H/s, Total shares: 0 Rejected: 0, Time: 00:03
2021-02-17 00:04:25: [Statistics] GPU0 t=47°C fan 31% power 47.67W. Total power: 47.67W
2021-02-17 00:04:25: <info>  New job from eth-eu1.nanopool.org:9433
2021-02-17 00:04:25: [Statistics] Ethereum - Total speed: 0.000 H/s, Total shares: 0 Rejected: 0, Time: 00:03
2021-02-17 00:04:26: <info>  New job from eth-eu1.nanopool.org:9433
2021-02-17 00:04:26: [Statistics] Ethereum - Total speed: 0.000 H/s, Total shares: 0 Rejected: 0, Time: 00:04
2021-02-17 00:04:26: [Statistics] GPU0 t=58°C fan 31% power 130.99W. Total power: 130.99W
2021-02-17 00:04:28: <info>  New job from eth-eu1.nanopool.org:9433
2021-02-17 00:04:28: [Statistics] Ethereum - Total speed: 0.000 H/s, Total shares: 0 Rejected: 0, Time: 00:06
2021-02-17 00:04:28: [Statistics] Ethereum last 10 min - Total: 0.000 H/s.
2021-02-17 00:04:29: <info>  GPU0: 4183 MB DAG generated in 3.69 seconds
2021-02-17 00:04:31: <info>  New job from eth-eu1.nanopool.org:9433
2021-02-17 00:04:31: [Statistics] Ethereum - Total speed: 59.652 MH/s, Total shares: 0 Rejected: 0, Time: 00:09
2021-02-17 00:04:31: [Statistics] GPU0 t=52°C fan 31% power 121.26W. Total power: 121.26W
2021-02-17 00:04:35: <info>  New job from eth-eu1.nanopool.org:9433
2021-02-17 00:04:35: [Statistics] Ethereum - Total speed: 59.554 MH/s, Total shares: 0 Rejected: 0, Time: 00:13
2021-02-17 00:04:37: <info>  New job from eth-eu1.nanopool.org:9433
2021-02-17 00:04:37: [Statistics] Ethereum - Total speed: 59.676 MH/s, Total shares: 0 Rejected: 0, Time: 00:15
2021-02-17 00:04:37: [Statistics] GPU0 t=53°C fan 31% power 131.78W. Total power: 131.78W
2021-02-17 00:04:40: <info>  New job from eth-eu1.nanopool.org:9433
2021-02-17 00:04:40: [Statistics] Ethereum - Total speed: 59.987 MH/s, Total shares: 0 Rejected: 0, Time: 00:18
2021-02-17 00:04:40: [Statistics] Ethereum last 10 min - Total: 59.681 MH/s.
2021-02-17 00:04:41: <info>  New job from eth-eu1.nanopool.org:9433
2021-02-17 00:04:41: [Statistics] Ethereum - Total speed: 60.279 MH/s, Total shares: 0 Rejected: 0, Time: 00:19
2021-02-17 00:04:41: [Statistics] GPU0 t=54°C fan 31% power 131.61W. Total power: 131.61W
2021-02-17 00:04:41: <info>  New job from eth-eu1.nanopool.org:9433
2021-02-17 00:04:41: [Statistics] Ethereum - Total speed: 60.402 MH/s, Total shares: 0 Rejected: 0, Time: 00:19
2021-02-17 00:04:44: <info>  New job from eth-eu1.nanopool.org:9433
2021-02-17 00:04:44: [Statistics] Ethereum - Total speed: 60.586 MH/s, Total shares: 0 Rejected: 0, Time: 00:22
2021-02-17 00:04:44: [Statistics] GPU0 t=54°C fan 31% power 131.70W. Total power: 131.70W
2021-02-17 00:04:47: <info>  New job from eth-eu1.nanopool.org:9433
2021-02-17 00:04:47: [Statistics] Ethereum - Total speed: 60.821 MH/s, Total shares: 0 Rejected: 0, Time: 00:25
2021-02-17 00:04:47: [Statistics] Ethereum last 10 min - Total: 60.079 MH/s.
2021-02-17 00:04:50: <info>  New job from eth-eu1.nanopool.org:9433
2021-02-17 00:04:50: [Statistics] Ethereum - Total speed: 61.033 MH/s, Total shares: 0 Rejected: 0, Time: 00:28
2021-02-17 00:04:50: [Statistics] GPU0 t=54°C fan 31% power 131.74W. Total power: 131.74W
2021-02-17 00:04:53: <info>  New job from eth-eu1.nanopool.org:9433
2021-02-17 00:04:53: [Statistics] Ethereum - Total speed: 61.219 MH/s, Total shares: 0 Rejected: 0, Time: 00:31
2021-02-17 00:04:56: <info>  New job from eth-eu1.nanopool.org:9433
2021-02-17 00:04:56: [Statistics] Ethereum - Total speed: 61.390 MH/s, Total shares: 0 Rejected: 0, Time: 00:34
2021-02-17 00:04:56: [Statistics] GPU0 t=54°C fan 31% power 131.85W. Total power: 131.85W
2021-02-17 00:04:59: <info>  New job from eth-eu1.nanopool.org:9433
2021-02-17 00:04:59: [Statistics] Ethereum - Total speed: 61.542 MH/s, Total shares: 0 Rejected: 0, Time: 00:37
2021-02-17 00:04:59: [Statistics] Ethereum last 10 min - Total: 60.554 MH/s.
2021-02-17 00:05:02: <info>  New job from eth-eu1.nanopool.org:9433
2021-02-17 00:05:02: [Statistics] Ethereum - Total speed: 61.681 MH/s, Total shares: 0 Rejected: 0, Time: 00:40
2021-02-17 00:05:02: [Statistics] GPU0 t=54°C fan 31% power 131.75W. Total power: 131.75W
2021-02-17 00:05:05: <info>  New job from eth-eu1.nanopool.org:9433
2021-02-17 00:05:05: [Statistics] Ethereum - Total speed: 61.802 MH/s, Total shares: 0 Rejected: 0, Time: 00:43
2021-02-17 00:05:08: <info>  New job from eth-eu1.nanopool.org:9433
2021-02-17 00:05:08: [Statistics] Ethereum - Total speed: 61.913 MH/s, Total shares: 0 Rejected: 0, Time: 00:46
2021-02-17 00:05:08: [Statistics] GPU0 t=54°C fan 31% power 131.76W. Total power: 131.76W
2021-02-17 00:05:11: <info>  New job from eth-eu1.nanopool.org:9433
2021-02-17 00:05:11: [Statistics] Ethereum - Total speed: 62.013 MH/s, Total shares: 0 Rejected: 0, Time: 00:49
2021-02-17 00:05:11: [Statistics] Ethereum last 10 min - Total: 60.936 MH/s.
2021-02-17 00:05:13: <info>  New job from eth-eu1.nanopool.org:9433
2021-02-17 00:05:13: [Statistics] Ethereum - Total speed: 62.103 MH/s, Total shares: 0 Rejected: 0, Time: 00:51
2021-02-17 00:05:13: [Statistics] GPU0 t=55°C fan 31% power 131.87W. Total power: 131.87W
2021-02-17 00:05:13: <info>  New job from eth-eu1.nanopool.org:9433
2021-02-17 00:05:13: [Statistics] Ethereum - Total speed: 62.183 MH/s, Total shares: 0 Rejected: 0, Time: 00:51
2021-02-17 00:05:17: <info>  New job from eth-eu1.nanopool.org:9433
2021-02-17 00:05:17: [Statistics] Ethereum - Total speed: 62.178 MH/s, Total shares: 0 Rejected: 0, Time: 00:55
2021-02-17 00:05:17: [Statistics] GPU0 t=55°C fan 31% power 131.78W. Total power: 131.78W
2021-02-17 00:05:19: <info>  New job from eth-eu1.nanopool.org:9433
2021-02-17 00:05:19: [Statistics] Ethereum - Total speed: 62.254 MH/s, Total shares: 0 Rejected: 0, Time: 00:57
2021-02-17 00:05:19: [Statistics] Ethereum last 10 min - Total: 61.152 MH/s.
2021-02-17 00:05:20: <info>  New job from eth-eu1.nanopool.org:9433
2021-02-17 00:05:20: [Statistics] Ethereum - Total speed: 62.321 MH/s, Total shares: 0 Rejected: 0, Time: 00:58
2021-02-17 00:05:20: [Statistics] GPU0 t=55°C fan 31% power 131.59W. Total power: 131.59W
2021-02-17 00:05:23: <info>  New job from eth-eu1.nanopool.org:9433
2021-02-17 00:05:23: [Statistics] Ethereum - Total speed: 62.371 MH/s, Total shares: 0 Rejected: 0, Time: 01:01
2021-02-17 00:05:26: <info>  New job from eth-eu1.nanopool.org:9433
2021-02-17 00:05:26: [Statistics] Ethereum - Total speed: 62.426 MH/s, Total shares: 0 Rejected: 0, Time: 01:04
2021-02-17 00:05:26: [Statistics] GPU0 t=55°C fan 31% power 131.69W. Total power: 131.69W
2021-02-17 00:05:28: <info>  New job from eth-eu1.nanopool.org:9433
2021-02-17 00:05:28: [Statistics] Ethereum - Total speed: 62.476 MH/s, Total shares: 0 Rejected: 0, Time: 01:06
2021-02-17 00:05:28: [Statistics] Ethereum last 10 min - Total: 61.345 MH/s.
2021-02-17 00:05:28: <info>  New job from eth-eu1.nanopool.org:9433
2021-02-17 00:05:28: [Statistics] Ethereum - Total speed: 62.521 MH/s, Total shares: 0 Rejected: 0, Time: 01:06
2021-02-17 00:05:28: [Statistics] GPU0 t=55°C fan 31% power 131.76W. Total power: 131.76W
2021-02-17 00:05:31: <info>  New job from eth-eu1.nanopool.org:9433
2021-02-17 00:05:31: [Statistics] Ethereum - Total speed: 62.538 MH/s, Total shares: 0 Rejected: 0, Time: 01:09
2021-02-17 00:05:34: <info>  New job from eth-eu1.nanopool.org:9433
2021-02-17 00:05:34: [Statistics] Ethereum - Total speed: 62.577 MH/s, Total shares: 0 Rejected: 0, Time: 01:12
2021-02-17 00:05:34: [Statistics] GPU0 t=55°C fan 31% power 131.82W. Total power: 131.82W
2021-02-17 00:05:37: <info>  New job from eth-eu1.nanopool.org:9433
2021-02-17 00:05:37: [Statistics] Ethereum - Total speed: 62.613 MH/s, Total shares: 0 Rejected: 0, Time: 01:15
2021-02-17 00:05:37: [Statistics] Ethereum last 10 min - Total: 61.520 MH/s.
2021-02-17 00:05:38: <info>  New job from eth-eu1.nanopool.org:9433
2021-02-17 00:05:38: [Statistics] Ethereum - Total speed: 62.644 MH/s, Total shares: 0 Rejected: 0, Time: 01:16
2021-02-17 00:05:38: [Statistics] GPU0 t=55°C fan 31% power 131.70W. Total power: 131.70W
2021-02-17 00:05:39: <info>  New job from eth-eu1.nanopool.org:9433
2021-02-17 00:05:39: [Statistics] Ethereum - Total speed: 62.571 MH/s, Total shares: 0 Rejected: 0, Time: 01:17
2021-02-17 00:05:41: <info>  New job from eth-eu1.nanopool.org:9433
2021-02-17 00:05:41: [Statistics] Ethereum - Total speed: 62.599 MH/s, Total shares: 0 Rejected: 0, Time: 01:19
2021-02-17 00:05:41: [Statistics] GPU0 t=55°C fan 31% power 131.51W. Total power: 131.51W
2021-02-17 00:05:44: <info>  New job from eth-eu1.nanopool.org:9433
2021-02-17 00:05:44: [Statistics] Ethereum - Total speed: 62.629 MH/s, Total shares: 0 Rejected: 0, Time: 01:22
2021-02-17 00:05:44: [Statistics] Ethereum last 10 min - Total: 61.612 MH/s.
2021-02-17 00:05:47: <info>  New job from eth-eu1.nanopool.org:9433
2021-02-17 00:05:47: [Statistics] Ethereum - Total speed: 62.658 MH/s, Total shares: 0 Rejected: 0, Time: 01:25
2021-02-17 00:05:47: [Statistics] GPU0 t=55°C fan 31% power 131.60W. Total power: 131.60W
2021-02-17 00:05:50: <info>  New job from eth-eu1.nanopool.org:9433
2021-02-17 00:05:50: [Statistics] Ethereum - Total speed: 62.685 MH/s, Total shares: 0 Rejected: 0, Time: 01:28
2021-02-17 00:05:53: <info>  New job from eth-eu1.nanopool.org:9433
2021-02-17 00:05:53: [Statistics] Ethereum - Total speed: 62.709 MH/s, Total shares: 0 Rejected: 0, Time: 01:31
2021-02-17 00:05:53: [Statistics] GPU0 t=55°C fan 31% power 131.66W. Total power: 131.66W
2021-02-17 00:05:55: <info>  New job from eth-eu1.nanopool.org:9433
2021-02-17 00:05:55: [Statistics] Ethereum - Total speed: 62.732 MH/s, Total shares: 0 Rejected: 0, Time: 01:33
2021-02-17 00:05:55: [Statistics] Ethereum last 10 min - Total: 61.757 MH/s.
2021-02-17 00:05:55: <info>  New job from eth-eu1.nanopool.org:9433
2021-02-17 00:05:55: [Statistics] Ethereum - Total speed: 62.752 MH/s, Total shares: 0 Rejected: 0, Time: 01:33
2021-02-17 00:05:55: [Statistics] GPU0 t=55°C fan 31% power 131.83W. Total power: 131.83W
2021-02-17 00:05:58: <info>  New job from eth-eu1.nanopool.org:9433
2021-02-17 00:05:58: [Statistics] Ethereum - Total speed: 62.708 MH/s, Total shares: 0 Rejected: 0, Time: 01:36
2021-02-17 00:06:01: <info>  New job from eth-eu1.nanopool.org:9433
2021-02-17 00:06:01: [Statistics] Ethereum - Total speed: 62.731 MH/s, Total shares: 0 Rejected: 0, Time: 01:39
2021-02-17 00:06:01: [Statistics] GPU0 t=55°C fan 31% power 131.81W. Total power: 131.81W
2021-02-17 00:06:04: <info>  New job from eth-eu1.nanopool.org:9433
2021-02-17 00:06:04: [Statistics] Ethereum - Total speed: 62.747 MH/s, Total shares: 0 Rejected: 0, Time: 01:42
2021-02-17 00:06:04: [Statistics] Ethereum last 10 min - Total: 61.853 MH/s.
2021-02-17 00:06:07: <info>  New job from eth-eu1.nanopool.org:9433
2021-02-17 00:06:07: [Statistics] Ethereum - Total speed: 62.766 MH/s, Total shares: 0 Rejected: 0, Time: 01:45
2021-02-17 00:06:07: [Statistics] GPU0 t=55°C fan 31% power 131.84W. Total power: 131.84W
2021-02-17 00:06:10: <info>  New job from eth-eu1.nanopool.org:9433
2021-02-17 00:06:10: [Statistics] Ethereum - Total speed: 62.780 MH/s, Total shares: 0 Rejected: 0, Time: 01:48
2021-02-17 00:06:12: <info>  New job from eth-eu1.nanopool.org:9433
2021-02-17 00:06:12: [Statistics] Ethereum - Total speed: 62.793 MH/s, Total shares: 0 Rejected: 0, Time: 01:50
2021-02-17 00:06:12: [Statistics] GPU0 t=55°C fan 31% power 131.94W. Total power: 131.94W
2021-02-17 00:06:12: <info>  New job from eth-eu1.nanopool.org:9433
2021-02-17 00:06:12: [Statistics] Ethereum - Total speed: 62.806 MH/s, Total shares: 0 Rejected: 0, Time: 01:50
2021-02-17 00:06:12: [Statistics] Ethereum last 10 min - Total: 61.928 MH/s.
2021-02-17 00:06:15: <info>  New job from eth-eu1.nanopool.org:9433
2021-02-17 00:06:15: [Statistics] Ethereum - Total speed: 62.795 MH/s, Total shares: 0 Rejected: 0, Time: 01:53
2021-02-17 00:06:15: [Statistics] GPU0 t=55°C fan 31% power 131.65W. Total power: 131.65W
2021-02-17 00:06:18: <info>  New job from eth-eu1.nanopool.org:9433
2021-02-17 00:06:18: [Statistics] Ethereum - Total speed: 62.806 MH/s, Total shares: 0 Rejected: 0, Time: 01:56
2021-02-17 00:06:20: <info>  New job from eth-eu1.nanopool.org:9433
2021-02-17 00:06:20: [Statistics] Ethereum - Total speed: 62.816 MH/s, Total shares: 0 Rejected: 0, Time: 01:58
2021-02-17 00:06:20: [Statistics] GPU0 t=55°C fan 31% power 131.86W. Total power: 131.86W
2021-02-17 00:06:20: <info>  New job from eth-eu1.nanopool.org:9433
2021-02-17 00:06:20: [Statistics] Ethereum - Total speed: 62.823 MH/s, Total shares: 0 Rejected: 0, Time: 01:58
2021-02-17 00:06:20: [Statistics] Ethereum last 10 min - Total: 61.993 MH/s.
2021-02-17 00:06:23: <info>  New job from eth-eu1.nanopool.org:9433
2021-02-17 00:06:23: [Statistics] Ethereum - Total speed: 62.766 MH/s, Total shares: 0 Rejected: 0, Time: 02:01
2021-02-17 00:06:23: [Statistics] GPU0 t=55°C fan 31% power 131.81W. Total power: 131.81W
2021-02-17 00:06:24: <info>  New job from eth-eu1.nanopool.org:9433
2021-02-17 00:06:24: [Statistics] Ethereum - Total speed: 62.782 MH/s, Total shares: 0 Rejected: 0, Time: 02:02
2021-02-17 00:06:25: <info>  New job from eth-eu1.nanopool.org:9433
2021-02-17 00:06:25: [Statistics] Ethereum - Total speed: 62.791 MH/s, Total shares: 0 Rejected: 0, Time: 02:03
2021-02-17 00:06:25: [Statistics] GPU0 t=55°C fan 31% power 131.86W. Total power: 131.86W
2021-02-17 00:06:28: <info>  New job from eth-eu1.nanopool.org:9433
2021-02-17 00:06:28: [Statistics] Ethereum - Total speed: 62.767 MH/s, Total shares: 0 Rejected: 0, Time: 02:06
2021-02-17 00:06:28: [Statistics] Ethereum last 10 min - Total: 62.046 MH/s.
2021-02-17 00:06:31: <info>  New job from eth-eu1.nanopool.org:9433
2021-02-17 00:06:31: [Statistics] Ethereum - Total speed: 62.784 MH/s, Total shares: 0 Rejected: 0, Time: 02:09
2021-02-17 00:06:31: [Statistics] GPU0 t=55°C fan 31% power 131.74W. Total power: 131.74W
2021-02-17 00:06:34: <info>  New job from eth-eu1.nanopool.org:9433
2021-02-17 00:06:34: [Statistics] Ethereum - Total speed: 62.798 MH/s, Total shares: 0 Rejected: 0, Time: 02:12
2021-02-17 00:06:37: <info>  New job from eth-eu1.nanopool.org:9433
2021-02-17 00:06:37: [Statistics] Ethereum - Total speed: 62.809 MH/s, Total shares: 0 Rejected: 0, Time: 02:15
2021-02-17 00:06:37: [Statistics] GPU0 t=56°C fan 31% power 131.84W. Total power: 131.84W
2021-02-17 00:06:40: <info>  New job from eth-eu1.nanopool.org:9433
2021-02-17 00:06:40: [Statistics] Ethereum - Total speed: 62.821 MH/s, Total shares: 0 Rejected: 0, Time: 02:18
2021-02-17 00:06:40: [Statistics] Ethereum last 10 min - Total: 62.114 MH/s.
2021-02-17 00:06:42: <info>  New job from eth-eu1.nanopool.org:9433
2021-02-17 00:06:42: [Statistics] Ethereum - Total speed: 62.831 MH/s, Total shares: 0 Rejected: 0, Time: 02:20
2021-02-17 00:06:42: [Statistics] GPU0 t=55°C fan 31% power 131.74W. Total power: 131.74W
2021-02-17 00:06:43: <info>  New job from eth-eu1.nanopool.org:9433
2021-02-17 00:06:43: [Statistics] Ethereum - Total speed: 62.839 MH/s, Total shares: 0 Rejected: 0, Time: 02:21
2021-02-17 00:06:46: <info>  New job from eth-eu1.nanopool.org:9433
2021-02-17 00:06:46: [Statistics] Ethereum - Total speed: 62.801 MH/s, Total shares: 0 Rejected: 0, Time: 02:24
2021-02-17 00:06:46: [Statistics] GPU0 t=56°C fan 31% power 131.70W. Total power: 131.70W
2021-02-17 00:06:49: <info>  New job from eth-eu1.nanopool.org:9433
2021-02-17 00:06:49: [Statistics] Ethereum - Total speed: 62.813 MH/s, Total shares: 0 Rejected: 0, Time: 02:27
2021-02-17 00:06:49: [Statistics] Ethereum last 10 min - Total: 62.159 MH/s.
2021-02-17 00:06:49: <info>  New job from eth-eu1.nanopool.org:9433
2021-02-17 00:06:49: [Statistics] Ethereum - Total speed: 62.826 MH/s, Total shares: 0 Rejected: 0, Time: 02:27
2021-02-17 00:06:49: [Statistics] GPU0 t=55°C fan 31% power 131.82W. Total power: 131.82W
2021-02-17 00:06:52: <info>  New job from eth-eu1.nanopool.org:9433
2021-02-17 00:06:52: [Statistics] Ethereum - Total speed: 62.805 MH/s, Total shares: 0 Rejected: 0, Time: 02:30
2021-02-17 00:06:55: <info>  New job from eth-eu1.nanopool.org:9433
2021-02-17 00:06:55: [Statistics] Ethereum - Total speed: 62.816 MH/s, Total shares: 0 Rejected: 0, Time: 02:33
2021-02-17 00:06:55: [Statistics] GPU0 t=56°C fan 31% power 131.77W. Total power: 131.77W
2021-02-17 00:06:58: <info>  New job from eth-eu1.nanopool.org:9433
2021-02-17 00:06:58: [Statistics] Ethereum - Total speed: 62.825 MH/s, Total shares: 0 Rejected: 0, Time: 02:36
2021-02-17 00:06:58: [Statistics] Ethereum last 10 min - Total: 62.200 MH/s.
2021-02-17 00:07:01: <info>  New job from eth-eu1.nanopool.org:9433
2021-02-17 00:07:01: [Statistics] Ethereum - Total speed: 62.802 MH/s, Total shares: 0 Rejected: 0, Time: 02:39
2021-02-17 00:07:01: [Statistics] GPU0 t=56°C fan 31% power 131.71W. Total power: 131.71W
2021-02-17 00:07:04: <info>  New job from eth-eu1.nanopool.org:9433
2021-02-17 00:07:04: [Statistics] Ethereum - Total speed: 62.822 MH/s, Total shares: 0 Rejected: 0, Time: 02:42
2021-02-17 00:07:05: <error>  System exception: 
2021-02-17 00:07:05: <error>  device: 0; unknown error
2021-02-17 00:07:06: <error>  CUDA call failed: all CUDA-capable devices are busy or unavailable
2021-02-17 00:07:06: <error>  CUDA call failed: all CUDA-capable devices are busy or unavailable
2021-02-17 00:07:06: <error>  CUDA call failed: all CUDA-capable devices are busy or unavailable
2021-02-17 00:07:07: <info>  New job from eth-eu1.nanopool.org:9433
2021-02-17 00:07:07: <error>  System exception: 
2021-02-17 00:07:07: <error>  device: 0; all CUDA-capable devices are busy or unavailable
2021-02-17 00:07:07: <error>  Can't work on device: 0
2021-02-17 00:07:07: <info>  Miner has already been restarted once
2021-02-17 00:07:07: <info>  Self-restarting miner process.
2021-02-17 00:07:07: [Statistics] Ethereum - Total speed: 0.000 H/s, Total shares: 0 Rejected: 0, Time: 02:45
