2021-02-17 10:59:22: <info>                                    _                 
2021-02-17 10:59:22: <info>  _ __   __ _ _ __   ___  _ __ ___ (_)_ __   ___ _ __ 
2021-02-17 10:59:22: <info> | '_ \ / _` | '_ \ / _ \| '_ ` _ \| | '_ \ / _ \ '__|
2021-02-17 10:59:22: <info> | | | | (_| | | | | (_) | | | | | | | | | |  __/ |   
2021-02-17 10:59:22: <info> |_| |_|\__,_|_| |_|\___/|_| |_| |_|_|_| |_|\___|_|   
2021-02-17 10:59:22: <info> 
2021-02-17 10:59:22: <info> Version 3.2.2-cuda11
2021-02-17 10:59:22: <info>  Started EthMan server on port 3333 with a password (read-only mode).
2021-02-17 10:59:22: <info>  Started web interface on port 9090 with a password.
2021-02-17 10:59:22: <info>  CUDA driver version is 11.2, runtime version is 11.1
2021-02-17 10:59:22: <info> Single device detected
2021-02-17 10:59:22: <info> GPU 0 PCI 01:00.0, Platform: CUDA, Name: GeForce RTX 3070, 8192 MB available
2021-02-17 10:59:22: <info> -------------------Ethash:------------------
2021-02-17 10:59:22: <info> Currency: Ethereum
2021-02-17 10:59:22: <info> Wallet: wallet
2021-02-17 10:59:22: <info> Rig name: ferris
2021-02-17 10:59:22: <info> Email: email
2021-02-17 10:59:22: <info> Hashrate threshold to restart miner: 50.00 MH/s
2021-02-17 10:59:22: <info> Added pool: eth-eu1.nanopool.org:9433
2021-02-17 10:59:22: <info> Added pool: eth-eu2.nanopool.org:9433
2021-02-17 10:59:22: <info> Added pool: eth-us-east1.nanopool.org:9433
2021-02-17 10:59:22: <info> Added pool: eth-us-west1.nanopool.org:9433
2021-02-17 10:59:22: <info> Added pool: eth-jp1.nanopool.org:9433
2021-02-17 10:59:22: <info> Added pool: eth-au1.nanopool.org:9433
2021-02-17 10:59:22: <info> Added pool: eth-asia1.nanopool.org:9433
2021-02-17 10:59:22: <info> Auto pool sorting is enabled
2021-02-17 10:59:22: <info> Using all GPU devices
2021-02-17 10:59:22: <info> Memory tweak: 1
2021-02-17 10:59:22: <info> -------------Common parameters:-------------
2021-02-17 10:59:22: <info> Log path: ./logs/
2021-02-17 10:59:22: <info> Log is written to file
2021-02-17 10:59:22: <info> GPU watchdog is enabled
2021-02-17 10:59:22: <info> Restart count before calling reboot.bat: 10
2021-02-17 10:59:22: <info>  Setting up algorithm: Ethash
2021-02-17 10:59:23: <info>  Connecting to pools...
2021-02-17 10:59:23: <info>  Connected to pool: eth-eu1.nanopool.org:9433 | IP: 213.32.29.168 | ping: 127 ms.
2021-02-17 10:59:23: <info>  New job from eth-eu1.nanopool.org:9433 | share difficulty = 10000 MH, epoch 395 (4183 MB)
2021-02-17 10:59:23: [Statistics] Ethereum - Total speed: 0.000 H/s, Total shares: 0 Rejected: 0, Time: 00:01
2021-02-17 10:59:23: [Statistics] GPU0 t=41°C fan 31% power 45.39W. Total power: 45.39W
2021-02-17 10:59:23: <info>  New job from eth-eu1.nanopool.org:9433
2021-02-17 10:59:23: [Statistics] Ethereum - Total speed: 0.000 H/s, Total shares: 0 Rejected: 0, Time: 00:01
2021-02-17 10:59:23: [Statistics] Ethereum last 10 min - Total: 0.000 H/s.
2021-02-17 10:59:26: <info>  New job from eth-eu1.nanopool.org:9433
2021-02-17 10:59:26: [Statistics] Ethereum - Total speed: 0.000 H/s, Total shares: 0 Rejected: 0, Time: 00:03
2021-02-17 10:59:26: [Statistics] GPU0 t=41°C fan 31% power 44.87W. Total power: 44.87W
2021-02-17 10:59:29: <info>  New job from eth-eu1.nanopool.org:9433
2021-02-17 10:59:29: [Statistics] Ethereum - Total speed: 0.000 H/s, Total shares: 0 Rejected: 0, Time: 00:07
2021-02-17 10:59:30: <info>  GPU0: 4183 MB DAG generated in 3.73 seconds
2021-02-17 10:59:32: <info>  New job from eth-eu1.nanopool.org:9433
2021-02-17 10:59:32: [Statistics] Ethereum - Total speed: 50.878 MH/s, Total shares: 0 Rejected: 0, Time: 00:09
2021-02-17 10:59:32: [Statistics] GPU0 t=55°C fan 30% power 193.63W. Total power: 193.63W
2021-02-17 10:59:35: <info>  Terminating, please wait ...
