2021-02-13 17:42:46: <info>                                    _                 
2021-02-13 17:42:46: <info>  _ __   __ _ _ __   ___  _ __ ___ (_)_ __   ___ _ __ 
2021-02-13 17:42:46: <info> | '_ \ / _` | '_ \ / _ \| '_ ` _ \| | '_ \ / _ \ '__|
2021-02-13 17:42:46: <info> | | | | (_| | | | | (_) | | | | | | | | | |  __/ |   
2021-02-13 17:42:46: <info> |_| |_|\__,_|_| |_|\___/|_| |_| |_|_|_| |_|\___|_|   
2021-02-13 17:42:46: <info> 
2021-02-13 17:42:46: <info> Version 3.2.2-cuda11
2021-02-13 17:42:46: <info>  Web interface was not started.
2021-02-13 17:42:46: <info>  CUDA driver version is 11.2, runtime version is 11.1
2021-02-13 17:42:46: <info> Single device detected
2021-02-13 17:42:46: <info> GPU 0 PCI 01:00.0, Platform: CUDA, Name: GeForce RTX 3070, 8192 MB available
2021-02-13 17:42:46: <info> -------------------Ethash:------------------
2021-02-13 17:42:46: <info> Currency: Ethereum
2021-02-13 17:42:46: <info> Wallet: wallet
2021-02-13 17:42:46: <info> Rig name: Sneezy_5c19cec3
2021-02-13 17:42:46: <info> Email: email
2021-02-13 17:42:46: <info> Hashrate threshold to restart miner is not set
2021-02-13 17:42:46: <info> Added pool: eth-eu1.nanopool.org:9433
2021-02-13 17:42:46: <info> Added pool: eth-eu2.nanopool.org:9433
2021-02-13 17:42:46: <info> Added pool: eth-us-east1.nanopool.org:9433
2021-02-13 17:42:46: <info> Added pool: eth-us-west1.nanopool.org:9433
2021-02-13 17:42:46: <info> Added pool: eth-jp1.nanopool.org:9433
2021-02-13 17:42:46: <info> Added pool: eth-asia1.nanopool.org:9433
2021-02-13 17:42:46: <info> Added pool: eth-au1.nanopool.org:9433
2021-02-13 17:42:46: <info> Auto pool sorting is enabled
2021-02-13 17:42:46: <info> Using all GPU devices
2021-02-13 17:42:46: <info> Memory tweak: 1
2021-02-13 17:42:46: <info> -------------Common parameters:-------------
2021-02-13 17:42:46: <info> Log path: ./logs/
2021-02-13 17:42:46: <info> Log is written to file
2021-02-13 17:42:46: <info> GPU watchdog is enabled
2021-02-13 17:42:46: <info> Never calling reboot.bat (always restarting the miner in case of errors). 
2021-02-13 17:42:46: <info>  Setting up algorithm: Ethash
2021-02-13 17:42:47: <info>  Connecting to pools...
2021-02-13 17:42:48: <info>  Connected to pool: eth-eu1.nanopool.org:9433 | IP: 5.196.26.96 | ping: 124 ms.
2021-02-13 17:42:48: <info>  New job from eth-eu1.nanopool.org:9433 | share difficulty = 10000 MH, epoch 394 (4175 MB)
2021-02-13 17:42:48: [Statistics] Ethereum - Total speed: 0.000 H/s, Total shares: 0 Rejected: 0, Time: 00:01
2021-02-13 17:42:48: [Statistics] GPU0 t=56°C fan 34% power 120.67W. Total power: 120.67W
2021-02-13 17:42:48: <info>  New job from eth-eu1.nanopool.org:9433
2021-02-13 17:42:48: [Statistics] Ethereum - Total speed: 0.000 H/s, Total shares: 0 Rejected: 0, Time: 00:01
2021-02-13 17:42:48: [Statistics] Ethereum last 10 min - Total: 0.000 H/s.
2021-02-13 17:42:48: <info>  New job from eth-eu1.nanopool.org:9433
2021-02-13 17:42:48: [Statistics] Ethereum - Total speed: 0.000 H/s, Total shares: 0 Rejected: 0, Time: 00:01
2021-02-13 17:42:48: [Statistics] GPU0 t=56°C fan 34% power 120.70W. Total power: 120.70W
2021-02-13 17:42:51: <info>  New job from eth-eu1.nanopool.org:9433
2021-02-13 17:42:51: [Statistics] Ethereum - Total speed: 0.000 H/s, Total shares: 0 Rejected: 0, Time: 00:04
2021-02-13 17:42:52: <info>  New job from eth-eu1.nanopool.org:9433
2021-02-13 17:42:52: [Statistics] Ethereum - Total speed: 0.000 H/s, Total shares: 0 Rejected: 0, Time: 00:05
2021-02-13 17:42:52: [Statistics] GPU0 t=56°C fan 34% power 93.03W. Total power: 93.03W
2021-02-13 17:42:52: <info>  New job from eth-eu1.nanopool.org:9433
2021-02-13 17:42:52: [Statistics] Ethereum - Total speed: 0.000 H/s, Total shares: 0 Rejected: 0, Time: 00:06
2021-02-13 17:42:52: [Statistics] Ethereum last 10 min - Total: 0.000 H/s.
2021-02-13 17:42:55: <info>  New job from eth-eu1.nanopool.org:9433
2021-02-13 17:42:57: [Statistics] Ethereum - Total speed: 0.000 H/s, Total shares: 0 Rejected: 0, Time: 00:10
2021-02-13 17:42:57: [Statistics] GPU0 t=55°C fan 34% power 94.55W. Total power: 94.55W
2021-02-13 17:42:57: <info>  New job from eth-eu1.nanopool.org:9433
2021-02-13 17:42:57: [Statistics] Ethereum - Total speed: 0.000 H/s, Total shares: 0 Rejected: 0, Time: 00:10
2021-02-13 17:42:58: <info>  New job from eth-eu1.nanopool.org:9433
2021-02-13 17:42:58: [Statistics] Ethereum - Total speed: 0.000 H/s, Total shares: 0 Rejected: 0, Time: 00:12
2021-02-13 17:42:58: [Statistics] GPU0 t=55°C fan 34% power 94.66W. Total power: 94.66W
2021-02-13 17:43:00: <info>  New job from eth-eu1.nanopool.org:9433
2021-02-13 17:43:00: [Statistics] Ethereum - Total speed: 0.000 H/s, Total shares: 0 Rejected: 0, Time: 00:13
2021-02-13 17:43:00: [Statistics] Ethereum last 10 min - Total: 0.000 H/s.
2021-02-13 17:43:00: <info>  New job from eth-eu1.nanopool.org:9433
2021-02-13 17:43:00: [Statistics] Ethereum - Total speed: 0.000 H/s, Total shares: 0 Rejected: 0, Time: 00:13
2021-02-13 17:43:00: [Statistics] GPU0 t=55°C fan 34% power 94.47W. Total power: 94.47W
2021-02-13 17:43:03: <info>  New job from eth-eu1.nanopool.org:9433
2021-02-13 17:43:03: [Statistics] Ethereum - Total speed: 0.000 H/s, Total shares: 0 Rejected: 0, Time: 00:16
2021-02-13 17:43:06: <info>  New job from eth-eu1.nanopool.org:9433
2021-02-13 17:43:06: [Statistics] Ethereum - Total speed: 0.000 H/s, Total shares: 0 Rejected: 0, Time: 00:19
2021-02-13 17:43:06: [Statistics] GPU0 t=57°C fan 34% power 120.45W. Total power: 120.45W
2021-02-13 17:43:06: <info>  New job from eth-eu1.nanopool.org:9433
2021-02-13 17:43:06: [Statistics] Ethereum - Total speed: 0.000 H/s, Total shares: 0 Rejected: 0, Time: 00:19
2021-02-13 17:43:06: [Statistics] Ethereum last 10 min - Total: 0.000 H/s.
2021-02-13 17:43:09: <info>  New job from eth-eu1.nanopool.org:9433
2021-02-13 17:43:09: [Statistics] Ethereum - Total speed: 0.000 H/s, Total shares: 0 Rejected: 0, Time: 00:22
2021-02-13 17:43:09: [Statistics] GPU0 t=57°C fan 34% power 120.36W. Total power: 120.36W
2021-02-13 17:43:11: <info>  New job from eth-eu1.nanopool.org:9433
2021-02-13 17:43:11: [Statistics] Ethereum - Total speed: 0.000 H/s, Total shares: 0 Rejected: 0, Time: 00:24
2021-02-13 17:43:11: <info>  GPU0: 4175 MB DAG generated in 19.31 seconds
2021-02-13 17:43:11: <info>  New job from eth-eu1.nanopool.org:9433
2021-02-13 17:43:11: [Statistics] Ethereum - Total speed: 0.000 H/s, Total shares: 0 Rejected: 0, Time: 00:25
2021-02-13 17:43:11: [Statistics] GPU0 t=56°C fan 34% power 103.43W. Total power: 103.43W
2021-02-13 17:43:14: <info>  New job from eth-eu1.nanopool.org:9433
2021-02-13 17:43:14: [Statistics] Ethereum - Total speed: 1.005 MH/s, Total shares: 0 Rejected: 0, Time: 00:27
2021-02-13 17:43:14: [Statistics] Ethereum last 10 min - Total: 1.005 MH/s.
2021-02-13 17:43:17: <info>  New job from eth-eu1.nanopool.org:9433
2021-02-13 17:43:17: [Statistics] Ethereum - Total speed: 1.003 MH/s, Total shares: 0 Rejected: 0, Time: 00:30
2021-02-13 17:43:17: [Statistics] GPU0 t=56°C fan 34% power 98.24W. Total power: 98.24W
2021-02-13 17:43:18: <info>  New job from eth-eu1.nanopool.org:9433
2021-02-13 17:43:18: [Statistics] Ethereum - Total speed: 1.003 MH/s, Total shares: 0 Rejected: 0, Time: 00:31
2021-02-13 17:43:18: <info>  New job from eth-eu1.nanopool.org:9433
2021-02-13 17:43:18: [Statistics] Ethereum - Total speed: 1.003 MH/s, Total shares: 0 Rejected: 0, Time: 00:31
2021-02-13 17:43:18: [Statistics] GPU0 t=56°C fan 34% power 98.22W. Total power: 98.22W
2021-02-13 17:43:21: <info>  New job from eth-eu1.nanopool.org:9433
2021-02-13 17:43:21: [Statistics] Ethereum - Total speed: 1.003 MH/s, Total shares: 0 Rejected: 0, Time: 00:34
2021-02-13 17:43:21: [Statistics] Ethereum last 10 min - Total: 1.003 MH/s.
2021-02-13 17:43:24: <info>  New job from eth-eu1.nanopool.org:9433
2021-02-13 17:43:24: [Statistics] Ethereum - Total speed: 1.003 MH/s, Total shares: 0 Rejected: 0, Time: 00:37
2021-02-13 17:43:24: [Statistics] GPU0 t=55°C fan 34% power 98.41W. Total power: 98.41W
2021-02-13 17:43:25: <info>  New job from eth-eu1.nanopool.org:9433
2021-02-13 17:43:25: [Statistics] Ethereum - Total speed: 1.002 MH/s, Total shares: 0 Rejected: 0, Time: 00:38
2021-02-13 17:43:25: <info>  New job from eth-eu1.nanopool.org:9433
2021-02-13 17:43:25: [Statistics] Ethereum - Total speed: 1.002 MH/s, Total shares: 0 Rejected: 0, Time: 00:39
2021-02-13 17:43:25: [Statistics] GPU0 t=55°C fan 34% power 98.11W. Total power: 98.11W
2021-02-13 17:43:27: <info>  New job from eth-eu1.nanopool.org:9433
2021-02-13 17:43:27: [Statistics] Ethereum - Total speed: 1.002 MH/s, Total shares: 0 Rejected: 0, Time: 00:40
2021-02-13 17:43:27: [Statistics] Ethereum last 10 min - Total: 1.003 MH/s.
2021-02-13 17:43:28: <info>  New job from eth-eu1.nanopool.org:9433
2021-02-13 17:43:28: [Statistics] Ethereum - Total speed: 1.001 MH/s, Total shares: 0 Rejected: 0, Time: 00:41
2021-02-13 17:43:28: [Statistics] GPU0 t=55°C fan 34% power 98.18W. Total power: 98.18W
2021-02-13 17:43:29: <info>  Terminating, please wait ...
