2021-02-22 00:31:35: <info>                                    _                 
2021-02-22 00:31:35: <info>  _ __   __ _ _ __   ___  _ __ ___ (_)_ __   ___ _ __ 
2021-02-22 00:31:35: <info> | '_ \ / _` | '_ \ / _ \| '_ ` _ \| | '_ \ / _ \ '__|
2021-02-22 00:31:35: <info> | | | | (_| | | | | (_) | | | | | | | | | |  __/ |   
2021-02-22 00:31:35: <info> |_| |_|\__,_|_| |_|\___/|_| |_| |_|_|_| |_|\___|_|   
2021-02-22 00:31:35: <info> 
2021-02-22 00:31:35: <info> Version 3.2.2-cuda11
2021-02-22 00:31:35: <info>  Started EthMan server on port 3333 with a password (read-only mode).
2021-02-22 00:31:35: <info>  Started web interface on port 9090 with a password.
2021-02-22 00:31:35: <info>  CUDA driver version is 11.2, runtime version is 11.1
2021-02-22 00:31:35: <info> Single device detected
2021-02-22 00:31:35: <info> GPU 0 PCI 01:00.0, Platform: CUDA, Name: GeForce RTX 3070, 8192 MB available
2021-02-22 00:31:35: <info> -------------------Ethash:------------------
2021-02-22 00:31:35: <info> Currency: Ethereum
2021-02-22 00:31:35: <info> Wallet: wallet
2021-02-22 00:31:35: <info> Rig name: ferris
2021-02-22 00:31:35: <info> Email: email
2021-02-22 00:31:35: <info> Hashrate threshold to restart miner is not set
2021-02-22 00:31:35: <info> Added pool: eth-eu1.nanopool.org:9433
2021-02-22 00:31:35: <info> Added pool: eth-eu2.nanopool.org:9433
2021-02-22 00:31:35: <info> Added pool: eth-us-east1.nanopool.org:9433
2021-02-22 00:31:35: <info> Added pool: eth-us-west1.nanopool.org:9433
2021-02-22 00:31:35: <info> Added pool: eth-jp1.nanopool.org:9433
2021-02-22 00:31:35: <info> Added pool: eth-au1.nanopool.org:9433
2021-02-22 00:31:35: <info> Added pool: eth-asia1.nanopool.org:9433
2021-02-22 00:31:35: <info> Auto pool sorting is enabled
2021-02-22 00:31:35: <info> Using all GPU devices
2021-02-22 00:31:35: <info> Memory tweak: 1
2021-02-22 00:31:35: <info> -------------Common parameters:-------------
2021-02-22 00:31:35: <info> Log path: ./logs/
2021-02-22 00:31:35: <info> Log is written to file
2021-02-22 00:31:35: <info> GPU watchdog is enabled
2021-02-22 00:31:35: <info> Restart count before calling reboot.bat: 5
2021-02-22 00:31:35: <info>  Setting up algorithm: Ethash
2021-02-22 00:31:35: <info>  Connecting to pools...
2021-02-22 00:31:35: <info>  Connected to pool: eth-eu1.nanopool.org:9433 | IP: 92.222.72.197 | ping: 106 ms.
2021-02-22 00:31:35: <info>  New job from eth-eu1.nanopool.org:9433 | share difficulty = 10000 MH, epoch 396 (4191 MB)
2021-02-22 00:31:35: [Statistics] Ethereum - Total speed: 0.000 H/s, Total shares: 0 Rejected: 0, Time: 00:00
2021-02-22 00:31:35: [Statistics] GPU0 t=45°C fan 40% power 85.78W. Total power: 85.78W
2021-02-22 00:31:35: <info>  New job from eth-eu1.nanopool.org:9433
2021-02-22 00:31:35: [Statistics] Ethereum - Total speed: 0.000 H/s, Total shares: 0 Rejected: 0, Time: 00:00
2021-02-22 00:31:35: [Statistics] Ethereum last 10 min - Total: 0.000 H/s.
2021-02-22 00:31:38: <info>  New job from eth-eu1.nanopool.org:9433
2021-02-22 00:31:38: [Statistics] Ethereum - Total speed: 0.000 H/s, Total shares: 0 Rejected: 0, Time: 00:02
2021-02-22 00:31:38: [Statistics] GPU0 t=44°C fan 40% power 81.74W. Total power: 81.74W
2021-02-22 00:31:39: <info>  Terminating, please wait ...
