2021-02-15 13:07:45: <info>                                    _                 
2021-02-15 13:07:45: <info>  _ __   __ _ _ __   ___  _ __ ___ (_)_ __   ___ _ __ 
2021-02-15 13:07:45: <info> | '_ \ / _` | '_ \ / _ \| '_ ` _ \| | '_ \ / _ \ '__|
2021-02-15 13:07:45: <info> | | | | (_| | | | | (_) | | | | | | | | | |  __/ |   
2021-02-15 13:07:45: <info> |_| |_|\__,_|_| |_|\___/|_| |_| |_|_|_| |_|\___|_|   
2021-02-15 13:07:45: <info> 
2021-02-15 13:07:45: <info> Version 3.2.2-cuda11
2021-02-15 13:07:45: <info>  Started EthMan server on port 3333 without a password (read-only mode).
2021-02-15 13:07:45: <info>  Started web interface on port 9090 without a password.
2021-02-15 13:07:45: <info>  CUDA driver version is 11.2, runtime version is 11.1
2021-02-15 13:07:45: <info> Single device detected
2021-02-15 13:07:45: <info> GPU 0 PCI 01:00.0, Platform: CUDA, Name: GeForce RTX 3070, 8192 MB available
2021-02-15 13:07:45: <info> -------------------Ethash:------------------
2021-02-15 13:07:45: <info> Currency: Ethereum
2021-02-15 13:07:45: <info> Wallet: wallet
2021-02-15 13:07:45: <info> Rig name: ferris
2021-02-15 13:07:45: <info> Email: email
2021-02-15 13:07:45: <info> Hashrate threshold to restart miner is not set
2021-02-15 13:07:45: <info> Added pool: eth-eu2.nanopool.org:9433
2021-02-15 13:07:45: <info> Added pool: eth-eu1.nanopool.org:9433
2021-02-15 13:07:45: <info> Added pool: eth-us-east1.nanopool.org:9433
2021-02-15 13:07:45: <info> Added pool: eth-us-west1.nanopool.org:9433
2021-02-15 13:07:45: <info> Added pool: eth-jp1.nanopool.org:9433
2021-02-15 13:07:45: <info> Added pool: eth-au1.nanopool.org:9433
2021-02-15 13:07:45: <info> Added pool: eth-asia1.nanopool.org:9433
2021-02-15 13:07:45: <info> Auto pool sorting is enabled
2021-02-15 13:07:45: <info> Using all GPU devices
2021-02-15 13:07:45: <info> Memory tweak: 1
2021-02-15 13:07:45: <info> -------------Common parameters:-------------
2021-02-15 13:07:45: <info> Log path: ./logs/
2021-02-15 13:07:45: <info> Log is written to file
2021-02-15 13:07:45: <info> GPU watchdog is enabled
2021-02-15 13:07:45: <info> Never calling reboot.bat (always restarting the miner in case of errors). 
2021-02-15 13:07:45: <info>  Setting up algorithm: Ethash
2021-02-15 13:07:46: <info>  Connecting to pools...
2021-02-15 13:07:47: <info>  Connected to pool: eth-eu2.nanopool.org:9433 | IP: 51.255.34.79 | ping: 114 ms.
2021-02-15 13:07:47: <info>  New job from eth-eu2.nanopool.org:9433 | share difficulty = 10000 MH, epoch 395 (4183 MB)
2021-02-15 13:07:47: [Statistics] Ethereum - Total speed: 0.000 H/s, Total shares: 0 Rejected: 0, Time: 00:01
2021-02-15 13:07:47: [Statistics] GPU0 t=36°C fan 31% power 47.07W. Total power: 47.07W
2021-02-15 13:07:47: <info>  New job from eth-eu2.nanopool.org:9433
2021-02-15 13:07:47: [Statistics] Ethereum - Total speed: 0.000 H/s, Total shares: 0 Rejected: 0, Time: 00:01
2021-02-15 13:07:47: [Statistics] Ethereum last 10 min - Total: 0.000 H/s.
2021-02-15 13:07:48: <info>  New job from eth-eu2.nanopool.org:9433
2021-02-15 13:07:48: [Statistics] Ethereum - Total speed: 0.000 H/s, Total shares: 0 Rejected: 0, Time: 00:03
2021-02-15 13:07:48: [Statistics] GPU0 t=36°C fan 31% power 46.58W. Total power: 46.58W
2021-02-15 13:07:51: <info>  New job from eth-eu2.nanopool.org:9433
2021-02-15 13:07:51: [Statistics] Ethereum - Total speed: 0.000 H/s, Total shares: 0 Rejected: 0, Time: 00:06
2021-02-15 13:07:52: <info>  Terminating, please wait ...
