2021-02-15 14:03:26: <info>                                    _                 
2021-02-15 14:03:26: <info>  _ __   __ _ _ __   ___  _ __ ___ (_)_ __   ___ _ __ 
2021-02-15 14:03:26: <info> | '_ \ / _` | '_ \ / _ \| '_ ` _ \| | '_ \ / _ \ '__|
2021-02-15 14:03:26: <info> | | | | (_| | | | | (_) | | | | | | | | | |  __/ |   
2021-02-15 14:03:26: <info> |_| |_|\__,_|_| |_|\___/|_| |_| |_|_|_| |_|\___|_|   
2021-02-15 14:03:26: <info> 
2021-02-15 14:03:26: <info> Version 3.2.2-cuda11
2021-02-15 14:03:26: <info>  Started EthMan server on port 3333 with a password (read-only mode).
2021-02-15 14:03:26: <info>  Started web interface on port 9090 with a password.
2021-02-15 14:03:26: <info>  CUDA driver version is 11.2, runtime version is 11.1
2021-02-15 14:03:26: <info> Single device detected
2021-02-15 14:03:26: <info> GPU 0 PCI 01:00.0, Platform: CUDA, Name: GeForce RTX 3070, 8192 MB available
2021-02-15 14:03:26: <info> -------------------Ethash:------------------
2021-02-15 14:03:26: <info> Currency: Ethereum
2021-02-15 14:03:26: <info> Wallet: wallet
2021-02-15 14:03:26: <info> Rig name: ferris
2021-02-15 14:03:26: <info> Email: email
2021-02-15 14:03:26: <info> Hashrate threshold to restart miner: 50.00 MH/s
2021-02-15 14:03:26: <info> Added pool: eth-eu1.nanopool.org:9433
2021-02-15 14:03:26: <info> Added pool: eth-eu2.nanopool.org:9433
2021-02-15 14:03:26: <info> Added pool: eth-us-east1.nanopool.org:9433
2021-02-15 14:03:26: <info> Added pool: eth-us-west1.nanopool.org:9433
2021-02-15 14:03:26: <info> Added pool: eth-asia1.nanopool.org:9433
2021-02-15 14:03:26: <info> Added pool: eth-au1.nanopool.org:9433
2021-02-15 14:03:26: <info> Added pool: eth-jp1.nanopool.org:9433
2021-02-15 14:03:26: <info> Auto pool sorting is enabled
2021-02-15 14:03:26: <info> Using all GPU devices
2021-02-15 14:03:26: <info> Memory tweak: 1
2021-02-15 14:03:26: <info> -------------Common parameters:-------------
2021-02-15 14:03:26: <info> Log path: ./logs/
2021-02-15 14:03:26: <info> Log is written to file
2021-02-15 14:03:26: <info> GPU watchdog is enabled
2021-02-15 14:03:26: <info> Restart count before calling reboot.bat: 10
2021-02-15 14:03:26: <info>  Setting up algorithm: Ethash
2021-02-15 14:03:27: <info>  Connecting to pools...
2021-02-15 14:03:28: <info>  Connected to pool: eth-eu1.nanopool.org:9433 | IP: 51.15.39.186 | ping: 88 ms.
2021-02-15 14:03:28: <info>  New job from eth-eu1.nanopool.org:9433 | share difficulty = 10000 MH, epoch 395 (4183 MB)
2021-02-15 14:03:28: [Statistics] Ethereum - Total speed: 0.000 H/s, Total shares: 0 Rejected: 0, Time: 00:01
2021-02-15 14:03:28: [Statistics] GPU0 t=36°C fan 31% power 45.09W. Total power: 45.09W
2021-02-15 14:03:28: <info>  New job from eth-eu1.nanopool.org:9433
2021-02-15 14:03:28: [Statistics] Ethereum - Total speed: 0.000 H/s, Total shares: 0 Rejected: 0, Time: 00:01
2021-02-15 14:03:28: [Statistics] Ethereum last 10 min - Total: 0.000 H/s.
2021-02-15 14:03:30: <info>  New job from eth-eu1.nanopool.org:9433
2021-02-15 14:03:30: [Statistics] Ethereum - Total speed: 0.000 H/s, Total shares: 0 Rejected: 0, Time: 00:04
2021-02-15 14:03:30: [Statistics] GPU0 t=41°C fan 31% power 58.79W. Total power: 58.79W
2021-02-15 14:03:33: <info>  New job from eth-eu1.nanopool.org:9433
2021-02-15 14:03:33: [Statistics] Ethereum - Total speed: 0.000 H/s, Total shares: 0 Rejected: 0, Time: 00:07
2021-02-15 14:03:34: <info>  GPU0: 4183 MB DAG generated in 3.69 seconds
2021-02-15 14:03:36: <info>  New job from eth-eu1.nanopool.org:9433
2021-02-15 14:03:36: [Statistics] Ethereum - Total speed: 49.958 MH/s, Total shares: 0 Rejected: 0, Time: 00:10
2021-02-15 14:03:36: [Statistics] GPU0 t=51°C fan 31% power 192.25W. Total power: 192.25W
2021-02-15 14:03:39: <info>  New job from eth-eu1.nanopool.org:9433
2021-02-15 14:03:39: [Statistics] Ethereum - Total speed: 50.060 MH/s, Total shares: 0 Rejected: 0, Time: 00:13
2021-02-15 14:03:39: [Statistics] Ethereum last 10 min - Total: 50.009 MH/s.
2021-02-15 14:03:42: <info>  New job from eth-eu1.nanopool.org:9433
2021-02-15 14:03:42: [Statistics] Ethereum - Total speed: 50.153 MH/s, Total shares: 0 Rejected: 0, Time: 00:16
2021-02-15 14:03:42: [Statistics] GPU0 t=53°C fan 30% power 190.68W. Total power: 190.68W
2021-02-15 14:03:45: <info>  New job from eth-eu1.nanopool.org:9433
2021-02-15 14:03:45: [Statistics] Ethereum - Total speed: 50.104 MH/s, Total shares: 0 Rejected: 0, Time: 00:19
2021-02-15 14:03:48: <info>  New job from eth-eu1.nanopool.org:9433
2021-02-15 14:03:48: [Statistics] Ethereum - Total speed: 49.989 MH/s, Total shares: 0 Rejected: 0, Time: 00:22
2021-02-15 14:03:48: [Statistics] GPU0 t=55°C fan 30% power 194.59W. Total power: 194.59W
2021-02-15 14:03:50: <info>  New job from eth-eu1.nanopool.org:9433
2021-02-15 14:03:50: [Statistics] Ethereum - Total speed: 50.085 MH/s, Total shares: 0 Rejected: 0, Time: 00:24
2021-02-15 14:03:50: [Statistics] Ethereum last 10 min - Total: 50.068 MH/s.
2021-02-15 14:03:51: <info>  New job from eth-eu1.nanopool.org:9433
2021-02-15 14:03:51: [Statistics] Ethereum - Total speed: 50.175 MH/s, Total shares: 0 Rejected: 0, Time: 00:24
2021-02-15 14:03:51: [Statistics] GPU0 t=56°C fan 31% power 194.98W. Total power: 194.98W
2021-02-15 14:03:51: <info>  New job from eth-eu1.nanopool.org:9433
2021-02-15 14:03:51: [Statistics] Ethereum - Total speed: 50.238 MH/s, Total shares: 0 Rejected: 0, Time: 00:24
2021-02-15 14:03:52: <info>  New job from eth-eu1.nanopool.org:9433
2021-02-15 14:03:52: [Statistics] Ethereum - Total speed: 50.305 MH/s, Total shares: 0 Rejected: 0, Time: 00:25
2021-02-15 14:03:52: [Statistics] GPU0 t=56°C fan 30% power 193.81W. Total power: 193.81W
2021-02-15 14:03:54: <info>  New job from eth-eu1.nanopool.org:9433
2021-02-15 14:03:54: [Statistics] Ethereum - Total speed: 50.267 MH/s, Total shares: 0 Rejected: 0, Time: 00:28
2021-02-15 14:03:54: [Statistics] Ethereum last 10 min - Total: 50.111 MH/s.
2021-02-15 14:03:55: <info>  New job from eth-eu1.nanopool.org:9433
2021-02-15 14:03:55: [Statistics] Ethereum - Total speed: 50.313 MH/s, Total shares: 0 Rejected: 0, Time: 00:28
2021-02-15 14:03:55: [Statistics] GPU0 t=56°C fan 31% power 195.42W. Total power: 195.42W
2021-02-15 14:03:55: <info>  New job from eth-eu1.nanopool.org:9433
2021-02-15 14:03:55: [Statistics] Ethereum - Total speed: 50.365 MH/s, Total shares: 0 Rejected: 0, Time: 00:28
2021-02-15 14:03:59: <info>  New job from eth-eu1.nanopool.org:9433
2021-02-15 14:03:59: [Statistics] Ethereum - Total speed: 50.398 MH/s, Total shares: 0 Rejected: 0, Time: 00:32
2021-02-15 14:03:59: [Statistics] GPU0 t=57°C fan 30% power 196.16W. Total power: 196.16W
2021-02-15 14:04:01: <info>  New job from eth-eu1.nanopool.org:9433
2021-02-15 14:04:01: [Statistics] Ethereum - Total speed: 50.459 MH/s, Total shares: 0 Rejected: 0, Time: 00:34
2021-02-15 14:04:01: [Statistics] Ethereum last 10 min - Total: 50.186 MH/s.
2021-02-15 14:04:04: <info>  New job from eth-eu1.nanopool.org:9433
2021-02-15 14:04:04: [Statistics] Ethereum - Total speed: 50.507 MH/s, Total shares: 0 Rejected: 0, Time: 00:37
2021-02-15 14:04:04: [Statistics] GPU0 t=58°C fan 31% power 196.79W. Total power: 196.79W
2021-02-15 14:04:06: <info>  Terminating, please wait ...
