2021-02-15 13:35:47: <info>                                    _                 
2021-02-15 13:35:47: <info>  _ __   __ _ _ __   ___  _ __ ___ (_)_ __   ___ _ __ 
2021-02-15 13:35:47: <info> | '_ \ / _` | '_ \ / _ \| '_ ` _ \| | '_ \ / _ \ '__|
2021-02-15 13:35:47: <info> | | | | (_| | | | | (_) | | | | | | | | | |  __/ |   
2021-02-15 13:35:47: <info> |_| |_|\__,_|_| |_|\___/|_| |_| |_|_|_| |_|\___|_|   
2021-02-15 13:35:47: <info> 
2021-02-15 13:35:47: <info> Version 3.2.2-cuda11
2021-02-15 13:35:47: <info>  Started EthMan server on port 3333 with a password (read-only mode).
2021-02-15 13:35:47: <info>  Started web interface on port 9090 with a password.
2021-02-15 13:35:47: <info>  CUDA driver version is 11.2, runtime version is 11.1
2021-02-15 13:35:47: <info> Single device detected
2021-02-15 13:35:47: <info> GPU 0 PCI 01:00.0, Platform: CUDA, Name: GeForce RTX 3070, 8192 MB available
2021-02-15 13:35:47: <info> -------------------Ethash:------------------
2021-02-15 13:35:47: <info> Currency: Ethereum
2021-02-15 13:35:47: <info> Wallet: wallet
2021-02-15 13:35:47: <info> Rig name: ferris
2021-02-15 13:35:47: <info> Email: email
2021-02-15 13:35:47: <info> Hashrate threshold to restart miner: 50.00 MH/s
2021-02-15 13:35:47: <info> Added pool: eth-eu2.nanopool.org:9433
2021-02-15 13:35:47: <info> Added pool: eth-eu1.nanopool.org:9433
2021-02-15 13:35:47: <info> Added pool: eth-us-east1.nanopool.org:9433
2021-02-15 13:35:47: <info> Added pool: eth-us-west1.nanopool.org:9433
2021-02-15 13:35:47: <info> Added pool: eth-asia1.nanopool.org:9433
2021-02-15 13:35:47: <info> Added pool: eth-jp1.nanopool.org:9433
2021-02-15 13:35:47: <info> Added pool: eth-au1.nanopool.org:9433
2021-02-15 13:35:47: <info> Auto pool sorting is enabled
2021-02-15 13:35:47: <info> Using all GPU devices
2021-02-15 13:35:47: <info> Memory tweak: 1
2021-02-15 13:35:47: <info> -------------Common parameters:-------------
2021-02-15 13:35:47: <info> Log path: ./logs/
2021-02-15 13:35:47: <info> Log is written to file
2021-02-15 13:35:47: <info> GPU watchdog is enabled
2021-02-15 13:35:47: <info> Restart count before calling reboot.bat: 10
2021-02-15 13:35:47: <info>  Setting up algorithm: Ethash
2021-02-15 13:35:48: <info>  Connecting to pools...
2021-02-15 13:35:48: <info>  Connected to pool: eth-eu2.nanopool.org:9433 | IP: 51.15.67.17 | ping: 44 ms.
2021-02-15 13:35:49: <info>  New job from eth-eu2.nanopool.org:9433 | share difficulty = 10000 MH, epoch 395 (4183 MB)
2021-02-15 13:35:49: [Statistics] Ethereum - Total speed: 0.000 H/s, Total shares: 0 Rejected: 0, Time: 00:01
2021-02-15 13:35:49: [Statistics] GPU0 t=43°C fan 31% power 46.16W. Total power: 46.16W
2021-02-15 13:35:49: <info>  New job from eth-eu2.nanopool.org:9433
2021-02-15 13:35:49: [Statistics] Ethereum - Total speed: 0.000 H/s, Total shares: 0 Rejected: 0, Time: 00:01
2021-02-15 13:35:49: [Statistics] Ethereum last 10 min - Total: 0.000 H/s.
2021-02-15 13:35:51: <info>  New job from eth-eu2.nanopool.org:9433
2021-02-15 13:35:51: [Statistics] Ethereum - Total speed: 0.000 H/s, Total shares: 0 Rejected: 0, Time: 00:03
2021-02-15 13:35:51: [Statistics] GPU0 t=43°C fan 31% power 46.06W. Total power: 46.06W
2021-02-15 13:35:54: <info>  New job from eth-eu2.nanopool.org:9433
2021-02-15 13:35:54: [Statistics] Ethereum - Total speed: 0.000 H/s, Total shares: 0 Rejected: 0, Time: 00:06
2021-02-15 13:35:55: <info>  GPU0: 4183 MB DAG generated in 3.67 seconds
2021-02-15 13:35:57: <info>  New job from eth-eu2.nanopool.org:9433
2021-02-15 13:35:57: [Statistics] Ethereum - Total speed: 50.667 MH/s, Total shares: 0 Rejected: 0, Time: 00:09
2021-02-15 13:35:57: [Statistics] GPU0 t=57°C fan 31% power 195.40W. Total power: 195.40W
2021-02-15 13:36:00: <info>  New job from eth-eu2.nanopool.org:9433
2021-02-15 13:36:00: [Statistics] Ethereum - Total speed: 50.696 MH/s, Total shares: 0 Rejected: 0, Time: 00:12
2021-02-15 13:36:00: [Statistics] Ethereum last 10 min - Total: 50.682 MH/s.
2021-02-15 13:36:03: <info>  New job from eth-eu2.nanopool.org:9433
2021-02-15 13:36:03: [Statistics] Ethereum - Total speed: 50.726 MH/s, Total shares: 0 Rejected: 0, Time: 00:15
2021-02-15 13:36:03: [Statistics] GPU0 t=58°C fan 31% power 196.46W. Total power: 196.46W
2021-02-15 13:36:06: <info>  New job from eth-eu2.nanopool.org:9433
2021-02-15 13:36:06: [Statistics] Ethereum - Total speed: 50.751 MH/s, Total shares: 0 Rejected: 0, Time: 00:18
2021-02-15 13:36:09: <info>  New job from eth-eu2.nanopool.org:9433
2021-02-15 13:36:15: [Statistics] Ethereum - Total speed: 50.689 MH/s, Total shares: 0 Rejected: 0, Time: 00:27
2021-02-15 13:36:15: [Statistics] GPU0 t=60°C fan 35% power 197.70W. Total power: 197.70W
2021-02-15 13:36:15: <info>  New job from eth-eu2.nanopool.org:9433
2021-02-15 13:36:15: [Statistics] Ethereum - Total speed: 50.702 MH/s, Total shares: 0 Rejected: 0, Time: 00:27
2021-02-15 13:36:15: [Statistics] Ethereum last 10 min - Total: 50.716 MH/s.
2021-02-15 13:36:15: <info>  New job from eth-eu2.nanopool.org:9433
2021-02-15 13:36:15: [Statistics] Ethereum - Total speed: 50.702 MH/s, Total shares: 0 Rejected: 0, Time: 00:27
2021-02-15 13:36:15: [Statistics] GPU0 t=60°C fan 35% power 197.70W. Total power: 197.70W
2021-02-15 13:36:15: <info>  New job from eth-eu2.nanopool.org:9433
2021-02-15 13:36:15: [Statistics] Ethereum - Total speed: 50.702 MH/s, Total shares: 0 Rejected: 0, Time: 00:27
2021-02-15 13:36:18: <info>  New job from eth-eu2.nanopool.org:9433
2021-02-15 13:36:18: [Statistics] Ethereum - Total speed: 50.733 MH/s, Total shares: 0 Rejected: 0, Time: 00:30
2021-02-15 13:36:18: [Statistics] GPU0 t=60°C fan 36% power 196.73W. Total power: 196.73W
2021-02-15 13:36:18: <info>  New job from eth-eu2.nanopool.org:9433
2021-02-15 13:36:18: [Statistics] Ethereum - Total speed: 50.700 MH/s, Total shares: 0 Rejected: 0, Time: 00:31
2021-02-15 13:36:18: [Statistics] Ethereum last 10 min - Total: 50.716 MH/s.
2021-02-15 13:36:20: <info>  New job from eth-eu2.nanopool.org:9433
2021-02-15 13:36:20: [Statistics] Ethereum - Total speed: 50.680 MH/s, Total shares: 0 Rejected: 0, Time: 00:32
2021-02-15 13:36:20: [Statistics] GPU0 t=61°C fan 37% power 198.97W. Total power: 198.97W
2021-02-15 13:36:21: <info>  New job from eth-eu2.nanopool.org:9433
2021-02-15 13:36:21: [Statistics] Ethereum - Total speed: 50.707 MH/s, Total shares: 0 Rejected: 0, Time: 00:34
2021-02-15 13:36:24: <info>  New job from eth-eu2.nanopool.org:9433
2021-02-15 13:36:24: [Statistics] Ethereum - Total speed: 50.732 MH/s, Total shares: 0 Rejected: 0, Time: 00:37
2021-02-15 13:36:24: [Statistics] GPU0 t=61°C fan 38% power 199.01W. Total power: 199.01W
2021-02-15 13:36:27: <info>  New job from eth-eu2.nanopool.org:9433
2021-02-15 13:36:27: [Statistics] Ethereum - Total speed: 50.722 MH/s, Total shares: 0 Rejected: 0, Time: 00:40
2021-02-15 13:36:27: [Statistics] Ethereum last 10 min - Total: 50.715 MH/s.
2021-02-15 13:36:31: <info>  New job from eth-eu2.nanopool.org:9433
2021-02-15 13:36:31: [Statistics] Ethereum - Total speed: 50.670 MH/s, Total shares: 0 Rejected: 0, Time: 00:43
2021-02-15 13:36:31: [Statistics] GPU0 t=62°C fan 40% power 198.81W. Total power: 198.81W
2021-02-15 13:36:33: <info>  New job from eth-eu2.nanopool.org:9433
2021-02-15 13:36:33: [Statistics] Ethereum - Total speed: 50.625 MH/s, Total shares: 0 Rejected: 0, Time: 00:46
2021-02-15 13:36:36: <info>  New job from eth-eu2.nanopool.org:9433
2021-02-15 13:36:36: [Statistics] Ethereum - Total speed: 50.613 MH/s, Total shares: 0 Rejected: 0, Time: 00:49
2021-02-15 13:36:36: [Statistics] GPU0 t=62°C fan 41% power 199.10W. Total power: 199.10W
2021-02-15 13:36:39: <info>  New job from eth-eu2.nanopool.org:9433
2021-02-15 13:36:39: [Statistics] Ethereum - Total speed: 50.601 MH/s, Total shares: 0 Rejected: 0, Time: 00:52
2021-02-15 13:36:39: [Statistics] Ethereum last 10 min - Total: 50.695 MH/s.
2021-02-15 13:36:42: <info>  New job from eth-eu2.nanopool.org:9433
2021-02-15 13:36:42: [Statistics] Ethereum - Total speed: 50.625 MH/s, Total shares: 0 Rejected: 0, Time: 00:55
2021-02-15 13:36:42: [Statistics] GPU0 t=63°C fan 42% power 200.05W. Total power: 200.05W
2021-02-15 13:36:44: <info>  New job from eth-eu2.nanopool.org:9433
2021-02-15 13:36:44: [Statistics] Ethereum - Total speed: 50.597 MH/s, Total shares: 0 Rejected: 0, Time: 00:56
2021-02-15 13:36:44: <info>  New job from eth-eu2.nanopool.org:9433
2021-02-15 13:36:44: [Statistics] Ethereum - Total speed: 50.597 MH/s, Total shares: 0 Rejected: 0, Time: 00:56
2021-02-15 13:36:44: [Statistics] GPU0 t=63°C fan 42% power 196.22W. Total power: 196.22W
2021-02-15 13:36:48: <info>  New job from eth-eu2.nanopool.org:9433
2021-02-15 13:36:48: [Statistics] Ethereum - Total speed: 50.415 MH/s, Total shares: 0 Rejected: 0, Time: 01:00
2021-02-15 13:36:48: [Statistics] Ethereum last 10 min - Total: 50.674 MH/s.
2021-02-15 13:36:50: <info>  New job from eth-eu2.nanopool.org:9433
2021-02-15 13:36:50: [Statistics] Ethereum - Total speed: 50.455 MH/s, Total shares: 0 Rejected: 0, Time: 01:03
2021-02-15 13:36:50: [Statistics] GPU0 t=63°C fan 43% power 198.98W. Total power: 198.98W
2021-02-15 13:36:52: <info>  Ethereum - SHARE FOUND (GPU: 0, nonce: 0xb027b1ab9e98380c).
2021-02-15 13:36:52: <info> Ethereum: share accepted (56 ms)!
2021-02-15 13:36:53: <info>  New job from eth-eu2.nanopool.org:9433
2021-02-15 13:36:53: [Statistics] Ethereum - Total speed: 50.383 MH/s, Total shares: 1 Rejected: 0, Time: 01:06
2021-02-15 13:36:56: <info>  New job from eth-eu2.nanopool.org:9433
2021-02-15 13:36:56: [Statistics] Ethereum - Total speed: 50.289 MH/s, Total shares: 1 Rejected: 0, Time: 01:08
2021-02-15 13:36:56: [Statistics] GPU0 t=63°C fan 44% power 201.71W. Total power: 201.71W
2021-02-15 13:36:57: <info>  Ethereum - SHARE FOUND (GPU: 0, nonce: 0xda7687e52aac50f7).
2021-02-15 13:36:57: <info> Ethereum: share accepted (68 ms)!
2021-02-15 13:36:59: <info>  New job from eth-eu2.nanopool.org:9433
2021-02-15 13:36:59: [Statistics] Ethereum - Total speed: 50.349 MH/s, Total shares: 2 Rejected: 0, Time: 01:11
2021-02-15 13:36:59: [Statistics] Ethereum last 10 min - Total: 50.620 MH/s.
2021-02-15 13:37:02: <info>  New job from eth-eu2.nanopool.org:9433
2021-02-15 13:37:02: [Statistics] Ethereum - Total speed: 50.232 MH/s, Total shares: 2 Rejected: 0, Time: 01:15
2021-02-15 13:37:02: [Statistics] GPU0 t=64°C fan 45% power 202.44W. Total power: 202.44W
2021-02-15 13:37:05: <info>  New job from eth-eu2.nanopool.org:9433
2021-02-15 13:37:05: [Statistics] Ethereum - Total speed: 50.311 MH/s, Total shares: 2 Rejected: 0, Time: 01:18
2021-02-15 13:37:06: <info>  New job from eth-eu2.nanopool.org:9433
2021-02-15 13:37:06: [Statistics] Ethereum - Total speed: 50.279 MH/s, Total shares: 2 Rejected: 0, Time: 01:18
2021-02-15 13:37:06: [Statistics] GPU0 t=64°C fan 45% power 196.31W. Total power: 196.31W
2021-02-15 13:37:08: <info>  New job from eth-eu2.nanopool.org:9433
2021-02-15 13:37:08: [Statistics] Ethereum - Total speed: 50.027 MH/s, Total shares: 2 Rejected: 0, Time: 01:20
2021-02-15 13:37:08: [Statistics] Ethereum last 10 min - Total: 50.576 MH/s.
2021-02-15 13:37:09: <info>  New job from eth-eu2.nanopool.org:9433
2021-02-15 13:37:09: [Statistics] Ethereum - Total speed: 49.775 MH/s, Total shares: 2 Rejected: 0, Time: 01:22
2021-02-15 13:37:09: [Statistics] GPU0 t=64°C fan 45% power 201.26W. Total power: 201.26W
2021-02-15 13:37:12: <info>  New job from eth-eu2.nanopool.org:9433
2021-02-15 13:37:12: [Statistics] Ethereum - Total speed: 49.797 MH/s, Total shares: 2 Rejected: 0, Time: 01:24
2021-02-15 13:37:15: <info>  New job from eth-eu2.nanopool.org:9433
2021-02-15 13:37:15: [Statistics] Ethereum - Total speed: 50.478 MH/s, Total shares: 2 Rejected: 0, Time: 01:27
2021-02-15 13:37:15: [Statistics] GPU0 t=57°C fan 34% power 123.02W. Total power: 123.02W
2021-02-15 13:37:17: <info>  New job from eth-eu2.nanopool.org:9433
2021-02-15 13:37:17: [Statistics] Ethereum - Total speed: 51.271 MH/s, Total shares: 2 Rejected: 0, Time: 01:29
2021-02-15 13:37:17: [Statistics] Ethereum last 10 min - Total: 50.530 MH/s.
2021-02-15 13:37:20: <info>  New job from eth-eu2.nanopool.org:9433
2021-02-15 13:37:20: [Statistics] Ethereum - Total speed: 52.053 MH/s, Total shares: 2 Rejected: 0, Time: 01:32
2021-02-15 13:37:20: [Statistics] GPU0 t=56°C fan 31% power 123.06W. Total power: 123.06W
2021-02-15 13:37:23: <info>  New job from eth-eu2.nanopool.org:9433
2021-02-15 13:37:23: [Statistics] Ethereum - Total speed: 52.772 MH/s, Total shares: 2 Rejected: 0, Time: 01:35
2021-02-15 13:37:26: <info>  New job from eth-eu2.nanopool.org:9433
2021-02-15 13:37:26: [Statistics] Ethereum - Total speed: 53.325 MH/s, Total shares: 2 Rejected: 0, Time: 01:38
2021-02-15 13:37:26: [Statistics] GPU0 t=56°C fan 31% power 122.99W. Total power: 122.99W
2021-02-15 13:37:29: <info>  New job from eth-eu2.nanopool.org:9433
2021-02-15 13:37:29: [Statistics] Ethereum - Total speed: 54.034 MH/s, Total shares: 2 Rejected: 0, Time: 01:42
2021-02-15 13:37:29: [Statistics] Ethereum last 10 min - Total: 50.823 MH/s.
2021-02-15 13:37:32: <info>  New job from eth-eu2.nanopool.org:9433
2021-02-15 13:37:32: [Statistics] Ethereum - Total speed: 54.619 MH/s, Total shares: 2 Rejected: 0, Time: 01:44
2021-02-15 13:37:32: [Statistics] GPU0 t=56°C fan 31% power 123.17W. Total power: 123.17W
2021-02-15 13:37:32: <info>  New job from eth-eu2.nanopool.org:9433
2021-02-15 13:37:32: [Statistics] Ethereum - Total speed: 55.123 MH/s, Total shares: 2 Rejected: 0, Time: 01:44
2021-02-15 13:37:35: <info>  New job from eth-eu2.nanopool.org:9433
2021-02-15 13:37:35: [Statistics] Ethereum - Total speed: 55.621 MH/s, Total shares: 2 Rejected: 0, Time: 01:47
2021-02-15 13:37:35: [Statistics] GPU0 t=56°C fan 31% power 123.21W. Total power: 123.21W
2021-02-15 13:37:38: <info>  New job from eth-eu2.nanopool.org:9433
2021-02-15 13:37:38: [Statistics] Ethereum - Total speed: 56.101 MH/s, Total shares: 2 Rejected: 0, Time: 01:50
2021-02-15 13:37:38: [Statistics] Ethereum last 10 min - Total: 51.184 MH/s.
2021-02-15 13:37:41: <info>  New job from eth-eu2.nanopool.org:9433
2021-02-15 13:37:41: [Statistics] Ethereum - Total speed: 56.535 MH/s, Total shares: 2 Rejected: 0, Time: 01:53
2021-02-15 13:37:41: [Statistics] GPU0 t=56°C fan 31% power 122.88W. Total power: 122.88W
2021-02-15 13:37:44: <info>  New job from eth-eu2.nanopool.org:9433
2021-02-15 13:37:44: [Statistics] Ethereum - Total speed: 56.767 MH/s, Total shares: 2 Rejected: 0, Time: 01:56
2021-02-15 13:37:46: <info>  New job from eth-eu2.nanopool.org:9433
2021-02-15 13:37:46: [Statistics] Ethereum - Total speed: 57.111 MH/s, Total shares: 2 Rejected: 0, Time: 01:59
2021-02-15 13:37:46: [Statistics] GPU0 t=55°C fan 31% power 123.15W. Total power: 123.15W
2021-02-15 13:37:54: <info>  New job from eth-eu2.nanopool.org:9433
2021-02-15 13:37:54: [Statistics] Ethereum - Total speed: 57.400 MH/s, Total shares: 2 Rejected: 0, Time: 02:06
2021-02-15 13:37:54: [Statistics] Ethereum last 10 min - Total: 51.993 MH/s.
2021-02-15 13:37:54: <info>  New job from eth-eu2.nanopool.org:9433
2021-02-15 13:37:54: [Statistics] Ethereum - Total speed: 57.375 MH/s, Total shares: 2 Rejected: 0, Time: 02:07
2021-02-15 13:37:54: [Statistics] GPU0 t=55°C fan 31% power 122.91W. Total power: 122.91W
2021-02-15 13:37:58: <info>  New job from eth-eu2.nanopool.org:9433
2021-02-15 13:37:58: [Statistics] Ethereum - Total speed: 57.607 MH/s, Total shares: 2 Rejected: 0, Time: 02:10
2021-02-15 13:38:00: <info>  New job from eth-eu2.nanopool.org:9433
2021-02-15 13:38:00: [Statistics] Ethereum - Total speed: 57.732 MH/s, Total shares: 2 Rejected: 0, Time: 02:12
2021-02-15 13:38:00: [Statistics] GPU0 t=55°C fan 31% power 122.75W. Total power: 122.75W
2021-02-15 13:38:02: <info>  New job from eth-eu2.nanopool.org:9433
2021-02-15 13:38:02: [Statistics] Ethereum - Total speed: 57.978 MH/s, Total shares: 2 Rejected: 0, Time: 02:14
2021-02-15 13:38:02: [Statistics] Ethereum last 10 min - Total: 52.341 MH/s.
2021-02-15 13:38:05: <info>  New job from eth-eu2.nanopool.org:9433
2021-02-15 13:38:05: [Statistics] Ethereum - Total speed: 58.209 MH/s, Total shares: 2 Rejected: 0, Time: 02:18
2021-02-15 13:38:05: [Statistics] GPU0 t=55°C fan 31% power 122.58W. Total power: 122.58W
2021-02-15 13:38:07: <info>  New job from eth-eu2.nanopool.org:9433
2021-02-15 13:38:07: [Statistics] Ethereum - Total speed: 58.348 MH/s, Total shares: 2 Rejected: 0, Time: 02:19
2021-02-15 13:38:09: <info> -------------------Ethash:------------------
2021-02-15 13:38:09: <info> Currency: Ethereum
2021-02-15 13:38:09: <info> Wallet: wallet
2021-02-15 13:38:09: <info> Rig name: ferris
2021-02-15 13:38:09: <info> Email: email
2021-02-15 13:38:09: <info> Hashrate threshold to restart miner: 50.00 MH/s
2021-02-15 13:38:09: <info> Added pool: eth-eu1.nanopool.org:9433
2021-02-15 13:38:09: <info> Added pool: eth-us-east1.nanopool.org:9433
2021-02-15 13:38:09: <info> Added pool: eth-us-west1.nanopool.org:9433
2021-02-15 13:38:09: <info> Added pool: eth-eu2.nanopool.org:9433
2021-02-15 13:38:09: <info> Added pool: eth-au1.nanopool.org:9433
2021-02-15 13:38:09: <info> Added pool: eth-asia1.nanopool.org:9433
2021-02-15 13:38:09: <info> Added pool: eth-jp1.nanopool.org:9433
2021-02-15 13:38:09: <info> Auto pool sorting is enabled
2021-02-15 13:38:09: <info> Using all GPU devices
2021-02-15 13:38:09: <info> Memory tweak: 1
2021-02-15 13:38:09: <info> -------------Common parameters:-------------
2021-02-15 13:38:09: <info> Log path: ./logs/
2021-02-15 13:38:09: <info> Log is written to file
2021-02-15 13:38:09: <info> GPU watchdog is enabled
2021-02-15 13:38:09: <info> Restart count before calling reboot.bat: 10
2021-02-15 13:38:09: <info>  Connecting to pools...
2021-02-15 13:38:09: <info>  Reconnected to pool: eth-eu1.nanopool.org:9433 | IP: 92.222.72.197 | ping: 96 ms.
2021-02-15 13:38:09: <info>  New job from eth-eu1.nanopool.org:9433
2021-02-15 13:38:09: [Statistics] Ethereum - Total speed: 58.299 MH/s, Total shares: 2 Rejected: 0, Time: 02:21
2021-02-15 13:38:09: [Statistics] GPU0 t=55°C fan 31% power 122.47W. Total power: 122.47W
2021-02-15 13:38:09: <info>  New job from eth-eu1.nanopool.org:9433
2021-02-15 13:38:09: [Statistics] Ethereum - Total speed: 58.299 MH/s, Total shares: 2 Rejected: 0, Time: 02:21
2021-02-15 13:38:09: [Statistics] Ethereum last 10 min - Total: 52.664 MH/s.
2021-02-15 13:38:10: <info>  New job from eth-eu1.nanopool.org:9433
2021-02-15 13:38:10: [Statistics] Ethereum - Total speed: 58.391 MH/s, Total shares: 2 Rejected: 0, Time: 02:22
2021-02-15 13:38:10: [Statistics] GPU0 t=55°C fan 31% power 123.06W. Total power: 123.06W
2021-02-15 13:38:13: <info>  New job from eth-eu1.nanopool.org:9433
2021-02-15 13:38:13: [Statistics] Ethereum - Total speed: 58.521 MH/s, Total shares: 2 Rejected: 0, Time: 02:25
2021-02-15 13:38:16: <info>  New job from eth-eu1.nanopool.org:9433
2021-02-15 13:38:16: [Statistics] Ethereum - Total speed: 58.638 MH/s, Total shares: 2 Rejected: 0, Time: 02:28
2021-02-15 13:38:16: [Statistics] GPU0 t=55°C fan 31% power 123.18W. Total power: 123.18W
2021-02-15 13:38:19: <info>  New job from eth-eu1.nanopool.org:9433
2021-02-15 13:38:19: [Statistics] Ethereum - Total speed: 58.635 MH/s, Total shares: 2 Rejected: 0, Time: 02:31
2021-02-15 13:38:19: [Statistics] Ethereum last 10 min - Total: 53.057 MH/s.
2021-02-15 13:38:22: <info>  New job from eth-eu1.nanopool.org:9433
2021-02-15 13:38:22: [Statistics] Ethereum - Total speed: 58.772 MH/s, Total shares: 2 Rejected: 0, Time: 02:34
2021-02-15 13:38:22: [Statistics] GPU0 t=55°C fan 31% power 122.66W. Total power: 122.66W
2021-02-15 13:38:25: <info>  New job from eth-eu1.nanopool.org:9433
2021-02-15 13:38:25: [Statistics] Ethereum - Total speed: 58.663 MH/s, Total shares: 2 Rejected: 0, Time: 02:37
2021-02-15 13:38:28: <info>  New job from eth-eu1.nanopool.org:9433
2021-02-15 13:38:28: [Statistics] Ethereum - Total speed: 58.333 MH/s, Total shares: 2 Rejected: 0, Time: 02:40
2021-02-15 13:38:28: [Statistics] GPU0 t=55°C fan 31% power 123.09W. Total power: 123.09W
2021-02-15 13:38:31: <info>  New job from eth-eu1.nanopool.org:9433
2021-02-15 13:38:31: [Statistics] Ethereum - Total speed: 58.515 MH/s, Total shares: 2 Rejected: 0, Time: 02:43
2021-02-15 13:38:31: [Statistics] Ethereum last 10 min - Total: 53.487 MH/s.
2021-02-15 13:38:31: <info> -------------------Ethash:------------------
2021-02-15 13:38:31: <info> Currency: Ethereum
2021-02-15 13:38:31: <info> Wallet: wallet
2021-02-15 13:38:31: <info> Rig name: ferris
2021-02-15 13:38:31: <info> Email: email
2021-02-15 13:38:31: <info> Hashrate threshold to restart miner: 50.00 MH/s
2021-02-15 13:38:31: <info> Added pool: eth-eu1.nanopool.org:9433
2021-02-15 13:38:31: <info> Added pool: eth-eu2.nanopool.org:9433
2021-02-15 13:38:31: <info> Added pool: eth-us-east1.nanopool.org:9433
2021-02-15 13:38:31: <info> Added pool: eth-us-west1.nanopool.org:9433
2021-02-15 13:38:31: <info> Added pool: eth-au1.nanopool.org:9433
2021-02-15 13:38:31: <info> Added pool: eth-asia1.nanopool.org:9433
2021-02-15 13:38:31: <info> Added pool: eth-jp1.nanopool.org:9433
2021-02-15 13:38:31: <info> Auto pool sorting is enabled
2021-02-15 13:38:31: <info> Using all GPU devices
2021-02-15 13:38:31: <info> Memory tweak: 2
2021-02-15 13:38:31: <info> -------------Common parameters:-------------
2021-02-15 13:38:31: <info> Log path: ./logs/
2021-02-15 13:38:31: <info> Log is written to file
2021-02-15 13:38:31: <info> GPU watchdog is enabled
2021-02-15 13:38:31: <info> Restart count before calling reboot.bat: 10
2021-02-15 13:38:31: <info>  Connecting to pools...
2021-02-15 13:38:31: <info>  Reconnected to pool: eth-eu1.nanopool.org:9433 | IP: 92.222.72.197 | ping: 58 ms.
2021-02-15 13:38:31: <info>  New job from eth-eu1.nanopool.org:9433
2021-02-15 13:38:31: [Statistics] Ethereum - Total speed: 58.613 MH/s, Total shares: 2 Rejected: 0, Time: 02:43
2021-02-15 13:38:31: [Statistics] GPU0 t=55°C fan 31% power 122.78W. Total power: 122.78W
2021-02-15 13:38:31: <info>  New job from eth-eu1.nanopool.org:9433
2021-02-15 13:38:31: [Statistics] Ethereum - Total speed: 58.613 MH/s, Total shares: 2 Rejected: 0, Time: 02:43
2021-02-15 13:38:32: <info>  New job from eth-eu1.nanopool.org:9433
2021-02-15 13:38:32: [Statistics] Ethereum - Total speed: 58.266 MH/s, Total shares: 2 Rejected: 0, Time: 02:45
2021-02-15 13:38:32: [Statistics] GPU0 t=55°C fan 31% power 123.15W. Total power: 123.15W
2021-02-15 13:38:37: <info>  Ethereum - SHARE FOUND (GPU: 0, nonce: 0x2dfc0fe42708350e).
2021-02-15 13:38:37: <info> Ethereum: share accepted (30 ms)!
2021-02-15 13:38:42: <info>  New job from eth-eu1.nanopool.org:9433
2021-02-15 13:38:42: [Statistics] Ethereum - Total speed: 58.464 MH/s, Total shares: 3 Rejected: 0, Time: 02:54
2021-02-15 13:38:42: [Statistics] Ethereum last 10 min - Total: 53.821 MH/s.
2021-02-15 13:38:47: <info>  New job from eth-eu1.nanopool.org:9433
2021-02-15 13:38:47: [Statistics] Ethereum - Total speed: 58.458 MH/s, Total shares: 3 Rejected: 0, Time: 03:00
2021-02-15 13:38:47: [Statistics] GPU0 t=55°C fan 31% power 122.99W. Total power: 122.99W
2021-02-15 13:38:55: <info>  New job from eth-eu1.nanopool.org:9433
2021-02-15 13:38:55: [Statistics] Ethereum - Total speed: 58.537 MH/s, Total shares: 3 Rejected: 0, Time: 03:08
2021-02-15 13:38:57: <info>  New job from eth-eu1.nanopool.org:9433
2021-02-15 13:38:57: [Statistics] Ethereum - Total speed: 58.614 MH/s, Total shares: 3 Rejected: 0, Time: 03:09
2021-02-15 13:38:57: [Statistics] GPU0 t=54°C fan 31% power 122.92W. Total power: 122.92W
2021-02-15 13:39:22: <info> -------------------Ethash:------------------
2021-02-15 13:39:22: <info> Currency: Ethereum
2021-02-15 13:39:22: <info> Wallet: wallet
2021-02-15 13:39:22: <info> Rig name: ferris
2021-02-15 13:39:22: <info> Email: email
2021-02-15 13:39:22: <info> Hashrate threshold to restart miner: 50.00 MH/s
2021-02-15 13:39:22: <info> Added pool: eth-eu1.nanopool.org:9433
2021-02-15 13:39:22: <info> Added pool: eth-eu2.nanopool.org:9433
2021-02-15 13:39:22: <info> Added pool: eth-us-east1.nanopool.org:9433
2021-02-15 13:39:22: <info> Added pool: eth-us-west1.nanopool.org:9433
2021-02-15 13:39:22: <info> Added pool: eth-jp1.nanopool.org:9433
2021-02-15 13:39:22: <info> Added pool: eth-au1.nanopool.org:9433
2021-02-15 13:39:22: <info> Added pool: eth-asia1.nanopool.org:9433
2021-02-15 13:39:22: <info> Auto pool sorting is enabled
2021-02-15 13:39:22: <info> Using all GPU devices
2021-02-15 13:39:22: <info> Memory tweak: 2
2021-02-15 13:39:22: <info> -------------Common parameters:-------------
2021-02-15 13:39:22: <info> Log path: ./logs/
2021-02-15 13:39:22: <info> Log is written to file
2021-02-15 13:39:22: <info> GPU watchdog is enabled
2021-02-15 13:39:22: <info> Restart count before calling reboot.bat: 10
2021-02-15 13:39:22: <info>  Connecting to pools...
2021-02-15 13:39:22: <info>  Reconnected to pool: eth-eu1.nanopool.org:9433 | IP: 92.222.72.197 | ping: 75 ms.
2021-02-15 13:39:23: <info>  New job from eth-eu1.nanopool.org:9433
2021-02-15 13:39:23: [Statistics] Ethereum - Total speed: 58.683 MH/s, Total shares: 3 Rejected: 0, Time: 03:35
2021-02-15 13:39:23: [Statistics] Ethereum last 10 min - Total: 54.762 MH/s.
2021-02-15 13:39:23: <info>  New job from eth-eu1.nanopool.org:9433
2021-02-15 13:39:23: [Statistics] Ethereum - Total speed: 58.683 MH/s, Total shares: 3 Rejected: 0, Time: 03:35
2021-02-15 13:39:23: [Statistics] GPU0 t=53°C fan 31% power 109.52W. Total power: 109.52W
2021-02-15 13:39:24: <info>  New job from eth-eu1.nanopool.org:9433
2021-02-15 13:39:24: [Statistics] Ethereum - Total speed: 58.058 MH/s, Total shares: 3 Rejected: 0, Time: 03:36
2021-02-15 13:39:27: <info>  New job from eth-eu1.nanopool.org:9433
2021-02-15 13:39:27: [Statistics] Ethereum - Total speed: 57.281 MH/s, Total shares: 3 Rejected: 0, Time: 03:39
2021-02-15 13:39:27: [Statistics] GPU0 t=52°C fan 31% power 109.83W. Total power: 109.83W
2021-02-15 13:39:30: <info>  New job from eth-eu1.nanopool.org:9433
2021-02-15 13:39:30: [Statistics] Ethereum - Total speed: 56.641 MH/s, Total shares: 3 Rejected: 0, Time: 03:42
2021-02-15 13:39:30: [Statistics] Ethereum last 10 min - Total: 54.852 MH/s.
2021-02-15 13:39:32: <info>  New job from eth-eu1.nanopool.org:9433
2021-02-15 13:39:32: [Statistics] Ethereum - Total speed: 56.079 MH/s, Total shares: 3 Rejected: 0, Time: 03:45
2021-02-15 13:39:32: [Statistics] GPU0 t=52°C fan 31% power 109.83W. Total power: 109.83W
2021-02-15 13:39:35: <info>  New job from eth-eu1.nanopool.org:9433
2021-02-15 13:39:35: [Statistics] Ethereum - Total speed: 55.541 MH/s, Total shares: 3 Rejected: 0, Time: 03:48
2021-02-15 13:39:39: <info>  New job from eth-eu1.nanopool.org:9433
2021-02-15 13:39:39: [Statistics] Ethereum - Total speed: 55.077 MH/s, Total shares: 3 Rejected: 0, Time: 03:51
2021-02-15 13:39:39: [Statistics] GPU0 t=53°C fan 31% power 120.53W. Total power: 120.53W
2021-02-15 13:39:41: <info>  New job from eth-eu1.nanopool.org:9433
2021-02-15 13:39:41: [Statistics] Ethereum - Total speed: 54.812 MH/s, Total shares: 3 Rejected: 0, Time: 03:54
2021-02-15 13:39:41: [Statistics] Ethereum last 10 min - Total: 54.892 MH/s.
2021-02-15 13:39:45: <info>  New job from eth-eu1.nanopool.org:9433
2021-02-15 13:39:45: [Statistics] Ethereum - Total speed: 55.407 MH/s, Total shares: 3 Rejected: 0, Time: 03:57
2021-02-15 13:39:45: [Statistics] GPU0 t=54°C fan 31% power 119.35W. Total power: 119.35W
2021-02-15 13:39:46: <info>  New job from eth-eu1.nanopool.org:9433
2021-02-15 13:39:46: [Statistics] Ethereum - Total speed: 55.819 MH/s, Total shares: 3 Rejected: 0, Time: 03:58
2021-02-15 13:39:46: <info>  New job from eth-eu1.nanopool.org:9433
2021-02-15 13:39:46: [Statistics] Ethereum - Total speed: 56.123 MH/s, Total shares: 3 Rejected: 0, Time: 03:58
2021-02-15 13:39:46: [Statistics] GPU0 t=53°C fan 31% power 121.02W. Total power: 121.02W
2021-02-15 13:39:49: <info>  New job from eth-eu1.nanopool.org:9433
2021-02-15 13:39:49: [Statistics] Ethereum - Total speed: 56.617 MH/s, Total shares: 3 Rejected: 0, Time: 04:01
2021-02-15 13:39:49: [Statistics] Ethereum last 10 min - Total: 54.916 MH/s.
2021-02-15 13:39:52: <info>  New job from eth-eu1.nanopool.org:9433
2021-02-15 13:39:52: [Statistics] Ethereum - Total speed: 57.055 MH/s, Total shares: 3 Rejected: 0, Time: 04:04
2021-02-15 13:39:52: [Statistics] GPU0 t=53°C fan 31% power 121.20W. Total power: 121.20W
2021-02-15 13:39:55: <info>  New job from eth-eu1.nanopool.org:9433
2021-02-15 13:39:55: [Statistics] Ethereum - Total speed: 57.252 MH/s, Total shares: 3 Rejected: 0, Time: 04:07
2021-02-15 13:39:58: <info>  New job from eth-eu1.nanopool.org:9433
2021-02-15 13:39:58: [Statistics] Ethereum - Total speed: 57.445 MH/s, Total shares: 3 Rejected: 0, Time: 04:10
2021-02-15 13:39:58: [Statistics] GPU0 t=53°C fan 31% power 121.12W. Total power: 121.12W
2021-02-15 13:40:01: <info>  New job from eth-eu1.nanopool.org:9433
2021-02-15 13:40:01: [Statistics] Ethereum - Total speed: 57.486 MH/s, Total shares: 3 Rejected: 0, Time: 04:13
2021-02-15 13:40:01: [Statistics] Ethereum last 10 min - Total: 55.028 MH/s.
2021-02-15 13:40:04: <info>  New job from eth-eu1.nanopool.org:9433
2021-02-15 13:40:04: [Statistics] Ethereum - Total speed: 57.729 MH/s, Total shares: 3 Rejected: 0, Time: 04:16
2021-02-15 13:40:04: [Statistics] GPU0 t=53°C fan 31% power 121.05W. Total power: 121.05W
2021-02-15 13:40:07: <info>  New job from eth-eu1.nanopool.org:9433
2021-02-15 13:40:07: [Statistics] Ethereum - Total speed: 58.006 MH/s, Total shares: 3 Rejected: 0, Time: 04:19
2021-02-15 13:40:10: <info>  New job from eth-eu1.nanopool.org:9433
2021-02-15 13:40:10: [Statistics] Ethereum - Total speed: 58.229 MH/s, Total shares: 3 Rejected: 0, Time: 04:22
2021-02-15 13:40:10: [Statistics] GPU0 t=53°C fan 31% power 120.31W. Total power: 120.31W
2021-02-15 13:40:12: <info> -------------------Ethash:------------------
2021-02-15 13:40:12: <info> Currency: Ethereum
2021-02-15 13:40:12: <info> Wallet: wallet
2021-02-15 13:40:12: <info> Rig name: ferris
2021-02-15 13:40:12: <info> Email: email
2021-02-15 13:40:12: <info> Hashrate threshold to restart miner: 50.00 MH/s
2021-02-15 13:40:12: <info> Added pool: eth-eu1.nanopool.org:9433
2021-02-15 13:40:12: <info> Added pool: eth-us-east1.nanopool.org:9433
2021-02-15 13:40:12: <info> Added pool: eth-eu2.nanopool.org:9433
2021-02-15 13:40:12: <info> Added pool: eth-us-west1.nanopool.org:9433
2021-02-15 13:40:12: <info> Added pool: eth-asia1.nanopool.org:9433
2021-02-15 13:40:12: <info> Added pool: eth-au1.nanopool.org:9433
2021-02-15 13:40:12: <info> Added pool: eth-jp1.nanopool.org:9433
2021-02-15 13:40:12: <info> Auto pool sorting is enabled
2021-02-15 13:40:12: <info> Using all GPU devices
2021-02-15 13:40:12: <info> Memory tweak: 8
2021-02-15 13:40:12: <info> -------------Common parameters:-------------
2021-02-15 13:40:12: <info> Log path: ./logs/
2021-02-15 13:40:12: <info> Log is written to file
2021-02-15 13:40:12: <info> GPU watchdog is enabled
2021-02-15 13:40:12: <info> Restart count before calling reboot.bat: 10
2021-02-15 13:40:12: <info>  Connecting to pools...
2021-02-15 13:40:13: <info>  Reconnected to pool: eth-eu1.nanopool.org:9433 | IP: 92.222.72.197 | ping: 60 ms.
2021-02-15 13:40:13: <info>  New job from eth-eu1.nanopool.org:9433
2021-02-15 13:40:13: [Statistics] Ethereum - Total speed: 58.434 MH/s, Total shares: 3 Rejected: 0, Time: 04:25
2021-02-15 13:40:13: [Statistics] Ethereum last 10 min - Total: 55.165 MH/s.
2021-02-15 13:40:13: <info>  New job from eth-eu1.nanopool.org:9433
2021-02-15 13:40:13: [Statistics] Ethereum - Total speed: 58.434 MH/s, Total shares: 3 Rejected: 0, Time: 04:25
2021-02-15 13:40:13: [Statistics] GPU0 t=53°C fan 31% power 119.37W. Total power: 119.37W
2021-02-15 13:40:13: <info>  New job from eth-eu1.nanopool.org:9433
2021-02-15 13:40:13: [Statistics] Ethereum - Total speed: 58.532 MH/s, Total shares: 3 Rejected: 0, Time: 04:25
2021-02-15 13:40:16: <info>  New job from eth-eu1.nanopool.org:9433
2021-02-15 13:40:16: [Statistics] Ethereum - Total speed: 58.779 MH/s, Total shares: 3 Rejected: 0, Time: 04:28
2021-02-15 13:40:16: [Statistics] GPU0 t=54°C fan 31% power 120.43W. Total power: 120.43W
2021-02-15 13:40:19: <info>  New job from eth-eu1.nanopool.org:9433
2021-02-15 13:40:19: [Statistics] Ethereum - Total speed: 58.862 MH/s, Total shares: 3 Rejected: 0, Time: 04:31
2021-02-15 13:40:19: [Statistics] Ethereum last 10 min - Total: 55.247 MH/s.
2021-02-15 13:40:22: <info>  New job from eth-eu1.nanopool.org:9433
2021-02-15 13:40:22: [Statistics] Ethereum - Total speed: 58.887 MH/s, Total shares: 3 Rejected: 0, Time: 04:34
2021-02-15 13:40:22: [Statistics] GPU0 t=53°C fan 31% power 120.56W. Total power: 120.56W
2021-02-15 13:40:25: <info>  New job from eth-eu1.nanopool.org:9433
2021-02-15 13:40:25: [Statistics] Ethereum - Total speed: 58.875 MH/s, Total shares: 3 Rejected: 0, Time: 04:37
2021-02-15 13:40:28: <info>  New job from eth-eu1.nanopool.org:9433
2021-02-15 13:40:28: [Statistics] Ethereum - Total speed: 58.560 MH/s, Total shares: 3 Rejected: 0, Time: 04:40
2021-02-15 13:40:28: [Statistics] GPU0 t=53°C fan 31% power 121.22W. Total power: 121.22W
2021-02-15 13:40:31: <info>  New job from eth-eu1.nanopool.org:9433
2021-02-15 13:40:31: [Statistics] Ethereum - Total speed: 58.359 MH/s, Total shares: 3 Rejected: 0, Time: 04:43
2021-02-15 13:40:31: [Statistics] Ethereum last 10 min - Total: 55.400 MH/s.
2021-02-15 13:40:34: <info>  New job from eth-eu1.nanopool.org:9433
2021-02-15 13:40:34: [Statistics] Ethereum - Total speed: 58.489 MH/s, Total shares: 3 Rejected: 0, Time: 04:46
2021-02-15 13:40:34: [Statistics] GPU0 t=53°C fan 31% power 120.22W. Total power: 120.22W
2021-02-15 13:40:37: <info>  New job from eth-eu1.nanopool.org:9433
2021-02-15 13:40:37: [Statistics] Ethereum - Total speed: 58.606 MH/s, Total shares: 3 Rejected: 0, Time: 04:49
2021-02-15 13:40:40: <info>  New job from eth-eu1.nanopool.org:9433
2021-02-15 13:40:40: [Statistics] Ethereum - Total speed: 58.860 MH/s, Total shares: 3 Rejected: 0, Time: 04:52
2021-02-15 13:40:40: [Statistics] GPU0 t=53°C fan 31% power 120.21W. Total power: 120.21W
2021-02-15 13:40:43: <info>  New job from eth-eu1.nanopool.org:9433
2021-02-15 13:40:43: [Statistics] Ethereum - Total speed: 58.964 MH/s, Total shares: 3 Rejected: 0, Time: 04:55
2021-02-15 13:40:43: [Statistics] Ethereum last 10 min - Total: 55.537 MH/s.
2021-02-15 13:40:43: <info>  New job from eth-eu1.nanopool.org:9433
2021-02-15 13:40:43: [Statistics] Ethereum - Total speed: 59.021 MH/s, Total shares: 3 Rejected: 0, Time: 04:55
2021-02-15 13:40:43: [Statistics] GPU0 t=53°C fan 31% power 120.69W. Total power: 120.69W
2021-02-15 13:40:43: <info>  New job from eth-eu1.nanopool.org:9433
2021-02-15 13:40:43: [Statistics] Ethereum - Total speed: 59.195 MH/s, Total shares: 3 Rejected: 0, Time: 04:56
2021-02-15 13:40:46: <info>  New job from eth-eu1.nanopool.org:9433
2021-02-15 13:40:46: [Statistics] Ethereum - Total speed: 59.398 MH/s, Total shares: 3 Rejected: 0, Time: 04:58
2021-02-15 13:40:46: [Statistics] GPU0 t=53°C fan 31% power 120.99W. Total power: 120.99W
2021-02-15 13:40:49: <info>  New job from eth-eu1.nanopool.org:9433
2021-02-15 13:40:49: [Statistics] Ethereum - Total speed: 59.557 MH/s, Total shares: 3 Rejected: 0, Time: 05:01
2021-02-15 13:40:49: [Statistics] Ethereum last 10 min - Total: 55.623 MH/s.
2021-02-15 13:40:51: <info>  New job from eth-eu1.nanopool.org:9433
2021-02-15 13:40:51: [Statistics] Ethereum - Total speed: 59.734 MH/s, Total shares: 3 Rejected: 0, Time: 05:04
2021-02-15 13:40:51: [Statistics] GPU0 t=54°C fan 31% power 120.05W. Total power: 120.05W
2021-02-15 13:40:52: <info>  New job from eth-eu1.nanopool.org:9433
2021-02-15 13:40:52: [Statistics] Ethereum - Total speed: 59.676 MH/s, Total shares: 3 Rejected: 0, Time: 05:04
2021-02-15 13:40:55: <info>  New job from eth-eu1.nanopool.org:9433
2021-02-15 13:40:55: [Statistics] Ethereum - Total speed: 58.622 MH/s, Total shares: 3 Rejected: 0, Time: 05:07
2021-02-15 13:40:55: [Statistics] GPU0 t=53°C fan 31% power 120.83W. Total power: 120.83W
2021-02-15 13:40:58: <info>  New job from eth-eu1.nanopool.org:9433
2021-02-15 13:40:58: [Statistics] Ethereum - Total speed: 58.584 MH/s, Total shares: 3 Rejected: 0, Time: 05:10
2021-02-15 13:40:58: [Statistics] Ethereum last 10 min - Total: 55.720 MH/s.
2021-02-15 13:40:59: <info> -------------------Ethash:------------------
2021-02-15 13:40:59: <info> Currency: Ethereum
2021-02-15 13:40:59: <info> Wallet: wallet
2021-02-15 13:40:59: <info> Rig name: ferris
2021-02-15 13:40:59: <info> Email: email
2021-02-15 13:40:59: <info> Hashrate threshold to restart miner: 50.00 MH/s
2021-02-15 13:40:59: <info> Added pool: eth-eu1.nanopool.org:9433
2021-02-15 13:40:59: <info> Added pool: eth-eu2.nanopool.org:9433
2021-02-15 13:40:59: <info> Added pool: eth-us-east1.nanopool.org:9433
2021-02-15 13:40:59: <info> Added pool: eth-us-west1.nanopool.org:9433
2021-02-15 13:40:59: <info> Added pool: eth-au1.nanopool.org:9433
2021-02-15 13:40:59: <info> Added pool: eth-asia1.nanopool.org:9433
2021-02-15 13:40:59: <info> Added pool: eth-jp1.nanopool.org:9433
2021-02-15 13:40:59: <info> Auto pool sorting is enabled
2021-02-15 13:40:59: <info> Using all GPU devices
2021-02-15 13:40:59: <info> Memory tweak: 10
2021-02-15 13:40:59: <info> -------------Common parameters:-------------
2021-02-15 13:40:59: <info> Log path: ./logs/
2021-02-15 13:40:59: <info> Log is written to file
2021-02-15 13:40:59: <info> GPU watchdog is enabled
2021-02-15 13:40:59: <info> Restart count before calling reboot.bat: 10
2021-02-15 13:40:59: <info>  Connecting to pools...
2021-02-15 13:40:59: <info>  Reconnected to pool: eth-eu1.nanopool.org:9433 | IP: 213.32.74.230 | ping: 138 ms.
2021-02-15 13:40:59: <info>  New job from eth-eu1.nanopool.org:9433
2021-02-15 13:40:59: [Statistics] Ethereum - Total speed: 58.552 MH/s, Total shares: 3 Rejected: 0, Time: 05:11
2021-02-15 13:40:59: [Statistics] GPU0 t=53°C fan 31% power 120.23W. Total power: 120.23W
2021-02-15 13:40:59: <info>  New job from eth-eu1.nanopool.org:9433
2021-02-15 13:40:59: [Statistics] Ethereum - Total speed: 58.552 MH/s, Total shares: 3 Rejected: 0, Time: 05:11
2021-02-15 13:41:01: <info>  New job from eth-eu1.nanopool.org:9433
2021-02-15 13:41:01: [Statistics] Ethereum - Total speed: 58.704 MH/s, Total shares: 3 Rejected: 0, Time: 05:13
2021-02-15 13:41:01: [Statistics] GPU0 t=53°C fan 31% power 121.11W. Total power: 121.11W
2021-02-15 13:41:04: <info>  New job from eth-eu1.nanopool.org:9433
2021-02-15 13:41:04: [Statistics] Ethereum - Total speed: 58.923 MH/s, Total shares: 3 Rejected: 0, Time: 05:16
2021-02-15 13:41:04: [Statistics] Ethereum last 10 min - Total: 55.777 MH/s.
2021-02-15 13:41:07: <info>  New job from eth-eu1.nanopool.org:9433
2021-02-15 13:41:07: [Statistics] Ethereum - Total speed: 59.150 MH/s, Total shares: 3 Rejected: 0, Time: 05:19
2021-02-15 13:41:07: [Statistics] GPU0 t=53°C fan 31% power 121.01W. Total power: 121.01W
2021-02-15 13:41:08: <info>  Terminating, please wait ...
2021-02-15 13:41:10: <info>  New job from eth-eu1.nanopool.org:9433
2021-02-15 13:41:10: [Statistics] Ethereum - Total speed: 59.369 MH/s, Total shares: 3 Rejected: 0, Time: 05:22
2021-02-15 13:41:13: <info>  New job from eth-eu1.nanopool.org:9433
2021-02-15 13:41:13: [Statistics] Ethereum - Total speed: 59.501 MH/s, Total shares: 3 Rejected: 0, Time: 05:25
2021-02-15 13:41:13: [Statistics] GPU0 t=53°C fan 31% power 120.02W. Total power: 120.02W
