2021-02-13 14:17:36: <info>                                    _                 
2021-02-13 14:17:36: <info>  _ __   __ _ _ __   ___  _ __ ___ (_)_ __   ___ _ __ 
2021-02-13 14:17:36: <info> | '_ \ / _` | '_ \ / _ \| '_ ` _ \| | '_ \ / _ \ '__|
2021-02-13 14:17:36: <info> | | | | (_| | | | | (_) | | | | | | | | | |  __/ |   
2021-02-13 14:17:36: <info> |_| |_|\__,_|_| |_|\___/|_| |_| |_|_|_| |_|\___|_|   
2021-02-13 14:17:36: <info> 
2021-02-13 14:17:36: <info> Version 3.2.2-cuda11
2021-02-13 14:17:36: <info>  Started EthMan server on port 3333 without a password (read-only mode).
2021-02-13 14:17:36: <info>  Started web interface on port 9090 without a password.
2021-02-13 14:17:36: <info>  CUDA driver version is 11.2, runtime version is 11.1
2021-02-13 14:17:37: <info> Single device detected
2021-02-13 14:17:37: <info> GPU 0 PCI 01:00.0, Platform: CUDA, Name: GeForce RTX 3070, 8192 MB available
2021-02-13 14:17:37: <info> -------------------Ethash:------------------
2021-02-13 14:17:37: <info> Currency: Ethereum
2021-02-13 14:17:37: <info> Wallet: 0x52bc44d5378309ee2abf1539bf71de1b7d7be3b5
2021-02-13 14:17:37: <info> Rig name: Happy_c4ab4c56
2021-02-13 14:17:37: <info> Email was not set.
2021-02-13 14:17:37: <info> Hashrate threshold to restart miner is not set
2021-02-13 14:17:37: <info> Added pool: eth-eu2.nanopool.org:9433
2021-02-13 14:17:37: <info> Added pool: eth-eu1.nanopool.org:9433
2021-02-13 14:17:37: <info> Added pool: eth-us-east1.nanopool.org:9433
2021-02-13 14:17:37: <info> Added pool: eth-us-west1.nanopool.org:9433
2021-02-13 14:17:37: <info> Added pool: eth-jp1.nanopool.org:9433
2021-02-13 14:17:37: <info> Added pool: eth-asia1.nanopool.org:9433
2021-02-13 14:17:37: <info> Added pool: eth-au1.nanopool.org:9433
2021-02-13 14:17:37: <info> Auto pool sorting is enabled
2021-02-13 14:17:37: <info> Using all GPU devices
2021-02-13 14:17:37: <info> Memory tweak: 1
2021-02-13 14:17:37: <info> -------------Common parameters:-------------
2021-02-13 14:17:37: <info> Log path: ./logs/
2021-02-13 14:17:37: <info> Log is written to file
2021-02-13 14:17:37: <info> GPU watchdog is enabled
2021-02-13 14:17:37: <info> Never calling reboot.bat (always restarting the miner in case of errors). 
2021-02-13 14:17:37: <info>  Setting up algorithm: Ethash
2021-02-13 14:17:38: <info> -----------------------------------------------------------
2021-02-13 14:17:38: <info> | You are mining to a default wallet! Change it to yours! |
2021-02-13 14:17:38: <info> -----------------------------------------------------------
2021-02-13 14:17:38: <info>  Connecting to pools...
2021-02-13 14:17:38: <info>  Connected to pool: eth-eu2.nanopool.org:9433 | IP: 51.15.55.162 | ping: 161 ms.
2021-02-13 14:17:38: <info>  New job from eth-eu2.nanopool.org:9433 | share difficulty = 10000 MH, epoch 394 (4175 MB)
2021-02-13 14:17:38: [Statistics] Ethereum - Total speed: 0.000 H/s, Total shares: 0 Rejected: 0, Time: 00:01
2021-02-13 14:17:38: [Statistics] GPU0 t=44°C fan 30% power 44.05W. Total power: 44.05W
2021-02-13 14:17:39: <info>  New job from eth-eu2.nanopool.org:9433
2021-02-13 14:17:39: [Statistics] Ethereum - Total speed: 0.000 H/s, Total shares: 0 Rejected: 0, Time: 00:01
2021-02-13 14:17:39: [Statistics] Ethereum last 10 min - Total: 0.000 H/s.
2021-02-13 14:17:41: <info>  New job from eth-eu2.nanopool.org:9433
2021-02-13 14:17:41: [Statistics] Ethereum - Total speed: 0.000 H/s, Total shares: 0 Rejected: 0, Time: 00:04
2021-02-13 14:17:41: [Statistics] GPU0 t=44°C fan 30% power 43.95W. Total power: 43.95W
2021-02-13 14:17:44: <info>  New job from eth-eu2.nanopool.org:9433
2021-02-13 14:17:44: [Statistics] Ethereum - Total speed: 0.000 H/s, Total shares: 0 Rejected: 0, Time: 00:07
2021-02-13 14:17:44: <info>  GPU0: 4175 MB DAG generated in 3.14 seconds
2021-02-13 14:17:47: <info>  New job from eth-eu2.nanopool.org:9433
2021-02-13 14:17:47: [Statistics] Ethereum - Total speed: 61.025 MH/s, Total shares: 0 Rejected: 0, Time: 00:10
2021-02-13 14:17:47: [Statistics] GPU0 t=53°C fan 30% power 133.73W. Total power: 133.73W
2021-02-13 14:17:50: <info>  New job from eth-eu2.nanopool.org:9433
2021-02-13 14:17:50: [Statistics] Ethereum - Total speed: 61.106 MH/s, Total shares: 0 Rejected: 0, Time: 00:13
2021-02-13 14:17:50: [Statistics] Ethereum last 10 min - Total: 61.065 MH/s.
2021-02-13 14:17:50: <info>  New job from eth-eu2.nanopool.org:9433
2021-02-13 14:17:50: [Statistics] Ethereum - Total speed: 61.174 MH/s, Total shares: 0 Rejected: 0, Time: 00:13
2021-02-13 14:17:50: [Statistics] GPU0 t=53°C fan 30% power 133.64W. Total power: 133.64W
2021-02-13 14:17:53: <info>  New job from eth-eu2.nanopool.org:9433
2021-02-13 14:17:53: [Statistics] Ethereum - Total speed: 61.280 MH/s, Total shares: 0 Rejected: 0, Time: 00:16
2021-02-13 14:17:56: <info>  New job from eth-eu2.nanopool.org:9433
2021-02-13 14:17:56: [Statistics] Ethereum - Total speed: 61.345 MH/s, Total shares: 0 Rejected: 0, Time: 00:18
2021-02-13 14:17:56: [Statistics] GPU0 t=55°C fan 30% power 134.06W. Total power: 134.06W
2021-02-13 14:17:59: <info>  New job from eth-eu2.nanopool.org:9433
2021-02-13 14:17:59: [Statistics] Ethereum - Total speed: 61.336 MH/s, Total shares: 0 Rejected: 0, Time: 00:22
2021-02-13 14:17:59: [Statistics] Ethereum last 10 min - Total: 61.239 MH/s.
2021-02-13 14:18:02: <info>  New job from eth-eu2.nanopool.org:9433
2021-02-13 14:18:02: [Statistics] Ethereum - Total speed: 58.483 MH/s, Total shares: 0 Rejected: 0, Time: 00:25
2021-02-13 14:18:02: [Statistics] GPU0 t=50°C fan 30% power 99.81W. Total power: 99.81W
2021-02-13 14:18:05: <info>  New job from eth-eu2.nanopool.org:9433
2021-02-13 14:18:05: [Statistics] Ethereum - Total speed: 55.761 MH/s, Total shares: 0 Rejected: 0, Time: 00:28
2021-02-13 14:18:08: <info>  New job from eth-eu2.nanopool.org:9433
2021-02-13 14:18:08: [Statistics] Ethereum - Total speed: 53.304 MH/s, Total shares: 0 Rejected: 0, Time: 00:31
2021-02-13 14:18:08: [Statistics] GPU0 t=50°C fan 30% power 99.67W. Total power: 99.67W
2021-02-13 14:18:11: <info>  New job from eth-eu2.nanopool.org:9433
2021-02-13 14:18:11: [Statistics] Ethereum - Total speed: 51.104 MH/s, Total shares: 0 Rejected: 0, Time: 00:34
2021-02-13 14:18:11: [Statistics] Ethereum last 10 min - Total: 58.621 MH/s.
2021-02-13 14:18:14: <info>  New job from eth-eu2.nanopool.org:9433
2021-02-13 14:18:14: [Statistics] Ethereum - Total speed: 49.158 MH/s, Total shares: 0 Rejected: 0, Time: 00:37
2021-02-13 14:18:14: [Statistics] GPU0 t=50°C fan 30% power 99.44W. Total power: 99.44W
2021-02-13 14:18:16: <info>  New job from eth-eu2.nanopool.org:9433
2021-02-13 14:18:16: [Statistics] Ethereum - Total speed: 47.419 MH/s, Total shares: 0 Rejected: 0, Time: 00:39
2021-02-13 14:18:18: <info>  New job from eth-eu2.nanopool.org:9433
2021-02-13 14:18:18: [Statistics] Ethereum - Total speed: 45.795 MH/s, Total shares: 0 Rejected: 0, Time: 00:41
2021-02-13 14:18:18: [Statistics] GPU0 t=49°C fan 30% power 99.50W. Total power: 99.50W
2021-02-13 14:18:21: <info>  New job from eth-eu2.nanopool.org:9433
2021-02-13 14:18:21: [Statistics] Ethereum - Total speed: 44.472 MH/s, Total shares: 0 Rejected: 0, Time: 00:44
2021-02-13 14:18:21: [Statistics] Ethereum last 10 min - Total: 55.359 MH/s.
2021-02-13 14:18:24: <info>  New job from eth-eu2.nanopool.org:9433
2021-02-13 14:18:24: [Statistics] Ethereum - Total speed: 43.321 MH/s, Total shares: 0 Rejected: 0, Time: 00:47
2021-02-13 14:18:24: [Statistics] GPU0 t=50°C fan 30% power 99.68W. Total power: 99.68W
2021-02-13 14:18:25: <info>  New job from eth-eu2.nanopool.org:9433
2021-02-13 14:18:25: [Statistics] Ethereum - Total speed: 42.217 MH/s, Total shares: 0 Rejected: 0, Time: 00:48
2021-02-13 14:18:27: <info>  New job from eth-eu2.nanopool.org:9433
2021-02-13 14:18:27: [Statistics] Ethereum - Total speed: 41.158 MH/s, Total shares: 0 Rejected: 0, Time: 00:50
2021-02-13 14:18:27: [Statistics] GPU0 t=50°C fan 30% power 99.55W. Total power: 99.55W
2021-02-13 14:18:29: <info>  New job from eth-eu2.nanopool.org:9433
2021-02-13 14:18:29: [Statistics] Ethereum - Total speed: 40.174 MH/s, Total shares: 0 Rejected: 0, Time: 00:52
2021-02-13 14:18:29: [Statistics] Ethereum last 10 min - Total: 52.861 MH/s.
2021-02-13 14:18:29: <info>  New job from eth-eu2.nanopool.org:9433
2021-02-13 14:18:29: [Statistics] Ethereum - Total speed: 39.335 MH/s, Total shares: 0 Rejected: 0, Time: 00:52
2021-02-13 14:18:29: [Statistics] GPU0 t=50°C fan 30% power 99.84W. Total power: 99.84W
2021-02-13 14:18:32: <info>  New job from eth-eu2.nanopool.org:9433
2021-02-13 14:18:32: [Statistics] Ethereum - Total speed: 38.672 MH/s, Total shares: 0 Rejected: 0, Time: 00:55
2021-02-13 14:18:35: <info>  New job from eth-eu2.nanopool.org:9433
2021-02-13 14:18:35: [Statistics] Ethereum - Total speed: 37.962 MH/s, Total shares: 0 Rejected: 0, Time: 00:58
2021-02-13 14:18:35: [Statistics] GPU0 t=50°C fan 30% power 99.56W. Total power: 99.56W
2021-02-13 14:18:38: <info>  New job from eth-eu2.nanopool.org:9433
2021-02-13 14:18:38: [Statistics] Ethereum - Total speed: 37.468 MH/s, Total shares: 0 Rejected: 0, Time: 01:01
2021-02-13 14:18:38: [Statistics] Ethereum last 10 min - Total: 50.337 MH/s.
2021-02-13 14:18:41: <info>  New job from eth-eu2.nanopool.org:9433
2021-02-13 14:18:41: [Statistics] Ethereum - Total speed: 36.876 MH/s, Total shares: 0 Rejected: 0, Time: 01:04
2021-02-13 14:18:41: [Statistics] GPU0 t=50°C fan 30% power 99.48W. Total power: 99.48W
2021-02-13 14:18:44: <info>  New job from eth-eu2.nanopool.org:9433
2021-02-13 14:18:44: [Statistics] Ethereum - Total speed: 36.357 MH/s, Total shares: 0 Rejected: 0, Time: 01:07
2021-02-13 14:18:47: <info>  New job from eth-eu2.nanopool.org:9433
2021-02-13 14:18:47: [Statistics] Ethereum - Total speed: 35.879 MH/s, Total shares: 0 Rejected: 0, Time: 01:10
2021-02-13 14:18:47: [Statistics] GPU0 t=50°C fan 30% power 99.01W. Total power: 99.01W
2021-02-13 14:18:50: <info>  New job from eth-eu2.nanopool.org:9433
2021-02-13 14:18:50: [Statistics] Ethereum - Total speed: 35.495 MH/s, Total shares: 0 Rejected: 0, Time: 01:13
2021-02-13 14:18:50: [Statistics] Ethereum last 10 min - Total: 47.687 MH/s.
2021-02-13 14:18:53: <info>  New job from eth-eu2.nanopool.org:9433
2021-02-13 14:18:53: [Statistics] Ethereum - Total speed: 35.180 MH/s, Total shares: 0 Rejected: 0, Time: 01:16
2021-02-13 14:18:53: [Statistics] GPU0 t=51°C fan 30% power 111.74W. Total power: 111.74W
2021-02-13 14:18:56: <info>  New job from eth-eu2.nanopool.org:9433
2021-02-13 14:18:56: [Statistics] Ethereum - Total speed: 36.287 MH/s, Total shares: 0 Rejected: 0, Time: 01:19
2021-02-13 14:18:59: <info>  New job from eth-eu2.nanopool.org:9433
2021-02-13 14:18:59: [Statistics] Ethereum - Total speed: 37.492 MH/s, Total shares: 0 Rejected: 0, Time: 01:22
2021-02-13 14:18:59: [Statistics] GPU0 t=51°C fan 30% power 111.91W. Total power: 111.91W
2021-02-13 14:19:02: <info>  New job from eth-eu2.nanopool.org:9433
2021-02-13 14:19:02: [Statistics] Ethereum - Total speed: 38.523 MH/s, Total shares: 0 Rejected: 0, Time: 01:25
2021-02-13 14:19:02: [Statistics] Ethereum last 10 min - Total: 45.884 MH/s.
2021-02-13 14:19:05: <info>  New job from eth-eu2.nanopool.org:9433
2021-02-13 14:19:05: [Statistics] Ethereum - Total speed: 39.585 MH/s, Total shares: 0 Rejected: 0, Time: 01:28
2021-02-13 14:19:05: [Statistics] GPU0 t=61°C fan 30% power 160.37W. Total power: 160.37W
2021-02-13 14:19:08: <info>  New job from eth-eu2.nanopool.org:9433
2021-02-13 14:19:08: [Statistics] Ethereum - Total speed: 40.963 MH/s, Total shares: 0 Rejected: 0, Time: 01:31
2021-02-13 14:19:11: <info>  New job from eth-eu2.nanopool.org:9433
2021-02-13 14:19:11: [Statistics] Ethereum - Total speed: 43.054 MH/s, Total shares: 0 Rejected: 0, Time: 01:34
2021-02-13 14:19:11: [Statistics] GPU0 t=63°C fan 30% power 174.81W. Total power: 174.81W
2021-02-13 14:19:14: <info>  New job from eth-eu2.nanopool.org:9433
2021-02-13 14:19:14: [Statistics] Ethereum - Total speed: 44.936 MH/s, Total shares: 0 Rejected: 0, Time: 01:37
2021-02-13 14:19:14: [Statistics] Ethereum last 10 min - Total: 45.244 MH/s.
2021-02-13 14:19:17: <info>  New job from eth-eu2.nanopool.org:9433
2021-02-13 14:19:17: [Statistics] Ethereum - Total speed: 46.625 MH/s, Total shares: 0 Rejected: 0, Time: 01:40
2021-02-13 14:19:17: [Statistics] GPU0 t=65°C fan 32% power 176.22W. Total power: 176.22W
2021-02-13 14:19:20: <info>  New job from eth-eu2.nanopool.org:9433
2021-02-13 14:19:20: [Statistics] Ethereum - Total speed: 48.156 MH/s, Total shares: 0 Rejected: 0, Time: 01:43
2021-02-13 14:19:23: <info>  New job from eth-eu2.nanopool.org:9433
2021-02-13 14:19:23: [Statistics] Ethereum - Total speed: 49.528 MH/s, Total shares: 0 Rejected: 0, Time: 01:46
2021-02-13 14:19:23: [Statistics] GPU0 t=66°C fan 35% power 176.85W. Total power: 176.85W
2021-02-13 14:19:26: <info>  New job from eth-eu2.nanopool.org:9433
2021-02-13 14:19:26: [Statistics] Ethereum - Total speed: 50.742 MH/s, Total shares: 0 Rejected: 0, Time: 01:49
2021-02-13 14:19:26: [Statistics] Ethereum last 10 min - Total: 45.586 MH/s.
2021-02-13 14:19:29: <info>  New job from eth-eu2.nanopool.org:9433
2021-02-13 14:19:29: [Statistics] Ethereum - Total speed: 51.858 MH/s, Total shares: 0 Rejected: 0, Time: 01:52
2021-02-13 14:19:29: [Statistics] GPU0 t=68°C fan 37% power 177.95W. Total power: 177.95W
2021-02-13 14:19:32: <info>  New job from eth-eu2.nanopool.org:9433
2021-02-13 14:19:32: [Statistics] Ethereum - Total speed: 52.864 MH/s, Total shares: 0 Rejected: 0, Time: 01:55
2021-02-13 14:19:35: <info>  New job from eth-eu2.nanopool.org:9433
2021-02-13 14:19:35: [Statistics] Ethereum - Total speed: 53.762 MH/s, Total shares: 0 Rejected: 0, Time: 01:58
2021-02-13 14:19:35: [Statistics] GPU0 t=68°C fan 39% power 176.79W. Total power: 176.79W
2021-02-13 14:19:36: <info>  New job from eth-eu2.nanopool.org:9433
2021-02-13 14:19:36: [Statistics] Ethereum - Total speed: 54.511 MH/s, Total shares: 0 Rejected: 0, Time: 01:59
2021-02-13 14:19:36: [Statistics] Ethereum last 10 min - Total: 46.222 MH/s.
2021-02-13 14:19:37: <info>  New job from eth-eu2.nanopool.org:9433
2021-02-13 14:19:37: [Statistics] Ethereum - Total speed: 55.214 MH/s, Total shares: 0 Rejected: 0, Time: 02:00
2021-02-13 14:19:37: [Statistics] GPU0 t=68°C fan 39% power 175.17W. Total power: 175.17W
2021-02-13 14:19:39: <info>  New job from eth-eu2.nanopool.org:9433
2021-02-13 14:19:39: [Statistics] Ethereum - Total speed: 55.887 MH/s, Total shares: 0 Rejected: 0, Time: 02:02
2021-02-13 14:19:42: <info>  New job from eth-eu2.nanopool.org:9433
2021-02-13 14:19:42: [Statistics] Ethereum - Total speed: 56.480 MH/s, Total shares: 0 Rejected: 0, Time: 02:05
2021-02-13 14:19:42: [Statistics] GPU0 t=69°C fan 40% power 175.17W. Total power: 175.17W
2021-02-13 14:19:45: <info>  New job from eth-eu2.nanopool.org:9433
2021-02-13 14:19:45: [Statistics] Ethereum - Total speed: 57.016 MH/s, Total shares: 0 Rejected: 0, Time: 02:08
2021-02-13 14:19:45: [Statistics] Ethereum last 10 min - Total: 46.980 MH/s.
2021-02-13 14:19:48: <info>  New job from eth-eu2.nanopool.org:9433
2021-02-13 14:19:48: [Statistics] Ethereum - Total speed: 57.437 MH/s, Total shares: 0 Rejected: 0, Time: 02:11
2021-02-13 14:19:48: [Statistics] GPU0 t=69°C fan 41% power 172.37W. Total power: 172.37W
2021-02-13 14:19:51: <info>  New job from eth-eu2.nanopool.org:9433
2021-02-13 14:19:51: [Statistics] Ethereum - Total speed: 57.820 MH/s, Total shares: 0 Rejected: 0, Time: 02:14
2021-02-13 14:19:52: <info>  New job from eth-eu2.nanopool.org:9433
2021-02-13 14:19:52: [Statistics] Ethereum - Total speed: 57.909 MH/s, Total shares: 0 Rejected: 0, Time: 02:15
2021-02-13 14:19:52: [Statistics] GPU0 t=69°C fan 41% power 168.12W. Total power: 168.12W
2021-02-13 14:19:53: <info>  New job from eth-eu2.nanopool.org:9433
2021-02-13 14:19:53: [Statistics] Ethereum - Total speed: 57.740 MH/s, Total shares: 0 Rejected: 0, Time: 02:16
2021-02-13 14:19:53: [Statistics] Ethereum last 10 min - Total: 47.596 MH/s.
2021-02-13 14:19:55: <info>  New job from eth-eu2.nanopool.org:9433
2021-02-13 14:19:55: [Statistics] Ethereum - Total speed: 57.511 MH/s, Total shares: 0 Rejected: 0, Time: 02:18
2021-02-13 14:19:55: [Statistics] GPU0 t=69°C fan 41% power 166.97W. Total power: 166.97W
2021-02-13 14:19:58: <info>  New job from eth-eu2.nanopool.org:9433
2021-02-13 14:19:58: [Statistics] Ethereum - Total speed: 57.445 MH/s, Total shares: 0 Rejected: 0, Time: 02:21
2021-02-13 14:20:01: <info>  New job from eth-eu2.nanopool.org:9433
2021-02-13 14:20:01: [Statistics] Ethereum - Total speed: 57.645 MH/s, Total shares: 0 Rejected: 0, Time: 02:24
2021-02-13 14:20:01: [Statistics] GPU0 t=70°C fan 42% power 172.75W. Total power: 172.75W
2021-02-13 14:20:04: <info>  New job from eth-eu2.nanopool.org:9433
2021-02-13 14:20:04: [Statistics] Ethereum - Total speed: 57.822 MH/s, Total shares: 0 Rejected: 0, Time: 02:27
2021-02-13 14:20:04: [Statistics] Ethereum last 10 min - Total: 48.418 MH/s.
2021-02-13 14:20:08: <info>  New job from eth-eu2.nanopool.org:9433
2021-02-13 14:20:08: [Statistics] Ethereum - Total speed: 57.767 MH/s, Total shares: 0 Rejected: 0, Time: 02:31
2021-02-13 14:20:08: [Statistics] GPU0 t=70°C fan 42% power 165.32W. Total power: 165.32W
2021-02-13 14:20:10: <info>  New job from eth-eu2.nanopool.org:9433
2021-02-13 14:20:10: [Statistics] Ethereum - Total speed: 57.629 MH/s, Total shares: 0 Rejected: 0, Time: 02:33
2021-02-13 14:20:13: <info>  New job from eth-eu2.nanopool.org:9433
2021-02-13 14:20:13: [Statistics] Ethereum - Total speed: 57.693 MH/s, Total shares: 0 Rejected: 0, Time: 02:36
2021-02-13 14:20:13: [Statistics] GPU0 t=71°C fan 43% power 172.79W. Total power: 172.79W
2021-02-13 14:20:16: <info>  New job from eth-eu2.nanopool.org:9433
2021-02-13 14:20:16: [Statistics] Ethereum - Total speed: 57.850 MH/s, Total shares: 0 Rejected: 0, Time: 02:39
2021-02-13 14:20:16: [Statistics] Ethereum last 10 min - Total: 49.177 MH/s.
2021-02-13 14:20:19: <info>  New job from eth-eu2.nanopool.org:9433
2021-02-13 14:20:19: [Statistics] Ethereum - Total speed: 57.976 MH/s, Total shares: 0 Rejected: 0, Time: 02:42
2021-02-13 14:20:19: [Statistics] GPU0 t=71°C fan 43% power 173.69W. Total power: 173.69W
2021-02-13 14:20:21: <info>  New job from eth-eu2.nanopool.org:9433
2021-02-13 14:20:21: [Statistics] Ethereum - Total speed: 57.935 MH/s, Total shares: 0 Rejected: 0, Time: 02:44
2021-02-13 14:20:21: <info>  New job from eth-eu2.nanopool.org:9433
2021-02-13 14:20:21: [Statistics] Ethereum - Total speed: 58.113 MH/s, Total shares: 0 Rejected: 0, Time: 02:44
2021-02-13 14:20:21: [Statistics] GPU0 t=71°C fan 43% power 173.31W. Total power: 173.31W
2021-02-13 14:20:24: <info>  New job from eth-eu2.nanopool.org:9433
2021-02-13 14:20:24: [Statistics] Ethereum - Total speed: 58.189 MH/s, Total shares: 0 Rejected: 0, Time: 02:47
2021-02-13 14:20:24: [Statistics] Ethereum last 10 min - Total: 49.625 MH/s.
2021-02-13 14:20:25: <info>  New job from eth-eu2.nanopool.org:9433
2021-02-13 14:20:25: [Statistics] Ethereum - Total speed: 58.216 MH/s, Total shares: 0 Rejected: 0, Time: 02:48
2021-02-13 14:20:25: [Statistics] GPU0 t=70°C fan 44% power 169.46W. Total power: 169.46W
2021-02-13 14:20:26: <info>  New job from eth-eu2.nanopool.org:9433
2021-02-13 14:20:26: [Statistics] Ethereum - Total speed: 57.974 MH/s, Total shares: 0 Rejected: 0, Time: 02:48
2021-02-13 14:20:28: <info>  New job from eth-eu2.nanopool.org:9433
2021-02-13 14:20:28: [Statistics] Ethereum - Total speed: 58.149 MH/s, Total shares: 0 Rejected: 0, Time: 02:51
2021-02-13 14:20:28: [Statistics] GPU0 t=71°C fan 44% power 173.65W. Total power: 173.65W
2021-02-13 14:20:30: <info>  Ethereum - SHARE FOUND (GPU: 0, nonce: 0x6e5f1168b4f12318).
2021-02-13 14:20:30: <info> Ethereum: share denied: Provided PoW solution is invalid! (74 ms).
2021-02-13 14:20:31: <info>  New job from eth-eu2.nanopool.org:9433
2021-02-13 14:20:31: [Statistics] Ethereum - Total speed: 58.311 MH/s, Total shares: 1 Rejected: 1, Time: 02:54
2021-02-13 14:20:31: [Statistics] Ethereum last 10 min - Total: 49.989 MH/s.
2021-02-13 14:20:34: <info>  New job from eth-eu2.nanopool.org:9433
2021-02-13 14:20:34: [Statistics] Ethereum - Total speed: 58.377 MH/s, Total shares: 1 Rejected: 1, Time: 02:57
2021-02-13 14:20:34: [Statistics] GPU0 t=71°C fan 44% power 171.80W. Total power: 171.80W
2021-02-13 14:20:36: <info>  New job from eth-eu2.nanopool.org:9433
2021-02-13 14:20:36: [Statistics] Ethereum - Total speed: 58.467 MH/s, Total shares: 1 Rejected: 1, Time: 02:59
2021-02-13 14:20:37: <info>  New job from eth-eu2.nanopool.org:9433
2021-02-13 14:20:37: [Statistics] Ethereum - Total speed: 58.443 MH/s, Total shares: 1 Rejected: 1, Time: 03:00
2021-02-13 14:20:37: [Statistics] GPU0 t=71°C fan 44% power 172.02W. Total power: 172.02W
2021-02-13 14:20:39: <info>  New job from eth-eu2.nanopool.org:9433
2021-02-13 14:20:39: [Statistics] Ethereum - Total speed: 58.499 MH/s, Total shares: 1 Rejected: 1, Time: 03:02
2021-02-13 14:20:39: [Statistics] Ethereum last 10 min - Total: 50.396 MH/s.
2021-02-13 14:20:42: <info>  New job from eth-eu2.nanopool.org:9433
2021-02-13 14:20:42: [Statistics] Ethereum - Total speed: 58.634 MH/s, Total shares: 1 Rejected: 1, Time: 03:04
2021-02-13 14:20:42: [Statistics] GPU0 t=71°C fan 45% power 172.31W. Total power: 172.31W
2021-02-13 14:20:42: <info>  New job from eth-eu2.nanopool.org:9433
2021-02-13 14:20:42: [Statistics] Ethereum - Total speed: 58.674 MH/s, Total shares: 1 Rejected: 1, Time: 03:05
2021-02-13 14:20:44: <info>  New job from eth-eu2.nanopool.org:9433
2021-02-13 14:20:44: [Statistics] Ethereum - Total speed: 58.746 MH/s, Total shares: 1 Rejected: 1, Time: 03:07
2021-02-13 14:20:44: [Statistics] GPU0 t=72°C fan 45% power 173.94W. Total power: 173.94W
2021-02-13 14:20:44: <info>  New job from eth-eu2.nanopool.org:9433
2021-02-13 14:20:44: [Statistics] Ethereum - Total speed: 58.845 MH/s, Total shares: 1 Rejected: 1, Time: 03:07
2021-02-13 14:20:44: [Statistics] Ethereum last 10 min - Total: 50.628 MH/s.
2021-02-13 14:20:47: <info>  New job from eth-eu2.nanopool.org:9433
2021-02-13 14:20:47: [Statistics] Ethereum - Total speed: 58.919 MH/s, Total shares: 1 Rejected: 1, Time: 03:10
2021-02-13 14:20:47: [Statistics] GPU0 t=68°C fan 45% power 148.41W. Total power: 148.41W
2021-02-13 14:20:49: <info>  New job from eth-eu2.nanopool.org:9433
2021-02-13 14:20:49: [Statistics] Ethereum - Total speed: 58.952 MH/s, Total shares: 1 Rejected: 1, Time: 03:12
2021-02-13 14:20:50: <info>  New job from eth-eu2.nanopool.org:9433
2021-02-13 14:20:50: [Statistics] Ethereum - Total speed: 59.010 MH/s, Total shares: 1 Rejected: 1, Time: 03:13
2021-02-13 14:20:50: [Statistics] GPU0 t=67°C fan 45% power 151.66W. Total power: 151.66W
2021-02-13 14:20:52: <info>  New job from eth-eu2.nanopool.org:9433
2021-02-13 14:20:52: [Statistics] Ethereum - Total speed: 59.086 MH/s, Total shares: 1 Rejected: 1, Time: 03:15
2021-02-13 14:20:52: [Statistics] Ethereum last 10 min - Total: 50.978 MH/s.
2021-02-13 14:20:53: <info>  Terminating, please wait ...
