2021-02-15 15:42:31: <info>                                    _                 
2021-02-15 15:42:31: <info>  _ __   __ _ _ __   ___  _ __ ___ (_)_ __   ___ _ __ 
2021-02-15 15:42:31: <info> | '_ \ / _` | '_ \ / _ \| '_ ` _ \| | '_ \ / _ \ '__|
2021-02-15 15:42:31: <info> | | | | (_| | | | | (_) | | | | | | | | | |  __/ |   
2021-02-15 15:42:31: <info> |_| |_|\__,_|_| |_|\___/|_| |_| |_|_|_| |_|\___|_|   
2021-02-15 15:42:31: <info> 
2021-02-15 15:42:31: <info> Version 3.2.2-cuda11
2021-02-15 15:42:31: <info>  Started EthMan server on port 3333 without a password (read-only mode).
2021-02-15 15:42:31: <info>  Started web interface on port 9090 without a password.
2021-02-15 15:42:31: <info>  CUDA driver version is 11.2, runtime version is 11.1
2021-02-15 15:42:31: <warning>  Failed to initialize nvml library.
2021-02-15 15:42:31: <info> Single device detected
2021-02-15 15:42:31: <info> GPU 0 PCI 0a:00.0, Platform: CUDA, Name: GeForce RTX 3060 Ti, 8192 MB available
2021-02-15 15:42:31: <info> -------------------Ethash:------------------
2021-02-15 15:42:31: <info> Currency: Ethereum
2021-02-15 15:42:31: <info> Wallet: wallet
2021-02-15 15:42:31: <info> Rig name: levin
2021-02-15 15:42:31: <info> Email: email
2021-02-15 15:42:31: <info> Hashrate threshold to restart miner is not set
2021-02-15 15:42:31: <info> Added pool: eth-eu1.nanopool.org:9433
2021-02-15 15:42:31: <info> Added pool: eth-us-east1.nanopool.org:9433
2021-02-15 15:42:31: <info> Added pool: eth-asia1.nanopool.org:9433
2021-02-15 15:42:31: <info> Added pool: eth-us-west1.nanopool.org:9433
2021-02-15 15:42:31: <info> Added pool: eth-jp1.nanopool.org:9433
2021-02-15 15:42:31: <info> Added pool: eth-au1.nanopool.org:9433
2021-02-15 15:42:31: <info> Added pool: eth-eu2.nanopool.org:9433
2021-02-15 15:42:31: <info> Auto pool sorting is enabled
2021-02-15 15:42:31: <info> Using all GPU devices
2021-02-15 15:42:31: <info> Memory tweak: 1
2021-02-15 15:42:31: <info> -------------Common parameters:-------------
2021-02-15 15:42:31: <info> Log path: ./logs/
2021-02-15 15:42:31: <info> Log is written to file
2021-02-15 15:42:31: <info> GPU watchdog is enabled
2021-02-15 15:42:31: <info> Never calling reboot.bat (always restarting the miner in case of errors). 
2021-02-15 15:42:31: <info>  Setting up algorithm: Ethash
2021-02-15 15:42:31: <info>  Connecting to pools...
2021-02-15 15:42:31: <info>  Connected to pool: eth-eu1.nanopool.org:9433 | IP: 51.15.89.69 | ping: 91 ms.
2021-02-15 15:42:31: <info>  New job from eth-eu1.nanopool.org:9433 | share difficulty = 10000 MH, epoch 395 (4183 MB)
2021-02-15 15:42:31: [Statistics] Ethereum - Total speed: 0.000 H/s, Total shares: 0 Rejected: 0, Time: 00:00
2021-02-15 15:42:31: <info>  New job from eth-eu1.nanopool.org:9433
2021-02-15 15:42:31: [Statistics] Ethereum - Total speed: 0.000 H/s, Total shares: 0 Rejected: 0, Time: 00:00
2021-02-15 15:42:31: [Statistics] Ethereum last 10 min - Total: 0.000 H/s.
2021-02-15 15:42:31: <info>  New job from eth-eu1.nanopool.org:9433
2021-02-15 15:42:31: [Statistics] Ethereum - Total speed: 0.000 H/s, Total shares: 0 Rejected: 0, Time: 00:00
2021-02-15 15:42:35: <info>  New job from eth-eu1.nanopool.org:9433
2021-02-15 15:42:35: [Statistics] Ethereum - Total speed: 0.000 H/s, Total shares: 0 Rejected: 0, Time: 00:04
2021-02-15 15:42:37: <info>  New job from eth-eu1.nanopool.org:9433
2021-02-15 15:42:37: [Statistics] Ethereum - Total speed: 0.000 H/s, Total shares: 0 Rejected: 0, Time: 00:06
2021-02-15 15:42:38: <info>  GPU0: 4183 MB DAG generated in 4.67 seconds
2021-02-15 15:42:40: <info>  New job from eth-eu1.nanopool.org:9433
2021-02-15 15:42:40: [Statistics] Ethereum - Total speed: 54.886 MH/s, Total shares: 0 Rejected: 0, Time: 00:09
2021-02-15 15:42:40: [Statistics] Ethereum last 10 min - Total: 54.886 MH/s.
2021-02-15 15:42:43: <info>  New job from eth-eu1.nanopool.org:9433
2021-02-15 15:42:43: [Statistics] Ethereum - Total speed: 53.938 MH/s, Total shares: 0 Rejected: 0, Time: 00:12
2021-02-15 15:42:47: <info>  New job from eth-eu1.nanopool.org:9433
2021-02-15 15:42:47: [Statistics] Ethereum - Total speed: 52.894 MH/s, Total shares: 0 Rejected: 0, Time: 00:16
2021-02-15 15:42:49: <info>  New job from eth-eu1.nanopool.org:9433
2021-02-15 15:42:49: [Statistics] Ethereum - Total speed: 52.098 MH/s, Total shares: 0 Rejected: 0, Time: 00:18
2021-02-15 15:42:52: <info>  New job from eth-eu1.nanopool.org:9433
2021-02-15 15:42:52: [Statistics] Ethereum - Total speed: 51.288 MH/s, Total shares: 0 Rejected: 0, Time: 00:21
2021-02-15 15:42:52: [Statistics] Ethereum last 10 min - Total: 53.010 MH/s.
2021-02-15 15:42:55: <info>  New job from eth-eu1.nanopool.org:9433
2021-02-15 15:42:55: [Statistics] Ethereum - Total speed: 50.656 MH/s, Total shares: 0 Rejected: 0, Time: 00:24
2021-02-15 15:42:55: <info>  New job from eth-eu1.nanopool.org:9433
2021-02-15 15:42:55: [Statistics] Ethereum - Total speed: 50.052 MH/s, Total shares: 0 Rejected: 0, Time: 00:24
2021-02-15 15:42:58: <info>  New job from eth-eu1.nanopool.org:9433
2021-02-15 15:42:58: [Statistics] Ethereum - Total speed: 49.567 MH/s, Total shares: 0 Rejected: 0, Time: 00:27
2021-02-15 15:43:01: <info>  New job from eth-eu1.nanopool.org:9433
2021-02-15 15:43:01: [Statistics] Ethereum - Total speed: 49.083 MH/s, Total shares: 0 Rejected: 0, Time: 00:30
2021-02-15 15:43:01: [Statistics] Ethereum last 10 min - Total: 51.712 MH/s.
2021-02-15 15:43:04: <info>  New job from eth-eu1.nanopool.org:9433
2021-02-15 15:43:04: [Statistics] Ethereum - Total speed: 48.744 MH/s, Total shares: 0 Rejected: 0, Time: 00:33
2021-02-15 15:43:07: <info>  New job from eth-eu1.nanopool.org:9433
2021-02-15 15:43:07: [Statistics] Ethereum - Total speed: 48.346 MH/s, Total shares: 0 Rejected: 0, Time: 00:36
2021-02-15 15:43:07: <info>  New job from eth-eu1.nanopool.org:9433
2021-02-15 15:43:07: [Statistics] Ethereum - Total speed: 48.067 MH/s, Total shares: 0 Rejected: 0, Time: 00:36
2021-02-15 15:43:08: <info>  New job from eth-eu1.nanopool.org:9433
2021-02-15 15:43:08: [Statistics] Ethereum - Total speed: 47.734 MH/s, Total shares: 0 Rejected: 0, Time: 00:37
2021-02-15 15:43:08: [Statistics] Ethereum last 10 min - Total: 50.983 MH/s.
2021-02-15 15:43:10: <info>  New job from eth-eu1.nanopool.org:9433
2021-02-15 15:43:10: [Statistics] Ethereum - Total speed: 47.014 MH/s, Total shares: 0 Rejected: 0, Time: 00:38
2021-02-15 15:43:10: <info>  New job from eth-eu1.nanopool.org:9433
2021-02-15 15:43:10: [Statistics] Ethereum - Total speed: 46.910 MH/s, Total shares: 0 Rejected: 0, Time: 00:39
2021-02-15 15:43:13: <info>  New job from eth-eu1.nanopool.org:9433
2021-02-15 15:43:13: [Statistics] Ethereum - Total speed: 46.736 MH/s, Total shares: 0 Rejected: 0, Time: 00:42
2021-02-15 15:43:16: <info>  New job from eth-eu1.nanopool.org:9433
2021-02-15 15:43:16: [Statistics] Ethereum - Total speed: 46.671 MH/s, Total shares: 0 Rejected: 0, Time: 00:45
2021-02-15 15:43:16: [Statistics] Ethereum last 10 min - Total: 50.090 MH/s.
2021-02-15 15:43:16: <info>  New job from eth-eu1.nanopool.org:9433
2021-02-15 15:43:16: [Statistics] Ethereum - Total speed: 46.626 MH/s, Total shares: 0 Rejected: 0, Time: 00:45
2021-02-15 15:43:17: <info>  New job from eth-eu1.nanopool.org:9433
2021-02-15 15:43:17: [Statistics] Ethereum - Total speed: 46.611 MH/s, Total shares: 0 Rejected: 0, Time: 00:45
2021-02-15 15:43:19: <info>  New job from eth-eu1.nanopool.org:9433
2021-02-15 15:43:19: [Statistics] Ethereum - Total speed: 46.697 MH/s, Total shares: 0 Rejected: 0, Time: 00:48
2021-02-15 15:43:22: <info>  New job from eth-eu1.nanopool.org:9433
2021-02-15 15:43:22: [Statistics] Ethereum - Total speed: 46.562 MH/s, Total shares: 0 Rejected: 0, Time: 00:51
2021-02-15 15:43:22: [Statistics] Ethereum last 10 min - Total: 49.579 MH/s.
2021-02-15 15:43:22: <info>  New job from eth-eu1.nanopool.org:9433
2021-02-15 15:43:22: [Statistics] Ethereum - Total speed: 46.546 MH/s, Total shares: 0 Rejected: 0, Time: 00:51
2021-02-15 15:43:25: <info>  New job from eth-eu1.nanopool.org:9433
2021-02-15 15:43:25: [Statistics] Ethereum - Total speed: 46.516 MH/s, Total shares: 0 Rejected: 0, Time: 00:54
2021-02-15 15:43:28: <info>  New job from eth-eu1.nanopool.org:9433
2021-02-15 15:43:28: [Statistics] Ethereum - Total speed: 46.422 MH/s, Total shares: 0 Rejected: 0, Time: 00:57
2021-02-15 15:43:31: <info>  New job from eth-eu1.nanopool.org:9433
2021-02-15 15:43:31: [Statistics] Ethereum - Total speed: 46.363 MH/s, Total shares: 0 Rejected: 0, Time: 01:00
2021-02-15 15:43:31: [Statistics] Ethereum last 10 min - Total: 49.020 MH/s.
2021-02-15 15:43:34: <info>  New job from eth-eu1.nanopool.org:9433
2021-02-15 15:43:34: [Statistics] Ethereum - Total speed: 46.396 MH/s, Total shares: 0 Rejected: 0, Time: 01:03
2021-02-15 15:43:37: <info>  New job from eth-eu1.nanopool.org:9433
2021-02-15 15:43:37: [Statistics] Ethereum - Total speed: 46.324 MH/s, Total shares: 0 Rejected: 0, Time: 01:06
2021-02-15 15:43:40: <info>  New job from eth-eu1.nanopool.org:9433
2021-02-15 15:43:40: [Statistics] Ethereum - Total speed: 46.071 MH/s, Total shares: 0 Rejected: 0, Time: 01:09
2021-02-15 15:43:43: <info>  New job from eth-eu1.nanopool.org:9433
2021-02-15 15:43:43: [Statistics] Ethereum - Total speed: 45.911 MH/s, Total shares: 0 Rejected: 0, Time: 01:12
2021-02-15 15:43:43: [Statistics] Ethereum last 10 min - Total: 48.484 MH/s.
2021-02-15 15:43:46: <info>  New job from eth-eu1.nanopool.org:9433
2021-02-15 15:43:46: [Statistics] Ethereum - Total speed: 45.924 MH/s, Total shares: 0 Rejected: 0, Time: 01:15
2021-02-15 15:43:49: <info>  New job from eth-eu1.nanopool.org:9433
2021-02-15 15:43:49: [Statistics] Ethereum - Total speed: 46.006 MH/s, Total shares: 0 Rejected: 0, Time: 01:18
2021-02-15 15:43:52: <info>  New job from eth-eu1.nanopool.org:9433
2021-02-15 15:43:52: [Statistics] Ethereum - Total speed: 46.006 MH/s, Total shares: 0 Rejected: 0, Time: 01:21
2021-02-15 15:43:55: <info>  New job from eth-eu1.nanopool.org:9433
2021-02-15 15:43:55: [Statistics] Ethereum - Total speed: 46.078 MH/s, Total shares: 0 Rejected: 0, Time: 01:24
2021-02-15 15:43:55: [Statistics] Ethereum last 10 min - Total: 48.080 MH/s.
2021-02-15 15:43:58: <info>  New job from eth-eu1.nanopool.org:9433
2021-02-15 15:43:58: [Statistics] Ethereum - Total speed: 45.998 MH/s, Total shares: 0 Rejected: 0, Time: 01:27
2021-02-15 15:44:01: <info>  New job from eth-eu1.nanopool.org:9433
2021-02-15 15:44:01: [Statistics] Ethereum - Total speed: 45.939 MH/s, Total shares: 0 Rejected: 0, Time: 01:30
2021-02-15 15:44:04: <info>  New job from eth-eu1.nanopool.org:9433
2021-02-15 15:44:04: [Statistics] Ethereum - Total speed: 46.001 MH/s, Total shares: 0 Rejected: 0, Time: 01:33
2021-02-15 15:44:07: <info>  New job from eth-eu1.nanopool.org:9433
2021-02-15 15:44:07: [Statistics] Ethereum - Total speed: 46.027 MH/s, Total shares: 0 Rejected: 0, Time: 01:36
2021-02-15 15:44:07: [Statistics] Ethereum last 10 min - Total: 47.791 MH/s.
2021-02-15 15:44:10: <info>  New job from eth-eu1.nanopool.org:9433
2021-02-15 15:44:10: [Statistics] Ethereum - Total speed: 46.128 MH/s, Total shares: 0 Rejected: 0, Time: 01:39
2021-02-15 15:44:13: <info>  New job from eth-eu1.nanopool.org:9433
2021-02-15 15:44:13: [Statistics] Ethereum - Total speed: 46.084 MH/s, Total shares: 0 Rejected: 0, Time: 01:42
2021-02-15 15:44:15: <info>  New job from eth-eu1.nanopool.org:9433
2021-02-15 15:44:15: [Statistics] Ethereum - Total speed: 46.059 MH/s, Total shares: 0 Rejected: 0, Time: 01:44
2021-02-15 15:44:15: <info>  New job from eth-eu1.nanopool.org:9433
2021-02-15 15:44:15: [Statistics] Ethereum - Total speed: 46.114 MH/s, Total shares: 0 Rejected: 0, Time: 01:44
2021-02-15 15:44:15: [Statistics] Ethereum last 10 min - Total: 47.641 MH/s.
2021-02-15 15:44:18: <info>  New job from eth-eu1.nanopool.org:9433
2021-02-15 15:44:18: [Statistics] Ethereum - Total speed: 46.096 MH/s, Total shares: 0 Rejected: 0, Time: 01:47
2021-02-15 15:44:21: <info>  New job from eth-eu1.nanopool.org:9433
2021-02-15 15:44:21: [Statistics] Ethereum - Total speed: 46.126 MH/s, Total shares: 0 Rejected: 0, Time: 01:50
2021-02-15 15:44:22: <info>  New job from eth-eu1.nanopool.org:9433
2021-02-15 15:44:22: [Statistics] Ethereum - Total speed: 46.211 MH/s, Total shares: 0 Rejected: 0, Time: 01:51
2021-02-15 15:44:22: <info>  New job from eth-eu1.nanopool.org:9433
2021-02-15 15:44:22: [Statistics] Ethereum - Total speed: 46.261 MH/s, Total shares: 0 Rejected: 0, Time: 01:51
2021-02-15 15:44:22: [Statistics] Ethereum last 10 min - Total: 47.534 MH/s.
2021-02-15 15:44:25: <info>  New job from eth-eu1.nanopool.org:9433
2021-02-15 15:44:25: [Statistics] Ethereum - Total speed: 46.447 MH/s, Total shares: 0 Rejected: 0, Time: 01:54
2021-02-15 15:44:28: <info>  New job from eth-eu1.nanopool.org:9433
2021-02-15 15:44:28: [Statistics] Ethereum - Total speed: 46.404 MH/s, Total shares: 0 Rejected: 0, Time: 01:57
2021-02-15 15:44:28: <info>  New job from eth-eu1.nanopool.org:9433
2021-02-15 15:44:28: [Statistics] Ethereum - Total speed: 46.352 MH/s, Total shares: 0 Rejected: 0, Time: 01:57
2021-02-15 15:44:29: <info>  New job from eth-eu1.nanopool.org:9433
2021-02-15 15:44:29: [Statistics] Ethereum - Total speed: 45.732 MH/s, Total shares: 0 Rejected: 0, Time: 01:58
2021-02-15 15:44:29: [Statistics] Ethereum last 10 min - Total: 47.466 MH/s.
2021-02-15 15:44:32: <info>  New job from eth-eu1.nanopool.org:9433
2021-02-15 15:44:32: [Statistics] Ethereum - Total speed: 46.132 MH/s, Total shares: 0 Rejected: 0, Time: 02:01
2021-02-15 15:44:35: <info>  New job from eth-eu1.nanopool.org:9433
2021-02-15 15:44:35: [Statistics] Ethereum - Total speed: 46.218 MH/s, Total shares: 0 Rejected: 0, Time: 02:03
2021-02-15 15:44:38: <info>  New job from eth-eu1.nanopool.org:9433
2021-02-15 15:44:38: [Statistics] Ethereum - Total speed: 46.140 MH/s, Total shares: 0 Rejected: 0, Time: 02:07
2021-02-15 15:44:41: <info>  New job from eth-eu1.nanopool.org:9433
2021-02-15 15:44:41: [Statistics] Ethereum - Total speed: 46.103 MH/s, Total shares: 0 Rejected: 0, Time: 02:10
2021-02-15 15:44:41: [Statistics] Ethereum last 10 min - Total: 47.330 MH/s.
2021-02-15 15:44:44: <info>  New job from eth-eu1.nanopool.org:9433
2021-02-15 15:44:44: [Statistics] Ethereum - Total speed: 46.159 MH/s, Total shares: 0 Rejected: 0, Time: 02:13
2021-02-15 15:44:47: <info>  New job from eth-eu1.nanopool.org:9433
2021-02-15 15:44:47: [Statistics] Ethereum - Total speed: 46.131 MH/s, Total shares: 0 Rejected: 0, Time: 02:16
2021-02-15 15:44:50: <info>  New job from eth-eu1.nanopool.org:9433
2021-02-15 15:44:50: [Statistics] Ethereum - Total speed: 46.201 MH/s, Total shares: 0 Rejected: 0, Time: 02:19
2021-02-15 15:44:53: <info>  New job from eth-eu1.nanopool.org:9433
2021-02-15 15:44:53: [Statistics] Ethereum - Total speed: 46.148 MH/s, Total shares: 0 Rejected: 0, Time: 02:22
2021-02-15 15:44:53: [Statistics] Ethereum last 10 min - Total: 47.221 MH/s.
2021-02-15 15:44:56: <info>  New job from eth-eu1.nanopool.org:9433
2021-02-15 15:44:56: [Statistics] Ethereum - Total speed: 46.076 MH/s, Total shares: 0 Rejected: 0, Time: 02:25
2021-02-15 15:44:59: <info>  New job from eth-eu1.nanopool.org:9433
2021-02-15 15:44:59: [Statistics] Ethereum - Total speed: 46.143 MH/s, Total shares: 0 Rejected: 0, Time: 02:28
2021-02-15 15:45:02: <info>  New job from eth-eu1.nanopool.org:9433
2021-02-15 15:45:02: [Statistics] Ethereum - Total speed: 46.017 MH/s, Total shares: 0 Rejected: 0, Time: 02:31
2021-02-15 15:45:05: <info>  New job from eth-eu1.nanopool.org:9433
2021-02-15 15:45:05: [Statistics] Ethereum - Total speed: 46.124 MH/s, Total shares: 0 Rejected: 0, Time: 02:34
2021-02-15 15:45:05: [Statistics] Ethereum last 10 min - Total: 47.127 MH/s.
2021-02-15 15:45:08: <info>  New job from eth-eu1.nanopool.org:9433
2021-02-15 15:45:08: [Statistics] Ethereum - Total speed: 46.176 MH/s, Total shares: 0 Rejected: 0, Time: 02:37
2021-02-15 15:45:11: <info>  New job from eth-eu1.nanopool.org:9433
2021-02-15 15:45:11: [Statistics] Ethereum - Total speed: 46.207 MH/s, Total shares: 0 Rejected: 0, Time: 02:40
2021-02-15 15:45:14: <info>  New job from eth-eu1.nanopool.org:9433
2021-02-15 15:45:14: [Statistics] Ethereum - Total speed: 46.294 MH/s, Total shares: 0 Rejected: 0, Time: 02:43
2021-02-15 15:45:15: <info>  New job from eth-eu1.nanopool.org:9433
2021-02-15 15:45:15: [Statistics] Ethereum - Total speed: 46.239 MH/s, Total shares: 0 Rejected: 0, Time: 02:44
2021-02-15 15:45:15: [Statistics] Ethereum last 10 min - Total: 47.064 MH/s.
2021-02-15 15:45:16: <info>  New job from eth-eu1.nanopool.org:9433
2021-02-15 15:45:16: [Statistics] Ethereum - Total speed: 46.386 MH/s, Total shares: 0 Rejected: 0, Time: 02:45
2021-02-15 15:45:19: <info>  New job from eth-eu1.nanopool.org:9433
2021-02-15 15:45:19: [Statistics] Ethereum - Total speed: 46.340 MH/s, Total shares: 0 Rejected: 0, Time: 02:47
2021-02-15 15:45:22: <info>  New job from eth-eu1.nanopool.org:9433
2021-02-15 15:45:22: [Statistics] Ethereum - Total speed: 46.339 MH/s, Total shares: 0 Rejected: 0, Time: 02:50
2021-02-15 15:45:25: <info>  New job from eth-eu1.nanopool.org:9433
2021-02-15 15:45:25: [Statistics] Ethereum - Total speed: 46.363 MH/s, Total shares: 0 Rejected: 0, Time: 02:53
2021-02-15 15:45:25: [Statistics] Ethereum last 10 min - Total: 47.025 MH/s.
2021-02-15 15:45:28: <info>  New job from eth-eu1.nanopool.org:9433
2021-02-15 15:45:28: [Statistics] Ethereum - Total speed: 46.351 MH/s, Total shares: 0 Rejected: 0, Time: 02:57
2021-02-15 15:45:29: <info>  Ethereum - SHARE FOUND (GPU: 0, nonce: 0x1bf2fd4bc0e7e7d8).
2021-02-15 15:45:29: <info> Ethereum: share denied: Provided PoW solution is invalid! (50 ms).
2021-02-15 15:45:31: <info>  New job from eth-eu1.nanopool.org:9433
2021-02-15 15:45:31: [Statistics] Ethereum - Total speed: 46.344 MH/s, Total shares: 1 Rejected: 1, Time: 02:59
2021-02-15 15:45:34: <info>  New job from eth-eu1.nanopool.org:9433
2021-02-15 15:45:34: [Statistics] Ethereum - Total speed: 46.458 MH/s, Total shares: 1 Rejected: 1, Time: 03:02
2021-02-15 15:45:37: <info>  New job from eth-eu1.nanopool.org:9433
2021-02-15 15:45:37: [Statistics] Ethereum - Total speed: 46.422 MH/s, Total shares: 1 Rejected: 1, Time: 03:05
2021-02-15 15:45:37: [Statistics] Ethereum last 10 min - Total: 46.981 MH/s.
2021-02-15 15:45:40: <info>  New job from eth-eu1.nanopool.org:9433
2021-02-15 15:45:40: [Statistics] Ethereum - Total speed: 46.550 MH/s, Total shares: 1 Rejected: 1, Time: 03:09
2021-02-15 15:45:43: <info>  New job from eth-eu1.nanopool.org:9433
2021-02-15 15:45:43: [Statistics] Ethereum - Total speed: 47.447 MH/s, Total shares: 1 Rejected: 1, Time: 03:12
2021-02-15 15:45:46: <info>  New job from eth-eu1.nanopool.org:9433
2021-02-15 15:45:46: [Statistics] Ethereum - Total speed: 48.313 MH/s, Total shares: 1 Rejected: 1, Time: 03:15
2021-02-15 15:45:48: <info>  New job from eth-eu1.nanopool.org:9433
2021-02-15 15:45:48: [Statistics] Ethereum - Total speed: 49.111 MH/s, Total shares: 1 Rejected: 1, Time: 03:17
2021-02-15 15:45:48: [Statistics] Ethereum last 10 min - Total: 47.011 MH/s.
2021-02-15 15:45:52: <info>  New job from eth-eu1.nanopool.org:9433
2021-02-15 15:45:52: [Statistics] Ethereum - Total speed: 49.644 MH/s, Total shares: 1 Rejected: 1, Time: 03:21
2021-02-15 15:45:54: <info>  New job from eth-eu1.nanopool.org:9433
2021-02-15 15:45:54: [Statistics] Ethereum - Total speed: 50.361 MH/s, Total shares: 1 Rejected: 1, Time: 03:23
2021-02-15 15:45:57: <info>  New job from eth-eu1.nanopool.org:9433
2021-02-15 15:45:57: [Statistics] Ethereum - Total speed: 50.694 MH/s, Total shares: 1 Rejected: 1, Time: 03:26
2021-02-15 15:45:59: <info>  New job from eth-eu1.nanopool.org:9433
2021-02-15 15:45:59: [Statistics] Ethereum - Total speed: 51.127 MH/s, Total shares: 1 Rejected: 1, Time: 03:28
2021-02-15 15:45:59: [Statistics] Ethereum last 10 min - Total: 47.176 MH/s.
2021-02-15 15:45:59: <info>  New job from eth-eu1.nanopool.org:9433
2021-02-15 15:45:59: [Statistics] Ethereum - Total speed: 51.441 MH/s, Total shares: 1 Rejected: 1, Time: 03:28
2021-02-15 15:46:02: <info>  New job from eth-eu1.nanopool.org:9433
2021-02-15 15:46:02: [Statistics] Ethereum - Total speed: 51.771 MH/s, Total shares: 1 Rejected: 1, Time: 03:31
2021-02-15 15:46:05: <info>  New job from eth-eu1.nanopool.org:9433
2021-02-15 15:46:05: [Statistics] Ethereum - Total speed: 52.279 MH/s, Total shares: 1 Rejected: 1, Time: 03:34
2021-02-15 15:46:08: <info>  New job from eth-eu1.nanopool.org:9433
2021-02-15 15:46:11: [Statistics] Ethereum - Total speed: 52.513 MH/s, Total shares: 1 Rejected: 1, Time: 03:40
2021-02-15 15:46:11: [Statistics] Ethereum last 10 min - Total: 47.451 MH/s.
2021-02-15 15:46:11: <info>  New job from eth-eu1.nanopool.org:9433
2021-02-15 15:46:11: [Statistics] Ethereum - Total speed: 52.753 MH/s, Total shares: 1 Rejected: 1, Time: 03:40
2021-02-15 15:46:11: <info>  New job from eth-eu1.nanopool.org:9433
2021-02-15 15:46:11: [Statistics] Ethereum - Total speed: 52.753 MH/s, Total shares: 1 Rejected: 1, Time: 03:40
2021-02-15 15:46:13: <info>  New job from eth-eu1.nanopool.org:9433
2021-02-15 15:46:13: [Statistics] Ethereum - Total speed: 53.067 MH/s, Total shares: 1 Rejected: 1, Time: 03:41
2021-02-15 15:46:13: <info>  New job from eth-eu1.nanopool.org:9433
2021-02-15 15:46:13: [Statistics] Ethereum - Total speed: 53.270 MH/s, Total shares: 1 Rejected: 1, Time: 03:42
2021-02-15 15:46:13: [Statistics] Ethereum last 10 min - Total: 47.503 MH/s.
2021-02-15 15:46:13: <info>  New job from eth-eu1.nanopool.org:9433
2021-02-15 15:46:13: [Statistics] Ethereum - Total speed: 52.539 MH/s, Total shares: 1 Rejected: 1, Time: 03:42
2021-02-15 15:46:16: <info>  New job from eth-eu1.nanopool.org:9433
2021-02-15 15:46:16: [Statistics] Ethereum - Total speed: 52.631 MH/s, Total shares: 1 Rejected: 1, Time: 03:45
2021-02-15 15:46:19: <info>  New job from eth-eu1.nanopool.org:9433
2021-02-15 15:46:19: [Statistics] Ethereum - Total speed: 52.604 MH/s, Total shares: 1 Rejected: 1, Time: 03:48
2021-02-15 15:46:22: <info>  New job from eth-eu1.nanopool.org:9433
2021-02-15 15:46:22: [Statistics] Ethereum - Total speed: 52.278 MH/s, Total shares: 1 Rejected: 1, Time: 03:51
2021-02-15 15:46:22: [Statistics] Ethereum last 10 min - Total: 47.711 MH/s.
2021-02-15 15:46:25: <info>  New job from eth-eu1.nanopool.org:9433
2021-02-15 15:46:25: [Statistics] Ethereum - Total speed: 51.172 MH/s, Total shares: 1 Rejected: 1, Time: 03:54
2021-02-15 15:46:28: <info>  New job from eth-eu1.nanopool.org:9433
2021-02-15 15:46:28: [Statistics] Ethereum - Total speed: 51.243 MH/s, Total shares: 1 Rejected: 1, Time: 03:57
2021-02-15 15:46:31: <info>  New job from eth-eu1.nanopool.org:9433
2021-02-15 15:46:31: [Statistics] Ethereum - Total speed: 51.336 MH/s, Total shares: 1 Rejected: 1, Time: 04:00
2021-02-15 15:46:34: <info>  New job from eth-eu1.nanopool.org:9433
2021-02-15 15:46:34: [Statistics] Ethereum - Total speed: 51.880 MH/s, Total shares: 1 Rejected: 1, Time: 04:03
2021-02-15 15:46:34: [Statistics] Ethereum last 10 min - Total: 47.907 MH/s.
2021-02-15 15:46:37: <info>  New job from eth-eu1.nanopool.org:9433
2021-02-15 15:46:37: [Statistics] Ethereum - Total speed: 52.114 MH/s, Total shares: 1 Rejected: 1, Time: 04:06
2021-02-15 15:46:40: <info>  New job from eth-eu1.nanopool.org:9433
2021-02-15 15:46:40: [Statistics] Ethereum - Total speed: 52.559 MH/s, Total shares: 1 Rejected: 1, Time: 04:09
2021-02-15 15:46:43: <info>  New job from eth-eu1.nanopool.org:9433
2021-02-15 15:46:43: [Statistics] Ethereum - Total speed: 52.486 MH/s, Total shares: 1 Rejected: 1, Time: 04:12
2021-02-15 15:46:46: <info>  New job from eth-eu1.nanopool.org:9433
2021-02-15 15:46:46: [Statistics] Ethereum - Total speed: 52.673 MH/s, Total shares: 1 Rejected: 1, Time: 04:15
2021-02-15 15:46:46: [Statistics] Ethereum last 10 min - Total: 48.121 MH/s.
2021-02-15 15:46:49: <info>  New job from eth-eu1.nanopool.org:9433
2021-02-15 15:46:49: [Statistics] Ethereum - Total speed: 52.307 MH/s, Total shares: 1 Rejected: 1, Time: 04:18
2021-02-15 15:46:52: <info>  New job from eth-eu1.nanopool.org:9433
2021-02-15 15:46:52: [Statistics] Ethereum - Total speed: 52.533 MH/s, Total shares: 1 Rejected: 1, Time: 04:21
2021-02-15 15:46:55: <info>  New job from eth-eu1.nanopool.org:9433
2021-02-15 15:46:55: [Statistics] Ethereum - Total speed: 52.647 MH/s, Total shares: 1 Rejected: 1, Time: 04:24
2021-02-15 15:46:58: <info>  New job from eth-eu1.nanopool.org:9433
2021-02-15 15:46:58: [Statistics] Ethereum - Total speed: 52.867 MH/s, Total shares: 1 Rejected: 1, Time: 04:27
2021-02-15 15:46:58: [Statistics] Ethereum last 10 min - Total: 48.333 MH/s.
2021-02-15 15:47:01: <info>  New job from eth-eu1.nanopool.org:9433
2021-02-15 15:47:01: [Statistics] Ethereum - Total speed: 52.202 MH/s, Total shares: 1 Rejected: 1, Time: 04:30
2021-02-15 15:47:04: <info>  New job from eth-eu1.nanopool.org:9433
2021-02-15 15:47:04: [Statistics] Ethereum - Total speed: 51.853 MH/s, Total shares: 1 Rejected: 1, Time: 04:33
2021-02-15 15:47:07: <info>  New job from eth-eu1.nanopool.org:9433
2021-02-15 15:47:07: [Statistics] Ethereum - Total speed: 51.525 MH/s, Total shares: 1 Rejected: 1, Time: 04:36
2021-02-15 15:47:10: <info>  New job from eth-eu1.nanopool.org:9433
2021-02-15 15:47:10: [Statistics] Ethereum - Total speed: 52.038 MH/s, Total shares: 1 Rejected: 1, Time: 04:39
2021-02-15 15:47:10: [Statistics] Ethereum last 10 min - Total: 48.495 MH/s.
2021-02-15 15:47:10: <info>  New job from eth-eu1.nanopool.org:9433
2021-02-15 15:47:10: [Statistics] Ethereum - Total speed: 52.373 MH/s, Total shares: 1 Rejected: 1, Time: 04:39
2021-02-15 15:47:14: <info>  New job from eth-eu1.nanopool.org:9433
2021-02-15 15:47:14: [Statistics] Ethereum - Total speed: 52.853 MH/s, Total shares: 1 Rejected: 1, Time: 04:43
2021-02-15 15:47:17: <info>  New job from eth-eu1.nanopool.org:9433
2021-02-15 15:47:17: [Statistics] Ethereum - Total speed: 53.065 MH/s, Total shares: 1 Rejected: 1, Time: 04:45
2021-02-15 15:47:17: <info>  Ethereum - SHARE FOUND (GPU: 0, nonce: 0x87e1ebb471622898).
2021-02-15 15:47:17: <info> Ethereum: share denied: Provided PoW solution is invalid! (53 ms).
2021-02-15 15:47:20: <info>  New job from eth-eu1.nanopool.org:9433
2021-02-15 15:47:20: [Statistics] Ethereum - Total speed: 52.804 MH/s, Total shares: 2 Rejected: 2, Time: 04:49
2021-02-15 15:47:20: [Statistics] Ethereum last 10 min - Total: 48.642 MH/s.
2021-02-15 15:47:22: <info>  New job from eth-eu1.nanopool.org:9433
2021-02-15 15:47:22: [Statistics] Ethereum - Total speed: 53.004 MH/s, Total shares: 2 Rejected: 2, Time: 04:51
2021-02-15 15:47:25: <info>  New job from eth-eu1.nanopool.org:9433
2021-02-15 15:47:25: [Statistics] Ethereum - Total speed: 52.853 MH/s, Total shares: 2 Rejected: 2, Time: 04:54
2021-02-15 15:47:28: <info>  New job from eth-eu1.nanopool.org:9433
2021-02-15 15:47:28: [Statistics] Ethereum - Total speed: 52.808 MH/s, Total shares: 2 Rejected: 2, Time: 04:57
2021-02-15 15:47:32: <info>  New job from eth-eu1.nanopool.org:9433
2021-02-15 15:47:32: [Statistics] Ethereum - Total speed: 53.039 MH/s, Total shares: 2 Rejected: 2, Time: 05:01
2021-02-15 15:47:32: [Statistics] Ethereum last 10 min - Total: 48.822 MH/s.
2021-02-15 15:47:32: <info>  New job from eth-eu1.nanopool.org:9433
2021-02-15 15:47:32: [Statistics] Ethereum - Total speed: 53.039 MH/s, Total shares: 2 Rejected: 2, Time: 05:01
2021-02-15 15:47:36: <info>  New job from eth-eu1.nanopool.org:9433
2021-02-15 15:47:36: [Statistics] Ethereum - Total speed: 53.342 MH/s, Total shares: 2 Rejected: 2, Time: 05:05
2021-02-15 15:47:38: <info>  New job from eth-eu1.nanopool.org:9433
2021-02-15 15:47:38: [Statistics] Ethereum - Total speed: 53.240 MH/s, Total shares: 2 Rejected: 2, Time: 05:07
2021-02-15 15:47:41: <info>  New job from eth-eu1.nanopool.org:9433
2021-02-15 15:47:41: [Statistics] Ethereum - Total speed: 53.420 MH/s, Total shares: 2 Rejected: 2, Time: 05:10
2021-02-15 15:47:41: [Statistics] Ethereum last 10 min - Total: 48.954 MH/s.
2021-02-15 15:47:44: <info>  New job from eth-eu1.nanopool.org:9433
2021-02-15 15:47:44: [Statistics] Ethereum - Total speed: 53.481 MH/s, Total shares: 2 Rejected: 2, Time: 05:13
2021-02-15 15:47:47: <info>  New job from eth-eu1.nanopool.org:9433
2021-02-15 15:47:47: [Statistics] Ethereum - Total speed: 53.498 MH/s, Total shares: 2 Rejected: 2, Time: 05:16
2021-02-15 15:47:50: <info>  New job from eth-eu1.nanopool.org:9433
2021-02-15 15:47:50: [Statistics] Ethereum - Total speed: 53.677 MH/s, Total shares: 2 Rejected: 2, Time: 05:19
2021-02-15 15:47:53: <info>  New job from eth-eu1.nanopool.org:9433
2021-02-15 15:47:53: [Statistics] Ethereum - Total speed: 53.535 MH/s, Total shares: 2 Rejected: 2, Time: 05:22
2021-02-15 15:47:53: [Statistics] Ethereum last 10 min - Total: 49.130 MH/s.
2021-02-15 15:47:56: <info>  New job from eth-eu1.nanopool.org:9433
2021-02-15 15:47:56: [Statistics] Ethereum - Total speed: 53.412 MH/s, Total shares: 2 Rejected: 2, Time: 05:25
2021-02-15 15:47:59: <info>  New job from eth-eu1.nanopool.org:9433
2021-02-15 15:47:59: [Statistics] Ethereum - Total speed: 52.432 MH/s, Total shares: 2 Rejected: 2, Time: 05:28
2021-02-15 15:47:59: <info>  New job from eth-eu1.nanopool.org:9433
2021-02-15 15:47:59: [Statistics] Ethereum - Total speed: 52.186 MH/s, Total shares: 2 Rejected: 2, Time: 05:28
2021-02-15 15:48:00: <info>  New job from eth-eu1.nanopool.org:9433
2021-02-15 15:48:00: [Statistics] Ethereum - Total speed: 52.244 MH/s, Total shares: 2 Rejected: 2, Time: 05:28
2021-02-15 15:48:00: [Statistics] Ethereum last 10 min - Total: 49.212 MH/s.
2021-02-15 15:48:02: <info>  New job from eth-eu1.nanopool.org:9433
2021-02-15 15:48:02: [Statistics] Ethereum - Total speed: 52.201 MH/s, Total shares: 2 Rejected: 2, Time: 05:31
2021-02-15 15:48:05: <info>  New job from eth-eu1.nanopool.org:9433
2021-02-15 15:48:05: [Statistics] Ethereum - Total speed: 52.251 MH/s, Total shares: 2 Rejected: 2, Time: 05:34
2021-02-15 15:48:08: <info>  New job from eth-eu1.nanopool.org:9433
2021-02-15 15:48:08: [Statistics] Ethereum - Total speed: 52.223 MH/s, Total shares: 2 Rejected: 2, Time: 05:37
2021-02-15 15:48:11: <info>  New job from eth-eu1.nanopool.org:9433
2021-02-15 15:48:11: [Statistics] Ethereum - Total speed: 52.219 MH/s, Total shares: 2 Rejected: 2, Time: 05:40
2021-02-15 15:48:11: [Statistics] Ethereum last 10 min - Total: 49.320 MH/s.
2021-02-15 15:48:14: <info>  New job from eth-eu1.nanopool.org:9433
2021-02-15 15:48:14: [Statistics] Ethereum - Total speed: 52.352 MH/s, Total shares: 2 Rejected: 2, Time: 05:43
2021-02-15 15:48:17: <info>  New job from eth-eu1.nanopool.org:9433
2021-02-15 15:48:17: [Statistics] Ethereum - Total speed: 51.291 MH/s, Total shares: 2 Rejected: 2, Time: 05:46
2021-02-15 15:48:20: <info>  New job from eth-eu1.nanopool.org:9433
2021-02-15 15:48:20: [Statistics] Ethereum - Total speed: 51.136 MH/s, Total shares: 2 Rejected: 2, Time: 05:49
2021-02-15 15:48:21: <info>  Ethereum - SHARE FOUND (GPU: 0, nonce: 0x06490b976ec01923).
2021-02-15 15:48:21: <info> Ethereum: share accepted (58 ms)!
2021-02-15 15:48:23: <info>  New job from eth-eu1.nanopool.org:9433
2021-02-15 15:48:23: [Statistics] Ethereum - Total speed: 51.020 MH/s, Total shares: 3 Rejected: 2, Time: 05:52
2021-02-15 15:48:23: [Statistics] Ethereum last 10 min - Total: 49.400 MH/s.
2021-02-15 15:48:26: <info>  New job from eth-eu1.nanopool.org:9433
2021-02-15 15:48:26: [Statistics] Ethereum - Total speed: 51.085 MH/s, Total shares: 3 Rejected: 2, Time: 05:55
2021-02-15 15:48:27: <info>  New job from eth-eu1.nanopool.org:9433
2021-02-15 15:48:27: [Statistics] Ethereum - Total speed: 51.049 MH/s, Total shares: 3 Rejected: 2, Time: 05:56
2021-02-15 15:48:30: <info>  New job from eth-eu1.nanopool.org:9433
2021-02-15 15:48:30: [Statistics] Ethereum - Total speed: 51.250 MH/s, Total shares: 3 Rejected: 2, Time: 05:59
2021-02-15 15:48:32: <info>  New job from eth-eu1.nanopool.org:9433
2021-02-15 15:48:32: [Statistics] Ethereum - Total speed: 51.259 MH/s, Total shares: 3 Rejected: 2, Time: 06:01
2021-02-15 15:48:32: [Statistics] Ethereum last 10 min - Total: 49.441 MH/s.
2021-02-15 15:48:34: <info>  New job from eth-eu1.nanopool.org:9433
2021-02-15 15:48:34: [Statistics] Ethereum - Total speed: 51.378 MH/s, Total shares: 3 Rejected: 2, Time: 06:03
2021-02-15 15:48:35: <info>  New job from eth-eu1.nanopool.org:9433
2021-02-15 15:48:35: [Statistics] Ethereum - Total speed: 50.644 MH/s, Total shares: 3 Rejected: 2, Time: 06:04
2021-02-15 15:48:38: <info>  New job from eth-eu1.nanopool.org:9433
2021-02-15 15:48:38: [Statistics] Ethereum - Total speed: 50.778 MH/s, Total shares: 3 Rejected: 2, Time: 06:07
2021-02-15 15:48:40: <info>  New job from eth-eu1.nanopool.org:9433
2021-02-15 15:48:40: [Statistics] Ethereum - Total speed: 49.758 MH/s, Total shares: 3 Rejected: 2, Time: 06:09
2021-02-15 15:48:40: [Statistics] Ethereum last 10 min - Total: 49.474 MH/s.
2021-02-15 15:48:44: <info>  New job from eth-eu1.nanopool.org:9433
2021-02-15 15:48:44: [Statistics] Ethereum - Total speed: 49.050 MH/s, Total shares: 3 Rejected: 2, Time: 06:13
2021-02-15 15:48:47: <info>  New job from eth-eu1.nanopool.org:9433
2021-02-15 15:48:47: [Statistics] Ethereum - Total speed: 49.319 MH/s, Total shares: 3 Rejected: 2, Time: 06:16
2021-02-15 15:48:50: <info>  New job from eth-eu1.nanopool.org:9433
2021-02-15 15:48:50: [Statistics] Ethereum - Total speed: 49.665 MH/s, Total shares: 3 Rejected: 2, Time: 06:19
2021-02-15 15:48:53: <info>  New job from eth-eu1.nanopool.org:9433
2021-02-15 15:48:53: [Statistics] Ethereum - Total speed: 49.801 MH/s, Total shares: 3 Rejected: 2, Time: 06:22
2021-02-15 15:48:53: [Statistics] Ethereum last 10 min - Total: 49.473 MH/s.
2021-02-15 15:48:56: <info>  New job from eth-eu1.nanopool.org:9433
2021-02-15 15:48:56: [Statistics] Ethereum - Total speed: 49.280 MH/s, Total shares: 3 Rejected: 2, Time: 06:25
2021-02-15 15:48:59: <info>  New job from eth-eu1.nanopool.org:9433
2021-02-15 15:48:59: [Statistics] Ethereum - Total speed: 49.130 MH/s, Total shares: 3 Rejected: 2, Time: 06:27
2021-02-15 15:49:01: <info>  New job from eth-eu1.nanopool.org:9433
2021-02-15 15:49:01: [Statistics] Ethereum - Total speed: 48.868 MH/s, Total shares: 3 Rejected: 2, Time: 06:30
2021-02-15 15:49:04: <info>  New job from eth-eu1.nanopool.org:9433
2021-02-15 15:49:04: [Statistics] Ethereum - Total speed: 48.991 MH/s, Total shares: 3 Rejected: 2, Time: 06:33
2021-02-15 15:49:04: [Statistics] Ethereum last 10 min - Total: 49.465 MH/s.
2021-02-15 15:49:07: <info>  New job from eth-eu1.nanopool.org:9433
2021-02-15 15:49:07: [Statistics] Ethereum - Total speed: 49.262 MH/s, Total shares: 3 Rejected: 2, Time: 06:36
2021-02-15 15:49:10: <info>  New job from eth-eu1.nanopool.org:9433
2021-02-15 15:49:10: [Statistics] Ethereum - Total speed: 48.780 MH/s, Total shares: 3 Rejected: 2, Time: 06:39
2021-02-15 15:49:10: <info>  New job from eth-eu1.nanopool.org:9433
2021-02-15 15:49:10: [Statistics] Ethereum - Total speed: 48.970 MH/s, Total shares: 3 Rejected: 2, Time: 06:39
2021-02-15 15:49:12: <info>  New job from eth-eu1.nanopool.org:9433
2021-02-15 15:49:12: [Statistics] Ethereum - Total speed: 48.788 MH/s, Total shares: 3 Rejected: 2, Time: 06:41
2021-02-15 15:49:12: [Statistics] Ethereum last 10 min - Total: 49.456 MH/s.
2021-02-15 15:49:14: <info>  New job from eth-eu1.nanopool.org:9433
2021-02-15 15:49:14: [Statistics] Ethereum - Total speed: 49.233 MH/s, Total shares: 3 Rejected: 2, Time: 06:43
2021-02-15 15:49:16: <info>  New job from eth-eu1.nanopool.org:9433
2021-02-15 15:49:16: [Statistics] Ethereum - Total speed: 49.284 MH/s, Total shares: 3 Rejected: 2, Time: 06:45
2021-02-15 15:49:19: <info>  New job from eth-eu1.nanopool.org:9433
2021-02-15 15:49:19: [Statistics] Ethereum - Total speed: 49.636 MH/s, Total shares: 3 Rejected: 2, Time: 06:48
2021-02-15 15:49:22: <info>  New job from eth-eu1.nanopool.org:9433
2021-02-15 15:49:22: [Statistics] Ethereum - Total speed: 49.853 MH/s, Total shares: 3 Rejected: 2, Time: 06:51
2021-02-15 15:49:22: [Statistics] Ethereum last 10 min - Total: 49.455 MH/s.
2021-02-15 15:49:25: <info>  New job from eth-eu1.nanopool.org:9433
2021-02-15 15:49:25: [Statistics] Ethereum - Total speed: 50.192 MH/s, Total shares: 3 Rejected: 2, Time: 06:54
2021-02-15 15:49:28: <info>  New job from eth-eu1.nanopool.org:9433
2021-02-15 15:49:28: [Statistics] Ethereum - Total speed: 50.319 MH/s, Total shares: 3 Rejected: 2, Time: 06:57
2021-02-15 15:49:31: <info>  New job from eth-eu1.nanopool.org:9433
2021-02-15 15:49:31: [Statistics] Ethereum - Total speed: 50.437 MH/s, Total shares: 3 Rejected: 2, Time: 07:00
2021-02-15 15:49:32: <info>  New job from eth-eu1.nanopool.org:9433
2021-02-15 15:49:32: [Statistics] Ethereum - Total speed: 50.693 MH/s, Total shares: 3 Rejected: 2, Time: 07:01
2021-02-15 15:49:32: [Statistics] Ethereum last 10 min - Total: 49.473 MH/s.
2021-02-15 15:49:35: <info>  New job from eth-eu1.nanopool.org:9433
2021-02-15 15:49:35: [Statistics] Ethereum - Total speed: 50.978 MH/s, Total shares: 3 Rejected: 2, Time: 07:04
2021-02-15 15:49:37: <info>  New job from eth-eu1.nanopool.org:9433
2021-02-15 15:49:37: [Statistics] Ethereum - Total speed: 51.081 MH/s, Total shares: 3 Rejected: 2, Time: 07:05
2021-02-15 15:49:37: <info>  New job from eth-eu1.nanopool.org:9433
2021-02-15 15:49:37: [Statistics] Ethereum - Total speed: 51.302 MH/s, Total shares: 3 Rejected: 2, Time: 07:06
2021-02-15 15:49:40: <info>  New job from eth-eu1.nanopool.org:9433
2021-02-15 15:49:40: [Statistics] Ethereum - Total speed: 51.532 MH/s, Total shares: 3 Rejected: 2, Time: 07:09
2021-02-15 15:49:40: [Statistics] Ethereum last 10 min - Total: 49.503 MH/s.
2021-02-15 15:49:41: <info>  New job from eth-eu1.nanopool.org:9433
2021-02-15 15:49:41: [Statistics] Ethereum - Total speed: 51.556 MH/s, Total shares: 3 Rejected: 2, Time: 07:10
2021-02-15 15:49:44: <info>  New job from eth-eu1.nanopool.org:9433
2021-02-15 15:49:44: [Statistics] Ethereum - Total speed: 51.751 MH/s, Total shares: 3 Rejected: 2, Time: 07:13
2021-02-15 15:49:47: <info>  New job from eth-eu1.nanopool.org:9433
2021-02-15 15:49:47: [Statistics] Ethereum - Total speed: 51.755 MH/s, Total shares: 3 Rejected: 2, Time: 07:16
2021-02-15 15:49:51: <info>  New job from eth-eu1.nanopool.org:9433
2021-02-15 15:49:51: [Statistics] Ethereum - Total speed: 51.774 MH/s, Total shares: 3 Rejected: 2, Time: 07:19
2021-02-15 15:49:51: [Statistics] Ethereum last 10 min - Total: 49.558 MH/s.
2021-02-15 15:49:53: <info>  New job from eth-eu1.nanopool.org:9433
2021-02-15 15:49:53: [Statistics] Ethereum - Total speed: 51.463 MH/s, Total shares: 3 Rejected: 2, Time: 07:22
2021-02-15 15:49:57: <info>  New job from eth-eu1.nanopool.org:9433
2021-02-15 15:49:57: [Statistics] Ethereum - Total speed: 51.516 MH/s, Total shares: 3 Rejected: 2, Time: 07:25
2021-02-15 15:50:00: <info>  New job from eth-eu1.nanopool.org:9433
2021-02-15 15:50:00: [Statistics] Ethereum - Total speed: 51.704 MH/s, Total shares: 3 Rejected: 2, Time: 07:28
2021-02-15 15:50:02: <info>  New job from eth-eu1.nanopool.org:9433
2021-02-15 15:50:02: [Statistics] Ethereum - Total speed: 51.720 MH/s, Total shares: 3 Rejected: 2, Time: 07:31
2021-02-15 15:50:02: [Statistics] Ethereum last 10 min - Total: 49.612 MH/s.
2021-02-15 15:50:04: <info>  New job from eth-eu1.nanopool.org:9433
2021-02-15 15:50:04: [Statistics] Ethereum - Total speed: 51.897 MH/s, Total shares: 3 Rejected: 2, Time: 07:33
2021-02-15 15:50:04: <info>  New job from eth-eu1.nanopool.org:9433
2021-02-15 15:50:04: [Statistics] Ethereum - Total speed: 51.718 MH/s, Total shares: 3 Rejected: 2, Time: 07:33
2021-02-15 15:50:07: <info>  New job from eth-eu1.nanopool.org:9433
2021-02-15 15:50:07: [Statistics] Ethereum - Total speed: 51.846 MH/s, Total shares: 3 Rejected: 2, Time: 07:36
2021-02-15 15:50:10: <info>  New job from eth-eu1.nanopool.org:9433
2021-02-15 15:50:10: [Statistics] Ethereum - Total speed: 52.011 MH/s, Total shares: 3 Rejected: 2, Time: 07:39
2021-02-15 15:50:10: [Statistics] Ethereum last 10 min - Total: 49.650 MH/s.
2021-02-15 15:50:13: <info>  New job from eth-eu1.nanopool.org:9433
2021-02-15 15:50:13: [Statistics] Ethereum - Total speed: 51.974 MH/s, Total shares: 3 Rejected: 2, Time: 07:42
2021-02-15 15:50:16: <info>  New job from eth-eu1.nanopool.org:9433
2021-02-15 15:50:16: [Statistics] Ethereum - Total speed: 51.780 MH/s, Total shares: 3 Rejected: 2, Time: 07:45
2021-02-15 15:50:19: <info>  New job from eth-eu1.nanopool.org:9433
2021-02-15 15:50:19: [Statistics] Ethereum - Total speed: 51.919 MH/s, Total shares: 3 Rejected: 2, Time: 07:48
2021-02-15 15:50:22: <info>  New job from eth-eu1.nanopool.org:9433
2021-02-15 15:50:22: [Statistics] Ethereum - Total speed: 51.898 MH/s, Total shares: 3 Rejected: 2, Time: 07:51
2021-02-15 15:50:22: [Statistics] Ethereum last 10 min - Total: 49.710 MH/s.
2021-02-15 15:50:25: <info>  New job from eth-eu1.nanopool.org:9433
2021-02-15 15:50:25: [Statistics] Ethereum - Total speed: 52.016 MH/s, Total shares: 3 Rejected: 2, Time: 07:54
2021-02-15 15:50:28: <info>  New job from eth-eu1.nanopool.org:9433
2021-02-15 15:50:28: [Statistics] Ethereum - Total speed: 52.004 MH/s, Total shares: 3 Rejected: 2, Time: 07:57
2021-02-15 15:50:31: <info>  New job from eth-eu1.nanopool.org:9433
2021-02-15 15:50:31: [Statistics] Ethereum - Total speed: 51.813 MH/s, Total shares: 3 Rejected: 2, Time: 08:00
2021-02-15 15:50:31: <info>  New job from eth-eu1.nanopool.org:9433
2021-02-15 15:50:31: [Statistics] Ethereum - Total speed: 51.088 MH/s, Total shares: 3 Rejected: 2, Time: 08:00
2021-02-15 15:50:31: [Statistics] Ethereum last 10 min - Total: 49.753 MH/s.
2021-02-15 15:50:34: <info>  New job from eth-eu1.nanopool.org:9433
2021-02-15 15:50:34: [Statistics] Ethereum - Total speed: 51.353 MH/s, Total shares: 3 Rejected: 2, Time: 08:03
2021-02-15 15:50:37: <info>  New job from eth-eu1.nanopool.org:9433
2021-02-15 15:50:37: [Statistics] Ethereum - Total speed: 51.394 MH/s, Total shares: 3 Rejected: 2, Time: 08:06
2021-02-15 15:50:38: <info>  New job from eth-eu1.nanopool.org:9433
2021-02-15 15:50:38: [Statistics] Ethereum - Total speed: 51.611 MH/s, Total shares: 3 Rejected: 2, Time: 08:07
2021-02-15 15:50:38: <info>  New job from eth-eu1.nanopool.org:9433
2021-02-15 15:50:38: [Statistics] Ethereum - Total speed: 51.611 MH/s, Total shares: 3 Rejected: 2, Time: 08:07
2021-02-15 15:50:38: [Statistics] Ethereum last 10 min - Total: 49.777 MH/s.
2021-02-15 15:50:41: <info>  New job from eth-eu1.nanopool.org:9433
2021-02-15 15:50:41: [Statistics] Ethereum - Total speed: 51.473 MH/s, Total shares: 3 Rejected: 2, Time: 08:10
2021-02-15 15:50:44: <info>  New job from eth-eu1.nanopool.org:9433
2021-02-15 15:50:44: [Statistics] Ethereum - Total speed: 51.681 MH/s, Total shares: 3 Rejected: 2, Time: 08:13
2021-02-15 15:50:48: <info>  New job from eth-eu1.nanopool.org:9433
2021-02-15 15:50:48: [Statistics] Ethereum - Total speed: 51.361 MH/s, Total shares: 3 Rejected: 2, Time: 08:16
2021-02-15 15:50:51: <info>  New job from eth-eu1.nanopool.org:9433
2021-02-15 15:50:51: [Statistics] Ethereum - Total speed: 50.718 MH/s, Total shares: 3 Rejected: 2, Time: 08:19
2021-02-15 15:50:51: [Statistics] Ethereum last 10 min - Total: 49.818 MH/s.
2021-02-15 15:50:53: <info>  New job from eth-eu1.nanopool.org:9433
2021-02-15 15:50:53: [Statistics] Ethereum - Total speed: 49.713 MH/s, Total shares: 3 Rejected: 2, Time: 08:22
2021-02-15 15:50:54: <info>  New job from eth-eu1.nanopool.org:9433
2021-02-15 15:50:54: [Statistics] Ethereum - Total speed: 48.660 MH/s, Total shares: 3 Rejected: 2, Time: 08:23
2021-02-15 15:50:57: <info>  New job from eth-eu1.nanopool.org:9433
2021-02-15 15:50:57: [Statistics] Ethereum - Total speed: 46.549 MH/s, Total shares: 3 Rejected: 2, Time: 08:26
2021-02-15 15:50:59: <info>  New job from eth-eu1.nanopool.org:9433
2021-02-15 15:50:59: [Statistics] Ethereum - Total speed: 45.824 MH/s, Total shares: 3 Rejected: 2, Time: 08:28
2021-02-15 15:50:59: [Statistics] Ethereum last 10 min - Total: 49.793 MH/s.
2021-02-15 15:51:00: <info>  New job from eth-eu1.nanopool.org:9433
2021-02-15 15:51:00: [Statistics] Ethereum - Total speed: 46.363 MH/s, Total shares: 3 Rejected: 2, Time: 08:29
2021-02-15 15:51:02: <info>  New job from eth-eu1.nanopool.org:9433
2021-02-15 15:51:02: [Statistics] Ethereum - Total speed: 45.356 MH/s, Total shares: 3 Rejected: 2, Time: 08:31
2021-02-15 15:51:04: <info>  New job from eth-eu1.nanopool.org:9433
2021-02-15 15:51:04: [Statistics] Ethereum - Total speed: 44.333 MH/s, Total shares: 3 Rejected: 2, Time: 08:33
2021-02-15 15:51:07: <info>  New job from eth-eu1.nanopool.org:9433
2021-02-15 15:51:07: [Statistics] Ethereum - Total speed: 44.898 MH/s, Total shares: 3 Rejected: 2, Time: 08:36
2021-02-15 15:51:07: [Statistics] Ethereum last 10 min - Total: 49.721 MH/s.
2021-02-15 15:51:10: <info>  New job from eth-eu1.nanopool.org:9433
2021-02-15 15:51:10: [Statistics] Ethereum - Total speed: 45.172 MH/s, Total shares: 3 Rejected: 2, Time: 08:39
2021-02-15 15:51:13: <info>  New job from eth-eu1.nanopool.org:9433
2021-02-15 15:51:13: [Statistics] Ethereum - Total speed: 44.941 MH/s, Total shares: 3 Rejected: 2, Time: 08:42
2021-02-15 15:51:16: <info>  New job from eth-eu1.nanopool.org:9433
2021-02-15 15:51:16: [Statistics] Ethereum - Total speed: 44.565 MH/s, Total shares: 3 Rejected: 2, Time: 08:45
2021-02-15 15:51:18: <info>  New job from eth-eu1.nanopool.org:9433
2021-02-15 15:51:18: [Statistics] Ethereum - Total speed: 44.946 MH/s, Total shares: 3 Rejected: 2, Time: 08:47
2021-02-15 15:51:18: [Statistics] Ethereum last 10 min - Total: 49.618 MH/s.
2021-02-15 15:51:20: <info>  New job from eth-eu1.nanopool.org:9433
2021-02-15 15:51:20: [Statistics] Ethereum - Total speed: 45.583 MH/s, Total shares: 3 Rejected: 2, Time: 08:49
2021-02-15 15:51:24: <info>  New job from eth-eu1.nanopool.org:9433
2021-02-15 15:51:24: [Statistics] Ethereum - Total speed: 46.269 MH/s, Total shares: 3 Rejected: 2, Time: 08:53
2021-02-15 15:51:27: <info>  New job from eth-eu1.nanopool.org:9433
2021-02-15 15:51:27: [Statistics] Ethereum - Total speed: 46.864 MH/s, Total shares: 3 Rejected: 2, Time: 08:56
2021-02-15 15:51:29: <info>  New job from eth-eu1.nanopool.org:9433
2021-02-15 15:51:29: [Statistics] Ethereum - Total speed: 46.916 MH/s, Total shares: 3 Rejected: 2, Time: 08:58
2021-02-15 15:51:29: [Statistics] Ethereum last 10 min - Total: 49.541 MH/s.
2021-02-15 15:51:33: <info>  New job from eth-eu1.nanopool.org:9433
2021-02-15 15:51:33: [Statistics] Ethereum - Total speed: 46.369 MH/s, Total shares: 3 Rejected: 2, Time: 09:02
2021-02-15 15:51:35: <info>  New job from eth-eu1.nanopool.org:9433
2021-02-15 15:51:35: [Statistics] Ethereum - Total speed: 47.000 MH/s, Total shares: 3 Rejected: 2, Time: 09:04
2021-02-15 15:51:38: <info>  New job from eth-eu1.nanopool.org:9433
2021-02-15 15:51:38: [Statistics] Ethereum - Total speed: 47.614 MH/s, Total shares: 3 Rejected: 2, Time: 09:07
2021-02-15 15:51:41: <info>  New job from eth-eu1.nanopool.org:9433
2021-02-15 15:51:41: [Statistics] Ethereum - Total speed: 48.062 MH/s, Total shares: 3 Rejected: 2, Time: 09:10
2021-02-15 15:51:41: [Statistics] Ethereum last 10 min - Total: 49.487 MH/s.
2021-02-15 15:51:45: <info>  New job from eth-eu1.nanopool.org:9433
2021-02-15 15:51:45: [Statistics] Ethereum - Total speed: 48.613 MH/s, Total shares: 3 Rejected: 2, Time: 09:14
2021-02-15 15:51:47: <info>  New job from eth-eu1.nanopool.org:9433
2021-02-15 15:51:47: [Statistics] Ethereum - Total speed: 48.905 MH/s, Total shares: 3 Rejected: 2, Time: 09:16
2021-02-15 15:51:47: <info>  New job from eth-eu1.nanopool.org:9433
2021-02-15 15:51:47: [Statistics] Ethereum - Total speed: 49.363 MH/s, Total shares: 3 Rejected: 2, Time: 09:16
2021-02-15 15:51:50: <info>  New job from eth-eu1.nanopool.org:9433
2021-02-15 15:51:50: [Statistics] Ethereum - Total speed: 49.747 MH/s, Total shares: 3 Rejected: 2, Time: 09:19
2021-02-15 15:51:50: [Statistics] Ethereum last 10 min - Total: 49.477 MH/s.
2021-02-15 15:51:54: <info>  New job from eth-eu1.nanopool.org:9433
2021-02-15 15:51:54: [Statistics] Ethereum - Total speed: 49.964 MH/s, Total shares: 3 Rejected: 2, Time: 09:23
2021-02-15 15:51:56: <info>  New job from eth-eu1.nanopool.org:9433
2021-02-15 15:51:56: [Statistics] Ethereum - Total speed: 50.214 MH/s, Total shares: 3 Rejected: 2, Time: 09:25
2021-02-15 15:51:59: <info>  New job from eth-eu1.nanopool.org:9433
2021-02-15 15:51:59: [Statistics] Ethereum - Total speed: 50.541 MH/s, Total shares: 3 Rejected: 2, Time: 09:28
2021-02-15 15:52:02: <info>  New job from eth-eu1.nanopool.org:9433
2021-02-15 15:52:02: [Statistics] Ethereum - Total speed: 50.687 MH/s, Total shares: 3 Rejected: 2, Time: 09:31
2021-02-15 15:52:02: [Statistics] Ethereum last 10 min - Total: 49.493 MH/s.
2021-02-15 15:52:05: <info>  New job from eth-eu1.nanopool.org:9433
2021-02-15 15:52:05: [Statistics] Ethereum - Total speed: 50.967 MH/s, Total shares: 3 Rejected: 2, Time: 09:34
2021-02-15 15:52:08: <info>  New job from eth-eu1.nanopool.org:9433
2021-02-15 15:52:08: [Statistics] Ethereum - Total speed: 51.075 MH/s, Total shares: 3 Rejected: 2, Time: 09:37
2021-02-15 15:52:11: <info>  New job from eth-eu1.nanopool.org:9433
2021-02-15 15:52:11: [Statistics] Ethereum - Total speed: 51.187 MH/s, Total shares: 3 Rejected: 2, Time: 09:40
2021-02-15 15:52:14: <info>  New job from eth-eu1.nanopool.org:9433
2021-02-15 15:52:14: [Statistics] Ethereum - Total speed: 51.429 MH/s, Total shares: 3 Rejected: 2, Time: 09:43
2021-02-15 15:52:14: [Statistics] Ethereum last 10 min - Total: 49.526 MH/s.
2021-02-15 15:52:17: <info>  New job from eth-eu1.nanopool.org:9433
2021-02-15 15:52:17: [Statistics] Ethereum - Total speed: 51.463 MH/s, Total shares: 3 Rejected: 2, Time: 09:46
2021-02-15 15:52:20: <info>  New job from eth-eu1.nanopool.org:9433
2021-02-15 15:52:20: [Statistics] Ethereum - Total speed: 51.679 MH/s, Total shares: 3 Rejected: 2, Time: 09:49
2021-02-15 15:52:23: <info>  New job from eth-eu1.nanopool.org:9433
2021-02-15 15:52:23: [Statistics] Ethereum - Total speed: 51.712 MH/s, Total shares: 3 Rejected: 2, Time: 09:52
2021-02-15 15:52:26: <info>  New job from eth-eu1.nanopool.org:9433
2021-02-15 15:52:26: [Statistics] Ethereum - Total speed: 51.763 MH/s, Total shares: 3 Rejected: 2, Time: 09:55
2021-02-15 15:52:26: [Statistics] Ethereum last 10 min - Total: 49.570 MH/s.
2021-02-15 15:52:29: <info>  New job from eth-eu1.nanopool.org:9433
2021-02-15 15:52:29: [Statistics] Ethereum - Total speed: 51.633 MH/s, Total shares: 3 Rejected: 2, Time: 09:58
2021-02-15 15:52:32: <info>  New job from eth-eu1.nanopool.org:9433
2021-02-15 15:52:32: [Statistics] Ethereum - Total speed: 51.671 MH/s, Total shares: 3 Rejected: 2, Time: 10:01
2021-02-15 15:52:35: <info>  New job from eth-eu1.nanopool.org:9433
2021-02-15 15:52:35: [Statistics] Ethereum - Total speed: 51.797 MH/s, Total shares: 3 Rejected: 2, Time: 10:03
2021-02-15 15:52:37: <info>  New job from eth-eu1.nanopool.org:9433
2021-02-15 15:52:37: [Statistics] Ethereum - Total speed: 51.686 MH/s, Total shares: 3 Rejected: 2, Time: 10:06
2021-02-15 15:52:37: [Statistics] Ethereum last 10 min - Total: 49.610 MH/s.
2021-02-15 15:52:38: <info>  New job from eth-eu1.nanopool.org:9433
2021-02-15 15:52:38: [Statistics] Ethereum - Total speed: 51.868 MH/s, Total shares: 3 Rejected: 2, Time: 10:07
2021-02-15 15:52:38: <info>  New job from eth-eu1.nanopool.org:9433
2021-02-15 15:52:38: [Statistics] Ethereum - Total speed: 51.307 MH/s, Total shares: 3 Rejected: 2, Time: 10:07
2021-02-15 15:52:42: <info>  New job from eth-eu1.nanopool.org:9433
2021-02-15 15:52:42: [Statistics] Ethereum - Total speed: 51.532 MH/s, Total shares: 3 Rejected: 2, Time: 10:11
2021-02-15 15:52:44: <info>  New job from eth-eu1.nanopool.org:9433
2021-02-15 15:52:44: [Statistics] Ethereum - Total speed: 51.670 MH/s, Total shares: 3 Rejected: 2, Time: 10:13
2021-02-15 15:52:44: [Statistics] Ethereum last 10 min - Total: 49.588 MH/s.
2021-02-15 15:52:46: <info>  New job from eth-eu1.nanopool.org:9433
2021-02-15 15:52:46: [Statistics] Ethereum - Total speed: 51.440 MH/s, Total shares: 3 Rejected: 2, Time: 10:15
2021-02-15 15:52:46: <info>  New job from eth-eu1.nanopool.org:9433
2021-02-15 15:52:46: [Statistics] Ethereum - Total speed: 51.505 MH/s, Total shares: 3 Rejected: 2, Time: 10:15
2021-02-15 15:52:49: <info>  New job from eth-eu1.nanopool.org:9433
2021-02-15 15:52:49: [Statistics] Ethereum - Total speed: 51.586 MH/s, Total shares: 3 Rejected: 2, Time: 10:18
2021-02-15 15:52:52: <info>  New job from eth-eu1.nanopool.org:9433
2021-02-15 15:52:52: [Statistics] Ethereum - Total speed: 51.582 MH/s, Total shares: 3 Rejected: 2, Time: 10:21
2021-02-15 15:52:52: [Statistics] Ethereum last 10 min - Total: 49.589 MH/s.
2021-02-15 15:52:55: <info>  New job from eth-eu1.nanopool.org:9433
2021-02-15 15:52:55: [Statistics] Ethereum - Total speed: 51.534 MH/s, Total shares: 3 Rejected: 2, Time: 10:24
2021-02-15 15:52:58: <info>  New job from eth-eu1.nanopool.org:9433
2021-02-15 15:52:58: [Statistics] Ethereum - Total speed: 51.094 MH/s, Total shares: 3 Rejected: 2, Time: 10:27
2021-02-15 15:53:01: <info>  New job from eth-eu1.nanopool.org:9433
2021-02-15 15:53:01: [Statistics] Ethereum - Total speed: 51.222 MH/s, Total shares: 3 Rejected: 2, Time: 10:30
2021-02-15 15:53:04: <info>  New job from eth-eu1.nanopool.org:9433
2021-02-15 15:53:04: [Statistics] Ethereum - Total speed: 51.419 MH/s, Total shares: 3 Rejected: 2, Time: 10:33
2021-02-15 15:53:04: [Statistics] Ethereum last 10 min - Total: 49.622 MH/s.
2021-02-15 15:53:07: <info>  New job from eth-eu1.nanopool.org:9433
2021-02-15 15:53:07: [Statistics] Ethereum - Total speed: 51.435 MH/s, Total shares: 3 Rejected: 2, Time: 10:36
2021-02-15 15:53:08: <info>  New job from eth-eu1.nanopool.org:9433
2021-02-15 15:53:08: [Statistics] Ethereum - Total speed: 50.981 MH/s, Total shares: 3 Rejected: 2, Time: 10:37
2021-02-15 15:53:08: <info>  New job from eth-eu1.nanopool.org:9433
2021-02-15 15:53:08: [Statistics] Ethereum - Total speed: 50.798 MH/s, Total shares: 3 Rejected: 2, Time: 10:37
2021-02-15 15:53:11: <info>  New job from eth-eu1.nanopool.org:9433
2021-02-15 15:53:11: [Statistics] Ethereum - Total speed: 51.146 MH/s, Total shares: 3 Rejected: 2, Time: 10:40
2021-02-15 15:53:11: [Statistics] Ethereum last 10 min - Total: 49.672 MH/s.
2021-02-15 15:53:14: <info>  New job from eth-eu1.nanopool.org:9433
2021-02-15 15:53:14: [Statistics] Ethereum - Total speed: 51.410 MH/s, Total shares: 3 Rejected: 2, Time: 10:43
2021-02-15 15:53:17: <info>  New job from eth-eu1.nanopool.org:9433
2021-02-15 15:53:17: [Statistics] Ethereum - Total speed: 51.494 MH/s, Total shares: 3 Rejected: 2, Time: 10:46
2021-02-15 15:53:20: <info>  New job from eth-eu1.nanopool.org:9433
2021-02-15 15:53:20: [Statistics] Ethereum - Total speed: 51.667 MH/s, Total shares: 3 Rejected: 2, Time: 10:49
2021-02-15 15:53:23: <info>  New job from eth-eu1.nanopool.org:9433
2021-02-15 15:53:23: [Statistics] Ethereum - Total speed: 51.760 MH/s, Total shares: 3 Rejected: 2, Time: 10:52
2021-02-15 15:53:23: [Statistics] Ethereum last 10 min - Total: 49.767 MH/s.
2021-02-15 15:53:26: <info>  New job from eth-eu1.nanopool.org:9433
2021-02-15 15:53:26: [Statistics] Ethereum - Total speed: 51.375 MH/s, Total shares: 3 Rejected: 2, Time: 10:55
2021-02-15 15:53:29: <info>  New job from eth-eu1.nanopool.org:9433
2021-02-15 15:53:29: [Statistics] Ethereum - Total speed: 51.003 MH/s, Total shares: 3 Rejected: 2, Time: 10:58
2021-02-15 15:53:32: <info>  New job from eth-eu1.nanopool.org:9433
2021-02-15 15:53:32: [Statistics] Ethereum - Total speed: 50.694 MH/s, Total shares: 3 Rejected: 2, Time: 11:01
2021-02-15 15:53:36: <info>  New job from eth-eu1.nanopool.org:9433
2021-02-15 15:53:36: [Statistics] Ethereum - Total speed: 50.959 MH/s, Total shares: 3 Rejected: 2, Time: 11:05
2021-02-15 15:53:36: [Statistics] Ethereum last 10 min - Total: 49.863 MH/s.
2021-02-15 15:53:38: <info>  New job from eth-eu1.nanopool.org:9433
2021-02-15 15:53:38: [Statistics] Ethereum - Total speed: 51.054 MH/s, Total shares: 3 Rejected: 2, Time: 11:07
2021-02-15 15:53:40: <info>  New job from eth-eu1.nanopool.org:9433
2021-02-15 15:53:40: [Statistics] Ethereum - Total speed: 51.034 MH/s, Total shares: 3 Rejected: 2, Time: 11:09
2021-02-15 15:53:41: <info>  New job from eth-eu1.nanopool.org:9433
2021-02-15 15:53:41: [Statistics] Ethereum - Total speed: 51.261 MH/s, Total shares: 3 Rejected: 2, Time: 11:10
2021-02-15 15:53:44: <info>  New job from eth-eu1.nanopool.org:9433
2021-02-15 15:53:44: [Statistics] Ethereum - Total speed: 51.441 MH/s, Total shares: 3 Rejected: 2, Time: 11:13
2021-02-15 15:53:44: [Statistics] Ethereum last 10 min - Total: 49.937 MH/s.
2021-02-15 15:53:46: <info>  New job from eth-eu1.nanopool.org:9433
2021-02-15 15:53:46: [Statistics] Ethereum - Total speed: 51.490 MH/s, Total shares: 3 Rejected: 2, Time: 11:15
2021-02-15 15:53:50: <info>  New job from eth-eu1.nanopool.org:9433
2021-02-15 15:53:50: [Statistics] Ethereum - Total speed: 51.684 MH/s, Total shares: 3 Rejected: 2, Time: 11:19
2021-02-15 15:53:52: <info>  New job from eth-eu1.nanopool.org:9433
2021-02-15 15:53:52: [Statistics] Ethereum - Total speed: 51.723 MH/s, Total shares: 3 Rejected: 2, Time: 11:21
2021-02-15 15:53:52: <info>  New job from eth-eu1.nanopool.org:9433
2021-02-15 15:53:52: [Statistics] Ethereum - Total speed: 51.886 MH/s, Total shares: 3 Rejected: 2, Time: 11:21
2021-02-15 15:53:52: [Statistics] Ethereum last 10 min - Total: 50.020 MH/s.
2021-02-15 15:53:53: <info>  New job from eth-eu1.nanopool.org:9433
2021-02-15 15:53:53: [Statistics] Ethereum - Total speed: 51.988 MH/s, Total shares: 3 Rejected: 2, Time: 11:22
2021-02-15 15:53:56: <info>  New job from eth-eu1.nanopool.org:9433
2021-02-15 15:53:56: [Statistics] Ethereum - Total speed: 51.427 MH/s, Total shares: 3 Rejected: 2, Time: 11:25
2021-02-15 15:53:59: <info>  New job from eth-eu1.nanopool.org:9433
2021-02-15 15:53:59: [Statistics] Ethereum - Total speed: 51.563 MH/s, Total shares: 3 Rejected: 2, Time: 11:28
2021-02-15 15:54:02: <info>  New job from eth-eu1.nanopool.org:9433
2021-02-15 15:54:02: [Statistics] Ethereum - Total speed: 51.579 MH/s, Total shares: 3 Rejected: 2, Time: 11:31
2021-02-15 15:54:02: [Statistics] Ethereum last 10 min - Total: 50.106 MH/s.
2021-02-15 15:54:05: <info>  New job from eth-eu1.nanopool.org:9433
2021-02-15 15:54:05: [Statistics] Ethereum - Total speed: 51.744 MH/s, Total shares: 3 Rejected: 2, Time: 11:34
2021-02-15 15:54:08: <info>  New job from eth-eu1.nanopool.org:9433
2021-02-15 15:54:08: [Statistics] Ethereum - Total speed: 51.748 MH/s, Total shares: 3 Rejected: 2, Time: 11:37
2021-02-15 15:54:11: <info>  New job from eth-eu1.nanopool.org:9433
2021-02-15 15:54:11: [Statistics] Ethereum - Total speed: 51.849 MH/s, Total shares: 3 Rejected: 2, Time: 11:40
2021-02-15 15:54:14: <info>  New job from eth-eu1.nanopool.org:9433
2021-02-15 15:54:14: [Statistics] Ethereum - Total speed: 51.714 MH/s, Total shares: 3 Rejected: 2, Time: 11:43
2021-02-15 15:54:14: [Statistics] Ethereum last 10 min - Total: 50.212 MH/s.
2021-02-15 15:54:17: <info>  New job from eth-eu1.nanopool.org:9433
2021-02-15 15:54:17: [Statistics] Ethereum - Total speed: 50.891 MH/s, Total shares: 3 Rejected: 2, Time: 11:45
2021-02-15 15:54:17: <info>  New job from eth-eu1.nanopool.org:9433
2021-02-15 15:54:17: [Statistics] Ethereum - Total speed: 50.179 MH/s, Total shares: 3 Rejected: 2, Time: 11:46
2021-02-15 15:54:20: <info>  New job from eth-eu1.nanopool.org:9433
2021-02-15 15:54:20: [Statistics] Ethereum - Total speed: 50.519 MH/s, Total shares: 3 Rejected: 2, Time: 11:49
2021-02-15 15:54:23: <info>  New job from eth-eu1.nanopool.org:9433
2021-02-15 15:54:23: [Statistics] Ethereum - Total speed: 50.490 MH/s, Total shares: 3 Rejected: 2, Time: 11:52
2021-02-15 15:54:23: [Statistics] Ethereum last 10 min - Total: 50.291 MH/s.
2021-02-15 15:54:24: <info>  New job from eth-eu1.nanopool.org:9433
2021-02-15 15:54:24: [Statistics] Ethereum - Total speed: 50.079 MH/s, Total shares: 3 Rejected: 2, Time: 11:53
2021-02-15 15:54:27: <info>  New job from eth-eu1.nanopool.org:9433
2021-02-15 15:54:27: [Statistics] Ethereum - Total speed: 48.498 MH/s, Total shares: 3 Rejected: 2, Time: 11:55
2021-02-15 15:54:29: <info>  New job from eth-eu1.nanopool.org:9433
2021-02-15 15:54:29: [Statistics] Ethereum - Total speed: 48.727 MH/s, Total shares: 3 Rejected: 2, Time: 11:58
2021-02-15 15:54:32: <info>  New job from eth-eu1.nanopool.org:9433
2021-02-15 15:54:32: [Statistics] Ethereum - Total speed: 48.050 MH/s, Total shares: 3 Rejected: 2, Time: 12:01
2021-02-15 15:54:32: [Statistics] Ethereum last 10 min - Total: 50.332 MH/s.
2021-02-15 15:54:34: <info>  New job from eth-eu1.nanopool.org:9433
2021-02-15 15:54:34: [Statistics] Ethereum - Total speed: 48.096 MH/s, Total shares: 3 Rejected: 2, Time: 12:02
2021-02-15 15:54:34: <info>  New job from eth-eu1.nanopool.org:9433
2021-02-15 15:54:34: [Statistics] Ethereum - Total speed: 46.860 MH/s, Total shares: 3 Rejected: 2, Time: 12:03
2021-02-15 15:54:37: <info>  New job from eth-eu1.nanopool.org:9433
2021-02-15 15:54:37: [Statistics] Ethereum - Total speed: 45.396 MH/s, Total shares: 3 Rejected: 2, Time: 12:06
2021-02-15 15:54:40: <info>  New job from eth-eu1.nanopool.org:9433
2021-02-15 15:54:40: [Statistics] Ethereum - Total speed: 46.154 MH/s, Total shares: 3 Rejected: 2, Time: 12:09
2021-02-15 15:54:40: [Statistics] Ethereum last 10 min - Total: 50.324 MH/s.
2021-02-15 15:54:43: <info>  New job from eth-eu1.nanopool.org:9433
2021-02-15 15:54:43: [Statistics] Ethereum - Total speed: 46.533 MH/s, Total shares: 3 Rejected: 2, Time: 12:12
2021-02-15 15:54:46: <info>  New job from eth-eu1.nanopool.org:9433
2021-02-15 15:54:46: [Statistics] Ethereum - Total speed: 46.084 MH/s, Total shares: 3 Rejected: 2, Time: 12:15
2021-02-15 15:54:46: <info>  New job from eth-eu1.nanopool.org:9433
2021-02-15 15:54:46: [Statistics] Ethereum - Total speed: 46.608 MH/s, Total shares: 3 Rejected: 2, Time: 12:15
2021-02-15 15:54:48: <info>  New job from eth-eu1.nanopool.org:9433
2021-02-15 15:54:48: [Statistics] Ethereum - Total speed: 47.228 MH/s, Total shares: 3 Rejected: 2, Time: 12:17
2021-02-15 15:54:48: [Statistics] Ethereum last 10 min - Total: 50.335 MH/s.
2021-02-15 15:54:49: <info>  New job from eth-eu1.nanopool.org:9433
2021-02-15 15:54:49: [Statistics] Ethereum - Total speed: 47.481 MH/s, Total shares: 3 Rejected: 2, Time: 12:18
2021-02-15 15:54:51: <info>  New job from eth-eu1.nanopool.org:9433
2021-02-15 15:54:51: [Statistics] Ethereum - Total speed: 45.905 MH/s, Total shares: 3 Rejected: 2, Time: 12:20
2021-02-15 15:54:54: <info>  New job from eth-eu1.nanopool.org:9433
2021-02-15 15:54:54: [Statistics] Ethereum - Total speed: 45.846 MH/s, Total shares: 3 Rejected: 2, Time: 12:23
2021-02-15 15:54:57: <info>  New job from eth-eu1.nanopool.org:9433
2021-02-15 15:54:57: [Statistics] Ethereum - Total speed: 46.496 MH/s, Total shares: 3 Rejected: 2, Time: 12:26
2021-02-15 15:54:57: [Statistics] Ethereum last 10 min - Total: 50.338 MH/s.
2021-02-15 15:55:00: <info>  New job from eth-eu1.nanopool.org:9433
2021-02-15 15:55:00: [Statistics] Ethereum - Total speed: 47.225 MH/s, Total shares: 3 Rejected: 2, Time: 12:29
2021-02-15 15:55:02: <info>  New job from eth-eu1.nanopool.org:9433
2021-02-15 15:55:02: [Statistics] Ethereum - Total speed: 47.723 MH/s, Total shares: 3 Rejected: 2, Time: 12:31
2021-02-15 15:55:02: <info>  New job from eth-eu1.nanopool.org:9433
2021-02-15 15:55:02: [Statistics] Ethereum - Total speed: 47.723 MH/s, Total shares: 3 Rejected: 2, Time: 12:31
2021-02-15 15:55:04: <info>  New job from eth-eu1.nanopool.org:9433
2021-02-15 15:55:04: [Statistics] Ethereum - Total speed: 47.570 MH/s, Total shares: 3 Rejected: 2, Time: 12:33
2021-02-15 15:55:04: [Statistics] Ethereum last 10 min - Total: 50.344 MH/s.
2021-02-15 15:55:07: <info>  New job from eth-eu1.nanopool.org:9433
2021-02-15 15:55:07: [Statistics] Ethereum - Total speed: 46.990 MH/s, Total shares: 3 Rejected: 2, Time: 12:36
2021-02-15 15:55:10: <info>  New job from eth-eu1.nanopool.org:9433
2021-02-15 15:55:10: [Statistics] Ethereum - Total speed: 47.159 MH/s, Total shares: 3 Rejected: 2, Time: 12:39
2021-02-15 15:55:13: <info>  New job from eth-eu1.nanopool.org:9433
2021-02-15 15:55:13: [Statistics] Ethereum - Total speed: 47.641 MH/s, Total shares: 3 Rejected: 2, Time: 12:42
2021-02-15 15:55:16: <info>  New job from eth-eu1.nanopool.org:9433
2021-02-15 15:55:16: [Statistics] Ethereum - Total speed: 48.109 MH/s, Total shares: 3 Rejected: 2, Time: 12:45
2021-02-15 15:55:16: [Statistics] Ethereum last 10 min - Total: 50.379 MH/s.
2021-02-15 15:55:18: <info>  New job from eth-eu1.nanopool.org:9433
2021-02-15 15:55:18: [Statistics] Ethereum - Total speed: 48.658 MH/s, Total shares: 3 Rejected: 2, Time: 12:47
2021-02-15 15:55:18: <info>  New job from eth-eu1.nanopool.org:9433
2021-02-15 15:55:18: [Statistics] Ethereum - Total speed: 48.881 MH/s, Total shares: 3 Rejected: 2, Time: 12:47
2021-02-15 15:55:21: <info>  New job from eth-eu1.nanopool.org:9433
2021-02-15 15:55:21: [Statistics] Ethereum - Total speed: 49.139 MH/s, Total shares: 3 Rejected: 2, Time: 12:50
2021-02-15 15:55:23: <info>  New job from eth-eu1.nanopool.org:9433
2021-02-15 15:55:23: [Statistics] Ethereum - Total speed: 49.600 MH/s, Total shares: 3 Rejected: 2, Time: 12:51
2021-02-15 15:55:23: [Statistics] Ethereum last 10 min - Total: 50.405 MH/s.
2021-02-15 15:55:25: <info>  New job from eth-eu1.nanopool.org:9433
2021-02-15 15:55:25: [Statistics] Ethereum - Total speed: 49.918 MH/s, Total shares: 3 Rejected: 2, Time: 12:54
2021-02-15 15:55:28: <info>  New job from eth-eu1.nanopool.org:9433
2021-02-15 15:55:28: [Statistics] Ethereum - Total speed: 50.062 MH/s, Total shares: 3 Rejected: 2, Time: 12:57
2021-02-15 15:55:31: <info>  New job from eth-eu1.nanopool.org:9433
2021-02-15 15:55:31: [Statistics] Ethereum - Total speed: 50.301 MH/s, Total shares: 3 Rejected: 2, Time: 13:00
2021-02-15 15:55:34: <info>  New job from eth-eu1.nanopool.org:9433
2021-02-15 15:55:34: [Statistics] Ethereum - Total speed: 50.409 MH/s, Total shares: 3 Rejected: 2, Time: 13:03
2021-02-15 15:55:34: [Statistics] Ethereum last 10 min - Total: 50.479 MH/s.
2021-02-15 15:55:37: <info>  New job from eth-eu1.nanopool.org:9433
2021-02-15 15:55:37: [Statistics] Ethereum - Total speed: 49.413 MH/s, Total shares: 3 Rejected: 2, Time: 13:06
2021-02-15 15:55:40: <info>  New job from eth-eu1.nanopool.org:9433
2021-02-15 15:55:40: [Statistics] Ethereum - Total speed: 47.891 MH/s, Total shares: 3 Rejected: 2, Time: 13:09
2021-02-15 15:55:43: <info>  New job from eth-eu1.nanopool.org:9433
2021-02-15 15:55:43: [Statistics] Ethereum - Total speed: 47.033 MH/s, Total shares: 3 Rejected: 2, Time: 13:12
2021-02-15 15:55:46: <info>  New job from eth-eu1.nanopool.org:9433
2021-02-15 15:55:46: [Statistics] Ethereum - Total speed: 47.018 MH/s, Total shares: 3 Rejected: 2, Time: 13:15
2021-02-15 15:55:46: [Statistics] Ethereum last 10 min - Total: 50.494 MH/s.
2021-02-15 15:55:50: <info>  New job from eth-eu1.nanopool.org:9433
2021-02-15 15:55:50: [Statistics] Ethereum - Total speed: 46.856 MH/s, Total shares: 3 Rejected: 2, Time: 13:18
2021-02-15 15:55:51: <info>  New job from eth-eu1.nanopool.org:9433
2021-02-15 15:55:51: [Statistics] Ethereum - Total speed: 47.329 MH/s, Total shares: 3 Rejected: 2, Time: 13:19
2021-02-15 15:55:53: <info>  New job from eth-eu1.nanopool.org:9433
2021-02-15 15:55:53: [Statistics] Ethereum - Total speed: 47.977 MH/s, Total shares: 3 Rejected: 2, Time: 13:22
2021-02-15 15:55:56: <info>  New job from eth-eu1.nanopool.org:9433
2021-02-15 15:55:56: [Statistics] Ethereum - Total speed: 48.384 MH/s, Total shares: 3 Rejected: 2, Time: 13:25
2021-02-15 15:55:56: [Statistics] Ethereum last 10 min - Total: 50.454 MH/s.
2021-02-15 15:55:57: <info>  New job from eth-eu1.nanopool.org:9433
2021-02-15 15:55:57: [Statistics] Ethereum - Total speed: 48.909 MH/s, Total shares: 3 Rejected: 2, Time: 13:26
2021-02-15 15:55:58: <info>  New job from eth-eu1.nanopool.org:9433
2021-02-15 15:55:58: [Statistics] Ethereum - Total speed: 49.220 MH/s, Total shares: 3 Rejected: 2, Time: 13:27
2021-02-15 15:56:00: <info>  New job from eth-eu1.nanopool.org:9433
2021-02-15 15:56:00: [Statistics] Ethereum - Total speed: 49.337 MH/s, Total shares: 3 Rejected: 2, Time: 13:29
2021-02-15 15:56:03: <info>  New job from eth-eu1.nanopool.org:9433
2021-02-15 15:56:03: [Statistics] Ethereum - Total speed: 49.634 MH/s, Total shares: 3 Rejected: 2, Time: 13:32
2021-02-15 15:56:03: [Statistics] Ethereum last 10 min - Total: 50.425 MH/s.
2021-02-15 15:56:06: <info>  New job from eth-eu1.nanopool.org:9433
2021-02-15 15:56:06: [Statistics] Ethereum - Total speed: 49.895 MH/s, Total shares: 3 Rejected: 2, Time: 13:35
2021-02-15 15:56:09: <info>  New job from eth-eu1.nanopool.org:9433
2021-02-15 15:56:09: [Statistics] Ethereum - Total speed: 50.148 MH/s, Total shares: 3 Rejected: 2, Time: 13:38
2021-02-15 15:56:12: <info>  New job from eth-eu1.nanopool.org:9433
2021-02-15 15:56:12: [Statistics] Ethereum - Total speed: 49.074 MH/s, Total shares: 3 Rejected: 2, Time: 13:41
2021-02-15 15:56:15: <info>  New job from eth-eu1.nanopool.org:9433
2021-02-15 15:56:15: [Statistics] Ethereum - Total speed: 47.472 MH/s, Total shares: 3 Rejected: 2, Time: 13:44
2021-02-15 15:56:15: [Statistics] Ethereum last 10 min - Total: 50.367 MH/s.
2021-02-15 15:56:18: <info>  New job from eth-eu1.nanopool.org:9433
2021-02-15 15:56:18: [Statistics] Ethereum - Total speed: 47.803 MH/s, Total shares: 3 Rejected: 2, Time: 13:47
2021-02-15 15:56:21: <info>  New job from eth-eu1.nanopool.org:9433
2021-02-15 15:56:21: [Statistics] Ethereum - Total speed: 46.562 MH/s, Total shares: 3 Rejected: 2, Time: 13:50
2021-02-15 15:56:22: <info>  New job from eth-eu1.nanopool.org:9433
2021-02-15 15:56:22: [Statistics] Ethereum - Total speed: 47.275 MH/s, Total shares: 3 Rejected: 2, Time: 13:51
2021-02-15 15:56:25: <info>  New job from eth-eu1.nanopool.org:9433
2021-02-15 15:56:25: [Statistics] Ethereum - Total speed: 47.928 MH/s, Total shares: 3 Rejected: 2, Time: 13:54
2021-02-15 15:56:25: [Statistics] Ethereum last 10 min - Total: 50.283 MH/s.
2021-02-15 15:56:28: <info>  New job from eth-eu1.nanopool.org:9433
2021-02-15 15:56:28: [Statistics] Ethereum - Total speed: 48.363 MH/s, Total shares: 3 Rejected: 2, Time: 13:57
2021-02-15 15:56:31: <info>  New job from eth-eu1.nanopool.org:9433
2021-02-15 15:56:31: [Statistics] Ethereum - Total speed: 47.743 MH/s, Total shares: 3 Rejected: 2, Time: 14:00
2021-02-15 15:56:34: <info>  New job from eth-eu1.nanopool.org:9433
2021-02-15 15:56:34: [Statistics] Ethereum - Total speed: 47.316 MH/s, Total shares: 3 Rejected: 2, Time: 14:03
2021-02-15 15:56:37: <info>  New job from eth-eu1.nanopool.org:9433
2021-02-15 15:56:37: [Statistics] Ethereum - Total speed: 47.655 MH/s, Total shares: 3 Rejected: 2, Time: 14:06
2021-02-15 15:56:37: [Statistics] Ethereum last 10 min - Total: 50.203 MH/s.
2021-02-15 15:56:40: <info>  New job from eth-eu1.nanopool.org:9433
2021-02-15 15:56:40: [Statistics] Ethereum - Total speed: 48.164 MH/s, Total shares: 3 Rejected: 2, Time: 14:09
2021-02-15 15:56:43: <info>  New job from eth-eu1.nanopool.org:9433
2021-02-15 15:56:43: [Statistics] Ethereum - Total speed: 48.455 MH/s, Total shares: 3 Rejected: 2, Time: 14:12
2021-02-15 15:56:46: <info>  New job from eth-eu1.nanopool.org:9433
2021-02-15 15:56:46: [Statistics] Ethereum - Total speed: 48.795 MH/s, Total shares: 3 Rejected: 2, Time: 14:15
2021-02-15 15:56:49: <info>  New job from eth-eu1.nanopool.org:9433
2021-02-15 15:56:49: [Statistics] Ethereum - Total speed: 49.279 MH/s, Total shares: 3 Rejected: 2, Time: 14:18
2021-02-15 15:56:49: [Statistics] Ethereum last 10 min - Total: 50.121 MH/s.
2021-02-15 15:56:52: <info>  New job from eth-eu1.nanopool.org:9433
2021-02-15 15:56:52: [Statistics] Ethereum - Total speed: 49.612 MH/s, Total shares: 3 Rejected: 2, Time: 14:21
2021-02-15 15:56:55: <info>  New job from eth-eu1.nanopool.org:9433
2021-02-15 15:56:55: [Statistics] Ethereum - Total speed: 50.018 MH/s, Total shares: 3 Rejected: 2, Time: 14:24
2021-02-15 15:56:58: <info>  New job from eth-eu1.nanopool.org:9433
2021-02-15 15:56:58: [Statistics] Ethereum - Total speed: 50.241 MH/s, Total shares: 3 Rejected: 2, Time: 14:27
2021-02-15 15:57:01: <info>  New job from eth-eu1.nanopool.org:9433
2021-02-15 15:57:01: [Statistics] Ethereum - Total speed: 50.421 MH/s, Total shares: 3 Rejected: 2, Time: 14:30
2021-02-15 15:57:01: [Statistics] Ethereum last 10 min - Total: 50.069 MH/s.
2021-02-15 15:57:04: <info>  New job from eth-eu1.nanopool.org:9433
2021-02-15 15:57:04: [Statistics] Ethereum - Total speed: 50.746 MH/s, Total shares: 3 Rejected: 2, Time: 14:33
2021-02-15 15:57:07: <info>  New job from eth-eu1.nanopool.org:9433
2021-02-15 15:57:07: [Statistics] Ethereum - Total speed: 50.880 MH/s, Total shares: 3 Rejected: 2, Time: 14:36
2021-02-15 15:57:08: <info>  New job from eth-eu1.nanopool.org:9433
2021-02-15 15:57:08: [Statistics] Ethereum - Total speed: 51.163 MH/s, Total shares: 3 Rejected: 2, Time: 14:37
2021-02-15 15:57:09: <info>  New job from eth-eu1.nanopool.org:9433
2021-02-15 15:57:09: [Statistics] Ethereum - Total speed: 50.993 MH/s, Total shares: 3 Rejected: 2, Time: 14:37
2021-02-15 15:57:09: [Statistics] Ethereum last 10 min - Total: 50.061 MH/s.
2021-02-15 15:57:09: <info>  New job from eth-eu1.nanopool.org:9433
2021-02-15 15:57:09: [Statistics] Ethereum - Total speed: 51.226 MH/s, Total shares: 3 Rejected: 2, Time: 14:38
2021-02-15 15:57:12: <info>  New job from eth-eu1.nanopool.org:9433
2021-02-15 15:57:12: [Statistics] Ethereum - Total speed: 51.465 MH/s, Total shares: 3 Rejected: 2, Time: 14:41
2021-02-15 15:57:15: <info>  New job from eth-eu1.nanopool.org:9433
2021-02-15 15:57:15: [Statistics] Ethereum - Total speed: 51.669 MH/s, Total shares: 3 Rejected: 2, Time: 14:44
2021-02-15 15:57:18: <info>  New job from eth-eu1.nanopool.org:9433
2021-02-15 15:57:18: [Statistics] Ethereum - Total speed: 51.674 MH/s, Total shares: 3 Rejected: 2, Time: 14:47
2021-02-15 15:57:18: [Statistics] Ethereum last 10 min - Total: 50.040 MH/s.
2021-02-15 15:57:21: <info>  New job from eth-eu1.nanopool.org:9433
2021-02-15 15:57:21: [Statistics] Ethereum - Total speed: 51.736 MH/s, Total shares: 3 Rejected: 2, Time: 14:50
2021-02-15 15:57:24: <info>  New job from eth-eu1.nanopool.org:9433
2021-02-15 15:57:24: [Statistics] Ethereum - Total speed: 51.928 MH/s, Total shares: 3 Rejected: 2, Time: 14:53
2021-02-15 15:57:27: <info>  New job from eth-eu1.nanopool.org:9433
2021-02-15 15:57:27: [Statistics] Ethereum - Total speed: 51.952 MH/s, Total shares: 3 Rejected: 2, Time: 14:56
2021-02-15 15:57:30: <info>  New job from eth-eu1.nanopool.org:9433
2021-02-15 15:57:30: [Statistics] Ethereum - Total speed: 52.124 MH/s, Total shares: 3 Rejected: 2, Time: 14:59
2021-02-15 15:57:30: [Statistics] Ethereum last 10 min - Total: 50.019 MH/s.
2021-02-15 15:57:33: <info>  New job from eth-eu1.nanopool.org:9433
2021-02-15 15:57:33: [Statistics] Ethereum - Total speed: 52.123 MH/s, Total shares: 3 Rejected: 2, Time: 15:02
2021-02-15 15:57:36: <info>  New job from eth-eu1.nanopool.org:9433
2021-02-15 15:57:36: [Statistics] Ethereum - Total speed: 52.129 MH/s, Total shares: 3 Rejected: 2, Time: 15:05
2021-02-15 15:57:39: <info>  New job from eth-eu1.nanopool.org:9433
2021-02-15 15:57:39: [Statistics] Ethereum - Total speed: 52.156 MH/s, Total shares: 3 Rejected: 2, Time: 15:08
2021-02-15 15:57:42: <info>  New job from eth-eu1.nanopool.org:9433
2021-02-15 15:57:42: [Statistics] Ethereum - Total speed: 51.610 MH/s, Total shares: 3 Rejected: 2, Time: 15:11
2021-02-15 15:57:42: [Statistics] Ethereum last 10 min - Total: 49.995 MH/s.
2021-02-15 15:57:45: <info>  New job from eth-eu1.nanopool.org:9433
2021-02-15 15:57:45: [Statistics] Ethereum - Total speed: 50.626 MH/s, Total shares: 3 Rejected: 2, Time: 15:14
2021-02-15 15:57:48: <info>  New job from eth-eu1.nanopool.org:9433
2021-02-15 15:57:48: [Statistics] Ethereum - Total speed: 50.201 MH/s, Total shares: 3 Rejected: 2, Time: 15:17
2021-02-15 15:57:51: <info>  New job from eth-eu1.nanopool.org:9433
2021-02-15 15:57:51: [Statistics] Ethereum - Total speed: 50.271 MH/s, Total shares: 3 Rejected: 2, Time: 15:20
2021-02-15 15:57:54: <info>  New job from eth-eu1.nanopool.org:9433
2021-02-15 15:57:54: [Statistics] Ethereum - Total speed: 50.522 MH/s, Total shares: 3 Rejected: 2, Time: 15:23
2021-02-15 15:57:54: [Statistics] Ethereum last 10 min - Total: 49.935 MH/s.
2021-02-15 15:57:57: <info>  New job from eth-eu1.nanopool.org:9433
2021-02-15 15:57:57: [Statistics] Ethereum - Total speed: 50.394 MH/s, Total shares: 3 Rejected: 2, Time: 15:26
2021-02-15 15:58:00: <info>  New job from eth-eu1.nanopool.org:9433
2021-02-15 15:58:00: [Statistics] Ethereum - Total speed: 50.471 MH/s, Total shares: 3 Rejected: 2, Time: 15:29
2021-02-15 15:58:03: <info>  New job from eth-eu1.nanopool.org:9433
2021-02-15 15:58:03: [Statistics] Ethereum - Total speed: 50.663 MH/s, Total shares: 3 Rejected: 2, Time: 15:32
2021-02-15 15:58:06: <info>  New job from eth-eu1.nanopool.org:9433
2021-02-15 15:58:06: [Statistics] Ethereum - Total speed: 50.419 MH/s, Total shares: 3 Rejected: 2, Time: 15:35
2021-02-15 15:58:06: [Statistics] Ethereum last 10 min - Total: 49.894 MH/s.
2021-02-15 15:58:09: <info>  New job from eth-eu1.nanopool.org:9433
2021-02-15 15:58:09: [Statistics] Ethereum - Total speed: 50.617 MH/s, Total shares: 3 Rejected: 2, Time: 15:38
2021-02-15 15:58:12: <info>  New job from eth-eu1.nanopool.org:9433
2021-02-15 15:58:12: [Statistics] Ethereum - Total speed: 50.793 MH/s, Total shares: 3 Rejected: 2, Time: 15:41
2021-02-15 15:58:15: <info>  New job from eth-eu1.nanopool.org:9433
2021-02-15 15:58:15: [Statistics] Ethereum - Total speed: 51.107 MH/s, Total shares: 3 Rejected: 2, Time: 15:44
2021-02-15 15:58:18: <info>  New job from eth-eu1.nanopool.org:9433
2021-02-15 15:58:18: [Statistics] Ethereum - Total speed: 51.240 MH/s, Total shares: 3 Rejected: 2, Time: 15:47
2021-02-15 15:58:18: [Statistics] Ethereum last 10 min - Total: 49.873 MH/s.
2021-02-15 15:58:21: <info>  New job from eth-eu1.nanopool.org:9433
2021-02-15 15:58:21: [Statistics] Ethereum - Total speed: 51.363 MH/s, Total shares: 3 Rejected: 2, Time: 15:50
2021-02-15 15:58:24: <info>  New job from eth-eu1.nanopool.org:9433
2021-02-15 15:58:24: [Statistics] Ethereum - Total speed: 51.619 MH/s, Total shares: 3 Rejected: 2, Time: 15:53
2021-02-15 15:58:27: <info>  New job from eth-eu1.nanopool.org:9433
2021-02-15 15:58:27: [Statistics] Ethereum - Total speed: 51.732 MH/s, Total shares: 3 Rejected: 2, Time: 15:56
2021-02-15 15:58:30: <info>  New job from eth-eu1.nanopool.org:9433
2021-02-15 15:58:30: [Statistics] Ethereum - Total speed: 51.942 MH/s, Total shares: 3 Rejected: 2, Time: 15:59
2021-02-15 15:58:30: [Statistics] Ethereum last 10 min - Total: 49.884 MH/s.
2021-02-15 15:58:33: <info>  New job from eth-eu1.nanopool.org:9433
2021-02-15 15:58:33: [Statistics] Ethereum - Total speed: 51.991 MH/s, Total shares: 3 Rejected: 2, Time: 16:02
2021-02-15 15:58:36: <info>  New job from eth-eu1.nanopool.org:9433
2021-02-15 15:58:36: [Statistics] Ethereum - Total speed: 52.029 MH/s, Total shares: 3 Rejected: 2, Time: 16:05
2021-02-15 15:58:39: <info>  New job from eth-eu1.nanopool.org:9433
2021-02-15 15:58:39: [Statistics] Ethereum - Total speed: 52.203 MH/s, Total shares: 3 Rejected: 2, Time: 16:08
2021-02-15 15:58:42: <info>  New job from eth-eu1.nanopool.org:9433
2021-02-15 15:58:42: [Statistics] Ethereum - Total speed: 52.248 MH/s, Total shares: 3 Rejected: 2, Time: 16:11
2021-02-15 15:58:42: [Statistics] Ethereum last 10 min - Total: 49.916 MH/s.
2021-02-15 15:58:45: <info>  New job from eth-eu1.nanopool.org:9433
2021-02-15 15:58:45: [Statistics] Ethereum - Total speed: 52.410 MH/s, Total shares: 3 Rejected: 2, Time: 16:14
2021-02-15 15:58:45: <info>  New job from eth-eu1.nanopool.org:9433
2021-02-15 15:58:45: [Statistics] Ethereum - Total speed: 52.437 MH/s, Total shares: 3 Rejected: 2, Time: 16:14
2021-02-15 15:58:47: <info>  New job from eth-eu1.nanopool.org:9433
2021-02-15 15:58:47: [Statistics] Ethereum - Total speed: 52.550 MH/s, Total shares: 3 Rejected: 2, Time: 16:16
2021-02-15 15:58:48: <info>  New job from eth-eu1.nanopool.org:9433
2021-02-15 15:58:48: [Statistics] Ethereum - Total speed: 52.685 MH/s, Total shares: 3 Rejected: 2, Time: 16:17
2021-02-15 15:58:48: [Statistics] Ethereum last 10 min - Total: 49.950 MH/s.
2021-02-15 15:58:51: <info>  New job from eth-eu1.nanopool.org:9433
2021-02-15 15:58:51: [Statistics] Ethereum - Total speed: 52.566 MH/s, Total shares: 3 Rejected: 2, Time: 16:20
2021-02-15 15:58:54: <info>  New job from eth-eu1.nanopool.org:9433
2021-02-15 15:58:54: [Statistics] Ethereum - Total speed: 52.677 MH/s, Total shares: 3 Rejected: 2, Time: 16:23
2021-02-15 15:58:57: <info>  New job from eth-eu1.nanopool.org:9433
2021-02-15 15:58:57: [Statistics] Ethereum - Total speed: 52.632 MH/s, Total shares: 3 Rejected: 2, Time: 16:26
2021-02-15 15:59:00: <info>  New job from eth-eu1.nanopool.org:9433
2021-02-15 15:59:00: [Statistics] Ethereum - Total speed: 52.742 MH/s, Total shares: 3 Rejected: 2, Time: 16:29
2021-02-15 15:59:00: [Statistics] Ethereum last 10 min - Total: 50.014 MH/s.
2021-02-15 15:59:03: <info>  New job from eth-eu1.nanopool.org:9433
2021-02-15 15:59:03: [Statistics] Ethereum - Total speed: 52.262 MH/s, Total shares: 3 Rejected: 2, Time: 16:32
2021-02-15 15:59:06: <info>  New job from eth-eu1.nanopool.org:9433
2021-02-15 15:59:06: [Statistics] Ethereum - Total speed: 50.417 MH/s, Total shares: 3 Rejected: 2, Time: 16:35
2021-02-15 15:59:08: <info>  New job from eth-eu1.nanopool.org:9433
2021-02-15 15:59:08: [Statistics] Ethereum - Total speed: 49.344 MH/s, Total shares: 3 Rejected: 2, Time: 16:37
2021-02-15 15:59:10: <info>  New job from eth-eu1.nanopool.org:9433
2021-02-15 15:59:10: [Statistics] Ethereum - Total speed: 47.175 MH/s, Total shares: 3 Rejected: 2, Time: 16:39
2021-02-15 15:59:10: [Statistics] Ethereum last 10 min - Total: 50.043 MH/s.
2021-02-15 15:59:13: <info>  New job from eth-eu1.nanopool.org:9433
2021-02-15 15:59:13: [Statistics] Ethereum - Total speed: 47.685 MH/s, Total shares: 3 Rejected: 2, Time: 16:42
2021-02-15 15:59:17: <info>  New job from eth-eu1.nanopool.org:9433
2021-02-15 15:59:17: [Statistics] Ethereum - Total speed: 48.108 MH/s, Total shares: 3 Rejected: 2, Time: 16:46
2021-02-15 15:59:20: <info>  New job from eth-eu1.nanopool.org:9433
2021-02-15 15:59:20: [Statistics] Ethereum - Total speed: 48.604 MH/s, Total shares: 3 Rejected: 2, Time: 16:49
2021-02-15 15:59:21: <info>  New job from eth-eu1.nanopool.org:9433
2021-02-15 15:59:21: [Statistics] Ethereum - Total speed: 48.697 MH/s, Total shares: 3 Rejected: 2, Time: 16:50
2021-02-15 15:59:21: [Statistics] Ethereum last 10 min - Total: 50.018 MH/s.
2021-02-15 15:59:23: <info>  New job from eth-eu1.nanopool.org:9433
2021-02-15 15:59:23: [Statistics] Ethereum - Total speed: 49.076 MH/s, Total shares: 3 Rejected: 2, Time: 16:52
2021-02-15 15:59:26: <info>  New job from eth-eu1.nanopool.org:9433
2021-02-15 15:59:26: [Statistics] Ethereum - Total speed: 49.096 MH/s, Total shares: 3 Rejected: 2, Time: 16:55
2021-02-15 15:59:27: <info>  Terminating, please wait ...
