2021-02-20 20:58:17: <info>                                    _                 
2021-02-20 20:58:17: <info>  _ __   __ _ _ __   ___  _ __ ___ (_)_ __   ___ _ __ 
2021-02-20 20:58:17: <info> | '_ \ / _` | '_ \ / _ \| '_ ` _ \| | '_ \ / _ \ '__|
2021-02-20 20:58:17: <info> | | | | (_| | | | | (_) | | | | | | | | | |  __/ |   
2021-02-20 20:58:17: <info> |_| |_|\__,_|_| |_|\___/|_| |_| |_|_|_| |_|\___|_|   
2021-02-20 20:58:17: <info> 
2021-02-20 20:58:17: <info> Version 3.2.2-cuda11
2021-02-20 20:58:17: <info>  Started EthMan server on port 3333 without a password (read-only mode).
2021-02-20 20:58:17: <info>  Started web interface on port 9090 without a password.
2021-02-20 20:58:17: <info>  CUDA driver version is 11.2, runtime version is 11.1
2021-02-20 20:58:17: <info> Single device detected
2021-02-20 20:58:17: <info> GPU 0 PCI 0a:00.0, Platform: CUDA, Name: GeForce RTX 3060 Ti, 8192 MB available
2021-02-20 20:58:17: <info> -------------------Ethash:------------------
2021-02-20 20:58:17: <info> Currency: Ethereum
2021-02-20 20:58:17: <info> Wallet: wallet
2021-02-20 20:58:17: <info> Rig name: levin
2021-02-20 20:58:17: <info> Email: levinkueck08@gmail.com
2021-02-20 20:58:17: <info> Hashrate threshold to restart miner is not set
2021-02-20 20:58:17: <info> Added pool: eth-eu1.nanopool.org:9433
2021-02-20 20:58:17: <info> Added pool: eth-eu2.nanopool.org:9433
2021-02-20 20:58:17: <info> Added pool: eth-us-east1.nanopool.org:9433
2021-02-20 20:58:17: <info> Added pool: eth-us-west1.nanopool.org:9433
2021-02-20 20:58:17: <info> Added pool: eth-asia1.nanopool.org:9433
2021-02-20 20:58:17: <info> Added pool: eth-jp1.nanopool.org:9433
2021-02-20 20:58:17: <info> Added pool: eth-au1.nanopool.org:9433
2021-02-20 20:58:17: <info> Auto pool sorting is enabled
2021-02-20 20:58:17: <info> Using all GPU devices
2021-02-20 20:58:17: <info> Memory tweak: 1
2021-02-20 20:58:17: <info> -------------Common parameters:-------------
2021-02-20 20:58:17: <info> Log path: ./logs/
2021-02-20 20:58:17: <info> Log is written to file
2021-02-20 20:58:17: <info> GPU watchdog is enabled
2021-02-20 20:58:17: <info> Never calling reboot.bat (always restarting the miner in case of errors). 
2021-02-20 20:58:17: <info>  Setting up algorithm: Ethash
2021-02-20 20:58:19: <info>  Connecting to pools...
2021-02-20 20:58:19: <info>  Connected to pool: eth-eu1.nanopool.org:9433 | IP: 51.15.39.186 | ping: 138 ms.
2021-02-20 20:58:19: <info>  New job from eth-eu1.nanopool.org:9433 | share difficulty = 10000 MH, epoch 396 (4191 MB)
2021-02-20 20:58:19: [Statistics] Ethereum - Total speed: 0.000 H/s, Total shares: 0 Rejected: 0, Time: 00:01
2021-02-20 20:58:19: [Statistics] GPU0 t=53°C fan 30% power 42.54W. Total power: 42.54W
2021-02-20 20:58:19: <info>  New job from eth-eu1.nanopool.org:9433
2021-02-20 20:58:19: [Statistics] Ethereum - Total speed: 0.000 H/s, Total shares: 0 Rejected: 0, Time: 00:01
2021-02-20 20:58:19: [Statistics] Ethereum last 10 min - Total: 0.000 H/s.
2021-02-20 20:58:19: <info>  New job from eth-eu1.nanopool.org:9433
2021-02-20 20:58:19: [Statistics] Ethereum - Total speed: 0.000 H/s, Total shares: 0 Rejected: 0, Time: 00:01
2021-02-20 20:58:19: [Statistics] GPU0 t=53°C fan 30% power 42.60W. Total power: 42.60W
2021-02-20 20:58:19: <info>  New job from eth-eu1.nanopool.org:9433
2021-02-20 20:58:19: [Statistics] Ethereum - Total speed: 0.000 H/s, Total shares: 0 Rejected: 0, Time: 00:01
2021-02-20 20:58:22: <info>  New job from eth-eu1.nanopool.org:9433
2021-02-20 20:58:22: [Statistics] Ethereum - Total speed: 0.000 H/s, Total shares: 0 Rejected: 0, Time: 00:04
2021-02-20 20:58:22: [Statistics] GPU0 t=59°C fan 30% power 117.30W. Total power: 117.30W
2021-02-20 20:58:25: <info>  New job from eth-eu1.nanopool.org:9433
2021-02-20 20:58:25: [Statistics] Ethereum - Total speed: 0.000 H/s, Total shares: 0 Rejected: 0, Time: 00:07
2021-02-20 20:58:25: [Statistics] Ethereum last 10 min - Total: 0.000 H/s.
2021-02-20 20:58:26: <info>  GPU0: 4191 MB DAG generated in 5.06 seconds
2021-02-20 20:58:28: <info>  New job from eth-eu1.nanopool.org:9433
2021-02-20 20:58:28: [Statistics] Ethereum - Total speed: 30.542 MH/s, Total shares: 0 Rejected: 0, Time: 00:10
2021-02-20 20:58:28: [Statistics] GPU0 t=59°C fan 30% power 143.69W. Total power: 143.69W
2021-02-20 20:58:29: <info>  New job from eth-eu1.nanopool.org:9433
2021-02-20 20:58:29: [Statistics] Ethereum - Total speed: 30.494 MH/s, Total shares: 0 Rejected: 0, Time: 00:11
2021-02-20 20:58:32: <info>  New job from eth-eu1.nanopool.org:9433
2021-02-20 20:58:32: [Statistics] Ethereum - Total speed: 30.009 MH/s, Total shares: 0 Rejected: 0, Time: 00:14
2021-02-20 20:58:32: [Statistics] GPU0 t=60°C fan 30% power 143.90W. Total power: 143.90W
2021-02-20 20:58:35: <info>  New job from eth-eu1.nanopool.org:9433
2021-02-20 20:58:35: [Statistics] Ethereum - Total speed: 30.417 MH/s, Total shares: 0 Rejected: 0, Time: 00:17
2021-02-20 20:58:35: [Statistics] Ethereum last 10 min - Total: 30.271 MH/s.
2021-02-20 20:58:38: <info>  New job from eth-eu1.nanopool.org:9433
2021-02-20 20:58:38: [Statistics] Ethereum - Total speed: 30.293 MH/s, Total shares: 0 Rejected: 0, Time: 00:20
2021-02-20 20:58:38: [Statistics] GPU0 t=60°C fan 30% power 145.57W. Total power: 145.57W
2021-02-20 20:58:38: <info>  New job from eth-eu1.nanopool.org:9433
2021-02-20 20:58:38: [Statistics] Ethereum - Total speed: 30.370 MH/s, Total shares: 0 Rejected: 0, Time: 00:20
2021-02-20 20:58:39: <info>  New job from eth-eu1.nanopool.org:9433
2021-02-20 20:58:39: [Statistics] Ethereum - Total speed: 30.287 MH/s, Total shares: 0 Rejected: 0, Time: 00:21
2021-02-20 20:58:39: [Statistics] GPU0 t=60°C fan 30% power 145.54W. Total power: 145.54W
2021-02-20 20:58:40: <info>  New job from eth-eu1.nanopool.org:9433
2021-02-20 20:58:40: [Statistics] Ethereum - Total speed: 30.471 MH/s, Total shares: 0 Rejected: 0, Time: 00:22
2021-02-20 20:58:40: [Statistics] Ethereum last 10 min - Total: 30.306 MH/s.
2021-02-20 20:58:40: <info>  New job from eth-eu1.nanopool.org:9433
2021-02-20 20:58:40: [Statistics] Ethereum - Total speed: 30.454 MH/s, Total shares: 0 Rejected: 0, Time: 00:22
2021-02-20 20:58:40: [Statistics] GPU0 t=61°C fan 30% power 145.69W. Total power: 145.69W
2021-02-20 20:58:43: <info>  New job from eth-eu1.nanopool.org:9433
2021-02-20 20:58:43: [Statistics] Ethereum - Total speed: 31.393 MH/s, Total shares: 0 Rejected: 0, Time: 00:25
2021-02-20 20:58:46: <info>  New job from eth-eu1.nanopool.org:9433
2021-02-20 20:58:46: [Statistics] Ethereum - Total speed: 31.705 MH/s, Total shares: 0 Rejected: 0, Time: 00:28
2021-02-20 20:58:46: [Statistics] GPU0 t=62°C fan 30% power 163.82W. Total power: 163.82W
2021-02-20 20:58:49: <info>  New job from eth-eu1.nanopool.org:9433
2021-02-20 20:58:49: [Statistics] Ethereum - Total speed: 32.297 MH/s, Total shares: 0 Rejected: 0, Time: 00:31
2021-02-20 20:58:49: [Statistics] Ethereum last 10 min - Total: 30.833 MH/s.
2021-02-20 20:58:52: <info>  New job from eth-eu1.nanopool.org:9433
2021-02-20 20:58:52: [Statistics] Ethereum - Total speed: 32.101 MH/s, Total shares: 0 Rejected: 0, Time: 00:34
2021-02-20 20:58:52: [Statistics] GPU0 t=61°C fan 30% power 160.37W. Total power: 160.37W
2021-02-20 20:58:52: <info>  New job from eth-eu1.nanopool.org:9433
2021-02-20 20:58:52: [Statistics] Ethereum - Total speed: 32.799 MH/s, Total shares: 0 Rejected: 0, Time: 00:34
2021-02-20 20:58:55: <info>  New job from eth-eu1.nanopool.org:9433
2021-02-20 20:58:55: [Statistics] Ethereum - Total speed: 33.671 MH/s, Total shares: 0 Rejected: 0, Time: 00:37
2021-02-20 20:58:55: [Statistics] GPU0 t=62°C fan 31% power 161.40W. Total power: 161.40W
2021-02-20 20:58:58: <info>  New job from eth-eu1.nanopool.org:9433
2021-02-20 20:58:58: [Statistics] Ethereum - Total speed: 34.458 MH/s, Total shares: 0 Rejected: 0, Time: 00:40
2021-02-20 20:58:58: [Statistics] Ethereum last 10 min - Total: 31.521 MH/s.
2021-02-20 20:58:59: <info>  New job from eth-eu1.nanopool.org:9433
2021-02-20 20:58:59: [Statistics] Ethereum - Total speed: 34.661 MH/s, Total shares: 0 Rejected: 0, Time: 00:41
2021-02-20 20:58:59: [Statistics] GPU0 t=62°C fan 31% power 145.82W. Total power: 145.82W
2021-02-20 20:58:59: <info>  New job from eth-eu1.nanopool.org:9433
2021-02-20 20:58:59: [Statistics] Ethereum - Total speed: 34.212 MH/s, Total shares: 0 Rejected: 0, Time: 00:41
2021-02-20 20:59:03: <info>  New job from eth-eu1.nanopool.org:9433
2021-02-20 20:59:03: [Statistics] Ethereum - Total speed: 35.035 MH/s, Total shares: 0 Rejected: 0, Time: 00:45
2021-02-20 20:59:03: [Statistics] GPU0 t=62°C fan 32% power 144.31W. Total power: 144.31W
2021-02-20 20:59:05: <info>  New job from eth-eu1.nanopool.org:9433
2021-02-20 20:59:05: [Statistics] Ethereum - Total speed: 34.935 MH/s, Total shares: 0 Rejected: 0, Time: 00:47
2021-02-20 20:59:05: [Statistics] Ethereum last 10 min - Total: 32.184 MH/s.
2021-02-20 20:59:08: <info>  New job from eth-eu1.nanopool.org:9433
2021-02-20 20:59:08: [Statistics] Ethereum - Total speed: 34.270 MH/s, Total shares: 0 Rejected: 0, Time: 00:50
2021-02-20 20:59:08: [Statistics] GPU0 t=62°C fan 32% power 144.48W. Total power: 144.48W
2021-02-20 20:59:09: <info>  New job from eth-eu1.nanopool.org:9433
2021-02-20 20:59:09: [Statistics] Ethereum - Total speed: 34.112 MH/s, Total shares: 0 Rejected: 0, Time: 00:51
2021-02-20 20:59:12: <info>  New job from eth-eu1.nanopool.org:9433
2021-02-20 20:59:12: [Statistics] Ethereum - Total speed: 33.931 MH/s, Total shares: 0 Rejected: 0, Time: 00:54
2021-02-20 20:59:12: [Statistics] GPU0 t=62°C fan 33% power 150.18W. Total power: 150.18W
2021-02-20 20:59:15: <info>  New job from eth-eu1.nanopool.org:9433
2021-02-20 20:59:15: [Statistics] Ethereum - Total speed: 33.426 MH/s, Total shares: 0 Rejected: 0, Time: 00:57
2021-02-20 20:59:15: [Statistics] Ethereum last 10 min - Total: 32.587 MH/s.
2021-02-20 20:59:18: <info>  New job from eth-eu1.nanopool.org:9433
2021-02-20 20:59:18: [Statistics] Ethereum - Total speed: 33.910 MH/s, Total shares: 0 Rejected: 0, Time: 01:00
2021-02-20 20:59:18: [Statistics] GPU0 t=63°C fan 33% power 147.69W. Total power: 147.69W
2021-02-20 20:59:18: <info>  New job from eth-eu1.nanopool.org:9433
2021-02-20 20:59:18: [Statistics] Ethereum - Total speed: 34.064 MH/s, Total shares: 0 Rejected: 0, Time: 01:00
2021-02-20 20:59:21: <info>  New job from eth-eu1.nanopool.org:9433
2021-02-20 20:59:21: [Statistics] Ethereum - Total speed: 33.704 MH/s, Total shares: 0 Rejected: 0, Time: 01:03
2021-02-20 20:59:21: [Statistics] GPU0 t=63°C fan 34% power 159.01W. Total power: 159.01W
2021-02-20 20:59:24: <info>  New job from eth-eu1.nanopool.org:9433
2021-02-20 20:59:24: [Statistics] Ethereum - Total speed: 33.931 MH/s, Total shares: 0 Rejected: 0, Time: 01:06
2021-02-20 20:59:24: [Statistics] Ethereum last 10 min - Total: 32.774 MH/s.
2021-02-20 20:59:25: <info>  New job from eth-eu1.nanopool.org:9433
2021-02-20 20:59:25: [Statistics] Ethereum - Total speed: 34.135 MH/s, Total shares: 0 Rejected: 0, Time: 01:07
2021-02-20 20:59:25: [Statistics] GPU0 t=63°C fan 34% power 152.31W. Total power: 152.31W
2021-02-20 20:59:25: <info>  New job from eth-eu1.nanopool.org:9433
2021-02-20 20:59:25: [Statistics] Ethereum - Total speed: 34.112 MH/s, Total shares: 0 Rejected: 0, Time: 01:07
2021-02-20 20:59:27: <info>  New job from eth-eu1.nanopool.org:9433
2021-02-20 20:59:27: [Statistics] Ethereum - Total speed: 33.979 MH/s, Total shares: 0 Rejected: 0, Time: 01:09
2021-02-20 20:59:27: [Statistics] GPU0 t=62°C fan 35% power 142.63W. Total power: 142.63W
2021-02-20 20:59:30: <info>  New job from eth-eu1.nanopool.org:9433
2021-02-20 20:59:30: [Statistics] Ethereum - Total speed: 33.869 MH/s, Total shares: 0 Rejected: 0, Time: 01:12
2021-02-20 20:59:30: [Statistics] Ethereum last 10 min - Total: 32.901 MH/s.
2021-02-20 20:59:33: <info>  New job from eth-eu1.nanopool.org:9433
2021-02-20 20:59:33: [Statistics] Ethereum - Total speed: 33.712 MH/s, Total shares: 0 Rejected: 0, Time: 01:15
2021-02-20 20:59:33: [Statistics] GPU0 t=63°C fan 36% power 144.87W. Total power: 144.87W
2021-02-20 20:59:36: <info>  New job from eth-eu1.nanopool.org:9433
2021-02-20 20:59:36: [Statistics] Ethereum - Total speed: 33.466 MH/s, Total shares: 0 Rejected: 0, Time: 01:18
2021-02-20 20:59:38: <info>  New job from eth-eu1.nanopool.org:9433
2021-02-20 20:59:38: [Statistics] Ethereum - Total speed: 31.708 MH/s, Total shares: 0 Rejected: 0, Time: 01:20
2021-02-20 20:59:38: [Statistics] GPU0 t=62°C fan 36% power 133.46W. Total power: 133.46W
2021-02-20 20:59:40: <info>  New job from eth-eu1.nanopool.org:9433
2021-02-20 20:59:40: [Statistics] Ethereum - Total speed: 29.902 MH/s, Total shares: 0 Rejected: 0, Time: 01:22
2021-02-20 20:59:40: [Statistics] Ethereum last 10 min - Total: 32.877 MH/s.
2021-02-20 20:59:44: <info>  New job from eth-eu1.nanopool.org:9433
2021-02-20 20:59:44: [Statistics] Ethereum - Total speed: 28.326 MH/s, Total shares: 0 Rejected: 0, Time: 01:26
2021-02-20 20:59:44: [Statistics] GPU0 t=62°C fan 37% power 137.71W. Total power: 137.71W
2021-02-20 20:59:45: <info>  New job from eth-eu1.nanopool.org:9433
2021-02-20 20:59:45: [Statistics] Ethereum - Total speed: 26.989 MH/s, Total shares: 0 Rejected: 0, Time: 01:27
2021-02-20 20:59:45: <info>  New job from eth-eu1.nanopool.org:9433
2021-02-20 20:59:45: [Statistics] Ethereum - Total speed: 25.889 MH/s, Total shares: 0 Rejected: 0, Time: 01:27
2021-02-20 20:59:45: [Statistics] GPU0 t=62°C fan 37% power 141.21W. Total power: 141.21W
2021-02-20 20:59:48: <info>  New job from eth-eu1.nanopool.org:9433
2021-02-20 20:59:48: [Statistics] Ethereum - Total speed: 24.941 MH/s, Total shares: 0 Rejected: 0, Time: 01:30
2021-02-20 20:59:48: [Statistics] Ethereum last 10 min - Total: 32.355 MH/s.
2021-02-20 20:59:51: <info>  New job from eth-eu1.nanopool.org:9433
2021-02-20 20:59:51: [Statistics] Ethereum - Total speed: 23.910 MH/s, Total shares: 0 Rejected: 0, Time: 01:33
2021-02-20 20:59:51: [Statistics] GPU0 t=62°C fan 37% power 140.06W. Total power: 140.06W
2021-02-20 20:59:52: <info>  New job from eth-eu1.nanopool.org:9433
2021-02-20 20:59:52: [Statistics] Ethereum - Total speed: 23.030 MH/s, Total shares: 0 Rejected: 0, Time: 01:34
2021-02-20 20:59:53: <info>  New job from eth-eu1.nanopool.org:9433
2021-02-20 20:59:53: [Statistics] Ethereum - Total speed: 22.263 MH/s, Total shares: 0 Rejected: 0, Time: 01:35
2021-02-20 20:59:53: [Statistics] GPU0 t=62°C fan 37% power 139.65W. Total power: 139.65W
2021-02-20 20:59:55: <info>  New job from eth-eu1.nanopool.org:9433
2021-02-20 20:59:55: [Statistics] Ethereum - Total speed: 21.654 MH/s, Total shares: 0 Rejected: 0, Time: 01:37
2021-02-20 20:59:55: [Statistics] Ethereum last 10 min - Total: 31.600 MH/s.
2021-02-20 20:59:57: <info>  New job from eth-eu1.nanopool.org:9433
2021-02-20 20:59:57: [Statistics] Ethereum - Total speed: 21.033 MH/s, Total shares: 0 Rejected: 0, Time: 01:39
2021-02-20 20:59:57: [Statistics] GPU0 t=62°C fan 37% power 138.19W. Total power: 138.19W
2021-02-20 20:59:57: <info>  New job from eth-eu1.nanopool.org:9433
2021-02-20 20:59:57: [Statistics] Ethereum - Total speed: 20.449 MH/s, Total shares: 0 Rejected: 0, Time: 01:39
2021-02-20 20:59:59: <info>  New job from eth-eu1.nanopool.org:9433
2021-02-20 20:59:59: [Statistics] Ethereum - Total speed: 19.844 MH/s, Total shares: 0 Rejected: 0, Time: 01:41
2021-02-20 20:59:59: [Statistics] GPU0 t=61°C fan 37% power 134.13W. Total power: 134.13W
2021-02-20 21:00:02: <info>  New job from eth-eu1.nanopool.org:9433
2021-02-20 21:00:02: [Statistics] Ethereum - Total speed: 19.261 MH/s, Total shares: 0 Rejected: 0, Time: 01:44
2021-02-20 21:00:02: [Statistics] Ethereum last 10 min - Total: 30.753 MH/s.
2021-02-20 21:00:05: <info>  New job from eth-eu1.nanopool.org:9433
2021-02-20 21:00:05: [Statistics] Ethereum - Total speed: 18.776 MH/s, Total shares: 0 Rejected: 0, Time: 01:47
2021-02-20 21:00:05: [Statistics] GPU0 t=61°C fan 37% power 132.74W. Total power: 132.74W
2021-02-20 21:00:08: <info>  New job from eth-eu1.nanopool.org:9433
2021-02-20 21:00:08: [Statistics] Ethereum - Total speed: 18.271 MH/s, Total shares: 0 Rejected: 0, Time: 01:50
2021-02-20 21:00:11: <info>  New job from eth-eu1.nanopool.org:9433
2021-02-20 21:00:11: [Statistics] Ethereum - Total speed: 17.897 MH/s, Total shares: 0 Rejected: 0, Time: 01:53
2021-02-20 21:00:11: [Statistics] GPU0 t=61°C fan 37% power 139.47W. Total power: 139.47W
2021-02-20 21:00:14: <info>  New job from eth-eu1.nanopool.org:9433
2021-02-20 21:00:14: [Statistics] Ethereum - Total speed: 17.629 MH/s, Total shares: 0 Rejected: 0, Time: 01:56
2021-02-20 21:00:14: [Statistics] Ethereum last 10 min - Total: 29.347 MH/s.
2021-02-20 21:00:17: <info>  New job from eth-eu1.nanopool.org:9433
2021-02-20 21:00:17: [Statistics] Ethereum - Total speed: 17.336 MH/s, Total shares: 0 Rejected: 0, Time: 01:59
2021-02-20 21:00:17: [Statistics] GPU0 t=61°C fan 37% power 133.99W. Total power: 133.99W
2021-02-20 21:00:18: <info>  New job from eth-eu1.nanopool.org:9433
2021-02-20 21:00:18: [Statistics] Ethereum - Total speed: 17.109 MH/s, Total shares: 0 Rejected: 0, Time: 02:00
2021-02-20 21:00:18: <info>  New job from eth-eu1.nanopool.org:9433
2021-02-20 21:00:18: [Statistics] Ethereum - Total speed: 16.742 MH/s, Total shares: 0 Rejected: 0, Time: 02:00
2021-02-20 21:00:18: [Statistics] GPU0 t=61°C fan 37% power 133.83W. Total power: 133.83W
2021-02-20 21:00:21: <info>  New job from eth-eu1.nanopool.org:9433
2021-02-20 21:00:21: [Statistics] Ethereum - Total speed: 16.462 MH/s, Total shares: 0 Rejected: 0, Time: 02:03
2021-02-20 21:00:21: [Statistics] Ethereum last 10 min - Total: 28.664 MH/s.
2021-02-20 21:00:24: <info>  New job from eth-eu1.nanopool.org:9433
2021-02-20 21:00:24: [Statistics] Ethereum - Total speed: 16.327 MH/s, Total shares: 0 Rejected: 0, Time: 02:06
2021-02-20 21:00:24: [Statistics] GPU0 t=61°C fan 37% power 141.47W. Total power: 141.47W
2021-02-20 21:00:27: <info>  New job from eth-eu1.nanopool.org:9433
2021-02-20 21:00:27: [Statistics] Ethereum - Total speed: 16.254 MH/s, Total shares: 0 Rejected: 0, Time: 02:09
2021-02-20 21:00:27: <info>  New job from eth-eu1.nanopool.org:9433
2021-02-20 21:00:27: [Statistics] Ethereum - Total speed: 16.116 MH/s, Total shares: 0 Rejected: 0, Time: 02:09
2021-02-20 21:00:27: [Statistics] GPU0 t=61°C fan 37% power 133.89W. Total power: 133.89W
2021-02-20 21:00:30: <info>  New job from eth-eu1.nanopool.org:9433
2021-02-20 21:00:30: [Statistics] Ethereum - Total speed: 15.889 MH/s, Total shares: 0 Rejected: 0, Time: 02:12
2021-02-20 21:00:30: [Statistics] Ethereum last 10 min - Total: 27.676 MH/s.
2021-02-20 21:00:33: <info>  New job from eth-eu1.nanopool.org:9433
2021-02-20 21:00:33: [Statistics] Ethereum - Total speed: 15.785 MH/s, Total shares: 0 Rejected: 0, Time: 02:15
2021-02-20 21:00:33: [Statistics] GPU0 t=61°C fan 37% power 133.11W. Total power: 133.11W
2021-02-20 21:00:36: <info>  New job from eth-eu1.nanopool.org:9433
2021-02-20 21:00:36: [Statistics] Ethereum - Total speed: 15.591 MH/s, Total shares: 0 Rejected: 0, Time: 02:18
2021-02-20 21:00:36: <info>  New job from eth-eu1.nanopool.org:9433
2021-02-20 21:00:36: [Statistics] Ethereum - Total speed: 15.437 MH/s, Total shares: 0 Rejected: 0, Time: 02:18
2021-02-20 21:00:36: [Statistics] GPU0 t=61°C fan 37% power 135.37W. Total power: 135.37W
2021-02-20 21:00:39: <info>  New job from eth-eu1.nanopool.org:9433
2021-02-20 21:00:39: [Statistics] Ethereum - Total speed: 15.303 MH/s, Total shares: 0 Rejected: 0, Time: 02:21
2021-02-20 21:00:39: [Statistics] Ethereum last 10 min - Total: 26.883 MH/s.
2021-02-20 21:00:42: <info>  New job from eth-eu1.nanopool.org:9433
2021-02-20 21:00:42: [Statistics] Ethereum - Total speed: 15.158 MH/s, Total shares: 0 Rejected: 0, Time: 02:24
2021-02-20 21:00:42: [Statistics] GPU0 t=61°C fan 37% power 136.11W. Total power: 136.11W
2021-02-20 21:00:45: <info>  New job from eth-eu1.nanopool.org:9433
2021-02-20 21:00:45: [Statistics] Ethereum - Total speed: 15.170 MH/s, Total shares: 0 Rejected: 0, Time: 02:27
2021-02-20 21:00:48: <info>  New job from eth-eu1.nanopool.org:9433
2021-02-20 21:00:48: [Statistics] Ethereum - Total speed: 15.192 MH/s, Total shares: 0 Rejected: 0, Time: 02:30
2021-02-20 21:00:48: [Statistics] GPU0 t=60°C fan 37% power 132.63W. Total power: 132.63W
2021-02-20 21:00:51: <info>  New job from eth-eu1.nanopool.org:9433
2021-02-20 21:00:51: [Statistics] Ethereum - Total speed: 15.122 MH/s, Total shares: 0 Rejected: 0, Time: 02:33
2021-02-20 21:00:51: [Statistics] Ethereum last 10 min - Total: 25.879 MH/s.
2021-02-20 21:00:54: <info>  New job from eth-eu1.nanopool.org:9433
2021-02-20 21:00:54: [Statistics] Ethereum - Total speed: 15.123 MH/s, Total shares: 0 Rejected: 0, Time: 02:36
2021-02-20 21:00:54: [Statistics] GPU0 t=61°C fan 37% power 139.50W. Total power: 139.50W
2021-02-20 21:00:57: <info>  New job from eth-eu1.nanopool.org:9433
2021-02-20 21:00:57: [Statistics] Ethereum - Total speed: 15.157 MH/s, Total shares: 0 Rejected: 0, Time: 02:39
2021-02-20 21:01:00: <info>  New job from eth-eu1.nanopool.org:9433
2021-02-20 21:01:00: [Statistics] Ethereum - Total speed: 15.166 MH/s, Total shares: 0 Rejected: 0, Time: 02:42
2021-02-20 21:01:00: [Statistics] GPU0 t=61°C fan 37% power 137.97W. Total power: 137.97W
2021-02-20 21:01:03: <info>  New job from eth-eu1.nanopool.org:9433
2021-02-20 21:01:03: [Statistics] Ethereum - Total speed: 15.101 MH/s, Total shares: 0 Rejected: 0, Time: 02:45
2021-02-20 21:01:03: [Statistics] Ethereum last 10 min - Total: 25.066 MH/s.
2021-02-20 21:01:06: <info>  New job from eth-eu1.nanopool.org:9433
2021-02-20 21:01:06: [Statistics] Ethereum - Total speed: 14.991 MH/s, Total shares: 0 Rejected: 0, Time: 02:48
2021-02-20 21:01:06: [Statistics] GPU0 t=61°C fan 37% power 136.75W. Total power: 136.75W
2021-02-20 21:01:09: <info>  New job from eth-eu1.nanopool.org:9433
2021-02-20 21:01:09: [Statistics] Ethereum - Total speed: 14.908 MH/s, Total shares: 0 Rejected: 0, Time: 02:51
2021-02-20 21:01:09: <info>  New job from eth-eu1.nanopool.org:9433
2021-02-20 21:01:09: [Statistics] Ethereum - Total speed: 14.771 MH/s, Total shares: 0 Rejected: 0, Time: 02:51
2021-02-20 21:01:09: [Statistics] GPU0 t=61°C fan 37% power 136.17W. Total power: 136.17W
2021-02-20 21:01:10: <info>  New job from eth-eu1.nanopool.org:9433
2021-02-20 21:01:10: [Statistics] Ethereum - Total speed: 14.837 MH/s, Total shares: 0 Rejected: 0, Time: 02:52
2021-02-20 21:01:10: [Statistics] Ethereum last 10 min - Total: 24.640 MH/s.
2021-02-20 21:01:13: <info>  New job from eth-eu1.nanopool.org:9433
2021-02-20 21:01:13: [Statistics] Ethereum - Total speed: 14.909 MH/s, Total shares: 0 Rejected: 0, Time: 02:55
2021-02-20 21:01:13: [Statistics] GPU0 t=61°C fan 37% power 138.60W. Total power: 138.60W
2021-02-20 21:01:13: <info>  New job from eth-eu1.nanopool.org:9433
2021-02-20 21:01:13: [Statistics] Ethereum - Total speed: 14.909 MH/s, Total shares: 0 Rejected: 0, Time: 02:55
2021-02-20 21:01:13: <info>  New job from eth-eu1.nanopool.org:9433
2021-02-20 21:01:13: [Statistics] Ethereum - Total speed: 14.904 MH/s, Total shares: 0 Rejected: 0, Time: 02:55
2021-02-20 21:01:13: [Statistics] GPU0 t=61°C fan 37% power 139.79W. Total power: 139.79W
2021-02-20 21:01:14: <info>  New job from eth-eu1.nanopool.org:9433
2021-02-20 21:01:14: [Statistics] Ethereum - Total speed: 14.985 MH/s, Total shares: 0 Rejected: 0, Time: 02:56
2021-02-20 21:01:14: [Statistics] Ethereum last 10 min - Total: 24.413 MH/s.
2021-02-20 21:01:14: <info>  New job from eth-eu1.nanopool.org:9433
2021-02-20 21:01:14: [Statistics] Ethereum - Total speed: 15.017 MH/s, Total shares: 0 Rejected: 0, Time: 02:56
2021-02-20 21:01:14: [Statistics] GPU0 t=61°C fan 37% power 139.41W. Total power: 139.41W
2021-02-20 21:01:15: <info>  New job from eth-eu1.nanopool.org:9433
2021-02-20 21:01:15: [Statistics] Ethereum - Total speed: 14.930 MH/s, Total shares: 0 Rejected: 0, Time: 02:57
2021-02-20 21:01:19: <info>  New job from eth-eu1.nanopool.org:9433
2021-02-20 21:01:19: [Statistics] Ethereum - Total speed: 14.973 MH/s, Total shares: 0 Rejected: 0, Time: 03:01
2021-02-20 21:01:19: [Statistics] GPU0 t=60°C fan 37% power 132.92W. Total power: 132.92W
2021-02-20 21:01:21: <info>  New job from eth-eu1.nanopool.org:9433
2021-02-20 21:01:21: [Statistics] Ethereum - Total speed: 14.908 MH/s, Total shares: 0 Rejected: 0, Time: 03:03
2021-02-20 21:01:21: [Statistics] Ethereum last 10 min - Total: 24.009 MH/s.
2021-02-20 21:01:24: <info>  New job from eth-eu1.nanopool.org:9433
2021-02-20 21:01:24: [Statistics] Ethereum - Total speed: 14.962 MH/s, Total shares: 0 Rejected: 0, Time: 03:06
2021-02-20 21:01:24: [Statistics] GPU0 t=61°C fan 37% power 137.88W. Total power: 137.88W
2021-02-20 21:01:27: <info>  New job from eth-eu1.nanopool.org:9433
2021-02-20 21:01:27: [Statistics] Ethereum - Total speed: 14.999 MH/s, Total shares: 0 Rejected: 0, Time: 03:09
2021-02-20 21:01:31: <info>  New job from eth-eu1.nanopool.org:9433
2021-02-20 21:01:31: [Statistics] Ethereum - Total speed: 15.003 MH/s, Total shares: 0 Rejected: 0, Time: 03:13
2021-02-20 21:01:31: [Statistics] GPU0 t=61°C fan 37% power 140.38W. Total power: 140.38W
2021-02-20 21:01:31: <info>  New job from eth-eu1.nanopool.org:9433
2021-02-20 21:01:31: [Statistics] Ethereum - Total speed: 14.986 MH/s, Total shares: 0 Rejected: 0, Time: 03:13
2021-02-20 21:01:31: [Statistics] Ethereum last 10 min - Total: 23.512 MH/s.
2021-02-20 21:01:31: <info>  New job from eth-eu1.nanopool.org:9433
2021-02-20 21:01:31: [Statistics] Ethereum - Total speed: 14.914 MH/s, Total shares: 0 Rejected: 0, Time: 03:13
2021-02-20 21:01:31: [Statistics] GPU0 t=60°C fan 37% power 138.11W. Total power: 138.11W
2021-02-20 21:01:32: <info>  New job from eth-eu1.nanopool.org:9433
2021-02-20 21:01:32: [Statistics] Ethereum - Total speed: 14.762 MH/s, Total shares: 0 Rejected: 0, Time: 03:14
2021-02-20 21:01:33: <info>  New job from eth-eu1.nanopool.org:9433
2021-02-20 21:01:33: [Statistics] Ethereum - Total speed: 14.681 MH/s, Total shares: 0 Rejected: 0, Time: 03:15
2021-02-20 21:01:33: [Statistics] GPU0 t=60°C fan 37% power 133.09W. Total power: 133.09W
2021-02-20 21:01:36: <info>  New job from eth-eu1.nanopool.org:9433
2021-02-20 21:01:36: [Statistics] Ethereum - Total speed: 14.605 MH/s, Total shares: 0 Rejected: 0, Time: 03:18
2021-02-20 21:01:36: [Statistics] Ethereum last 10 min - Total: 23.289 MH/s.
2021-02-20 21:01:38: <info>  New job from eth-eu1.nanopool.org:9433
2021-02-20 21:01:38: [Statistics] Ethereum - Total speed: 14.551 MH/s, Total shares: 0 Rejected: 0, Time: 03:21
2021-02-20 21:01:38: [Statistics] GPU0 t=60°C fan 37% power 131.65W. Total power: 131.65W
2021-02-20 21:01:41: <info>  New job from eth-eu1.nanopool.org:9433
2021-02-20 21:01:41: [Statistics] Ethereum - Total speed: 14.515 MH/s, Total shares: 0 Rejected: 0, Time: 03:24
2021-02-20 21:01:44: <info>  New job from eth-eu1.nanopool.org:9433
2021-02-20 21:01:44: [Statistics] Ethereum - Total speed: 14.598 MH/s, Total shares: 0 Rejected: 0, Time: 03:27
2021-02-20 21:01:44: [Statistics] GPU0 t=60°C fan 37% power 136.53W. Total power: 136.53W
2021-02-20 21:01:47: <info>  New job from eth-eu1.nanopool.org:9433
2021-02-20 21:01:47: [Statistics] Ethereum - Total speed: 14.655 MH/s, Total shares: 0 Rejected: 0, Time: 03:30
2021-02-20 21:01:47: [Statistics] Ethereum last 10 min - Total: 22.780 MH/s.
2021-02-20 21:01:50: <info>  New job from eth-eu1.nanopool.org:9433
2021-02-20 21:01:50: [Statistics] Ethereum - Total speed: 14.685 MH/s, Total shares: 0 Rejected: 0, Time: 03:33
2021-02-20 21:01:50: [Statistics] GPU0 t=61°C fan 36% power 144.22W. Total power: 144.22W
2021-02-20 21:01:54: <info>  New job from eth-eu1.nanopool.org:9433
2021-02-20 21:01:54: [Statistics] Ethereum - Total speed: 14.651 MH/s, Total shares: 0 Rejected: 0, Time: 03:36
2021-02-20 21:01:55: <info>  New job from eth-eu1.nanopool.org:9433
2021-02-20 21:01:55: [Statistics] Ethereum - Total speed: 14.678 MH/s, Total shares: 0 Rejected: 0, Time: 03:37
2021-02-20 21:01:55: [Statistics] GPU0 t=61°C fan 36% power 141.33W. Total power: 141.33W
2021-02-20 21:01:55: <info>  New job from eth-eu1.nanopool.org:9433
2021-02-20 21:01:55: [Statistics] Ethereum - Total speed: 14.658 MH/s, Total shares: 0 Rejected: 0, Time: 03:37
2021-02-20 21:01:55: [Statistics] Ethereum last 10 min - Total: 22.492 MH/s.
2021-02-20 21:01:58: <info>  New job from eth-eu1.nanopool.org:9433
2021-02-20 21:01:58: [Statistics] Ethereum - Total speed: 14.574 MH/s, Total shares: 0 Rejected: 0, Time: 03:40
2021-02-20 21:01:58: [Statistics] GPU0 t=61°C fan 36% power 148.25W. Total power: 148.25W
2021-02-20 21:01:58: <info>  New job from eth-eu1.nanopool.org:9433
2021-02-20 21:01:58: [Statistics] Ethereum - Total speed: 15.276 MH/s, Total shares: 0 Rejected: 0, Time: 03:40
2021-02-20 21:01:58: <info>  New job from eth-eu1.nanopool.org:9433
2021-02-20 21:01:58: [Statistics] Ethereum - Total speed: 16.882 MH/s, Total shares: 0 Rejected: 0, Time: 03:41
2021-02-20 21:01:58: [Statistics] GPU0 t=61°C fan 36% power 147.43W. Total power: 147.43W
2021-02-20 21:02:01: <info>  New job from eth-eu1.nanopool.org:9433
2021-02-20 21:02:01: [Statistics] Ethereum - Total speed: 17.999 MH/s, Total shares: 0 Rejected: 0, Time: 03:43
2021-02-20 21:02:01: [Statistics] Ethereum last 10 min - Total: 22.288 MH/s.
2021-02-20 21:02:04: <info>  New job from eth-eu1.nanopool.org:9433
2021-02-20 21:02:04: [Statistics] Ethereum - Total speed: 19.114 MH/s, Total shares: 0 Rejected: 0, Time: 03:46
2021-02-20 21:02:04: [Statistics] GPU0 t=61°C fan 36% power 144.14W. Total power: 144.14W
2021-02-20 21:02:07: <info>  New job from eth-eu1.nanopool.org:9433
2021-02-20 21:02:07: [Statistics] Ethereum - Total speed: 19.332 MH/s, Total shares: 0 Rejected: 0, Time: 03:49
2021-02-20 21:02:10: <info>  New job from eth-eu1.nanopool.org:9433
2021-02-20 21:02:10: [Statistics] Ethereum - Total speed: 19.718 MH/s, Total shares: 0 Rejected: 0, Time: 03:52
2021-02-20 21:02:10: [Statistics] GPU0 t=61°C fan 36% power 143.00W. Total power: 143.00W
2021-02-20 21:02:12: <info>  New job from eth-eu1.nanopool.org:9433
2021-02-20 21:02:12: [Statistics] Ethereum - Total speed: 19.774 MH/s, Total shares: 0 Rejected: 0, Time: 03:54
2021-02-20 21:02:12: [Statistics] Ethereum last 10 min - Total: 22.141 MH/s.
2021-02-20 21:02:13: <info>  New job from eth-eu1.nanopool.org:9433
2021-02-20 21:02:13: [Statistics] Ethereum - Total speed: 19.862 MH/s, Total shares: 0 Rejected: 0, Time: 03:55
2021-02-20 21:02:13: [Statistics] GPU0 t=62°C fan 36% power 145.81W. Total power: 145.81W
2021-02-20 21:02:15: <info>  New job from eth-eu1.nanopool.org:9433
2021-02-20 21:02:15: [Statistics] Ethereum - Total speed: 20.852 MH/s, Total shares: 0 Rejected: 0, Time: 03:57
2021-02-20 21:02:18: <info>  New job from eth-eu1.nanopool.org:9433
2021-02-20 21:02:18: [Statistics] Ethereum - Total speed: 21.735 MH/s, Total shares: 0 Rejected: 0, Time: 04:00
2021-02-20 21:02:18: [Statistics] GPU0 t=61°C fan 36% power 145.05W. Total power: 145.05W
2021-02-20 21:02:21: <info>  New job from eth-eu1.nanopool.org:9433
2021-02-20 21:02:21: [Statistics] Ethereum - Total speed: 21.926 MH/s, Total shares: 0 Rejected: 0, Time: 04:03
2021-02-20 21:02:21: [Statistics] Ethereum last 10 min - Total: 22.102 MH/s.
2021-02-20 21:02:24: <info>  New job from eth-eu1.nanopool.org:9433
2021-02-20 21:02:24: [Statistics] Ethereum - Total speed: 22.609 MH/s, Total shares: 0 Rejected: 0, Time: 04:07
2021-02-20 21:02:24: [Statistics] GPU0 t=62°C fan 37% power 163.26W. Total power: 163.26W
2021-02-20 21:02:27: <info>  New job from eth-eu1.nanopool.org:9433
2021-02-20 21:02:27: [Statistics] Ethereum - Total speed: 23.351 MH/s, Total shares: 0 Rejected: 0, Time: 04:09
2021-02-20 21:02:30: <info>  New job from eth-eu1.nanopool.org:9433
2021-02-20 21:02:30: [Statistics] Ethereum - Total speed: 23.530 MH/s, Total shares: 0 Rejected: 0, Time: 04:12
2021-02-20 21:02:30: [Statistics] GPU0 t=63°C fan 36% power 168.47W. Total power: 168.47W
2021-02-20 21:02:33: <info>  New job from eth-eu1.nanopool.org:9433
2021-02-20 21:02:33: [Statistics] Ethereum - Total speed: 24.108 MH/s, Total shares: 0 Rejected: 0, Time: 04:15
2021-02-20 21:02:33: [Statistics] Ethereum last 10 min - Total: 22.151 MH/s.
2021-02-20 21:02:36: <info>  New job from eth-eu1.nanopool.org:9433
2021-02-20 21:02:36: [Statistics] Ethereum - Total speed: 24.449 MH/s, Total shares: 0 Rejected: 0, Time: 04:18
2021-02-20 21:02:36: [Statistics] GPU0 t=62°C fan 36% power 135.24W. Total power: 135.24W
2021-02-20 21:02:39: <info>  New job from eth-eu1.nanopool.org:9433
2021-02-20 21:02:39: [Statistics] Ethereum - Total speed: 23.300 MH/s, Total shares: 0 Rejected: 0, Time: 04:22
2021-02-20 21:02:42: <info>  New job from eth-eu1.nanopool.org:9433
2021-02-20 21:02:42: [Statistics] Ethereum - Total speed: 22.432 MH/s, Total shares: 0 Rejected: 0, Time: 04:24
2021-02-20 21:02:42: [Statistics] GPU0 t=61°C fan 37% power 137.97W. Total power: 137.97W
2021-02-20 21:02:44: <info>  New job from eth-eu1.nanopool.org:9433
2021-02-20 21:02:44: [Statistics] Ethereum - Total speed: 21.697 MH/s, Total shares: 0 Rejected: 0, Time: 04:27
2021-02-20 21:02:44: [Statistics] Ethereum last 10 min - Total: 22.205 MH/s.
2021-02-20 21:02:45: <info>  New job from eth-eu1.nanopool.org:9433
2021-02-20 21:02:45: [Statistics] Ethereum - Total speed: 21.055 MH/s, Total shares: 0 Rejected: 0, Time: 04:27
2021-02-20 21:02:45: [Statistics] GPU0 t=61°C fan 37% power 140.57W. Total power: 140.57W
2021-02-20 21:02:49: <info>  New job from eth-eu1.nanopool.org:9433
2021-02-20 21:02:49: [Statistics] Ethereum - Total speed: 20.441 MH/s, Total shares: 0 Rejected: 0, Time: 04:31
2021-02-20 21:02:51: <info>  New job from eth-eu1.nanopool.org:9433
2021-02-20 21:02:51: [Statistics] Ethereum - Total speed: 19.884 MH/s, Total shares: 0 Rejected: 0, Time: 04:33
2021-02-20 21:02:51: [Statistics] GPU0 t=61°C fan 37% power 140.70W. Total power: 140.70W
2021-02-20 21:02:54: <info>  New job from eth-eu1.nanopool.org:9433
2021-02-20 21:02:54: [Statistics] Ethereum - Total speed: 19.447 MH/s, Total shares: 0 Rejected: 0, Time: 04:36
2021-02-20 21:02:54: [Statistics] Ethereum last 10 min - Total: 22.139 MH/s.
2021-02-20 21:02:57: <info>  New job from eth-eu1.nanopool.org:9433
2021-02-20 21:02:57: [Statistics] Ethereum - Total speed: 18.956 MH/s, Total shares: 0 Rejected: 0, Time: 04:39
2021-02-20 21:02:57: [Statistics] GPU0 t=61°C fan 37% power 139.43W. Total power: 139.43W
2021-02-20 21:03:00: <info>  New job from eth-eu1.nanopool.org:9433
2021-02-20 21:03:00: [Statistics] Ethereum - Total speed: 18.545 MH/s, Total shares: 0 Rejected: 0, Time: 04:42
2021-02-20 21:03:03: <info>  New job from eth-eu1.nanopool.org:9433
2021-02-20 21:03:03: [Statistics] Ethereum - Total speed: 18.073 MH/s, Total shares: 0 Rejected: 0, Time: 04:45
2021-02-20 21:03:03: [Statistics] GPU0 t=61°C fan 37% power 137.05W. Total power: 137.05W
2021-02-20 21:03:06: <info>  New job from eth-eu1.nanopool.org:9433
2021-02-20 21:03:06: [Statistics] Ethereum - Total speed: 17.653 MH/s, Total shares: 0 Rejected: 0, Time: 04:48
2021-02-20 21:03:06: [Statistics] Ethereum last 10 min - Total: 21.983 MH/s.
2021-02-20 21:03:09: <info>  New job from eth-eu1.nanopool.org:9433
2021-02-20 21:03:09: [Statistics] Ethereum - Total speed: 17.217 MH/s, Total shares: 0 Rejected: 0, Time: 04:51
2021-02-20 21:03:09: [Statistics] GPU0 t=61°C fan 37% power 134.33W. Total power: 134.33W
2021-02-20 21:03:09: <info>  New job from eth-eu1.nanopool.org:9433
2021-02-20 21:03:09: [Statistics] Ethereum - Total speed: 16.864 MH/s, Total shares: 0 Rejected: 0, Time: 04:51
2021-02-20 21:03:10: <info>  New job from eth-eu1.nanopool.org:9433
2021-02-20 21:03:10: [Statistics] Ethereum - Total speed: 16.683 MH/s, Total shares: 0 Rejected: 0, Time: 04:52
2021-02-20 21:03:10: [Statistics] GPU0 t=61°C fan 37% power 141.21W. Total power: 141.21W
2021-02-20 21:03:13: <info>  New job from eth-eu1.nanopool.org:9433
2021-02-20 21:03:13: [Statistics] Ethereum - Total speed: 16.559 MH/s, Total shares: 0 Rejected: 0, Time: 04:55
2021-02-20 21:03:13: [Statistics] Ethereum last 10 min - Total: 21.857 MH/s.
2021-02-20 21:03:16: <info>  New job from eth-eu1.nanopool.org:9433
2021-02-20 21:03:16: [Statistics] Ethereum - Total speed: 16.344 MH/s, Total shares: 0 Rejected: 0, Time: 04:58
2021-02-20 21:03:16: [Statistics] GPU0 t=61°C fan 36% power 141.40W. Total power: 141.40W
2021-02-20 21:03:18: <info>  New job from eth-eu1.nanopool.org:9433
2021-02-20 21:03:18: [Statistics] Ethereum - Total speed: 16.154 MH/s, Total shares: 0 Rejected: 0, Time: 05:00
2021-02-20 21:03:21: <info>  New job from eth-eu1.nanopool.org:9433
2021-02-20 21:03:21: [Statistics] Ethereum - Total speed: 15.877 MH/s, Total shares: 0 Rejected: 0, Time: 05:04
2021-02-20 21:03:21: [Statistics] GPU0 t=61°C fan 37% power 140.22W. Total power: 140.22W
2021-02-20 21:03:24: <info>  New job from eth-eu1.nanopool.org:9433
2021-02-20 21:03:24: [Statistics] Ethereum - Total speed: 15.753 MH/s, Total shares: 0 Rejected: 0, Time: 05:06
2021-02-20 21:03:24: [Statistics] Ethereum last 10 min - Total: 21.633 MH/s.
2021-02-20 21:03:28: <info>  New job from eth-eu1.nanopool.org:9433
2021-02-20 21:03:28: [Statistics] Ethereum - Total speed: 15.652 MH/s, Total shares: 0 Rejected: 0, Time: 05:10
2021-02-20 21:03:28: [Statistics] GPU0 t=61°C fan 36% power 136.75W. Total power: 136.75W
2021-02-20 21:03:30: <info>  New job from eth-eu1.nanopool.org:9433
2021-02-20 21:03:30: [Statistics] Ethereum - Total speed: 15.456 MH/s, Total shares: 0 Rejected: 0, Time: 05:12
2021-02-20 21:03:33: <info>  New job from eth-eu1.nanopool.org:9433
2021-02-20 21:03:33: [Statistics] Ethereum - Total speed: 15.375 MH/s, Total shares: 0 Rejected: 0, Time: 05:15
2021-02-20 21:03:33: [Statistics] GPU0 t=61°C fan 37% power 132.56W. Total power: 132.56W
2021-02-20 21:03:36: <info>  New job from eth-eu1.nanopool.org:9433
2021-02-20 21:03:36: [Statistics] Ethereum - Total speed: 15.170 MH/s, Total shares: 0 Rejected: 0, Time: 05:18
2021-02-20 21:03:36: [Statistics] Ethereum last 10 min - Total: 21.394 MH/s.
2021-02-20 21:03:40: <info>  New job from eth-eu1.nanopool.org:9433
2021-02-20 21:03:40: [Statistics] Ethereum - Total speed: 15.017 MH/s, Total shares: 0 Rejected: 0, Time: 05:22
2021-02-20 21:03:40: [Statistics] GPU0 t=61°C fan 37% power 142.50W. Total power: 142.50W
2021-02-20 21:03:43: <info>  New job from eth-eu1.nanopool.org:9433
2021-02-20 21:03:43: [Statistics] Ethereum - Total speed: 14.914 MH/s, Total shares: 0 Rejected: 0, Time: 05:25
2021-02-20 21:03:45: <info>  New job from eth-eu1.nanopool.org:9433
2021-02-20 21:03:45: [Statistics] Ethereum - Total speed: 14.788 MH/s, Total shares: 0 Rejected: 0, Time: 05:28
2021-02-20 21:03:45: [Statistics] GPU0 t=61°C fan 36% power 143.19W. Total power: 143.19W
2021-02-20 21:03:49: <info>  New job from eth-eu1.nanopool.org:9433
2021-02-20 21:03:49: [Statistics] Ethereum - Total speed: 14.772 MH/s, Total shares: 0 Rejected: 0, Time: 05:31
2021-02-20 21:03:49: [Statistics] Ethereum last 10 min - Total: 21.146 MH/s.
2021-02-20 21:03:52: <info>  New job from eth-eu1.nanopool.org:9433
2021-02-20 21:03:52: [Statistics] Ethereum - Total speed: 14.645 MH/s, Total shares: 0 Rejected: 0, Time: 05:34
2021-02-20 21:03:52: [Statistics] GPU0 t=61°C fan 37% power 140.66W. Total power: 140.66W
2021-02-20 21:03:54: <info>  New job from eth-eu1.nanopool.org:9433
2021-02-20 21:03:54: [Statistics] Ethereum - Total speed: 14.654 MH/s, Total shares: 0 Rejected: 0, Time: 05:37
2021-02-20 21:03:56: <info>  New job from eth-eu1.nanopool.org:9433
2021-02-20 21:03:56: [Statistics] Ethereum - Total speed: 14.636 MH/s, Total shares: 0 Rejected: 0, Time: 05:38
2021-02-20 21:03:56: [Statistics] GPU0 t=61°C fan 36% power 141.92W. Total power: 141.92W
2021-02-20 21:03:56: <info>  New job from eth-eu1.nanopool.org:9433
2021-02-20 21:03:56: [Statistics] Ethereum - Total speed: 14.636 MH/s, Total shares: 0 Rejected: 0, Time: 05:38
2021-02-20 21:03:56: [Statistics] Ethereum last 10 min - Total: 21.003 MH/s.
2021-02-20 21:03:59: <info>  New job from eth-eu1.nanopool.org:9433
2021-02-20 21:03:59: [Statistics] Ethereum - Total speed: 14.627 MH/s, Total shares: 0 Rejected: 0, Time: 05:41
2021-02-20 21:03:59: [Statistics] GPU0 t=61°C fan 36% power 152.57W. Total power: 152.57W
2021-02-20 21:04:02: <info>  New job from eth-eu1.nanopool.org:9433
2021-02-20 21:04:02: [Statistics] Ethereum - Total speed: 15.682 MH/s, Total shares: 0 Rejected: 0, Time: 05:44
2021-02-20 21:04:05: <info>  New job from eth-eu1.nanopool.org:9433
2021-02-20 21:04:05: [Statistics] Ethereum - Total speed: 16.888 MH/s, Total shares: 0 Rejected: 0, Time: 05:47
2021-02-20 21:04:05: [Statistics] GPU0 t=61°C fan 37% power 148.21W. Total power: 148.21W
2021-02-20 21:04:08: <info>  New job from eth-eu1.nanopool.org:9433
2021-02-20 21:04:08: [Statistics] Ethereum - Total speed: 17.748 MH/s, Total shares: 0 Rejected: 0, Time: 05:50
2021-02-20 21:04:08: [Statistics] Ethereum last 10 min - Total: 20.822 MH/s.
2021-02-20 21:04:11: <info>  New job from eth-eu1.nanopool.org:9433
2021-02-20 21:04:11: [Statistics] Ethereum - Total speed: 18.161 MH/s, Total shares: 0 Rejected: 0, Time: 05:53
2021-02-20 21:04:11: [Statistics] GPU0 t=63°C fan 37% power 163.94W. Total power: 163.94W
2021-02-20 21:04:13: <info>  [Ethash] ~~~~~~ DevFee begin ~~~~~~
2021-02-20 21:04:14: <info>  New job from commission host
2021-02-20 21:04:14: [Statistics] Ethereum - Total speed: 17.971 MH/s, Total shares: 0 Rejected: 0, Time: 05:56
2021-02-20 21:04:14: <info>  New job from commission host
2021-02-20 21:04:14: [Statistics] Ethereum - Total speed: 17.971 MH/s, Total shares: 0 Rejected: 0, Time: 05:56
2021-02-20 21:04:14: [Statistics] GPU0 t=63°C fan 37% power 162.94W. Total power: 162.94W
2021-02-20 21:04:14: <info>  New job from commission host
2021-02-20 21:04:14: [Statistics] Ethereum - Total speed: 17.640 MH/s, Total shares: 0 Rejected: 0, Time: 05:56
2021-02-20 21:04:14: [Statistics] Ethereum last 10 min - Total: 20.774 MH/s.
2021-02-20 21:04:15: <info>  New job from commission host
2021-02-20 21:04:15: [Statistics] Ethereum - Total speed: 17.590 MH/s, Total shares: 0 Rejected: 0, Time: 05:57
2021-02-20 21:04:15: [Statistics] GPU0 t=64°C fan 37% power 171.24W. Total power: 171.24W
2021-02-20 21:04:15: <info>  New job from commission host
2021-02-20 21:04:15: [Statistics] Ethereum - Total speed: 17.737 MH/s, Total shares: 0 Rejected: 0, Time: 05:57
2021-02-20 21:04:18: <info>  New job from commission host
2021-02-20 21:04:18: [Statistics] Ethereum - Total speed: 17.856 MH/s, Total shares: 0 Rejected: 0, Time: 06:00
2021-02-20 21:04:18: [Statistics] GPU0 t=63°C fan 37% power 155.55W. Total power: 155.55W
2021-02-20 21:04:20: <info>  New job from commission host
2021-02-20 21:04:20: [Statistics] Ethereum - Total speed: 17.381 MH/s, Total shares: 0 Rejected: 0, Time: 06:02
2021-02-20 21:04:20: [Statistics] Ethereum last 10 min - Total: 20.719 MH/s.
2021-02-20 21:04:20: <info>  New job from commission host
2021-02-20 21:04:20: [Statistics] Ethereum - Total speed: 17.356 MH/s, Total shares: 0 Rejected: 0, Time: 06:02
2021-02-20 21:04:20: [Statistics] GPU0 t=64°C fan 37% power 173.28W. Total power: 173.28W
2021-02-20 21:04:22: <info>  New job from commission host
2021-02-20 21:04:22: [Statistics] Ethereum - Total speed: 17.450 MH/s, Total shares: 0 Rejected: 0, Time: 06:04
2021-02-20 21:04:23: <info>  New job from commission host
2021-02-20 21:04:23: [Statistics] Ethereum - Total speed: 17.302 MH/s, Total shares: 0 Rejected: 0, Time: 06:06
2021-02-20 21:04:23: [Statistics] GPU0 t=63°C fan 38% power 167.01W. Total power: 167.01W
2021-02-20 21:04:25: <info>  New job from commission host
2021-02-20 21:04:25: [Statistics] Ethereum - Total speed: 17.266 MH/s, Total shares: 0 Rejected: 0, Time: 06:07
2021-02-20 21:04:25: [Statistics] Ethereum last 10 min - Total: 20.674 MH/s.
2021-02-20 21:04:28: <info>  New job from commission host
2021-02-20 21:04:28: [Statistics] Ethereum - Total speed: 17.340 MH/s, Total shares: 0 Rejected: 0, Time: 06:10
2021-02-20 21:04:28: [Statistics] GPU0 t=63°C fan 38% power 156.87W. Total power: 156.87W
2021-02-20 21:04:31: <info>  New job from commission host
2021-02-20 21:04:31: [Statistics] Ethereum - Total speed: 16.905 MH/s, Total shares: 0 Rejected: 0, Time: 06:13
2021-02-20 21:04:32: <info>  New job from commission host
2021-02-20 21:04:32: [Statistics] Ethereum - Total speed: 16.794 MH/s, Total shares: 0 Rejected: 0, Time: 06:14
2021-02-20 21:04:32: [Statistics] GPU0 t=64°C fan 39% power 158.16W. Total power: 158.16W
2021-02-20 21:04:32: <info>  New job from commission host
2021-02-20 21:04:32: [Statistics] Ethereum - Total speed: 16.274 MH/s, Total shares: 0 Rejected: 0, Time: 06:14
2021-02-20 21:04:32: [Statistics] Ethereum last 10 min - Total: 20.604 MH/s.
2021-02-20 21:04:35: <info>  New job from commission host
2021-02-20 21:04:35: [Statistics] Ethereum - Total speed: 15.811 MH/s, Total shares: 0 Rejected: 0, Time: 06:17
2021-02-20 21:04:35: [Statistics] GPU0 t=64°C fan 39% power 158.08W. Total power: 158.08W
2021-02-20 21:04:38: <info>  New job from commission host
2021-02-20 21:04:38: [Statistics] Ethereum - Total speed: 15.357 MH/s, Total shares: 0 Rejected: 0, Time: 06:20
2021-02-20 21:04:39: <info>  New job from commission host
2021-02-20 21:04:39: [Statistics] Ethereum - Total speed: 15.037 MH/s, Total shares: 0 Rejected: 0, Time: 06:21
2021-02-20 21:04:39: [Statistics] GPU0 t=63°C fan 40% power 155.78W. Total power: 155.78W
2021-02-20 21:04:39: <info>  New job from commission host
2021-02-20 21:04:39: [Statistics] Ethereum - Total speed: 14.713 MH/s, Total shares: 0 Rejected: 0, Time: 06:21
2021-02-20 21:04:39: [Statistics] Ethereum last 10 min - Total: 20.514 MH/s.
2021-02-20 21:04:41: <info>  New job from commission host
2021-02-20 21:04:41: [Statistics] Ethereum - Total speed: 15.084 MH/s, Total shares: 0 Rejected: 0, Time: 06:23
2021-02-20 21:04:41: [Statistics] GPU0 t=64°C fan 40% power 164.30W. Total power: 164.30W
2021-02-20 21:04:42: <info>  New job from commission host
2021-02-20 21:04:42: [Statistics] Ethereum - Total speed: 15.169 MH/s, Total shares: 0 Rejected: 0, Time: 06:24
2021-02-20 21:04:44: <info>  New job from commission host
2021-02-20 21:04:44: [Statistics] Ethereum - Total speed: 14.989 MH/s, Total shares: 0 Rejected: 0, Time: 06:26
2021-02-20 21:04:44: [Statistics] GPU0 t=64°C fan 40% power 162.12W. Total power: 162.12W
2021-02-20 21:04:47: <info>  New job from commission host
2021-02-20 21:04:47: [Statistics] Ethereum - Total speed: 14.892 MH/s, Total shares: 0 Rejected: 0, Time: 06:29
2021-02-20 21:04:47: [Statistics] Ethereum last 10 min - Total: 20.398 MH/s.
2021-02-20 21:04:47: <info>  New job from commission host
2021-02-20 21:04:47: [Statistics] Ethereum - Total speed: 15.034 MH/s, Total shares: 0 Rejected: 0, Time: 06:29
2021-02-20 21:04:47: [Statistics] GPU0 t=64°C fan 40% power 164.50W. Total power: 164.50W
2021-02-20 21:04:50: <info>  New job from commission host
2021-02-20 21:04:50: [Statistics] Ethereum - Total speed: 14.573 MH/s, Total shares: 0 Rejected: 0, Time: 06:32
2021-02-20 21:04:53: <info>  New job from commission host
2021-02-20 21:04:53: [Statistics] Ethereum - Total speed: 14.600 MH/s, Total shares: 0 Rejected: 0, Time: 06:35
2021-02-20 21:04:53: [Statistics] GPU0 t=64°C fan 40% power 171.95W. Total power: 171.95W
2021-02-20 21:04:55: <info>  New job from commission host
2021-02-20 21:04:55: [Statistics] Ethereum - Total speed: 14.872 MH/s, Total shares: 0 Rejected: 0, Time: 06:37
2021-02-20 21:04:55: [Statistics] Ethereum last 10 min - Total: 20.281 MH/s.
2021-02-20 21:04:55: <info>  New job from commission host
2021-02-20 21:04:55: [Statistics] Ethereum - Total speed: 15.041 MH/s, Total shares: 0 Rejected: 0, Time: 06:37
2021-02-20 21:04:55: [Statistics] GPU0 t=64°C fan 40% power 169.78W. Total power: 169.78W
2021-02-20 21:04:58: <info>  New job from commission host
2021-02-20 21:04:58: [Statistics] Ethereum - Total speed: 14.961 MH/s, Total shares: 0 Rejected: 0, Time: 06:40
2021-02-20 21:05:01: <info>  New job from commission host
2021-02-20 21:05:01: [Statistics] Ethereum - Total speed: 14.951 MH/s, Total shares: 0 Rejected: 0, Time: 06:43
2021-02-20 21:05:01: [Statistics] GPU0 t=64°C fan 41% power 169.11W. Total power: 169.11W
2021-02-20 21:05:04: <info>  New job from commission host
2021-02-20 21:05:04: [Statistics] Ethereum - Total speed: 14.867 MH/s, Total shares: 0 Rejected: 0, Time: 06:46
2021-02-20 21:05:04: [Statistics] Ethereum last 10 min - Total: 20.159 MH/s.
2021-02-20 21:05:07: <info>  New job from commission host
2021-02-20 21:05:07: [Statistics] Ethereum - Total speed: 14.577 MH/s, Total shares: 0 Rejected: 0, Time: 06:49
2021-02-20 21:05:07: [Statistics] GPU0 t=64°C fan 42% power 159.80W. Total power: 159.80W
2021-02-20 21:05:10: <info>  New job from commission host
2021-02-20 21:05:10: [Statistics] Ethereum - Total speed: 14.134 MH/s, Total shares: 0 Rejected: 0, Time: 06:52
2021-02-20 21:05:13: <info>  New job from commission host
2021-02-20 21:05:13: [Statistics] Ethereum - Total speed: 14.538 MH/s, Total shares: 0 Rejected: 0, Time: 06:55
2021-02-20 21:05:13: [Statistics] GPU0 t=64°C fan 42% power 166.72W. Total power: 166.72W
2021-02-20 21:05:16: <info>  New job from commission host
2021-02-20 21:05:16: [Statistics] Ethereum - Total speed: 14.454 MH/s, Total shares: 0 Rejected: 0, Time: 06:58
2021-02-20 21:05:16: [Statistics] Ethereum last 10 min - Total: 19.992 MH/s.
2021-02-20 21:05:19: <info>  New job from commission host
2021-02-20 21:05:19: [Statistics] Ethereum - Total speed: 14.441 MH/s, Total shares: 0 Rejected: 0, Time: 07:01
2021-02-20 21:05:19: [Statistics] GPU0 t=64°C fan 42% power 161.65W. Total power: 161.65W
2021-02-20 21:05:22: <info>  New job from commission host
2021-02-20 21:05:22: [Statistics] Ethereum - Total speed: 14.138 MH/s, Total shares: 0 Rejected: 0, Time: 07:04
2021-02-20 21:05:25: <info>  New job from commission host
2021-02-20 21:05:25: [Statistics] Ethereum - Total speed: 14.189 MH/s, Total shares: 0 Rejected: 0, Time: 07:07
2021-02-20 21:05:25: [Statistics] GPU0 t=63°C fan 43% power 161.77W. Total power: 161.77W
2021-02-20 21:05:26: <info>  [Ethash] ~~~~~~ DevFee end ~~~~~~
2021-02-20 21:05:26: <info>  New job from eth-eu1.nanopool.org:9433
2021-02-20 21:05:26: [Statistics] Ethereum - Total speed: 14.567 MH/s, Total shares: 0 Rejected: 0, Time: 07:08
2021-02-20 21:05:26: [Statistics] Ethereum last 10 min - Total: 19.853 MH/s.
2021-02-20 21:05:26: <info>  New job from eth-eu1.nanopool.org:9433
2021-02-20 21:05:26: [Statistics] Ethereum - Total speed: 14.567 MH/s, Total shares: 0 Rejected: 0, Time: 07:08
2021-02-20 21:05:26: [Statistics] GPU0 t=63°C fan 43% power 141.40W. Total power: 141.40W
2021-02-20 21:05:28: <info>  New job from eth-eu1.nanopool.org:9433
2021-02-20 21:05:28: [Statistics] Ethereum - Total speed: 14.622 MH/s, Total shares: 0 Rejected: 0, Time: 07:10
2021-02-20 21:05:31: <info>  New job from eth-eu1.nanopool.org:9433
2021-02-20 21:05:31: [Statistics] Ethereum - Total speed: 14.624 MH/s, Total shares: 0 Rejected: 0, Time: 07:13
2021-02-20 21:05:31: [Statistics] GPU0 t=62°C fan 43% power 140.61W. Total power: 140.61W
2021-02-20 21:05:34: <info>  New job from eth-eu1.nanopool.org:9433
2021-02-20 21:05:34: [Statistics] Ethereum - Total speed: 14.678 MH/s, Total shares: 0 Rejected: 0, Time: 07:16
2021-02-20 21:05:34: [Statistics] Ethereum last 10 min - Total: 19.758 MH/s.
2021-02-20 21:05:37: <info>  New job from eth-eu1.nanopool.org:9433
2021-02-20 21:05:37: [Statistics] Ethereum - Total speed: 14.694 MH/s, Total shares: 0 Rejected: 0, Time: 07:19
2021-02-20 21:05:37: [Statistics] GPU0 t=61°C fan 43% power 132.58W. Total power: 132.58W
2021-02-20 21:05:40: <info>  New job from eth-eu1.nanopool.org:9433
2021-02-20 21:05:40: [Statistics] Ethereum - Total speed: 14.687 MH/s, Total shares: 0 Rejected: 0, Time: 07:22
2021-02-20 21:05:43: <info>  New job from eth-eu1.nanopool.org:9433
2021-02-20 21:05:43: [Statistics] Ethereum - Total speed: 14.864 MH/s, Total shares: 0 Rejected: 0, Time: 07:25
2021-02-20 21:05:43: [Statistics] GPU0 t=61°C fan 43% power 135.19W. Total power: 135.19W
2021-02-20 21:05:46: <info>  New job from eth-eu1.nanopool.org:9433
2021-02-20 21:05:46: [Statistics] Ethereum - Total speed: 15.243 MH/s, Total shares: 0 Rejected: 0, Time: 07:28
2021-02-20 21:05:46: [Statistics] Ethereum last 10 min - Total: 19.622 MH/s.
2021-02-20 21:05:49: <info>  New job from eth-eu1.nanopool.org:9433
2021-02-20 21:05:49: [Statistics] Ethereum - Total speed: 15.374 MH/s, Total shares: 0 Rejected: 0, Time: 07:31
2021-02-20 21:05:49: [Statistics] GPU0 t=61°C fan 43% power 132.01W. Total power: 132.01W
2021-02-20 21:05:52: <info>  New job from eth-eu1.nanopool.org:9433
2021-02-20 21:05:52: [Statistics] Ethereum - Total speed: 15.373 MH/s, Total shares: 0 Rejected: 0, Time: 07:34
2021-02-20 21:05:55: <info>  New job from eth-eu1.nanopool.org:9433
2021-02-20 21:05:55: [Statistics] Ethereum - Total speed: 15.412 MH/s, Total shares: 0 Rejected: 0, Time: 07:37
2021-02-20 21:05:55: [Statistics] GPU0 t=61°C fan 42% power 139.52W. Total power: 139.52W
2021-02-20 21:05:58: <info>  New job from eth-eu1.nanopool.org:9433
2021-02-20 21:05:58: [Statistics] Ethereum - Total speed: 15.476 MH/s, Total shares: 0 Rejected: 0, Time: 07:40
2021-02-20 21:05:58: [Statistics] Ethereum last 10 min - Total: 19.508 MH/s.
2021-02-20 21:06:01: <info>  New job from eth-eu1.nanopool.org:9433
2021-02-20 21:06:01: [Statistics] Ethereum - Total speed: 15.449 MH/s, Total shares: 0 Rejected: 0, Time: 07:43
2021-02-20 21:06:01: [Statistics] GPU0 t=60°C fan 42% power 136.34W. Total power: 136.34W
2021-02-20 21:06:04: <info>  New job from eth-eu1.nanopool.org:9433
2021-02-20 21:06:04: [Statistics] Ethereum - Total speed: 15.456 MH/s, Total shares: 0 Rejected: 0, Time: 07:46
2021-02-20 21:06:07: <info>  New job from eth-eu1.nanopool.org:9433
2021-02-20 21:06:07: [Statistics] Ethereum - Total speed: 15.354 MH/s, Total shares: 0 Rejected: 0, Time: 07:49
2021-02-20 21:06:07: [Statistics] GPU0 t=60°C fan 42% power 136.25W. Total power: 136.25W
2021-02-20 21:06:07: <info>  New job from eth-eu1.nanopool.org:9433
2021-02-20 21:06:07: [Statistics] Ethereum - Total speed: 15.299 MH/s, Total shares: 0 Rejected: 0, Time: 07:49
2021-02-20 21:06:07: [Statistics] Ethereum last 10 min - Total: 19.425 MH/s.
2021-02-20 21:06:07: <info>  New job from eth-eu1.nanopool.org:9433
2021-02-20 21:06:07: [Statistics] Ethereum - Total speed: 15.206 MH/s, Total shares: 0 Rejected: 0, Time: 07:49
2021-02-20 21:06:07: [Statistics] GPU0 t=60°C fan 42% power 133.62W. Total power: 133.62W
2021-02-20 21:06:08: <info>  New job from eth-eu1.nanopool.org:9433
2021-02-20 21:06:08: [Statistics] Ethereum - Total speed: 15.106 MH/s, Total shares: 0 Rejected: 0, Time: 07:50
2021-02-20 21:06:10: <info>  New job from eth-eu1.nanopool.org:9433
2021-02-20 21:06:10: [Statistics] Ethereum - Total speed: 15.028 MH/s, Total shares: 0 Rejected: 0, Time: 07:52
2021-02-20 21:06:10: [Statistics] GPU0 t=60°C fan 42% power 135.78W. Total power: 135.78W
2021-02-20 21:06:11: <info>  New job from eth-eu1.nanopool.org:9433
2021-02-20 21:06:11: [Statistics] Ethereum - Total speed: 15.122 MH/s, Total shares: 0 Rejected: 0, Time: 07:53
2021-02-20 21:06:11: [Statistics] Ethereum last 10 min - Total: 19.386 MH/s.
2021-02-20 21:06:14: <info>  New job from eth-eu1.nanopool.org:9433
2021-02-20 21:06:14: [Statistics] Ethereum - Total speed: 15.204 MH/s, Total shares: 0 Rejected: 0, Time: 07:56
2021-02-20 21:06:14: [Statistics] GPU0 t=60°C fan 41% power 135.31W. Total power: 135.31W
2021-02-20 21:06:17: <info>  New job from eth-eu1.nanopool.org:9433
2021-02-20 21:06:17: [Statistics] Ethereum - Total speed: 15.325 MH/s, Total shares: 0 Rejected: 0, Time: 07:59
2021-02-20 21:06:18: <info>  New job from eth-eu1.nanopool.org:9433
2021-02-20 21:06:18: [Statistics] Ethereum - Total speed: 15.373 MH/s, Total shares: 0 Rejected: 0, Time: 08:00
2021-02-20 21:06:18: [Statistics] GPU0 t=59°C fan 41% power 129.80W. Total power: 129.80W
2021-02-20 21:06:19: <info>  New job from eth-eu1.nanopool.org:9433
2021-02-20 21:06:19: [Statistics] Ethereum - Total speed: 15.309 MH/s, Total shares: 0 Rejected: 0, Time: 08:01
2021-02-20 21:06:19: [Statistics] Ethereum last 10 min - Total: 19.317 MH/s.
2021-02-20 21:06:21: <info>  New job from eth-eu1.nanopool.org:9433
2021-02-20 21:06:21: [Statistics] Ethereum - Total speed: 15.419 MH/s, Total shares: 0 Rejected: 0, Time: 08:03
2021-02-20 21:06:21: [Statistics] GPU0 t=59°C fan 41% power 132.96W. Total power: 132.96W
2021-02-20 21:06:23: <info>  Terminating, please wait ...
