2021-02-24 23:03:21: <info>                                    _                 
2021-02-24 23:03:21: <info>  _ __   __ _ _ __   ___  _ __ ___ (_)_ __   ___ _ __ 
2021-02-24 23:03:21: <info> | '_ \ / _` | '_ \ / _ \| '_ ` _ \| | '_ \ / _ \ '__|
2021-02-24 23:03:21: <info> | | | | (_| | | | | (_) | | | | | | | | | |  __/ |   
2021-02-24 23:03:21: <info> |_| |_|\__,_|_| |_|\___/|_| |_| |_|_|_| |_|\___|_|   
2021-02-24 23:03:21: <info> 
2021-02-24 23:03:21: <info> Version 3.2.2-cuda11
2021-02-24 23:03:21: <info>  Started EthMan server on port 3333 without a password (read-only mode).
2021-02-24 23:03:21: <info>  Started web interface on port 9090 without a password.
2021-02-24 23:03:21: <info>  CUDA driver version is 11.2, runtime version is 11.1
2021-02-24 23:03:21: <info> Single device detected
2021-02-24 23:03:21: <info> GPU 0 PCI 0a:00.0, Platform: CUDA, Name: GeForce RTX 3060 Ti, 8192 MB available
2021-02-24 23:03:21: <info> -------------------Ethash:------------------
2021-02-24 23:03:21: <info> Currency: Ethereum
2021-02-24 23:03:21: <info> Wallet: wallet
2021-02-24 23:03:21: <info> Rig name: levin
2021-02-24 23:03:21: <info> Email: levinkueck08@gmail.com
2021-02-24 23:03:21: <info> Hashrate threshold to restart miner is not set
2021-02-24 23:03:21: <info> Added pool: eth-eu1.nanopool.org:9433
2021-02-24 23:03:21: <info> Added pool: eth-eu2.nanopool.org:9433
2021-02-24 23:03:21: <info> Added pool: eth-us-east1.nanopool.org:9433
2021-02-24 23:03:21: <info> Added pool: eth-us-west1.nanopool.org:9433
2021-02-24 23:03:21: <info> Added pool: eth-asia1.nanopool.org:9433
2021-02-24 23:03:21: <info> Added pool: eth-jp1.nanopool.org:9433
2021-02-24 23:03:21: <info> Added pool: eth-au1.nanopool.org:9433
2021-02-24 23:03:21: <info> Auto pool sorting is enabled
2021-02-24 23:03:21: <info> Using all GPU devices
2021-02-24 23:03:21: <info> Memory tweak: 1
2021-02-24 23:03:21: <info> -------------Common parameters:-------------
2021-02-24 23:03:21: <info> Log path: ./logs/
2021-02-24 23:03:21: <info> Log is written to file
2021-02-24 23:03:21: <info> GPU watchdog is enabled
2021-02-24 23:03:21: <info> Never calling reboot.bat (always restarting the miner in case of errors). 
2021-02-24 23:03:21: <info>  Setting up algorithm: Ethash
2021-02-24 23:03:22: <info>  Connecting to pools...
2021-02-24 23:03:22: <info>  Connected to pool: eth-eu1.nanopool.org:9433 | IP: 213.32.29.168 | ping: 103 ms.
2021-02-24 23:03:22: <info>  New job from eth-eu1.nanopool.org:9433 | share difficulty = 10000 MH, epoch 397 (4199 MB)
2021-02-24 23:03:22: [Statistics] Ethereum - Total speed: 0.000 H/s, Total shares: 0 Rejected: 0, Time: 00:01
2021-02-24 23:03:22: [Statistics] GPU0 t=40°C fan 0% power 37.87W. Total power: 37.87W
2021-02-24 23:03:23: <info>  New job from eth-eu1.nanopool.org:9433
2021-02-24 23:03:23: [Statistics] Ethereum - Total speed: 0.000 H/s, Total shares: 0 Rejected: 0, Time: 00:01
2021-02-24 23:03:23: [Statistics] Ethereum last 10 min - Total: 0.000 H/s.
2021-02-24 23:03:23: <info>  New job from eth-eu1.nanopool.org:9433
2021-02-24 23:03:23: [Statistics] Ethereum - Total speed: 0.000 H/s, Total shares: 0 Rejected: 0, Time: 00:02
2021-02-24 23:03:23: [Statistics] GPU0 t=40°C fan 0% power 38.01W. Total power: 38.01W
2021-02-24 23:03:26: <info>  New job from eth-eu1.nanopool.org:9433
2021-02-24 23:03:26: [Statistics] Ethereum - Total speed: 0.000 H/s, Total shares: 0 Rejected: 0, Time: 00:05
2021-02-24 23:03:29: <info>  GPU0: 4199 MB DAG generated in 3.84 seconds
2021-02-24 23:03:30: <info>  New job from eth-eu1.nanopool.org:9433
2021-02-24 23:03:30: [Statistics] Ethereum - Total speed: 50.869 MH/s, Total shares: 0 Rejected: 0, Time: 00:08
2021-02-24 23:03:30: [Statistics] GPU0 t=51°C fan 0% power 175.86W. Total power: 175.86W
2021-02-24 23:03:32: <info>  New job from eth-eu1.nanopool.org:9433
2021-02-24 23:03:32: [Statistics] Ethereum - Total speed: 50.840 MH/s, Total shares: 0 Rejected: 0, Time: 00:11
2021-02-24 23:03:32: [Statistics] Ethereum last 10 min - Total: 50.854 MH/s.
2021-02-24 23:03:35: <info>  New job from eth-eu1.nanopool.org:9433
2021-02-24 23:03:35: [Statistics] Ethereum - Total speed: 50.824 MH/s, Total shares: 0 Rejected: 0, Time: 00:14
2021-02-24 23:03:35: [Statistics] GPU0 t=54°C fan 0% power 175.92W. Total power: 175.92W
2021-02-24 23:03:38: <info>  New job from eth-eu1.nanopool.org:9433
2021-02-24 23:03:38: [Statistics] Ethereum - Total speed: 50.814 MH/s, Total shares: 0 Rejected: 0, Time: 00:17
2021-02-24 23:03:40: <info>  New job from eth-eu1.nanopool.org:9433
2021-02-24 23:03:40: [Statistics] Ethereum - Total speed: 50.806 MH/s, Total shares: 0 Rejected: 0, Time: 00:18
2021-02-24 23:03:40: [Statistics] GPU0 t=56°C fan 0% power 176.90W. Total power: 176.90W
2021-02-24 23:03:41: <info>  New job from eth-eu1.nanopool.org:9433
2021-02-24 23:03:41: [Statistics] Ethereum - Total speed: 50.787 MH/s, Total shares: 0 Rejected: 0, Time: 00:19
2021-02-24 23:03:41: [Statistics] Ethereum last 10 min - Total: 50.829 MH/s.
2021-02-24 23:03:43: <info>  New job from eth-eu1.nanopool.org:9433
2021-02-24 23:03:43: [Statistics] Ethereum - Total speed: 50.752 MH/s, Total shares: 0 Rejected: 0, Time: 00:21
2021-02-24 23:03:43: [Statistics] GPU0 t=57°C fan 0% power 177.46W. Total power: 177.46W
2021-02-24 23:03:46: <info>  New job from eth-eu1.nanopool.org:9433
2021-02-24 23:03:46: [Statistics] Ethereum - Total speed: 50.751 MH/s, Total shares: 0 Rejected: 0, Time: 00:24
2021-02-24 23:03:49: <info>  New job from eth-eu1.nanopool.org:9433
2021-02-24 23:03:49: [Statistics] Ethereum - Total speed: 50.742 MH/s, Total shares: 0 Rejected: 0, Time: 00:27
2021-02-24 23:03:49: [Statistics] GPU0 t=59°C fan 0% power 178.79W. Total power: 178.79W
2021-02-24 23:03:52: <info>  New job from eth-eu1.nanopool.org:9433
2021-02-24 23:03:52: [Statistics] Ethereum - Total speed: 50.738 MH/s, Total shares: 0 Rejected: 0, Time: 00:30
2021-02-24 23:03:52: [Statistics] Ethereum last 10 min - Total: 50.789 MH/s.
2021-02-24 23:03:53: <info>  New job from eth-eu1.nanopool.org:9433
2021-02-24 23:03:53: [Statistics] Ethereum - Total speed: 50.735 MH/s, Total shares: 0 Rejected: 0, Time: 00:32
2021-02-24 23:03:53: [Statistics] GPU0 t=61°C fan 0% power 179.70W. Total power: 179.70W
2021-02-24 23:03:55: <info>  New job from eth-eu1.nanopool.org:9433
2021-02-24 23:03:55: [Statistics] Ethereum - Total speed: 50.730 MH/s, Total shares: 0 Rejected: 0, Time: 00:33
2021-02-24 23:03:56: <info>  New job from eth-eu1.nanopool.org:9433
2021-02-24 23:03:56: [Statistics] Ethereum - Total speed: 50.724 MH/s, Total shares: 0 Rejected: 0, Time: 00:35
2021-02-24 23:03:56: [Statistics] GPU0 t=62°C fan 0% power 180.35W. Total power: 180.35W
2021-02-24 23:03:59: <info>  New job from eth-eu1.nanopool.org:9433
2021-02-24 23:03:59: [Statistics] Ethereum - Total speed: 50.726 MH/s, Total shares: 0 Rejected: 0, Time: 00:38
2021-02-24 23:03:59: [Statistics] Ethereum last 10 min - Total: 50.775 MH/s.
2021-02-24 23:04:01: <info>  Ethereum - SHARE FOUND (GPU: 0, nonce: 0x7364deee0eed7145).
2021-02-24 23:04:01: <info> Ethereum: share accepted (45 ms)!
2021-02-24 23:04:02: <info>  New job from eth-eu1.nanopool.org:9433
2021-02-24 23:04:02: [Statistics] Ethereum - Total speed: 50.722 MH/s, Total shares: 1 Rejected: 0, Time: 00:41
2021-02-24 23:04:02: [Statistics] GPU0 t=63°C fan 30% power 181.93W. Total power: 181.93W
2021-02-24 23:04:05: <info>  New job from eth-eu1.nanopool.org:9433
2021-02-24 23:04:05: [Statistics] Ethereum - Total speed: 50.710 MH/s, Total shares: 1 Rejected: 0, Time: 00:44
2021-02-24 23:04:06: <info>  New job from eth-eu1.nanopool.org:9433
2021-02-24 23:04:06: [Statistics] Ethereum - Total speed: 50.709 MH/s, Total shares: 1 Rejected: 0, Time: 00:44
2021-02-24 23:04:06: [Statistics] GPU0 t=64°C fan 30% power 182.04W. Total power: 182.04W
2021-02-24 23:04:09: <info>  New job from eth-eu1.nanopool.org:9433
2021-02-24 23:04:09: [Statistics] Ethereum - Total speed: 50.699 MH/s, Total shares: 1 Rejected: 0, Time: 00:47
2021-02-24 23:04:09: [Statistics] Ethereum last 10 min - Total: 50.760 MH/s.
2021-02-24 23:04:12: <info>  New job from eth-eu1.nanopool.org:9433
2021-02-24 23:04:12: [Statistics] Ethereum - Total speed: 50.704 MH/s, Total shares: 1 Rejected: 0, Time: 00:50
2021-02-24 23:04:12: [Statistics] GPU0 t=64°C fan 38% power 182.31W. Total power: 182.31W
2021-02-24 23:04:15: <info>  New job from eth-eu1.nanopool.org:9433
2021-02-24 23:04:15: [Statistics] Ethereum - Total speed: 50.698 MH/s, Total shares: 1 Rejected: 0, Time: 00:53
2021-02-24 23:04:16: <info>  New job from eth-eu1.nanopool.org:9433
2021-02-24 23:04:16: [Statistics] Ethereum - Total speed: 50.701 MH/s, Total shares: 1 Rejected: 0, Time: 00:54
2021-02-24 23:04:16: [Statistics] GPU0 t=64°C fan 39% power 182.09W. Total power: 182.09W
2021-02-24 23:04:16: <info>  New job from eth-eu1.nanopool.org:9433
2021-02-24 23:04:16: [Statistics] Ethereum - Total speed: 50.678 MH/s, Total shares: 1 Rejected: 0, Time: 00:54
2021-02-24 23:04:16: [Statistics] Ethereum last 10 min - Total: 50.752 MH/s.
2021-02-24 23:04:19: <info>  New job from eth-eu1.nanopool.org:9433
2021-02-24 23:04:19: [Statistics] Ethereum - Total speed: 50.537 MH/s, Total shares: 1 Rejected: 0, Time: 00:57
2021-02-24 23:04:19: [Statistics] GPU0 t=64°C fan 39% power 182.29W. Total power: 182.29W
2021-02-24 23:04:22: <info>  New job from eth-eu1.nanopool.org:9433
2021-02-24 23:04:22: [Statistics] Ethereum - Total speed: 50.552 MH/s, Total shares: 1 Rejected: 0, Time: 01:00
2021-02-24 23:04:25: <info>  New job from eth-eu1.nanopool.org:9433
2021-02-24 23:04:25: [Statistics] Ethereum - Total speed: 50.569 MH/s, Total shares: 1 Rejected: 0, Time: 01:03
2021-02-24 23:04:25: [Statistics] GPU0 t=63°C fan 40% power 182.25W. Total power: 182.25W
2021-02-24 23:04:28: <info>  New job from eth-eu1.nanopool.org:9433
2021-02-24 23:04:28: [Statistics] Ethereum - Total speed: 50.580 MH/s, Total shares: 1 Rejected: 0, Time: 01:06
2021-02-24 23:04:28: [Statistics] Ethereum last 10 min - Total: 50.715 MH/s.
2021-02-24 23:04:31: <info>  New job from eth-eu1.nanopool.org:9433
2021-02-24 23:04:31: [Statistics] Ethereum - Total speed: 50.593 MH/s, Total shares: 1 Rejected: 0, Time: 01:09
2021-02-24 23:04:31: [Statistics] GPU0 t=63°C fan 39% power 182.00W. Total power: 182.00W
2021-02-24 23:04:34: <info>  New job from eth-eu1.nanopool.org:9433
2021-02-24 23:04:34: [Statistics] Ethereum - Total speed: 50.601 MH/s, Total shares: 1 Rejected: 0, Time: 01:12
2021-02-24 23:04:37: <info>  New job from eth-eu1.nanopool.org:9433
2021-02-24 23:04:37: [Statistics] Ethereum - Total speed: 50.612 MH/s, Total shares: 1 Rejected: 0, Time: 01:15
2021-02-24 23:04:37: [Statistics] GPU0 t=63°C fan 40% power 182.15W. Total power: 182.15W
2021-02-24 23:04:40: <info>  New job from eth-eu1.nanopool.org:9433
2021-02-24 23:04:40: [Statistics] Ethereum - Total speed: 50.625 MH/s, Total shares: 1 Rejected: 0, Time: 01:18
2021-02-24 23:04:40: [Statistics] Ethereum last 10 min - Total: 50.695 MH/s.
2021-02-24 23:04:43: <info>  New job from eth-eu1.nanopool.org:9433
2021-02-24 23:04:43: [Statistics] Ethereum - Total speed: 50.630 MH/s, Total shares: 1 Rejected: 0, Time: 01:21
2021-02-24 23:04:43: [Statistics] GPU0 t=63°C fan 40% power 181.67W. Total power: 181.67W
2021-02-24 23:04:46: <info>  New job from eth-eu1.nanopool.org:9433
2021-02-24 23:04:46: [Statistics] Ethereum - Total speed: 50.636 MH/s, Total shares: 1 Rejected: 0, Time: 01:24
2021-02-24 23:04:49: <info>  New job from eth-eu1.nanopool.org:9433
2021-02-24 23:04:49: [Statistics] Ethereum - Total speed: 50.645 MH/s, Total shares: 1 Rejected: 0, Time: 01:27
2021-02-24 23:04:49: [Statistics] GPU0 t=63°C fan 40% power 182.25W. Total power: 182.25W
2021-02-24 23:04:49: <info>  New job from eth-eu1.nanopool.org:9433
2021-02-24 23:04:49: [Statistics] Ethereum - Total speed: 50.649 MH/s, Total shares: 1 Rejected: 0, Time: 01:28
2021-02-24 23:04:49: [Statistics] Ethereum last 10 min - Total: 50.688 MH/s.
2021-02-24 23:04:49: <info>  New job from eth-eu1.nanopool.org:9433
2021-02-24 23:04:49: [Statistics] Ethereum - Total speed: 50.671 MH/s, Total shares: 1 Rejected: 0, Time: 01:28
2021-02-24 23:04:49: [Statistics] GPU0 t=63°C fan 40% power 182.07W. Total power: 182.07W
2021-02-24 23:04:53: <info>  New job from eth-eu1.nanopool.org:9433
2021-02-24 23:04:53: [Statistics] Ethereum - Total speed: 50.606 MH/s, Total shares: 1 Rejected: 0, Time: 01:31
2021-02-24 23:04:55: <info>  New job from eth-eu1.nanopool.org:9433
2021-02-24 23:04:55: [Statistics] Ethereum - Total speed: 50.615 MH/s, Total shares: 1 Rejected: 0, Time: 01:34
2021-02-24 23:04:55: [Statistics] GPU0 t=63°C fan 40% power 182.22W. Total power: 182.22W
2021-02-24 23:04:58: <info>  New job from eth-eu1.nanopool.org:9433
2021-02-24 23:04:58: [Statistics] Ethereum - Total speed: 50.632 MH/s, Total shares: 1 Rejected: 0, Time: 01:37
2021-02-24 23:04:58: [Statistics] Ethereum last 10 min - Total: 50.682 MH/s.
2021-02-24 23:05:01: <info>  New job from eth-eu1.nanopool.org:9433
2021-02-24 23:05:01: [Statistics] Ethereum - Total speed: 50.635 MH/s, Total shares: 1 Rejected: 0, Time: 01:40
2021-02-24 23:05:01: [Statistics] GPU0 t=63°C fan 40% power 181.92W. Total power: 181.92W
2021-02-24 23:05:04: <info>  New job from eth-eu1.nanopool.org:9433
2021-02-24 23:05:04: [Statistics] Ethereum - Total speed: 50.633 MH/s, Total shares: 1 Rejected: 0, Time: 01:43
2021-02-24 23:05:07: <info>  New job from eth-eu1.nanopool.org:9433
2021-02-24 23:05:07: [Statistics] Ethereum - Total speed: 50.638 MH/s, Total shares: 1 Rejected: 0, Time: 01:46
2021-02-24 23:05:07: [Statistics] GPU0 t=63°C fan 40% power 181.54W. Total power: 181.54W
2021-02-24 23:05:10: <info>  New job from eth-eu1.nanopool.org:9433
2021-02-24 23:05:10: [Statistics] Ethereum - Total speed: 50.646 MH/s, Total shares: 1 Rejected: 0, Time: 01:49
2021-02-24 23:05:10: [Statistics] Ethereum last 10 min - Total: 50.676 MH/s.
2021-02-24 23:05:13: <info>  New job from eth-eu1.nanopool.org:9433
2021-02-24 23:05:13: [Statistics] Ethereum - Total speed: 50.650 MH/s, Total shares: 1 Rejected: 0, Time: 01:52
2021-02-24 23:05:13: [Statistics] GPU0 t=62°C fan 41% power 181.40W. Total power: 181.40W
2021-02-24 23:05:16: <info>  New job from eth-eu1.nanopool.org:9433
2021-02-24 23:05:16: [Statistics] Ethereum - Total speed: 50.654 MH/s, Total shares: 1 Rejected: 0, Time: 01:55
2021-02-24 23:05:17: <info>  New job from eth-eu1.nanopool.org:9433
2021-02-24 23:05:17: [Statistics] Ethereum - Total speed: 50.661 MH/s, Total shares: 1 Rejected: 0, Time: 01:56
2021-02-24 23:05:17: [Statistics] GPU0 t=63°C fan 40% power 181.80W. Total power: 181.80W
2021-02-24 23:05:18: <info>  New job from eth-eu1.nanopool.org:9433
2021-02-24 23:05:18: [Statistics] Ethereum - Total speed: 50.667 MH/s, Total shares: 1 Rejected: 0, Time: 01:56
2021-02-24 23:05:18: [Statistics] Ethereum last 10 min - Total: 50.675 MH/s.
2021-02-24 23:05:20: <info>  New job from eth-eu1.nanopool.org:9433
2021-02-24 23:05:20: [Statistics] Ethereum - Total speed: 50.637 MH/s, Total shares: 1 Rejected: 0, Time: 01:58
2021-02-24 23:05:20: [Statistics] GPU0 t=63°C fan 40% power 181.72W. Total power: 181.72W
2021-02-24 23:05:20: <info>  New job from eth-eu1.nanopool.org:9433
2021-02-24 23:05:20: [Statistics] Ethereum - Total speed: 50.642 MH/s, Total shares: 1 Rejected: 0, Time: 01:58
2021-02-24 23:05:23: <info>  New job from eth-eu1.nanopool.org:9433
2021-02-24 23:05:23: [Statistics] Ethereum - Total speed: 50.551 MH/s, Total shares: 1 Rejected: 0, Time: 02:02
2021-02-24 23:05:23: [Statistics] GPU0 t=62°C fan 40% power 181.64W. Total power: 181.64W
2021-02-24 23:05:26: <info>  New job from eth-eu1.nanopool.org:9433
2021-02-24 23:05:26: [Statistics] Ethereum - Total speed: 50.566 MH/s, Total shares: 1 Rejected: 0, Time: 02:04
2021-02-24 23:05:26: [Statistics] Ethereum last 10 min - Total: 50.669 MH/s.
2021-02-24 23:05:29: <info>  New job from eth-eu1.nanopool.org:9433
2021-02-24 23:05:29: [Statistics] Ethereum - Total speed: 50.578 MH/s, Total shares: 1 Rejected: 0, Time: 02:07
2021-02-24 23:05:29: [Statistics] GPU0 t=62°C fan 40% power 181.79W. Total power: 181.79W
2021-02-24 23:05:29: <info>  New job from eth-eu1.nanopool.org:9433
2021-02-24 23:05:29: [Statistics] Ethereum - Total speed: 50.590 MH/s, Total shares: 1 Rejected: 0, Time: 02:07
2021-02-24 23:05:32: <info>  New job from eth-eu1.nanopool.org:9433
2021-02-24 23:05:32: [Statistics] Ethereum - Total speed: 50.585 MH/s, Total shares: 1 Rejected: 0, Time: 02:10
2021-02-24 23:05:32: [Statistics] GPU0 t=62°C fan 40% power 181.60W. Total power: 181.60W
2021-02-24 23:05:35: <info>  New job from eth-eu1.nanopool.org:9433
2021-02-24 23:05:35: [Statistics] Ethereum - Total speed: 50.597 MH/s, Total shares: 1 Rejected: 0, Time: 02:13
2021-02-24 23:05:35: [Statistics] Ethereum last 10 min - Total: 50.663 MH/s.
2021-02-24 23:05:38: <info>  New job from eth-eu1.nanopool.org:9433
2021-02-24 23:05:38: [Statistics] Ethereum - Total speed: 50.612 MH/s, Total shares: 1 Rejected: 0, Time: 02:16
2021-02-24 23:05:38: [Statistics] GPU0 t=63°C fan 41% power 181.78W. Total power: 181.78W
2021-02-24 23:05:41: <info>  New job from eth-eu1.nanopool.org:9433
2021-02-24 23:05:41: [Statistics] Ethereum - Total speed: 50.617 MH/s, Total shares: 1 Rejected: 0, Time: 02:19
2021-02-24 23:05:44: <info>  New job from eth-eu1.nanopool.org:9433
2021-02-24 23:05:44: [Statistics] Ethereum - Total speed: 50.622 MH/s, Total shares: 1 Rejected: 0, Time: 02:22
2021-02-24 23:05:44: [Statistics] GPU0 t=62°C fan 41% power 181.52W. Total power: 181.52W
2021-02-24 23:05:47: <info>  New job from eth-eu1.nanopool.org:9433
2021-02-24 23:05:47: [Statistics] Ethereum - Total speed: 50.628 MH/s, Total shares: 1 Rejected: 0, Time: 02:25
2021-02-24 23:05:47: [Statistics] Ethereum last 10 min - Total: 50.659 MH/s.
2021-02-24 23:05:50: <info>  New job from eth-eu1.nanopool.org:9433
2021-02-24 23:05:50: [Statistics] Ethereum - Total speed: 50.637 MH/s, Total shares: 1 Rejected: 0, Time: 02:28
2021-02-24 23:05:50: [Statistics] GPU0 t=62°C fan 40% power 181.81W. Total power: 181.81W
2021-02-24 23:05:51: <info>  New job from eth-eu1.nanopool.org:9433
2021-02-24 23:05:51: [Statistics] Ethereum - Total speed: 50.643 MH/s, Total shares: 1 Rejected: 0, Time: 02:30
2021-02-24 23:05:52: <info>  New job from eth-eu1.nanopool.org:9433
2021-02-24 23:05:52: [Statistics] Ethereum - Total speed: 50.656 MH/s, Total shares: 1 Rejected: 0, Time: 02:30
2021-02-24 23:05:52: [Statistics] GPU0 t=62°C fan 40% power 181.87W. Total power: 181.87W
2021-02-24 23:05:54: <info>  New job from eth-eu1.nanopool.org:9433
2021-02-24 23:05:54: [Statistics] Ethereum - Total speed: 50.649 MH/s, Total shares: 1 Rejected: 0, Time: 02:32
2021-02-24 23:05:54: [Statistics] Ethereum last 10 min - Total: 50.658 MH/s.
2021-02-24 23:05:56: <info>  New job from eth-eu1.nanopool.org:9433
2021-02-24 23:05:56: [Statistics] Ethereum - Total speed: 50.655 MH/s, Total shares: 1 Rejected: 0, Time: 02:34
2021-02-24 23:05:56: [Statistics] GPU0 t=62°C fan 41% power 181.53W. Total power: 181.53W
2021-02-24 23:05:57: <info>  New job from eth-eu1.nanopool.org:9433
2021-02-24 23:05:57: [Statistics] Ethereum - Total speed: 50.646 MH/s, Total shares: 1 Rejected: 0, Time: 02:35
2021-02-24 23:06:00: <info>  New job from eth-eu1.nanopool.org:9433
2021-02-24 23:06:00: [Statistics] Ethereum - Total speed: 50.657 MH/s, Total shares: 1 Rejected: 0, Time: 02:38
2021-02-24 23:06:00: [Statistics] GPU0 t=62°C fan 41% power 181.65W. Total power: 181.65W
2021-02-24 23:06:01: <info>  New job from eth-eu1.nanopool.org:9433
2021-02-24 23:06:01: [Statistics] Ethereum - Total speed: 50.658 MH/s, Total shares: 1 Rejected: 0, Time: 02:39
2021-02-24 23:06:01: [Statistics] Ethereum last 10 min - Total: 50.658 MH/s.
2021-02-24 23:06:04: <info>  New job from eth-eu1.nanopool.org:9433
2021-02-24 23:06:04: [Statistics] Ethereum - Total speed: 50.633 MH/s, Total shares: 1 Rejected: 0, Time: 02:42
2021-02-24 23:06:04: [Statistics] GPU0 t=62°C fan 41% power 181.57W. Total power: 181.57W
2021-02-24 23:06:07: <info>  New job from eth-eu1.nanopool.org:9433
2021-02-24 23:06:07: [Statistics] Ethereum - Total speed: 50.641 MH/s, Total shares: 1 Rejected: 0, Time: 02:45
2021-02-24 23:06:10: <info>  New job from eth-eu1.nanopool.org:9433
2021-02-24 23:06:10: [Statistics] Ethereum - Total speed: 50.650 MH/s, Total shares: 1 Rejected: 0, Time: 02:48
2021-02-24 23:06:10: [Statistics] GPU0 t=62°C fan 41% power 181.34W. Total power: 181.34W
2021-02-24 23:06:12: <info>  New job from eth-eu1.nanopool.org:9433
2021-02-24 23:06:12: [Statistics] Ethereum - Total speed: 50.653 MH/s, Total shares: 1 Rejected: 0, Time: 02:50
2021-02-24 23:06:12: [Statistics] Ethereum last 10 min - Total: 50.657 MH/s.
2021-02-24 23:06:12: <info>  New job from eth-eu1.nanopool.org:9433
2021-02-24 23:06:12: [Statistics] Ethereum - Total speed: 50.655 MH/s, Total shares: 1 Rejected: 0, Time: 02:50
2021-02-24 23:06:12: [Statistics] GPU0 t=62°C fan 41% power 181.48W. Total power: 181.48W
2021-02-24 23:06:15: <info>  New job from eth-eu1.nanopool.org:9433
2021-02-24 23:06:15: [Statistics] Ethereum - Total speed: 50.601 MH/s, Total shares: 1 Rejected: 0, Time: 02:53
2021-02-24 23:06:17: <info>  New job from eth-eu1.nanopool.org:9433
2021-02-24 23:06:17: [Statistics] Ethereum - Total speed: 50.607 MH/s, Total shares: 1 Rejected: 0, Time: 02:55
2021-02-24 23:06:17: [Statistics] GPU0 t=62°C fan 41% power 181.92W. Total power: 181.92W
2021-02-24 23:06:18: <info>  New job from eth-eu1.nanopool.org:9433
2021-02-24 23:06:18: [Statistics] Ethereum - Total speed: 50.621 MH/s, Total shares: 1 Rejected: 0, Time: 02:56
2021-02-24 23:06:18: [Statistics] Ethereum last 10 min - Total: 50.656 MH/s.
2021-02-24 23:06:20: <info>  New job from eth-eu1.nanopool.org:9433
2021-02-24 23:06:20: [Statistics] Ethereum - Total speed: 50.610 MH/s, Total shares: 1 Rejected: 0, Time: 02:58
2021-02-24 23:06:20: [Statistics] GPU0 t=62°C fan 41% power 181.76W. Total power: 181.76W
2021-02-24 23:06:23: <info>  New job from eth-eu1.nanopool.org:9433
2021-02-24 23:06:23: [Statistics] Ethereum - Total speed: 50.624 MH/s, Total shares: 1 Rejected: 0, Time: 03:01
2021-02-24 23:06:25: <info>  New job from eth-eu1.nanopool.org:9433
2021-02-24 23:06:25: [Statistics] Ethereum - Total speed: 50.633 MH/s, Total shares: 1 Rejected: 0, Time: 03:03
2021-02-24 23:06:25: [Statistics] GPU0 t=62°C fan 41% power 181.68W. Total power: 181.68W
2021-02-24 23:06:28: <info>  New job from eth-eu1.nanopool.org:9433
2021-02-24 23:06:28: [Statistics] Ethereum - Total speed: 50.640 MH/s, Total shares: 1 Rejected: 0, Time: 03:06
2021-02-24 23:06:28: [Statistics] Ethereum last 10 min - Total: 50.654 MH/s.
2021-02-24 23:06:31: <info>  New job from eth-eu1.nanopool.org:9433
2021-02-24 23:06:31: [Statistics] Ethereum - Total speed: 50.645 MH/s, Total shares: 1 Rejected: 0, Time: 03:09
2021-02-24 23:06:31: [Statistics] GPU0 t=62°C fan 41% power 181.74W. Total power: 181.74W
2021-02-24 23:06:34: <info>  New job from eth-eu1.nanopool.org:9433
2021-02-24 23:06:34: [Statistics] Ethereum - Total speed: 50.650 MH/s, Total shares: 1 Rejected: 0, Time: 03:12
2021-02-24 23:06:37: <info>  New job from eth-eu1.nanopool.org:9433
2021-02-24 23:06:37: [Statistics] Ethereum - Total speed: 50.654 MH/s, Total shares: 1 Rejected: 0, Time: 03:15
2021-02-24 23:06:37: [Statistics] GPU0 t=62°C fan 41% power 181.66W. Total power: 181.66W
2021-02-24 23:06:38: <info>  New job from eth-eu1.nanopool.org:9433
2021-02-24 23:06:38: [Statistics] Ethereum - Total speed: 50.655 MH/s, Total shares: 1 Rejected: 0, Time: 03:16
2021-02-24 23:06:38: [Statistics] Ethereum last 10 min - Total: 50.654 MH/s.
2021-02-24 23:06:38: <info>  New job from eth-eu1.nanopool.org:9433
2021-02-24 23:06:38: [Statistics] Ethereum - Total speed: 50.655 MH/s, Total shares: 1 Rejected: 0, Time: 03:16
2021-02-24 23:06:38: [Statistics] GPU0 t=62°C fan 41% power 181.10W. Total power: 181.10W
2021-02-24 23:06:41: <info>  New job from eth-eu1.nanopool.org:9433
2021-02-24 23:06:41: [Statistics] Ethereum - Total speed: 50.601 MH/s, Total shares: 1 Rejected: 0, Time: 03:19
2021-02-24 23:06:44: <info>  New job from eth-eu1.nanopool.org:9433
2021-02-24 23:06:44: [Statistics] Ethereum - Total speed: 50.612 MH/s, Total shares: 1 Rejected: 0, Time: 03:22
2021-02-24 23:06:44: [Statistics] GPU0 t=62°C fan 41% power 181.91W. Total power: 181.91W
2021-02-24 23:06:44: <info>  New job from eth-eu1.nanopool.org:9433
2021-02-24 23:06:44: [Statistics] Ethereum - Total speed: 50.621 MH/s, Total shares: 1 Rejected: 0, Time: 03:23
2021-02-24 23:06:44: [Statistics] Ethereum last 10 min - Total: 50.652 MH/s.
2021-02-24 23:06:47: <info>  New job from eth-eu1.nanopool.org:9433
2021-02-24 23:06:47: [Statistics] Ethereum - Total speed: 50.617 MH/s, Total shares: 1 Rejected: 0, Time: 03:26
2021-02-24 23:06:47: [Statistics] GPU0 t=62°C fan 41% power 181.79W. Total power: 181.79W
2021-02-24 23:06:48: <info>  New job from eth-eu1.nanopool.org:9433
2021-02-24 23:06:48: [Statistics] Ethereum - Total speed: 50.622 MH/s, Total shares: 1 Rejected: 0, Time: 03:26
2021-02-24 23:06:51: <info>  New job from eth-eu1.nanopool.org:9433
2021-02-24 23:06:51: [Statistics] Ethereum - Total speed: 50.627 MH/s, Total shares: 1 Rejected: 0, Time: 03:29
2021-02-24 23:06:51: [Statistics] GPU0 t=62°C fan 41% power 181.59W. Total power: 181.59W
2021-02-24 23:06:54: <info>  New job from eth-eu1.nanopool.org:9433
2021-02-24 23:06:54: [Statistics] Ethereum - Total speed: 50.634 MH/s, Total shares: 1 Rejected: 0, Time: 03:32
2021-02-24 23:06:54: [Statistics] Ethereum last 10 min - Total: 50.651 MH/s.
2021-02-24 23:06:56: <info>  New job from eth-eu1.nanopool.org:9433
2021-02-24 23:06:56: [Statistics] Ethereum - Total speed: 50.639 MH/s, Total shares: 1 Rejected: 0, Time: 03:34
2021-02-24 23:06:56: [Statistics] GPU0 t=62°C fan 41% power 181.90W. Total power: 181.90W
2021-02-24 23:06:56: <info>  New job from eth-eu1.nanopool.org:9433
2021-02-24 23:06:56: [Statistics] Ethereum - Total speed: 50.650 MH/s, Total shares: 1 Rejected: 0, Time: 03:35
2021-02-24 23:06:59: <info>  New job from eth-eu1.nanopool.org:9433
2021-02-24 23:06:59: [Statistics] Ethereum - Total speed: 50.599 MH/s, Total shares: 1 Rejected: 0, Time: 03:37
2021-02-24 23:06:59: [Statistics] GPU0 t=62°C fan 41% power 181.76W. Total power: 181.76W
2021-02-24 23:07:00: <info>  New job from eth-eu1.nanopool.org:9433
2021-02-24 23:07:00: [Statistics] Ethereum - Total speed: 50.609 MH/s, Total shares: 1 Rejected: 0, Time: 03:38
2021-02-24 23:07:00: [Statistics] Ethereum last 10 min - Total: 50.650 MH/s.
2021-02-24 23:07:00: <info>  New job from eth-eu1.nanopool.org:9433
2021-02-24 23:07:00: [Statistics] Ethereum - Total speed: 50.592 MH/s, Total shares: 1 Rejected: 0, Time: 03:39
2021-02-24 23:07:00: [Statistics] GPU0 t=62°C fan 41% power 180.92W. Total power: 180.92W
2021-02-24 23:07:03: <info>  New job from eth-eu1.nanopool.org:9433
2021-02-24 23:07:03: [Statistics] Ethereum - Total speed: 50.548 MH/s, Total shares: 1 Rejected: 0, Time: 03:41
2021-02-24 23:07:06: <info>  New job from eth-eu1.nanopool.org:9433
2021-02-24 23:07:06: [Statistics] Ethereum - Total speed: 50.562 MH/s, Total shares: 1 Rejected: 0, Time: 03:45
2021-02-24 23:07:06: [Statistics] GPU0 t=62°C fan 41% power 181.57W. Total power: 181.57W
2021-02-24 23:07:09: <info>  New job from eth-eu1.nanopool.org:9433
2021-02-24 23:07:09: [Statistics] Ethereum - Total speed: 50.576 MH/s, Total shares: 1 Rejected: 0, Time: 03:47
2021-02-24 23:07:09: [Statistics] Ethereum last 10 min - Total: 50.647 MH/s.
2021-02-24 23:07:12: <info>  New job from eth-eu1.nanopool.org:9433
2021-02-24 23:07:12: [Statistics] Ethereum - Total speed: 50.589 MH/s, Total shares: 1 Rejected: 0, Time: 03:50
2021-02-24 23:07:12: [Statistics] GPU0 t=63°C fan 41% power 181.68W. Total power: 181.68W
2021-02-24 23:07:13: <info>  New job from eth-eu1.nanopool.org:9433
2021-02-24 23:07:13: [Statistics] Ethereum - Total speed: 50.601 MH/s, Total shares: 1 Rejected: 0, Time: 03:51
2021-02-24 23:07:13: <info>  New job from eth-eu1.nanopool.org:9433
2021-02-24 23:07:13: [Statistics] Ethereum - Total speed: 50.604 MH/s, Total shares: 1 Rejected: 0, Time: 03:51
2021-02-24 23:07:13: [Statistics] GPU0 t=62°C fan 41% power 181.44W. Total power: 181.44W
2021-02-24 23:07:16: <info>  New job from eth-eu1.nanopool.org:9433
2021-02-24 23:07:16: [Statistics] Ethereum - Total speed: 50.580 MH/s, Total shares: 1 Rejected: 0, Time: 03:54
2021-02-24 23:07:16: [Statistics] Ethereum last 10 min - Total: 50.645 MH/s.
2021-02-24 23:07:19: <info>  New job from eth-eu1.nanopool.org:9433
2021-02-24 23:07:19: [Statistics] Ethereum - Total speed: 50.593 MH/s, Total shares: 1 Rejected: 0, Time: 03:57
2021-02-24 23:07:19: [Statistics] GPU0 t=62°C fan 41% power 182.16W. Total power: 182.16W
2021-02-24 23:07:22: <info>  New job from eth-eu1.nanopool.org:9433
2021-02-24 23:07:22: [Statistics] Ethereum - Total speed: 50.603 MH/s, Total shares: 1 Rejected: 0, Time: 04:00
2021-02-24 23:07:22: <info>  New job from eth-eu1.nanopool.org:9433
2021-02-24 23:07:22: [Statistics] Ethereum - Total speed: 50.613 MH/s, Total shares: 1 Rejected: 0, Time: 04:00
2021-02-24 23:07:22: [Statistics] GPU0 t=63°C fan 41% power 181.82W. Total power: 181.82W
2021-02-24 23:07:22: <info>  New job from eth-eu1.nanopool.org:9433
2021-02-24 23:07:22: [Statistics] Ethereum - Total speed: 50.547 MH/s, Total shares: 1 Rejected: 0, Time: 04:00
2021-02-24 23:07:22: [Statistics] Ethereum last 10 min - Total: 50.644 MH/s.
2021-02-24 23:07:23: <info>  New job from eth-eu1.nanopool.org:9433
2021-02-24 23:07:23: [Statistics] Ethereum - Total speed: 50.464 MH/s, Total shares: 1 Rejected: 0, Time: 04:01
2021-02-24 23:07:23: [Statistics] GPU0 t=63°C fan 41% power 181.69W. Total power: 181.69W
2021-02-24 23:07:23: <info>  New job from eth-eu1.nanopool.org:9433
2021-02-24 23:07:23: [Statistics] Ethereum - Total speed: 50.482 MH/s, Total shares: 1 Rejected: 0, Time: 04:02
2021-02-24 23:07:26: <info>  New job from eth-eu1.nanopool.org:9433
2021-02-24 23:07:26: [Statistics] Ethereum - Total speed: 50.472 MH/s, Total shares: 1 Rejected: 0, Time: 04:05
2021-02-24 23:07:26: [Statistics] GPU0 t=63°C fan 41% power 182.00W. Total power: 182.00W
2021-02-24 23:07:29: <info>  New job from eth-eu1.nanopool.org:9433
2021-02-24 23:07:29: [Statistics] Ethereum - Total speed: 50.495 MH/s, Total shares: 1 Rejected: 0, Time: 04:07
2021-02-24 23:07:29: [Statistics] Ethereum last 10 min - Total: 50.639 MH/s.
2021-02-24 23:07:29: <info>  New job from eth-eu1.nanopool.org:9433
2021-02-24 23:07:29: [Statistics] Ethereum - Total speed: 50.515 MH/s, Total shares: 1 Rejected: 0, Time: 04:08
2021-02-24 23:07:29: [Statistics] GPU0 t=63°C fan 41% power 181.56W. Total power: 181.56W
2021-02-24 23:07:29: <info>  New job from eth-eu1.nanopool.org:9433
2021-02-24 23:07:29: [Statistics] Ethereum - Total speed: 50.543 MH/s, Total shares: 1 Rejected: 0, Time: 04:08
2021-02-24 23:07:30: <info>  New job from eth-eu1.nanopool.org:9433
2021-02-24 23:07:30: [Statistics] Ethereum - Total speed: 50.459 MH/s, Total shares: 1 Rejected: 0, Time: 04:08
2021-02-24 23:07:30: [Statistics] GPU0 t=62°C fan 41% power 181.27W. Total power: 181.27W
2021-02-24 23:07:33: <info>  New job from eth-eu1.nanopool.org:9433
2021-02-24 23:07:33: [Statistics] Ethereum - Total speed: 50.475 MH/s, Total shares: 1 Rejected: 0, Time: 04:11
2021-02-24 23:07:33: [Statistics] Ethereum last 10 min - Total: 50.637 MH/s.
2021-02-24 23:07:36: <info>  New job from eth-eu1.nanopool.org:9433
2021-02-24 23:07:36: [Statistics] Ethereum - Total speed: 50.496 MH/s, Total shares: 1 Rejected: 0, Time: 04:14
2021-02-24 23:07:36: [Statistics] GPU0 t=62°C fan 41% power 181.76W. Total power: 181.76W
2021-02-24 23:07:39: <info>  New job from eth-eu1.nanopool.org:9433
2021-02-24 23:07:39: [Statistics] Ethereum - Total speed: 50.512 MH/s, Total shares: 1 Rejected: 0, Time: 04:17
2021-02-24 23:07:42: <info>  New job from eth-eu1.nanopool.org:9433
2021-02-24 23:07:42: [Statistics] Ethereum - Total speed: 50.535 MH/s, Total shares: 1 Rejected: 0, Time: 04:20
2021-02-24 23:07:42: [Statistics] GPU0 t=62°C fan 41% power 182.01W. Total power: 182.01W
2021-02-24 23:07:45: <info>  New job from eth-eu1.nanopool.org:9433
2021-02-24 23:07:45: [Statistics] Ethereum - Total speed: 50.550 MH/s, Total shares: 1 Rejected: 0, Time: 04:23
2021-02-24 23:07:45: [Statistics] Ethereum last 10 min - Total: 50.631 MH/s.
2021-02-24 23:07:48: <info>  New job from eth-eu1.nanopool.org:9433
2021-02-24 23:07:48: [Statistics] Ethereum - Total speed: 50.567 MH/s, Total shares: 1 Rejected: 0, Time: 04:26
2021-02-24 23:07:48: [Statistics] GPU0 t=63°C fan 41% power 181.63W. Total power: 181.63W
2021-02-24 23:07:51: <info>  New job from eth-eu1.nanopool.org:9433
2021-02-24 23:07:51: [Statistics] Ethereum - Total speed: 50.577 MH/s, Total shares: 1 Rejected: 0, Time: 04:29
2021-02-24 23:07:54: <info>  New job from eth-eu1.nanopool.org:9433
2021-02-24 23:07:54: [Statistics] Ethereum - Total speed: 50.590 MH/s, Total shares: 1 Rejected: 0, Time: 04:32
2021-02-24 23:07:54: [Statistics] GPU0 t=63°C fan 41% power 181.65W. Total power: 181.65W
2021-02-24 23:07:56: <info>  New job from eth-eu1.nanopool.org:9433
2021-02-24 23:07:56: [Statistics] Ethereum - Total speed: 50.600 MH/s, Total shares: 1 Rejected: 0, Time: 04:35
2021-02-24 23:07:56: [Statistics] Ethereum last 10 min - Total: 50.628 MH/s.
2021-02-24 23:07:57: <info>  New job from eth-eu1.nanopool.org:9433
2021-02-24 23:07:57: [Statistics] Ethereum - Total speed: 50.607 MH/s, Total shares: 1 Rejected: 0, Time: 04:35
2021-02-24 23:07:57: [Statistics] GPU0 t=63°C fan 41% power 181.65W. Total power: 181.65W
2021-02-24 23:07:59: <info>  New job from eth-eu1.nanopool.org:9433
2021-02-24 23:07:59: [Statistics] Ethereum - Total speed: 50.616 MH/s, Total shares: 1 Rejected: 0, Time: 04:38
2021-02-24 23:08:01: <info>  New job from eth-eu1.nanopool.org:9433
2021-02-24 23:08:01: [Statistics] Ethereum - Total speed: 50.622 MH/s, Total shares: 1 Rejected: 0, Time: 04:39
2021-02-24 23:08:01: [Statistics] GPU0 t=63°C fan 41% power 181.75W. Total power: 181.75W
2021-02-24 23:08:01: <info>  New job from eth-eu1.nanopool.org:9433
2021-02-24 23:08:01: [Statistics] Ethereum - Total speed: 50.626 MH/s, Total shares: 1 Rejected: 0, Time: 04:39
2021-02-24 23:08:01: [Statistics] Ethereum last 10 min - Total: 50.628 MH/s.
2021-02-24 23:08:03: <info>  New job from eth-eu1.nanopool.org:9433
2021-02-24 23:08:03: [Statistics] Ethereum - Total speed: 50.503 MH/s, Total shares: 1 Rejected: 0, Time: 04:41
2021-02-24 23:08:03: [Statistics] GPU0 t=63°C fan 41% power 181.97W. Total power: 181.97W
2021-02-24 23:08:03: <info>  New job from eth-eu1.nanopool.org:9433
2021-02-24 23:08:03: [Statistics] Ethereum - Total speed: 50.523 MH/s, Total shares: 1 Rejected: 0, Time: 04:41
2021-02-24 23:08:06: <info>  New job from eth-eu1.nanopool.org:9433
2021-02-24 23:08:06: [Statistics] Ethereum - Total speed: 50.507 MH/s, Total shares: 1 Rejected: 0, Time: 04:44
2021-02-24 23:08:06: [Statistics] GPU0 t=63°C fan 41% power 182.09W. Total power: 182.09W
2021-02-24 23:08:09: <info>  New job from eth-eu1.nanopool.org:9433
2021-02-24 23:08:09: [Statistics] Ethereum - Total speed: 50.525 MH/s, Total shares: 1 Rejected: 0, Time: 04:47
2021-02-24 23:08:09: [Statistics] Ethereum last 10 min - Total: 50.625 MH/s.
2021-02-24 23:08:12: <info>  New job from eth-eu1.nanopool.org:9433
2021-02-24 23:08:12: [Statistics] Ethereum - Total speed: 50.542 MH/s, Total shares: 1 Rejected: 0, Time: 04:50
2021-02-24 23:08:12: [Statistics] GPU0 t=63°C fan 41% power 182.13W. Total power: 182.13W
2021-02-24 23:08:15: <info>  New job from eth-eu1.nanopool.org:9433
2021-02-24 23:08:15: [Statistics] Ethereum - Total speed: 50.557 MH/s, Total shares: 1 Rejected: 0, Time: 04:53
2021-02-24 23:08:18: <info>  New job from eth-eu1.nanopool.org:9433
2021-02-24 23:08:18: [Statistics] Ethereum - Total speed: 50.572 MH/s, Total shares: 1 Rejected: 0, Time: 04:56
2021-02-24 23:08:18: [Statistics] GPU0 t=62°C fan 41% power 181.98W. Total power: 181.98W
2021-02-24 23:08:18: <info>  New job from eth-eu1.nanopool.org:9433
2021-02-24 23:08:18: [Statistics] Ethereum - Total speed: 50.585 MH/s, Total shares: 1 Rejected: 0, Time: 04:57
2021-02-24 23:08:18: [Statistics] Ethereum last 10 min - Total: 50.623 MH/s.
2021-02-24 23:08:18: <info>  New job from eth-eu1.nanopool.org:9433
2021-02-24 23:08:18: [Statistics] Ethereum - Total speed: 50.591 MH/s, Total shares: 1 Rejected: 0, Time: 04:57
2021-02-24 23:08:18: [Statistics] GPU0 t=62°C fan 42% power 181.55W. Total power: 181.55W
2021-02-24 23:08:21: <info>  New job from eth-eu1.nanopool.org:9433
2021-02-24 23:08:21: [Statistics] Ethereum - Total speed: 50.503 MH/s, Total shares: 1 Rejected: 0, Time: 04:59
2021-02-24 23:08:25: <info>  New job from eth-eu1.nanopool.org:9433
2021-02-24 23:08:25: [Statistics] Ethereum - Total speed: 50.521 MH/s, Total shares: 1 Rejected: 0, Time: 05:03
2021-02-24 23:08:25: [Statistics] GPU0 t=62°C fan 41% power 181.78W. Total power: 181.78W
2021-02-24 23:08:25: <info>  Ethereum - SHARE FOUND (GPU: 0, nonce: 0xa4c96789faa1a69b).
2021-02-24 23:08:25: <info> Ethereum: share accepted (45 ms)!
2021-02-24 23:08:27: <info>  New job from eth-eu1.nanopool.org:9433
2021-02-24 23:08:27: [Statistics] Ethereum - Total speed: 50.539 MH/s, Total shares: 2 Rejected: 0, Time: 05:06
2021-02-24 23:08:27: [Statistics] Ethereum last 10 min - Total: 50.620 MH/s.
2021-02-24 23:08:30: <info>  New job from eth-eu1.nanopool.org:9433
2021-02-24 23:08:30: [Statistics] Ethereum - Total speed: 50.550 MH/s, Total shares: 2 Rejected: 0, Time: 05:09
2021-02-24 23:08:30: [Statistics] GPU0 t=63°C fan 41% power 181.54W. Total power: 181.54W
2021-02-24 23:08:33: <info>  New job from eth-eu1.nanopool.org:9433
2021-02-24 23:08:33: [Statistics] Ethereum - Total speed: 50.566 MH/s, Total shares: 2 Rejected: 0, Time: 05:12
2021-02-24 23:08:36: <info>  New job from eth-eu1.nanopool.org:9433
2021-02-24 23:08:36: [Statistics] Ethereum - Total speed: 50.578 MH/s, Total shares: 2 Rejected: 0, Time: 05:15
2021-02-24 23:08:36: [Statistics] GPU0 t=63°C fan 42% power 181.84W. Total power: 181.84W
2021-02-24 23:08:40: <info>  New job from eth-eu1.nanopool.org:9433
2021-02-24 23:08:40: [Statistics] Ethereum - Total speed: 50.591 MH/s, Total shares: 2 Rejected: 0, Time: 05:18
2021-02-24 23:08:40: [Statistics] Ethereum last 10 min - Total: 50.618 MH/s.
2021-02-24 23:08:42: <info>  New job from eth-eu1.nanopool.org:9433
2021-02-24 23:08:42: [Statistics] Ethereum - Total speed: 50.604 MH/s, Total shares: 2 Rejected: 0, Time: 05:21
2021-02-24 23:08:42: [Statistics] GPU0 t=63°C fan 42% power 181.54W. Total power: 181.54W
2021-02-24 23:08:43: <info>  New job from eth-eu1.nanopool.org:9433
2021-02-24 23:08:43: [Statistics] Ethereum - Total speed: 50.613 MH/s, Total shares: 2 Rejected: 0, Time: 05:21
2021-02-24 23:08:43: <info>  New job from eth-eu1.nanopool.org:9433
2021-02-24 23:08:43: [Statistics] Ethereum - Total speed: 50.625 MH/s, Total shares: 2 Rejected: 0, Time: 05:21
2021-02-24 23:08:43: [Statistics] GPU0 t=63°C fan 41% power 181.52W. Total power: 181.52W
2021-02-24 23:08:46: <info>  New job from eth-eu1.nanopool.org:9433
2021-02-24 23:08:46: [Statistics] Ethereum - Total speed: 50.503 MH/s, Total shares: 2 Rejected: 0, Time: 05:24
2021-02-24 23:08:46: [Statistics] Ethereum last 10 min - Total: 50.617 MH/s.
2021-02-24 23:08:48: <info>  Ethereum - SHARE FOUND (GPU: 0, nonce: 0xba8045ea0386066f).
2021-02-24 23:08:49: <info> Ethereum: share accepted (46 ms)!
2021-02-24 23:08:49: <info>  New job from eth-eu1.nanopool.org:9433
2021-02-24 23:08:49: [Statistics] Ethereum - Total speed: 50.521 MH/s, Total shares: 3 Rejected: 0, Time: 05:27
2021-02-24 23:08:49: [Statistics] GPU0 t=63°C fan 41% power 181.01W. Total power: 181.01W
2021-02-24 23:08:50: <info>  New job from eth-eu1.nanopool.org:9433
2021-02-24 23:08:50: [Statistics] Ethereum - Total speed: 50.533 MH/s, Total shares: 3 Rejected: 0, Time: 05:28
2021-02-24 23:08:50: <info>  New job from eth-eu1.nanopool.org:9433
2021-02-24 23:08:50: [Statistics] Ethereum - Total speed: 50.514 MH/s, Total shares: 3 Rejected: 0, Time: 05:28
2021-02-24 23:08:50: [Statistics] GPU0 t=63°C fan 42% power 180.82W. Total power: 180.82W
2021-02-24 23:08:52: <info>  New job from eth-eu1.nanopool.org:9433
2021-02-24 23:08:52: [Statistics] Ethereum - Total speed: 50.476 MH/s, Total shares: 3 Rejected: 0, Time: 05:30
2021-02-24 23:08:52: [Statistics] Ethereum last 10 min - Total: 50.615 MH/s.
2021-02-24 23:08:52: <info>  New job from eth-eu1.nanopool.org:9433
2021-02-24 23:08:52: [Statistics] Ethereum - Total speed: 50.498 MH/s, Total shares: 3 Rejected: 0, Time: 05:30
2021-02-24 23:08:52: [Statistics] GPU0 t=63°C fan 42% power 181.29W. Total power: 181.29W
2021-02-24 23:08:56: <info>  New job from eth-eu1.nanopool.org:9433
2021-02-24 23:08:56: [Statistics] Ethereum - Total speed: 50.480 MH/s, Total shares: 3 Rejected: 0, Time: 05:34
2021-02-24 23:08:58: <info>  New job from eth-eu1.nanopool.org:9433
2021-02-24 23:08:58: [Statistics] Ethereum - Total speed: 50.503 MH/s, Total shares: 3 Rejected: 0, Time: 05:36
2021-02-24 23:08:58: [Statistics] GPU0 t=62°C fan 41% power 181.47W. Total power: 181.47W
2021-02-24 23:09:01: <info>  New job from eth-eu1.nanopool.org:9433
2021-02-24 23:09:01: [Statistics] Ethereum - Total speed: 50.527 MH/s, Total shares: 3 Rejected: 0, Time: 05:39
2021-02-24 23:09:01: [Statistics] Ethereum last 10 min - Total: 50.612 MH/s.
2021-02-24 23:09:04: <info>  New job from eth-eu1.nanopool.org:9433
2021-02-24 23:09:04: [Statistics] Ethereum - Total speed: 50.539 MH/s, Total shares: 3 Rejected: 0, Time: 05:42
2021-02-24 23:09:04: [Statistics] GPU0 t=63°C fan 41% power 181.50W. Total power: 181.50W
2021-02-24 23:09:07: <info>  New job from eth-eu1.nanopool.org:9433
2021-02-24 23:09:07: [Statistics] Ethereum - Total speed: 50.555 MH/s, Total shares: 3 Rejected: 0, Time: 05:45
2021-02-24 23:09:10: <info>  New job from eth-eu1.nanopool.org:9433
2021-02-24 23:09:10: [Statistics] Ethereum - Total speed: 50.571 MH/s, Total shares: 3 Rejected: 0, Time: 05:48
2021-02-24 23:09:10: [Statistics] GPU0 t=63°C fan 42% power 181.75W. Total power: 181.75W
2021-02-24 23:09:13: <info>  New job from eth-eu1.nanopool.org:9433
2021-02-24 23:09:13: [Statistics] Ethereum - Total speed: 50.585 MH/s, Total shares: 3 Rejected: 0, Time: 05:51
2021-02-24 23:09:13: [Statistics] Ethereum last 10 min - Total: 50.610 MH/s.
2021-02-24 23:09:16: <info>  New job from eth-eu1.nanopool.org:9433
2021-02-24 23:09:16: [Statistics] Ethereum - Total speed: 50.597 MH/s, Total shares: 3 Rejected: 0, Time: 05:54
2021-02-24 23:09:16: [Statistics] GPU0 t=63°C fan 42% power 181.50W. Total power: 181.50W
2021-02-24 23:09:19: <info>  New job from eth-eu1.nanopool.org:9433
2021-02-24 23:09:19: [Statistics] Ethereum - Total speed: 50.607 MH/s, Total shares: 3 Rejected: 0, Time: 05:57
2021-02-24 23:09:22: <info>  New job from eth-eu1.nanopool.org:9433
2021-02-24 23:09:22: [Statistics] Ethereum - Total speed: 50.618 MH/s, Total shares: 3 Rejected: 0, Time: 06:00
2021-02-24 23:09:22: [Statistics] GPU0 t=63°C fan 42% power 181.74W. Total power: 181.74W
2021-02-24 23:09:25: <info>  New job from eth-eu1.nanopool.org:9433
2021-02-24 23:09:25: [Statistics] Ethereum - Total speed: 50.628 MH/s, Total shares: 3 Rejected: 0, Time: 06:03
2021-02-24 23:09:25: [Statistics] Ethereum last 10 min - Total: 50.610 MH/s.
2021-02-24 23:09:28: <info>  New job from eth-eu1.nanopool.org:9433
2021-02-24 23:09:28: [Statistics] Ethereum - Total speed: 50.635 MH/s, Total shares: 3 Rejected: 0, Time: 06:06
2021-02-24 23:09:28: [Statistics] GPU0 t=63°C fan 42% power 181.62W. Total power: 181.62W
2021-02-24 23:09:31: <info>  New job from eth-eu1.nanopool.org:9433
2021-02-24 23:09:31: [Statistics] Ethereum - Total speed: 50.641 MH/s, Total shares: 3 Rejected: 0, Time: 06:09
2021-02-24 23:09:34: <info>  New job from eth-eu1.nanopool.org:9433
2021-02-24 23:09:34: [Statistics] Ethereum - Total speed: 50.644 MH/s, Total shares: 3 Rejected: 0, Time: 06:12
2021-02-24 23:09:34: [Statistics] GPU0 t=63°C fan 42% power 181.40W. Total power: 181.40W
2021-02-24 23:09:37: <info>  New job from eth-eu1.nanopool.org:9433
2021-02-24 23:09:37: [Statistics] Ethereum - Total speed: 50.656 MH/s, Total shares: 3 Rejected: 0, Time: 06:15
2021-02-24 23:09:37: [Statistics] Ethereum last 10 min - Total: 50.611 MH/s.
2021-02-24 23:09:40: <info>  New job from eth-eu1.nanopool.org:9433
2021-02-24 23:09:40: [Statistics] Ethereum - Total speed: 50.659 MH/s, Total shares: 3 Rejected: 0, Time: 06:18
2021-02-24 23:09:40: [Statistics] GPU0 t=63°C fan 42% power 181.35W. Total power: 181.35W
2021-02-24 23:09:40: <info>  New job from eth-eu1.nanopool.org:9433
2021-02-24 23:09:40: [Statistics] Ethereum - Total speed: 50.660 MH/s, Total shares: 3 Rejected: 0, Time: 06:19
2021-02-24 23:09:40: <info>  New job from eth-eu1.nanopool.org:9433
2021-02-24 23:09:40: [Statistics] Ethereum - Total speed: 50.652 MH/s, Total shares: 3 Rejected: 0, Time: 06:19
2021-02-24 23:09:40: [Statistics] GPU0 t=63°C fan 42% power 181.13W. Total power: 181.13W
2021-02-24 23:09:43: <info>  New job from eth-eu1.nanopool.org:9433
2021-02-24 23:09:43: [Statistics] Ethereum - Total speed: 50.600 MH/s, Total shares: 3 Rejected: 0, Time: 06:22
2021-02-24 23:09:43: [Statistics] Ethereum last 10 min - Total: 50.611 MH/s.
2021-02-24 23:09:46: <info>  New job from eth-eu1.nanopool.org:9433
2021-02-24 23:09:46: [Statistics] Ethereum - Total speed: 50.612 MH/s, Total shares: 3 Rejected: 0, Time: 06:25
2021-02-24 23:09:46: [Statistics] GPU0 t=63°C fan 42% power 181.48W. Total power: 181.48W
2021-02-24 23:09:50: <info>  New job from eth-eu1.nanopool.org:9433
2021-02-24 23:09:50: [Statistics] Ethereum - Total speed: 50.621 MH/s, Total shares: 3 Rejected: 0, Time: 06:28
2021-02-24 23:09:52: <info>  New job from eth-eu1.nanopool.org:9433
2021-02-24 23:09:52: [Statistics] Ethereum - Total speed: 50.631 MH/s, Total shares: 3 Rejected: 0, Time: 06:31
2021-02-24 23:09:52: [Statistics] GPU0 t=63°C fan 42% power 181.74W. Total power: 181.74W
2021-02-24 23:09:55: <info>  New job from eth-eu1.nanopool.org:9433
2021-02-24 23:09:55: [Statistics] Ethereum - Total speed: 50.639 MH/s, Total shares: 3 Rejected: 0, Time: 06:33
2021-02-24 23:09:55: [Statistics] Ethereum last 10 min - Total: 50.612 MH/s.
2021-02-24 23:09:56: <info>  New job from eth-eu1.nanopool.org:9433
2021-02-24 23:09:56: [Statistics] Ethereum - Total speed: 50.640 MH/s, Total shares: 3 Rejected: 0, Time: 06:35
2021-02-24 23:09:56: [Statistics] GPU0 t=63°C fan 42% power 181.32W. Total power: 181.32W
2021-02-24 23:09:58: <info>  New job from eth-eu1.nanopool.org:9433
2021-02-24 23:09:58: [Statistics] Ethereum - Total speed: 50.646 MH/s, Total shares: 3 Rejected: 0, Time: 06:36
2021-02-24 23:10:01: <info>  New job from eth-eu1.nanopool.org:9433
2021-02-24 23:10:01: [Statistics] Ethereum - Total speed: 50.655 MH/s, Total shares: 3 Rejected: 0, Time: 06:39
2021-02-24 23:10:01: [Statistics] GPU0 t=63°C fan 42% power 181.69W. Total power: 181.69W
2021-02-24 23:10:04: <info>  New job from eth-eu1.nanopool.org:9433
2021-02-24 23:10:04: [Statistics] Ethereum - Total speed: 50.653 MH/s, Total shares: 3 Rejected: 0, Time: 06:42
2021-02-24 23:10:04: [Statistics] Ethereum last 10 min - Total: 50.613 MH/s.
2021-02-24 23:10:07: <info>  New job from eth-eu1.nanopool.org:9433
2021-02-24 23:10:07: [Statistics] Ethereum - Total speed: 50.657 MH/s, Total shares: 3 Rejected: 0, Time: 06:45
2021-02-24 23:10:07: [Statistics] GPU0 t=63°C fan 42% power 182.03W. Total power: 182.03W
2021-02-24 23:10:08: <info>  New job from eth-eu1.nanopool.org:9433
2021-02-24 23:10:08: [Statistics] Ethereum - Total speed: 50.661 MH/s, Total shares: 3 Rejected: 0, Time: 06:46
2021-02-24 23:10:09: <info>  New job from eth-eu1.nanopool.org:9433
2021-02-24 23:10:09: [Statistics] Ethereum - Total speed: 50.658 MH/s, Total shares: 3 Rejected: 0, Time: 06:47
2021-02-24 23:10:09: [Statistics] GPU0 t=63°C fan 42% power 181.61W. Total power: 181.61W
2021-02-24 23:10:11: <info>  New job from eth-eu1.nanopool.org:9433
2021-02-24 23:10:11: [Statistics] Ethereum - Total speed: 50.668 MH/s, Total shares: 3 Rejected: 0, Time: 06:50
2021-02-24 23:10:11: [Statistics] Ethereum last 10 min - Total: 50.613 MH/s.
2021-02-24 23:10:14: <info>  New job from eth-eu1.nanopool.org:9433
2021-02-24 23:10:14: [Statistics] Ethereum - Total speed: 50.669 MH/s, Total shares: 3 Rejected: 0, Time: 06:52
2021-02-24 23:10:14: [Statistics] GPU0 t=63°C fan 42% power 181.57W. Total power: 181.57W
2021-02-24 23:10:17: <info>  New job from eth-eu1.nanopool.org:9433
2021-02-24 23:10:17: [Statistics] Ethereum - Total speed: 50.671 MH/s, Total shares: 3 Rejected: 0, Time: 06:55
2021-02-24 23:10:20: <info>  New job from eth-eu1.nanopool.org:9433
2021-02-24 23:10:20: [Statistics] Ethereum - Total speed: 50.674 MH/s, Total shares: 3 Rejected: 0, Time: 06:58
2021-02-24 23:10:20: [Statistics] GPU0 t=63°C fan 42% power 181.18W. Total power: 181.18W
2021-02-24 23:10:23: <info>  New job from eth-eu1.nanopool.org:9433
2021-02-24 23:10:23: [Statistics] Ethereum - Total speed: 50.677 MH/s, Total shares: 3 Rejected: 0, Time: 07:02
2021-02-24 23:10:23: [Statistics] Ethereum last 10 min - Total: 50.615 MH/s.
2021-02-24 23:10:26: <info>  New job from eth-eu1.nanopool.org:9433
2021-02-24 23:10:26: [Statistics] Ethereum - Total speed: 50.680 MH/s, Total shares: 3 Rejected: 0, Time: 07:04
2021-02-24 23:10:26: [Statistics] GPU0 t=63°C fan 42% power 181.64W. Total power: 181.64W
2021-02-24 23:10:27: <info>  New job from eth-eu1.nanopool.org:9433
2021-02-24 23:10:27: [Statistics] Ethereum - Total speed: 50.679 MH/s, Total shares: 3 Rejected: 0, Time: 07:05
2021-02-24 23:10:29: <info>  New job from eth-eu1.nanopool.org:9433
2021-02-24 23:10:29: [Statistics] Ethereum - Total speed: 50.686 MH/s, Total shares: 3 Rejected: 0, Time: 07:08
2021-02-24 23:10:29: [Statistics] GPU0 t=63°C fan 42% power 181.54W. Total power: 181.54W
2021-02-24 23:10:32: <info>  New job from eth-eu1.nanopool.org:9433
2021-02-24 23:10:32: [Statistics] Ethereum - Total speed: 50.690 MH/s, Total shares: 3 Rejected: 0, Time: 07:11
2021-02-24 23:10:32: [Statistics] Ethereum last 10 min - Total: 50.617 MH/s.
2021-02-24 23:10:36: <info>  New job from eth-eu1.nanopool.org:9433
2021-02-24 23:10:36: [Statistics] Ethereum - Total speed: 50.693 MH/s, Total shares: 3 Rejected: 0, Time: 07:14
2021-02-24 23:10:36: [Statistics] GPU0 t=63°C fan 42% power 181.86W. Total power: 181.86W
2021-02-24 23:10:39: <info>  New job from eth-eu1.nanopool.org:9433
2021-02-24 23:10:39: [Statistics] Ethereum - Total speed: 50.690 MH/s, Total shares: 3 Rejected: 0, Time: 07:17
2021-02-24 23:10:41: <info>  New job from eth-eu1.nanopool.org:9433
2021-02-24 23:10:41: [Statistics] Ethereum - Total speed: 50.690 MH/s, Total shares: 3 Rejected: 0, Time: 07:20
2021-02-24 23:10:41: [Statistics] GPU0 t=63°C fan 42% power 181.63W. Total power: 181.63W
2021-02-24 23:10:44: <info>  New job from eth-eu1.nanopool.org:9433
2021-02-24 23:10:44: [Statistics] Ethereum - Total speed: 50.692 MH/s, Total shares: 3 Rejected: 0, Time: 07:23
2021-02-24 23:10:44: [Statistics] Ethereum last 10 min - Total: 50.619 MH/s.
2021-02-24 23:10:47: <info>  New job from eth-eu1.nanopool.org:9433
2021-02-24 23:10:47: [Statistics] Ethereum - Total speed: 50.695 MH/s, Total shares: 3 Rejected: 0, Time: 07:26
2021-02-24 23:10:47: [Statistics] GPU0 t=63°C fan 42% power 181.21W. Total power: 181.21W
2021-02-24 23:10:50: <info>  New job from eth-eu1.nanopool.org:9433
2021-02-24 23:10:50: [Statistics] Ethereum - Total speed: 50.694 MH/s, Total shares: 3 Rejected: 0, Time: 07:29
2021-02-24 23:10:54: <info>  New job from eth-eu1.nanopool.org:9433
2021-02-24 23:10:54: [Statistics] Ethereum - Total speed: 50.697 MH/s, Total shares: 3 Rejected: 0, Time: 07:32
2021-02-24 23:10:54: [Statistics] GPU0 t=63°C fan 42% power 181.44W. Total power: 181.44W
2021-02-24 23:10:56: <info>  New job from eth-eu1.nanopool.org:9433
2021-02-24 23:10:56: [Statistics] Ethereum - Total speed: 50.698 MH/s, Total shares: 3 Rejected: 0, Time: 07:35
2021-02-24 23:10:56: [Statistics] Ethereum last 10 min - Total: 50.621 MH/s.
2021-02-24 23:10:57: <info>  New job from eth-eu1.nanopool.org:9433
2021-02-24 23:10:57: [Statistics] Ethereum - Total speed: 50.698 MH/s, Total shares: 3 Rejected: 0, Time: 07:35
2021-02-24 23:10:57: [Statistics] GPU0 t=63°C fan 42% power 181.35W. Total power: 181.35W
2021-02-24 23:10:57: <info>  New job from eth-eu1.nanopool.org:9433
2021-02-24 23:10:57: [Statistics] Ethereum - Total speed: 50.699 MH/s, Total shares: 3 Rejected: 0, Time: 07:35
2021-02-24 23:11:00: <info>  New job from eth-eu1.nanopool.org:9433
2021-02-24 23:11:00: [Statistics] Ethereum - Total speed: 50.604 MH/s, Total shares: 3 Rejected: 0, Time: 07:38
2021-02-24 23:11:00: [Statistics] GPU0 t=63°C fan 42% power 181.48W. Total power: 181.48W
2021-02-24 23:11:03: <info>  New job from eth-eu1.nanopool.org:9433
2021-02-24 23:11:03: [Statistics] Ethereum - Total speed: 50.608 MH/s, Total shares: 3 Rejected: 0, Time: 07:41
2021-02-24 23:11:03: [Statistics] Ethereum last 10 min - Total: 50.621 MH/s.
2021-02-24 23:11:07: <info>  New job from eth-eu1.nanopool.org:9433
2021-02-24 23:11:07: [Statistics] Ethereum - Total speed: 50.617 MH/s, Total shares: 3 Rejected: 0, Time: 07:45
2021-02-24 23:11:07: [Statistics] GPU0 t=63°C fan 42% power 181.41W. Total power: 181.41W
2021-02-24 23:11:09: <info>  New job from eth-eu1.nanopool.org:9433
2021-02-24 23:11:09: [Statistics] Ethereum - Total speed: 50.625 MH/s, Total shares: 3 Rejected: 0, Time: 07:47
2021-02-24 23:11:12: <info>  New job from eth-eu1.nanopool.org:9433
2021-02-24 23:11:12: [Statistics] Ethereum - Total speed: 50.635 MH/s, Total shares: 3 Rejected: 0, Time: 07:50
2021-02-24 23:11:12: [Statistics] GPU0 t=63°C fan 42% power 181.39W. Total power: 181.39W
2021-02-24 23:11:15: <info>  New job from eth-eu1.nanopool.org:9433
2021-02-24 23:11:15: [Statistics] Ethereum - Total speed: 50.641 MH/s, Total shares: 3 Rejected: 0, Time: 07:53
2021-02-24 23:11:15: [Statistics] Ethereum last 10 min - Total: 50.621 MH/s.
2021-02-24 23:11:18: <info>  New job from eth-eu1.nanopool.org:9433
2021-02-24 23:11:18: [Statistics] Ethereum - Total speed: 50.645 MH/s, Total shares: 3 Rejected: 0, Time: 07:56
2021-02-24 23:11:18: [Statistics] GPU0 t=63°C fan 42% power 181.53W. Total power: 181.53W
2021-02-24 23:11:21: <info>  New job from eth-eu1.nanopool.org:9433
2021-02-24 23:11:21: [Statistics] Ethereum - Total speed: 50.651 MH/s, Total shares: 3 Rejected: 0, Time: 07:59
2021-02-24 23:11:24: <info>  New job from eth-eu1.nanopool.org:9433
2021-02-24 23:11:24: [Statistics] Ethereum - Total speed: 50.655 MH/s, Total shares: 3 Rejected: 0, Time: 08:02
2021-02-24 23:11:24: [Statistics] GPU0 t=63°C fan 42% power 181.62W. Total power: 181.62W
2021-02-24 23:11:24: <info>  New job from eth-eu1.nanopool.org:9433
2021-02-24 23:11:24: [Statistics] Ethereum - Total speed: 50.662 MH/s, Total shares: 3 Rejected: 0, Time: 08:02
2021-02-24 23:11:24: [Statistics] Ethereum last 10 min - Total: 50.622 MH/s.
2021-02-24 23:11:27: <info>  New job from eth-eu1.nanopool.org:9433
2021-02-24 23:11:27: [Statistics] Ethereum - Total speed: 50.647 MH/s, Total shares: 3 Rejected: 0, Time: 08:05
2021-02-24 23:11:27: [Statistics] GPU0 t=63°C fan 42% power 181.70W. Total power: 181.70W
2021-02-24 23:11:30: <info>  New job from eth-eu1.nanopool.org:9433
2021-02-24 23:11:30: [Statistics] Ethereum - Total speed: 50.652 MH/s, Total shares: 3 Rejected: 0, Time: 08:08
2021-02-24 23:11:33: <info>  New job from eth-eu1.nanopool.org:9433
2021-02-24 23:11:33: [Statistics] Ethereum - Total speed: 50.656 MH/s, Total shares: 3 Rejected: 0, Time: 08:11
2021-02-24 23:11:33: [Statistics] GPU0 t=63°C fan 42% power 181.35W. Total power: 181.35W
2021-02-24 23:11:36: <info>  New job from eth-eu1.nanopool.org:9433
2021-02-24 23:11:36: [Statistics] Ethereum - Total speed: 50.662 MH/s, Total shares: 3 Rejected: 0, Time: 08:14
2021-02-24 23:11:36: [Statistics] Ethereum last 10 min - Total: 50.622 MH/s.
2021-02-24 23:11:37: <info>  New job from eth-eu1.nanopool.org:9433
2021-02-24 23:11:37: [Statistics] Ethereum - Total speed: 50.666 MH/s, Total shares: 3 Rejected: 0, Time: 08:15
2021-02-24 23:11:37: [Statistics] GPU0 t=63°C fan 42% power 181.56W. Total power: 181.56W
2021-02-24 23:11:37: <info>  New job from eth-eu1.nanopool.org:9433
2021-02-24 23:11:37: [Statistics] Ethereum - Total speed: 50.671 MH/s, Total shares: 3 Rejected: 0, Time: 08:15
2021-02-24 23:11:40: <info>  New job from eth-eu1.nanopool.org:9433
2021-02-24 23:11:40: [Statistics] Ethereum - Total speed: 50.659 MH/s, Total shares: 3 Rejected: 0, Time: 08:18
2021-02-24 23:11:40: [Statistics] GPU0 t=63°C fan 42% power 181.79W. Total power: 181.79W
2021-02-24 23:11:43: <info>  New job from eth-eu1.nanopool.org:9433
2021-02-24 23:11:43: [Statistics] Ethereum - Total speed: 50.660 MH/s, Total shares: 3 Rejected: 0, Time: 08:21
2021-02-24 23:11:43: [Statistics] Ethereum last 10 min - Total: 50.623 MH/s.
2021-02-24 23:11:46: <info>  New job from eth-eu1.nanopool.org:9433
2021-02-24 23:11:46: [Statistics] Ethereum - Total speed: 50.668 MH/s, Total shares: 3 Rejected: 0, Time: 08:24
2021-02-24 23:11:46: [Statistics] GPU0 t=63°C fan 42% power 181.67W. Total power: 181.67W
2021-02-24 23:11:49: <info>  New job from eth-eu1.nanopool.org:9433
2021-02-24 23:11:49: [Statistics] Ethereum - Total speed: 50.674 MH/s, Total shares: 3 Rejected: 0, Time: 08:27
2021-02-24 23:11:52: <info>  New job from eth-eu1.nanopool.org:9433
2021-02-24 23:11:52: [Statistics] Ethereum - Total speed: 50.673 MH/s, Total shares: 3 Rejected: 0, Time: 08:30
2021-02-24 23:11:52: [Statistics] GPU0 t=62°C fan 42% power 181.72W. Total power: 181.72W
2021-02-24 23:11:55: <info>  New job from eth-eu1.nanopool.org:9433
2021-02-24 23:11:55: [Statistics] Ethereum - Total speed: 50.675 MH/s, Total shares: 3 Rejected: 0, Time: 08:33
2021-02-24 23:11:55: [Statistics] Ethereum last 10 min - Total: 50.624 MH/s.
2021-02-24 23:11:58: <info>  New job from eth-eu1.nanopool.org:9433
2021-02-24 23:11:58: [Statistics] Ethereum - Total speed: 50.678 MH/s, Total shares: 3 Rejected: 0, Time: 08:36
2021-02-24 23:11:58: [Statistics] GPU0 t=62°C fan 42% power 181.75W. Total power: 181.75W
2021-02-24 23:12:01: <info>  New job from eth-eu1.nanopool.org:9433
2021-02-24 23:12:01: [Statistics] Ethereum - Total speed: 50.679 MH/s, Total shares: 3 Rejected: 0, Time: 08:39
2021-02-24 23:12:04: <info>  New job from eth-eu1.nanopool.org:9433
2021-02-24 23:12:04: [Statistics] Ethereum - Total speed: 50.678 MH/s, Total shares: 3 Rejected: 0, Time: 08:42
2021-02-24 23:12:04: [Statistics] GPU0 t=63°C fan 42% power 181.85W. Total power: 181.85W
2021-02-24 23:12:07: <info>  New job from eth-eu1.nanopool.org:9433
2021-02-24 23:12:07: [Statistics] Ethereum - Total speed: 50.683 MH/s, Total shares: 3 Rejected: 0, Time: 08:45
2021-02-24 23:12:07: [Statistics] Ethereum last 10 min - Total: 50.625 MH/s.
2021-02-24 23:12:10: <info>  New job from eth-eu1.nanopool.org:9433
2021-02-24 23:12:10: [Statistics] Ethereum - Total speed: 50.685 MH/s, Total shares: 3 Rejected: 0, Time: 08:48
2021-02-24 23:12:10: [Statistics] GPU0 t=63°C fan 42% power 181.57W. Total power: 181.57W
2021-02-24 23:12:13: <info>  Ethereum - SHARE FOUND (GPU: 0, nonce: 0x0ec698400ad69d26).
2021-02-24 23:12:13: <info> Ethereum: share accepted (62 ms)!
2021-02-24 23:12:13: <info>  New job from eth-eu1.nanopool.org:9433
2021-02-24 23:12:13: [Statistics] Ethereum - Total speed: 50.688 MH/s, Total shares: 4 Rejected: 0, Time: 08:51
2021-02-24 23:12:16: <info>  New job from eth-eu1.nanopool.org:9433
2021-02-24 23:12:16: [Statistics] Ethereum - Total speed: 50.682 MH/s, Total shares: 4 Rejected: 0, Time: 08:54
2021-02-24 23:12:16: [Statistics] GPU0 t=62°C fan 42% power 181.87W. Total power: 181.87W
2021-02-24 23:12:19: <info>  New job from eth-eu1.nanopool.org:9433
2021-02-24 23:12:19: [Statistics] Ethereum - Total speed: 50.684 MH/s, Total shares: 4 Rejected: 0, Time: 08:57
2021-02-24 23:12:19: [Statistics] Ethereum last 10 min - Total: 50.627 MH/s.
2021-02-24 23:12:22: <info>  New job from eth-eu1.nanopool.org:9433
2021-02-24 23:12:22: [Statistics] Ethereum - Total speed: 50.685 MH/s, Total shares: 4 Rejected: 0, Time: 09:00
2021-02-24 23:12:22: [Statistics] GPU0 t=62°C fan 42% power 181.75W. Total power: 181.75W
2021-02-24 23:12:25: <info>  New job from eth-eu1.nanopool.org:9433
2021-02-24 23:12:25: [Statistics] Ethereum - Total speed: 50.688 MH/s, Total shares: 4 Rejected: 0, Time: 09:03
2021-02-24 23:12:28: <info>  New job from eth-eu1.nanopool.org:9433
2021-02-24 23:12:28: [Statistics] Ethereum - Total speed: 50.687 MH/s, Total shares: 4 Rejected: 0, Time: 09:06
2021-02-24 23:12:28: [Statistics] GPU0 t=63°C fan 42% power 181.91W. Total power: 181.91W
2021-02-24 23:12:31: <info>  New job from eth-eu1.nanopool.org:9433
2021-02-24 23:12:31: [Statistics] Ethereum - Total speed: 50.692 MH/s, Total shares: 4 Rejected: 0, Time: 09:10
2021-02-24 23:12:31: [Statistics] Ethereum last 10 min - Total: 50.628 MH/s.
2021-02-24 23:12:34: <info>  New job from eth-eu1.nanopool.org:9433
2021-02-24 23:12:34: [Statistics] Ethereum - Total speed: 50.696 MH/s, Total shares: 4 Rejected: 0, Time: 09:12
2021-02-24 23:12:34: [Statistics] GPU0 t=63°C fan 42% power 181.57W. Total power: 181.57W
2021-02-24 23:12:37: <info>  New job from eth-eu1.nanopool.org:9433
2021-02-24 23:12:37: [Statistics] Ethereum - Total speed: 50.691 MH/s, Total shares: 4 Rejected: 0, Time: 09:15
2021-02-24 23:12:40: <info>  New job from eth-eu1.nanopool.org:9433
2021-02-24 23:12:40: [Statistics] Ethereum - Total speed: 50.691 MH/s, Total shares: 4 Rejected: 0, Time: 09:18
2021-02-24 23:12:40: [Statistics] GPU0 t=63°C fan 42% power 181.88W. Total power: 181.88W
2021-02-24 23:12:43: <info>  New job from eth-eu1.nanopool.org:9433
2021-02-24 23:12:43: [Statistics] Ethereum - Total speed: 50.694 MH/s, Total shares: 4 Rejected: 0, Time: 09:21
2021-02-24 23:12:43: [Statistics] Ethereum last 10 min - Total: 50.629 MH/s.
2021-02-24 23:12:46: <info>  New job from eth-eu1.nanopool.org:9433
2021-02-24 23:12:46: [Statistics] Ethereum - Total speed: 50.694 MH/s, Total shares: 4 Rejected: 0, Time: 09:25
2021-02-24 23:12:46: [Statistics] GPU0 t=62°C fan 42% power 181.76W. Total power: 181.76W
2021-02-24 23:12:49: <info>  New job from eth-eu1.nanopool.org:9433
2021-02-24 23:12:49: [Statistics] Ethereum - Total speed: 50.696 MH/s, Total shares: 4 Rejected: 0, Time: 09:27
2021-02-24 23:12:52: <info>  New job from eth-eu1.nanopool.org:9433
2021-02-24 23:12:52: [Statistics] Ethereum - Total speed: 50.694 MH/s, Total shares: 4 Rejected: 0, Time: 09:30
2021-02-24 23:12:52: [Statistics] GPU0 t=63°C fan 42% power 181.67W. Total power: 181.67W
2021-02-24 23:12:55: <info>  New job from eth-eu1.nanopool.org:9433
2021-02-24 23:12:55: [Statistics] Ethereum - Total speed: 50.696 MH/s, Total shares: 4 Rejected: 0, Time: 09:33
2021-02-24 23:12:55: [Statistics] Ethereum last 10 min - Total: 50.631 MH/s.
2021-02-24 23:12:58: <info>  New job from eth-eu1.nanopool.org:9433
2021-02-24 23:12:58: [Statistics] Ethereum - Total speed: 50.694 MH/s, Total shares: 4 Rejected: 0, Time: 09:36
2021-02-24 23:12:58: [Statistics] GPU0 t=63°C fan 42% power 181.88W. Total power: 181.88W
2021-02-24 23:13:01: <info>  New job from eth-eu1.nanopool.org:9433
2021-02-24 23:13:01: [Statistics] Ethereum - Total speed: 50.698 MH/s, Total shares: 4 Rejected: 0, Time: 09:39
2021-02-24 23:13:04: <info>  New job from eth-eu1.nanopool.org:9433
2021-02-24 23:13:04: [Statistics] Ethereum - Total speed: 50.693 MH/s, Total shares: 4 Rejected: 0, Time: 09:42
2021-02-24 23:13:04: [Statistics] GPU0 t=63°C fan 42% power 181.97W. Total power: 181.97W
2021-02-24 23:13:07: <info>  New job from eth-eu1.nanopool.org:9433
2021-02-24 23:13:07: [Statistics] Ethereum - Total speed: 50.695 MH/s, Total shares: 4 Rejected: 0, Time: 09:45
2021-02-24 23:13:07: [Statistics] Ethereum last 10 min - Total: 50.632 MH/s.
2021-02-24 23:13:10: <info>  New job from eth-eu1.nanopool.org:9433
2021-02-24 23:13:10: [Statistics] Ethereum - Total speed: 50.694 MH/s, Total shares: 4 Rejected: 0, Time: 09:48
2021-02-24 23:13:10: [Statistics] GPU0 t=63°C fan 42% power 181.96W. Total power: 181.96W
2021-02-24 23:13:13: <info>  New job from eth-eu1.nanopool.org:9433
2021-02-24 23:13:13: [Statistics] Ethereum - Total speed: 50.699 MH/s, Total shares: 4 Rejected: 0, Time: 09:51
2021-02-24 23:13:16: <info>  New job from eth-eu1.nanopool.org:9433
2021-02-24 23:13:16: [Statistics] Ethereum - Total speed: 50.695 MH/s, Total shares: 4 Rejected: 0, Time: 09:54
2021-02-24 23:13:16: [Statistics] GPU0 t=63°C fan 42% power 181.47W. Total power: 181.47W
2021-02-24 23:13:17: <info>  New job from eth-eu1.nanopool.org:9433
2021-02-24 23:13:17: [Statistics] Ethereum - Total speed: 50.698 MH/s, Total shares: 4 Rejected: 0, Time: 09:55
2021-02-24 23:13:17: [Statistics] Ethereum last 10 min - Total: 50.633 MH/s.
2021-02-24 23:13:18: <info>  New job from eth-eu1.nanopool.org:9433
2021-02-24 23:13:18: [Statistics] Ethereum - Total speed: 50.682 MH/s, Total shares: 4 Rejected: 0, Time: 09:56
2021-02-24 23:13:18: [Statistics] GPU0 t=63°C fan 42% power 181.87W. Total power: 181.87W
2021-02-24 23:13:20: <info>  New job from eth-eu1.nanopool.org:9433
2021-02-24 23:13:20: [Statistics] Ethereum - Total speed: 50.683 MH/s, Total shares: 4 Rejected: 0, Time: 09:58
2021-02-24 23:13:23: <info>  New job from eth-eu1.nanopool.org:9433
2021-02-24 23:13:23: [Statistics] Ethereum - Total speed: 50.682 MH/s, Total shares: 4 Rejected: 0, Time: 10:01
2021-02-24 23:13:23: [Statistics] GPU0 t=63°C fan 42% power 181.57W. Total power: 181.57W
2021-02-24 23:13:26: <info>  New job from eth-eu1.nanopool.org:9433
2021-02-24 23:13:26: [Statistics] Ethereum - Total speed: 50.686 MH/s, Total shares: 4 Rejected: 0, Time: 10:04
2021-02-24 23:13:26: [Statistics] Ethereum last 10 min - Total: 50.634 MH/s.
2021-02-24 23:13:29: <info>  New job from eth-eu1.nanopool.org:9433
2021-02-24 23:13:29: [Statistics] Ethereum - Total speed: 50.684 MH/s, Total shares: 4 Rejected: 0, Time: 10:07
2021-02-24 23:13:29: [Statistics] GPU0 t=63°C fan 42% power 181.64W. Total power: 181.64W
2021-02-24 23:13:32: <info>  New job from eth-eu1.nanopool.org:9433
2021-02-24 23:13:32: [Statistics] Ethereum - Total speed: 50.686 MH/s, Total shares: 4 Rejected: 0, Time: 10:10
2021-02-24 23:13:35: <info>  New job from eth-eu1.nanopool.org:9433
2021-02-24 23:13:35: [Statistics] Ethereum - Total speed: 50.691 MH/s, Total shares: 4 Rejected: 0, Time: 10:13
2021-02-24 23:13:35: [Statistics] GPU0 t=63°C fan 42% power 181.77W. Total power: 181.77W
2021-02-24 23:13:36: <info>  New job from eth-eu1.nanopool.org:9433
2021-02-24 23:13:36: [Statistics] Ethereum - Total speed: 50.692 MH/s, Total shares: 4 Rejected: 0, Time: 10:14
2021-02-24 23:13:36: [Statistics] Ethereum last 10 min - Total: 50.632 MH/s.
2021-02-24 23:13:37: <info>  New job from eth-eu1.nanopool.org:9433
2021-02-24 23:13:37: [Statistics] Ethereum - Total speed: 50.681 MH/s, Total shares: 4 Rejected: 0, Time: 10:15
2021-02-24 23:13:37: [Statistics] GPU0 t=63°C fan 42% power 181.55W. Total power: 181.55W
2021-02-24 23:13:39: <info>  New job from eth-eu1.nanopool.org:9433
2021-02-24 23:13:39: [Statistics] Ethereum - Total speed: 50.670 MH/s, Total shares: 4 Rejected: 0, Time: 10:17
2021-02-24 23:13:42: <info>  New job from eth-eu1.nanopool.org:9433
2021-02-24 23:13:42: [Statistics] Ethereum - Total speed: 50.674 MH/s, Total shares: 4 Rejected: 0, Time: 10:20
2021-02-24 23:13:42: [Statistics] GPU0 t=63°C fan 42% power 181.45W. Total power: 181.45W
2021-02-24 23:13:45: <info>  New job from eth-eu1.nanopool.org:9433
2021-02-24 23:13:45: [Statistics] Ethereum - Total speed: 50.677 MH/s, Total shares: 4 Rejected: 0, Time: 10:23
2021-02-24 23:13:45: [Statistics] Ethereum last 10 min - Total: 50.631 MH/s.
2021-02-24 23:13:48: <info>  New job from eth-eu1.nanopool.org:9433
2021-02-24 23:13:48: [Statistics] Ethereum - Total speed: 50.681 MH/s, Total shares: 4 Rejected: 0, Time: 10:26
2021-02-24 23:13:48: [Statistics] GPU0 t=63°C fan 42% power 181.71W. Total power: 181.71W
2021-02-24 23:13:51: <info>  New job from eth-eu1.nanopool.org:9433
2021-02-24 23:13:51: [Statistics] Ethereum - Total speed: 50.679 MH/s, Total shares: 4 Rejected: 0, Time: 10:30
2021-02-24 23:13:54: <info>  New job from eth-eu1.nanopool.org:9433
2021-02-24 23:13:54: [Statistics] Ethereum - Total speed: 50.683 MH/s, Total shares: 4 Rejected: 0, Time: 10:32
2021-02-24 23:13:54: [Statistics] GPU0 t=63°C fan 43% power 181.58W. Total power: 181.58W
2021-02-24 23:13:57: <info>  New job from eth-eu1.nanopool.org:9433
2021-02-24 23:13:57: [Statistics] Ethereum - Total speed: 50.683 MH/s, Total shares: 4 Rejected: 0, Time: 10:35
2021-02-24 23:13:57: [Statistics] Ethereum last 10 min - Total: 50.629 MH/s.
2021-02-24 23:14:00: <info>  New job from eth-eu1.nanopool.org:9433
2021-02-24 23:14:00: [Statistics] Ethereum - Total speed: 50.685 MH/s, Total shares: 4 Rejected: 0, Time: 10:38
2021-02-24 23:14:00: [Statistics] GPU0 t=62°C fan 42% power 181.45W. Total power: 181.45W
2021-02-24 23:14:03: <info>  New job from eth-eu1.nanopool.org:9433
2021-02-24 23:14:03: [Statistics] Ethereum - Total speed: 50.683 MH/s, Total shares: 4 Rejected: 0, Time: 10:41
2021-02-24 23:14:06: <info>  New job from eth-eu1.nanopool.org:9433
2021-02-24 23:14:06: [Statistics] Ethereum - Total speed: 50.689 MH/s, Total shares: 4 Rejected: 0, Time: 10:44
2021-02-24 23:14:06: [Statistics] GPU0 t=63°C fan 42% power 181.74W. Total power: 181.74W
2021-02-24 23:14:09: <info>  New job from eth-eu1.nanopool.org:9433
2021-02-24 23:14:09: [Statistics] Ethereum - Total speed: 50.686 MH/s, Total shares: 4 Rejected: 0, Time: 10:47
2021-02-24 23:14:09: [Statistics] Ethereum last 10 min - Total: 50.629 MH/s.
2021-02-24 23:14:12: <info>  New job from eth-eu1.nanopool.org:9433
2021-02-24 23:14:12: [Statistics] Ethereum - Total speed: 50.688 MH/s, Total shares: 4 Rejected: 0, Time: 10:50
2021-02-24 23:14:12: [Statistics] GPU0 t=63°C fan 42% power 181.43W. Total power: 181.43W
2021-02-24 23:14:13: <info>  New job from eth-eu1.nanopool.org:9433
2021-02-24 23:14:13: [Statistics] Ethereum - Total speed: 50.689 MH/s, Total shares: 4 Rejected: 0, Time: 10:51
2021-02-24 23:14:14: <info>  New job from eth-eu1.nanopool.org:9433
2021-02-24 23:14:14: [Statistics] Ethereum - Total speed: 50.683 MH/s, Total shares: 4 Rejected: 0, Time: 10:53
2021-02-24 23:14:14: [Statistics] GPU0 t=63°C fan 42% power 181.63W. Total power: 181.63W
2021-02-24 23:14:16: <info>  New job from eth-eu1.nanopool.org:9433
2021-02-24 23:14:16: [Statistics] Ethereum - Total speed: 50.688 MH/s, Total shares: 4 Rejected: 0, Time: 10:54
2021-02-24 23:14:16: [Statistics] Ethereum last 10 min - Total: 50.629 MH/s.
2021-02-24 23:14:17: <info>  New job from eth-eu1.nanopool.org:9433
2021-02-24 23:14:17: [Statistics] Ethereum - Total speed: 50.682 MH/s, Total shares: 4 Rejected: 0, Time: 10:55
2021-02-24 23:14:17: [Statistics] GPU0 t=63°C fan 42% power 181.55W. Total power: 181.55W
2021-02-24 23:14:20: <info>  New job from eth-eu1.nanopool.org:9433
2021-02-24 23:14:20: [Statistics] Ethereum - Total speed: 50.683 MH/s, Total shares: 4 Rejected: 0, Time: 10:58
2021-02-24 23:14:20: <info>  New job from eth-eu1.nanopool.org:9433
2021-02-24 23:14:20: [Statistics] Ethereum - Total speed: 50.684 MH/s, Total shares: 4 Rejected: 0, Time: 10:58
2021-02-24 23:14:20: [Statistics] GPU0 t=63°C fan 42% power 181.37W. Total power: 181.37W
2021-02-24 23:14:23: <info>  New job from eth-eu1.nanopool.org:9433
2021-02-24 23:14:23: [Statistics] Ethereum - Total speed: 50.628 MH/s, Total shares: 4 Rejected: 0, Time: 11:01
2021-02-24 23:14:23: [Statistics] Ethereum last 10 min - Total: 50.630 MH/s.
2021-02-24 23:14:26: <info>  New job from eth-eu1.nanopool.org:9433
2021-02-24 23:14:26: [Statistics] Ethereum - Total speed: 50.633 MH/s, Total shares: 4 Rejected: 0, Time: 11:04
2021-02-24 23:14:26: [Statistics] GPU0 t=63°C fan 42% power 181.56W. Total power: 181.56W
2021-02-24 23:14:29: <info>  New job from eth-eu1.nanopool.org:9433
2021-02-24 23:14:29: [Statistics] Ethereum - Total speed: 50.641 MH/s, Total shares: 4 Rejected: 0, Time: 11:07
2021-02-24 23:14:32: <info>  New job from eth-eu1.nanopool.org:9433
2021-02-24 23:14:32: [Statistics] Ethereum - Total speed: 50.649 MH/s, Total shares: 4 Rejected: 0, Time: 11:10
2021-02-24 23:14:32: [Statistics] GPU0 t=63°C fan 42% power 181.69W. Total power: 181.69W
2021-02-24 23:14:34: <info>  New job from eth-eu1.nanopool.org:9433
2021-02-24 23:14:34: [Statistics] Ethereum - Total speed: 50.649 MH/s, Total shares: 4 Rejected: 0, Time: 11:12
2021-02-24 23:14:34: [Statistics] Ethereum last 10 min - Total: 50.631 MH/s.
2021-02-24 23:14:34: <info>  New job from eth-eu1.nanopool.org:9433
2021-02-24 23:14:34: [Statistics] Ethereum - Total speed: 50.658 MH/s, Total shares: 4 Rejected: 0, Time: 11:13
2021-02-24 23:14:34: [Statistics] GPU0 t=63°C fan 43% power 181.60W. Total power: 181.60W
2021-02-24 23:14:38: <info>  New job from eth-eu1.nanopool.org:9433
2021-02-24 23:14:38: [Statistics] Ethereum - Total speed: 50.564 MH/s, Total shares: 4 Rejected: 0, Time: 11:16
2021-02-24 23:14:40: <info>  New job from eth-eu1.nanopool.org:9433
2021-02-24 23:14:40: [Statistics] Ethereum - Total speed: 50.578 MH/s, Total shares: 4 Rejected: 0, Time: 11:18
2021-02-24 23:14:40: [Statistics] GPU0 t=63°C fan 42% power 181.44W. Total power: 181.44W
2021-02-24 23:14:43: <info>  New job from eth-eu1.nanopool.org:9433
2021-02-24 23:14:43: [Statistics] Ethereum - Total speed: 50.594 MH/s, Total shares: 4 Rejected: 0, Time: 11:21
2021-02-24 23:14:43: [Statistics] Ethereum last 10 min - Total: 50.631 MH/s.
2021-02-24 23:14:44: <info>  New job from eth-eu1.nanopool.org:9433
2021-02-24 23:14:44: [Statistics] Ethereum - Total speed: 50.606 MH/s, Total shares: 4 Rejected: 0, Time: 11:22
2021-02-24 23:14:44: [Statistics] GPU0 t=63°C fan 42% power 181.62W. Total power: 181.62W
2021-02-24 23:14:44: <info>  New job from eth-eu1.nanopool.org:9433
2021-02-24 23:14:44: [Statistics] Ethereum - Total speed: 50.610 MH/s, Total shares: 4 Rejected: 0, Time: 11:22
2021-02-24 23:14:47: <info>  New job from eth-eu1.nanopool.org:9433
2021-02-24 23:14:47: [Statistics] Ethereum - Total speed: 50.621 MH/s, Total shares: 4 Rejected: 0, Time: 11:26
2021-02-24 23:14:47: [Statistics] GPU0 t=63°C fan 42% power 181.75W. Total power: 181.75W
2021-02-24 23:14:50: <info>  New job from eth-eu1.nanopool.org:9433
2021-02-24 23:14:50: [Statistics] Ethereum - Total speed: 50.626 MH/s, Total shares: 4 Rejected: 0, Time: 11:29
2021-02-24 23:14:50: [Statistics] Ethereum last 10 min - Total: 50.631 MH/s.
2021-02-24 23:14:53: <info>  New job from eth-eu1.nanopool.org:9433
2021-02-24 23:14:53: [Statistics] Ethereum - Total speed: 50.635 MH/s, Total shares: 4 Rejected: 0, Time: 11:31
2021-02-24 23:14:53: [Statistics] GPU0 t=63°C fan 42% power 181.85W. Total power: 181.85W
2021-02-24 23:14:56: <info>  New job from eth-eu1.nanopool.org:9433
2021-02-24 23:14:56: [Statistics] Ethereum - Total speed: 50.645 MH/s, Total shares: 4 Rejected: 0, Time: 11:34
2021-02-24 23:14:59: <info>  New job from eth-eu1.nanopool.org:9433
2021-02-24 23:14:59: [Statistics] Ethereum - Total speed: 50.646 MH/s, Total shares: 4 Rejected: 0, Time: 11:37
2021-02-24 23:14:59: [Statistics] GPU0 t=63°C fan 42% power 181.68W. Total power: 181.68W
2021-02-24 23:15:02: <info>  New job from eth-eu1.nanopool.org:9433
2021-02-24 23:15:02: [Statistics] Ethereum - Total speed: 50.652 MH/s, Total shares: 4 Rejected: 0, Time: 11:40
2021-02-24 23:15:02: [Statistics] Ethereum last 10 min - Total: 50.631 MH/s.
2021-02-24 23:15:03: <info>  New job from eth-eu1.nanopool.org:9433
2021-02-24 23:15:03: [Statistics] Ethereum - Total speed: 50.654 MH/s, Total shares: 4 Rejected: 0, Time: 11:41
2021-02-24 23:15:03: [Statistics] GPU0 t=63°C fan 43% power 181.19W. Total power: 181.19W
2021-02-24 23:15:03: <info>  New job from eth-eu1.nanopool.org:9433
2021-02-24 23:15:03: [Statistics] Ethereum - Total speed: 50.646 MH/s, Total shares: 4 Rejected: 0, Time: 11:41
2021-02-24 23:15:06: <info>  New job from eth-eu1.nanopool.org:9433
2021-02-24 23:15:06: [Statistics] Ethereum - Total speed: 50.523 MH/s, Total shares: 4 Rejected: 0, Time: 11:44
2021-02-24 23:15:06: [Statistics] GPU0 t=63°C fan 42% power 181.40W. Total power: 181.40W
2021-02-24 23:15:09: <info>  New job from eth-eu1.nanopool.org:9433
2021-02-24 23:15:09: [Statistics] Ethereum - Total speed: 50.540 MH/s, Total shares: 4 Rejected: 0, Time: 11:48
2021-02-24 23:15:09: [Statistics] Ethereum last 10 min - Total: 50.630 MH/s.
2021-02-24 23:15:12: <info>  New job from eth-eu1.nanopool.org:9433
2021-02-24 23:15:12: [Statistics] Ethereum - Total speed: 50.554 MH/s, Total shares: 4 Rejected: 0, Time: 11:51
2021-02-24 23:15:12: [Statistics] GPU0 t=63°C fan 42% power 181.93W. Total power: 181.93W
2021-02-24 23:15:15: <info>  New job from eth-eu1.nanopool.org:9433
2021-02-24 23:15:15: [Statistics] Ethereum - Total speed: 50.563 MH/s, Total shares: 4 Rejected: 0, Time: 11:53
2021-02-24 23:15:18: <info>  New job from eth-eu1.nanopool.org:9433
2021-02-24 23:15:18: [Statistics] Ethereum - Total speed: 50.578 MH/s, Total shares: 4 Rejected: 0, Time: 11:56
2021-02-24 23:15:18: [Statistics] GPU0 t=63°C fan 42% power 181.31W. Total power: 181.31W
2021-02-24 23:15:18: <info>  New job from eth-eu1.nanopool.org:9433
2021-02-24 23:15:18: [Statistics] Ethereum - Total speed: 50.571 MH/s, Total shares: 4 Rejected: 0, Time: 11:57
2021-02-24 23:15:18: [Statistics] Ethereum last 10 min - Total: 50.629 MH/s.
2021-02-24 23:15:18: <info>  New job from eth-eu1.nanopool.org:9433
2021-02-24 23:15:18: [Statistics] Ethereum - Total speed: 50.549 MH/s, Total shares: 4 Rejected: 0, Time: 11:57
2021-02-24 23:15:18: [Statistics] GPU0 t=63°C fan 42% power 181.57W. Total power: 181.57W
2021-02-24 23:15:22: <info>  New job from eth-eu1.nanopool.org:9433
2021-02-24 23:15:22: [Statistics] Ethereum - Total speed: 50.419 MH/s, Total shares: 4 Rejected: 0, Time: 12:00
2021-02-24 23:15:24: <info>  New job from eth-eu1.nanopool.org:9433
2021-02-24 23:15:24: [Statistics] Ethereum - Total speed: 49.783 MH/s, Total shares: 4 Rejected: 0, Time: 12:03
2021-02-24 23:15:24: [Statistics] GPU0 t=63°C fan 43% power 181.28W. Total power: 181.28W
2021-02-24 23:15:27: <info>  New job from eth-eu1.nanopool.org:9433
2021-02-24 23:15:27: [Statistics] Ethereum - Total speed: 49.628 MH/s, Total shares: 4 Rejected: 0, Time: 12:06
2021-02-24 23:15:27: [Statistics] Ethereum last 10 min - Total: 50.622 MH/s.
2021-02-24 23:15:30: <info>  New job from eth-eu1.nanopool.org:9433
2021-02-24 23:15:30: [Statistics] Ethereum - Total speed: 49.228 MH/s, Total shares: 4 Rejected: 0, Time: 12:09
2021-02-24 23:15:30: [Statistics] GPU0 t=62°C fan 43% power 174.11W. Total power: 174.11W
2021-02-24 23:15:33: <info>  New job from eth-eu1.nanopool.org:9433
2021-02-24 23:15:33: [Statistics] Ethereum - Total speed: 48.944 MH/s, Total shares: 4 Rejected: 0, Time: 12:12
2021-02-24 23:15:36: <info>  New job from eth-eu1.nanopool.org:9433
2021-02-24 23:15:36: [Statistics] Ethereum - Total speed: 48.599 MH/s, Total shares: 4 Rejected: 0, Time: 12:15
2021-02-24 23:15:36: [Statistics] GPU0 t=62°C fan 42% power 165.65W. Total power: 165.65W
2021-02-24 23:15:39: <info>  New job from eth-eu1.nanopool.org:9433
2021-02-24 23:15:39: [Statistics] Ethereum - Total speed: 47.985 MH/s, Total shares: 4 Rejected: 0, Time: 12:18
2021-02-24 23:15:39: [Statistics] Ethereum last 10 min - Total: 50.587 MH/s.
2021-02-24 23:15:43: <info>  New job from eth-eu1.nanopool.org:9433
2021-02-24 23:15:43: [Statistics] Ethereum - Total speed: 46.358 MH/s, Total shares: 4 Rejected: 0, Time: 12:21
2021-02-24 23:15:43: [Statistics] GPU0 t=60°C fan 42% power 143.23W. Total power: 143.23W
2021-02-24 23:15:45: <info>  New job from eth-eu1.nanopool.org:9433
2021-02-24 23:15:45: [Statistics] Ethereum - Total speed: 43.318 MH/s, Total shares: 4 Rejected: 0, Time: 12:24
2021-02-24 23:15:47: <info>  New job from eth-eu1.nanopool.org:9433
2021-02-24 23:15:47: [Statistics] Ethereum - Total speed: 40.594 MH/s, Total shares: 4 Rejected: 0, Time: 12:25
2021-02-24 23:15:47: [Statistics] GPU0 t=60°C fan 42% power 145.82W. Total power: 145.82W
2021-02-24 23:15:47: <info>  New job from eth-eu1.nanopool.org:9433
2021-02-24 23:15:47: [Statistics] Ethereum - Total speed: 40.594 MH/s, Total shares: 4 Rejected: 0, Time: 12:25
2021-02-24 23:15:47: [Statistics] Ethereum last 10 min - Total: 50.522 MH/s.
2021-02-24 23:15:50: <info>  New job from eth-eu1.nanopool.org:9433
2021-02-24 23:15:50: [Statistics] Ethereum - Total speed: 38.164 MH/s, Total shares: 4 Rejected: 0, Time: 12:28
2021-02-24 23:15:50: [Statistics] GPU0 t=60°C fan 42% power 145.91W. Total power: 145.91W
2021-02-24 23:15:53: <info>  New job from eth-eu1.nanopool.org:9433
2021-02-24 23:15:53: [Statistics] Ethereum - Total speed: 35.973 MH/s, Total shares: 4 Rejected: 0, Time: 12:31
2021-02-24 23:15:56: <info>  New job from eth-eu1.nanopool.org:9433
2021-02-24 23:15:56: [Statistics] Ethereum - Total speed: 33.953 MH/s, Total shares: 4 Rejected: 0, Time: 12:34
2021-02-24 23:15:56: [Statistics] GPU0 t=60°C fan 41% power 150.60W. Total power: 150.60W
2021-02-24 23:15:59: <info>  New job from eth-eu1.nanopool.org:9433
2021-02-24 23:15:59: [Statistics] Ethereum - Total speed: 32.109 MH/s, Total shares: 4 Rejected: 0, Time: 12:37
2021-02-24 23:15:59: [Statistics] Ethereum last 10 min - Total: 50.228 MH/s.
2021-02-24 23:16:02: <info>  New job from eth-eu1.nanopool.org:9433
2021-02-24 23:16:02: [Statistics] Ethereum - Total speed: 33.076 MH/s, Total shares: 4 Rejected: 0, Time: 12:40
2021-02-24 23:16:02: [Statistics] GPU0 t=61°C fan 41% power 166.58W. Total power: 166.58W
2021-02-24 23:16:05: <info>  New job from eth-eu1.nanopool.org:9433
2021-02-24 23:16:05: [Statistics] Ethereum - Total speed: 33.445 MH/s, Total shares: 4 Rejected: 0, Time: 12:43
2021-02-24 23:16:08: <info>  New job from eth-eu1.nanopool.org:9433
2021-02-24 23:16:08: [Statistics] Ethereum - Total speed: 33.705 MH/s, Total shares: 4 Rejected: 0, Time: 12:46
2021-02-24 23:16:08: [Statistics] GPU0 t=61°C fan 42% power 171.15W. Total power: 171.15W
2021-02-24 23:16:11: <info>  New job from eth-eu1.nanopool.org:9433
2021-02-24 23:16:11: [Statistics] Ethereum - Total speed: 32.301 MH/s, Total shares: 4 Rejected: 0, Time: 12:49
2021-02-24 23:16:11: [Statistics] Ethereum last 10 min - Total: 49.882 MH/s.
2021-02-24 23:16:14: <info>  New job from eth-eu1.nanopool.org:9433
2021-02-24 23:16:14: [Statistics] Ethereum - Total speed: 31.003 MH/s, Total shares: 4 Rejected: 0, Time: 12:52
2021-02-24 23:16:14: [Statistics] GPU0 t=62°C fan 41% power 174.93W. Total power: 174.93W
2021-02-24 23:16:17: <info>  New job from eth-eu1.nanopool.org:9433
2021-02-24 23:16:17: [Statistics] Ethereum - Total speed: 30.032 MH/s, Total shares: 4 Rejected: 0, Time: 12:55
2021-02-24 23:16:20: <info>  New job from eth-eu1.nanopool.org:9433
2021-02-24 23:16:20: [Statistics] Ethereum - Total speed: 29.176 MH/s, Total shares: 4 Rejected: 0, Time: 12:58
2021-02-24 23:16:20: [Statistics] GPU0 t=62°C fan 41% power 175.19W. Total power: 175.19W
2021-02-24 23:16:23: <info>  New job from eth-eu1.nanopool.org:9433
2021-02-24 23:16:23: [Statistics] Ethereum - Total speed: 28.374 MH/s, Total shares: 4 Rejected: 0, Time: 13:01
2021-02-24 23:16:23: [Statistics] Ethereum last 10 min - Total: 49.474 MH/s.
2021-02-24 23:16:26: <info>  New job from eth-eu1.nanopool.org:9433
2021-02-24 23:16:26: [Statistics] Ethereum - Total speed: 27.672 MH/s, Total shares: 4 Rejected: 0, Time: 13:04
2021-02-24 23:16:26: [Statistics] GPU0 t=62°C fan 41% power 174.96W. Total power: 174.96W
2021-02-24 23:16:29: <info>  New job from eth-eu1.nanopool.org:9433
2021-02-24 23:16:29: [Statistics] Ethereum - Total speed: 27.040 MH/s, Total shares: 4 Rejected: 0, Time: 13:07
2021-02-24 23:16:32: <info>  New job from eth-eu1.nanopool.org:9433
2021-02-24 23:16:32: [Statistics] Ethereum - Total speed: 26.466 MH/s, Total shares: 4 Rejected: 0, Time: 13:10
2021-02-24 23:16:32: [Statistics] GPU0 t=62°C fan 41% power 175.02W. Total power: 175.02W
2021-02-24 23:16:35: <info>  New job from eth-eu1.nanopool.org:9433
2021-02-24 23:16:35: [Statistics] Ethereum - Total speed: 25.947 MH/s, Total shares: 4 Rejected: 0, Time: 13:13
2021-02-24 23:16:35: [Statistics] Ethereum last 10 min - Total: 48.998 MH/s.
2021-02-24 23:16:38: <info>  New job from eth-eu1.nanopool.org:9433
2021-02-24 23:16:38: [Statistics] Ethereum - Total speed: 25.474 MH/s, Total shares: 4 Rejected: 0, Time: 13:16
2021-02-24 23:16:38: [Statistics] GPU0 t=62°C fan 41% power 175.11W. Total power: 175.11W
2021-02-24 23:16:39: <info>  New job from eth-eu1.nanopool.org:9433
2021-02-24 23:16:39: [Statistics] Ethereum - Total speed: 25.050 MH/s, Total shares: 4 Rejected: 0, Time: 13:17
2021-02-24 23:16:39: <info>  New job from eth-eu1.nanopool.org:9433
2021-02-24 23:16:39: [Statistics] Ethereum - Total speed: 24.658 MH/s, Total shares: 4 Rejected: 0, Time: 13:17
2021-02-24 23:16:39: [Statistics] GPU0 t=62°C fan 41% power 174.81W. Total power: 174.81W
2021-02-24 23:16:39: <info>  New job from eth-eu1.nanopool.org:9433
2021-02-24 23:16:39: [Statistics] Ethereum - Total speed: 24.264 MH/s, Total shares: 4 Rejected: 0, Time: 13:18
2021-02-24 23:16:39: [Statistics] Ethereum last 10 min - Total: 48.802 MH/s.
2021-02-24 23:16:42: <info>  New job from eth-eu1.nanopool.org:9433
2021-02-24 23:16:42: [Statistics] Ethereum - Total speed: 23.914 MH/s, Total shares: 4 Rejected: 0, Time: 13:20
2021-02-24 23:16:42: [Statistics] GPU0 t=62°C fan 41% power 174.87W. Total power: 174.87W
2021-02-24 23:16:45: <info>  New job from eth-eu1.nanopool.org:9433
2021-02-24 23:16:45: [Statistics] Ethereum - Total speed: 23.652 MH/s, Total shares: 4 Rejected: 0, Time: 13:23
2021-02-24 23:16:48: <info>  New job from eth-eu1.nanopool.org:9433
2021-02-24 23:16:48: [Statistics] Ethereum - Total speed: 23.423 MH/s, Total shares: 4 Rejected: 0, Time: 13:26
2021-02-24 23:16:48: [Statistics] GPU0 t=62°C fan 41% power 175.30W. Total power: 175.30W
2021-02-24 23:16:51: <info>  New job from eth-eu1.nanopool.org:9433
2021-02-24 23:16:51: [Statistics] Ethereum - Total speed: 23.230 MH/s, Total shares: 4 Rejected: 0, Time: 13:30
2021-02-24 23:16:51: [Statistics] Ethereum last 10 min - Total: 48.260 MH/s.
2021-02-24 23:16:54: <info>  New job from eth-eu1.nanopool.org:9433
2021-02-24 23:16:54: [Statistics] Ethereum - Total speed: 23.125 MH/s, Total shares: 4 Rejected: 0, Time: 13:32
2021-02-24 23:16:54: [Statistics] GPU0 t=62°C fan 41% power 176.83W. Total power: 176.83W
2021-02-24 23:16:57: <info>  New job from eth-eu1.nanopool.org:9433
2021-02-24 23:16:57: [Statistics] Ethereum - Total speed: 22.734 MH/s, Total shares: 4 Rejected: 0, Time: 13:35
2021-02-24 23:17:00: <info>  New job from eth-eu1.nanopool.org:9433
2021-02-24 23:17:00: [Statistics] Ethereum - Total speed: 22.368 MH/s, Total shares: 4 Rejected: 0, Time: 13:38
2021-02-24 23:17:00: [Statistics] GPU0 t=62°C fan 41% power 177.72W. Total power: 177.72W
2021-02-24 23:17:03: <info>  New job from eth-eu1.nanopool.org:9433
2021-02-24 23:17:03: [Statistics] Ethereum - Total speed: 22.026 MH/s, Total shares: 4 Rejected: 0, Time: 13:41
2021-02-24 23:17:03: [Statistics] Ethereum last 10 min - Total: 47.725 MH/s.
2021-02-24 23:17:07: <info>  New job from eth-eu1.nanopool.org:9433
2021-02-24 23:17:07: [Statistics] Ethereum - Total speed: 21.728 MH/s, Total shares: 4 Rejected: 0, Time: 13:45
2021-02-24 23:17:07: [Statistics] GPU0 t=63°C fan 41% power 177.39W. Total power: 177.39W
2021-02-24 23:17:07: <info>  New job from eth-eu1.nanopool.org:9433
2021-02-24 23:17:07: [Statistics] Ethereum - Total speed: 21.448 MH/s, Total shares: 4 Rejected: 0, Time: 13:46
2021-02-24 23:17:09: <info>  New job from eth-eu1.nanopool.org:9433
2021-02-24 23:17:09: [Statistics] Ethereum - Total speed: 21.185 MH/s, Total shares: 4 Rejected: 0, Time: 13:47
2021-02-24 23:17:09: [Statistics] GPU0 t=62°C fan 41% power 177.79W. Total power: 177.79W
2021-02-24 23:17:09: <info>  New job from eth-eu1.nanopool.org:9433
2021-02-24 23:17:09: [Statistics] Ethereum - Total speed: 20.964 MH/s, Total shares: 4 Rejected: 0, Time: 13:47
2021-02-24 23:17:09: [Statistics] Ethereum last 10 min - Total: 47.434 MH/s.
2021-02-24 23:17:09: <info>  New job from eth-eu1.nanopool.org:9433
2021-02-24 23:17:09: [Statistics] Ethereum - Total speed: 20.964 MH/s, Total shares: 4 Rejected: 0, Time: 13:47
2021-02-24 23:17:09: [Statistics] GPU0 t=62°C fan 41% power 177.52W. Total power: 177.52W
2021-02-24 23:17:12: <info>  New job from eth-eu1.nanopool.org:9433
2021-02-24 23:17:12: [Statistics] Ethereum - Total speed: 20.759 MH/s, Total shares: 4 Rejected: 0, Time: 13:50
2021-02-24 23:17:15: <info>  New job from eth-eu1.nanopool.org:9433
2021-02-24 23:17:15: [Statistics] Ethereum - Total speed: 20.576 MH/s, Total shares: 4 Rejected: 0, Time: 13:53
2021-02-24 23:17:15: [Statistics] GPU0 t=62°C fan 41% power 177.26W. Total power: 177.26W
2021-02-24 23:17:18: <info>  New job from eth-eu1.nanopool.org:9433
2021-02-24 23:17:18: [Statistics] Ethereum - Total speed: 20.422 MH/s, Total shares: 4 Rejected: 0, Time: 13:56
2021-02-24 23:17:18: [Statistics] Ethereum last 10 min - Total: 46.981 MH/s.
2021-02-24 23:17:20: <info>  New job from eth-eu1.nanopool.org:9433
2021-02-24 23:17:20: [Statistics] Ethereum - Total speed: 20.318 MH/s, Total shares: 4 Rejected: 0, Time: 13:58
2021-02-24 23:17:20: [Statistics] GPU0 t=60°C fan 41% power 142.72W. Total power: 142.72W
2021-02-24 23:17:21: <info>  New job from eth-eu1.nanopool.org:9433
2021-02-24 23:17:21: [Statistics] Ethereum - Total speed: 19.955 MH/s, Total shares: 4 Rejected: 0, Time: 13:59
2021-02-24 23:17:21: <info>  New job from eth-eu1.nanopool.org:9433
2021-02-24 23:17:21: [Statistics] Ethereum - Total speed: 19.641 MH/s, Total shares: 4 Rejected: 0, Time: 14:00
2021-02-24 23:17:21: [Statistics] GPU0 t=60°C fan 41% power 144.01W. Total power: 144.01W
2021-02-24 23:17:22: <info>  New job from eth-eu1.nanopool.org:9433
2021-02-24 23:17:22: [Statistics] Ethereum - Total speed: 19.351 MH/s, Total shares: 4 Rejected: 0, Time: 14:00
2021-02-24 23:17:22: [Statistics] Ethereum last 10 min - Total: 46.803 MH/s.
2021-02-24 23:17:25: <info>  New job from eth-eu1.nanopool.org:9433
2021-02-24 23:17:25: [Statistics] Ethereum - Total speed: 19.089 MH/s, Total shares: 4 Rejected: 0, Time: 14:03
2021-02-24 23:17:25: [Statistics] GPU0 t=60°C fan 41% power 143.79W. Total power: 143.79W
2021-02-24 23:17:28: <info>  New job from eth-eu1.nanopool.org:9433
2021-02-24 23:17:28: [Statistics] Ethereum - Total speed: 19.069 MH/s, Total shares: 4 Rejected: 0, Time: 14:06
2021-02-24 23:17:31: <info>  New job from eth-eu1.nanopool.org:9433
2021-02-24 23:17:31: [Statistics] Ethereum - Total speed: 18.882 MH/s, Total shares: 4 Rejected: 0, Time: 14:09
2021-02-24 23:17:31: [Statistics] GPU0 t=60°C fan 40% power 143.19W. Total power: 143.19W
2021-02-24 23:17:34: <info>  New job from eth-eu1.nanopool.org:9433
2021-02-24 23:17:34: [Statistics] Ethereum - Total speed: 19.226 MH/s, Total shares: 4 Rejected: 0, Time: 14:12
2021-02-24 23:17:34: [Statistics] Ethereum last 10 min - Total: 46.165 MH/s.
2021-02-24 23:17:37: <info>  New job from eth-eu1.nanopool.org:9433
2021-02-24 23:17:37: [Statistics] Ethereum - Total speed: 19.229 MH/s, Total shares: 4 Rejected: 0, Time: 14:15
2021-02-24 23:17:37: [Statistics] GPU0 t=59°C fan 40% power 136.79W. Total power: 136.79W
2021-02-24 23:17:40: <info>  New job from eth-eu1.nanopool.org:9433
2021-02-24 23:17:40: [Statistics] Ethereum - Total speed: 19.092 MH/s, Total shares: 4 Rejected: 0, Time: 14:18
2021-02-24 23:17:43: <info>  New job from eth-eu1.nanopool.org:9433
2021-02-24 23:17:43: [Statistics] Ethereum - Total speed: 18.959 MH/s, Total shares: 4 Rejected: 0, Time: 14:21
2021-02-24 23:17:43: [Statistics] GPU0 t=59°C fan 40% power 142.00W. Total power: 142.00W
2021-02-24 23:17:46: <info>  New job from eth-eu1.nanopool.org:9433
2021-02-24 23:17:46: [Statistics] Ethereum - Total speed: 18.825 MH/s, Total shares: 4 Rejected: 0, Time: 14:24
2021-02-24 23:17:46: [Statistics] Ethereum last 10 min - Total: 45.530 MH/s.
2021-02-24 23:17:49: <info>  New job from eth-eu1.nanopool.org:9433
2021-02-24 23:17:49: [Statistics] Ethereum - Total speed: 18.672 MH/s, Total shares: 4 Rejected: 0, Time: 14:27
2021-02-24 23:17:49: [Statistics] GPU0 t=59°C fan 40% power 142.91W. Total power: 142.91W
2021-02-24 23:17:52: <info>  New job from eth-eu1.nanopool.org:9433
2021-02-24 23:17:52: [Statistics] Ethereum - Total speed: 18.522 MH/s, Total shares: 4 Rejected: 0, Time: 14:30
2021-02-24 23:17:55: <info>  New job from eth-eu1.nanopool.org:9433
2021-02-24 23:17:55: [Statistics] Ethereum - Total speed: 18.387 MH/s, Total shares: 4 Rejected: 0, Time: 14:33
2021-02-24 23:17:55: [Statistics] GPU0 t=58°C fan 39% power 144.06W. Total power: 144.06W
2021-02-24 23:17:58: <info>  New job from eth-eu1.nanopool.org:9433
2021-02-24 23:17:58: [Statistics] Ethereum - Total speed: 18.257 MH/s, Total shares: 4 Rejected: 0, Time: 14:36
2021-02-24 23:17:58: [Statistics] Ethereum last 10 min - Total: 44.895 MH/s.
2021-02-24 23:18:01: <info>  New job from eth-eu1.nanopool.org:9433
2021-02-24 23:18:01: [Statistics] Ethereum - Total speed: 18.424 MH/s, Total shares: 4 Rejected: 0, Time: 14:39
2021-02-24 23:18:01: [Statistics] GPU0 t=58°C fan 39% power 136.78W. Total power: 136.78W
2021-02-24 23:18:04: <info>  New job from eth-eu1.nanopool.org:9433
2021-02-24 23:18:04: [Statistics] Ethereum - Total speed: 18.527 MH/s, Total shares: 4 Rejected: 0, Time: 14:43
2021-02-24 23:18:05: <info>  New job from eth-eu1.nanopool.org:9433
2021-02-24 23:18:05: [Statistics] Ethereum - Total speed: 18.495 MH/s, Total shares: 4 Rejected: 0, Time: 14:44
2021-02-24 23:18:05: [Statistics] GPU0 t=58°C fan 38% power 135.87W. Total power: 135.87W
2021-02-24 23:18:06: <info>  New job from eth-eu1.nanopool.org:9433
2021-02-24 23:18:06: [Statistics] Ethereum - Total speed: 18.583 MH/s, Total shares: 4 Rejected: 0, Time: 14:44
2021-02-24 23:18:06: [Statistics] Ethereum last 10 min - Total: 44.482 MH/s.
2021-02-24 23:18:06: <info>  Terminating, please wait ...
