2021-02-15 15:41:03: <info>                                    _                 
2021-02-15 15:41:03: <info>  _ __   __ _ _ __   ___  _ __ ___ (_)_ __   ___ _ __ 
2021-02-15 15:41:03: <info> | '_ \ / _` | '_ \ / _ \| '_ ` _ \| | '_ \ / _ \ '__|
2021-02-15 15:41:03: <info> | | | | (_| | | | | (_) | | | | | | | | | |  __/ |   
2021-02-15 15:41:03: <info> |_| |_|\__,_|_| |_|\___/|_| |_| |_|_|_| |_|\___|_|   
2021-02-15 15:41:03: <info> 
2021-02-15 15:41:03: <info> Version 3.2.2-cuda11
2021-02-15 15:41:03: <info>  Started EthMan server on port 3333 without a password (read-only mode).
2021-02-15 15:41:03: <info>  Started web interface on port 9090 without a password.
2021-02-15 15:41:03: <info>  CUDA driver version is 11.2, runtime version is 11.1
2021-02-15 15:41:03: <warning>  Failed to initialize nvml library.
2021-02-15 15:41:03: <info> Single device detected
2021-02-15 15:41:03: <info> GPU 0 PCI 0a:00.0, Platform: CUDA, Name: GeForce RTX 3060 Ti, 8192 MB available
2021-02-15 15:41:03: <info> -------------------Ethash:------------------
2021-02-15 15:41:03: <info> Currency: Ethereum
2021-02-15 15:41:03: <info> Wallet: wallet
2021-02-15 15:41:03: <info> Rig name: levin
2021-02-15 15:41:03: <info> Email: email
2021-02-15 15:41:03: <info> Hashrate threshold to restart miner is not set
2021-02-15 15:41:03: <info> Added pool: eth-eu1.nanopool.org:9433
2021-02-15 15:41:03: <info> Added pool: eth-us-east1.nanopool.org:9433
2021-02-15 15:41:03: <info> Added pool: eth-us-west1.nanopool.org:9433
2021-02-15 15:41:03: <info> Added pool: eth-asia1.nanopool.org:9433
2021-02-15 15:41:03: <info> Added pool: eth-jp1.nanopool.org:9433
2021-02-15 15:41:03: <info> Added pool: eth-eu2.nanopool.org:9433
2021-02-15 15:41:03: <info> Added pool: eth-au1.nanopool.org:9433
2021-02-15 15:41:03: <info> Auto pool sorting is enabled
2021-02-15 15:41:03: <info> Using all GPU devices
2021-02-15 15:41:03: <info> Memory tweak: 1
2021-02-15 15:41:03: <info> -------------Common parameters:-------------
2021-02-15 15:41:03: <info> Log path: ./logs/
2021-02-15 15:41:03: <info> Log is written to file
2021-02-15 15:41:03: <info> GPU watchdog is enabled
2021-02-15 15:41:03: <info> Never calling reboot.bat (always restarting the miner in case of errors). 
2021-02-15 15:41:03: <info>  Setting up algorithm: Ethash
2021-02-15 15:41:04: <info>  Connecting to pools...
2021-02-15 15:41:04: <info>  Connected to pool: eth-eu1.nanopool.org:9433 | IP: 213.32.74.230 | ping: 116 ms.
2021-02-15 15:41:04: <info>  New job from eth-eu1.nanopool.org:9433 | share difficulty = 10000 MH, epoch 395 (4183 MB)
2021-02-15 15:41:04: [Statistics] Ethereum - Total speed: 0.000 H/s, Total shares: 0 Rejected: 0, Time: 00:01
2021-02-15 15:41:04: <info>  New job from eth-eu1.nanopool.org:9433
2021-02-15 15:41:04: [Statistics] Ethereum - Total speed: 0.000 H/s, Total shares: 0 Rejected: 0, Time: 00:01
2021-02-15 15:41:04: [Statistics] Ethereum last 10 min - Total: 0.000 H/s.
2021-02-15 15:41:05: <info>  New job from eth-eu1.nanopool.org:9433
2021-02-15 15:41:05: [Statistics] Ethereum - Total speed: 0.000 H/s, Total shares: 0 Rejected: 0, Time: 00:01
2021-02-15 15:41:08: <info>  New job from eth-eu1.nanopool.org:9433
2021-02-15 15:41:08: [Statistics] Ethereum - Total speed: 0.000 H/s, Total shares: 0 Rejected: 0, Time: 00:04
2021-02-15 15:41:11: <info>  New job from eth-eu1.nanopool.org:9433
2021-02-15 15:41:11: <info>  GPU0: 4183 MB DAG generated in 4.47 seconds
2021-02-15 15:41:11: [Statistics] Ethereum - Total speed: 0.000 H/s, Total shares: 0 Rejected: 0, Time: 00:08
2021-02-15 15:41:14: <info>  New job from eth-eu1.nanopool.org:9433
2021-02-15 15:41:20: [Statistics] Ethereum - Total speed: 53.193 MH/s, Total shares: 0 Rejected: 0, Time: 00:17
2021-02-15 15:41:20: [Statistics] Ethereum last 10 min - Total: 53.193 MH/s.
2021-02-15 15:41:20: <info>  New job from eth-eu1.nanopool.org:9433
2021-02-15 15:41:20: [Statistics] Ethereum - Total speed: 52.519 MH/s, Total shares: 0 Rejected: 0, Time: 00:17
2021-02-15 15:41:20: <info>  New job from eth-eu1.nanopool.org:9433
2021-02-15 15:41:20: [Statistics] Ethereum - Total speed: 52.519 MH/s, Total shares: 0 Rejected: 0, Time: 00:17
2021-02-15 15:41:20: <info>  New job from eth-eu1.nanopool.org:9433
2021-02-15 15:41:20: [Statistics] Ethereum - Total speed: 52.519 MH/s, Total shares: 0 Rejected: 0, Time: 00:17
2021-02-15 15:41:20: <info>  New job from eth-eu1.nanopool.org:9433
2021-02-15 15:41:20: [Statistics] Ethereum - Total speed: 52.519 MH/s, Total shares: 0 Rejected: 0, Time: 00:17
2021-02-15 15:41:20: [Statistics] Ethereum last 10 min - Total: 52.656 MH/s.
2021-02-15 15:41:22: <info>  New job from eth-eu1.nanopool.org:9433
2021-02-15 15:41:22: [Statistics] Ethereum - Total speed: 52.017 MH/s, Total shares: 0 Rejected: 0, Time: 00:19
2021-02-15 15:41:23: <info>  New job from eth-eu1.nanopool.org:9433
2021-02-15 15:41:23: [Statistics] Ethereum - Total speed: 51.627 MH/s, Total shares: 0 Rejected: 0, Time: 00:19
2021-02-15 15:41:23: <info>  New job from eth-eu1.nanopool.org:9433
2021-02-15 15:41:23: [Statistics] Ethereum - Total speed: 51.627 MH/s, Total shares: 0 Rejected: 0, Time: 00:19
2021-02-15 15:41:27: <info>  New job from eth-eu1.nanopool.org:9433
2021-02-15 15:41:27: [Statistics] Ethereum - Total speed: 50.769 MH/s, Total shares: 0 Rejected: 0, Time: 00:23
2021-02-15 15:41:27: [Statistics] Ethereum last 10 min - Total: 51.601 MH/s.
2021-02-15 15:41:29: <info>  New job from eth-eu1.nanopool.org:9433
2021-02-15 15:41:29: [Statistics] Ethereum - Total speed: 50.483 MH/s, Total shares: 0 Rejected: 0, Time: 00:25
2021-02-15 15:41:32: <info>  New job from eth-eu1.nanopool.org:9433
2021-02-15 15:41:32: [Statistics] Ethereum - Total speed: 50.078 MH/s, Total shares: 0 Rejected: 0, Time: 00:29
2021-02-15 15:41:35: <info>  New job from eth-eu1.nanopool.org:9433
2021-02-15 15:41:35: [Statistics] Ethereum - Total speed: 49.834 MH/s, Total shares: 0 Rejected: 0, Time: 00:31
2021-02-15 15:41:38: <info>  New job from eth-eu1.nanopool.org:9433
2021-02-15 15:41:38: [Statistics] Ethereum - Total speed: 49.505 MH/s, Total shares: 0 Rejected: 0, Time: 00:34
2021-02-15 15:41:38: [Statistics] Ethereum last 10 min - Total: 50.658 MH/s.
2021-02-15 15:41:41: <info>  New job from eth-eu1.nanopool.org:9433
2021-02-15 15:41:41: [Statistics] Ethereum - Total speed: 49.237 MH/s, Total shares: 0 Rejected: 0, Time: 00:37
2021-02-15 15:41:44: <info>  New job from eth-eu1.nanopool.org:9433
2021-02-15 15:41:44: [Statistics] Ethereum - Total speed: 49.028 MH/s, Total shares: 0 Rejected: 0, Time: 00:41
2021-02-15 15:41:47: <info>  New job from eth-eu1.nanopool.org:9433
2021-02-15 15:41:47: [Statistics] Ethereum - Total speed: 48.759 MH/s, Total shares: 0 Rejected: 0, Time: 00:43
2021-02-15 15:41:50: <info>  New job from eth-eu1.nanopool.org:9433
2021-02-15 15:41:50: [Statistics] Ethereum - Total speed: 48.607 MH/s, Total shares: 0 Rejected: 0, Time: 00:46
2021-02-15 15:41:50: [Statistics] Ethereum last 10 min - Total: 50.001 MH/s.
2021-02-15 15:41:53: <info>  New job from eth-eu1.nanopool.org:9433
2021-02-15 15:41:53: [Statistics] Ethereum - Total speed: 48.320 MH/s, Total shares: 0 Rejected: 0, Time: 00:49
2021-02-15 15:41:56: <info>  New job from eth-eu1.nanopool.org:9433
2021-02-15 15:41:56: [Statistics] Ethereum - Total speed: 48.087 MH/s, Total shares: 0 Rejected: 0, Time: 00:52
2021-02-15 15:41:59: <info>  New job from eth-eu1.nanopool.org:9433
2021-02-15 15:41:59: [Statistics] Ethereum - Total speed: 47.954 MH/s, Total shares: 0 Rejected: 0, Time: 00:55
2021-02-15 15:42:00: <info>  New job from eth-eu1.nanopool.org:9433
2021-02-15 15:42:00: [Statistics] Ethereum - Total speed: 47.738 MH/s, Total shares: 0 Rejected: 0, Time: 00:56
2021-02-15 15:42:00: [Statistics] Ethereum last 10 min - Total: 49.561 MH/s.
2021-02-15 15:42:00: <info>  New job from eth-eu1.nanopool.org:9433
2021-02-15 15:42:00: [Statistics] Ethereum - Total speed: 47.705 MH/s, Total shares: 0 Rejected: 0, Time: 00:56
2021-02-15 15:42:03: <info>  New job from eth-eu1.nanopool.org:9433
2021-02-15 15:42:03: [Statistics] Ethereum - Total speed: 47.466 MH/s, Total shares: 0 Rejected: 0, Time: 01:00
2021-02-15 15:42:06: <info>  New job from eth-eu1.nanopool.org:9433
2021-02-15 15:42:06: [Statistics] Ethereum - Total speed: 47.304 MH/s, Total shares: 0 Rejected: 0, Time: 01:03
2021-02-15 15:42:09: <info>  New job from eth-eu1.nanopool.org:9433
2021-02-15 15:42:09: [Statistics] Ethereum - Total speed: 47.168 MH/s, Total shares: 0 Rejected: 0, Time: 01:05
2021-02-15 15:42:09: [Statistics] Ethereum last 10 min - Total: 49.159 MH/s.
2021-02-15 15:42:11: <info>  New job from eth-eu1.nanopool.org:9433
2021-02-15 15:42:11: [Statistics] Ethereum - Total speed: 46.946 MH/s, Total shares: 0 Rejected: 0, Time: 01:08
2021-02-15 15:42:11: <info>  New job from eth-eu1.nanopool.org:9433
2021-02-15 15:42:11: [Statistics] Ethereum - Total speed: 46.848 MH/s, Total shares: 0 Rejected: 0, Time: 01:08
2021-02-15 15:42:14: <info>  New job from eth-eu1.nanopool.org:9433
2021-02-15 15:42:14: [Statistics] Ethereum - Total speed: 46.925 MH/s, Total shares: 0 Rejected: 0, Time: 01:11
2021-02-15 15:42:16: <info>  New job from eth-eu1.nanopool.org:9433
2021-02-15 15:42:16: [Statistics] Ethereum - Total speed: 46.727 MH/s, Total shares: 0 Rejected: 0, Time: 01:12
2021-02-15 15:42:16: [Statistics] Ethereum last 10 min - Total: 48.883 MH/s.
2021-02-15 15:42:16: <info>  New job from eth-eu1.nanopool.org:9433
2021-02-15 15:42:16: [Statistics] Ethereum - Total speed: 46.616 MH/s, Total shares: 0 Rejected: 0, Time: 01:12
2021-02-15 15:42:19: <info>  New job from eth-eu1.nanopool.org:9433
2021-02-15 15:42:19: [Statistics] Ethereum - Total speed: 46.229 MH/s, Total shares: 0 Rejected: 0, Time: 01:15
2021-02-15 15:42:19: <info>  New job from eth-eu1.nanopool.org:9433
2021-02-15 15:42:19: [Statistics] Ethereum - Total speed: 46.124 MH/s, Total shares: 0 Rejected: 0, Time: 01:16
2021-02-15 15:42:19: <info>  New job from eth-eu1.nanopool.org:9433
2021-02-15 15:42:19: [Statistics] Ethereum - Total speed: 46.308 MH/s, Total shares: 0 Rejected: 0, Time: 01:16
2021-02-15 15:42:19: [Statistics] Ethereum last 10 min - Total: 48.720 MH/s.
2021-02-15 15:42:23: <info>  New job from eth-eu1.nanopool.org:9433
2021-02-15 15:42:23: [Statistics] Ethereum - Total speed: 46.191 MH/s, Total shares: 0 Rejected: 0, Time: 01:19
2021-02-15 15:42:24: <info>  New job from eth-eu1.nanopool.org:9433
2021-02-15 15:42:24: [Statistics] Ethereum - Total speed: 46.062 MH/s, Total shares: 0 Rejected: 0, Time: 01:20
2021-02-15 15:42:24: <info>  Terminating, please wait ...
2021-02-15 15:42:24: <info>  New job from eth-eu1.nanopool.org:9433
2021-02-15 15:42:24: [Statistics] Ethereum - Total speed: 45.957 MH/s, Total shares: 0 Rejected: 0, Time: 01:21
