2021-02-26 02:32:20: <info>                                    _                 
2021-02-26 02:32:20: <info>                                    _                 
2021-02-26 02:32:20: <info>  _ __   __ _ _ __   ___  _ __ ___ (_)_ __   ___ _ __ 
2021-02-26 02:32:20: <info>  _ __   __ _ _ __   ___  _ __ ___ (_)_ __   ___ _ __ 
2021-02-26 02:32:20: <info> | '_ \ / _` | '_ \ / _ \| '_ ` _ \| | '_ \ / _ \ '__|
2021-02-26 02:32:20: <info> | '_ \ / _` | '_ \ / _ \| '_ ` _ \| | '_ \ / _ \ '__|
2021-02-26 02:32:20: <info> | | | | (_| | | | | (_) | | | | | | | | | |  __/ |   
2021-02-26 02:32:20: <info> | | | | (_| | | | | (_) | | | | | | | | | |  __/ |   
2021-02-26 02:32:20: <info> |_| |_|\__,_|_| |_|\___/|_| |_| |_|_|_| |_|\___|_|   
2021-02-26 02:32:20: <info> |_| |_|\__,_|_| |_|\___/|_| |_| |_|_|_| |_|\___|_|   
2021-02-26 02:32:20: <info> 
2021-02-26 02:32:20: <info> 
2021-02-26 02:32:20: <info> Version 3.2.2-cuda11
2021-02-26 02:32:20: <info>  Started EthMan server on port 3333 without a password (read-only mode).
2021-02-26 02:32:20: <info>  Started web interface on port 9090 without a password.
2021-02-26 02:32:20: <info>  CUDA driver version is 11.2, runtime version is 11.1
2021-02-26 02:32:20: <info>  Web interface was not started.
2021-02-26 02:32:20: <info>  CUDA driver version is 11.2, runtime version is 11.1
2021-02-26 02:32:20: <info> Single device detected
2021-02-26 02:32:20: <info> Single device detected
2021-02-26 02:32:20: <info> GPU 0 PCI 0a:00.0, Platform: CUDA, Name: GeForce RTX 3060 Ti, 8192 MB available
2021-02-26 02:32:20: <info> GPU 0 PCI 0a:00.0, Platform: CUDA, Name: GeForce RTX 3060 Ti, 8192 MB available
2021-02-26 02:32:20: <info> -------------------Ethash:------------------
2021-02-26 02:32:20: <info> -------------------Ethash:------------------
2021-02-26 02:32:20: <info> Currency: Ethereum
2021-02-26 02:32:20: <info> Currency: Ethereum
2021-02-26 02:32:20: <info> Wallet: wallet
2021-02-26 02:32:20: <info> Wallet: wallet
2021-02-26 02:32:20: <info> Rig name: levin
2021-02-26 02:32:20: <info> Rig name: levin
2021-02-26 02:32:20: <info> Email: levinkueck08@gmail.com
2021-02-26 02:32:20: <info> Email: levinkueck08@gmail.com
2021-02-26 02:32:20: <info> Hashrate threshold to restart miner is not set
2021-02-26 02:32:20: <info> Hashrate threshold to restart miner is not set
2021-02-26 02:32:20: <info> Added pool: eth-eu2.nanopool.org:9433
2021-02-26 02:32:20: <info> Added pool: eth-eu2.nanopool.org:9433
2021-02-26 02:32:20: <info> Added pool: eth-eu1.nanopool.org:9433
2021-02-26 02:32:20: <info> Added pool: eth-eu1.nanopool.org:9433
2021-02-26 02:32:20: <info> Added pool: eth-us-east1.nanopool.org:9433
2021-02-26 02:32:20: <info> Added pool: eth-us-east1.nanopool.org:9433
2021-02-26 02:32:20: <info> Added pool: eth-us-west1.nanopool.org:9433
2021-02-26 02:32:20: <info> Added pool: eth-us-west1.nanopool.org:9433
2021-02-26 02:32:20: <info> Added pool: eth-asia1.nanopool.org:9433
2021-02-26 02:32:20: <info> Added pool: eth-asia1.nanopool.org:9433
2021-02-26 02:32:20: <info> Added pool: eth-jp1.nanopool.org:9433
2021-02-26 02:32:20: <info> Added pool: eth-jp1.nanopool.org:9433
2021-02-26 02:32:20: <info> Added pool: eth-au1.nanopool.org:9433
2021-02-26 02:32:20: <info> Auto pool sorting is enabled
2021-02-26 02:32:20: <info> Auto pool sorting is enabled
2021-02-26 02:32:20: <info> Using all GPU devices
2021-02-26 02:32:20: <info> Using all GPU devices
2021-02-26 02:32:20: <info> Memory tweak: 1
2021-02-26 02:32:20: <info> Memory tweak: 1
2021-02-26 02:32:20: <info> -------------Common parameters:-------------
2021-02-26 02:32:20: <info> -------------Common parameters:-------------
2021-02-26 02:32:20: <info> Log path: ./logs/
2021-02-26 02:32:20: <info> Log path: ./logs/
2021-02-26 02:32:20: <info> Log is written to file
2021-02-26 02:32:20: <info> Log is written to file
2021-02-26 02:32:20: <info> GPU watchdog is enabled
2021-02-26 02:32:20: <info> GPU watchdog is enabled
2021-02-26 02:32:20: <info> Never calling reboot.bat (always restarting the miner in case of errors). 
2021-02-26 02:32:20: <info> Never calling reboot.bat (always restarting the miner in case of errors). 
2021-02-26 02:32:20: <info>  Setting up algorithm: Ethash
2021-02-26 02:32:20: <info>  Setting up algorithm: Ethash
2021-02-26 02:32:20: <info>  Connecting to pools...
2021-02-26 02:32:20: <info>  Connected to pool: eth-eu2.nanopool.org:9433 | IP: 149.202.42.174 | ping: 96 ms.
2021-02-26 02:32:20: <info>  New job from eth-eu2.nanopool.org:9433 | share difficulty = 10000 MH, epoch 397 (4199 MB)
2021-02-26 02:32:20: [Statistics] Ethereum - Total speed: 0.000 H/s, Total shares: 0 Rejected: 0, Time: 00:00
2021-02-26 02:32:20: [Statistics] GPU0 t=48°C fan 0% power 40.57W. Total power: 40.57W
2021-02-26 02:32:20: <info>  New job from eth-eu2.nanopool.org:9433
2021-02-26 02:32:20: [Statistics] Ethereum - Total speed: 0.000 H/s, Total shares: 0 Rejected: 0, Time: 00:00
2021-02-26 02:32:20: [Statistics] Ethereum last 10 min - Total: 0.000 H/s.
2021-02-26 02:32:21: <info>  Connecting to pools...
2021-02-26 02:32:21: <info>  Connected to pool: eth-eu2.nanopool.org:9433 | IP: 149.202.42.174 | ping: 99 ms.
2021-02-26 02:32:21: <info>  New job from eth-eu2.nanopool.org:9433 | share difficulty = 10000 MH, epoch 397 (4199 MB)
2021-02-26 02:32:21: [Statistics] Ethereum - Total speed: 0.000 H/s, Total shares: 0 Rejected: 0, Time: 00:01
2021-02-26 02:32:21: [Statistics] GPU0 t=49°C fan 0% power 40.18W. Total power: 40.18W
2021-02-26 02:32:21: <info>  New job from eth-eu2.nanopool.org:9433
2021-02-26 02:32:21: [Statistics] Ethereum - Total speed: 0.000 H/s, Total shares: 0 Rejected: 0, Time: 00:01
2021-02-26 02:32:21: [Statistics] Ethereum last 10 min - Total: 0.000 H/s.
2021-02-26 02:32:22: <info>  New job from eth-eu2.nanopool.org:9433
2021-02-26 02:32:22: [Statistics] Ethereum - Total speed: 0.000 H/s, Total shares: 0 Rejected: 0, Time: 00:02
2021-02-26 02:32:22: [Statistics] GPU0 t=49°C fan 0% power 40.24W. Total power: 40.24W
2021-02-26 02:32:22: <info>  New job from eth-eu2.nanopool.org:9433
2021-02-26 02:32:22: [Statistics] Ethereum - Total speed: 0.000 H/s, Total shares: 0 Rejected: 0, Time: 00:02
2021-02-26 02:32:22: [Statistics] GPU0 t=49°C fan 0% power 40.24W. Total power: 40.24W
2021-02-26 02:32:25: <info>  New job from eth-eu2.nanopool.org:9433
2021-02-26 02:32:25: [Statistics] Ethereum - Total speed: 0.000 H/s, Total shares: 0 Rejected: 0, Time: 00:05
2021-02-26 02:32:25: <info>  New job from eth-eu2.nanopool.org:9433
2021-02-26 02:32:25: [Statistics] Ethereum - Total speed: 0.000 H/s, Total shares: 0 Rejected: 0, Time: 00:05
2021-02-26 02:32:28: <info>  New job from eth-eu2.nanopool.org:9433
2021-02-26 02:32:28: [Statistics] Ethereum - Total speed: 0.000 H/s, Total shares: 0 Rejected: 0, Time: 00:08
2021-02-26 02:32:28: [Statistics] GPU0 t=54°C fan 0% power 100.66W. Total power: 100.66W
2021-02-26 02:32:28: <info>  New job from eth-eu2.nanopool.org:9433
2021-02-26 02:32:28: [Statistics] Ethereum - Total speed: 0.000 H/s, Total shares: 0 Rejected: 0, Time: 00:08
2021-02-26 02:32:28: [Statistics] GPU0 t=54°C fan 0% power 100.66W. Total power: 100.66W
2021-02-26 02:32:29: <info>  New job from eth-eu2.nanopool.org:9433
2021-02-26 02:32:29: [Statistics] Ethereum - Total speed: 0.000 H/s, Total shares: 0 Rejected: 0, Time: 00:08
2021-02-26 02:32:29: [Statistics] Ethereum last 10 min - Total: 0.000 H/s.
2021-02-26 02:32:29: <info>  New job from eth-eu2.nanopool.org:9433
2021-02-26 02:32:29: [Statistics] Ethereum - Total speed: 0.000 H/s, Total shares: 0 Rejected: 0, Time: 00:08
2021-02-26 02:32:29: [Statistics] Ethereum last 10 min - Total: 0.000 H/s.
2021-02-26 02:32:29: <info>  New job from eth-eu2.nanopool.org:9433
2021-02-26 02:32:29: [Statistics] Ethereum - Total speed: 0.000 H/s, Total shares: 0 Rejected: 0, Time: 00:08
2021-02-26 02:32:29: [Statistics] GPU0 t=55°C fan 0% power 113.72W. Total power: 113.72W
2021-02-26 02:32:29: <info>  New job from eth-eu2.nanopool.org:9433
2021-02-26 02:32:29: [Statistics] Ethereum - Total speed: 0.000 H/s, Total shares: 0 Rejected: 0, Time: 00:09
2021-02-26 02:32:29: [Statistics] GPU0 t=55°C fan 0% power 112.83W. Total power: 112.83W
2021-02-26 02:32:32: <info>  New job from eth-eu2.nanopool.org:9433
2021-02-26 02:32:32: [Statistics] Ethereum - Total speed: 0.000 H/s, Total shares: 0 Rejected: 0, Time: 00:11
2021-02-26 02:32:32: <info>  New job from eth-eu2.nanopool.org:9433
2021-02-26 02:32:32: [Statistics] Ethereum - Total speed: 0.000 H/s, Total shares: 0 Rejected: 0, Time: 00:12
2021-02-26 02:32:32: [Statistics] GPU0 t=55°C fan 0% power 112.92W. Total power: 112.92W
2021-02-26 02:32:32: <info>  New job from eth-eu2.nanopool.org:9433
2021-02-26 02:32:32: [Statistics] Ethereum - Total speed: 0.000 H/s, Total shares: 0 Rejected: 0, Time: 00:12
2021-02-26 02:32:32: [Statistics] Ethereum last 10 min - Total: 0.000 H/s.
2021-02-26 02:32:33: <info>  New job from eth-eu2.nanopool.org:9433
2021-02-26 02:32:33: [Statistics] Ethereum - Total speed: 0.000 H/s, Total shares: 0 Rejected: 0, Time: 00:12
2021-02-26 02:32:33: <info>  New job from eth-eu2.nanopool.org:9433
2021-02-26 02:32:33: [Statistics] Ethereum - Total speed: 0.000 H/s, Total shares: 0 Rejected: 0, Time: 00:13
2021-02-26 02:32:33: [Statistics] GPU0 t=55°C fan 0% power 111.80W. Total power: 111.80W
2021-02-26 02:32:33: <info>  New job from eth-eu2.nanopool.org:9433
2021-02-26 02:32:33: [Statistics] Ethereum - Total speed: 0.000 H/s, Total shares: 0 Rejected: 0, Time: 00:13
2021-02-26 02:32:33: [Statistics] Ethereum last 10 min - Total: 0.000 H/s.
2021-02-26 02:32:36: <info>  New job from eth-eu2.nanopool.org:9433
2021-02-26 02:32:36: [Statistics] Ethereum - Total speed: 0.000 H/s, Total shares: 0 Rejected: 0, Time: 00:15
2021-02-26 02:32:36: [Statistics] GPU0 t=55°C fan 0% power 100.38W. Total power: 100.38W
2021-02-26 02:32:36: <info>  New job from eth-eu2.nanopool.org:9433
2021-02-26 02:32:36: [Statistics] Ethereum - Total speed: 0.000 H/s, Total shares: 0 Rejected: 0, Time: 00:16
2021-02-26 02:32:36: [Statistics] GPU0 t=55°C fan 0% power 90.23W. Total power: 90.23W
2021-02-26 02:32:36: <info>  GPU0: 4199 MB DAG generated in 10.82 seconds
2021-02-26 02:32:38: <info>  New job from eth-eu2.nanopool.org:9433
2021-02-26 02:32:38: [Statistics] Ethereum - Total speed: 0.000 H/s, Total shares: 0 Rejected: 0, Time: 00:18
2021-02-26 02:32:39: <info>  New job from eth-eu2.nanopool.org:9433
2021-02-26 02:32:39: [Statistics] Ethereum - Total speed: 0.000 H/s, Total shares: 0 Rejected: 0, Time: 00:19
2021-02-26 02:32:41: <info>  New job from eth-eu2.nanopool.org:9433
2021-02-26 02:32:41: [Statistics] Ethereum - Total speed: 0.000 H/s, Total shares: 0 Rejected: 0, Time: 00:21
2021-02-26 02:32:41: [Statistics] GPU0 t=55°C fan 0% power 73.53W. Total power: 73.53W
2021-02-26 02:32:42: <info>  New job from eth-eu2.nanopool.org:9433
2021-02-26 02:32:42: [Statistics] Ethereum - Total speed: 1.216 MH/s, Total shares: 0 Rejected: 0, Time: 00:22
2021-02-26 02:32:42: [Statistics] GPU0 t=55°C fan 0% power 73.63W. Total power: 73.63W
2021-02-26 02:32:44: <info>  New job from eth-eu2.nanopool.org:9433
2021-02-26 02:32:44: [Statistics] Ethereum - Total speed: 0.000 H/s, Total shares: 0 Rejected: 0, Time: 00:24
2021-02-26 02:32:44: [Statistics] Ethereum last 10 min - Total: 0.000 H/s.
2021-02-26 02:32:45: <info>  New job from eth-eu2.nanopool.org:9433
2021-02-26 02:32:45: [Statistics] Ethereum - Total speed: 1.216 MH/s, Total shares: 0 Rejected: 0, Time: 00:25
2021-02-26 02:32:45: [Statistics] Ethereum last 10 min - Total: 1.216 MH/s.
2021-02-26 02:32:47: <info>  New job from eth-eu2.nanopool.org:9433
2021-02-26 02:32:47: [Statistics] Ethereum - Total speed: 0.000 H/s, Total shares: 0 Rejected: 0, Time: 00:27
2021-02-26 02:32:47: [Statistics] GPU0 t=56°C fan 0% power 74.04W. Total power: 74.04W
2021-02-26 02:32:48: <info>  New job from eth-eu2.nanopool.org:9433
2021-02-26 02:32:48: [Statistics] Ethereum - Total speed: 1.215 MH/s, Total shares: 0 Rejected: 0, Time: 00:27
2021-02-26 02:32:48: [Statistics] GPU0 t=56°C fan 0% power 74.11W. Total power: 74.11W
2021-02-26 02:32:48: <info>  New job from eth-eu2.nanopool.org:9433
2021-02-26 02:32:48: [Statistics] Ethereum - Total speed: 0.000 H/s, Total shares: 0 Rejected: 0, Time: 00:27
2021-02-26 02:32:48: <info>  New job from eth-eu2.nanopool.org:9433
2021-02-26 02:32:48: [Statistics] Ethereum - Total speed: 1.215 MH/s, Total shares: 0 Rejected: 0, Time: 00:27
2021-02-26 02:32:48: <info>  New job from eth-eu2.nanopool.org:9433
2021-02-26 02:32:48: [Statistics] Ethereum - Total speed: 0.000 H/s, Total shares: 0 Rejected: 0, Time: 00:27
2021-02-26 02:32:48: [Statistics] GPU0 t=56°C fan 0% power 74.08W. Total power: 74.08W
2021-02-26 02:32:50: <info>  New job from eth-eu2.nanopool.org:9433
2021-02-26 02:32:50: [Statistics] Ethereum - Total speed: 1.216 MH/s, Total shares: 0 Rejected: 0, Time: 00:29
2021-02-26 02:32:50: [Statistics] GPU0 t=56°C fan 0% power 74.06W. Total power: 74.06W
2021-02-26 02:32:50: <info>  New job from eth-eu2.nanopool.org:9433
2021-02-26 02:32:50: [Statistics] Ethereum - Total speed: 1.216 MH/s, Total shares: 0 Rejected: 0, Time: 00:30
2021-02-26 02:32:50: [Statistics] Ethereum last 10 min - Total: 1.216 MH/s.
2021-02-26 02:32:51: <info>  New job from eth-eu2.nanopool.org:9433
2021-02-26 02:32:51: [Statistics] Ethereum - Total speed: 0.000 H/s, Total shares: 0 Rejected: 0, Time: 00:30
2021-02-26 02:32:51: [Statistics] Ethereum last 10 min - Total: 0.000 H/s.
2021-02-26 02:32:51: <info>  New job from eth-eu2.nanopool.org:9433
2021-02-26 02:32:51: [Statistics] Ethereum - Total speed: 0.000 H/s, Total shares: 0 Rejected: 0, Time: 00:31
2021-02-26 02:32:51: [Statistics] GPU0 t=56°C fan 0% power 73.94W. Total power: 73.94W
2021-02-26 02:32:53: <info>  New job from eth-eu2.nanopool.org:9433
2021-02-26 02:32:53: [Statistics] Ethereum - Total speed: 1.212 MH/s, Total shares: 0 Rejected: 0, Time: 00:33
2021-02-26 02:32:53: [Statistics] GPU0 t=57°C fan 0% power 74.06W. Total power: 74.06W
2021-02-26 02:32:54: <info>  New job from eth-eu2.nanopool.org:9433
2021-02-26 02:32:54: [Statistics] Ethereum - Total speed: 0.000 H/s, Total shares: 0 Rejected: 0, Time: 00:34
2021-02-26 02:32:56: <info>  New job from eth-eu2.nanopool.org:9433
2021-02-26 02:32:56: [Statistics] Ethereum - Total speed: 1.211 MH/s, Total shares: 0 Rejected: 0, Time: 00:36
2021-02-26 02:32:57: <info>  New job from eth-eu2.nanopool.org:9433
2021-02-26 02:32:57: [Statistics] Ethereum - Total speed: 0.000 H/s, Total shares: 0 Rejected: 0, Time: 00:37
2021-02-26 02:32:57: [Statistics] GPU0 t=57°C fan 0% power 74.30W. Total power: 74.30W
2021-02-26 02:32:59: <info>  New job from eth-eu2.nanopool.org:9433
2021-02-26 02:32:59: [Statistics] Ethereum - Total speed: 1.212 MH/s, Total shares: 0 Rejected: 0, Time: 00:39
2021-02-26 02:32:59: [Statistics] GPU0 t=58°C fan 0% power 74.36W. Total power: 74.36W
2021-02-26 02:33:00: <info>  New job from eth-eu2.nanopool.org:9433
2021-02-26 02:33:00: [Statistics] Ethereum - Total speed: 0.000 H/s, Total shares: 0 Rejected: 0, Time: 00:40
2021-02-26 02:33:00: [Statistics] Ethereum last 10 min - Total: 0.000 H/s.
2021-02-26 02:33:02: <info>  New job from eth-eu2.nanopool.org:9433
2021-02-26 02:33:02: [Statistics] Ethereum - Total speed: 1.211 MH/s, Total shares: 0 Rejected: 0, Time: 00:42
2021-02-26 02:33:02: [Statistics] Ethereum last 10 min - Total: 1.214 MH/s.
2021-02-26 02:33:03: <info>  New job from eth-eu2.nanopool.org:9433
2021-02-26 02:33:03: [Statistics] Ethereum - Total speed: 0.000 H/s, Total shares: 0 Rejected: 0, Time: 00:43
2021-02-26 02:33:03: [Statistics] GPU0 t=58°C fan 0% power 74.83W. Total power: 74.83W
2021-02-26 02:33:05: <info>  New job from eth-eu2.nanopool.org:9433
2021-02-26 02:33:05: [Statistics] Ethereum - Total speed: 1.209 MH/s, Total shares: 0 Rejected: 0, Time: 00:45
2021-02-26 02:33:05: [Statistics] GPU0 t=58°C fan 0% power 74.87W. Total power: 74.87W
2021-02-26 02:33:06: <info>  New job from eth-eu2.nanopool.org:9433
2021-02-26 02:33:06: [Statistics] Ethereum - Total speed: 0.000 H/s, Total shares: 0 Rejected: 0, Time: 00:46
2021-02-26 02:33:08: <info>  New job from eth-eu2.nanopool.org:9433
2021-02-26 02:33:08: [Statistics] Ethereum - Total speed: 1.208 MH/s, Total shares: 0 Rejected: 0, Time: 00:48
2021-02-26 02:33:09: <info>  New job from eth-eu2.nanopool.org:9433
2021-02-26 02:33:09: [Statistics] Ethereum - Total speed: 0.000 H/s, Total shares: 0 Rejected: 0, Time: 00:49
2021-02-26 02:33:09: [Statistics] GPU0 t=59°C fan 0% power 75.20W. Total power: 75.20W
2021-02-26 02:33:11: <info>  New job from eth-eu2.nanopool.org:9433
2021-02-26 02:33:11: [Statistics] Ethereum - Total speed: 1.210 MH/s, Total shares: 0 Rejected: 0, Time: 00:51
2021-02-26 02:33:11: [Statistics] GPU0 t=59°C fan 0% power 75.53W. Total power: 75.53W
2021-02-26 02:33:12: <info>  New job from eth-eu2.nanopool.org:9433
2021-02-26 02:33:12: [Statistics] Ethereum - Total speed: 0.000 H/s, Total shares: 0 Rejected: 0, Time: 00:52
2021-02-26 02:33:12: [Statistics] Ethereum last 10 min - Total: 0.000 H/s.
2021-02-26 02:33:14: <info>  New job from eth-eu2.nanopool.org:9433
2021-02-26 02:33:14: [Statistics] Ethereum - Total speed: 1.210 MH/s, Total shares: 0 Rejected: 0, Time: 00:54
2021-02-26 02:33:14: [Statistics] Ethereum last 10 min - Total: 1.212 MH/s.
2021-02-26 02:33:15: <info>  New job from eth-eu2.nanopool.org:9433
2021-02-26 02:33:15: [Statistics] Ethereum - Total speed: 0.000 H/s, Total shares: 0 Rejected: 0, Time: 00:55
2021-02-26 02:33:15: [Statistics] GPU0 t=60°C fan 0% power 75.53W. Total power: 75.53W
2021-02-26 02:33:17: <info>  New job from eth-eu2.nanopool.org:9433
2021-02-26 02:33:17: [Statistics] Ethereum - Total speed: 1.211 MH/s, Total shares: 0 Rejected: 0, Time: 00:57
2021-02-26 02:33:17: [Statistics] GPU0 t=60°C fan 0% power 75.66W. Total power: 75.66W
2021-02-26 02:33:18: <info>  New job from eth-eu2.nanopool.org:9433
2021-02-26 02:33:18: [Statistics] Ethereum - Total speed: 0.000 H/s, Total shares: 0 Rejected: 0, Time: 00:58
2021-02-26 02:33:20: <info>  New job from eth-eu2.nanopool.org:9433
2021-02-26 02:33:20: [Statistics] Ethereum - Total speed: 1.210 MH/s, Total shares: 0 Rejected: 0, Time: 01:00
2021-02-26 02:33:21: <info>  New job from eth-eu2.nanopool.org:9433
2021-02-26 02:33:21: [Statistics] Ethereum - Total speed: 0.000 H/s, Total shares: 0 Rejected: 0, Time: 01:01
2021-02-26 02:33:21: [Statistics] GPU0 t=60°C fan 0% power 75.58W. Total power: 75.58W
2021-02-26 02:33:23: <info>  New job from eth-eu2.nanopool.org:9433
2021-02-26 02:33:23: [Statistics] Ethereum - Total speed: 1.209 MH/s, Total shares: 0 Rejected: 0, Time: 01:03
2021-02-26 02:33:23: [Statistics] GPU0 t=61°C fan 0% power 75.75W. Total power: 75.75W
2021-02-26 02:33:24: <info>  New job from eth-eu2.nanopool.org:9433
2021-02-26 02:33:24: [Statistics] Ethereum - Total speed: 1.208 MH/s, Total shares: 0 Rejected: 0, Time: 01:04
2021-02-26 02:33:24: [Statistics] Ethereum last 10 min - Total: 1.211 MH/s.
2021-02-26 02:33:24: <info>  New job from eth-eu2.nanopool.org:9433
2021-02-26 02:33:24: [Statistics] Ethereum - Total speed: 0.000 H/s, Total shares: 0 Rejected: 0, Time: 01:04
2021-02-26 02:33:24: [Statistics] Ethereum last 10 min - Total: 0.000 H/s.
2021-02-26 02:33:24: <info>  New job from eth-eu2.nanopool.org:9433
2021-02-26 02:33:24: [Statistics] Ethereum - Total speed: 1.208 MH/s, Total shares: 0 Rejected: 0, Time: 01:04
2021-02-26 02:33:24: [Statistics] GPU0 t=61°C fan 0% power 75.73W. Total power: 75.73W
2021-02-26 02:33:24: <info>  New job from eth-eu2.nanopool.org:9433
2021-02-26 02:33:24: [Statistics] Ethereum - Total speed: 0.000 H/s, Total shares: 0 Rejected: 0, Time: 01:04
2021-02-26 02:33:24: [Statistics] GPU0 t=61°C fan 0% power 75.50W. Total power: 75.50W
2021-02-26 02:33:25: <info>  New job from eth-eu2.nanopool.org:9433
2021-02-26 02:33:25: [Statistics] Ethereum - Total speed: 0.000 H/s, Total shares: 0 Rejected: 0, Time: 01:04
2021-02-26 02:33:27: <info>  New job from eth-eu2.nanopool.org:9433
2021-02-26 02:33:27: [Statistics] Ethereum - Total speed: 1.205 MH/s, Total shares: 0 Rejected: 0, Time: 01:07
2021-02-26 02:33:28: <info>  New job from eth-eu2.nanopool.org:9433
2021-02-26 02:33:28: [Statistics] Ethereum - Total speed: 0.000 H/s, Total shares: 0 Rejected: 0, Time: 01:08
2021-02-26 02:33:28: [Statistics] GPU0 t=61°C fan 0% power 75.83W. Total power: 75.83W
2021-02-26 02:33:30: <info>  New job from eth-eu2.nanopool.org:9433
2021-02-26 02:33:30: [Statistics] Ethereum - Total speed: 1.206 MH/s, Total shares: 0 Rejected: 0, Time: 01:10
2021-02-26 02:33:30: [Statistics] GPU0 t=62°C fan 0% power 76.19W. Total power: 76.19W
2021-02-26 02:33:30: <info>  New job from eth-eu2.nanopool.org:9433
2021-02-26 02:33:30: [Statistics] Ethereum - Total speed: 0.000 H/s, Total shares: 0 Rejected: 0, Time: 01:10
2021-02-26 02:33:30: [Statistics] Ethereum last 10 min - Total: 0.000 H/s.
2021-02-26 02:33:33: <info>  New job from eth-eu2.nanopool.org:9433
2021-02-26 02:33:33: [Statistics] Ethereum - Total speed: 1.203 MH/s, Total shares: 0 Rejected: 0, Time: 01:13
2021-02-26 02:33:33: [Statistics] Ethereum last 10 min - Total: 1.210 MH/s.
2021-02-26 02:33:33: <info>  New job from eth-eu2.nanopool.org:9433
2021-02-26 02:33:33: [Statistics] Ethereum - Total speed: 0.000 H/s, Total shares: 0 Rejected: 0, Time: 01:13
2021-02-26 02:33:33: [Statistics] GPU0 t=62°C fan 0% power 76.53W. Total power: 76.53W
2021-02-26 02:33:36: <info>  New job from eth-eu2.nanopool.org:9433
2021-02-26 02:33:36: [Statistics] Ethereum - Total speed: 1.203 MH/s, Total shares: 0 Rejected: 0, Time: 01:16
2021-02-26 02:33:36: [Statistics] GPU0 t=62°C fan 30% power 77.27W. Total power: 77.27W
2021-02-26 02:33:36: <info>  New job from eth-eu2.nanopool.org:9433
2021-02-26 02:33:36: [Statistics] Ethereum - Total speed: 0.000 H/s, Total shares: 0 Rejected: 0, Time: 01:16
2021-02-26 02:33:39: <info>  New job from eth-eu2.nanopool.org:9433
2021-02-26 02:33:39: [Statistics] Ethereum - Total speed: 1.204 MH/s, Total shares: 0 Rejected: 0, Time: 01:19
2021-02-26 02:33:39: <info>  New job from eth-eu2.nanopool.org:9433
2021-02-26 02:33:39: [Statistics] Ethereum - Total speed: 0.000 H/s, Total shares: 0 Rejected: 0, Time: 01:19
2021-02-26 02:33:39: [Statistics] GPU0 t=62°C fan 30% power 76.49W. Total power: 76.49W
2021-02-26 02:33:42: <info>  New job from eth-eu2.nanopool.org:9433
2021-02-26 02:33:42: [Statistics] Ethereum - Total speed: 1.203 MH/s, Total shares: 0 Rejected: 0, Time: 01:22
2021-02-26 02:33:42: [Statistics] GPU0 t=62°C fan 30% power 76.48W. Total power: 76.48W
2021-02-26 02:33:42: <info>  New job from eth-eu2.nanopool.org:9433
2021-02-26 02:33:42: [Statistics] Ethereum - Total speed: 0.000 H/s, Total shares: 0 Rejected: 0, Time: 01:22
2021-02-26 02:33:42: [Statistics] Ethereum last 10 min - Total: 0.000 H/s.
2021-02-26 02:33:45: <info>  New job from eth-eu2.nanopool.org:9433
2021-02-26 02:33:45: [Statistics] Ethereum - Total speed: 1.203 MH/s, Total shares: 0 Rejected: 0, Time: 01:24
2021-02-26 02:33:45: [Statistics] Ethereum last 10 min - Total: 1.209 MH/s.
2021-02-26 02:33:45: <info>  New job from eth-eu2.nanopool.org:9433
2021-02-26 02:33:45: [Statistics] Ethereum - Total speed: 0.000 H/s, Total shares: 0 Rejected: 0, Time: 01:24
2021-02-26 02:33:45: [Statistics] GPU0 t=61°C fan 31% power 76.09W. Total power: 76.09W
2021-02-26 02:33:45: <info>  New job from eth-eu2.nanopool.org:9433
2021-02-26 02:33:45: [Statistics] Ethereum - Total speed: 1.203 MH/s, Total shares: 0 Rejected: 0, Time: 01:24
2021-02-26 02:33:45: [Statistics] GPU0 t=61°C fan 31% power 76.13W. Total power: 76.13W
2021-02-26 02:33:45: <info>  New job from eth-eu2.nanopool.org:9433
2021-02-26 02:33:45: [Statistics] Ethereum - Total speed: 0.000 H/s, Total shares: 0 Rejected: 0, Time: 01:24
2021-02-26 02:33:48: <info>  New job from eth-eu2.nanopool.org:9433
2021-02-26 02:33:48: [Statistics] Ethereum - Total speed: 1.202 MH/s, Total shares: 0 Rejected: 0, Time: 01:28
2021-02-26 02:33:48: <info>  New job from eth-eu2.nanopool.org:9433
2021-02-26 02:33:48: [Statistics] Ethereum - Total speed: 0.000 H/s, Total shares: 0 Rejected: 0, Time: 01:28
2021-02-26 02:33:48: [Statistics] GPU0 t=60°C fan 32% power 75.81W. Total power: 75.81W
2021-02-26 02:33:51: <info>  New job from eth-eu2.nanopool.org:9433
2021-02-26 02:33:51: [Statistics] Ethereum - Total speed: 1.201 MH/s, Total shares: 0 Rejected: 0, Time: 01:30
2021-02-26 02:33:51: [Statistics] GPU0 t=59°C fan 32% power 75.76W. Total power: 75.76W
2021-02-26 02:33:51: <info>  New job from eth-eu2.nanopool.org:9433
2021-02-26 02:33:51: [Statistics] Ethereum - Total speed: 0.000 H/s, Total shares: 0 Rejected: 0, Time: 01:30
2021-02-26 02:33:51: [Statistics] Ethereum last 10 min - Total: 0.000 H/s.
2021-02-26 02:33:54: <info>  New job from eth-eu2.nanopool.org:9433
2021-02-26 02:33:54: [Statistics] Ethereum - Total speed: 1.204 MH/s, Total shares: 0 Rejected: 0, Time: 01:33
2021-02-26 02:33:54: [Statistics] Ethereum last 10 min - Total: 1.208 MH/s.
2021-02-26 02:33:54: <info>  New job from eth-eu2.nanopool.org:9433
2021-02-26 02:33:54: [Statistics] Ethereum - Total speed: 0.000 H/s, Total shares: 0 Rejected: 0, Time: 01:33
2021-02-26 02:33:54: [Statistics] GPU0 t=59°C fan 32% power 75.28W. Total power: 75.28W
2021-02-26 02:33:57: <info>  New job from eth-eu2.nanopool.org:9433
2021-02-26 02:33:57: [Statistics] Ethereum - Total speed: 1.202 MH/s, Total shares: 0 Rejected: 0, Time: 01:36
2021-02-26 02:33:57: [Statistics] GPU0 t=58°C fan 32% power 74.80W. Total power: 74.80W
2021-02-26 02:33:57: <info>  New job from eth-eu2.nanopool.org:9433
2021-02-26 02:33:57: [Statistics] Ethereum - Total speed: 0.000 H/s, Total shares: 0 Rejected: 0, Time: 01:36
2021-02-26 02:33:57: <info>  New job from eth-eu2.nanopool.org:9433
2021-02-26 02:33:57: [Statistics] Ethereum - Total speed: 1.200 MH/s, Total shares: 0 Rejected: 0, Time: 01:37
2021-02-26 02:33:58: <info>  New job from eth-eu2.nanopool.org:9433
2021-02-26 02:33:58: [Statistics] Ethereum - Total speed: 0.000 H/s, Total shares: 0 Rejected: 0, Time: 01:37
2021-02-26 02:33:58: [Statistics] GPU0 t=58°C fan 32% power 74.75W. Total power: 74.75W
2021-02-26 02:33:58: <info>  New job from eth-eu2.nanopool.org:9433
2021-02-26 02:33:58: [Statistics] Ethereum - Total speed: 1.200 MH/s, Total shares: 0 Rejected: 0, Time: 01:37
2021-02-26 02:33:58: [Statistics] GPU0 t=58°C fan 32% power 74.75W. Total power: 74.75W
2021-02-26 02:33:58: <info>  New job from eth-eu2.nanopool.org:9433
2021-02-26 02:33:58: [Statistics] Ethereum - Total speed: 0.000 H/s, Total shares: 0 Rejected: 0, Time: 01:37
2021-02-26 02:33:58: [Statistics] Ethereum last 10 min - Total: 0.000 H/s.
2021-02-26 02:34:01: <info>  New job from eth-eu2.nanopool.org:9433
2021-02-26 02:34:01: [Statistics] Ethereum - Total speed: 1.187 MH/s, Total shares: 0 Rejected: 0, Time: 01:40
2021-02-26 02:34:01: [Statistics] Ethereum last 10 min - Total: 1.207 MH/s.
2021-02-26 02:34:01: <info>  New job from eth-eu2.nanopool.org:9433
2021-02-26 02:34:01: [Statistics] Ethereum - Total speed: 0.000 H/s, Total shares: 0 Rejected: 0, Time: 01:40
2021-02-26 02:34:01: [Statistics] GPU0 t=58°C fan 32% power 74.65W. Total power: 74.65W
2021-02-26 02:34:04: <info>  New job from eth-eu2.nanopool.org:9433
2021-02-26 02:34:04: [Statistics] Ethereum - Total speed: 0.000 H/s, Total shares: 0 Rejected: 0, Time: 01:43
2021-02-26 02:34:04: <info>  New job from eth-eu2.nanopool.org:9433
2021-02-26 02:34:04: [Statistics] Ethereum - Total speed: 1.189 MH/s, Total shares: 0 Rejected: 0, Time: 01:43
2021-02-26 02:34:04: [Statistics] GPU0 t=57°C fan 32% power 74.28W. Total power: 74.28W
2021-02-26 02:34:07: <info>  New job from eth-eu2.nanopool.org:9433
2021-02-26 02:34:07: [Statistics] Ethereum - Total speed: 1.190 MH/s, Total shares: 0 Rejected: 0, Time: 01:46
2021-02-26 02:34:07: <info>  New job from eth-eu2.nanopool.org:9433
2021-02-26 02:34:07: [Statistics] Ethereum - Total speed: 0.000 H/s, Total shares: 0 Rejected: 0, Time: 01:46
2021-02-26 02:34:07: [Statistics] GPU0 t=56°C fan 31% power 74.38W. Total power: 74.38W
2021-02-26 02:34:10: <info>  New job from eth-eu2.nanopool.org:9433
2021-02-26 02:34:10: [Statistics] Ethereum - Total speed: 1.189 MH/s, Total shares: 0 Rejected: 0, Time: 01:49
2021-02-26 02:34:10: [Statistics] GPU0 t=56°C fan 31% power 74.12W. Total power: 74.12W
2021-02-26 02:34:10: <info>  New job from eth-eu2.nanopool.org:9433
2021-02-26 02:34:10: [Statistics] Ethereum - Total speed: 1.189 MH/s, Total shares: 0 Rejected: 0, Time: 01:49
2021-02-26 02:34:10: [Statistics] Ethereum last 10 min - Total: 1.205 MH/s.
2021-02-26 02:34:10: <info>  New job from eth-eu2.nanopool.org:9433
2021-02-26 02:34:10: [Statistics] Ethereum - Total speed: 0.000 H/s, Total shares: 0 Rejected: 0, Time: 01:49
2021-02-26 02:34:10: [Statistics] Ethereum last 10 min - Total: 0.000 H/s.
2021-02-26 02:34:10: <info>  New job from eth-eu2.nanopool.org:9433
2021-02-26 02:34:10: [Statistics] Ethereum - Total speed: 0.000 H/s, Total shares: 0 Rejected: 0, Time: 01:49
2021-02-26 02:34:10: [Statistics] GPU0 t=56°C fan 31% power 74.12W. Total power: 74.12W
2021-02-26 02:34:10: <info>  New job from eth-eu2.nanopool.org:9433
2021-02-26 02:34:10: [Statistics] Ethereum - Total speed: 1.192 MH/s, Total shares: 0 Rejected: 0, Time: 01:49
2021-02-26 02:34:10: [Statistics] GPU0 t=56°C fan 31% power 74.15W. Total power: 74.15W
2021-02-26 02:34:10: <info>  New job from eth-eu2.nanopool.org:9433
2021-02-26 02:34:10: [Statistics] Ethereum - Total speed: 0.000 H/s, Total shares: 0 Rejected: 0, Time: 01:49
2021-02-26 02:34:13: <info>  New job from eth-eu2.nanopool.org:9433
2021-02-26 02:34:13: [Statistics] Ethereum - Total speed: 1.191 MH/s, Total shares: 0 Rejected: 0, Time: 01:52
2021-02-26 02:34:13: <info>  New job from eth-eu2.nanopool.org:9433
2021-02-26 02:34:13: [Statistics] Ethereum - Total speed: 0.000 H/s, Total shares: 0 Rejected: 0, Time: 01:52
2021-02-26 02:34:13: [Statistics] GPU0 t=56°C fan 31% power 73.69W. Total power: 73.69W
2021-02-26 02:34:16: <info>  New job from eth-eu2.nanopool.org:9433
2021-02-26 02:34:16: [Statistics] Ethereum - Total speed: 1.190 MH/s, Total shares: 0 Rejected: 0, Time: 01:55
2021-02-26 02:34:16: [Statistics] GPU0 t=55°C fan 31% power 73.41W. Total power: 73.41W
2021-02-26 02:34:16: <info>  New job from eth-eu2.nanopool.org:9433
2021-02-26 02:34:16: [Statistics] Ethereum - Total speed: 0.000 H/s, Total shares: 0 Rejected: 0, Time: 01:55
2021-02-26 02:34:16: [Statistics] Ethereum last 10 min - Total: 0.000 H/s.
2021-02-26 02:34:19: <info>  New job from eth-eu2.nanopool.org:9433
2021-02-26 02:34:19: [Statistics] Ethereum - Total speed: 0.000 H/s, Total shares: 0 Rejected: 0, Time: 01:58
2021-02-26 02:34:19: [Statistics] GPU0 t=55°C fan 31% power 73.38W. Total power: 73.38W
2021-02-26 02:34:19: <info>  New job from eth-eu2.nanopool.org:9433
2021-02-26 02:34:19: [Statistics] Ethereum - Total speed: 1.192 MH/s, Total shares: 0 Rejected: 0, Time: 01:59
2021-02-26 02:34:19: [Statistics] Ethereum last 10 min - Total: 1.204 MH/s.
2021-02-26 02:34:22: <info>  New job from eth-eu2.nanopool.org:9433
2021-02-26 02:34:22: [Statistics] Ethereum - Total speed: 0.000 H/s, Total shares: 0 Rejected: 0, Time: 02:01
2021-02-26 02:34:22: <info>  New job from eth-eu2.nanopool.org:9433
2021-02-26 02:34:22: [Statistics] Ethereum - Total speed: 1.193 MH/s, Total shares: 0 Rejected: 0, Time: 02:01
2021-02-26 02:34:22: [Statistics] GPU0 t=54°C fan 30% power 73.17W. Total power: 73.17W
2021-02-26 02:34:23: <info>  New job from eth-eu2.nanopool.org:9433
2021-02-26 02:34:23: [Statistics] Ethereum - Total speed: 1.192 MH/s, Total shares: 0 Rejected: 0, Time: 02:02
2021-02-26 02:34:23: <info>  New job from eth-eu2.nanopool.org:9433
2021-02-26 02:34:23: [Statistics] Ethereum - Total speed: 0.000 H/s, Total shares: 0 Rejected: 0, Time: 02:02
2021-02-26 02:34:23: [Statistics] GPU0 t=54°C fan 30% power 73.38W. Total power: 73.38W
2021-02-26 02:34:23: <info>  New job from eth-eu2.nanopool.org:9433
2021-02-26 02:34:23: [Statistics] Ethereum - Total speed: 1.192 MH/s, Total shares: 0 Rejected: 0, Time: 02:02
2021-02-26 02:34:23: [Statistics] GPU0 t=54°C fan 30% power 73.49W. Total power: 73.49W
2021-02-26 02:34:23: <info>  New job from eth-eu2.nanopool.org:9433
2021-02-26 02:34:23: [Statistics] Ethereum - Total speed: 0.000 H/s, Total shares: 0 Rejected: 0, Time: 02:02
2021-02-26 02:34:23: [Statistics] Ethereum last 10 min - Total: 0.000 H/s.
2021-02-26 02:34:26: <info>  New job from eth-eu2.nanopool.org:9433
2021-02-26 02:34:26: [Statistics] Ethereum - Total speed: 1.192 MH/s, Total shares: 0 Rejected: 0, Time: 02:05
2021-02-26 02:34:26: [Statistics] Ethereum last 10 min - Total: 1.203 MH/s.
2021-02-26 02:34:26: <info>  New job from eth-eu2.nanopool.org:9433
2021-02-26 02:34:26: [Statistics] Ethereum - Total speed: 0.000 H/s, Total shares: 0 Rejected: 0, Time: 02:05
2021-02-26 02:34:26: [Statistics] GPU0 t=54°C fan 30% power 73.32W. Total power: 73.32W
2021-02-26 02:34:29: <info>  New job from eth-eu2.nanopool.org:9433
2021-02-26 02:34:29: [Statistics] Ethereum - Total speed: 1.194 MH/s, Total shares: 0 Rejected: 0, Time: 02:08
2021-02-26 02:34:29: [Statistics] GPU0 t=53°C fan 30% power 73.16W. Total power: 73.16W
2021-02-26 02:34:29: <info>  New job from eth-eu2.nanopool.org:9433
2021-02-26 02:34:29: [Statistics] Ethereum - Total speed: 0.000 H/s, Total shares: 0 Rejected: 0, Time: 02:08
2021-02-26 02:34:32: <info>  New job from eth-eu2.nanopool.org:9433
2021-02-26 02:34:32: [Statistics] Ethereum - Total speed: 1.195 MH/s, Total shares: 0 Rejected: 0, Time: 02:11
2021-02-26 02:34:32: <info>  New job from eth-eu2.nanopool.org:9433
2021-02-26 02:34:32: [Statistics] Ethereum - Total speed: 0.000 H/s, Total shares: 0 Rejected: 0, Time: 02:11
2021-02-26 02:34:32: [Statistics] GPU0 t=53°C fan 30% power 72.60W. Total power: 72.60W
2021-02-26 02:34:34: <info>  New job from eth-eu2.nanopool.org:9433
2021-02-26 02:34:34: [Statistics] Ethereum - Total speed: 1.196 MH/s, Total shares: 0 Rejected: 0, Time: 02:14
2021-02-26 02:34:34: [Statistics] GPU0 t=53°C fan 30% power 72.67W. Total power: 72.67W
2021-02-26 02:34:34: <info>  New job from eth-eu2.nanopool.org:9433
2021-02-26 02:34:34: [Statistics] Ethereum - Total speed: 1.198 MH/s, Total shares: 0 Rejected: 0, Time: 02:14
2021-02-26 02:34:34: [Statistics] Ethereum last 10 min - Total: 1.203 MH/s.
2021-02-26 02:34:35: <info>  New job from eth-eu2.nanopool.org:9433
2021-02-26 02:34:35: [Statistics] Ethereum - Total speed: 0.000 H/s, Total shares: 0 Rejected: 0, Time: 02:14
2021-02-26 02:34:35: [Statistics] Ethereum last 10 min - Total: 0.000 H/s.
2021-02-26 02:34:36: <info>  New job from eth-eu2.nanopool.org:9433
2021-02-26 02:34:36: [Statistics] Ethereum - Total speed: 0.000 H/s, Total shares: 0 Rejected: 0, Time: 02:15
2021-02-26 02:34:36: [Statistics] GPU0 t=52°C fan 30% power 72.46W. Total power: 72.46W
2021-02-26 02:34:37: <info>  New job from eth-eu2.nanopool.org:9433
2021-02-26 02:34:37: [Statistics] Ethereum - Total speed: 1.195 MH/s, Total shares: 0 Rejected: 0, Time: 02:17
2021-02-26 02:34:37: [Statistics] GPU0 t=52°C fan 30% power 72.81W. Total power: 72.81W
2021-02-26 02:34:38: <info>  New job from eth-eu2.nanopool.org:9433
2021-02-26 02:34:38: [Statistics] Ethereum - Total speed: 0.000 H/s, Total shares: 0 Rejected: 0, Time: 02:17
2021-02-26 02:34:38: <info>  New job from eth-eu2.nanopool.org:9433
2021-02-26 02:34:38: [Statistics] Ethereum - Total speed: 1.196 MH/s, Total shares: 0 Rejected: 0, Time: 02:18
2021-02-26 02:34:38: <info>  New job from eth-eu2.nanopool.org:9433
2021-02-26 02:34:38: [Statistics] Ethereum - Total speed: 0.000 H/s, Total shares: 0 Rejected: 0, Time: 02:18
2021-02-26 02:34:38: [Statistics] GPU0 t=52°C fan 30% power 72.66W. Total power: 72.66W
2021-02-26 02:34:38: <info>  New job from eth-eu2.nanopool.org:9433
2021-02-26 02:34:38: [Statistics] Ethereum - Total speed: 1.196 MH/s, Total shares: 0 Rejected: 0, Time: 02:18
2021-02-26 02:34:38: [Statistics] GPU0 t=52°C fan 30% power 72.68W. Total power: 72.68W
2021-02-26 02:34:38: <info>  New job from eth-eu2.nanopool.org:9433
2021-02-26 02:34:38: [Statistics] Ethereum - Total speed: 0.000 H/s, Total shares: 0 Rejected: 0, Time: 02:18
2021-02-26 02:34:38: [Statistics] Ethereum last 10 min - Total: 0.000 H/s.
2021-02-26 02:34:39: <info>  New job from eth-eu2.nanopool.org:9433
2021-02-26 02:34:39: [Statistics] Ethereum - Total speed: 1.192 MH/s, Total shares: 0 Rejected: 0, Time: 02:18
2021-02-26 02:34:39: [Statistics] Ethereum last 10 min - Total: 1.202 MH/s.
2021-02-26 02:34:39: <info>  New job from eth-eu2.nanopool.org:9433
2021-02-26 02:34:39: [Statistics] Ethereum - Total speed: 1.192 MH/s, Total shares: 0 Rejected: 0, Time: 02:19
2021-02-26 02:34:39: [Statistics] GPU0 t=52°C fan 30% power 72.79W. Total power: 72.79W
2021-02-26 02:34:39: <info>  New job from eth-eu2.nanopool.org:9433
2021-02-26 02:34:39: [Statistics] Ethereum - Total speed: 0.000 H/s, Total shares: 0 Rejected: 0, Time: 02:19
2021-02-26 02:34:39: [Statistics] GPU0 t=52°C fan 30% power 72.66W. Total power: 72.66W
2021-02-26 02:34:39: <info>  New job from eth-eu2.nanopool.org:9433
2021-02-26 02:34:39: [Statistics] Ethereum - Total speed: 0.000 H/s, Total shares: 0 Rejected: 0, Time: 02:19
2021-02-26 02:34:42: <info>  New job from eth-eu2.nanopool.org:9433
2021-02-26 02:34:42: [Statistics] Ethereum - Total speed: 1.200 MH/s, Total shares: 0 Rejected: 0, Time: 02:22
2021-02-26 02:34:43: <info>  New job from eth-eu2.nanopool.org:9433
2021-02-26 02:34:43: [Statistics] Ethereum - Total speed: 0.000 H/s, Total shares: 0 Rejected: 0, Time: 02:22
2021-02-26 02:34:43: [Statistics] GPU0 t=52°C fan 30% power 72.61W. Total power: 72.61W
2021-02-26 02:34:45: <info>  New job from eth-eu2.nanopool.org:9433
2021-02-26 02:34:45: [Statistics] Ethereum - Total speed: 0.000 H/s, Total shares: 0 Rejected: 0, Time: 02:25
2021-02-26 02:34:45: [Statistics] Ethereum last 10 min - Total: 0.000 H/s.
2021-02-26 02:34:45: <info>  New job from eth-eu2.nanopool.org:9433
2021-02-26 02:34:45: [Statistics] Ethereum - Total speed: 1.203 MH/s, Total shares: 0 Rejected: 0, Time: 02:25
2021-02-26 02:34:45: [Statistics] GPU0 t=52°C fan 30% power 72.16W. Total power: 72.16W
2021-02-26 02:34:47: <info>  New job from eth-eu2.nanopool.org:9433
2021-02-26 02:34:47: [Statistics] Ethereum - Total speed: 1.203 MH/s, Total shares: 0 Rejected: 0, Time: 02:26
2021-02-26 02:34:47: [Statistics] Ethereum last 10 min - Total: 1.202 MH/s.
2021-02-26 02:34:47: <info>  New job from eth-eu2.nanopool.org:9433
2021-02-26 02:34:47: [Statistics] Ethereum - Total speed: 0.000 H/s, Total shares: 0 Rejected: 0, Time: 02:27
2021-02-26 02:34:47: [Statistics] GPU0 t=51°C fan 30% power 72.30W. Total power: 72.30W
2021-02-26 02:34:47: <info>  New job from eth-eu2.nanopool.org:9433
2021-02-26 02:34:47: [Statistics] Ethereum - Total speed: 0.000 H/s, Total shares: 0 Rejected: 0, Time: 02:27
2021-02-26 02:34:47: <info>  New job from eth-eu2.nanopool.org:9433
2021-02-26 02:34:47: [Statistics] Ethereum - Total speed: 1.203 MH/s, Total shares: 0 Rejected: 0, Time: 02:27
2021-02-26 02:34:47: [Statistics] GPU0 t=51°C fan 30% power 72.42W. Total power: 72.42W
2021-02-26 02:34:50: <info>  New job from eth-eu2.nanopool.org:9433
2021-02-26 02:34:50: [Statistics] Ethereum - Total speed: 0.000 H/s, Total shares: 0 Rejected: 0, Time: 02:30
2021-02-26 02:34:50: [Statistics] GPU0 t=51°C fan 30% power 72.16W. Total power: 72.16W
2021-02-26 02:34:50: <info>  New job from eth-eu2.nanopool.org:9433
2021-02-26 02:34:50: [Statistics] Ethereum - Total speed: 1.204 MH/s, Total shares: 0 Rejected: 0, Time: 02:30
2021-02-26 02:34:53: <info>  New job from eth-eu2.nanopool.org:9433
2021-02-26 02:34:53: [Statistics] Ethereum - Total speed: 1.206 MH/s, Total shares: 0 Rejected: 0, Time: 02:33
2021-02-26 02:34:53: [Statistics] GPU0 t=51°C fan 30% power 72.06W. Total power: 72.06W
2021-02-26 02:34:53: <info>  New job from eth-eu2.nanopool.org:9433
2021-02-26 02:34:53: [Statistics] Ethereum - Total speed: 0.000 H/s, Total shares: 0 Rejected: 0, Time: 02:33
2021-02-26 02:34:53: [Statistics] Ethereum last 10 min - Total: 0.000 H/s.
2021-02-26 02:34:56: <info>  New job from eth-eu2.nanopool.org:9433
2021-02-26 02:34:56: [Statistics] Ethereum - Total speed: 1.206 MH/s, Total shares: 0 Rejected: 0, Time: 02:36
2021-02-26 02:34:56: [Statistics] Ethereum last 10 min - Total: 1.202 MH/s.
2021-02-26 02:34:56: <info>  New job from eth-eu2.nanopool.org:9433
2021-02-26 02:34:56: [Statistics] Ethereum - Total speed: 0.000 H/s, Total shares: 0 Rejected: 0, Time: 02:36
2021-02-26 02:34:56: [Statistics] GPU0 t=51°C fan 30% power 71.94W. Total power: 71.94W
2021-02-26 02:34:57: <info>  GPU0: 4199 MB DAG generated in 154.23 seconds
2021-02-26 02:34:59: <info>  New job from eth-eu2.nanopool.org:9433
2021-02-26 02:34:59: [Statistics] Ethereum - Total speed: 1.202 MH/s, Total shares: 0 Rejected: 0, Time: 02:39
2021-02-26 02:34:59: [Statistics] GPU0 t=51°C fan 30% power 82.64W. Total power: 82.64W
2021-02-26 02:34:59: <info>  New job from eth-eu2.nanopool.org:9433
2021-02-26 02:34:59: [Statistics] Ethereum - Total speed: 0.000 H/s, Total shares: 0 Rejected: 0, Time: 02:39
2021-02-26 02:34:59: <info>  New job from eth-eu2.nanopool.org:9433
2021-02-26 02:34:59: [Statistics] Ethereum - Total speed: 3.140 MH/s, Total shares: 0 Rejected: 0, Time: 02:39
2021-02-26 02:34:59: [Statistics] GPU0 t=51°C fan 30% power 82.71W. Total power: 82.71W
2021-02-26 02:34:59: <info>  New job from eth-eu2.nanopool.org:9433
2021-02-26 02:34:59: [Statistics] Ethereum - Total speed: 1.202 MH/s, Total shares: 0 Rejected: 0, Time: 02:39
2021-02-26 02:34:59: <info>  New job from eth-eu2.nanopool.org:9433
2021-02-26 02:34:59: [Statistics] Ethereum - Total speed: 3.140 MH/s, Total shares: 0 Rejected: 0, Time: 02:39
2021-02-26 02:34:59: [Statistics] Ethereum last 10 min - Total: 3.140 MH/s.
2021-02-26 02:35:02: <info>  New job from eth-eu2.nanopool.org:9433
2021-02-26 02:35:02: [Statistics] Ethereum - Total speed: 3.126 MH/s, Total shares: 0 Rejected: 0, Time: 02:42
2021-02-26 02:35:02: [Statistics] GPU0 t=51°C fan 30% power 82.58W. Total power: 82.58W
2021-02-26 02:35:02: <info>  New job from eth-eu2.nanopool.org:9433
2021-02-26 02:35:02: [Statistics] Ethereum - Total speed: 1.229 MH/s, Total shares: 0 Rejected: 0, Time: 02:42
2021-02-26 02:35:02: [Statistics] GPU0 t=51°C fan 30% power 82.63W. Total power: 82.63W
2021-02-26 02:35:05: <info>  New job from eth-eu2.nanopool.org:9433
2021-02-26 02:35:05: [Statistics] Ethereum - Total speed: 1.235 MH/s, Total shares: 0 Rejected: 0, Time: 02:45
2021-02-26 02:35:05: [Statistics] Ethereum last 10 min - Total: 1.203 MH/s.
2021-02-26 02:35:05: <info>  New job from eth-eu2.nanopool.org:9433
2021-02-26 02:35:05: [Statistics] Ethereum - Total speed: 3.118 MH/s, Total shares: 0 Rejected: 0, Time: 02:45
2021-02-26 02:35:06: <info>  New job from eth-eu2.nanopool.org:9433
2021-02-26 02:35:06: [Statistics] Ethereum - Total speed: 1.239 MH/s, Total shares: 0 Rejected: 0, Time: 02:46
2021-02-26 02:35:06: [Statistics] GPU0 t=51°C fan 30% power 82.31W. Total power: 82.31W
2021-02-26 02:35:06: <info>  New job from eth-eu2.nanopool.org:9433
2021-02-26 02:35:06: [Statistics] Ethereum - Total speed: 3.114 MH/s, Total shares: 0 Rejected: 0, Time: 02:46
2021-02-26 02:35:06: [Statistics] GPU0 t=51°C fan 30% power 82.31W. Total power: 82.31W
2021-02-26 02:35:07: <info>  New job from eth-eu2.nanopool.org:9433
2021-02-26 02:35:07: [Statistics] Ethereum - Total speed: 1.244 MH/s, Total shares: 0 Rejected: 0, Time: 02:46
2021-02-26 02:35:07: <info>  New job from eth-eu2.nanopool.org:9433
2021-02-26 02:35:07: [Statistics] Ethereum - Total speed: 3.106 MH/s, Total shares: 0 Rejected: 0, Time: 02:46
2021-02-26 02:35:07: [Statistics] Ethereum last 10 min - Total: 3.125 MH/s.
2021-02-26 02:35:09: <info>  New job from eth-eu2.nanopool.org:9433
2021-02-26 02:35:09: [Statistics] Ethereum - Total speed: 1.251 MH/s, Total shares: 0 Rejected: 0, Time: 02:49
2021-02-26 02:35:09: [Statistics] GPU0 t=51°C fan 30% power 82.41W. Total power: 82.41W
2021-02-26 02:35:10: <info>  New job from eth-eu2.nanopool.org:9433
2021-02-26 02:35:10: [Statistics] Ethereum - Total speed: 3.094 MH/s, Total shares: 0 Rejected: 0, Time: 02:49
2021-02-26 02:35:10: [Statistics] GPU0 t=51°C fan 30% power 82.29W. Total power: 82.29W
2021-02-26 02:35:12: <info>  New job from eth-eu2.nanopool.org:9433
2021-02-26 02:35:12: [Statistics] Ethereum - Total speed: 1.253 MH/s, Total shares: 0 Rejected: 0, Time: 02:52
2021-02-26 02:35:12: [Statistics] Ethereum last 10 min - Total: 1.205 MH/s.
2021-02-26 02:35:12: <info>  New job from eth-eu2.nanopool.org:9433
2021-02-26 02:35:12: [Statistics] Ethereum - Total speed: 3.095 MH/s, Total shares: 0 Rejected: 0, Time: 02:52
2021-02-26 02:35:13: <info>  New job from eth-eu2.nanopool.org:9433
2021-02-26 02:35:13: [Statistics] Ethereum - Total speed: 1.255 MH/s, Total shares: 0 Rejected: 0, Time: 02:52
2021-02-26 02:35:13: [Statistics] GPU0 t=51°C fan 30% power 82.55W. Total power: 82.55W
2021-02-26 02:35:13: <info>  New job from eth-eu2.nanopool.org:9433
2021-02-26 02:35:13: [Statistics] Ethereum - Total speed: 3.092 MH/s, Total shares: 0 Rejected: 0, Time: 02:52
2021-02-26 02:35:13: [Statistics] GPU0 t=51°C fan 30% power 82.55W. Total power: 82.55W
2021-02-26 02:35:13: <info>  New job from eth-eu2.nanopool.org:9433
2021-02-26 02:35:13: [Statistics] Ethereum - Total speed: 1.257 MH/s, Total shares: 0 Rejected: 0, Time: 02:53
2021-02-26 02:35:13: <info>  New job from eth-eu2.nanopool.org:9433
2021-02-26 02:35:13: [Statistics] Ethereum - Total speed: 1.257 MH/s, Total shares: 0 Rejected: 0, Time: 02:53
2021-02-26 02:35:13: [Statistics] GPU0 t=51°C fan 30% power 82.72W. Total power: 82.72W
2021-02-26 02:35:13: <info>  New job from eth-eu2.nanopool.org:9433
2021-02-26 02:35:13: [Statistics] Ethereum - Total speed: 3.094 MH/s, Total shares: 0 Rejected: 0, Time: 02:53
2021-02-26 02:35:13: [Statistics] Ethereum last 10 min - Total: 3.112 MH/s.
2021-02-26 02:35:16: <info>  New job from eth-eu2.nanopool.org:9433
2021-02-26 02:35:16: [Statistics] Ethereum - Total speed: 1.265 MH/s, Total shares: 0 Rejected: 0, Time: 02:55
2021-02-26 02:35:16: [Statistics] Ethereum last 10 min - Total: 1.207 MH/s.
2021-02-26 02:35:16: <info>  New job from eth-eu2.nanopool.org:9433
2021-02-26 02:35:16: [Statistics] Ethereum - Total speed: 3.118 MH/s, Total shares: 0 Rejected: 0, Time: 02:56
2021-02-26 02:35:16: [Statistics] GPU0 t=50°C fan 30% power 82.60W. Total power: 82.60W
2021-02-26 02:35:17: <info>  New job from eth-eu2.nanopool.org:9433
2021-02-26 02:35:17: [Statistics] Ethereum - Total speed: 1.264 MH/s, Total shares: 0 Rejected: 0, Time: 02:57
2021-02-26 02:35:17: [Statistics] GPU0 t=50°C fan 30% power 82.67W. Total power: 82.67W
2021-02-26 02:35:18: <info>  New job from eth-eu2.nanopool.org:9433
2021-02-26 02:35:18: [Statistics] Ethereum - Total speed: 3.120 MH/s, Total shares: 0 Rejected: 0, Time: 02:57
2021-02-26 02:35:18: <info>  New job from eth-eu2.nanopool.org:9433
2021-02-26 02:35:18: [Statistics] Ethereum - Total speed: 1.263 MH/s, Total shares: 0 Rejected: 0, Time: 02:58
2021-02-26 02:35:18: <info>  New job from eth-eu2.nanopool.org:9433
2021-02-26 02:35:18: [Statistics] Ethereum - Total speed: 3.120 MH/s, Total shares: 0 Rejected: 0, Time: 02:58
2021-02-26 02:35:18: [Statistics] GPU0 t=50°C fan 30% power 82.43W. Total power: 82.43W
2021-02-26 02:35:20: <info>  New job from eth-eu2.nanopool.org:9433
2021-02-26 02:35:20: [Statistics] Ethereum - Total speed: 1.263 MH/s, Total shares: 0 Rejected: 0, Time: 03:00
2021-02-26 02:35:20: [Statistics] GPU0 t=50°C fan 30% power 82.62W. Total power: 82.62W
2021-02-26 02:35:21: <info>  New job from eth-eu2.nanopool.org:9433
2021-02-26 02:35:21: [Statistics] Ethereum - Total speed: 3.123 MH/s, Total shares: 0 Rejected: 0, Time: 03:00
2021-02-26 02:35:21: [Statistics] Ethereum last 10 min - Total: 3.113 MH/s.
2021-02-26 02:35:23: <info>  New job from eth-eu2.nanopool.org:9433
2021-02-26 02:35:23: [Statistics] Ethereum - Total speed: 1.262 MH/s, Total shares: 0 Rejected: 0, Time: 03:03
2021-02-26 02:35:23: [Statistics] Ethereum last 10 min - Total: 1.209 MH/s.
2021-02-26 02:35:24: <info>  New job from eth-eu2.nanopool.org:9433
2021-02-26 02:35:24: [Statistics] Ethereum - Total speed: 3.124 MH/s, Total shares: 0 Rejected: 0, Time: 03:03
2021-02-26 02:35:24: [Statistics] GPU0 t=50°C fan 30% power 82.52W. Total power: 82.52W
2021-02-26 02:35:26: <info>  New job from eth-eu2.nanopool.org:9433
2021-02-26 02:35:26: [Statistics] Ethereum - Total speed: 3.123 MH/s, Total shares: 0 Rejected: 0, Time: 03:06
2021-02-26 02:35:26: <info>  New job from eth-eu2.nanopool.org:9433
2021-02-26 02:35:26: [Statistics] Ethereum - Total speed: 1.261 MH/s, Total shares: 0 Rejected: 0, Time: 03:06
2021-02-26 02:35:26: [Statistics] GPU0 t=50°C fan 30% power 82.52W. Total power: 82.52W
2021-02-26 02:35:26: <info>  New job from eth-eu2.nanopool.org:9433
2021-02-26 02:35:26: [Statistics] Ethereum - Total speed: 3.120 MH/s, Total shares: 0 Rejected: 0, Time: 03:06
2021-02-26 02:35:26: [Statistics] GPU0 t=50°C fan 30% power 82.42W. Total power: 82.42W
2021-02-26 02:35:27: <info>  New job from eth-eu2.nanopool.org:9433
2021-02-26 02:35:27: [Statistics] Ethereum - Total speed: 1.263 MH/s, Total shares: 0 Rejected: 0, Time: 03:07
2021-02-26 02:35:29: <info>  New job from eth-eu2.nanopool.org:9433
2021-02-26 02:35:29: [Statistics] Ethereum - Total speed: 1.263 MH/s, Total shares: 0 Rejected: 0, Time: 03:09
2021-02-26 02:35:29: [Statistics] GPU0 t=50°C fan 30% power 82.16W. Total power: 82.16W
2021-02-26 02:35:29: <info>  New job from eth-eu2.nanopool.org:9433
2021-02-26 02:35:29: [Statistics] Ethereum - Total speed: 3.118 MH/s, Total shares: 0 Rejected: 0, Time: 03:09
2021-02-26 02:35:29: [Statistics] Ethereum last 10 min - Total: 3.115 MH/s.
2021-02-26 02:35:32: <info>  New job from eth-eu2.nanopool.org:9433
2021-02-26 02:35:32: [Statistics] Ethereum - Total speed: 3.119 MH/s, Total shares: 0 Rejected: 0, Time: 03:12
2021-02-26 02:35:32: [Statistics] GPU0 t=50°C fan 30% power 82.23W. Total power: 82.23W
2021-02-26 02:35:32: <info>  New job from eth-eu2.nanopool.org:9433
2021-02-26 02:35:32: [Statistics] Ethereum - Total speed: 1.263 MH/s, Total shares: 0 Rejected: 0, Time: 03:12
2021-02-26 02:35:32: [Statistics] Ethereum last 10 min - Total: 1.212 MH/s.
2021-02-26 02:35:35: <info>  New job from eth-eu2.nanopool.org:9433
2021-02-26 02:35:35: [Statistics] Ethereum - Total speed: 1.263 MH/s, Total shares: 0 Rejected: 0, Time: 03:15
2021-02-26 02:35:35: [Statistics] GPU0 t=50°C fan 30% power 82.52W. Total power: 82.52W
2021-02-26 02:35:35: <info>  New job from eth-eu2.nanopool.org:9433
2021-02-26 02:35:35: [Statistics] Ethereum - Total speed: 3.115 MH/s, Total shares: 0 Rejected: 0, Time: 03:15
2021-02-26 02:35:38: <info>  New job from eth-eu2.nanopool.org:9433
2021-02-26 02:35:38: [Statistics] Ethereum - Total speed: 3.119 MH/s, Total shares: 0 Rejected: 0, Time: 03:18
2021-02-26 02:35:38: [Statistics] GPU0 t=50°C fan 30% power 82.26W. Total power: 82.26W
2021-02-26 02:35:38: <info>  New job from eth-eu2.nanopool.org:9433
2021-02-26 02:35:38: [Statistics] Ethereum - Total speed: 1.261 MH/s, Total shares: 0 Rejected: 0, Time: 03:18
2021-02-26 02:35:41: <info>  New job from eth-eu2.nanopool.org:9433
2021-02-26 02:35:41: [Statistics] Ethereum - Total speed: 1.264 MH/s, Total shares: 0 Rejected: 0, Time: 03:21
2021-02-26 02:35:41: [Statistics] GPU0 t=50°C fan 30% power 82.20W. Total power: 82.20W
2021-02-26 02:35:41: <info>  New job from eth-eu2.nanopool.org:9433
2021-02-26 02:35:41: [Statistics] Ethereum - Total speed: 3.115 MH/s, Total shares: 0 Rejected: 0, Time: 03:21
2021-02-26 02:35:41: [Statistics] Ethereum last 10 min - Total: 3.116 MH/s.
2021-02-26 02:35:44: <info>  New job from eth-eu2.nanopool.org:9433
2021-02-26 02:35:44: [Statistics] Ethereum - Total speed: 3.112 MH/s, Total shares: 0 Rejected: 0, Time: 03:24
2021-02-26 02:35:44: [Statistics] GPU0 t=49°C fan 30% power 82.18W. Total power: 82.18W
2021-02-26 02:35:44: <info>  New job from eth-eu2.nanopool.org:9433
2021-02-26 02:35:44: [Statistics] Ethereum - Total speed: 1.263 MH/s, Total shares: 0 Rejected: 0, Time: 03:24
2021-02-26 02:35:44: [Statistics] Ethereum last 10 min - Total: 1.215 MH/s.
2021-02-26 02:35:47: <info>  New job from eth-eu2.nanopool.org:9433
2021-02-26 02:35:47: [Statistics] Ethereum - Total speed: 3.108 MH/s, Total shares: 0 Rejected: 0, Time: 03:27
2021-02-26 02:35:47: <info>  New job from eth-eu2.nanopool.org:9433
2021-02-26 02:35:47: [Statistics] Ethereum - Total speed: 1.265 MH/s, Total shares: 0 Rejected: 0, Time: 03:27
2021-02-26 02:35:47: [Statistics] GPU0 t=49°C fan 30% power 82.11W. Total power: 82.11W
2021-02-26 02:35:50: <info>  New job from eth-eu2.nanopool.org:9433
2021-02-26 02:35:50: [Statistics] Ethereum - Total speed: 3.111 MH/s, Total shares: 0 Rejected: 0, Time: 03:30
2021-02-26 02:35:50: [Statistics] GPU0 t=49°C fan 30% power 82.13W. Total power: 82.13W
2021-02-26 02:35:50: <info>  New job from eth-eu2.nanopool.org:9433
2021-02-26 02:35:50: [Statistics] Ethereum - Total speed: 1.263 MH/s, Total shares: 0 Rejected: 0, Time: 03:30
2021-02-26 02:35:53: <info>  New job from eth-eu2.nanopool.org:9433
2021-02-26 02:35:53: [Statistics] Ethereum - Total speed: 1.261 MH/s, Total shares: 0 Rejected: 0, Time: 03:33
2021-02-26 02:35:53: [Statistics] GPU0 t=49°C fan 30% power 81.54W. Total power: 81.54W
2021-02-26 02:35:53: <info>  New job from eth-eu2.nanopool.org:9433
2021-02-26 02:35:53: [Statistics] Ethereum - Total speed: 3.109 MH/s, Total shares: 0 Rejected: 0, Time: 03:33
2021-02-26 02:35:53: [Statistics] Ethereum last 10 min - Total: 3.115 MH/s.
2021-02-26 02:35:56: <info>  New job from eth-eu2.nanopool.org:9433
2021-02-26 02:35:56: [Statistics] Ethereum - Total speed: 3.103 MH/s, Total shares: 0 Rejected: 0, Time: 03:36
2021-02-26 02:35:56: [Statistics] GPU0 t=49°C fan 30% power 81.75W. Total power: 81.75W
2021-02-26 02:35:56: <info>  New job from eth-eu2.nanopool.org:9433
2021-02-26 02:35:56: [Statistics] Ethereum - Total speed: 1.261 MH/s, Total shares: 0 Rejected: 0, Time: 03:36
2021-02-26 02:35:56: [Statistics] Ethereum last 10 min - Total: 1.218 MH/s.
2021-02-26 02:35:59: <info>  New job from eth-eu2.nanopool.org:9433
2021-02-26 02:35:59: [Statistics] Ethereum - Total speed: 1.259 MH/s, Total shares: 0 Rejected: 0, Time: 03:39
2021-02-26 02:35:59: [Statistics] GPU0 t=49°C fan 30% power 81.72W. Total power: 81.72W
2021-02-26 02:35:59: <info>  New job from eth-eu2.nanopool.org:9433
2021-02-26 02:35:59: [Statistics] Ethereum - Total speed: 3.104 MH/s, Total shares: 0 Rejected: 0, Time: 03:39
2021-02-26 02:36:02: <info>  New job from eth-eu2.nanopool.org:9433
2021-02-26 02:36:02: [Statistics] Ethereum - Total speed: 3.106 MH/s, Total shares: 0 Rejected: 0, Time: 03:42
2021-02-26 02:36:02: [Statistics] GPU0 t=49°C fan 30% power 81.48W. Total power: 81.48W
2021-02-26 02:36:02: <info>  New job from eth-eu2.nanopool.org:9433
2021-02-26 02:36:02: [Statistics] Ethereum - Total speed: 1.257 MH/s, Total shares: 0 Rejected: 0, Time: 03:42
2021-02-26 02:36:05: <info>  New job from eth-eu2.nanopool.org:9433
2021-02-26 02:36:05: [Statistics] Ethereum - Total speed: 3.106 MH/s, Total shares: 0 Rejected: 0, Time: 03:45
2021-02-26 02:36:05: [Statistics] Ethereum last 10 min - Total: 3.113 MH/s.
2021-02-26 02:36:05: <info>  New job from eth-eu2.nanopool.org:9433
2021-02-26 02:36:05: [Statistics] Ethereum - Total speed: 1.256 MH/s, Total shares: 0 Rejected: 0, Time: 03:45
2021-02-26 02:36:05: [Statistics] GPU0 t=49°C fan 30% power 79.19W. Total power: 79.19W
2021-02-26 02:36:06: <info>  New job from eth-eu2.nanopool.org:9433
2021-02-26 02:36:06: [Statistics] Ethereum - Total speed: 3.070 MH/s, Total shares: 0 Rejected: 0, Time: 03:45
2021-02-26 02:36:06: [Statistics] GPU0 t=49°C fan 30% power 81.51W. Total power: 81.51W
2021-02-26 02:36:06: <info>  New job from eth-eu2.nanopool.org:9433
2021-02-26 02:36:06: [Statistics] Ethereum - Total speed: 1.249 MH/s, Total shares: 0 Rejected: 0, Time: 03:45
2021-02-26 02:36:06: [Statistics] Ethereum last 10 min - Total: 1.220 MH/s.
2021-02-26 02:36:06: <info>  New job from eth-eu2.nanopool.org:9433
2021-02-26 02:36:06: [Statistics] Ethereum - Total speed: 3.039 MH/s, Total shares: 0 Rejected: 0, Time: 03:46
2021-02-26 02:36:07: <info>  New job from eth-eu2.nanopool.org:9433
2021-02-26 02:36:07: [Statistics] Ethereum - Total speed: 1.241 MH/s, Total shares: 0 Rejected: 0, Time: 03:47
2021-02-26 02:36:07: [Statistics] GPU0 t=49°C fan 30% power 82.28W. Total power: 82.28W
2021-02-26 02:36:09: <info>  New job from eth-eu2.nanopool.org:9433
2021-02-26 02:36:09: [Statistics] Ethereum - Total speed: 3.069 MH/s, Total shares: 0 Rejected: 0, Time: 03:48
2021-02-26 02:36:09: [Statistics] GPU0 t=49°C fan 30% power 81.73W. Total power: 81.73W
2021-02-26 02:36:09: <info>  New job from eth-eu2.nanopool.org:9433
2021-02-26 02:36:09: [Statistics] Ethereum - Total speed: 1.246 MH/s, Total shares: 0 Rejected: 0, Time: 03:49
2021-02-26 02:36:12: <info>  New job from eth-eu2.nanopool.org:9433
2021-02-26 02:36:12: [Statistics] Ethereum - Total speed: 3.071 MH/s, Total shares: 0 Rejected: 0, Time: 03:51
2021-02-26 02:36:12: [Statistics] Ethereum last 10 min - Total: 3.109 MH/s.
2021-02-26 02:36:12: <info>  New job from eth-eu2.nanopool.org:9433
2021-02-26 02:36:12: [Statistics] Ethereum - Total speed: 1.255 MH/s, Total shares: 0 Rejected: 0, Time: 03:52
2021-02-26 02:36:12: [Statistics] GPU0 t=49°C fan 30% power 81.98W. Total power: 81.98W
2021-02-26 02:36:15: <info>  New job from eth-eu2.nanopool.org:9433
2021-02-26 02:36:15: [Statistics] Ethereum - Total speed: 3.077 MH/s, Total shares: 0 Rejected: 0, Time: 03:54
2021-02-26 02:36:15: [Statistics] GPU0 t=49°C fan 30% power 82.35W. Total power: 82.35W
2021-02-26 02:36:15: <info>  New job from eth-eu2.nanopool.org:9433
2021-02-26 02:36:15: [Statistics] Ethereum - Total speed: 1.258 MH/s, Total shares: 0 Rejected: 0, Time: 03:54
2021-02-26 02:36:15: [Statistics] Ethereum last 10 min - Total: 1.221 MH/s.
2021-02-26 02:36:18: <info>  New job from eth-eu2.nanopool.org:9433
2021-02-26 02:36:18: [Statistics] Ethereum - Total speed: 3.047 MH/s, Total shares: 0 Rejected: 0, Time: 03:57
2021-02-26 02:36:18: <info>  New job from eth-eu2.nanopool.org:9433
2021-02-26 02:36:18: [Statistics] Ethereum - Total speed: 1.253 MH/s, Total shares: 0 Rejected: 0, Time: 03:58
2021-02-26 02:36:18: [Statistics] GPU0 t=49°C fan 30% power 82.61W. Total power: 82.61W
2021-02-26 02:36:21: <info>  New job from eth-eu2.nanopool.org:9433
2021-02-26 02:36:21: [Statistics] Ethereum - Total speed: 1.252 MH/s, Total shares: 0 Rejected: 0, Time: 04:01
2021-02-26 02:36:21: <info>  New job from eth-eu2.nanopool.org:9433
2021-02-26 02:36:21: [Statistics] Ethereum - Total speed: 3.050 MH/s, Total shares: 0 Rejected: 0, Time: 04:01
2021-02-26 02:36:21: [Statistics] GPU0 t=49°C fan 30% power 81.66W. Total power: 81.66W
2021-02-26 02:36:24: <info>  New job from eth-eu2.nanopool.org:9433
2021-02-26 02:36:24: [Statistics] Ethereum - Total speed: 3.041 MH/s, Total shares: 0 Rejected: 0, Time: 04:03
2021-02-26 02:36:24: [Statistics] Ethereum last 10 min - Total: 3.101 MH/s.
2021-02-26 02:36:24: <info>  New job from eth-eu2.nanopool.org:9433
2021-02-26 02:36:24: [Statistics] Ethereum - Total speed: 1.261 MH/s, Total shares: 0 Rejected: 0, Time: 04:03
2021-02-26 02:36:24: [Statistics] GPU0 t=48°C fan 30% power 81.55W. Total power: 81.55W
2021-02-26 02:36:27: <info>  New job from eth-eu2.nanopool.org:9433
2021-02-26 02:36:27: [Statistics] Ethereum - Total speed: 3.036 MH/s, Total shares: 0 Rejected: 0, Time: 04:06
2021-02-26 02:36:27: [Statistics] GPU0 t=48°C fan 30% power 81.45W. Total power: 81.45W
2021-02-26 02:36:27: <info>  New job from eth-eu2.nanopool.org:9433
2021-02-26 02:36:27: [Statistics] Ethereum - Total speed: 1.269 MH/s, Total shares: 0 Rejected: 0, Time: 04:07
2021-02-26 02:36:27: [Statistics] Ethereum last 10 min - Total: 1.223 MH/s.
2021-02-26 02:36:28: <info>  New job from eth-eu2.nanopool.org:9433
2021-02-26 02:36:28: [Statistics] Ethereum - Total speed: 3.035 MH/s, Total shares: 0 Rejected: 0, Time: 04:07
2021-02-26 02:36:28: <info>  New job from eth-eu2.nanopool.org:9433
2021-02-26 02:36:28: [Statistics] Ethereum - Total speed: 1.274 MH/s, Total shares: 0 Rejected: 0, Time: 04:07
2021-02-26 02:36:28: [Statistics] GPU0 t=48°C fan 30% power 82.07W. Total power: 82.07W
2021-02-26 02:36:28: <info>  New job from eth-eu2.nanopool.org:9433
2021-02-26 02:36:28: [Statistics] Ethereum - Total speed: 3.035 MH/s, Total shares: 0 Rejected: 0, Time: 04:07
2021-02-26 02:36:28: [Statistics] GPU0 t=48°C fan 30% power 82.07W. Total power: 82.07W
2021-02-26 02:36:28: <info>  New job from eth-eu2.nanopool.org:9433
2021-02-26 02:36:28: [Statistics] Ethereum - Total speed: 1.291 MH/s, Total shares: 0 Rejected: 0, Time: 04:08
2021-02-26 02:36:31: <info>  New job from eth-eu2.nanopool.org:9433
2021-02-26 02:36:31: [Statistics] Ethereum - Total speed: 1.305 MH/s, Total shares: 0 Rejected: 0, Time: 04:10
2021-02-26 02:36:31: [Statistics] GPU0 t=48°C fan 30% power 81.37W. Total power: 81.37W
2021-02-26 02:36:31: <info>  New job from eth-eu2.nanopool.org:9433
2021-02-26 02:36:31: [Statistics] Ethereum - Total speed: 3.046 MH/s, Total shares: 0 Rejected: 0, Time: 04:10
2021-02-26 02:36:31: [Statistics] Ethereum last 10 min - Total: 3.097 MH/s.
2021-02-26 02:36:34: <info>  New job from eth-eu2.nanopool.org:9433
2021-02-26 02:36:34: [Statistics] Ethereum - Total speed: 1.313 MH/s, Total shares: 0 Rejected: 0, Time: 04:13
2021-02-26 02:36:34: [Statistics] Ethereum last 10 min - Total: 1.226 MH/s.
2021-02-26 02:36:34: [Statistics] Ethereum - Total speed: 3.041 MH/s, Total shares: 0 Rejected: 0, Time: 04:13
2021-02-26 02:36:34: [Statistics] GPU0 t=48°C fan 30% power 82.40W. Total power: 82.40W
2021-02-26 02:36:37: <info>  New job from eth-eu2.nanopool.org:9433
2021-02-26 02:36:37: [Statistics] Ethereum - Total speed: 3.044 MH/s, Total shares: 0 Rejected: 0, Time: 04:16
2021-02-26 02:36:37: <info>  New job from eth-eu2.nanopool.org:9433
2021-02-26 02:36:37: [Statistics] Ethereum - Total speed: 1.342 MH/s, Total shares: 0 Rejected: 0, Time: 04:16
2021-02-26 02:36:37: [Statistics] GPU0 t=48°C fan 30% power 83.06W. Total power: 83.06W
2021-02-26 02:36:37: <info>  Terminating, please wait ...
2021-02-26 02:36:40: <info>  New job from eth-eu2.nanopool.org:9433
2021-02-26 02:36:40: [Statistics] Ethereum - Total speed: 3.045 MH/s, Total shares: 0 Rejected: 0, Time: 04:19
2021-02-26 02:36:40: [Statistics] GPU0 t=49°C fan 30% power 87.53W. Total power: 87.53W
2021-02-26 02:36:41: <info>  Terminating, please wait ...
