2021-May-07 14:33:22:                                    _                 
2021-May-07 14:33:22:  _ __   __ _ _ __   ___  _ __ ___ (_)_ __   ___ _ __ 
2021-May-07 14:33:22: | '_ \ / _` | '_ \ / _ \| '_ ` _ \| | '_ \ / _ \ '__|
2021-May-07 14:33:22: | | | | (_| | | | | (_) | | | | | | | | | |  __/ |   
2021-May-07 14:33:22: |_| |_|\__,_|_| |_|\___/|_| |_| |_|_|_| |_|\___|_|   
2021-May-07 14:33:22: 
2021-May-07 14:33:22: Version 3.3.5-cuda11
2021-May-07 14:33:22: Started EthMan server on port 3333 with a password (read-only mode).
2021-May-07 14:33:22: Started web interface on port 9090 with a password.
2021-May-07 14:33:22: CUDA driver version is 11.3, runtime version is 11.1
2021-May-07 14:33:22: Single device detected
2021-May-07 14:33:22: GPU 0 PCI 01:00.0, Platform: CUDA, Name: NVIDIA GeForce RTX 3070, 8192 MB available
2021-May-07 14:33:22: -------------------Ethash:------------------
2021-May-07 14:33:22: Currency: Ethereum
2021-May-07 14:33:22: Wallet: wallet
2021-May-07 14:33:22: Rig name: ferris_new
2021-May-07 14:33:22: Email: email
2021-May-07 14:33:22: Hashrate threshold to restart miner is not set
2021-May-07 14:33:22: Added pool: eth-eu2.nanopool.org:9433
2021-May-07 14:33:22: Added pool: eth-eu1.nanopool.org:9433
2021-May-07 14:33:22: Added pool: eth-us-east1.nanopool.org:9433
2021-May-07 14:33:22: Added pool: eth-us-west1.nanopool.org:9433
2021-May-07 14:33:22: Added pool: eth-asia1.nanopool.org:9433
2021-May-07 14:33:22: Added pool: eth-au1.nanopool.org:9433
2021-May-07 14:33:22: Added pool: eth-jp1.nanopool.org:9433
2021-May-07 14:33:22: Auto pool sorting is enabled
2021-May-07 14:33:22: Using all GPU devices
2021-May-07 14:33:22: Memory tweak: 1
2021-May-07 14:33:22: -------------Common parameters:-------------
2021-May-07 14:33:22: Log path: ./logs/
2021-May-07 14:33:22: Log is written to file
2021-May-07 14:33:22: GPU watchdog is enabled
2021-May-07 14:33:22: Never calling reboot.bat (always restarting the miner in case of errors). 
2021-May-07 14:33:22: Setting up algorithm: Ethash
2021-May-07 14:33:23: Connecting to pools...
2021-May-07 14:33:23: Connected to pool: eth-eu2.nanopool.org:9433 | IP: 51.15.67.17 | ping: 117 ms.
2021-May-07 14:33:23: New job from eth-eu2.nanopool.org:9433 | share difficulty = 10000 MH, epoch 412 (4319 MB)
2021-May-07 14:33:23: Ethereum - Total speed: 0.000 H/s, Total shares: 0 Rejected: 0, Time: 00:01
2021-May-07 14:33:23: GPU0 t=50°C fan 31% power 47.65W. Total power: 47.65W
2021-May-07 14:33:23: New job from eth-eu2.nanopool.org:9433
2021-May-07 14:33:23: Ethereum - Total speed: 0.000 H/s, Total shares: 0 Rejected: 0, Time: 00:01
2021-May-07 14:33:23: Ethereum last 10 min - Total: 0.000 H/s.
2021-May-07 14:33:24: New job from eth-eu2.nanopool.org:9433
2021-May-07 14:33:24: Ethereum - Total speed: 0.000 H/s, Total shares: 0 Rejected: 0, Time: 00:02
2021-May-07 14:33:24: GPU0 t=49°C fan 31% power 47.76W. Total power: 47.76W
2021-May-07 14:33:26: New job from eth-eu2.nanopool.org:9433
2021-May-07 14:33:26: Ethereum - Total speed: 0.000 H/s, Total shares: 0 Rejected: 0, Time: 00:03
2021-May-07 14:33:29: New job from eth-eu2.nanopool.org:9433
2021-May-07 14:33:29: Ethereum - Total speed: 0.000 H/s, Total shares: 0 Rejected: 0, Time: 00:06
2021-May-07 14:33:29: GPU0 t=63°C fan 32% power 220.99W. Total power: 220.99W
2021-May-07 14:33:30: GPU0: 4319 MB DAG generated in 3.86 seconds
2021-May-07 14:33:32: New job from eth-eu2.nanopool.org:9433
2021-May-07 14:33:32: Ethereum - Total speed: 50.883 MH/s, Total shares: 0 Rejected: 0, Time: 00:09
2021-May-07 14:33:32: Ethereum last 10 min - Total: 50.883 MH/s.
2021-May-07 14:33:35: New job from eth-eu2.nanopool.org:9433
2021-May-07 14:33:35: Ethereum - Total speed: 50.913 MH/s, Total shares: 0 Rejected: 0, Time: 00:13
2021-May-07 14:33:35: GPU0 t=63°C fan 41% power 206.69W. Total power: 206.69W
2021-May-07 14:33:38: New job from eth-eu2.nanopool.org:9433
2021-May-07 14:33:38: Ethereum - Total speed: 50.938 MH/s, Total shares: 0 Rejected: 0, Time: 00:15
2021-May-07 14:33:41: New job from eth-eu2.nanopool.org:9433
2021-May-07 14:33:41: Ethereum - Total speed: 50.963 MH/s, Total shares: 0 Rejected: 0, Time: 00:18
2021-May-07 14:33:41: GPU0 t=64°C fan 43% power 207.65W. Total power: 207.65W
2021-May-07 14:33:44: New job from eth-eu2.nanopool.org:9433
2021-May-07 14:33:44: Ethereum - Total speed: 50.988 MH/s, Total shares: 0 Rejected: 0, Time: 00:22
2021-May-07 14:33:44: Ethereum last 10 min - Total: 50.938 MH/s.
2021-May-07 14:33:47: New job from eth-eu2.nanopool.org:9433
2021-May-07 14:33:47: Ethereum - Total speed: 51.007 MH/s, Total shares: 0 Rejected: 0, Time: 00:25
2021-May-07 14:33:47: GPU0 t=65°C fan 45% power 208.58W. Total power: 208.58W
2021-May-07 14:33:50: New job from eth-eu2.nanopool.org:9433
2021-May-07 14:33:50: Ethereum - Total speed: 51.025 MH/s, Total shares: 0 Rejected: 0, Time: 00:27
2021-May-07 14:33:53: New job from eth-eu2.nanopool.org:9433
2021-May-07 14:33:53: Ethereum - Total speed: 51.042 MH/s, Total shares: 0 Rejected: 0, Time: 00:31
2021-May-07 14:33:53: GPU0 t=65°C fan 47% power 208.97W. Total power: 208.97W
2021-May-07 14:33:56: New job from eth-eu2.nanopool.org:9433
2021-May-07 14:33:56: Ethereum - Total speed: 51.057 MH/s, Total shares: 0 Rejected: 0, Time: 00:34
2021-May-07 14:33:56: Ethereum last 10 min - Total: 50.980 MH/s.
2021-May-07 14:33:59: New job from eth-eu2.nanopool.org:9433
2021-May-07 14:33:59: Ethereum - Total speed: 51.069 MH/s, Total shares: 0 Rejected: 0, Time: 00:37
2021-May-07 14:33:59: GPU0 t=66°C fan 48% power 209.41W. Total power: 209.41W
2021-May-07 14:34:02: New job from eth-eu2.nanopool.org:9433
2021-May-07 14:34:02: Ethereum - Total speed: 51.079 MH/s, Total shares: 0 Rejected: 0, Time: 00:40
2021-May-07 14:34:05: New job from eth-eu2.nanopool.org:9433
2021-May-07 14:34:05: Ethereum - Total speed: 51.090 MH/s, Total shares: 0 Rejected: 0, Time: 00:42
2021-May-07 14:34:05: GPU0 t=66°C fan 49% power 209.69W. Total power: 209.69W
2021-May-07 14:34:08: New job from eth-eu2.nanopool.org:9433
2021-May-07 14:34:08: Ethereum - Total speed: 51.096 MH/s, Total shares: 0 Rejected: 0, Time: 00:45
2021-May-07 14:34:08: Ethereum last 10 min - Total: 51.012 MH/s.
2021-May-07 14:34:11: New job from eth-eu2.nanopool.org:9433
2021-May-07 14:34:11: Ethereum - Total speed: 51.107 MH/s, Total shares: 0 Rejected: 0, Time: 00:48
2021-May-07 14:34:11: GPU0 t=67°C fan 50% power 209.98W. Total power: 209.98W
2021-May-07 14:34:11: New job from eth-eu2.nanopool.org:9433
2021-May-07 14:34:11: Ethereum - Total speed: 51.116 MH/s, Total shares: 0 Rejected: 0, Time: 00:49
2021-May-07 14:34:12: New job from eth-eu2.nanopool.org:9433
2021-May-07 14:34:12: Ethereum - Total speed: 51.101 MH/s, Total shares: 0 Rejected: 0, Time: 00:49
2021-May-07 14:34:12: GPU0 t=67°C fan 50% power 209.65W. Total power: 209.65W
2021-May-07 14:34:15: New job from eth-eu2.nanopool.org:9433
2021-May-07 14:34:15: Ethereum - Total speed: 51.087 MH/s, Total shares: 0 Rejected: 0, Time: 00:52
2021-May-07 14:34:15: Ethereum last 10 min - Total: 51.026 MH/s.
2021-May-07 14:34:17: New job from eth-eu2.nanopool.org:9433
2021-May-07 14:34:17: Ethereum - Total speed: 51.099 MH/s, Total shares: 0 Rejected: 0, Time: 00:55
2021-May-07 14:34:17: GPU0 t=67°C fan 51% power 210.25W. Total power: 210.25W
2021-May-07 14:34:17: New job from eth-eu2.nanopool.org:9433
2021-May-07 14:34:17: Ethereum - Total speed: 51.106 MH/s, Total shares: 0 Rejected: 0, Time: 00:55
2021-May-07 14:34:19: New job from eth-eu2.nanopool.org:9433
2021-May-07 14:34:19: Ethereum - Total speed: 51.055 MH/s, Total shares: 0 Rejected: 0, Time: 00:57
2021-May-07 14:34:19: GPU0 t=67°C fan 51% power 210.34W. Total power: 210.34W
2021-May-07 14:34:20: New job from eth-eu2.nanopool.org:9433
2021-May-07 14:34:20: Ethereum - Total speed: 51.069 MH/s, Total shares: 0 Rejected: 0, Time: 00:58
2021-May-07 14:34:20: Ethereum last 10 min - Total: 51.033 MH/s.
2021-May-07 14:34:24: New job from eth-eu2.nanopool.org:9433
2021-May-07 14:34:24: Ethereum - Total speed: 51.075 MH/s, Total shares: 0 Rejected: 0, Time: 01:01
2021-May-07 14:34:24: GPU0 t=67°C fan 52% power 210.42W. Total power: 210.42W
2021-May-07 14:34:24: New job from eth-eu2.nanopool.org:9433
2021-May-07 14:34:24: Ethereum - Total speed: 51.087 MH/s, Total shares: 0 Rejected: 0, Time: 01:02
2021-May-07 14:34:24: New job from eth-eu2.nanopool.org:9433
2021-May-07 14:34:24: Ethereum - Total speed: 51.054 MH/s, Total shares: 0 Rejected: 0, Time: 01:02
2021-May-07 14:34:24: GPU0 t=67°C fan 52% power 210.04W. Total power: 210.04W
2021-May-07 14:34:27: New job from eth-eu2.nanopool.org:9433
2021-May-07 14:34:27: Ethereum - Total speed: 51.001 MH/s, Total shares: 0 Rejected: 0, Time: 01:05
2021-May-07 14:34:27: Ethereum last 10 min - Total: 51.035 MH/s.
2021-May-07 14:34:30: New job from eth-eu2.nanopool.org:9433
2021-May-07 14:34:30: Ethereum - Total speed: 51.018 MH/s, Total shares: 0 Rejected: 0, Time: 01:08
2021-May-07 14:34:30: GPU0 t=67°C fan 52% power 210.71W. Total power: 210.71W
2021-May-07 14:34:33: New job from eth-eu2.nanopool.org:9433
2021-May-07 14:34:33: Ethereum - Total speed: 51.036 MH/s, Total shares: 0 Rejected: 0, Time: 01:11
2021-May-07 14:34:36: New job from eth-eu2.nanopool.org:9433
2021-May-07 14:34:36: Ethereum - Total speed: 51.053 MH/s, Total shares: 0 Rejected: 0, Time: 01:13
2021-May-07 14:34:36: GPU0 t=67°C fan 53% power 210.93W. Total power: 210.93W
2021-May-07 14:34:36: New job from eth-eu2.nanopool.org:9433
2021-May-07 14:34:36: Ethereum - Total speed: 51.062 MH/s, Total shares: 0 Rejected: 0, Time: 01:13
2021-May-07 14:34:36: Ethereum last 10 min - Total: 51.034 MH/s.
2021-May-07 14:34:39: New job from eth-eu2.nanopool.org:9433
2021-May-07 14:34:39: Ethereum - Total speed: 51.028 MH/s, Total shares: 0 Rejected: 0, Time: 01:16
2021-May-07 14:34:39: GPU0 t=68°C fan 53% power 210.97W. Total power: 210.97W
2021-May-07 14:34:42: New job from eth-eu2.nanopool.org:9433
2021-May-07 14:34:42: Ethereum - Total speed: 51.045 MH/s, Total shares: 0 Rejected: 0, Time: 01:19
2021-May-07 14:34:45: New job from eth-eu2.nanopool.org:9433
2021-May-07 14:34:45: Ethereum - Total speed: 51.060 MH/s, Total shares: 0 Rejected: 0, Time: 01:22
2021-May-07 14:34:45: GPU0 t=68°C fan 53% power 211.07W. Total power: 211.07W
2021-May-07 14:34:48: New job from eth-eu2.nanopool.org:9433
2021-May-07 14:34:48: Ethereum - Total speed: 51.073 MH/s, Total shares: 0 Rejected: 0, Time: 01:25
2021-May-07 14:34:48: Ethereum last 10 min - Total: 51.037 MH/s.
2021-May-07 14:34:51: New job from eth-eu2.nanopool.org:9433
2021-May-07 14:34:51: Ethereum - Total speed: 51.084 MH/s, Total shares: 0 Rejected: 0, Time: 01:28
2021-May-07 14:34:51: GPU0 t=68°C fan 54% power 211.11W. Total power: 211.11W
2021-May-07 14:34:51: New job from eth-eu2.nanopool.org:9433
2021-May-07 14:34:51: Ethereum - Total speed: 51.093 MH/s, Total shares: 0 Rejected: 0, Time: 01:29
2021-May-07 14:34:53: New job from eth-eu2.nanopool.org:9433
2021-May-07 14:34:53: Ethereum - Total speed: 51.055 MH/s, Total shares: 0 Rejected: 0, Time: 01:31
2021-May-07 14:34:53: GPU0 t=68°C fan 54% power 211.36W. Total power: 211.36W
2021-May-07 14:34:54: New job from eth-eu2.nanopool.org:9433
2021-May-07 14:34:54: Ethereum - Total speed: 51.066 MH/s, Total shares: 0 Rejected: 0, Time: 01:31
2021-May-07 14:34:54: Ethereum last 10 min - Total: 51.039 MH/s.
2021-May-07 14:34:57: New job from eth-eu2.nanopool.org:9433
2021-May-07 14:34:57: Ethereum - Total speed: 51.025 MH/s, Total shares: 0 Rejected: 0, Time: 01:34
2021-May-07 14:34:57: GPU0 t=68°C fan 54% power 211.34W. Total power: 211.34W
2021-May-07 14:34:58: New job from eth-eu2.nanopool.org:9433
2021-May-07 14:34:58: Ethereum - Total speed: 51.040 MH/s, Total shares: 0 Rejected: 0, Time: 01:35
2021-May-07 14:35:00: New job from eth-eu2.nanopool.org:9433
2021-May-07 14:35:00: Ethereum - Total speed: 51.052 MH/s, Total shares: 0 Rejected: 0, Time: 01:38
2021-May-07 14:35:00: GPU0 t=68°C fan 54% power 211.55W. Total power: 211.55W
2021-May-07 14:35:03: New job from eth-eu2.nanopool.org:9433
2021-May-07 14:35:03: Ethereum - Total speed: 51.062 MH/s, Total shares: 0 Rejected: 0, Time: 01:41
2021-May-07 14:35:03: Ethereum last 10 min - Total: 51.040 MH/s.
2021-May-07 14:35:04: New job from eth-eu2.nanopool.org:9433
2021-May-07 14:35:04: Ethereum - Total speed: 51.075 MH/s, Total shares: 0 Rejected: 0, Time: 01:41
2021-May-07 14:35:04: GPU0 t=68°C fan 54% power 211.49W. Total power: 211.49W
2021-May-07 14:35:05: New job from eth-eu2.nanopool.org:9433
2021-May-07 14:35:05: Ethereum - Total speed: 51.074 MH/s, Total shares: 0 Rejected: 0, Time: 01:42
2021-May-07 14:35:07: New job from eth-eu2.nanopool.org:9433
2021-May-07 14:35:07: Ethereum - Total speed: 51.084 MH/s, Total shares: 0 Rejected: 0, Time: 01:45
2021-May-07 14:35:07: GPU0 t=68°C fan 55% power 211.63W. Total power: 211.63W
2021-May-07 14:35:10: New job from eth-eu2.nanopool.org:9433
2021-May-07 14:35:10: Ethereum - Total speed: 51.093 MH/s, Total shares: 0 Rejected: 0, Time: 01:48
2021-May-07 14:35:10: Ethereum last 10 min - Total: 51.043 MH/s.
2021-May-07 14:35:13: New job from eth-eu2.nanopool.org:9433
2021-May-07 14:35:13: Ethereum - Total speed: 51.103 MH/s, Total shares: 0 Rejected: 0, Time: 01:50
2021-May-07 14:35:13: GPU0 t=68°C fan 55% power 211.86W. Total power: 211.86W
2021-May-07 14:35:16: New job from eth-eu2.nanopool.org:9433
2021-May-07 14:35:16: Ethereum - Total speed: 51.112 MH/s, Total shares: 0 Rejected: 0, Time: 01:54
2021-May-07 14:35:19: New job from eth-eu2.nanopool.org:9433
2021-May-07 14:35:19: Ethereum - Total speed: 51.096 MH/s, Total shares: 0 Rejected: 0, Time: 01:56
2021-May-07 14:35:19: GPU0 t=68°C fan 55% power 211.92W. Total power: 211.92W
2021-May-07 14:35:22: New job from eth-eu2.nanopool.org:9433
2021-May-07 14:35:22: Ethereum - Total speed: 51.107 MH/s, Total shares: 0 Rejected: 0, Time: 01:59
2021-May-07 14:35:22: Ethereum last 10 min - Total: 51.050 MH/s.
2021-May-07 14:35:25: New job from eth-eu2.nanopool.org:9433
2021-May-07 14:35:25: Ethereum - Total speed: 51.115 MH/s, Total shares: 0 Rejected: 0, Time: 02:02
2021-May-07 14:35:25: GPU0 t=68°C fan 55% power 211.84W. Total power: 211.84W
2021-May-07 14:35:28: New job from eth-eu2.nanopool.org:9433
2021-May-07 14:35:28: Ethereum - Total speed: 51.124 MH/s, Total shares: 0 Rejected: 0, Time: 02:05
2021-May-07 14:35:31: New job from eth-eu2.nanopool.org:9433
2021-May-07 14:35:31: Ethereum - Total speed: 51.130 MH/s, Total shares: 0 Rejected: 0, Time: 02:08
2021-May-07 14:35:31: GPU0 t=68°C fan 55% power 211.75W. Total power: 211.75W
2021-May-07 14:35:34: New job from eth-eu2.nanopool.org:9433
2021-May-07 14:35:34: Ethereum - Total speed: 51.133 MH/s, Total shares: 0 Rejected: 0, Time: 02:11
2021-May-07 14:35:34: Ethereum last 10 min - Total: 51.057 MH/s.
2021-May-07 14:35:37: New job from eth-eu2.nanopool.org:9433
2021-May-07 14:35:37: Ethereum - Total speed: 51.139 MH/s, Total shares: 0 Rejected: 0, Time: 02:15
2021-May-07 14:35:37: GPU0 t=68°C fan 56% power 212.15W. Total power: 212.15W
2021-May-07 14:35:40: New job from eth-eu2.nanopool.org:9433
2021-May-07 14:35:40: Ethereum - Total speed: 51.146 MH/s, Total shares: 0 Rejected: 0, Time: 02:17
2021-May-07 14:35:41: New job from eth-eu2.nanopool.org:9433
2021-May-07 14:35:41: Ethereum - Total speed: 51.148 MH/s, Total shares: 0 Rejected: 0, Time: 02:18
2021-May-07 14:35:41: GPU0 t=68°C fan 56% power 211.76W. Total power: 211.76W
2021-May-07 14:35:41: New job from eth-eu2.nanopool.org:9433
2021-May-07 14:35:41: Ethereum - Total speed: 51.151 MH/s, Total shares: 0 Rejected: 0, Time: 02:18
2021-May-07 14:35:41: Ethereum last 10 min - Total: 51.061 MH/s.
2021-May-07 14:35:44: New job from eth-eu2.nanopool.org:9433
2021-May-07 14:35:44: Ethereum - Total speed: 51.135 MH/s, Total shares: 0 Rejected: 0, Time: 02:21
2021-May-07 14:35:44: GPU0 t=68°C fan 56% power 212.22W. Total power: 212.22W
2021-May-07 14:35:47: New job from eth-eu2.nanopool.org:9433
2021-May-07 14:35:47: Ethereum - Total speed: 51.142 MH/s, Total shares: 0 Rejected: 0, Time: 02:24
2021-May-07 14:35:50: New job from eth-eu2.nanopool.org:9433
2021-May-07 14:35:50: Ethereum - Total speed: 51.146 MH/s, Total shares: 0 Rejected: 0, Time: 02:28
2021-May-07 14:35:50: GPU0 t=68°C fan 56% power 212.32W. Total power: 212.32W
2021-May-07 14:35:53: New job from eth-eu2.nanopool.org:9433
2021-May-07 14:35:53: Ethereum - Total speed: 51.152 MH/s, Total shares: 0 Rejected: 0, Time: 02:30
2021-May-07 14:35:53: Ethereum last 10 min - Total: 51.068 MH/s.
2021-May-07 14:35:56: New job from eth-eu2.nanopool.org:9433
2021-May-07 14:35:56: Ethereum - Total speed: 51.154 MH/s, Total shares: 0 Rejected: 0, Time: 02:33
2021-May-07 14:35:56: GPU0 t=69°C fan 56% power 212.20W. Total power: 212.20W
2021-May-07 14:35:59: New job from eth-eu2.nanopool.org:9433
2021-May-07 14:35:59: Ethereum - Total speed: 51.157 MH/s, Total shares: 0 Rejected: 0, Time: 02:37
2021-May-07 14:36:01: New job from eth-eu2.nanopool.org:9433
2021-May-07 14:36:01: Ethereum - Total speed: 51.162 MH/s, Total shares: 0 Rejected: 0, Time: 02:39
2021-May-07 14:36:01: GPU0 t=68°C fan 56% power 212.04W. Total power: 212.04W
2021-May-07 14:36:02: New job from eth-eu2.nanopool.org:9433
2021-May-07 14:36:02: Ethereum - Total speed: 51.160 MH/s, Total shares: 0 Rejected: 0, Time: 02:39
2021-May-07 14:36:02: Ethereum last 10 min - Total: 51.073 MH/s.
2021-May-07 14:36:03: New job from eth-eu2.nanopool.org:9433
2021-May-07 14:36:03: Ethereum - Total speed: 51.154 MH/s, Total shares: 0 Rejected: 0, Time: 02:41
2021-May-07 14:36:03: GPU0 t=68°C fan 56% power 212.43W. Total power: 212.43W
2021-May-07 14:36:03: New job from eth-eu2.nanopool.org:9433
2021-May-07 14:36:03: Ethereum - Total speed: 51.152 MH/s, Total shares: 0 Rejected: 0, Time: 02:41
2021-May-07 14:36:03: New job from eth-eu2.nanopool.org:9433
2021-May-07 14:36:03: Ethereum - Total speed: 51.100 MH/s, Total shares: 0 Rejected: 0, Time: 02:41
2021-May-07 14:36:03: GPU0 t=69°C fan 56% power 211.90W. Total power: 211.90W
2021-May-07 14:36:06: New job from eth-eu2.nanopool.org:9433
2021-May-07 14:36:06: Ethereum - Total speed: 51.066 MH/s, Total shares: 0 Rejected: 0, Time: 02:44
2021-May-07 14:36:06: Ethereum last 10 min - Total: 51.075 MH/s.
2021-May-07 14:36:09: New job from eth-eu2.nanopool.org:9433
2021-May-07 14:36:09: Ethereum - Total speed: 51.076 MH/s, Total shares: 0 Rejected: 0, Time: 02:47
2021-May-07 14:36:09: GPU0 t=69°C fan 56% power 212.31W. Total power: 212.31W
2021-May-07 14:36:10: New job from eth-eu2.nanopool.org:9433
2021-May-07 14:36:10: Ethereum - Total speed: 51.087 MH/s, Total shares: 0 Rejected: 0, Time: 02:48
2021-May-07 14:36:11: New job from eth-eu2.nanopool.org:9433
2021-May-07 14:36:11: Ethereum - Total speed: 51.089 MH/s, Total shares: 0 Rejected: 0, Time: 02:48
2021-May-07 14:36:11: GPU0 t=69°C fan 56% power 211.90W. Total power: 211.90W
2021-May-07 14:36:14: New job from eth-eu2.nanopool.org:9433
2021-May-07 14:36:14: Ethereum - Total speed: 51.032 MH/s, Total shares: 0 Rejected: 0, Time: 02:51
2021-May-07 14:36:14: Ethereum last 10 min - Total: 51.074 MH/s.
2021-May-07 14:36:17: New job from eth-eu2.nanopool.org:9433
2021-May-07 14:36:17: Ethereum - Total speed: 51.047 MH/s, Total shares: 0 Rejected: 0, Time: 02:54
2021-May-07 14:36:17: GPU0 t=69°C fan 57% power 212.35W. Total power: 212.35W
2021-May-07 14:36:20: New job from eth-eu2.nanopool.org:9433
2021-May-07 14:36:20: Ethereum - Total speed: 51.062 MH/s, Total shares: 0 Rejected: 0, Time: 02:57
2021-May-07 14:36:23: New job from eth-eu2.nanopool.org:9433
2021-May-07 14:36:23: Ethereum - Total speed: 51.076 MH/s, Total shares: 0 Rejected: 0, Time: 03:00
2021-May-07 14:36:23: GPU0 t=69°C fan 57% power 212.37W. Total power: 212.37W
2021-May-07 14:36:26: New job from eth-eu2.nanopool.org:9433
2021-May-07 14:36:26: Ethereum - Total speed: 51.088 MH/s, Total shares: 0 Rejected: 0, Time: 03:03
2021-May-07 14:36:26: Ethereum last 10 min - Total: 51.073 MH/s.
2021-May-07 14:36:29: New job from eth-eu2.nanopool.org:9433
2021-May-07 14:36:29: Ethereum - Total speed: 51.099 MH/s, Total shares: 0 Rejected: 0, Time: 03:06
2021-May-07 14:36:29: GPU0 t=69°C fan 57% power 212.17W. Total power: 212.17W
2021-May-07 14:36:31: New job from eth-eu2.nanopool.org:9433
2021-May-07 14:36:32: Ethereum - Total speed: 51.107 MH/s, Total shares: 0 Rejected: 0, Time: 03:09
2021-May-07 14:36:34: New job from eth-eu2.nanopool.org:9433
2021-May-07 14:36:34: Ethereum - Total speed: 51.118 MH/s, Total shares: 0 Rejected: 0, Time: 03:12
2021-May-07 14:36:34: GPU0 t=69°C fan 57% power 212.50W. Total power: 212.50W
2021-May-07 14:36:38: New job from eth-eu2.nanopool.org:9433
2021-May-07 14:36:38: Ethereum - Total speed: 51.126 MH/s, Total shares: 0 Rejected: 0, Time: 03:15
2021-May-07 14:36:38: Ethereum last 10 min - Total: 51.076 MH/s.
2021-May-07 14:36:41: New job from eth-eu2.nanopool.org:9433
2021-May-07 14:36:41: Ethereum - Total speed: 51.133 MH/s, Total shares: 0 Rejected: 0, Time: 03:18
2021-May-07 14:36:41: GPU0 t=69°C fan 57% power 212.46W. Total power: 212.46W
2021-May-07 14:36:41: New job from eth-eu2.nanopool.org:9433
2021-May-07 14:36:41: Ethereum - Total speed: 51.139 MH/s, Total shares: 0 Rejected: 0, Time: 03:19
2021-May-07 14:36:42: New job from eth-eu2.nanopool.org:9433
2021-May-07 14:36:42: Ethereum - Total speed: 51.137 MH/s, Total shares: 0 Rejected: 0, Time: 03:19
2021-May-07 14:36:42: GPU0 t=69°C fan 57% power 211.89W. Total power: 211.89W
2021-May-07 14:36:45: New job from eth-eu2.nanopool.org:9433
2021-May-07 14:36:45: Ethereum - Total speed: 51.103 MH/s, Total shares: 0 Rejected: 0, Time: 03:23
2021-May-07 14:36:45: Ethereum last 10 min - Total: 51.078 MH/s.
2021-May-07 14:36:47: New job from eth-eu2.nanopool.org:9433
2021-May-07 14:36:47: Ethereum - Total speed: 51.111 MH/s, Total shares: 0 Rejected: 0, Time: 03:25
2021-May-07 14:36:47: GPU0 t=69°C fan 57% power 212.37W. Total power: 212.37W
2021-May-07 14:36:50: New job from eth-eu2.nanopool.org:9433
2021-May-07 14:36:50: Ethereum - Total speed: 51.120 MH/s, Total shares: 0 Rejected: 0, Time: 03:28
2021-May-07 14:36:51: New job from eth-eu2.nanopool.org:9433
2021-May-07 14:36:51: Ethereum - Total speed: 51.127 MH/s, Total shares: 0 Rejected: 0, Time: 03:28
2021-May-07 14:36:51: GPU0 t=69°C fan 57% power 212.27W. Total power: 212.27W
2021-May-07 14:36:54: New job from eth-eu2.nanopool.org:9433
2021-May-07 14:36:54: Ethereum - Total speed: 51.097 MH/s, Total shares: 0 Rejected: 0, Time: 03:31
2021-May-07 14:36:54: Ethereum last 10 min - Total: 51.079 MH/s.
2021-May-07 14:36:57: New job from eth-eu2.nanopool.org:9433
2021-May-07 14:36:57: Ethereum - Total speed: 51.106 MH/s, Total shares: 0 Rejected: 0, Time: 03:34
2021-May-07 14:36:57: GPU0 t=69°C fan 57% power 212.58W. Total power: 212.58W
2021-May-07 14:36:58: New job from eth-eu2.nanopool.org:9433
2021-May-07 14:36:58: Ethereum - Total speed: 51.115 MH/s, Total shares: 0 Rejected: 0, Time: 03:36
2021-May-07 14:36:58: New job from eth-eu2.nanopool.org:9433
2021-May-07 14:36:58: Ethereum - Total speed: 51.125 MH/s, Total shares: 0 Rejected: 0, Time: 03:36
2021-May-07 14:36:58: GPU0 t=69°C fan 57% power 212.63W. Total power: 212.63W
2021-May-07 14:37:01: New job from eth-eu2.nanopool.org:9433
2021-May-07 14:37:01: Ethereum - Total speed: 51.097 MH/s, Total shares: 0 Rejected: 0, Time: 03:39
2021-May-07 14:37:01: Ethereum last 10 min - Total: 51.080 MH/s.
2021-May-07 14:37:01: New job from eth-eu2.nanopool.org:9433
2021-May-07 14:37:01: Ethereum - Total speed: 51.104 MH/s, Total shares: 0 Rejected: 0, Time: 03:39
2021-May-07 14:37:01: GPU0 t=69°C fan 57% power 212.43W. Total power: 212.43W
2021-May-07 14:37:01: New job from eth-eu2.nanopool.org:9433
2021-May-07 14:37:01: Ethereum - Total speed: 51.065 MH/s, Total shares: 0 Rejected: 0, Time: 03:39
2021-May-07 14:37:04: New job from eth-eu2.nanopool.org:9433
2021-May-07 14:37:04: Ethereum - Total speed: 51.017 MH/s, Total shares: 0 Rejected: 0, Time: 03:42
2021-May-07 14:37:04: GPU0 t=69°C fan 57% power 212.59W. Total power: 212.59W
2021-May-07 14:37:07: New job from eth-eu2.nanopool.org:9433
2021-May-07 14:37:07: Ethereum - Total speed: 51.033 MH/s, Total shares: 0 Rejected: 0, Time: 03:45
2021-May-07 14:37:07: Ethereum last 10 min - Total: 51.079 MH/s.
2021-May-07 14:37:10: New job from eth-eu2.nanopool.org:9433
2021-May-07 14:37:10: Ethereum - Total speed: 51.048 MH/s, Total shares: 0 Rejected: 0, Time: 03:48
2021-May-07 14:37:10: GPU0 t=69°C fan 57% power 212.51W. Total power: 212.51W
2021-May-07 14:37:13: New job from eth-eu2.nanopool.org:9433
2021-May-07 14:37:13: Ethereum - Total speed: 51.060 MH/s, Total shares: 0 Rejected: 0, Time: 03:51
2021-May-07 14:37:15: New job from eth-eu2.nanopool.org:9433
2021-May-07 14:37:15: Ethereum - Total speed: 51.074 MH/s, Total shares: 0 Rejected: 0, Time: 03:52
2021-May-07 14:37:15: GPU0 t=69°C fan 58% power 212.47W. Total power: 212.47W
2021-May-07 14:37:15: New job from eth-eu2.nanopool.org:9433
2021-May-07 14:37:15: Ethereum - Total speed: 51.082 MH/s, Total shares: 0 Rejected: 0, Time: 03:53
2021-May-07 14:37:15: Ethereum last 10 min - Total: 51.078 MH/s.
2021-May-07 14:37:18: New job from eth-eu2.nanopool.org:9433
2021-May-07 14:37:18: Ethereum - Total speed: 51.047 MH/s, Total shares: 0 Rejected: 0, Time: 03:56
2021-May-07 14:37:18: GPU0 t=69°C fan 58% power 212.68W. Total power: 212.68W
2021-May-07 14:37:21: New job from eth-eu2.nanopool.org:9433
2021-May-07 14:37:21: Ethereum - Total speed: 51.062 MH/s, Total shares: 0 Rejected: 0, Time: 03:59
2021-May-07 14:37:22: New job from eth-eu2.nanopool.org:9433
2021-May-07 14:37:22: Ethereum - Total speed: 51.077 MH/s, Total shares: 0 Rejected: 0, Time: 04:00
2021-May-07 14:37:22: GPU0 t=69°C fan 58% power 212.71W. Total power: 212.71W
2021-May-07 14:37:22: New job from eth-eu2.nanopool.org:9433
2021-May-07 14:37:22: Ethereum - Total speed: 51.076 MH/s, Total shares: 0 Rejected: 0, Time: 04:00
2021-May-07 14:37:22: Ethereum last 10 min - Total: 51.077 MH/s.
2021-May-07 14:37:25: New job from eth-eu2.nanopool.org:9433
2021-May-07 14:37:25: Ethereum - Total speed: 51.039 MH/s, Total shares: 0 Rejected: 0, Time: 04:03
2021-May-07 14:37:25: GPU0 t=69°C fan 58% power 212.80W. Total power: 212.80W
2021-May-07 14:37:28: New job from eth-eu2.nanopool.org:9433
2021-May-07 14:37:28: Ethereum - Total speed: 51.053 MH/s, Total shares: 0 Rejected: 0, Time: 04:06
2021-May-07 14:37:31: New job from eth-eu2.nanopool.org:9433
2021-May-07 14:37:31: Ethereum - Total speed: 51.066 MH/s, Total shares: 0 Rejected: 0, Time: 04:09
2021-May-07 14:37:31: GPU0 t=69°C fan 58% power 212.68W. Total power: 212.68W
2021-May-07 14:37:34: New job from eth-eu2.nanopool.org:9433
2021-May-07 14:37:34: Ethereum - Total speed: 51.079 MH/s, Total shares: 0 Rejected: 0, Time: 04:12
2021-May-07 14:37:34: Ethereum last 10 min - Total: 51.076 MH/s.
2021-May-07 14:37:36: New job from eth-eu2.nanopool.org:9433
2021-May-07 14:37:36: Ethereum - Total speed: 51.089 MH/s, Total shares: 0 Rejected: 0, Time: 04:14
2021-May-07 14:37:36: GPU0 t=69°C fan 58% power 212.82W. Total power: 212.82W
2021-May-07 14:37:38: New job from eth-eu2.nanopool.org:9433
2021-May-07 14:37:38: Ethereum - Total speed: 51.097 MH/s, Total shares: 0 Rejected: 0, Time: 04:15
2021-May-07 14:37:39: New job from eth-eu2.nanopool.org:9433
2021-May-07 14:37:39: Ethereum - Total speed: 51.106 MH/s, Total shares: 0 Rejected: 0, Time: 04:17
2021-May-07 14:37:39: GPU0 t=69°C fan 58% power 212.76W. Total power: 212.76W
2021-May-07 14:37:42: New job from eth-eu2.nanopool.org:9433
2021-May-07 14:37:42: Ethereum - Total speed: 51.110 MH/s, Total shares: 0 Rejected: 0, Time: 04:20
2021-May-07 14:37:42: Ethereum last 10 min - Total: 51.077 MH/s.
2021-May-07 14:37:45: New job from eth-eu2.nanopool.org:9433
2021-May-07 14:37:45: Ethereum - Total speed: 51.116 MH/s, Total shares: 0 Rejected: 0, Time: 04:23
2021-May-07 14:37:45: GPU0 t=69°C fan 58% power 212.70W. Total power: 212.70W
2021-May-07 14:37:48: New job from eth-eu2.nanopool.org:9433
2021-May-07 14:37:48: Ethereum - Total speed: 51.126 MH/s, Total shares: 0 Rejected: 0, Time: 04:26
2021-May-07 14:37:51: New job from eth-eu2.nanopool.org:9433
2021-May-07 14:37:51: Ethereum - Total speed: 51.132 MH/s, Total shares: 0 Rejected: 0, Time: 04:29
2021-May-07 14:37:51: GPU0 t=69°C fan 58% power 212.81W. Total power: 212.81W
2021-May-07 14:37:54: New job from eth-eu2.nanopool.org:9433
2021-May-07 14:37:54: Ethereum - Total speed: 51.139 MH/s, Total shares: 0 Rejected: 0, Time: 04:32
2021-May-07 14:37:54: Ethereum last 10 min - Total: 51.079 MH/s.
2021-May-07 14:37:57: New job from eth-eu2.nanopool.org:9433
2021-May-07 14:37:57: Ethereum - Total speed: 51.144 MH/s, Total shares: 0 Rejected: 0, Time: 04:35
2021-May-07 14:37:57: GPU0 t=69°C fan 58% power 212.99W. Total power: 212.99W
2021-May-07 14:38:00: New job from eth-eu2.nanopool.org:9433
2021-May-07 14:38:00: Ethereum - Total speed: 51.148 MH/s, Total shares: 0 Rejected: 0, Time: 04:38
2021-May-07 14:38:03: New job from eth-eu2.nanopool.org:9433
2021-May-07 14:38:03: Ethereum - Total speed: 51.147 MH/s, Total shares: 0 Rejected: 0, Time: 04:41
2021-May-07 14:38:03: GPU0 t=69°C fan 58% power 212.93W. Total power: 212.93W
2021-May-07 14:38:06: New job from eth-eu2.nanopool.org:9433
2021-May-07 14:38:06: Ethereum - Total speed: 51.154 MH/s, Total shares: 0 Rejected: 0, Time: 04:44
2021-May-07 14:38:06: Ethereum last 10 min - Total: 51.082 MH/s.
2021-May-07 14:38:07: New job from eth-eu2.nanopool.org:9433
2021-May-07 14:38:07: Ethereum - Total speed: 51.158 MH/s, Total shares: 0 Rejected: 0, Time: 04:45
2021-May-07 14:38:07: GPU0 t=69°C fan 59% power 212.87W. Total power: 212.87W
2021-May-07 14:38:07: New job from eth-eu2.nanopool.org:9433
2021-May-07 14:38:07: Ethereum - Total speed: 51.151 MH/s, Total shares: 0 Rejected: 0, Time: 04:45
2021-May-07 14:38:11: New job from eth-eu2.nanopool.org:9433
2021-May-07 14:38:11: Ethereum - Total speed: 51.100 MH/s, Total shares: 0 Rejected: 0, Time: 04:49
2021-May-07 14:38:11: GPU0 t=69°C fan 58% power 212.66W. Total power: 212.66W
2021-May-07 14:38:13: New job from eth-eu2.nanopool.org:9433
2021-May-07 14:38:13: Ethereum - Total speed: 51.109 MH/s, Total shares: 0 Rejected: 0, Time: 04:51
2021-May-07 14:38:13: Ethereum last 10 min - Total: 51.083 MH/s.
2021-May-07 14:38:16: New job from eth-eu2.nanopool.org:9433
2021-May-07 14:38:16: Ethereum - Total speed: 51.117 MH/s, Total shares: 0 Rejected: 0, Time: 04:53
2021-May-07 14:38:16: GPU0 t=69°C fan 58% power 212.63W. Total power: 212.63W
2021-May-07 14:38:16: New job from eth-eu2.nanopool.org:9433
2021-May-07 14:38:16: Ethereum - Total speed: 51.125 MH/s, Total shares: 0 Rejected: 0, Time: 04:53
2021-May-07 14:38:19: New job from eth-eu2.nanopool.org:9433
2021-May-07 14:38:19: Ethereum - Total speed: 51.114 MH/s, Total shares: 0 Rejected: 0, Time: 04:56
2021-May-07 14:38:19: GPU0 t=69°C fan 58% power 212.41W. Total power: 212.41W
2021-May-07 14:38:22: New job from eth-eu2.nanopool.org:9433
2021-May-07 14:38:22: Ethereum - Total speed: 51.119 MH/s, Total shares: 0 Rejected: 0, Time: 05:00
2021-May-07 14:38:22: Ethereum last 10 min - Total: 51.084 MH/s.
2021-May-07 14:38:24: Ethereum - SHARE FOUND (GPU: 0, nonce: 0x20b1b35e9680265e).
2021-May-07 14:38:24: Ethereum: share accepted (49 ms)!
2021-May-07 14:38:25: New job from eth-eu2.nanopool.org:9433
2021-May-07 14:38:25: Ethereum - Total speed: 51.126 MH/s, Total shares: 1 Rejected: 0, Time: 05:02
2021-May-07 14:38:25: GPU0 t=69°C fan 59% power 212.92W. Total power: 212.92W
2021-May-07 14:38:28: New job from eth-eu2.nanopool.org:9433
2021-May-07 14:38:28: Ethereum - Total speed: 51.127 MH/s, Total shares: 1 Rejected: 0, Time: 05:06
2021-May-07 14:38:31: New job from eth-eu2.nanopool.org:9433
2021-May-07 14:38:31: Ethereum - Total speed: 51.133 MH/s, Total shares: 1 Rejected: 0, Time: 05:09
2021-May-07 14:38:31: GPU0 t=69°C fan 59% power 212.90W. Total power: 212.90W
2021-May-07 14:38:34: New job from eth-eu2.nanopool.org:9433
2021-May-07 14:38:34: Ethereum - Total speed: 51.139 MH/s, Total shares: 1 Rejected: 0, Time: 05:12
2021-May-07 14:38:34: Ethereum last 10 min - Total: 51.086 MH/s.
2021-May-07 14:38:37: New job from eth-eu2.nanopool.org:9433
2021-May-07 14:38:37: Ethereum - Total speed: 51.145 MH/s, Total shares: 1 Rejected: 0, Time: 05:14
2021-May-07 14:38:37: GPU0 t=69°C fan 59% power 212.87W. Total power: 212.87W
2021-May-07 14:38:40: New job from eth-eu2.nanopool.org:9433
2021-May-07 14:38:40: Ethereum - Total speed: 51.149 MH/s, Total shares: 1 Rejected: 0, Time: 05:17
2021-May-07 14:38:43: New job from eth-eu2.nanopool.org:9433
2021-May-07 14:38:43: Ethereum - Total speed: 51.154 MH/s, Total shares: 1 Rejected: 0, Time: 05:20
2021-May-07 14:38:43: GPU0 t=69°C fan 59% power 212.81W. Total power: 212.81W
2021-May-07 14:38:46: New job from eth-eu2.nanopool.org:9433
2021-May-07 14:38:46: Ethereum - Total speed: 51.157 MH/s, Total shares: 1 Rejected: 0, Time: 05:23
2021-May-07 14:38:46: Ethereum last 10 min - Total: 51.088 MH/s.
2021-May-07 14:38:49: New job from eth-eu2.nanopool.org:9433
2021-May-07 14:38:49: Ethereum - Total speed: 51.158 MH/s, Total shares: 1 Rejected: 0, Time: 05:26
2021-May-07 14:38:49: GPU0 t=69°C fan 59% power 212.81W. Total power: 212.81W
2021-May-07 14:38:49: New job from eth-eu2.nanopool.org:9433
2021-May-07 14:38:49: Ethereum - Total speed: 51.163 MH/s, Total shares: 1 Rejected: 0, Time: 05:27
2021-May-07 14:38:52: New job from eth-eu2.nanopool.org:9433
2021-May-07 14:38:52: Ethereum - Total speed: 51.098 MH/s, Total shares: 1 Rejected: 0, Time: 05:29
2021-May-07 14:38:52: GPU0 t=69°C fan 59% power 212.88W. Total power: 212.88W
2021-May-07 14:38:53: New job from eth-eu2.nanopool.org:9433
2021-May-07 14:38:53: Ethereum - Total speed: 51.110 MH/s, Total shares: 1 Rejected: 0, Time: 05:31
2021-May-07 14:38:53: Ethereum last 10 min - Total: 51.090 MH/s.
2021-May-07 14:38:53: New job from eth-eu2.nanopool.org:9433
2021-May-07 14:38:53: Ethereum - Total speed: 51.113 MH/s, Total shares: 1 Rejected: 0, Time: 05:31
2021-May-07 14:38:53: GPU0 t=69°C fan 59% power 212.56W. Total power: 212.56W
2021-May-07 14:38:54: New job from eth-eu2.nanopool.org:9433
2021-May-07 14:38:54: Ethereum - Total speed: 51.054 MH/s, Total shares: 1 Rejected: 0, Time: 05:31
2021-May-07 14:38:57: New job from eth-eu2.nanopool.org:9433
2021-May-07 14:38:57: Ethereum - Total speed: 51.029 MH/s, Total shares: 1 Rejected: 0, Time: 05:35
2021-May-07 14:38:57: GPU0 t=69°C fan 59% power 212.74W. Total power: 212.74W
2021-May-07 14:38:59: New job from eth-eu2.nanopool.org:9433
2021-May-07 14:38:59: Ethereum - Total speed: 51.044 MH/s, Total shares: 1 Rejected: 0, Time: 05:37
2021-May-07 14:38:59: Ethereum last 10 min - Total: 51.089 MH/s.
2021-May-07 14:39:02: New job from eth-eu2.nanopool.org:9433
2021-May-07 14:39:02: Ethereum - Total speed: 51.056 MH/s, Total shares: 1 Rejected: 0, Time: 05:40
2021-May-07 14:39:02: GPU0 t=69°C fan 59% power 213.07W. Total power: 213.07W
2021-May-07 14:39:05: New job from eth-eu2.nanopool.org:9433
2021-May-07 14:39:05: Ethereum - Total speed: 51.067 MH/s, Total shares: 1 Rejected: 0, Time: 05:43
2021-May-07 14:39:08: New job from eth-eu2.nanopool.org:9433
2021-May-07 14:39:08: Ethereum - Total speed: 51.079 MH/s, Total shares: 1 Rejected: 0, Time: 05:46
2021-May-07 14:39:08: GPU0 t=69°C fan 59% power 212.81W. Total power: 212.81W
2021-May-07 14:39:10: New job from eth-eu2.nanopool.org:9433
2021-May-07 14:39:10: Ethereum - Total speed: 51.089 MH/s, Total shares: 1 Rejected: 0, Time: 05:48
2021-May-07 14:39:10: Ethereum last 10 min - Total: 51.088 MH/s.
2021-May-07 14:39:11: New job from eth-eu2.nanopool.org:9433
2021-May-07 14:39:11: Ethereum - Total speed: 51.100 MH/s, Total shares: 1 Rejected: 0, Time: 05:48
2021-May-07 14:39:11: GPU0 t=69°C fan 59% power 212.79W. Total power: 212.79W
2021-May-07 14:39:14: New job from eth-eu2.nanopool.org:9433
2021-May-07 14:39:14: Ethereum - Total speed: 51.067 MH/s, Total shares: 1 Rejected: 0, Time: 05:51
2021-May-07 14:39:17: New job from eth-eu2.nanopool.org:9433
2021-May-07 14:39:17: Ethereum - Total speed: 51.080 MH/s, Total shares: 1 Rejected: 0, Time: 05:54
2021-May-07 14:39:17: GPU0 t=69°C fan 59% power 212.91W. Total power: 212.91W
2021-May-07 14:39:20: New job from eth-eu2.nanopool.org:9433
2021-May-07 14:39:20: Ethereum - Total speed: 51.089 MH/s, Total shares: 1 Rejected: 0, Time: 05:57
2021-May-07 14:39:20: Ethereum last 10 min - Total: 51.088 MH/s.
2021-May-07 14:39:23: New job from eth-eu2.nanopool.org:9433
2021-May-07 14:39:23: Ethereum - Total speed: 51.100 MH/s, Total shares: 1 Rejected: 0, Time: 06:00
2021-May-07 14:39:23: GPU0 t=69°C fan 59% power 213.06W. Total power: 213.06W
2021-May-07 14:39:26: New job from eth-eu2.nanopool.org:9433
2021-May-07 14:39:26: Ethereum - Total speed: 51.111 MH/s, Total shares: 1 Rejected: 0, Time: 06:03
2021-May-07 14:39:29: New job from eth-eu2.nanopool.org:9433
2021-May-07 14:39:29: Ethereum - Total speed: 51.119 MH/s, Total shares: 1 Rejected: 0, Time: 06:06
2021-May-07 14:39:29: GPU0 t=69°C fan 59% power 212.78W. Total power: 212.78W
2021-May-07 14:39:32: New job from eth-eu2.nanopool.org:9433
2021-May-07 14:39:32: Ethereum - Total speed: 51.127 MH/s, Total shares: 1 Rejected: 0, Time: 06:09
2021-May-07 14:39:32: Ethereum last 10 min - Total: 51.088 MH/s.
2021-May-07 14:39:35: New job from eth-eu2.nanopool.org:9433
2021-May-07 14:39:35: Ethereum - Total speed: 51.134 MH/s, Total shares: 1 Rejected: 0, Time: 06:12
2021-May-07 14:39:35: GPU0 t=69°C fan 59% power 212.85W. Total power: 212.85W
2021-May-07 14:39:38: New job from eth-eu2.nanopool.org:9433
2021-May-07 14:39:38: Ethereum - Total speed: 51.138 MH/s, Total shares: 1 Rejected: 0, Time: 06:15
2021-May-07 14:39:41: New job from eth-eu2.nanopool.org:9433
2021-May-07 14:39:41: Ethereum - Total speed: 51.144 MH/s, Total shares: 1 Rejected: 0, Time: 06:18
2021-May-07 14:39:41: GPU0 t=69°C fan 59% power 212.71W. Total power: 212.71W
2021-May-07 14:39:44: New job from eth-eu2.nanopool.org:9433
2021-May-07 14:39:44: Ethereum - Total speed: 51.149 MH/s, Total shares: 1 Rejected: 0, Time: 06:21
2021-May-07 14:39:44: Ethereum last 10 min - Total: 51.090 MH/s.
2021-May-07 14:39:47: New job from eth-eu2.nanopool.org:9433
2021-May-07 14:39:47: Ethereum - Total speed: 51.151 MH/s, Total shares: 1 Rejected: 0, Time: 06:24
2021-May-07 14:39:47: GPU0 t=69°C fan 59% power 212.97W. Total power: 212.97W
2021-May-07 14:39:50: New job from eth-eu2.nanopool.org:9433
2021-May-07 14:39:50: Ethereum - Total speed: 51.154 MH/s, Total shares: 1 Rejected: 0, Time: 06:27
2021-May-07 14:39:53: New job from eth-eu2.nanopool.org:9433
2021-May-07 14:39:53: Ethereum - Total speed: 51.157 MH/s, Total shares: 1 Rejected: 0, Time: 06:31
2021-May-07 14:39:53: GPU0 t=69°C fan 59% power 213.01W. Total power: 213.01W
2021-May-07 14:39:56: New job from eth-eu2.nanopool.org:9433
2021-May-07 14:39:56: Ethereum - Total speed: 51.162 MH/s, Total shares: 1 Rejected: 0, Time: 06:34
2021-May-07 14:39:56: Ethereum last 10 min - Total: 51.092 MH/s.
2021-May-07 14:39:59: New job from eth-eu2.nanopool.org:9433
2021-May-07 14:39:59: Ethereum - Total speed: 51.165 MH/s, Total shares: 1 Rejected: 0, Time: 06:36
2021-May-07 14:39:59: GPU0 t=69°C fan 59% power 212.81W. Total power: 212.81W
2021-May-07 14:40:02: New job from eth-eu2.nanopool.org:9433
2021-May-07 14:40:02: Ethereum - Total speed: 51.168 MH/s, Total shares: 1 Rejected: 0, Time: 06:39
2021-May-07 14:40:05: New job from eth-eu2.nanopool.org:9433
2021-May-07 14:40:05: Ethereum - Total speed: 51.167 MH/s, Total shares: 1 Rejected: 0, Time: 06:42
2021-May-07 14:40:05: GPU0 t=69°C fan 60% power 212.43W. Total power: 212.43W
2021-May-07 14:40:08: New job from eth-eu2.nanopool.org:9433
2021-May-07 14:40:08: Ethereum - Total speed: 51.171 MH/s, Total shares: 1 Rejected: 0, Time: 06:45
2021-May-07 14:40:08: Ethereum last 10 min - Total: 51.094 MH/s.
2021-May-07 14:40:11: New job from eth-eu2.nanopool.org:9433
2021-May-07 14:40:11: Ethereum - Total speed: 51.172 MH/s, Total shares: 1 Rejected: 0, Time: 06:48
2021-May-07 14:40:11: GPU0 t=69°C fan 60% power 212.85W. Total power: 212.85W
2021-May-07 14:40:14: New job from eth-eu2.nanopool.org:9433
2021-May-07 14:40:14: Ethereum - Total speed: 51.173 MH/s, Total shares: 1 Rejected: 0, Time: 06:51
2021-May-07 14:40:17: New job from eth-eu2.nanopool.org:9433
2021-May-07 14:40:17: Ethereum - Total speed: 51.177 MH/s, Total shares: 1 Rejected: 0, Time: 06:54
2021-May-07 14:40:17: GPU0 t=69°C fan 59% power 212.88W. Total power: 212.88W
2021-May-07 14:40:20: New job from eth-eu2.nanopool.org:9433
2021-May-07 14:40:20: Ethereum - Total speed: 51.180 MH/s, Total shares: 1 Rejected: 0, Time: 06:58
2021-May-07 14:40:20: Ethereum last 10 min - Total: 51.097 MH/s.
2021-May-07 14:40:23: New job from eth-eu2.nanopool.org:9433
2021-May-07 14:40:23: Ethereum - Total speed: 51.181 MH/s, Total shares: 1 Rejected: 0, Time: 07:00
2021-May-07 14:40:23: GPU0 t=69°C fan 60% power 212.79W. Total power: 212.79W
2021-May-07 14:40:26: New job from eth-eu2.nanopool.org:9433
2021-May-07 14:40:26: Ethereum - Total speed: 51.182 MH/s, Total shares: 1 Rejected: 0, Time: 07:03
2021-May-07 14:40:29: New job from eth-eu2.nanopool.org:9433
2021-May-07 14:40:29: Ethereum - Total speed: 51.182 MH/s, Total shares: 1 Rejected: 0, Time: 07:06
2021-May-07 14:40:29: GPU0 t=69°C fan 60% power 212.77W. Total power: 212.77W
2021-May-07 14:40:29: New job from eth-eu2.nanopool.org:9433
2021-May-07 14:40:29: Ethereum - Total speed: 51.184 MH/s, Total shares: 1 Rejected: 0, Time: 07:07
2021-May-07 14:40:29: Ethereum last 10 min - Total: 51.099 MH/s.
2021-May-07 14:40:29: New job from eth-eu2.nanopool.org:9433
2021-May-07 14:40:29: Ethereum - Total speed: 51.166 MH/s, Total shares: 1 Rejected: 0, Time: 07:07
2021-May-07 14:40:29: GPU0 t=69°C fan 60% power 212.44W. Total power: 212.44W
2021-May-07 14:40:33: New job from eth-eu2.nanopool.org:9433
2021-May-07 14:40:33: Ethereum - Total speed: 51.120 MH/s, Total shares: 1 Rejected: 0, Time: 07:11
2021-May-07 14:40:35: New job from eth-eu2.nanopool.org:9433
2021-May-07 14:40:35: Ethereum - Total speed: 51.127 MH/s, Total shares: 1 Rejected: 0, Time: 07:13
2021-May-07 14:40:35: GPU0 t=69°C fan 60% power 212.57W. Total power: 212.57W
2021-May-07 14:40:36: New job from eth-eu2.nanopool.org:9433
2021-May-07 14:40:36: Ethereum - Total speed: 51.131 MH/s, Total shares: 1 Rejected: 0, Time: 07:14
2021-May-07 14:40:36: Ethereum last 10 min - Total: 51.099 MH/s.
2021-May-07 14:40:36: New job from eth-eu2.nanopool.org:9433
2021-May-07 14:40:36: Ethereum - Total speed: 51.131 MH/s, Total shares: 1 Rejected: 0, Time: 07:14
2021-May-07 14:40:36: GPU0 t=69°C fan 60% power 212.34W. Total power: 212.34W
2021-May-07 14:40:40: New job from eth-eu2.nanopool.org:9433
2021-May-07 14:40:40: Ethereum - Total speed: 51.081 MH/s, Total shares: 1 Rejected: 0, Time: 07:17
2021-May-07 14:40:41: New job from eth-eu2.nanopool.org:9433
2021-May-07 14:40:41: Ethereum - Total speed: 51.092 MH/s, Total shares: 1 Rejected: 0, Time: 07:18
2021-May-07 14:40:41: GPU0 t=69°C fan 60% power 212.57W. Total power: 212.57W
2021-May-07 14:40:42: New job from eth-eu2.nanopool.org:9433
2021-May-07 14:40:42: Ethereum - Total speed: 51.096 MH/s, Total shares: 1 Rejected: 0, Time: 07:20
2021-May-07 14:40:42: Ethereum last 10 min - Total: 51.099 MH/s.
2021-May-07 14:40:46: New job from eth-eu2.nanopool.org:9433
2021-May-07 14:40:46: Ethereum - Total speed: 51.103 MH/s, Total shares: 1 Rejected: 0, Time: 07:23
2021-May-07 14:40:46: GPU0 t=69°C fan 60% power 212.77W. Total power: 212.77W
2021-May-07 14:40:48: New job from eth-eu2.nanopool.org:9433
2021-May-07 14:40:48: Ethereum - Total speed: 51.111 MH/s, Total shares: 1 Rejected: 0, Time: 07:26
2021-May-07 14:40:49: New job from eth-eu2.nanopool.org:9433
2021-May-07 14:40:49: Ethereum - Total speed: 51.120 MH/s, Total shares: 1 Rejected: 0, Time: 07:26
2021-May-07 14:40:49: GPU0 t=69°C fan 60% power 212.72W. Total power: 212.72W
2021-May-07 14:40:51: New job from eth-eu2.nanopool.org:9433
2021-May-07 14:40:51: Ethereum - Total speed: 51.113 MH/s, Total shares: 1 Rejected: 0, Time: 07:29
2021-May-07 14:40:51: Ethereum last 10 min - Total: 51.099 MH/s.
2021-May-07 14:40:54: New job from eth-eu2.nanopool.org:9433
2021-May-07 14:40:54: Ethereum - Total speed: 51.121 MH/s, Total shares: 1 Rejected: 0, Time: 07:32
2021-May-07 14:40:54: GPU0 t=69°C fan 60% power 212.55W. Total power: 212.55W
2021-May-07 14:40:57: New job from eth-eu2.nanopool.org:9433
2021-May-07 14:40:57: Ethereum - Total speed: 51.126 MH/s, Total shares: 1 Rejected: 0, Time: 07:35
2021-May-07 14:41:00: New job from eth-eu2.nanopool.org:9433
2021-May-07 14:41:00: Ethereum - Total speed: 51.132 MH/s, Total shares: 1 Rejected: 0, Time: 07:38
2021-May-07 14:41:00: GPU0 t=69°C fan 60% power 212.76W. Total power: 212.76W
2021-May-07 14:41:03: New job from eth-eu2.nanopool.org:9433
2021-May-07 14:41:03: Ethereum - Total speed: 51.137 MH/s, Total shares: 1 Rejected: 0, Time: 07:41
2021-May-07 14:41:03: Ethereum last 10 min - Total: 51.100 MH/s.
2021-May-07 14:41:06: New job from eth-eu2.nanopool.org:9433
2021-May-07 14:41:06: Ethereum - Total speed: 51.140 MH/s, Total shares: 1 Rejected: 0, Time: 07:44
2021-May-07 14:41:06: GPU0 t=69°C fan 60% power 213.02W. Total power: 213.02W
2021-May-07 14:41:09: New job from eth-eu2.nanopool.org:9433
2021-May-07 14:41:09: Ethereum - Total speed: 51.145 MH/s, Total shares: 1 Rejected: 0, Time: 07:47
2021-May-07 14:41:12: New job from eth-eu2.nanopool.org:9433
2021-May-07 14:41:12: Ethereum - Total speed: 51.150 MH/s, Total shares: 1 Rejected: 0, Time: 07:50
2021-May-07 14:41:12: GPU0 t=69°C fan 60% power 212.85W. Total power: 212.85W
2021-May-07 14:41:15: New job from eth-eu2.nanopool.org:9433
2021-May-07 14:41:15: Ethereum - Total speed: 51.152 MH/s, Total shares: 1 Rejected: 0, Time: 07:53
2021-May-07 14:41:15: Ethereum last 10 min - Total: 51.101 MH/s.
2021-May-07 14:41:18: New job from eth-eu2.nanopool.org:9433
2021-May-07 14:41:18: Ethereum - Total speed: 51.157 MH/s, Total shares: 1 Rejected: 0, Time: 07:56
2021-May-07 14:41:18: GPU0 t=69°C fan 60% power 212.87W. Total power: 212.87W
2021-May-07 14:41:21: New job from eth-eu2.nanopool.org:9433
2021-May-07 14:41:21: Ethereum - Total speed: 51.162 MH/s, Total shares: 1 Rejected: 0, Time: 07:59
2021-May-07 14:41:24: New job from eth-eu2.nanopool.org:9433
2021-May-07 14:41:24: Ethereum - Total speed: 51.165 MH/s, Total shares: 1 Rejected: 0, Time: 08:02
2021-May-07 14:41:24: GPU0 t=69°C fan 60% power 212.70W. Total power: 212.70W
2021-May-07 14:41:27: New job from eth-eu2.nanopool.org:9433
2021-May-07 14:41:27: Ethereum - Total speed: 51.167 MH/s, Total shares: 1 Rejected: 0, Time: 08:05
2021-May-07 14:41:27: Ethereum last 10 min - Total: 51.103 MH/s.
2021-May-07 14:41:29: New job from eth-eu2.nanopool.org:9433
2021-May-07 14:41:29: Ethereum - Total speed: 51.169 MH/s, Total shares: 1 Rejected: 0, Time: 08:07
2021-May-07 14:41:29: GPU0 t=69°C fan 60% power 212.66W. Total power: 212.66W
2021-May-07 14:41:30: New job from eth-eu2.nanopool.org:9433
2021-May-07 14:41:30: Ethereum - Total speed: 51.169 MH/s, Total shares: 1 Rejected: 0, Time: 08:07
2021-May-07 14:41:30: New job from eth-eu2.nanopool.org:9433
2021-May-07 14:41:30: Ethereum - Total speed: 51.169 MH/s, Total shares: 1 Rejected: 0, Time: 08:07
2021-May-07 14:41:30: GPU0 t=69°C fan 60% power 212.36W. Total power: 212.36W
2021-May-07 14:41:33: New job from eth-eu2.nanopool.org:9433
2021-May-07 14:41:33: Ethereum - Total speed: 51.138 MH/s, Total shares: 1 Rejected: 0, Time: 08:10
2021-May-07 14:41:33: Ethereum last 10 min - Total: 51.103 MH/s.
2021-May-07 14:41:36: New job from eth-eu2.nanopool.org:9433
2021-May-07 14:41:36: Ethereum - Total speed: 51.141 MH/s, Total shares: 1 Rejected: 0, Time: 08:13
2021-May-07 14:41:36: GPU0 t=69°C fan 60% power 212.62W. Total power: 212.62W
2021-May-07 14:41:39: New job from eth-eu2.nanopool.org:9433
2021-May-07 14:41:39: Ethereum - Total speed: 51.146 MH/s, Total shares: 1 Rejected: 0, Time: 08:16
2021-May-07 14:41:42: New job from eth-eu2.nanopool.org:9433
2021-May-07 14:41:42: Ethereum - Total speed: 51.150 MH/s, Total shares: 1 Rejected: 0, Time: 08:19
2021-May-07 14:41:42: GPU0 t=69°C fan 60% power 213.05W. Total power: 213.05W
2021-May-07 14:41:45: New job from eth-eu2.nanopool.org:9433
2021-May-07 14:41:45: Ethereum - Total speed: 51.156 MH/s, Total shares: 1 Rejected: 0, Time: 08:23
2021-May-07 14:41:45: Ethereum last 10 min - Total: 51.105 MH/s.
2021-May-07 14:41:47: New job from eth-eu2.nanopool.org:9433
2021-May-07 14:41:47: Ethereum - Total speed: 51.159 MH/s, Total shares: 1 Rejected: 0, Time: 08:24
2021-May-07 14:41:47: GPU0 t=69°C fan 60% power 213.03W. Total power: 213.03W
2021-May-07 14:41:47: New job from eth-eu2.nanopool.org:9433
2021-May-07 14:41:47: Ethereum - Total speed: 51.162 MH/s, Total shares: 1 Rejected: 0, Time: 08:25
2021-May-07 14:41:50: New job from eth-eu2.nanopool.org:9433
2021-May-07 14:41:50: Ethereum - Total speed: 51.158 MH/s, Total shares: 1 Rejected: 0, Time: 08:28
2021-May-07 14:41:50: GPU0 t=69°C fan 60% power 213.03W. Total power: 213.03W
2021-May-07 14:41:53: New job from eth-eu2.nanopool.org:9433
2021-May-07 14:41:53: Ethereum - Total speed: 51.160 MH/s, Total shares: 1 Rejected: 0, Time: 08:30
2021-May-07 14:41:53: Ethereum last 10 min - Total: 51.105 MH/s.
2021-May-07 14:41:56: New job from eth-eu2.nanopool.org:9433
2021-May-07 14:41:56: Ethereum - Total speed: 51.163 MH/s, Total shares: 1 Rejected: 0, Time: 08:33
2021-May-07 14:41:56: GPU0 t=69°C fan 60% power 212.85W. Total power: 212.85W
2021-May-07 14:41:59: New job from eth-eu2.nanopool.org:9433
2021-May-07 14:41:59: Ethereum - Total speed: 51.166 MH/s, Total shares: 1 Rejected: 0, Time: 08:36
2021-May-07 14:41:59: New job from eth-eu2.nanopool.org:9433
2021-May-07 14:41:59: Ethereum - Total speed: 51.167 MH/s, Total shares: 1 Rejected: 0, Time: 08:37
2021-May-07 14:41:59: GPU0 t=69°C fan 60% power 212.69W. Total power: 212.69W
2021-May-07 14:41:59: New job from eth-eu2.nanopool.org:9433
2021-May-07 14:41:59: Ethereum - Total speed: 51.133 MH/s, Total shares: 1 Rejected: 0, Time: 08:37
2021-May-07 14:41:59: Ethereum last 10 min - Total: 51.106 MH/s.
2021-May-07 14:42:02: New job from eth-eu2.nanopool.org:9433
2021-May-07 14:42:02: Ethereum - Total speed: 51.083 MH/s, Total shares: 1 Rejected: 0, Time: 08:40
2021-May-07 14:42:02: GPU0 t=69°C fan 60% power 213.24W. Total power: 213.24W
2021-May-07 14:42:04: New job from eth-eu2.nanopool.org:9433
2021-May-07 14:42:04: Ethereum - Total speed: 51.090 MH/s, Total shares: 1 Rejected: 0, Time: 08:42
2021-May-07 14:42:05: New job from eth-eu2.nanopool.org:9433
2021-May-07 14:42:05: Ethereum - Total speed: 51.100 MH/s, Total shares: 1 Rejected: 0, Time: 08:43
2021-May-07 14:42:05: GPU0 t=69°C fan 60% power 212.90W. Total power: 212.90W
2021-May-07 14:42:08: New job from eth-eu2.nanopool.org:9433
2021-May-07 14:42:08: Ethereum - Total speed: 51.087 MH/s, Total shares: 1 Rejected: 0, Time: 08:45
2021-May-07 14:42:08: Ethereum last 10 min - Total: 51.106 MH/s.
2021-May-07 14:42:10: New job from eth-eu2.nanopool.org:9433
2021-May-07 14:42:10: Ethereum - Total speed: 51.098 MH/s, Total shares: 1 Rejected: 0, Time: 08:47
2021-May-07 14:42:10: GPU0 t=69°C fan 60% power 213.27W. Total power: 213.27W
2021-May-07 14:42:10: New job from eth-eu2.nanopool.org:9433
2021-May-07 14:42:10: Ethereum - Total speed: 51.103 MH/s, Total shares: 1 Rejected: 0, Time: 08:48
2021-May-07 14:42:13: New job from eth-eu2.nanopool.org:9433
2021-May-07 14:42:13: Ethereum - Total speed: 51.099 MH/s, Total shares: 1 Rejected: 0, Time: 08:51
2021-May-07 14:42:13: GPU0 t=69°C fan 60% power 212.91W. Total power: 212.91W
2021-May-07 14:42:16: New job from eth-eu2.nanopool.org:9433
2021-May-07 14:42:16: Ethereum - Total speed: 51.108 MH/s, Total shares: 1 Rejected: 0, Time: 08:54
2021-May-07 14:42:16: Ethereum last 10 min - Total: 51.106 MH/s.
2021-May-07 14:42:19: New job from eth-eu2.nanopool.org:9433
2021-May-07 14:42:19: Ethereum - Total speed: 51.117 MH/s, Total shares: 1 Rejected: 0, Time: 08:57
2021-May-07 14:42:19: GPU0 t=69°C fan 60% power 212.92W. Total power: 212.92W
2021-May-07 14:42:22: New job from eth-eu2.nanopool.org:9433
2021-May-07 14:42:22: Ethereum - Total speed: 51.122 MH/s, Total shares: 1 Rejected: 0, Time: 09:00
2021-May-07 14:42:25: New job from eth-eu2.nanopool.org:9433
2021-May-07 14:42:25: Ethereum - Total speed: 51.130 MH/s, Total shares: 1 Rejected: 0, Time: 09:03
2021-May-07 14:42:25: GPU0 t=69°C fan 60% power 212.89W. Total power: 212.89W
2021-May-07 14:42:28: New job from eth-eu2.nanopool.org:9433
2021-May-07 14:42:28: Ethereum - Total speed: 51.138 MH/s, Total shares: 1 Rejected: 0, Time: 09:06
2021-May-07 14:42:28: Ethereum last 10 min - Total: 51.106 MH/s.
2021-May-07 14:42:29: New job from eth-eu2.nanopool.org:9433
2021-May-07 14:42:29: Ethereum - Total speed: 51.143 MH/s, Total shares: 1 Rejected: 0, Time: 09:06
2021-May-07 14:42:29: GPU0 t=69°C fan 60% power 212.75W. Total power: 212.75W
2021-May-07 14:42:29: New job from eth-eu2.nanopool.org:9433
2021-May-07 14:42:29: Ethereum - Total speed: 51.147 MH/s, Total shares: 1 Rejected: 0, Time: 09:07
2021-May-07 14:42:32: New job from eth-eu2.nanopool.org:9433
2021-May-07 14:42:32: Ethereum - Total speed: 51.129 MH/s, Total shares: 1 Rejected: 0, Time: 09:09
2021-May-07 14:42:32: GPU0 t=69°C fan 60% power 212.83W. Total power: 212.83W
2021-May-07 14:42:36: New job from eth-eu2.nanopool.org:9433
2021-May-07 14:42:36: Ethereum - Total speed: 51.133 MH/s, Total shares: 1 Rejected: 0, Time: 09:13
2021-May-07 14:42:36: Ethereum last 10 min - Total: 51.107 MH/s.
2021-May-07 14:42:36: New job from eth-eu2.nanopool.org:9433
2021-May-07 14:42:36: Ethereum - Total speed: 51.140 MH/s, Total shares: 1 Rejected: 0, Time: 09:14
2021-May-07 14:42:36: GPU0 t=69°C fan 60% power 212.94W. Total power: 212.94W
2021-May-07 14:42:38: New job from eth-eu2.nanopool.org:9433
2021-May-07 14:42:38: Ethereum - Total speed: 51.134 MH/s, Total shares: 1 Rejected: 0, Time: 09:15
2021-May-07 14:42:39: New job from eth-eu2.nanopool.org:9433
2021-May-07 14:42:39: Ethereum - Total speed: 51.138 MH/s, Total shares: 1 Rejected: 0, Time: 09:17
2021-May-07 14:42:39: GPU0 t=69°C fan 60% power 213.11W. Total power: 213.11W
2021-May-07 14:42:42: New job from eth-eu2.nanopool.org:9433
2021-May-07 14:42:42: Ethereum - Total speed: 51.140 MH/s, Total shares: 1 Rejected: 0, Time: 09:20
2021-May-07 14:42:42: Ethereum last 10 min - Total: 51.107 MH/s.
2021-May-07 14:42:45: New job from eth-eu2.nanopool.org:9433
2021-May-07 14:42:45: Ethereum - Total speed: 51.147 MH/s, Total shares: 1 Rejected: 0, Time: 09:23
2021-May-07 14:42:45: GPU0 t=69°C fan 60% power 213.13W. Total power: 213.13W
2021-May-07 14:42:48: New job from eth-eu2.nanopool.org:9433
2021-May-07 14:42:48: Ethereum - Total speed: 51.153 MH/s, Total shares: 1 Rejected: 0, Time: 09:26
2021-May-07 14:42:51: New job from eth-eu2.nanopool.org:9433
2021-May-07 14:42:51: Ethereum - Total speed: 51.157 MH/s, Total shares: 1 Rejected: 0, Time: 09:29
2021-May-07 14:42:51: GPU0 t=69°C fan 60% power 212.78W. Total power: 212.78W
2021-May-07 14:42:54: New job from eth-eu2.nanopool.org:9433
2021-May-07 14:42:54: Ethereum - Total speed: 51.159 MH/s, Total shares: 1 Rejected: 0, Time: 09:32
2021-May-07 14:42:54: Ethereum last 10 min - Total: 51.108 MH/s.
2021-May-07 14:42:57: New job from eth-eu2.nanopool.org:9433
2021-May-07 14:42:57: Ethereum - Total speed: 51.161 MH/s, Total shares: 1 Rejected: 0, Time: 09:35
2021-May-07 14:42:57: GPU0 t=69°C fan 60% power 212.85W. Total power: 212.85W
2021-May-07 14:42:59: New job from eth-eu2.nanopool.org:9433
2021-May-07 14:42:59: Ethereum - Total speed: 51.164 MH/s, Total shares: 1 Rejected: 0, Time: 09:36
2021-May-07 14:42:59: New job from eth-eu2.nanopool.org:9433
2021-May-07 14:42:59: Ethereum - Total speed: 51.168 MH/s, Total shares: 1 Rejected: 0, Time: 09:37
2021-May-07 14:42:59: GPU0 t=69°C fan 60% power 212.68W. Total power: 212.68W
2021-May-07 14:43:03: New job from eth-eu2.nanopool.org:9433
2021-May-07 14:43:03: Ethereum - Total speed: 51.108 MH/s, Total shares: 1 Rejected: 0, Time: 09:40
2021-May-07 14:43:03: Ethereum last 10 min - Total: 51.109 MH/s.
2021-May-07 14:43:05: New job from eth-eu2.nanopool.org:9433
2021-May-07 14:43:05: Ethereum - Total speed: 51.118 MH/s, Total shares: 1 Rejected: 0, Time: 09:43
2021-May-07 14:43:05: GPU0 t=69°C fan 60% power 212.84W. Total power: 212.84W
2021-May-07 14:43:06: New job from eth-eu2.nanopool.org:9433
2021-May-07 14:43:06: Ethereum - Total speed: 51.124 MH/s, Total shares: 1 Rejected: 0, Time: 09:44
2021-May-07 14:43:07: New job from eth-eu2.nanopool.org:9433
2021-May-07 14:43:07: Ethereum - Total speed: 51.130 MH/s, Total shares: 1 Rejected: 0, Time: 09:44
2021-May-07 14:43:07: GPU0 t=69°C fan 60% power 212.80W. Total power: 212.80W
2021-May-07 14:43:10: New job from eth-eu2.nanopool.org:9433
2021-May-07 14:43:10: Ethereum - Total speed: 51.076 MH/s, Total shares: 1 Rejected: 0, Time: 09:47
2021-May-07 14:43:10: Ethereum last 10 min - Total: 51.109 MH/s.
2021-May-07 14:43:10: New job from eth-eu2.nanopool.org:9433
2021-May-07 14:43:10: Ethereum - Total speed: 51.088 MH/s, Total shares: 1 Rejected: 0, Time: 09:48
2021-May-07 14:43:10: GPU0 t=69°C fan 60% power 212.69W. Total power: 212.69W
2021-May-07 14:43:10: New job from eth-eu2.nanopool.org:9433
2021-May-07 14:43:10: Ethereum - Total speed: 51.069 MH/s, Total shares: 1 Rejected: 0, Time: 09:48
2021-May-07 14:43:12: New job from eth-eu2.nanopool.org:9433
2021-May-07 14:43:12: Ethereum - Total speed: 51.077 MH/s, Total shares: 1 Rejected: 0, Time: 09:49
2021-May-07 14:43:12: GPU0 t=69°C fan 60% power 212.79W. Total power: 212.79W
2021-May-07 14:43:13: New job from eth-eu2.nanopool.org:9433
2021-May-07 14:43:13: Ethereum - Total speed: 51.085 MH/s, Total shares: 1 Rejected: 0, Time: 09:50
2021-May-07 14:43:13: Ethereum last 10 min - Total: 51.108 MH/s.
2021-May-07 14:43:15: New job from eth-eu2.nanopool.org:9433
2021-May-07 14:43:15: Ethereum - Total speed: 51.089 MH/s, Total shares: 1 Rejected: 0, Time: 09:52
2021-May-07 14:43:15: GPU0 t=69°C fan 60% power 212.82W. Total power: 212.82W
2021-May-07 14:43:18: New job from eth-eu2.nanopool.org:9433
2021-May-07 14:43:18: Ethereum - Total speed: 51.096 MH/s, Total shares: 1 Rejected: 0, Time: 09:55
2021-May-07 14:43:21: New job from eth-eu2.nanopool.org:9433
2021-May-07 14:43:21: Ethereum - Total speed: 51.068 MH/s, Total shares: 1 Rejected: 0, Time: 09:58
2021-May-07 14:43:21: GPU0 t=69°C fan 60% power 212.52W. Total power: 212.52W
2021-May-07 14:43:24: New job from eth-eu2.nanopool.org:9433
2021-May-07 14:43:24: Ethereum - Total speed: 51.105 MH/s, Total shares: 1 Rejected: 0, Time: 10:02
2021-May-07 14:43:24: Ethereum last 10 min - Total: 51.108 MH/s.
2021-May-07 14:43:26: New job from eth-eu2.nanopool.org:9433
2021-May-07 14:43:26: Ethereum - Total speed: 51.142 MH/s, Total shares: 1 Rejected: 0, Time: 10:03
2021-May-07 14:43:26: GPU0 t=69°C fan 60% power 212.64W. Total power: 212.64W
2021-May-07 14:43:26: New job from eth-eu2.nanopool.org:9433
2021-May-07 14:43:26: Ethereum - Total speed: 51.174 MH/s, Total shares: 1 Rejected: 0, Time: 10:03
2021-May-07 14:43:27: Ethereum - SHARE FOUND (GPU: 0, nonce: 0x9d07c66d577f5e25).
2021-May-07 14:43:27: Ethereum: share accepted (56 ms)!
2021-May-07 14:43:28: New job from eth-eu2.nanopool.org:9433
2021-May-07 14:43:28: Ethereum - Total speed: 51.175 MH/s, Total shares: 2 Rejected: 0, Time: 10:06
2021-May-07 14:43:28: GPU0 t=69°C fan 60% power 212.73W. Total power: 212.73W
2021-May-07 14:43:28: New job from eth-eu2.nanopool.org:9433
2021-May-07 14:43:28: Ethereum - Total speed: 51.204 MH/s, Total shares: 2 Rejected: 0, Time: 10:06
2021-May-07 14:43:28: Ethereum last 10 min - Total: 51.108 MH/s.
2021-May-07 14:43:31: New job from eth-eu2.nanopool.org:9433
2021-May-07 14:43:31: Ethereum - Total speed: 51.209 MH/s, Total shares: 2 Rejected: 0, Time: 10:09
2021-May-07 14:43:31: GPU0 t=69°C fan 61% power 212.59W. Total power: 212.59W
2021-May-07 14:43:35: New job from eth-eu2.nanopool.org:9433
2021-May-07 14:43:35: Ethereum - Total speed: 51.236 MH/s, Total shares: 2 Rejected: 0, Time: 10:12
2021-May-07 14:43:37: New job from eth-eu2.nanopool.org:9433
2021-May-07 14:43:37: Ethereum - Total speed: 51.260 MH/s, Total shares: 2 Rejected: 0, Time: 10:15
2021-May-07 14:43:37: GPU0 t=69°C fan 60% power 212.72W. Total power: 212.72W
2021-May-07 14:43:40: New job from eth-eu2.nanopool.org:9433
2021-May-07 14:43:40: Ethereum - Total speed: 51.281 MH/s, Total shares: 2 Rejected: 0, Time: 10:18
2021-May-07 14:43:40: Ethereum last 10 min - Total: 51.114 MH/s.
2021-May-07 14:43:43: New job from eth-eu2.nanopool.org:9433
2021-May-07 14:43:43: Ethereum - Total speed: 51.300 MH/s, Total shares: 2 Rejected: 0, Time: 10:21
2021-May-07 14:43:43: GPU0 t=69°C fan 60% power 212.90W. Total power: 212.90W
2021-May-07 14:43:46: New job from eth-eu2.nanopool.org:9433
2021-May-07 14:43:46: Ethereum - Total speed: 51.318 MH/s, Total shares: 2 Rejected: 0, Time: 10:24
2021-May-07 14:43:49: New job from eth-eu2.nanopool.org:9433
2021-May-07 14:43:49: Ethereum - Total speed: 51.334 MH/s, Total shares: 2 Rejected: 0, Time: 10:27
2021-May-07 14:43:49: GPU0 t=69°C fan 60% power 212.68W. Total power: 212.68W
2021-May-07 14:43:52: New job from eth-eu2.nanopool.org:9433
2021-May-07 14:43:52: Ethereum - Total speed: 51.347 MH/s, Total shares: 2 Rejected: 0, Time: 10:30
2021-May-07 14:43:52: Ethereum last 10 min - Total: 51.120 MH/s.
2021-May-07 14:43:55: New job from eth-eu2.nanopool.org:9433
2021-May-07 14:43:55: Ethereum - Total speed: 51.360 MH/s, Total shares: 2 Rejected: 0, Time: 10:33
2021-May-07 14:43:55: GPU0 t=69°C fan 60% power 212.74W. Total power: 212.74W
2021-May-07 14:43:58: New job from eth-eu2.nanopool.org:9433
2021-May-07 14:43:58: Ethereum - Total speed: 51.371 MH/s, Total shares: 2 Rejected: 0, Time: 10:36
2021-May-07 14:44:02: New job from eth-eu2.nanopool.org:9433
2021-May-07 14:44:02: Ethereum - Total speed: 51.382 MH/s, Total shares: 2 Rejected: 0, Time: 10:39
2021-May-07 14:44:02: GPU0 t=69°C fan 61% power 212.76W. Total power: 212.76W
2021-May-07 14:44:04: New job from eth-eu2.nanopool.org:9433
2021-May-07 14:44:04: Ethereum - Total speed: 51.391 MH/s, Total shares: 2 Rejected: 0, Time: 10:42
2021-May-07 14:44:04: Ethereum last 10 min - Total: 51.126 MH/s.
2021-May-07 14:44:07: New job from eth-eu2.nanopool.org:9433
2021-May-07 14:44:07: Ethereum - Total speed: 51.399 MH/s, Total shares: 2 Rejected: 0, Time: 10:45
2021-May-07 14:44:07: GPU0 t=69°C fan 60% power 212.85W. Total power: 212.85W
2021-May-07 14:44:08: New job from eth-eu2.nanopool.org:9433
2021-May-07 14:44:08: Ethereum - Total speed: 51.406 MH/s, Total shares: 2 Rejected: 0, Time: 10:46
2021-May-07 14:44:08: New job from eth-eu2.nanopool.org:9433
2021-May-07 14:44:08: Ethereum - Total speed: 51.412 MH/s, Total shares: 2 Rejected: 0, Time: 10:46
2021-May-07 14:44:08: GPU0 t=69°C fan 61% power 212.80W. Total power: 212.80W
2021-May-07 14:44:12: New job from eth-eu2.nanopool.org:9433
2021-May-07 14:44:12: Ethereum - Total speed: 51.403 MH/s, Total shares: 2 Rejected: 0, Time: 10:50
2021-May-07 14:44:12: Ethereum last 10 min - Total: 51.130 MH/s.
2021-May-07 14:44:14: New job from eth-eu2.nanopool.org:9433
2021-May-07 14:44:14: Ethereum - Total speed: 51.411 MH/s, Total shares: 2 Rejected: 0, Time: 10:52
2021-May-07 14:44:14: GPU0 t=69°C fan 61% power 212.93W. Total power: 212.93W
2021-May-07 14:44:17: New job from eth-eu2.nanopool.org:9433
2021-May-07 14:44:17: Ethereum - Total speed: 51.417 MH/s, Total shares: 2 Rejected: 0, Time: 10:55
2021-May-07 14:44:17: New job from eth-eu2.nanopool.org:9433
2021-May-07 14:44:17: Ethereum - Total speed: 51.422 MH/s, Total shares: 2 Rejected: 0, Time: 10:55
2021-May-07 14:44:17: GPU0 t=69°C fan 61% power 212.69W. Total power: 212.69W
2021-May-07 14:44:20: New job from eth-eu2.nanopool.org:9433
2021-May-07 14:44:20: Ethereum - Total speed: 51.418 MH/s, Total shares: 2 Rejected: 0, Time: 10:58
2021-May-07 14:44:20: Ethereum last 10 min - Total: 51.134 MH/s.
2021-May-07 14:44:24: New job from eth-eu2.nanopool.org:9433
2021-May-07 14:44:24: Ethereum - Total speed: 51.424 MH/s, Total shares: 2 Rejected: 0, Time: 11:01
2021-May-07 14:44:24: GPU0 t=69°C fan 61% power 212.82W. Total power: 212.82W
2021-May-07 14:44:26: New job from eth-eu2.nanopool.org:9433
2021-May-07 14:44:26: Ethereum - Total speed: 51.429 MH/s, Total shares: 2 Rejected: 0, Time: 11:04
2021-May-07 14:44:29: New job from eth-eu2.nanopool.org:9433
2021-May-07 14:44:29: Ethereum - Total speed: 51.433 MH/s, Total shares: 2 Rejected: 0, Time: 11:07
2021-May-07 14:44:29: GPU0 t=69°C fan 61% power 212.83W. Total power: 212.83W
2021-May-07 14:44:32: New job from eth-eu2.nanopool.org:9433
2021-May-07 14:44:32: Ethereum - Total speed: 51.437 MH/s, Total shares: 2 Rejected: 0, Time: 11:10
2021-May-07 14:44:32: Ethereum last 10 min - Total: 51.142 MH/s.
2021-May-07 14:44:35: New job from eth-eu2.nanopool.org:9433
2021-May-07 14:44:35: Ethereum - Total speed: 51.441 MH/s, Total shares: 2 Rejected: 0, Time: 11:13
2021-May-07 14:44:35: GPU0 t=69°C fan 61% power 212.75W. Total power: 212.75W
2021-May-07 14:44:38: New job from eth-eu2.nanopool.org:9433
2021-May-07 14:44:38: Ethereum - Total speed: 51.445 MH/s, Total shares: 2 Rejected: 0, Time: 11:16
2021-May-07 14:44:41: New job from eth-eu2.nanopool.org:9433
2021-May-07 14:44:41: Ethereum - Total speed: 51.448 MH/s, Total shares: 2 Rejected: 0, Time: 11:19
2021-May-07 14:44:41: GPU0 t=69°C fan 61% power 212.82W. Total power: 212.82W
2021-May-07 14:44:44: New job from eth-eu2.nanopool.org:9433
2021-May-07 14:44:44: Ethereum - Total speed: 51.451 MH/s, Total shares: 2 Rejected: 0, Time: 11:22
2021-May-07 14:44:44: Ethereum last 10 min - Total: 51.150 MH/s.
2021-May-07 14:44:47: New job from eth-eu2.nanopool.org:9433
2021-May-07 14:44:47: Ethereum - Total speed: 51.453 MH/s, Total shares: 2 Rejected: 0, Time: 11:25
2021-May-07 14:44:47: GPU0 t=69°C fan 61% power 212.88W. Total power: 212.88W
2021-May-07 14:44:50: New job from eth-eu2.nanopool.org:9433
2021-May-07 14:44:50: Ethereum - Total speed: 51.456 MH/s, Total shares: 2 Rejected: 0, Time: 11:28
2021-May-07 14:44:53: New job from eth-eu2.nanopool.org:9433
2021-May-07 14:44:53: Ethereum - Total speed: 51.457 MH/s, Total shares: 2 Rejected: 0, Time: 11:31
2021-May-07 14:44:53: GPU0 t=69°C fan 61% power 212.85W. Total power: 212.85W
2021-May-07 14:44:56: New job from eth-eu2.nanopool.org:9433
2021-May-07 14:44:56: Ethereum - Total speed: 51.459 MH/s, Total shares: 2 Rejected: 0, Time: 11:34
2021-May-07 14:44:56: Ethereum last 10 min - Total: 51.158 MH/s.
2021-May-07 14:44:59: New job from eth-eu2.nanopool.org:9433
2021-May-07 14:44:59: Ethereum - Total speed: 51.461 MH/s, Total shares: 2 Rejected: 0, Time: 11:37
2021-May-07 14:44:59: GPU0 t=69°C fan 61% power 212.81W. Total power: 212.81W
2021-May-07 14:45:02: New job from eth-eu2.nanopool.org:9433
2021-May-07 14:45:02: Ethereum - Total speed: 51.462 MH/s, Total shares: 2 Rejected: 0, Time: 11:39
2021-May-07 14:45:02: New job from eth-eu2.nanopool.org:9433
2021-May-07 14:45:02: Ethereum - Total speed: 51.463 MH/s, Total shares: 2 Rejected: 0, Time: 11:39
2021-May-07 14:45:02: GPU0 t=69°C fan 61% power 213.11W. Total power: 213.11W
2021-May-07 14:45:06: New job from eth-eu2.nanopool.org:9433
2021-May-07 14:45:06: Ethereum - Total speed: 51.445 MH/s, Total shares: 2 Rejected: 0, Time: 11:43
2021-May-07 14:45:06: Ethereum last 10 min - Total: 51.165 MH/s.
2021-May-07 14:45:08: New job from eth-eu2.nanopool.org:9433
2021-May-07 14:45:08: Ethereum - Total speed: 51.447 MH/s, Total shares: 2 Rejected: 0, Time: 11:45
2021-May-07 14:45:08: GPU0 t=69°C fan 61% power 212.86W. Total power: 212.86W
2021-May-07 14:45:11: New job from eth-eu2.nanopool.org:9433
2021-May-07 14:45:11: Ethereum - Total speed: 51.450 MH/s, Total shares: 2 Rejected: 0, Time: 11:49
2021-May-07 14:45:11: New job from eth-eu2.nanopool.org:9433
2021-May-07 14:45:11: Ethereum - Total speed: 51.452 MH/s, Total shares: 2 Rejected: 0, Time: 11:49
2021-May-07 14:45:11: GPU0 t=69°C fan 61% power 212.69W. Total power: 212.69W
2021-May-07 14:45:12: New job from eth-eu2.nanopool.org:9433
2021-May-07 14:45:12: Ethereum - Total speed: 51.446 MH/s, Total shares: 2 Rejected: 0, Time: 11:50
2021-May-07 14:45:12: Ethereum last 10 min - Total: 51.168 MH/s.
2021-May-07 14:45:15: New job from eth-eu2.nanopool.org:9433
2021-May-07 14:45:15: Ethereum - Total speed: 51.447 MH/s, Total shares: 2 Rejected: 0, Time: 11:53
2021-May-07 14:45:15: GPU0 t=69°C fan 61% power 212.33W. Total power: 212.33W
2021-May-07 14:45:15: New job from eth-eu2.nanopool.org:9433
2021-May-07 14:45:15: Ethereum - Total speed: 51.450 MH/s, Total shares: 2 Rejected: 0, Time: 11:53
2021-May-07 14:45:15: New job from eth-eu2.nanopool.org:9433
2021-May-07 14:45:15: Ethereum - Total speed: 51.439 MH/s, Total shares: 2 Rejected: 0, Time: 11:53
2021-May-07 14:45:15: GPU0 t=69°C fan 61% power 212.27W. Total power: 212.27W
2021-May-07 14:45:17: New job from eth-eu2.nanopool.org:9433
2021-May-07 14:45:17: Ethereum - Total speed: 51.428 MH/s, Total shares: 2 Rejected: 0, Time: 11:54
2021-May-07 14:45:17: Ethereum last 10 min - Total: 51.171 MH/s.
2021-May-07 14:45:17: New job from eth-eu2.nanopool.org:9433
2021-May-07 14:45:17: Ethereum - Total speed: 51.432 MH/s, Total shares: 2 Rejected: 0, Time: 11:54
2021-May-07 14:45:17: GPU0 t=69°C fan 61% power 212.52W. Total power: 212.52W
2021-May-07 14:45:20: New job from eth-eu2.nanopool.org:9433
2021-May-07 14:45:20: Ethereum - Total speed: 51.415 MH/s, Total shares: 2 Rejected: 0, Time: 11:57
2021-May-07 14:45:23: New job from eth-eu2.nanopool.org:9433
2021-May-07 14:45:23: Ethereum - Total speed: 51.420 MH/s, Total shares: 2 Rejected: 0, Time: 12:00
2021-May-07 14:45:23: GPU0 t=69°C fan 61% power 212.56W. Total power: 212.56W
2021-May-07 14:45:25: New job from eth-eu2.nanopool.org:9433
2021-May-07 14:45:25: Ethereum - Total speed: 51.425 MH/s, Total shares: 2 Rejected: 0, Time: 12:03
2021-May-07 14:45:25: Ethereum last 10 min - Total: 51.176 MH/s.
2021-May-07 14:45:25: New job from eth-eu2.nanopool.org:9433
2021-May-07 14:45:25: Ethereum - Total speed: 51.430 MH/s, Total shares: 2 Rejected: 0, Time: 12:03
2021-May-07 14:45:25: GPU0 t=69°C fan 61% power 212.48W. Total power: 212.48W
2021-May-07 14:45:28: New job from eth-eu2.nanopool.org:9433
2021-May-07 14:45:28: Ethereum - Total speed: 51.420 MH/s, Total shares: 2 Rejected: 0, Time: 12:06
2021-May-07 14:45:32: New job from eth-eu2.nanopool.org:9433
2021-May-07 14:45:32: Ethereum - Total speed: 51.426 MH/s, Total shares: 2 Rejected: 0, Time: 12:09
2021-May-07 14:45:32: GPU0 t=69°C fan 61% power 212.75W. Total power: 212.75W
2021-May-07 14:45:34: New job from eth-eu2.nanopool.org:9433
2021-May-07 14:45:34: Ethereum - Total speed: 51.430 MH/s, Total shares: 2 Rejected: 0, Time: 12:12
2021-May-07 14:45:34: Ethereum last 10 min - Total: 51.180 MH/s.
2021-May-07 14:45:37: New job from eth-eu2.nanopool.org:9433
2021-May-07 14:45:37: Ethereum - Total speed: 51.434 MH/s, Total shares: 2 Rejected: 0, Time: 12:15
2021-May-07 14:45:37: GPU0 t=69°C fan 61% power 212.72W. Total power: 212.72W
2021-May-07 14:45:40: New job from eth-eu2.nanopool.org:9433
2021-May-07 14:45:40: Ethereum - Total speed: 51.439 MH/s, Total shares: 2 Rejected: 0, Time: 12:18
2021-May-07 14:45:43: New job from eth-eu2.nanopool.org:9433
2021-May-07 14:45:43: Ethereum - Total speed: 51.441 MH/s, Total shares: 2 Rejected: 0, Time: 12:20
2021-May-07 14:45:43: GPU0 t=69°C fan 61% power 212.83W. Total power: 212.83W
2021-May-07 14:45:43: New job from eth-eu2.nanopool.org:9433
2021-May-07 14:45:43: Ethereum - Total speed: 51.445 MH/s, Total shares: 2 Rejected: 0, Time: 12:20
2021-May-07 14:45:43: Ethereum last 10 min - Total: 51.184 MH/s.
2021-May-07 14:45:46: New job from eth-eu2.nanopool.org:9433
2021-May-07 14:45:46: Ethereum - Total speed: 51.427 MH/s, Total shares: 2 Rejected: 0, Time: 12:23
2021-May-07 14:45:46: GPU0 t=69°C fan 61% power 212.73W. Total power: 212.73W
2021-May-07 14:45:49: New job from eth-eu2.nanopool.org:9433
2021-May-07 14:45:49: Ethereum - Total speed: 51.432 MH/s, Total shares: 2 Rejected: 0, Time: 12:27
2021-May-07 14:45:52: New job from eth-eu2.nanopool.org:9433
2021-May-07 14:45:52: Ethereum - Total speed: 51.436 MH/s, Total shares: 2 Rejected: 0, Time: 12:29
2021-May-07 14:45:52: GPU0 t=69°C fan 61% power 212.96W. Total power: 212.96W
2021-May-07 14:45:55: New job from eth-eu2.nanopool.org:9433
2021-May-07 14:45:55: Ethereum - Total speed: 51.439 MH/s, Total shares: 2 Rejected: 0, Time: 12:32
2021-May-07 14:45:55: Ethereum last 10 min - Total: 51.190 MH/s.
2021-May-07 14:45:58: New job from eth-eu2.nanopool.org:9433
2021-May-07 14:45:58: Ethereum - Total speed: 51.442 MH/s, Total shares: 2 Rejected: 0, Time: 12:35
2021-May-07 14:45:58: GPU0 t=69°C fan 61% power 212.99W. Total power: 212.99W
2021-May-07 14:46:01: New job from eth-eu2.nanopool.org:9433
2021-May-07 14:46:01: Ethereum - Total speed: 51.445 MH/s, Total shares: 2 Rejected: 0, Time: 12:38
2021-May-07 14:46:04: New job from eth-eu2.nanopool.org:9433
2021-May-07 14:46:04: Ethereum - Total speed: 51.448 MH/s, Total shares: 2 Rejected: 0, Time: 12:41
2021-May-07 14:46:04: GPU0 t=69°C fan 61% power 212.98W. Total power: 212.98W
2021-May-07 14:46:07: New job from eth-eu2.nanopool.org:9433
2021-May-07 14:46:07: Ethereum - Total speed: 51.450 MH/s, Total shares: 2 Rejected: 0, Time: 12:44
2021-May-07 14:46:07: Ethereum last 10 min - Total: 51.196 MH/s.
2021-May-07 14:46:10: New job from eth-eu2.nanopool.org:9433
2021-May-07 14:46:10: Ethereum - Total speed: 51.442 MH/s, Total shares: 2 Rejected: 0, Time: 12:47
2021-May-07 14:46:10: GPU0 t=69°C fan 61% power 212.78W. Total power: 212.78W
2021-May-07 14:46:13: New job from eth-eu2.nanopool.org:9433
2021-May-07 14:46:13: Ethereum - Total speed: 51.445 MH/s, Total shares: 2 Rejected: 0, Time: 12:50
2021-May-07 14:46:16: New job from eth-eu2.nanopool.org:9433
2021-May-07 14:46:16: Ethereum - Total speed: 51.448 MH/s, Total shares: 2 Rejected: 0, Time: 12:53
2021-May-07 14:46:16: GPU0 t=69°C fan 61% power 213.12W. Total power: 213.12W
2021-May-07 14:46:16: New job from eth-eu2.nanopool.org:9433
2021-May-07 14:46:16: Ethereum - Total speed: 51.448 MH/s, Total shares: 2 Rejected: 0, Time: 12:53
2021-May-07 14:46:16: Ethereum last 10 min - Total: 51.202 MH/s.
2021-May-07 14:46:19: New job from eth-eu2.nanopool.org:9433
2021-May-07 14:46:19: Ethereum - Total speed: 51.450 MH/s, Total shares: 2 Rejected: 0, Time: 12:56
2021-May-07 14:46:19: GPU0 t=69°C fan 61% power 212.98W. Total power: 212.98W
2021-May-07 14:46:22: New job from eth-eu2.nanopool.org:9433
2021-May-07 14:46:22: Ethereum - Total speed: 51.453 MH/s, Total shares: 2 Rejected: 0, Time: 12:59
2021-May-07 14:46:24: New job from eth-eu2.nanopool.org:9433
2021-May-07 14:46:24: Ethereum - Total speed: 51.455 MH/s, Total shares: 2 Rejected: 0, Time: 13:01
2021-May-07 14:46:24: GPU0 t=69°C fan 61% power 212.99W. Total power: 212.99W
2021-May-07 14:46:24: New job from eth-eu2.nanopool.org:9433
2021-May-07 14:46:24: Ethereum - Total speed: 51.456 MH/s, Total shares: 2 Rejected: 0, Time: 13:01
2021-May-07 14:46:24: Ethereum last 10 min - Total: 51.207 MH/s.
2021-May-07 14:46:27: New job from eth-eu2.nanopool.org:9433
2021-May-07 14:46:27: Ethereum - Total speed: 51.444 MH/s, Total shares: 2 Rejected: 0, Time: 13:05
2021-May-07 14:46:27: GPU0 t=69°C fan 61% power 213.02W. Total power: 213.02W
2021-May-07 14:46:28: New job from eth-eu2.nanopool.org:9433
2021-May-07 14:46:28: Ethereum - Total speed: 51.447 MH/s, Total shares: 2 Rejected: 0, Time: 13:05
2021-May-07 14:46:31: New job from eth-eu2.nanopool.org:9433
2021-May-07 14:46:31: Ethereum - Total speed: 51.446 MH/s, Total shares: 2 Rejected: 0, Time: 13:08
2021-May-07 14:46:31: GPU0 t=69°C fan 61% power 212.89W. Total power: 212.89W
2021-May-07 14:46:33: New job from eth-eu2.nanopool.org:9433
2021-May-07 14:46:33: Ethereum - Total speed: 51.449 MH/s, Total shares: 2 Rejected: 0, Time: 13:11
2021-May-07 14:46:33: Ethereum last 10 min - Total: 51.213 MH/s.
2021-May-07 14:46:37: New job from eth-eu2.nanopool.org:9433
2021-May-07 14:46:37: Ethereum - Total speed: 51.452 MH/s, Total shares: 2 Rejected: 0, Time: 13:15
2021-May-07 14:46:37: GPU0 t=69°C fan 61% power 212.71W. Total power: 212.71W
2021-May-07 14:46:39: New job from eth-eu2.nanopool.org:9433
2021-May-07 14:46:39: Ethereum - Total speed: 51.454 MH/s, Total shares: 2 Rejected: 0, Time: 13:17
2021-May-07 14:46:39: New job from eth-eu2.nanopool.org:9433
2021-May-07 14:46:39: Ethereum - Total speed: 51.456 MH/s, Total shares: 2 Rejected: 0, Time: 13:17
2021-May-07 14:46:39: GPU0 t=69°C fan 61% power 212.69W. Total power: 212.69W
2021-May-07 14:46:39: New job from eth-eu2.nanopool.org:9433
2021-May-07 14:46:39: Ethereum - Total speed: 51.442 MH/s, Total shares: 2 Rejected: 0, Time: 13:17
2021-May-07 14:46:39: Ethereum last 10 min - Total: 51.216 MH/s.
2021-May-07 14:46:40: New job from eth-eu2.nanopool.org:9433
2021-May-07 14:46:40: Ethereum - Total speed: 51.436 MH/s, Total shares: 2 Rejected: 0, Time: 13:18
2021-May-07 14:46:40: GPU0 t=69°C fan 61% power 212.59W. Total power: 212.59W
2021-May-07 14:46:43: New job from eth-eu2.nanopool.org:9433
2021-May-07 14:46:43: Ethereum - Total speed: 51.434 MH/s, Total shares: 2 Rejected: 0, Time: 13:20
2021-May-07 14:46:46: New job from eth-eu2.nanopool.org:9433
2021-May-07 14:46:46: Ethereum - Total speed: 51.438 MH/s, Total shares: 2 Rejected: 0, Time: 13:23
2021-May-07 14:46:46: GPU0 t=69°C fan 61% power 212.96W. Total power: 212.96W
2021-May-07 14:46:49: New job from eth-eu2.nanopool.org:9433
2021-May-07 14:46:49: Ethereum - Total speed: 51.441 MH/s, Total shares: 2 Rejected: 0, Time: 13:26
2021-May-07 14:46:49: Ethereum last 10 min - Total: 51.221 MH/s.
2021-May-07 14:46:52: New job from eth-eu2.nanopool.org:9433
2021-May-07 14:46:52: Ethereum - Total speed: 51.444 MH/s, Total shares: 2 Rejected: 0, Time: 13:29
2021-May-07 14:46:52: GPU0 t=69°C fan 61% power 212.92W. Total power: 212.92W
2021-May-07 14:46:55: New job from eth-eu2.nanopool.org:9433
2021-May-07 14:46:55: Ethereum - Total speed: 51.447 MH/s, Total shares: 2 Rejected: 0, Time: 13:32
2021-May-07 14:46:58: New job from eth-eu2.nanopool.org:9433
2021-May-07 14:46:58: Ethereum - Total speed: 51.450 MH/s, Total shares: 2 Rejected: 0, Time: 13:35
2021-May-07 14:46:58: GPU0 t=69°C fan 61% power 213.03W. Total power: 213.03W
2021-May-07 14:47:01: New job from eth-eu2.nanopool.org:9433
2021-May-07 14:47:01: Ethereum - Total speed: 51.451 MH/s, Total shares: 2 Rejected: 0, Time: 13:38
2021-May-07 14:47:01: Ethereum last 10 min - Total: 51.227 MH/s.
2021-May-07 14:47:04: New job from eth-eu2.nanopool.org:9433
2021-May-07 14:47:04: Ethereum - Total speed: 51.453 MH/s, Total shares: 2 Rejected: 0, Time: 13:41
2021-May-07 14:47:04: GPU0 t=69°C fan 61% power 213.20W. Total power: 213.20W
2021-May-07 14:47:05: New job from eth-eu2.nanopool.org:9433
2021-May-07 14:47:05: Ethereum - Total speed: 51.455 MH/s, Total shares: 2 Rejected: 0, Time: 13:43
2021-May-07 14:47:06: New job from eth-eu2.nanopool.org:9433
2021-May-07 14:47:06: Ethereum - Total speed: 51.456 MH/s, Total shares: 2 Rejected: 0, Time: 13:44
2021-May-07 14:47:06: GPU0 t=69°C fan 61% power 213.14W. Total power: 213.14W
2021-May-07 14:47:07: New job from eth-eu2.nanopool.org:9433
2021-May-07 14:47:07: Ethereum - Total speed: 51.457 MH/s, Total shares: 2 Rejected: 0, Time: 13:45
2021-May-07 14:47:07: Ethereum last 10 min - Total: 51.232 MH/s.
2021-May-07 14:47:08: New job from eth-eu2.nanopool.org:9433
2021-May-07 14:47:08: Ethereum - Total speed: 51.457 MH/s, Total shares: 2 Rejected: 0, Time: 13:46
2021-May-07 14:47:08: GPU0 t=69°C fan 61% power 212.75W. Total power: 212.75W
2021-May-07 14:47:11: New job from eth-eu2.nanopool.org:9433
2021-May-07 14:47:11: Ethereum - Total speed: 51.456 MH/s, Total shares: 2 Rejected: 0, Time: 13:48
2021-May-07 14:47:13: New job from eth-eu2.nanopool.org:9433
2021-May-07 14:47:13: Ethereum - Total speed: 51.458 MH/s, Total shares: 2 Rejected: 0, Time: 13:51
2021-May-07 14:47:13: GPU0 t=69°C fan 61% power 213.39W. Total power: 213.39W
2021-May-07 14:47:17: New job from eth-eu2.nanopool.org:9433
2021-May-07 14:47:17: Ethereum - Total speed: 51.460 MH/s, Total shares: 2 Rejected: 0, Time: 13:54
2021-May-07 14:47:17: Ethereum last 10 min - Total: 51.239 MH/s.
2021-May-07 14:47:20: New job from eth-eu2.nanopool.org:9433
2021-May-07 14:47:20: Ethereum - Total speed: 51.462 MH/s, Total shares: 2 Rejected: 0, Time: 13:57
2021-May-07 14:47:20: GPU0 t=69°C fan 61% power 213.42W. Total power: 213.42W
2021-May-07 14:47:20: New job from eth-eu2.nanopool.org:9433
2021-May-07 14:47:20: Ethereum - Total speed: 51.463 MH/s, Total shares: 2 Rejected: 0, Time: 13:57
2021-May-07 14:47:20: New job from eth-eu2.nanopool.org:9433
2021-May-07 14:47:20: Ethereum - Total speed: 51.419 MH/s, Total shares: 2 Rejected: 0, Time: 13:58
2021-May-07 14:47:20: GPU0 t=69°C fan 61% power 213.24W. Total power: 213.24W
2021-May-07 14:47:23: New job from eth-eu2.nanopool.org:9433
2021-May-07 14:47:23: Ethereum - Total speed: 51.404 MH/s, Total shares: 2 Rejected: 0, Time: 14:00
2021-May-07 14:47:23: Ethereum last 10 min - Total: 51.243 MH/s.
2021-May-07 14:47:23: New job from eth-eu2.nanopool.org:9433
2021-May-07 14:47:23: Ethereum - Total speed: 51.412 MH/s, Total shares: 2 Rejected: 0, Time: 14:01
2021-May-07 14:47:23: GPU0 t=69°C fan 61% power 212.90W. Total power: 212.90W
2021-May-07 14:47:23: New job from eth-eu2.nanopool.org:9433
2021-May-07 14:47:23: Ethereum - Total speed: 51.403 MH/s, Total shares: 2 Rejected: 0, Time: 14:01
2021-May-07 14:47:26: New job from eth-eu2.nanopool.org:9433
2021-May-07 14:47:26: Ethereum - Total speed: 51.399 MH/s, Total shares: 2 Rejected: 0, Time: 14:04
2021-May-07 14:47:26: GPU0 t=69°C fan 61% power 212.92W. Total power: 212.92W
2021-May-07 14:47:29: New job from eth-eu2.nanopool.org:9433
2021-May-07 14:47:29: Ethereum - Total speed: 51.407 MH/s, Total shares: 2 Rejected: 0, Time: 14:06
2021-May-07 14:47:29: Ethereum last 10 min - Total: 51.246 MH/s.
2021-May-07 14:47:29: New job from eth-eu2.nanopool.org:9433
2021-May-07 14:47:29: Ethereum - Total speed: 51.412 MH/s, Total shares: 2 Rejected: 0, Time: 14:06
2021-May-07 14:47:29: GPU0 t=69°C fan 61% power 213.16W. Total power: 213.16W
2021-May-07 14:47:30: New job from eth-eu2.nanopool.org:9433
2021-May-07 14:47:30: Ethereum - Total speed: 51.398 MH/s, Total shares: 2 Rejected: 0, Time: 14:07
2021-May-07 14:47:30: New job from eth-eu2.nanopool.org:9433
2021-May-07 14:47:30: Ethereum - Total speed: 51.403 MH/s, Total shares: 2 Rejected: 0, Time: 14:07
2021-May-07 14:47:30: GPU0 t=69°C fan 61% power 213.19W. Total power: 213.19W
2021-May-07 14:47:32: New job from eth-eu2.nanopool.org:9433
2021-May-07 14:47:32: Ethereum - Total speed: 51.389 MH/s, Total shares: 2 Rejected: 0, Time: 14:10
2021-May-07 14:47:32: Ethereum last 10 min - Total: 51.248 MH/s.
2021-May-07 14:47:32: New job from eth-eu2.nanopool.org:9433
2021-May-07 14:47:32: Ethereum - Total speed: 51.389 MH/s, Total shares: 2 Rejected: 0, Time: 14:10
2021-May-07 14:47:32: GPU0 t=69°C fan 61% power 213.20W. Total power: 213.20W
2021-May-07 14:47:35: New job from eth-eu2.nanopool.org:9433
2021-May-07 14:47:35: Ethereum - Total speed: 51.396 MH/s, Total shares: 2 Rejected: 0, Time: 14:13
2021-May-07 14:47:38: New job from eth-eu2.nanopool.org:9433
2021-May-07 14:47:38: Ethereum - Total speed: 51.404 MH/s, Total shares: 2 Rejected: 0, Time: 14:16
2021-May-07 14:47:38: GPU0 t=69°C fan 61% power 213.12W. Total power: 213.12W
2021-May-07 14:47:41: New job from eth-eu2.nanopool.org:9433
2021-May-07 14:47:41: Ethereum - Total speed: 51.411 MH/s, Total shares: 2 Rejected: 0, Time: 14:19
2021-May-07 14:47:41: Ethereum last 10 min - Total: 51.252 MH/s.
2021-May-07 14:47:44: New job from eth-eu2.nanopool.org:9433
2021-May-07 14:47:44: Ethereum - Total speed: 51.417 MH/s, Total shares: 2 Rejected: 0, Time: 14:22
2021-May-07 14:47:44: GPU0 t=69°C fan 61% power 213.09W. Total power: 213.09W
2021-May-07 14:47:45: New job from eth-eu2.nanopool.org:9433
2021-May-07 14:47:45: Ethereum - Total speed: 51.422 MH/s, Total shares: 2 Rejected: 0, Time: 14:23
2021-May-07 14:47:45: New job from eth-eu2.nanopool.org:9433
2021-May-07 14:47:45: Ethereum - Total speed: 51.426 MH/s, Total shares: 2 Rejected: 0, Time: 14:23
2021-May-07 14:47:45: GPU0 t=69°C fan 61% power 213.21W. Total power: 213.21W
2021-May-07 14:47:48: New job from eth-eu2.nanopool.org:9433
2021-May-07 14:47:48: Ethereum - Total speed: 51.417 MH/s, Total shares: 2 Rejected: 0, Time: 14:26
2021-May-07 14:47:48: Ethereum last 10 min - Total: 51.256 MH/s.
2021-May-07 14:47:51: New job from eth-eu2.nanopool.org:9433
2021-May-07 14:47:51: Ethereum - Total speed: 51.423 MH/s, Total shares: 2 Rejected: 0, Time: 14:29
2021-May-07 14:47:51: GPU0 t=69°C fan 61% power 213.12W. Total power: 213.12W
2021-May-07 14:47:54: New job from eth-eu2.nanopool.org:9433
2021-May-07 14:47:54: Ethereum - Total speed: 51.428 MH/s, Total shares: 2 Rejected: 0, Time: 14:32
2021-May-07 14:47:57: New job from eth-eu2.nanopool.org:9433
2021-May-07 14:47:57: Ethereum - Total speed: 51.433 MH/s, Total shares: 2 Rejected: 0, Time: 14:35
2021-May-07 14:47:57: GPU0 t=69°C fan 61% power 213.49W. Total power: 213.49W
2021-May-07 14:48:00: New job from eth-eu2.nanopool.org:9433
2021-May-07 14:48:00: Ethereum - Total speed: 51.437 MH/s, Total shares: 2 Rejected: 0, Time: 14:38
2021-May-07 14:48:00: Ethereum last 10 min - Total: 51.261 MH/s.
2021-May-07 14:48:03: New job from eth-eu2.nanopool.org:9433
2021-May-07 14:48:03: Ethereum - Total speed: 51.440 MH/s, Total shares: 2 Rejected: 0, Time: 14:41
2021-May-07 14:48:03: GPU0 t=69°C fan 61% power 213.26W. Total power: 213.26W
2021-May-07 14:48:03: New job from eth-eu2.nanopool.org:9433
2021-May-07 14:48:03: Ethereum - Total speed: 51.444 MH/s, Total shares: 2 Rejected: 0, Time: 14:41
2021-May-07 14:48:07: New job from eth-eu2.nanopool.org:9433
2021-May-07 14:48:07: Ethereum - Total speed: 51.424 MH/s, Total shares: 2 Rejected: 0, Time: 14:44
2021-May-07 14:48:07: GPU0 t=69°C fan 61% power 213.25W. Total power: 213.25W
2021-May-07 14:48:10: New job from eth-eu2.nanopool.org:9433
2021-May-07 14:48:10: Ethereum - Total speed: 51.430 MH/s, Total shares: 2 Rejected: 0, Time: 14:47
2021-May-07 14:48:10: Ethereum last 10 min - Total: 51.266 MH/s.
2021-May-07 14:48:10: New job from eth-eu2.nanopool.org:9433
2021-May-07 14:48:10: Ethereum - Total speed: 51.434 MH/s, Total shares: 2 Rejected: 0, Time: 14:47
2021-May-07 14:48:10: GPU0 t=69°C fan 61% power 213.07W. Total power: 213.07W
2021-May-07 14:48:13: New job from eth-eu2.nanopool.org:9433
2021-May-07 14:48:13: Ethereum - Total speed: 51.413 MH/s, Total shares: 2 Rejected: 0, Time: 14:50
2021-May-07 14:48:16: New job from eth-eu2.nanopool.org:9433
2021-May-07 14:48:16: Ethereum - Total speed: 51.420 MH/s, Total shares: 2 Rejected: 0, Time: 14:53
2021-May-07 14:48:16: GPU0 t=69°C fan 61% power 213.39W. Total power: 213.39W
2021-May-07 14:48:19: New job from eth-eu2.nanopool.org:9433
2021-May-07 14:48:19: Ethereum - Total speed: 51.425 MH/s, Total shares: 2 Rejected: 0, Time: 14:56
2021-May-07 14:48:19: Ethereum last 10 min - Total: 51.271 MH/s.
2021-May-07 14:48:22: New job from eth-eu2.nanopool.org:9433
2021-May-07 14:48:22: Ethereum - Total speed: 51.430 MH/s, Total shares: 2 Rejected: 0, Time: 15:00
2021-May-07 14:48:22: GPU0 t=69°C fan 61% power 213.25W. Total power: 213.25W
2021-May-07 14:48:25: New job from eth-eu2.nanopool.org:9433
2021-May-07 14:48:25: Ethereum - Total speed: 51.434 MH/s, Total shares: 2 Rejected: 0, Time: 15:02
2021-May-07 14:48:28: New job from eth-eu2.nanopool.org:9433
2021-May-07 14:48:28: Ethereum - Total speed: 51.438 MH/s, Total shares: 2 Rejected: 0, Time: 15:05
2021-May-07 14:48:28: GPU0 t=69°C fan 61% power 213.26W. Total power: 213.26W
2021-May-07 14:48:31: New job from eth-eu2.nanopool.org:9433
2021-May-07 14:48:31: Ethereum - Total speed: 51.441 MH/s, Total shares: 2 Rejected: 0, Time: 15:08
2021-May-07 14:48:31: Ethereum last 10 min - Total: 51.277 MH/s.
2021-May-07 14:48:34: New job from eth-eu2.nanopool.org:9433
2021-May-07 14:48:34: Ethereum - Total speed: 51.445 MH/s, Total shares: 2 Rejected: 0, Time: 15:11
2021-May-07 14:48:34: GPU0 t=69°C fan 61% power 213.20W. Total power: 213.20W
2021-May-07 14:48:37: New job from eth-eu2.nanopool.org:9433
2021-May-07 14:48:37: Ethereum - Total speed: 51.448 MH/s, Total shares: 2 Rejected: 0, Time: 15:14
2021-May-07 14:48:40: New job from eth-eu2.nanopool.org:9433
2021-May-07 14:48:40: Ethereum - Total speed: 51.450 MH/s, Total shares: 2 Rejected: 0, Time: 15:17
2021-May-07 14:48:40: GPU0 t=69°C fan 61% power 213.19W. Total power: 213.19W
2021-May-07 14:48:40: New job from eth-eu2.nanopool.org:9433
2021-May-07 14:48:40: Ethereum - Total speed: 51.453 MH/s, Total shares: 2 Rejected: 0, Time: 15:18
2021-May-07 14:48:40: Ethereum last 10 min - Total: 51.282 MH/s.
2021-May-07 14:48:40: New job from eth-eu2.nanopool.org:9433
2021-May-07 14:48:40: Ethereum - Total speed: 51.453 MH/s, Total shares: 2 Rejected: 0, Time: 15:18
2021-May-07 14:48:40: GPU0 t=69°C fan 61% power 213.19W. Total power: 213.19W
2021-May-07 14:48:44: New job from eth-eu2.nanopool.org:9433
2021-May-07 14:48:44: Ethereum - Total speed: 51.406 MH/s, Total shares: 2 Rejected: 0, Time: 15:22
2021-May-07 14:48:46: New job from eth-eu2.nanopool.org:9433
2021-May-07 14:48:46: Ethereum - Total speed: 51.413 MH/s, Total shares: 2 Rejected: 0, Time: 15:24
2021-May-07 14:48:46: GPU0 t=69°C fan 61% power 213.16W. Total power: 213.16W
2021-May-07 14:48:49: New job from eth-eu2.nanopool.org:9433
2021-May-07 14:48:49: Ethereum - Total speed: 51.419 MH/s, Total shares: 2 Rejected: 0, Time: 15:27
2021-May-07 14:48:49: Ethereum last 10 min - Total: 51.286 MH/s.
2021-May-07 14:48:52: New job from eth-eu2.nanopool.org:9433
2021-May-07 14:48:52: Ethereum - Total speed: 51.424 MH/s, Total shares: 2 Rejected: 0, Time: 15:30
2021-May-07 14:48:52: GPU0 t=69°C fan 61% power 213.25W. Total power: 213.25W
2021-May-07 14:48:55: New job from eth-eu2.nanopool.org:9433
2021-May-07 14:48:55: Ethereum - Total speed: 51.430 MH/s, Total shares: 2 Rejected: 0, Time: 15:33
2021-May-07 14:48:58: New job from eth-eu2.nanopool.org:9433
2021-May-07 14:48:58: Ethereum - Total speed: 51.434 MH/s, Total shares: 2 Rejected: 0, Time: 15:36
2021-May-07 14:48:58: GPU0 t=69°C fan 61% power 213.34W. Total power: 213.34W
2021-May-07 14:49:02: New job from eth-eu2.nanopool.org:9433
2021-May-07 14:49:02: Ethereum - Total speed: 51.005 MH/s, Total shares: 2 Rejected: 0, Time: 15:39
2021-May-07 14:49:02: Ethereum last 10 min - Total: 51.292 MH/s.
2021-May-07 14:49:07: New job from eth-eu2.nanopool.org:9433
2021-May-07 14:49:07: Ethereum - Total speed: 50.922 MH/s, Total shares: 2 Rejected: 0, Time: 15:44
2021-May-07 14:49:07: GPU0 t=69°C fan 61% power 213.37W. Total power: 213.37W
2021-May-07 14:49:07: New job from eth-eu2.nanopool.org:9433
2021-May-07 14:49:07: Ethereum - Total speed: 50.868 MH/s, Total shares: 2 Rejected: 0, Time: 15:44
2021-May-07 14:49:07: New job from eth-eu2.nanopool.org:9433
2021-May-07 14:49:07: Ethereum - Total speed: 50.778 MH/s, Total shares: 2 Rejected: 0, Time: 15:45
2021-May-07 14:49:07: GPU0 t=69°C fan 61% power 213.25W. Total power: 213.25W
2021-May-07 14:49:09: Terminating, please wait ...
