2021-May-07 13:19:10:                                    _                 
2021-May-07 13:19:10:  _ __   __ _ _ __   ___  _ __ ___ (_)_ __   ___ _ __ 
2021-May-07 13:19:10: | '_ \ / _` | '_ \ / _ \| '_ ` _ \| | '_ \ / _ \ '__|
2021-May-07 13:19:10: | | | | (_| | | | | (_) | | | | | | | | | |  __/ |   
2021-May-07 13:19:10: |_| |_|\__,_|_| |_|\___/|_| |_| |_|_|_| |_|\___|_|   
2021-May-07 13:19:10: 
2021-May-07 13:19:10: Version 3.3.5-cuda11
2021-May-07 13:19:10: Started EthMan server on port 3333 with a password (read-only mode).
2021-May-07 13:19:10: Started web interface on port 9090 with a password.
2021-May-07 13:19:10: CUDA driver version is 11.3, runtime version is 11.1
2021-May-07 13:19:10: Single device detected
2021-May-07 13:19:10: GPU 0 PCI 01:00.0, Platform: CUDA, Name: NVIDIA GeForce RTX 3070, 8192 MB available
2021-May-07 13:19:10: -------------------Ethash:------------------
2021-May-07 13:19:10: Currency: Ethereum
2021-May-07 13:19:10: Wallet: wallet
2021-May-07 13:19:10: Rig name: ferris_new
2021-May-07 13:19:10: Email: email
2021-May-07 13:19:10: Hashrate threshold to restart miner is not set
2021-May-07 13:19:10: Added pool: eth-eu2.nanopool.org:9433
2021-May-07 13:19:10: Added pool: eth-eu1.nanopool.org:9433
2021-May-07 13:19:10: Added pool: eth-us-east1.nanopool.org:9433
2021-May-07 13:19:10: Added pool: eth-us-west1.nanopool.org:9433
2021-May-07 13:19:10: Added pool: eth-asia1.nanopool.org:9433
2021-May-07 13:19:10: Added pool: eth-jp1.nanopool.org:9433
2021-May-07 13:19:10: Added pool: eth-au1.nanopool.org:9433
2021-May-07 13:19:10: Auto pool sorting is enabled
2021-May-07 13:19:10: Using all GPU devices
2021-May-07 13:19:10: Memory tweak: 1
2021-May-07 13:19:10: -------------Common parameters:-------------
2021-May-07 13:19:10: Log path: ./logs/
2021-May-07 13:19:10: Log is written to file
2021-May-07 13:19:10: GPU watchdog is enabled
2021-May-07 13:19:10: Never calling reboot.bat (always restarting the miner in case of errors). 
2021-May-07 13:19:10: Setting up algorithm: Ethash
2021-May-07 13:19:11: Connecting to pools...
2021-May-07 13:19:12: Connected to pool: eth-eu2.nanopool.org:9433 | IP: 135.125.235.251 | ping: 84 ms.
2021-May-07 13:19:12: New job from eth-eu2.nanopool.org:9433 | share difficulty = 10000 MH, epoch 412 (4319 MB)
2021-May-07 13:19:12: Ethereum - Total speed: 0.000 H/s, Total shares: 0 Rejected: 0, Time: 00:01
2021-May-07 13:19:12: GPU0 t=37°C fan 31% power 47.54W. Total power: 47.54W
2021-May-07 13:19:12: New job from eth-eu2.nanopool.org:9433
2021-May-07 13:19:12: Ethereum - Total speed: 0.000 H/s, Total shares: 0 Rejected: 0, Time: 00:01
2021-May-07 13:19:12: Ethereum last 10 min - Total: 0.000 H/s.
2021-May-07 13:19:14: New job from eth-eu2.nanopool.org:9433
2021-May-07 13:19:14: Ethereum - Total speed: 0.000 H/s, Total shares: 0 Rejected: 0, Time: 00:03
2021-May-07 13:19:14: GPU0 t=37°C fan 31% power 47.41W. Total power: 47.41W
2021-May-07 13:19:17: New job from eth-eu2.nanopool.org:9433
2021-May-07 13:19:17: Ethereum - Total speed: 0.000 H/s, Total shares: 0 Rejected: 0, Time: 00:06
2021-May-07 13:19:18: GPU0: 4319 MB DAG generated in 3.96 seconds
2021-May-07 13:19:20: New job from eth-eu2.nanopool.org:9433
2021-May-07 13:19:20: Ethereum - Total speed: 50.986 MH/s, Total shares: 0 Rejected: 0, Time: 00:09
2021-May-07 13:19:20: GPU0 t=44°C fan 31% power 127.54W. Total power: 127.54W
2021-May-07 13:19:23: New job from eth-eu2.nanopool.org:9433
2021-May-07 13:19:23: Ethereum - Total speed: 50.899 MH/s, Total shares: 0 Rejected: 0, Time: 00:12
2021-May-07 13:19:23: Ethereum last 10 min - Total: 50.943 MH/s.
2021-May-07 13:19:26: New job from eth-eu2.nanopool.org:9433
2021-May-07 13:19:26: Ethereum - Total speed: 50.802 MH/s, Total shares: 0 Rejected: 0, Time: 00:15
2021-May-07 13:19:26: GPU0 t=46°C fan 31% power 127.37W. Total power: 127.37W
2021-May-07 13:19:26: New job from eth-eu2.nanopool.org:9433
2021-May-07 13:19:26: Ethereum - Total speed: 50.743 MH/s, Total shares: 0 Rejected: 0, Time: 00:16
2021-May-07 13:19:27: New job from eth-eu2.nanopool.org:9433
2021-May-07 13:19:27: Ethereum - Total speed: 50.707 MH/s, Total shares: 0 Rejected: 0, Time: 00:16
2021-May-07 13:19:27: GPU0 t=46°C fan 31% power 127.38W. Total power: 127.38W
2021-May-07 13:19:30: New job from eth-eu2.nanopool.org:9433
2021-May-07 13:19:30: Ethereum - Total speed: 50.592 MH/s, Total shares: 0 Rejected: 0, Time: 00:19
2021-May-07 13:19:30: Ethereum last 10 min - Total: 50.810 MH/s.
2021-May-07 13:19:33: New job from eth-eu2.nanopool.org:9433
2021-May-07 13:19:33: Ethereum - Total speed: 50.574 MH/s, Total shares: 0 Rejected: 0, Time: 00:22
2021-May-07 13:19:33: GPU0 t=48°C fan 31% power 135.01W. Total power: 135.01W
2021-May-07 13:19:36: New job from eth-eu2.nanopool.org:9433
2021-May-07 13:19:36: Ethereum - Total speed: 50.846 MH/s, Total shares: 0 Rejected: 0, Time: 00:25
2021-May-07 13:19:39: New job from eth-eu2.nanopool.org:9433
2021-May-07 13:19:39: Ethereum - Total speed: 51.946 MH/s, Total shares: 0 Rejected: 0, Time: 00:28
2021-May-07 13:19:39: GPU0 t=49°C fan 31% power 136.25W. Total power: 136.25W
2021-May-07 13:19:42: New job from eth-eu2.nanopool.org:9433
2021-May-07 13:19:42: Ethereum - Total speed: 52.896 MH/s, Total shares: 0 Rejected: 0, Time: 00:31
2021-May-07 13:19:42: Ethereum last 10 min - Total: 51.054 MH/s.
2021-May-07 13:19:43: New job from eth-eu2.nanopool.org:9433
2021-May-07 13:19:43: Ethereum - Total speed: 53.602 MH/s, Total shares: 0 Rejected: 0, Time: 00:33
2021-May-07 13:19:43: GPU0 t=49°C fan 31% power 136.09W. Total power: 136.09W
2021-May-07 13:19:44: New job from eth-eu2.nanopool.org:9433
2021-May-07 13:19:44: Ethereum - Total speed: 54.249 MH/s, Total shares: 0 Rejected: 0, Time: 00:33
2021-May-07 13:19:46: New job from eth-eu2.nanopool.org:9433
2021-May-07 13:19:46: Ethereum - Total speed: 54.986 MH/s, Total shares: 0 Rejected: 0, Time: 00:36
2021-May-07 13:19:46: GPU0 t=50°C fan 31% power 136.05W. Total power: 136.05W
2021-May-07 13:19:49: New job from eth-eu2.nanopool.org:9433
2021-May-07 13:19:49: Ethereum - Total speed: 55.622 MH/s, Total shares: 0 Rejected: 0, Time: 00:39
2021-May-07 13:19:49: Ethereum last 10 min - Total: 51.961 MH/s.
2021-May-07 13:19:52: New job from eth-eu2.nanopool.org:9433
2021-May-07 13:19:52: Ethereum - Total speed: 56.235 MH/s, Total shares: 0 Rejected: 0, Time: 00:42
2021-May-07 13:19:52: GPU0 t=50°C fan 31% power 136.08W. Total power: 136.08W
2021-May-07 13:19:52: New job from eth-eu2.nanopool.org:9433
2021-May-07 13:19:52: Ethereum - Total speed: 56.235 MH/s, Total shares: 0 Rejected: 0, Time: 00:42
2021-May-07 13:19:53: New job from eth-eu2.nanopool.org:9433
2021-May-07 13:19:53: Ethereum - Total speed: 56.725 MH/s, Total shares: 0 Rejected: 0, Time: 00:42
2021-May-07 13:19:53: GPU0 t=50°C fan 31% power 136.20W. Total power: 136.20W
2021-May-07 13:19:56: New job from eth-eu2.nanopool.org:9433
2021-May-07 13:19:56: Ethereum - Total speed: 57.071 MH/s, Total shares: 0 Rejected: 0, Time: 00:45
2021-May-07 13:19:56: Ethereum last 10 min - Total: 52.727 MH/s.
2021-May-07 13:19:59: New job from eth-eu2.nanopool.org:9433
2021-May-07 13:19:59: Ethereum - Total speed: 57.487 MH/s, Total shares: 0 Rejected: 0, Time: 00:48
2021-May-07 13:19:59: GPU0 t=51°C fan 31% power 136.15W. Total power: 136.15W
2021-May-07 13:19:59: New job from eth-eu2.nanopool.org:9433
2021-May-07 13:19:59: Ethereum - Total speed: 57.866 MH/s, Total shares: 0 Rejected: 0, Time: 00:48
2021-May-07 13:19:59: New job from eth-eu2.nanopool.org:9433
2021-May-07 13:19:59: Ethereum - Total speed: 58.245 MH/s, Total shares: 0 Rejected: 0, Time: 00:48
2021-May-07 13:19:59: GPU0 t=51°C fan 31% power 136.13W. Total power: 136.13W
2021-May-07 13:20:02: New job from eth-eu2.nanopool.org:9433
2021-May-07 13:20:02: Ethereum - Total speed: 58.412 MH/s, Total shares: 0 Rejected: 0, Time: 00:51
2021-May-07 13:20:02: Ethereum last 10 min - Total: 53.494 MH/s.
2021-May-07 13:20:05: New job from eth-eu2.nanopool.org:9433
2021-May-07 13:20:05: Ethereum - Total speed: 58.664 MH/s, Total shares: 0 Rejected: 0, Time: 00:54
2021-May-07 13:20:05: GPU0 t=52°C fan 31% power 136.20W. Total power: 136.20W
2021-May-07 13:20:08: New job from eth-eu2.nanopool.org:9433
2021-May-07 13:20:08: Ethereum - Total speed: 58.962 MH/s, Total shares: 0 Rejected: 0, Time: 00:57
2021-May-07 13:20:09: New job from eth-eu2.nanopool.org:9433
2021-May-07 13:20:09: Ethereum - Total speed: 59.137 MH/s, Total shares: 0 Rejected: 0, Time: 00:59
2021-May-07 13:20:09: GPU0 t=52°C fan 31% power 136.22W. Total power: 136.22W
2021-May-07 13:20:10: New job from eth-eu2.nanopool.org:9433
2021-May-07 13:20:10: Ethereum - Total speed: 59.305 MH/s, Total shares: 0 Rejected: 0, Time: 00:59
2021-May-07 13:20:10: Ethereum last 10 min - Total: 54.294 MH/s.
2021-May-07 13:20:13: New job from eth-eu2.nanopool.org:9433
2021-May-07 13:20:13: Ethereum - Total speed: 59.502 MH/s, Total shares: 0 Rejected: 0, Time: 01:02
2021-May-07 13:20:13: GPU0 t=52°C fan 31% power 136.21W. Total power: 136.21W
2021-May-07 13:20:17: New job from eth-eu2.nanopool.org:9433
2021-May-07 13:20:17: Ethereum - Total speed: 59.572 MH/s, Total shares: 0 Rejected: 0, Time: 01:06
2021-May-07 13:20:19: New job from eth-eu2.nanopool.org:9433
2021-May-07 13:20:19: Ethereum - Total speed: 59.623 MH/s, Total shares: 0 Rejected: 0, Time: 01:08
2021-May-07 13:20:19: GPU0 t=53°C fan 31% power 136.22W. Total power: 136.22W
2021-May-07 13:20:22: New job from eth-eu2.nanopool.org:9433
2021-May-07 13:20:22: Ethereum - Total speed: 59.740 MH/s, Total shares: 0 Rejected: 0, Time: 01:11
2021-May-07 13:20:22: Ethereum last 10 min - Total: 55.298 MH/s.
2021-May-07 13:20:25: New job from eth-eu2.nanopool.org:9433
2021-May-07 13:20:25: Ethereum - Total speed: 59.875 MH/s, Total shares: 0 Rejected: 0, Time: 01:14
2021-May-07 13:20:25: GPU0 t=53°C fan 31% power 136.21W. Total power: 136.21W
2021-May-07 13:20:28: New job from eth-eu2.nanopool.org:9433
2021-May-07 13:20:28: Ethereum - Total speed: 60.072 MH/s, Total shares: 0 Rejected: 0, Time: 01:17
2021-May-07 13:20:31: New job from eth-eu2.nanopool.org:9433
2021-May-07 13:20:31: Ethereum - Total speed: 60.245 MH/s, Total shares: 0 Rejected: 0, Time: 01:20
2021-May-07 13:20:31: GPU0 t=54°C fan 31% power 136.21W. Total power: 136.21W
2021-May-07 13:20:31: New job from eth-eu2.nanopool.org:9433
2021-May-07 13:20:31: Ethereum - Total speed: 60.401 MH/s, Total shares: 0 Rejected: 0, Time: 01:20
2021-May-07 13:20:31: Ethereum last 10 min - Total: 55.912 MH/s.
2021-May-07 13:20:31: New job from eth-eu2.nanopool.org:9433
2021-May-07 13:20:31: Ethereum - Total speed: 60.494 MH/s, Total shares: 0 Rejected: 0, Time: 01:20
2021-May-07 13:20:31: GPU0 t=54°C fan 31% power 136.13W. Total power: 136.13W
2021-May-07 13:20:33: Ethereum - SHARE FOUND (GPU: 0, nonce: 0x6038f16c80de43e5).
2021-May-07 13:20:33: Ethereum: share accepted (57 ms)!
2021-May-07 13:20:34: New job from eth-eu2.nanopool.org:9433
2021-May-07 13:20:34: Ethereum - Total speed: 60.537 MH/s, Total shares: 1 Rejected: 0, Time: 01:23
2021-May-07 13:20:37: New job from eth-eu2.nanopool.org:9433
2021-May-07 13:20:37: Ethereum - Total speed: 60.664 MH/s, Total shares: 1 Rejected: 0, Time: 01:26
2021-May-07 13:20:37: GPU0 t=54°C fan 31% power 136.24W. Total power: 136.24W
2021-May-07 13:20:40: New job from eth-eu2.nanopool.org:9433
2021-May-07 13:20:40: Ethereum - Total speed: 60.784 MH/s, Total shares: 1 Rejected: 0, Time: 01:29
2021-May-07 13:20:40: Ethereum last 10 min - Total: 56.444 MH/s.
2021-May-07 13:20:40: New job from eth-eu2.nanopool.org:9433
2021-May-07 13:20:40: Ethereum - Total speed: 60.887 MH/s, Total shares: 1 Rejected: 0, Time: 01:29
2021-May-07 13:20:40: GPU0 t=54°C fan 31% power 136.06W. Total power: 136.06W
2021-May-07 13:20:43: New job from eth-eu2.nanopool.org:9433
2021-May-07 13:20:43: Ethereum - Total speed: 60.816 MH/s, Total shares: 1 Rejected: 0, Time: 01:32
2021-May-07 13:20:43: New job from eth-eu2.nanopool.org:9433
2021-May-07 13:20:43: Ethereum - Total speed: 60.914 MH/s, Total shares: 1 Rejected: 0, Time: 01:32
2021-May-07 13:20:43: GPU0 t=54°C fan 31% power 136.08W. Total power: 136.08W
2021-May-07 13:20:47: New job from eth-eu2.nanopool.org:9433
2021-May-07 13:20:47: Ethereum - Total speed: 60.860 MH/s, Total shares: 1 Rejected: 0, Time: 01:36
2021-May-07 13:20:47: Ethereum last 10 min - Total: 56.786 MH/s.
2021-May-07 13:20:49: New job from eth-eu2.nanopool.org:9433
2021-May-07 13:20:49: Ethereum - Total speed: 60.958 MH/s, Total shares: 1 Rejected: 0, Time: 01:38
2021-May-07 13:20:49: GPU0 t=55°C fan 31% power 136.17W. Total power: 136.17W
2021-May-07 13:20:52: New job from eth-eu2.nanopool.org:9433
2021-May-07 13:20:52: Ethereum - Total speed: 61.037 MH/s, Total shares: 1 Rejected: 0, Time: 01:41
2021-May-07 13:20:55: New job from eth-eu2.nanopool.org:9433
2021-May-07 13:20:55: Ethereum - Total speed: 61.114 MH/s, Total shares: 1 Rejected: 0, Time: 01:44
2021-May-07 13:20:55: GPU0 t=55°C fan 31% power 136.10W. Total power: 136.10W
2021-May-07 13:20:58: New job from eth-eu2.nanopool.org:9433
2021-May-07 13:20:58: Ethereum - Total speed: 61.182 MH/s, Total shares: 1 Rejected: 0, Time: 01:47
2021-May-07 13:20:58: Ethereum last 10 min - Total: 57.277 MH/s.
2021-May-07 13:21:01: New job from eth-eu2.nanopool.org:9433
2021-May-07 13:21:01: Ethereum - Total speed: 61.250 MH/s, Total shares: 1 Rejected: 0, Time: 01:51
2021-May-07 13:21:01: GPU0 t=55°C fan 31% power 136.24W. Total power: 136.24W
2021-May-07 13:21:04: New job from eth-eu2.nanopool.org:9433
2021-May-07 13:21:04: Ethereum - Total speed: 61.300 MH/s, Total shares: 1 Rejected: 0, Time: 01:54
2021-May-07 13:21:07: New job from eth-eu2.nanopool.org:9433
2021-May-07 13:21:07: Ethereum - Total speed: 61.347 MH/s, Total shares: 1 Rejected: 0, Time: 01:56
2021-May-07 13:21:07: GPU0 t=55°C fan 31% power 136.07W. Total power: 136.07W
2021-May-07 13:21:10: New job from eth-eu2.nanopool.org:9433
2021-May-07 13:21:10: Ethereum - Total speed: 61.237 MH/s, Total shares: 1 Rejected: 0, Time: 01:59
2021-May-07 13:21:10: Ethereum last 10 min - Total: 57.710 MH/s.
2021-May-07 13:21:12: New job from eth-eu2.nanopool.org:9433
2021-May-07 13:21:12: Ethereum - Total speed: 61.224 MH/s, Total shares: 1 Rejected: 0, Time: 02:01
2021-May-07 13:21:12: GPU0 t=55°C fan 31% power 136.22W. Total power: 136.22W
2021-May-07 13:21:12: New job from eth-eu2.nanopool.org:9433
2021-May-07 13:21:12: Ethereum - Total speed: 61.267 MH/s, Total shares: 1 Rejected: 0, Time: 02:02
2021-May-07 13:21:16: New job from eth-eu2.nanopool.org:9433
2021-May-07 13:21:16: Ethereum - Total speed: 61.062 MH/s, Total shares: 1 Rejected: 0, Time: 02:05
2021-May-07 13:21:16: GPU0 t=56°C fan 31% power 136.13W. Total power: 136.13W
2021-May-07 13:21:18: New job from eth-eu2.nanopool.org:9433
2021-May-07 13:21:18: Ethereum - Total speed: 61.006 MH/s, Total shares: 1 Rejected: 0, Time: 02:08
2021-May-07 13:21:18: Ethereum last 10 min - Total: 57.945 MH/s.
2021-May-07 13:21:21: New job from eth-eu2.nanopool.org:9433
2021-May-07 13:21:21: Ethereum - Total speed: 60.994 MH/s, Total shares: 1 Rejected: 0, Time: 02:11
2021-May-07 13:21:21: GPU0 t=56°C fan 31% power 136.24W. Total power: 136.24W
2021-May-07 13:21:24: New job from eth-eu2.nanopool.org:9433
2021-May-07 13:21:24: Ethereum - Total speed: 60.984 MH/s, Total shares: 1 Rejected: 0, Time: 02:14
2021-May-07 13:21:28: New job from eth-eu2.nanopool.org:9433
2021-May-07 13:21:28: Ethereum - Total speed: 60.956 MH/s, Total shares: 1 Rejected: 0, Time: 02:17
2021-May-07 13:21:28: GPU0 t=56°C fan 31% power 135.90W. Total power: 135.90W
2021-May-07 13:21:30: New job from eth-eu2.nanopool.org:9433
2021-May-07 13:21:30: Ethereum - Total speed: 60.877 MH/s, Total shares: 1 Rejected: 0, Time: 02:20
2021-May-07 13:21:30: Ethereum last 10 min - Total: 58.223 MH/s.
2021-May-07 13:21:34: New job from eth-eu2.nanopool.org:9433
2021-May-07 13:21:34: Ethereum - Total speed: 60.840 MH/s, Total shares: 1 Rejected: 0, Time: 02:23
2021-May-07 13:21:34: GPU0 t=56°C fan 31% power 135.07W. Total power: 135.07W
2021-May-07 13:21:36: New job from eth-eu2.nanopool.org:9433
2021-May-07 13:21:36: Ethereum - Total speed: 60.676 MH/s, Total shares: 1 Rejected: 0, Time: 02:26
2021-May-07 13:21:39: New job from eth-eu2.nanopool.org:9433
2021-May-07 13:21:39: Ethereum - Total speed: 60.700 MH/s, Total shares: 1 Rejected: 0, Time: 02:29
2021-May-07 13:21:39: GPU0 t=56°C fan 31% power 135.88W. Total power: 135.88W
2021-May-07 13:21:42: New job from eth-eu2.nanopool.org:9433
2021-May-07 13:21:42: Ethereum - Total speed: 60.735 MH/s, Total shares: 1 Rejected: 0, Time: 02:32
2021-May-07 13:21:42: Ethereum last 10 min - Total: 58.436 MH/s.
2021-May-07 13:21:45: New job from eth-eu2.nanopool.org:9433
2021-May-07 13:21:45: Ethereum - Total speed: 60.682 MH/s, Total shares: 1 Rejected: 0, Time: 02:35
2021-May-07 13:21:45: GPU0 t=56°C fan 31% power 136.15W. Total power: 136.15W
2021-May-07 13:21:49: New job from eth-eu2.nanopool.org:9433
2021-May-07 13:21:49: Ethereum - Total speed: 60.794 MH/s, Total shares: 1 Rejected: 0, Time: 02:38
2021-May-07 13:21:51: New job from eth-eu2.nanopool.org:9433
2021-May-07 13:21:51: Ethereum - Total speed: 60.850 MH/s, Total shares: 1 Rejected: 0, Time: 02:41
2021-May-07 13:21:51: GPU0 t=56°C fan 31% power 136.03W. Total power: 136.03W
2021-May-07 13:21:55: New job from eth-eu2.nanopool.org:9433
2021-May-07 13:21:55: Ethereum - Total speed: 60.927 MH/s, Total shares: 1 Rejected: 0, Time: 02:44
2021-May-07 13:21:55: Ethereum last 10 min - Total: 58.623 MH/s.
2021-May-07 13:21:57: New job from eth-eu2.nanopool.org:9433
2021-May-07 13:21:57: Ethereum - Total speed: 60.996 MH/s, Total shares: 1 Rejected: 0, Time: 02:47
2021-May-07 13:21:57: GPU0 t=57°C fan 31% power 136.16W. Total power: 136.16W
2021-May-07 13:22:00: New job from eth-eu2.nanopool.org:9433
2021-May-07 13:22:00: Ethereum - Total speed: 61.035 MH/s, Total shares: 1 Rejected: 0, Time: 02:50
2021-May-07 13:22:03: New job from eth-eu2.nanopool.org:9433
2021-May-07 13:22:03: Ethereum - Total speed: 61.087 MH/s, Total shares: 1 Rejected: 0, Time: 02:53
2021-May-07 13:22:03: GPU0 t=57°C fan 31% power 136.03W. Total power: 136.03W
2021-May-07 13:22:06: New job from eth-eu2.nanopool.org:9433
2021-May-07 13:22:06: Ethereum - Total speed: 61.148 MH/s, Total shares: 1 Rejected: 0, Time: 02:56
2021-May-07 13:22:06: Ethereum last 10 min - Total: 58.792 MH/s.
2021-May-07 13:22:09: New job from eth-eu2.nanopool.org:9433
2021-May-07 13:22:09: Ethereum - Total speed: 61.164 MH/s, Total shares: 1 Rejected: 0, Time: 02:59
2021-May-07 13:22:09: GPU0 t=57°C fan 31% power 135.86W. Total power: 135.86W
2021-May-07 13:22:12: New job from eth-eu2.nanopool.org:9433
2021-May-07 13:22:12: Ethereum - Total speed: 61.067 MH/s, Total shares: 1 Rejected: 0, Time: 03:02
2021-May-07 13:22:16: New job from eth-eu2.nanopool.org:9433
2021-May-07 13:22:16: Ethereum - Total speed: 60.956 MH/s, Total shares: 1 Rejected: 0, Time: 03:05
2021-May-07 13:22:16: GPU0 t=57°C fan 31% power 133.40W. Total power: 133.40W
2021-May-07 13:22:18: New job from eth-eu2.nanopool.org:9433
2021-May-07 13:22:18: Ethereum - Total speed: 61.023 MH/s, Total shares: 1 Rejected: 0, Time: 03:08
2021-May-07 13:22:18: Ethereum last 10 min - Total: 58.945 MH/s.
2021-May-07 13:22:21: New job from eth-eu2.nanopool.org:9433
2021-May-07 13:22:21: Ethereum - Total speed: 61.059 MH/s, Total shares: 1 Rejected: 0, Time: 03:11
2021-May-07 13:22:21: GPU0 t=57°C fan 31% power 133.75W. Total power: 133.75W
2021-May-07 13:22:25: New job from eth-eu2.nanopool.org:9433
2021-May-07 13:22:25: Ethereum - Total speed: 61.112 MH/s, Total shares: 1 Rejected: 0, Time: 03:14
2021-May-07 13:22:27: New job from eth-eu2.nanopool.org:9433
2021-May-07 13:22:27: Ethereum - Total speed: 61.170 MH/s, Total shares: 1 Rejected: 0, Time: 03:17
2021-May-07 13:22:27: GPU0 t=57°C fan 31% power 133.09W. Total power: 133.09W
2021-May-07 13:22:31: New job from eth-eu2.nanopool.org:9433
2021-May-07 13:22:31: Ethereum - Total speed: 61.038 MH/s, Total shares: 1 Rejected: 0, Time: 03:20
2021-May-07 13:22:31: Ethereum last 10 min - Total: 59.082 MH/s.
2021-May-07 13:22:33: New job from eth-eu2.nanopool.org:9433
2021-May-07 13:22:33: Ethereum - Total speed: 61.067 MH/s, Total shares: 1 Rejected: 0, Time: 03:23
2021-May-07 13:22:33: GPU0 t=57°C fan 31% power 133.70W. Total power: 133.70W
2021-May-07 13:22:36: New job from eth-eu2.nanopool.org:9433
2021-May-07 13:22:36: Ethereum - Total speed: 61.119 MH/s, Total shares: 1 Rejected: 0, Time: 03:25
2021-May-07 13:22:38: New job from eth-eu2.nanopool.org:9433
2021-May-07 13:22:38: Ethereum - Total speed: 61.122 MH/s, Total shares: 1 Rejected: 0, Time: 03:27
2021-May-07 13:22:38: GPU0 t=57°C fan 31% power 134.02W. Total power: 134.02W
2021-May-07 13:22:41: New job from eth-eu2.nanopool.org:9433
2021-May-07 13:22:41: Ethereum - Total speed: 61.154 MH/s, Total shares: 1 Rejected: 0, Time: 03:30
2021-May-07 13:22:41: Ethereum last 10 min - Total: 59.188 MH/s.
2021-May-07 13:22:44: New job from eth-eu2.nanopool.org:9433
2021-May-07 13:22:44: Ethereum - Total speed: 61.186 MH/s, Total shares: 1 Rejected: 0, Time: 03:33
2021-May-07 13:22:44: GPU0 t=57°C fan 31% power 133.55W. Total power: 133.55W
2021-May-07 13:22:46: New job from eth-eu2.nanopool.org:9433
2021-May-07 13:22:46: Ethereum - Total speed: 61.212 MH/s, Total shares: 1 Rejected: 0, Time: 03:35
2021-May-07 13:22:47: New job from eth-eu2.nanopool.org:9433
2021-May-07 13:22:47: Ethereum - Total speed: 61.241 MH/s, Total shares: 1 Rejected: 0, Time: 03:36
2021-May-07 13:22:47: GPU0 t=57°C fan 32% power 132.13W. Total power: 132.13W
2021-May-07 13:22:50: New job from eth-eu2.nanopool.org:9433
2021-May-07 13:22:50: Ethereum - Total speed: 61.102 MH/s, Total shares: 1 Rejected: 0, Time: 03:40
2021-May-07 13:22:50: Ethereum last 10 min - Total: 59.275 MH/s.
2021-May-07 13:22:52: New job from eth-eu2.nanopool.org:9433
2021-May-07 13:22:52: Ethereum - Total speed: 61.145 MH/s, Total shares: 1 Rejected: 0, Time: 03:41
2021-May-07 13:22:52: GPU0 t=57°C fan 32% power 133.29W. Total power: 133.29W
2021-May-07 13:22:52: New job from eth-eu2.nanopool.org:9433
2021-May-07 13:22:52: Ethereum - Total speed: 61.145 MH/s, Total shares: 1 Rejected: 0, Time: 03:41
2021-May-07 13:22:55: New job from eth-eu2.nanopool.org:9433
2021-May-07 13:22:55: Ethereum - Total speed: 61.149 MH/s, Total shares: 1 Rejected: 0, Time: 03:44
2021-May-07 13:22:55: GPU0 t=57°C fan 32% power 133.62W. Total power: 133.62W
2021-May-07 13:22:57: New job from eth-eu2.nanopool.org:9433
2021-May-07 13:22:57: Ethereum - Total speed: 61.195 MH/s, Total shares: 1 Rejected: 0, Time: 03:46
2021-May-07 13:22:57: Ethereum last 10 min - Total: 59.333 MH/s.
2021-May-07 13:22:57: New job from eth-eu2.nanopool.org:9433
2021-May-07 13:22:57: Ethereum - Total speed: 61.220 MH/s, Total shares: 1 Rejected: 0, Time: 03:47
2021-May-07 13:22:57: GPU0 t=57°C fan 32% power 133.54W. Total power: 133.54W
2021-May-07 13:23:00: New job from eth-eu2.nanopool.org:9433
2021-May-07 13:23:00: Ethereum - Total speed: 61.064 MH/s, Total shares: 1 Rejected: 0, Time: 03:50
2021-May-07 13:23:03: New job from eth-eu2.nanopool.org:9433
2021-May-07 13:23:03: Ethereum - Total speed: 61.086 MH/s, Total shares: 1 Rejected: 0, Time: 03:52
2021-May-07 13:23:03: GPU0 t=59°C fan 32% power 156.11W. Total power: 156.11W
2021-May-07 13:23:06: New job from eth-eu2.nanopool.org:9433
2021-May-07 13:23:06: Ethereum - Total speed: 61.164 MH/s, Total shares: 1 Rejected: 0, Time: 03:55
2021-May-07 13:23:06: Ethereum last 10 min - Total: 59.405 MH/s.
2021-May-07 13:23:07: New job from eth-eu2.nanopool.org:9433
2021-May-07 13:23:07: Ethereum - Total speed: 61.210 MH/s, Total shares: 1 Rejected: 0, Time: 03:56
2021-May-07 13:23:07: GPU0 t=59°C fan 33% power 155.88W. Total power: 155.88W
2021-May-07 13:23:07: New job from eth-eu2.nanopool.org:9433
2021-May-07 13:23:07: Ethereum - Total speed: 61.211 MH/s, Total shares: 1 Rejected: 0, Time: 03:56
2021-May-07 13:23:10: New job from eth-eu2.nanopool.org:9433
2021-May-07 13:23:10: Ethereum - Total speed: 61.104 MH/s, Total shares: 1 Rejected: 0, Time: 03:59
2021-May-07 13:23:10: GPU0 t=59°C fan 34% power 151.37W. Total power: 151.37W
2021-May-07 13:23:13: New job from eth-eu2.nanopool.org:9433
2021-May-07 13:23:13: Ethereum - Total speed: 61.180 MH/s, Total shares: 1 Rejected: 0, Time: 04:02
2021-May-07 13:23:13: Ethereum last 10 min - Total: 59.456 MH/s.
2021-May-07 13:23:16: New job from eth-eu2.nanopool.org:9433
2021-May-07 13:23:16: Ethereum - Total speed: 61.245 MH/s, Total shares: 1 Rejected: 0, Time: 04:05
2021-May-07 13:23:16: GPU0 t=59°C fan 35% power 151.34W. Total power: 151.34W
2021-May-07 13:23:19: New job from eth-eu2.nanopool.org:9433
2021-May-07 13:23:19: Ethereum - Total speed: 61.152 MH/s, Total shares: 1 Rejected: 0, Time: 04:08
2021-May-07 13:23:22: New job from eth-eu2.nanopool.org:9433
2021-May-07 13:23:22: Ethereum - Total speed: 61.068 MH/s, Total shares: 1 Rejected: 0, Time: 04:11
2021-May-07 13:23:22: GPU0 t=59°C fan 35% power 150.94W. Total power: 150.94W
2021-May-07 13:23:24: New job from eth-eu2.nanopool.org:9433
2021-May-07 13:23:24: Ethereum - Total speed: 61.020 MH/s, Total shares: 1 Rejected: 0, Time: 04:14
2021-May-07 13:23:24: Ethereum last 10 min - Total: 59.535 MH/s.
2021-May-07 13:23:25: New job from eth-eu2.nanopool.org:9433
2021-May-07 13:23:25: Ethereum - Total speed: 61.035 MH/s, Total shares: 1 Rejected: 0, Time: 04:14
2021-May-07 13:23:25: GPU0 t=59°C fan 35% power 150.81W. Total power: 150.81W
2021-May-07 13:23:26: New job from eth-eu2.nanopool.org:9433
2021-May-07 13:23:26: Ethereum - Total speed: 60.580 MH/s, Total shares: 1 Rejected: 0, Time: 04:15
2021-May-07 13:23:26: Ethereum - SHARE FOUND (GPU: 0, nonce: 0xdd6622f6bd5781db).
2021-May-07 13:23:26: Ethereum: share accepted (46 ms)!
2021-May-07 13:23:28: New job from eth-eu2.nanopool.org:9433
2021-May-07 13:23:28: Ethereum - Total speed: 60.459 MH/s, Total shares: 2 Rejected: 0, Time: 04:17
2021-May-07 13:23:28: GPU0 t=59°C fan 36% power 151.10W. Total power: 151.10W
2021-May-07 13:23:29: New job from eth-eu2.nanopool.org:9433
2021-May-07 13:23:29: Ethereum - Total speed: 60.516 MH/s, Total shares: 2 Rejected: 0, Time: 04:18
2021-May-07 13:23:29: Ethereum last 10 min - Total: 59.553 MH/s.
2021-May-07 13:23:32: New job from eth-eu2.nanopool.org:9433
2021-May-07 13:23:32: Ethereum - Total speed: 60.503 MH/s, Total shares: 2 Rejected: 0, Time: 04:21
2021-May-07 13:23:32: GPU0 t=59°C fan 36% power 151.32W. Total power: 151.32W
2021-May-07 13:23:35: New job from eth-eu2.nanopool.org:9433
2021-May-07 13:23:35: Ethereum - Total speed: 60.141 MH/s, Total shares: 2 Rejected: 0, Time: 04:24
2021-May-07 13:23:38: New job from eth-eu2.nanopool.org:9433
2021-May-07 13:23:38: Ethereum - Total speed: 60.147 MH/s, Total shares: 2 Rejected: 0, Time: 04:27
2021-May-07 13:23:38: GPU0 t=59°C fan 36% power 151.15W. Total power: 151.15W
2021-May-07 13:23:41: New job from eth-eu2.nanopool.org:9433
2021-May-07 13:23:41: Ethereum - Total speed: 60.210 MH/s, Total shares: 2 Rejected: 0, Time: 04:30
2021-May-07 13:23:41: Ethereum last 10 min - Total: 59.587 MH/s.
2021-May-07 13:23:44: New job from eth-eu2.nanopool.org:9433
2021-May-07 13:23:44: Ethereum - Total speed: 60.295 MH/s, Total shares: 2 Rejected: 0, Time: 04:33
2021-May-07 13:23:44: GPU0 t=59°C fan 36% power 150.58W. Total power: 150.58W
2021-May-07 13:23:47: New job from eth-eu2.nanopool.org:9433
2021-May-07 13:23:47: Ethereum - Total speed: 60.232 MH/s, Total shares: 2 Rejected: 0, Time: 04:36
2021-May-07 13:23:50: New job from eth-eu2.nanopool.org:9433
2021-May-07 13:23:50: Ethereum - Total speed: 60.334 MH/s, Total shares: 2 Rejected: 0, Time: 04:39
2021-May-07 13:23:50: GPU0 t=60°C fan 36% power 151.72W. Total power: 151.72W
2021-May-07 13:23:53: New job from eth-eu2.nanopool.org:9433
2021-May-07 13:23:53: Ethereum - Total speed: 60.479 MH/s, Total shares: 2 Rejected: 0, Time: 04:42
2021-May-07 13:23:53: Ethereum last 10 min - Total: 59.618 MH/s.
2021-May-07 13:23:56: New job from eth-eu2.nanopool.org:9433
2021-May-07 13:23:56: Ethereum - Total speed: 60.540 MH/s, Total shares: 2 Rejected: 0, Time: 04:45
2021-May-07 13:23:56: GPU0 t=60°C fan 37% power 151.10W. Total power: 151.10W
2021-May-07 13:23:56: New job from eth-eu2.nanopool.org:9433
2021-May-07 13:23:56: Ethereum - Total speed: 60.586 MH/s, Total shares: 2 Rejected: 0, Time: 04:46
2021-May-07 13:23:58: New job from eth-eu2.nanopool.org:9433
2021-May-07 13:23:58: Ethereum - Total speed: 60.555 MH/s, Total shares: 2 Rejected: 0, Time: 04:47
2021-May-07 13:23:58: GPU0 t=59°C fan 37% power 151.10W. Total power: 151.10W
2021-May-07 13:23:58: New job from eth-eu2.nanopool.org:9433
2021-May-07 13:23:58: Ethereum - Total speed: 60.547 MH/s, Total shares: 2 Rejected: 0, Time: 04:47
2021-May-07 13:23:58: Ethereum last 10 min - Total: 59.636 MH/s.
2021-May-07 13:24:00: New job from eth-eu2.nanopool.org:9433
2021-May-07 13:24:00: Ethereum - Total speed: 60.363 MH/s, Total shares: 2 Rejected: 0, Time: 04:49
2021-May-07 13:24:00: GPU0 t=60°C fan 37% power 151.44W. Total power: 151.44W
2021-May-07 13:24:03: New job from eth-eu2.nanopool.org:9433
2021-May-07 13:24:03: Ethereum - Total speed: 60.474 MH/s, Total shares: 2 Rejected: 0, Time: 04:52
2021-May-07 13:24:06: New job from eth-eu2.nanopool.org:9433
2021-May-07 13:24:06: Ethereum - Total speed: 60.562 MH/s, Total shares: 2 Rejected: 0, Time: 04:55
2021-May-07 13:24:06: GPU0 t=59°C fan 37% power 150.01W. Total power: 150.01W
2021-May-07 13:24:09: New job from eth-eu2.nanopool.org:9433
2021-May-07 13:24:09: Ethereum - Total speed: 60.609 MH/s, Total shares: 2 Rejected: 0, Time: 04:58
2021-May-07 13:24:09: Ethereum last 10 min - Total: 59.667 MH/s.
2021-May-07 13:24:12: New job from eth-eu2.nanopool.org:9433
2021-May-07 13:24:12: Ethereum - Total speed: 60.691 MH/s, Total shares: 2 Rejected: 0, Time: 05:01
2021-May-07 13:24:12: GPU0 t=60°C fan 37% power 151.12W. Total power: 151.12W
2021-May-07 13:24:15: New job from eth-eu2.nanopool.org:9433
2021-May-07 13:24:15: Ethereum - Total speed: 60.683 MH/s, Total shares: 2 Rejected: 0, Time: 05:04
2021-May-07 13:24:18: New job from eth-eu2.nanopool.org:9433
2021-May-07 13:24:18: Ethereum - Total speed: 60.632 MH/s, Total shares: 2 Rejected: 0, Time: 05:07
2021-May-07 13:24:18: GPU0 t=60°C fan 37% power 151.56W. Total power: 151.56W
2021-May-07 13:24:21: New job from eth-eu2.nanopool.org:9433
2021-May-07 13:24:21: Ethereum - Total speed: 60.709 MH/s, Total shares: 2 Rejected: 0, Time: 05:10
2021-May-07 13:24:21: Ethereum last 10 min - Total: 59.707 MH/s.
2021-May-07 13:24:24: New job from eth-eu2.nanopool.org:9433
2021-May-07 13:24:24: Ethereum - Total speed: 60.648 MH/s, Total shares: 2 Rejected: 0, Time: 05:13
2021-May-07 13:24:24: GPU0 t=58°C fan 37% power 135.93W. Total power: 135.93W
2021-May-07 13:24:27: New job from eth-eu2.nanopool.org:9433
2021-May-07 13:24:27: Ethereum - Total speed: 60.355 MH/s, Total shares: 2 Rejected: 0, Time: 05:16
2021-May-07 13:24:28: New job from eth-eu2.nanopool.org:9433
2021-May-07 13:24:28: Ethereum - Total speed: 60.253 MH/s, Total shares: 2 Rejected: 0, Time: 05:18
2021-May-07 13:24:28: GPU0 t=58°C fan 37% power 135.68W. Total power: 135.68W
2021-May-07 13:24:29: New job from eth-eu2.nanopool.org:9433
2021-May-07 13:24:29: Ethereum - Total speed: 60.025 MH/s, Total shares: 2 Rejected: 0, Time: 05:18
2021-May-07 13:24:29: Ethereum last 10 min - Total: 59.728 MH/s.
2021-May-07 13:24:30: System exception: 
2021-May-07 13:24:30: device: 0; an illegal memory access was encountered
2021-May-07 13:24:30: Can't work on device: 0
2021-May-07 13:24:30: Miner has not been restarted before
2021-May-07 13:24:30: Self-restarting miner process.
2021-May-07 13:24:31: New job from eth-eu2.nanopool.org:9433
2021-May-07 13:24:31: Ethereum - Total speed: 59.818 MH/s, Total shares: 2 Rejected: 0, Time: 05:21
2021-May-07 13:24:32: New job from eth-eu2.nanopool.org:9433
