2021-03-07 20:35:31: <info>                                    _                 
2021-03-07 20:35:31: <info>  _ __   __ _ _ __   ___  _ __ ___ (_)_ __   ___ _ __ 
2021-03-07 20:35:31: <info> | '_ \ / _` | '_ \ / _ \| '_ ` _ \| | '_ \ / _ \ '__|
2021-03-07 20:35:31: <info> | | | | (_| | | | | (_) | | | | | | | | | |  __/ |   
2021-03-07 20:35:31: <info> |_| |_|\__,_|_| |_|\___/|_| |_| |_|_|_| |_|\___|_|   
2021-03-07 20:35:31: <info> 
2021-03-07 20:35:31: <info> Version 3.2.2-cuda11
2021-03-07 20:35:31: <info>  Started EthMan server on port 3333 without a password (read-only mode).
2021-03-07 20:35:31: <info>  Started web interface on port 9090 without a password.
2021-03-07 20:35:31: <info>  CUDA driver version is 11.2, runtime version is 11.1
2021-03-07 20:35:31: <info> Single device detected
2021-03-07 20:35:31: <info> GPU 0 PCI 0a:00.0, Platform: CUDA, Name: GeForce RTX 3060 Ti, 8192 MB available
2021-03-07 20:35:31: <info> -------------------Ethash:------------------
2021-03-07 20:35:31: <info> Currency: Ethereum
2021-03-07 20:35:31: <info> Wallet: wallet
2021-03-07 20:35:31: <info> Rig name: levin
2021-03-07 20:35:31: <info> Email: levinkueck08@gmail.com
2021-03-07 20:35:31: <info> Hashrate threshold to restart miner is not set
2021-03-07 20:35:31: <info> Added pool: eth-eu2.nanopool.org:9433
2021-03-07 20:35:31: <info> Added pool: eth-eu1.nanopool.org:9433
2021-03-07 20:35:31: <info> Added pool: eth-us-east1.nanopool.org:9433
2021-03-07 20:35:31: <info> Added pool: eth-us-west1.nanopool.org:9433
2021-03-07 20:35:31: <info> Added pool: eth-asia1.nanopool.org:9433
2021-03-07 20:35:31: <info> Added pool: eth-jp1.nanopool.org:9433
2021-03-07 20:35:31: <info> Added pool: eth-au1.nanopool.org:9433
2021-03-07 20:35:31: <info> Auto pool sorting is enabled
2021-03-07 20:35:31: <info> Using all GPU devices
2021-03-07 20:35:31: <info> Memory tweak: 1
2021-03-07 20:35:31: <info> -------------Common parameters:-------------
2021-03-07 20:35:31: <info> Log path: ./logs/
2021-03-07 20:35:31: <info> Log is written to file
2021-03-07 20:35:31: <info> GPU watchdog is enabled
2021-03-07 20:35:31: <info> Never calling reboot.bat (always restarting the miner in case of errors). 
2021-03-07 20:35:31: <info>  Setting up algorithm: Ethash
2021-03-07 20:35:32: <info>  Connecting to pools...
2021-03-07 20:35:33: <info>  Connected to pool: eth-eu2.nanopool.org:9433 | IP: 149.202.42.174 | ping: 99 ms.
2021-03-07 20:35:33: <info>  New job from eth-eu2.nanopool.org:9433 | share difficulty = 10000 MH, epoch 399 (4215 MB)
2021-03-07 20:35:33: [Statistics] Ethereum - Total speed: 0.000 H/s, Total shares: 0 Rejected: 0, Time: 00:01
2021-03-07 20:35:33: [Statistics] GPU0 t=35°C fan 30% power 37.41W. Total power: 37.41W
2021-03-07 20:35:33: <info>  New job from eth-eu2.nanopool.org:9433
2021-03-07 20:35:33: [Statistics] Ethereum - Total speed: 0.000 H/s, Total shares: 0 Rejected: 0, Time: 00:01
2021-03-07 20:35:33: [Statistics] Ethereum last 10 min - Total: 0.000 H/s.
2021-03-07 20:35:33: <info>  New job from eth-eu2.nanopool.org:9433
2021-03-07 20:35:33: [Statistics] Ethereum - Total speed: 0.000 H/s, Total shares: 0 Rejected: 0, Time: 00:01
2021-03-07 20:35:33: [Statistics] GPU0 t=35°C fan 30% power 37.42W. Total power: 37.42W
2021-03-07 20:35:33: <info>  New job from eth-eu2.nanopool.org:9433
2021-03-07 20:35:33: [Statistics] Ethereum - Total speed: 0.000 H/s, Total shares: 0 Rejected: 0, Time: 00:01
2021-03-07 20:35:36: <info>  New job from eth-eu2.nanopool.org:9433
2021-03-07 20:35:36: [Statistics] Ethereum - Total speed: 0.000 H/s, Total shares: 0 Rejected: 0, Time: 00:04
2021-03-07 20:35:36: [Statistics] GPU0 t=40°C fan 30% power 110.75W. Total power: 110.75W
2021-03-07 20:35:39: <info>  New job from eth-eu2.nanopool.org:9433
2021-03-07 20:35:41: [Statistics] Ethereum - Total speed: 0.000 H/s, Total shares: 0 Rejected: 0, Time: 00:09
2021-03-07 20:35:41: <error>  System exception: 
2021-03-07 20:35:45: [Statistics] Ethereum last 10 min - Total: 0.000 H/s.
2021-03-07 20:35:45: <error>  device: 0; unknown error
2021-03-07 20:35:45: <info>  New job from eth-eu2.nanopool.org:9433
2021-03-07 20:35:45: [Statistics] Ethereum - Total speed: 0.000 H/s, Total shares: 0 Rejected: 0, Time: 00:13
2021-03-07 20:35:45: <info>  New job from eth-eu2.nanopool.org:9433
2021-03-07 20:35:45: [Statistics] Ethereum - Total speed: 0.000 H/s, Total shares: 0 Rejected: 0, Time: 00:13
2021-03-07 20:35:45: <error>  CUDA call failed: all CUDA-capable devices are busy or unavailable
2021-03-07 20:35:45: <error>  CUDA call failed: all CUDA-capable devices are busy or unavailable
2021-03-07 20:35:45: <error>  CUDA call failed: all CUDA-capable devices are busy or unavailable
2021-03-07 20:35:48: <info>  New job from eth-eu2.nanopool.org:9433
2021-03-07 20:35:48: <error>  System exception: 
2021-03-07 20:35:48: [Statistics] Ethereum - Total speed: 0.000 H/s, Total shares: 0 Rejected: 0, Time: 00:16
2021-03-07 20:35:48: <error>  device: 0; all CUDA-capable devices are busy or unavailable
2021-03-07 20:35:48: <error>  Can't work on device: 0
2021-03-07 20:35:48: <info>  Miner has not been restarted before
2021-03-07 20:35:48: <info>  Self-restarting miner process.
