2021-Apr-03 16:09:26:                                    _                 
2021-Apr-03 16:09:26:  _ __   __ _ _ __   ___  _ __ ___ (_)_ __   ___ _ __ 
2021-Apr-03 16:09:26: | '_ \ / _` | '_ \ / _ \| '_ ` _ \| | '_ \ / _ \ '__|
2021-Apr-03 16:09:26: | | | | (_| | | | | (_) | | | | | | | | | |  __/ |   
2021-Apr-03 16:09:26: |_| |_|\__,_|_| |_|\___/|_| |_| |_|_|_| |_|\___|_|   
2021-Apr-03 16:09:26: 
2021-Apr-03 16:09:26: Version 3.3.3-cuda11
2021-Apr-03 16:09:26: Started EthMan server on port 3333 with a password (read-only mode).
2021-Apr-03 16:09:26: Started web interface on port 9090 with a password.
2021-Apr-03 16:09:26: CUDA driver version is 11.3, runtime version is 11.1
2021-Apr-03 16:09:26: Single device detected
2021-Apr-03 16:09:26: GPU 0 PCI 01:00.0, Platform: CUDA, Name: NVIDIA GeForce RTX 3070, 8192 MB available
2021-Apr-03 16:09:26: -------------------Ethash:------------------
2021-Apr-03 16:09:26: Currency: Ethereum
2021-Apr-03 16:09:26: Wallet: wallet
2021-Apr-03 16:09:26: Rig name: ferris
2021-Apr-03 16:09:26: Email: email
2021-Apr-03 16:09:26: Hashrate threshold to restart miner is not set
2021-Apr-03 16:09:26: Added pool: eth-eu2.nanopool.org:9433
2021-Apr-03 16:09:26: Added pool: eth-eu1.nanopool.org:9433
2021-Apr-03 16:09:26: Added pool: eth-us-east1.nanopool.org:9433
2021-Apr-03 16:09:26: Added pool: eth-us-west1.nanopool.org:9433
2021-Apr-03 16:09:26: Added pool: eth-jp1.nanopool.org:9433
2021-Apr-03 16:09:26: Added pool: eth-au1.nanopool.org:9433
2021-Apr-03 16:09:26: Added pool: eth-asia1.nanopool.org:9433
2021-Apr-03 16:09:26: Auto pool sorting is enabled
2021-Apr-03 16:09:26: Using all GPU devices
2021-Apr-03 16:09:26: Memory tweak: 1
2021-Apr-03 16:09:26: -------------Common parameters:-------------
2021-Apr-03 16:09:26: Log path: ./logs/
2021-Apr-03 16:09:26: Log is written to file
2021-Apr-03 16:09:26: GPU watchdog is enabled
2021-Apr-03 16:09:26: Never calling reboot.bat (always restarting the miner in case of errors). 
2021-Apr-03 16:09:26: Setting up algorithm: Ethash
2021-Apr-03 16:09:27: Connecting to pools...
2021-Apr-03 16:09:27: Connected to pool: eth-eu2.nanopool.org:9433 | IP: 51.15.55.162 | ping: 103 ms.
2021-Apr-03 16:09:27: New job from eth-eu2.nanopool.org:9433 | share difficulty = 10000 MH, epoch 405 (4263 MB)
2021-Apr-03 16:09:27: Ethereum - Total speed: 0.000 H/s, Total shares: 0 Rejected: 0, Time: 00:01
2021-Apr-03 16:09:27: GPU0 t=37°C fan 31% power 45.55W. Total power: 45.55W
2021-Apr-03 16:09:27: New job from eth-eu2.nanopool.org:9433
2021-Apr-03 16:09:27: Ethereum - Total speed: 0.000 H/s, Total shares: 0 Rejected: 0, Time: 00:01
2021-Apr-03 16:09:27: Ethereum last 10 min - Total: 0.000 H/s.
2021-Apr-03 16:09:27: New job from eth-eu2.nanopool.org:9433
2021-Apr-03 16:09:27: Ethereum - Total speed: 0.000 H/s, Total shares: 0 Rejected: 0, Time: 00:01
2021-Apr-03 16:09:27: GPU0 t=37°C fan 31% power 45.54W. Total power: 45.54W
2021-Apr-03 16:09:28: Terminating, please wait ...
