2021-Apr-09 19:02:44:                                    _                 
2021-Apr-09 19:02:44:  _ __   __ _ _ __   ___  _ __ ___ (_)_ __   ___ _ __ 
2021-Apr-09 19:02:44: | '_ \ / _` | '_ \ / _ \| '_ ` _ \| | '_ \ / _ \ '__|
2021-Apr-09 19:02:44: | | | | (_| | | | | (_) | | | | | | | | | |  __/ |   
2021-Apr-09 19:02:44: |_| |_|\__,_|_| |_|\___/|_| |_| |_|_|_| |_|\___|_|   
2021-Apr-09 19:02:44: 
2021-Apr-09 19:02:44: Version 3.3.3-cuda11
2021-Apr-09 19:02:44: Started EthMan server on port 3333 with a password (read-only mode).
2021-Apr-09 19:02:44: Started web interface on port 9090 with a password.
2021-Apr-09 19:02:44: CUDA driver version is 11.3, runtime version is 11.1
2021-Apr-09 19:02:44: Single device detected
2021-Apr-09 19:02:44: GPU 0 PCI 01:00.0, Platform: CUDA, Name: NVIDIA GeForce RTX 3070, 8192 MB available
2021-Apr-09 19:02:44: -------------------Ethash:------------------
2021-Apr-09 19:02:44: Currency: Ethereum
2021-Apr-09 19:02:44: Wallet: wallet
2021-Apr-09 19:02:44: Rig name: ferris
2021-Apr-09 19:02:44: Email: email
2021-Apr-09 19:02:44: Hashrate threshold to restart miner is not set
2021-Apr-09 19:02:44: Added pool: eth-eu2.nanopool.org:9433
2021-Apr-09 19:02:44: Added pool: eth-us-east1.nanopool.org:9433
2021-Apr-09 19:02:44: Added pool: eth-us-west1.nanopool.org:9433
2021-Apr-09 19:02:44: Added pool: eth-asia1.nanopool.org:9433
2021-Apr-09 19:02:44: Added pool: eth-jp1.nanopool.org:9433
2021-Apr-09 19:02:44: Added pool: eth-au1.nanopool.org:9433
2021-Apr-09 19:02:44: Added pool: eth-eu1.nanopool.org:9433
2021-Apr-09 19:02:44: Auto pool sorting is enabled
2021-Apr-09 19:02:44: Using all GPU devices
2021-Apr-09 19:02:44: Memory tweak: 1
2021-Apr-09 19:02:44: -------------Common parameters:-------------
2021-Apr-09 19:02:44: Log path: ./logs/
2021-Apr-09 19:02:44: Log is written to file
2021-Apr-09 19:02:44: GPU watchdog is enabled
2021-Apr-09 19:02:44: Never calling reboot.bat (always restarting the miner in case of errors). 
2021-Apr-09 19:02:44: Setting up algorithm: Ethash
2021-Apr-09 19:02:44: Version 3.3.4 of the miner is available. Changelog:
2021-Apr-09 19:02:44: Faster dataset creation for Ergo on AMD RX 4xx and 5xx series (autolykos2 algorithm).
2021-Apr-09 19:02:44: Downloading the new version (will restart when it is downloaded)...
2021-Apr-09 19:02:45: Connecting to pools...
2021-Apr-09 19:02:46: Connected to pool: eth-eu2.nanopool.org:9433 | IP: 51.255.34.79 | ping: 124 ms.
2021-Apr-09 19:02:46: New job from eth-eu2.nanopool.org:9433 | share difficulty = 10000 MH, epoch 406 (4271 MB)
2021-Apr-09 19:02:46: Ethereum - Total speed: 0.000 H/s, Total shares: 0 Rejected: 0, Time: 00:01
2021-Apr-09 19:02:46: GPU0 t=45°C fan 31% power 45.31W. Total power: 45.31W
2021-Apr-09 19:02:46: New job from eth-eu2.nanopool.org:9433
2021-Apr-09 19:02:46: Ethereum - Total speed: 0.000 H/s, Total shares: 0 Rejected: 0, Time: 00:01
2021-Apr-09 19:02:46: Ethereum last 10 min - Total: 0.000 H/s.
2021-Apr-09 19:02:47: New job from eth-eu2.nanopool.org:9433
2021-Apr-09 19:02:47: Ethereum - Total speed: 0.000 H/s, Total shares: 0 Rejected: 0, Time: 00:03
2021-Apr-09 19:02:47: GPU0 t=45°C fan 31% power 45.55W. Total power: 45.55W
2021-Apr-09 19:02:48: New job from eth-eu2.nanopool.org:9433
2021-Apr-09 19:02:48: Ethereum - Total speed: 0.000 H/s, Total shares: 0 Rejected: 0, Time: 00:03
2021-Apr-09 19:02:51: New job from eth-eu2.nanopool.org:9433
2021-Apr-09 19:02:51: Ethereum - Total speed: 0.000 H/s, Total shares: 0 Rejected: 0, Time: 00:06
2021-Apr-09 19:02:51: GPU0 t=56°C fan 31% power 138.96W. Total power: 138.96W
2021-Apr-09 19:02:53: New job from eth-eu2.nanopool.org:9433
2021-Apr-09 19:02:53: Ethereum - Total speed: 0.000 H/s, Total shares: 0 Rejected: 0, Time: 00:09
2021-Apr-09 19:02:53: Ethereum last 10 min - Total: 0.000 H/s.
2021-Apr-09 19:02:54: GPU0: 4271 MB DAG generated in 3.89 seconds
2021-Apr-09 19:02:54: New version of the miner downloaded, restarting...
2021-Apr-09 19:02:54: Self-restarting miner process.
