2021-Apr-01 12:53:49:                                    _                 
2021-Apr-01 12:53:49:  _ __   __ _ _ __   ___  _ __ ___ (_)_ __   ___ _ __ 
2021-Apr-01 12:53:49: | '_ \ / _` | '_ \ / _ \| '_ ` _ \| | '_ \ / _ \ '__|
2021-Apr-01 12:53:49: | | | | (_| | | | | (_) | | | | | | | | | |  __/ |   
2021-Apr-01 12:53:49: |_| |_|\__,_|_| |_|\___/|_| |_| |_|_|_| |_|\___|_|   
2021-Apr-01 12:53:49: 
2021-Apr-01 12:53:49: Version 3.3.2-cuda11
2021-Apr-01 12:53:49: Started EthMan server on port 3333 with a password (read-only mode).
2021-Apr-01 12:53:49: Started web interface on port 9090 with a password.
2021-Apr-01 12:53:49: CUDA driver version is 11.2, runtime version is 11.1
2021-Apr-01 12:53:49: Single device detected
2021-Apr-01 12:53:49: GPU 0 PCI 01:00.0, Platform: CUDA, Name: GeForce RTX 3070, 8192 MB available
2021-Apr-01 12:53:49: -------------------Ethash:------------------
2021-Apr-01 12:53:49: Currency: Ethereum
2021-Apr-01 12:53:49: Wallet: wallet
2021-Apr-01 12:53:49: Rig name: ferris
2021-Apr-01 12:53:49: Email: email
2021-Apr-01 12:53:49: Hashrate threshold to restart miner is not set
2021-Apr-01 12:53:49: Added pool: eth-eu1.nanopool.org:9433
2021-Apr-01 12:53:49: Added pool: eth-eu2.nanopool.org:9433
2021-Apr-01 12:53:49: Added pool: eth-us-east1.nanopool.org:9433
2021-Apr-01 12:53:49: Added pool: eth-us-west1.nanopool.org:9433
2021-Apr-01 12:53:49: Added pool: eth-asia1.nanopool.org:9433
2021-Apr-01 12:53:49: Added pool: eth-jp1.nanopool.org:9433
2021-Apr-01 12:53:49: Added pool: eth-au1.nanopool.org:9433
2021-Apr-01 12:53:49: Auto pool sorting is enabled
2021-Apr-01 12:53:49: Using all GPU devices
2021-Apr-01 12:53:49: Memory tweak: 1
2021-Apr-01 12:53:49: -------------Common parameters:-------------
2021-Apr-01 12:53:49: Log path: ./logs/
2021-Apr-01 12:53:49: Log is written to file
2021-Apr-01 12:53:49: GPU watchdog is enabled
2021-Apr-01 12:53:49: Never calling reboot.bat (always restarting the miner in case of errors). 
2021-Apr-01 12:53:49: Setting up algorithm: Ethash
2021-Apr-01 12:54:00: Connecting to pools...
2021-Apr-01 12:54:40: Terminating, please wait ...
