2021-Apr-01 12:54:51:                                    _                 
2021-Apr-01 12:54:51:  _ __   __ _ _ __   ___  _ __ ___ (_)_ __   ___ _ __ 
2021-Apr-01 12:54:51: | '_ \ / _` | '_ \ / _ \| '_ ` _ \| | '_ \ / _ \ '__|
2021-Apr-01 12:54:51: | | | | (_| | | | | (_) | | | | | | | | | |  __/ |   
2021-Apr-01 12:54:51: |_| |_|\__,_|_| |_|\___/|_| |_| |_|_|_| |_|\___|_|   
2021-Apr-01 12:54:51: 
2021-Apr-01 12:54:51: Version 3.3.2-cuda11
2021-Apr-01 12:54:51: Started EthMan server on port 3333 with a password (read-only mode).
2021-Apr-01 12:54:51: Started web interface on port 9090 with a password.
2021-Apr-01 12:54:51: CUDA driver version is 11.2, runtime version is 11.1
2021-Apr-01 12:54:51: Single device detected
2021-Apr-01 12:54:51: GPU 0 PCI 01:00.0, Platform: CUDA, Name: GeForce RTX 3070, 8192 MB available
2021-Apr-01 12:54:51: -------------------Ethash:------------------
2021-Apr-01 12:54:51: Currency: Ethereum
2021-Apr-01 12:54:51: Wallet: wallet
2021-Apr-01 12:54:51: Rig name: ferris
2021-Apr-01 12:54:51: Email: email
2021-Apr-01 12:54:51: Hashrate threshold to restart miner is not set
2021-Apr-01 12:54:51: Added pool: eth-eu1.nanopool.org:9433
2021-Apr-01 12:54:51: Added pool: eth-eu2.nanopool.org:9433
2021-Apr-01 12:54:51: Added pool: eth-us-east1.nanopool.org:9433
2021-Apr-01 12:54:51: Added pool: eth-us-west1.nanopool.org:9433
2021-Apr-01 12:54:51: Added pool: eth-asia1.nanopool.org:9433
2021-Apr-01 12:54:51: Added pool: eth-jp1.nanopool.org:9433
2021-Apr-01 12:54:51: Added pool: eth-au1.nanopool.org:9433
2021-Apr-01 12:54:51: Auto pool sorting is enabled
2021-Apr-01 12:54:51: Using all GPU devices
2021-Apr-01 12:54:51: Memory tweak: 1
2021-Apr-01 12:54:51: -------------Common parameters:-------------
2021-Apr-01 12:54:51: Log path: ./logs/
2021-Apr-01 12:54:51: Log is written to file
2021-Apr-01 12:54:51: GPU watchdog is enabled
2021-Apr-01 12:54:51: Never calling reboot.bat (always restarting the miner in case of errors). 
2021-Apr-01 12:54:51: Setting up algorithm: Ethash
2021-Apr-01 12:55:02: Connecting to pools...
2021-Apr-01 12:55:44: Could not connect to any pools.
2021-Apr-01 12:56:04: Connecting to pools...
2021-Apr-01 12:56:04: Connected to pool: eth-eu1.nanopool.org:9433 | IP: 51.15.89.69
2021-Apr-01 12:56:04: New job from eth-eu1.nanopool.org:9433 | share difficulty = 10000 MH, epoch 405 (4263 MB)
2021-Apr-01 12:56:04: Ethereum - Total speed: 0.000 H/s, Total shares: 0 Rejected: 0, Time: 01:13
2021-Apr-01 12:56:04: GPU0 t=37°C fan 31% power 46.34W. Total power: 46.34W
2021-Apr-01 12:56:04: New job from eth-eu1.nanopool.org:9433
2021-Apr-01 12:56:04: Ethereum - Total speed: 0.000 H/s, Total shares: 0 Rejected: 0, Time: 01:13
2021-Apr-01 12:56:04: Ethereum last 10 min - Total: 0.000 H/s.
2021-Apr-01 12:56:05: New job from eth-eu1.nanopool.org:9433
2021-Apr-01 12:56:05: Ethereum - Total speed: 0.000 H/s, Total shares: 0 Rejected: 0, Time: 01:14
2021-Apr-01 12:56:05: GPU0 t=37°C fan 31% power 46.23W. Total power: 46.23W
2021-Apr-01 12:56:05: New job from eth-eu1.nanopool.org:9433
2021-Apr-01 12:56:05: Ethereum - Total speed: 0.000 H/s, Total shares: 0 Rejected: 0, Time: 01:14
2021-Apr-01 12:56:08: New job from eth-eu1.nanopool.org:9433
2021-Apr-01 12:56:08: Ethereum - Total speed: 0.000 H/s, Total shares: 0 Rejected: 0, Time: 01:17
2021-Apr-01 12:56:08: GPU0 t=43°C fan 31% power 120.64W. Total power: 120.64W
2021-Apr-01 12:56:09: New job from eth-eu1.nanopool.org:9433
2021-Apr-01 12:56:09: Ethereum - Total speed: 0.000 H/s, Total shares: 0 Rejected: 0, Time: 01:18
2021-Apr-01 12:56:09: Ethereum last 10 min - Total: 0.000 H/s.
2021-Apr-01 12:56:09: New job from eth-eu1.nanopool.org:9433
2021-Apr-01 12:56:09: Ethereum - Total speed: 0.000 H/s, Total shares: 0 Rejected: 0, Time: 01:18
2021-Apr-01 12:56:09: GPU0 t=44°C fan 31% power 120.80W. Total power: 120.80W
2021-Apr-01 12:56:11: GPU0: 4263 MB DAG generated in 3.89 seconds
2021-Apr-01 12:56:12: New job from eth-eu1.nanopool.org:9433
2021-Apr-01 12:56:12: Ethereum - Total speed: 50.585 MH/s, Total shares: 0 Rejected: 0, Time: 01:21
2021-Apr-01 12:56:15: New job from eth-eu1.nanopool.org:9433
2021-Apr-01 12:56:15: Ethereum - Total speed: 50.573 MH/s, Total shares: 0 Rejected: 0, Time: 01:24
2021-Apr-01 12:56:15: GPU0 t=45°C fan 31% power 120.61W. Total power: 120.61W
2021-Apr-01 12:56:18: New job from eth-eu1.nanopool.org:9433
2021-Apr-01 12:56:18: Ethereum - Total speed: 50.212 MH/s, Total shares: 0 Rejected: 0, Time: 01:26
2021-Apr-01 12:56:18: Ethereum last 10 min - Total: 50.492 MH/s.
2021-Apr-01 12:56:19: New job from eth-eu1.nanopool.org:9433
2021-Apr-01 12:56:19: Ethereum - Total speed: 50.836 MH/s, Total shares: 0 Rejected: 0, Time: 01:28
2021-Apr-01 12:56:19: GPU0 t=46°C fan 31% power 127.39W. Total power: 127.39W
2021-Apr-01 12:56:21: New job from eth-eu1.nanopool.org:9433
2021-Apr-01 12:56:21: Ethereum - Total speed: 51.753 MH/s, Total shares: 0 Rejected: 0, Time: 01:29
2021-Apr-01 12:56:24: New job from eth-eu1.nanopool.org:9433
2021-Apr-01 12:56:24: Ethereum - Total speed: 52.568 MH/s, Total shares: 0 Rejected: 0, Time: 01:32
2021-Apr-01 12:56:24: GPU0 t=46°C fan 31% power 127.23W. Total power: 127.23W
2021-Apr-01 12:56:27: New job from eth-eu1.nanopool.org:9433
2021-Apr-01 12:56:27: Ethereum - Total speed: 53.168 MH/s, Total shares: 0 Rejected: 0, Time: 01:35
2021-Apr-01 12:56:27: Ethereum last 10 min - Total: 51.427 MH/s.
2021-Apr-01 12:56:28: New job from eth-eu1.nanopool.org:9433
2021-Apr-01 12:56:28: Ethereum - Total speed: 53.582 MH/s, Total shares: 0 Rejected: 0, Time: 01:37
2021-Apr-01 12:56:28: GPU0 t=47°C fan 31% power 127.25W. Total power: 127.25W
2021-Apr-01 12:56:31: New job from eth-eu1.nanopool.org:9433
2021-Apr-01 12:56:31: Ethereum - Total speed: 54.140 MH/s, Total shares: 0 Rejected: 0, Time: 01:39
2021-Apr-01 12:56:31: New job from eth-eu1.nanopool.org:9433
2021-Apr-01 12:56:31: Ethereum - Total speed: 54.665 MH/s, Total shares: 0 Rejected: 0, Time: 01:40
2021-Apr-01 12:56:31: GPU0 t=48°C fan 31% power 127.12W. Total power: 127.12W
2021-Apr-01 12:56:34: New job from eth-eu1.nanopool.org:9433
2021-Apr-01 12:56:34: Ethereum - Total speed: 55.088 MH/s, Total shares: 0 Rejected: 0, Time: 01:43
2021-Apr-01 12:56:34: Ethereum last 10 min - Total: 52.378 MH/s.
2021-Apr-01 12:56:37: New job from eth-eu1.nanopool.org:9433
2021-Apr-01 12:56:37: Ethereum - Total speed: 55.431 MH/s, Total shares: 0 Rejected: 0, Time: 01:46
2021-Apr-01 12:56:37: GPU0 t=48°C fan 31% power 127.28W. Total power: 127.28W
2021-Apr-01 12:56:40: New job from eth-eu1.nanopool.org:9433
2021-Apr-01 12:56:40: Ethereum - Total speed: 55.943 MH/s, Total shares: 0 Rejected: 0, Time: 01:49
2021-Apr-01 12:56:43: New job from eth-eu1.nanopool.org:9433
2021-Apr-01 12:56:43: Ethereum - Total speed: 56.320 MH/s, Total shares: 0 Rejected: 0, Time: 01:52
2021-Apr-01 12:56:43: GPU0 t=49°C fan 31% power 126.82W. Total power: 126.82W
2021-Apr-01 12:56:46: New job from eth-eu1.nanopool.org:9433
2021-Apr-01 12:56:46: Ethereum - Total speed: 56.366 MH/s, Total shares: 0 Rejected: 0, Time: 01:55
2021-Apr-01 12:56:46: Ethereum last 10 min - Total: 53.589 MH/s.
2021-Apr-01 12:56:49: New job from eth-eu1.nanopool.org:9433
2021-Apr-01 12:56:49: Ethereum - Total speed: 56.377 MH/s, Total shares: 0 Rejected: 0, Time: 01:58
2021-Apr-01 12:56:49: GPU0 t=50°C fan 31% power 127.33W. Total power: 127.33W
2021-Apr-01 12:56:52: New job from eth-eu1.nanopool.org:9433
2021-Apr-01 12:56:52: Ethereum - Total speed: 56.492 MH/s, Total shares: 0 Rejected: 0, Time: 02:01
2021-Apr-01 12:56:55: New job from eth-eu1.nanopool.org:9433
2021-Apr-01 12:56:55: Ethereum - Total speed: 56.563 MH/s, Total shares: 0 Rejected: 0, Time: 02:04
2021-Apr-01 12:56:55: GPU0 t=50°C fan 31% power 127.53W. Total power: 127.53W
2021-Apr-01 12:56:57: New job from eth-eu1.nanopool.org:9433
2021-Apr-01 12:56:57: Ethereum - Total speed: 56.605 MH/s, Total shares: 0 Rejected: 0, Time: 02:05
2021-Apr-01 12:56:57: Ethereum last 10 min - Total: 54.253 MH/s.
2021-Apr-01 12:56:57: New job from eth-eu1.nanopool.org:9433
2021-Apr-01 12:56:57: Ethereum - Total speed: 56.645 MH/s, Total shares: 0 Rejected: 0, Time: 02:06
2021-Apr-01 12:56:57: GPU0 t=50°C fan 31% power 127.34W. Total power: 127.34W
2021-Apr-01 12:56:59: New job from eth-eu1.nanopool.org:9433
2021-Apr-01 12:56:59: Ethereum - Total speed: 57.063 MH/s, Total shares: 0 Rejected: 0, Time: 02:08
2021-Apr-01 12:57:00: New job from eth-eu1.nanopool.org:9433
2021-Apr-01 12:57:00: Ethereum - Total speed: 57.166 MH/s, Total shares: 0 Rejected: 0, Time: 02:09
2021-Apr-01 12:57:00: GPU0 t=51°C fan 31% power 127.27W. Total power: 127.27W
2021-Apr-01 12:57:02: New job from eth-eu1.nanopool.org:9433
2021-Apr-01 12:57:02: Ethereum - Total speed: 57.000 MH/s, Total shares: 0 Rejected: 0, Time: 02:11
2021-Apr-01 12:57:02: Ethereum last 10 min - Total: 54.568 MH/s.
2021-Apr-01 12:57:04: New job from eth-eu1.nanopool.org:9433
2021-Apr-01 12:57:04: Ethereum - Total speed: 57.063 MH/s, Total shares: 0 Rejected: 0, Time: 02:13
2021-Apr-01 12:57:04: GPU0 t=51°C fan 31% power 127.32W. Total power: 127.32W
2021-Apr-01 12:57:06: New job from eth-eu1.nanopool.org:9433
2021-Apr-01 12:57:06: Ethereum - Total speed: 56.810 MH/s, Total shares: 0 Rejected: 0, Time: 02:14
2021-Apr-01 12:57:07: New job from eth-eu1.nanopool.org:9433
2021-Apr-01 12:57:07: Ethereum - Total speed: 56.968 MH/s, Total shares: 0 Rejected: 0, Time: 02:16
2021-Apr-01 12:57:07: GPU0 t=51°C fan 31% power 127.48W. Total power: 127.48W
2021-Apr-01 12:57:10: New job from eth-eu1.nanopool.org:9433
2021-Apr-01 12:57:10: Ethereum - Total speed: 56.971 MH/s, Total shares: 0 Rejected: 0, Time: 02:19
2021-Apr-01 12:57:10: Ethereum last 10 min - Total: 54.888 MH/s.
2021-Apr-01 12:57:13: New job from eth-eu1.nanopool.org:9433
2021-Apr-01 12:57:13: Ethereum - Total speed: 57.220 MH/s, Total shares: 0 Rejected: 0, Time: 02:22
2021-Apr-01 12:57:13: GPU0 t=52°C fan 31% power 127.20W. Total power: 127.20W
2021-Apr-01 12:57:16: New job from eth-eu1.nanopool.org:9433
2021-Apr-01 12:57:16: Ethereum - Total speed: 57.530 MH/s, Total shares: 0 Rejected: 0, Time: 02:25
2021-Apr-01 12:57:20: New job from eth-eu1.nanopool.org:9433
2021-Apr-01 12:57:20: Ethereum - Total speed: 57.527 MH/s, Total shares: 0 Rejected: 0, Time: 02:28
2021-Apr-01 12:57:20: GPU0 t=52°C fan 31% power 127.44W. Total power: 127.44W
2021-Apr-01 12:57:20: New job from eth-eu1.nanopool.org:9433
2021-Apr-01 12:57:20: Ethereum - Total speed: 57.787 MH/s, Total shares: 0 Rejected: 0, Time: 02:29
2021-Apr-01 12:57:20: Ethereum last 10 min - Total: 55.243 MH/s.
2021-Apr-01 12:57:22: New job from eth-eu1.nanopool.org:9433
2021-Apr-01 12:57:22: Ethereum - Total speed: 58.118 MH/s, Total shares: 0 Rejected: 0, Time: 02:31
2021-Apr-01 12:57:22: GPU0 t=52°C fan 31% power 127.42W. Total power: 127.42W
2021-Apr-01 12:57:25: New job from eth-eu1.nanopool.org:9433
2021-Apr-01 12:57:25: Ethereum - Total speed: 58.439 MH/s, Total shares: 0 Rejected: 0, Time: 02:34
2021-Apr-01 12:57:28: New job from eth-eu1.nanopool.org:9433
2021-Apr-01 12:57:28: Ethereum - Total speed: 58.724 MH/s, Total shares: 0 Rejected: 0, Time: 02:37
2021-Apr-01 12:57:28: GPU0 t=53°C fan 31% power 127.21W. Total power: 127.21W
2021-Apr-01 12:57:32: New job from eth-eu1.nanopool.org:9433
2021-Apr-01 12:57:32: Ethereum - Total speed: 58.665 MH/s, Total shares: 0 Rejected: 0, Time: 02:41
2021-Apr-01 12:57:32: Ethereum last 10 min - Total: 55.710 MH/s.
2021-Apr-01 12:57:34: New job from eth-eu1.nanopool.org:9433
2021-Apr-01 12:57:34: Ethereum - Total speed: 58.531 MH/s, Total shares: 0 Rejected: 0, Time: 02:43
2021-Apr-01 12:57:34: GPU0 t=53°C fan 31% power 127.42W. Total power: 127.42W
2021-Apr-01 12:57:38: New job from eth-eu1.nanopool.org:9433
2021-Apr-01 12:57:38: Ethereum - Total speed: 58.534 MH/s, Total shares: 0 Rejected: 0, Time: 02:47
2021-Apr-01 12:57:38: New job from eth-eu1.nanopool.org:9433
2021-Apr-01 12:57:38: Ethereum - Total speed: 58.534 MH/s, Total shares: 0 Rejected: 0, Time: 02:47
2021-Apr-01 12:57:38: GPU0 t=53°C fan 31% power 127.42W. Total power: 127.42W
2021-Apr-01 12:57:38: New job from eth-eu1.nanopool.org:9433
2021-Apr-01 12:57:38: Ethereum - Total speed: 58.722 MH/s, Total shares: 0 Rejected: 0, Time: 02:47
2021-Apr-01 12:57:38: Ethereum last 10 min - Total: 55.930 MH/s.
2021-Apr-01 12:57:39: New job from eth-eu1.nanopool.org:9433
2021-Apr-01 12:57:39: Ethereum - Total speed: 58.872 MH/s, Total shares: 0 Rejected: 0, Time: 02:48
2021-Apr-01 12:57:39: GPU0 t=53°C fan 31% power 127.07W. Total power: 127.07W
2021-Apr-01 12:57:41: New job from eth-eu1.nanopool.org:9433
2021-Apr-01 12:57:41: Ethereum - Total speed: 58.683 MH/s, Total shares: 0 Rejected: 0, Time: 02:50
2021-Apr-01 12:57:45: New job from eth-eu1.nanopool.org:9433
2021-Apr-01 12:57:45: Ethereum - Total speed: 58.841 MH/s, Total shares: 0 Rejected: 0, Time: 02:53
2021-Apr-01 12:57:45: GPU0 t=53°C fan 31% power 127.48W. Total power: 127.48W
2021-Apr-01 12:57:48: New job from eth-eu1.nanopool.org:9433
2021-Apr-01 12:57:48: Ethereum - Total speed: 58.937 MH/s, Total shares: 0 Rejected: 0, Time: 02:56
2021-Apr-01 12:57:48: Ethereum last 10 min - Total: 56.205 MH/s.
2021-Apr-01 12:57:51: New job from eth-eu1.nanopool.org:9433
2021-Apr-01 12:57:51: Ethereum - Total speed: 59.017 MH/s, Total shares: 0 Rejected: 0, Time: 03:00
2021-Apr-01 12:57:51: GPU0 t=53°C fan 31% power 127.39W. Total power: 127.39W
2021-Apr-01 12:57:53: New job from eth-eu1.nanopool.org:9433
2021-Apr-01 12:57:53: Ethereum - Total speed: 59.217 MH/s, Total shares: 0 Rejected: 0, Time: 03:02
2021-Apr-01 12:57:57: New job from eth-eu1.nanopool.org:9433
2021-Apr-01 12:57:57: Ethereum - Total speed: 59.370 MH/s, Total shares: 0 Rejected: 0, Time: 03:05
2021-Apr-01 12:57:57: GPU0 t=54°C fan 31% power 127.24W. Total power: 127.24W
2021-Apr-01 12:58:00: New job from eth-eu1.nanopool.org:9433
2021-Apr-01 12:58:00: Ethereum - Total speed: 59.512 MH/s, Total shares: 0 Rejected: 0, Time: 03:08
2021-Apr-01 12:58:00: Ethereum last 10 min - Total: 56.544 MH/s.
2021-Apr-01 12:58:03: New job from eth-eu1.nanopool.org:9433
2021-Apr-01 12:58:03: Ethereum - Total speed: 59.649 MH/s, Total shares: 0 Rejected: 0, Time: 03:12
2021-Apr-01 12:58:03: GPU0 t=54°C fan 31% power 127.35W. Total power: 127.35W
2021-Apr-01 12:58:05: New job from eth-eu1.nanopool.org:9433
2021-Apr-01 12:58:05: Ethereum - Total speed: 59.736 MH/s, Total shares: 0 Rejected: 0, Time: 03:14
2021-Apr-01 12:58:06: New job from eth-eu1.nanopool.org:9433
2021-Apr-01 12:58:06: Ethereum - Total speed: 59.867 MH/s, Total shares: 0 Rejected: 0, Time: 03:14
2021-Apr-01 12:58:06: GPU0 t=54°C fan 31% power 127.27W. Total power: 127.27W
2021-Apr-01 12:58:09: New job from eth-eu1.nanopool.org:9433
2021-Apr-01 12:58:09: Ethereum - Total speed: 59.928 MH/s, Total shares: 0 Rejected: 0, Time: 03:17
2021-Apr-01 12:58:09: Ethereum last 10 min - Total: 56.789 MH/s.
2021-Apr-01 12:58:13: New job from eth-eu1.nanopool.org:9433
2021-Apr-01 12:58:13: Ethereum - Total speed: 60.001 MH/s, Total shares: 0 Rejected: 0, Time: 03:21
2021-Apr-01 12:58:13: GPU0 t=54°C fan 31% power 126.82W. Total power: 126.82W
2021-Apr-01 12:58:14: New job from eth-eu1.nanopool.org:9433
2021-Apr-01 12:58:14: Ethereum - Total speed: 59.929 MH/s, Total shares: 0 Rejected: 0, Time: 03:23
2021-Apr-01 12:58:17: New job from eth-eu1.nanopool.org:9433
2021-Apr-01 12:58:17: Ethereum - Total speed: 59.921 MH/s, Total shares: 0 Rejected: 0, Time: 03:25
2021-Apr-01 12:58:17: GPU0 t=54°C fan 31% power 127.38W. Total power: 127.38W
2021-Apr-01 12:58:19: New job from eth-eu1.nanopool.org:9433
2021-Apr-01 12:58:19: Ethereum - Total speed: 59.809 MH/s, Total shares: 0 Rejected: 0, Time: 03:28
2021-Apr-01 12:58:19: Ethereum last 10 min - Total: 57.054 MH/s.
2021-Apr-01 12:58:23: New job from eth-eu1.nanopool.org:9433
2021-Apr-01 12:58:23: Ethereum - Total speed: 59.751 MH/s, Total shares: 0 Rejected: 0, Time: 03:31
2021-Apr-01 12:58:23: GPU0 t=54°C fan 31% power 127.37W. Total power: 127.37W
2021-Apr-01 12:58:26: New job from eth-eu1.nanopool.org:9433
2021-Apr-01 12:58:26: Ethereum - Total speed: 59.856 MH/s, Total shares: 0 Rejected: 0, Time: 03:35
2021-Apr-01 12:58:28: New job from eth-eu1.nanopool.org:9433
2021-Apr-01 12:58:28: Ethereum - Total speed: 59.938 MH/s, Total shares: 0 Rejected: 0, Time: 03:37
2021-Apr-01 12:58:28: GPU0 t=55°C fan 31% power 127.35W. Total power: 127.35W
2021-Apr-01 12:58:31: New job from eth-eu1.nanopool.org:9433
2021-Apr-01 12:58:31: Ethereum - Total speed: 60.053 MH/s, Total shares: 0 Rejected: 0, Time: 03:40
2021-Apr-01 12:58:31: Ethereum last 10 min - Total: 57.291 MH/s.
2021-Apr-01 12:58:33: New job from eth-eu1.nanopool.org:9433
2021-Apr-01 12:58:33: Ethereum - Total speed: 59.885 MH/s, Total shares: 0 Rejected: 0, Time: 03:42
2021-Apr-01 12:58:33: GPU0 t=55°C fan 31% power 127.58W. Total power: 127.58W
2021-Apr-01 12:58:36: New job from eth-eu1.nanopool.org:9433
2021-Apr-01 12:58:36: Ethereum - Total speed: 59.730 MH/s, Total shares: 0 Rejected: 0, Time: 03:44
2021-Apr-01 12:58:39: New job from eth-eu1.nanopool.org:9433
2021-Apr-01 12:58:39: Ethereum - Total speed: 59.847 MH/s, Total shares: 0 Rejected: 0, Time: 03:47
2021-Apr-01 12:58:39: GPU0 t=55°C fan 31% power 127.30W. Total power: 127.30W
2021-Apr-01 12:58:42: New job from eth-eu1.nanopool.org:9433
2021-Apr-01 12:58:42: Ethereum - Total speed: 59.976 MH/s, Total shares: 0 Rejected: 0, Time: 03:50
2021-Apr-01 12:58:42: Ethereum last 10 min - Total: 57.470 MH/s.
2021-Apr-01 12:58:45: New job from eth-eu1.nanopool.org:9433
2021-Apr-01 12:58:45: Ethereum - Total speed: 60.109 MH/s, Total shares: 0 Rejected: 0, Time: 03:54
2021-Apr-01 12:58:45: GPU0 t=55°C fan 31% power 126.94W. Total power: 126.94W
2021-Apr-01 12:58:47: New job from eth-eu1.nanopool.org:9433
2021-Apr-01 12:58:47: Ethereum - Total speed: 59.751 MH/s, Total shares: 0 Rejected: 0, Time: 03:56
2021-Apr-01 12:58:50: New job from eth-eu1.nanopool.org:9433
2021-Apr-01 12:58:50: Ethereum - Total speed: 59.702 MH/s, Total shares: 0 Rejected: 0, Time: 03:59
2021-Apr-01 12:58:50: GPU0 t=55°C fan 31% power 127.28W. Total power: 127.28W
2021-Apr-01 12:58:52: New job from eth-eu1.nanopool.org:9433
2021-Apr-01 12:58:52: Ethereum - Total speed: 59.719 MH/s, Total shares: 0 Rejected: 0, Time: 04:01
2021-Apr-01 12:58:52: Ethereum last 10 min - Total: 57.628 MH/s.
2021-Apr-01 12:58:52: New job from eth-eu1.nanopool.org:9433
2021-Apr-01 12:58:52: Ethereum - Total speed: 59.274 MH/s, Total shares: 0 Rejected: 0, Time: 04:01
2021-Apr-01 12:58:52: GPU0 t=55°C fan 31% power 127.35W. Total power: 127.35W
2021-Apr-01 12:58:55: New job from eth-eu1.nanopool.org:9433
2021-Apr-01 12:58:55: Ethereum - Total speed: 59.453 MH/s, Total shares: 0 Rejected: 0, Time: 04:04
2021-Apr-01 12:58:58: New job from eth-eu1.nanopool.org:9433
2021-Apr-01 12:58:58: Ethereum - Total speed: 59.613 MH/s, Total shares: 0 Rejected: 0, Time: 04:07
2021-Apr-01 12:58:58: GPU0 t=55°C fan 31% power 127.36W. Total power: 127.36W
2021-Apr-01 12:59:02: New job from eth-eu1.nanopool.org:9433
2021-Apr-01 12:59:02: Ethereum - Total speed: 59.757 MH/s, Total shares: 0 Rejected: 0, Time: 04:10
2021-Apr-01 12:59:02: Ethereum last 10 min - Total: 57.734 MH/s.
2021-Apr-01 12:59:04: New job from eth-eu1.nanopool.org:9433
2021-Apr-01 12:59:04: Ethereum - Total speed: 59.874 MH/s, Total shares: 0 Rejected: 0, Time: 04:13
2021-Apr-01 12:59:04: GPU0 t=55°C fan 31% power 127.28W. Total power: 127.28W
2021-Apr-01 12:59:07: New job from eth-eu1.nanopool.org:9433
2021-Apr-01 12:59:07: Ethereum - Total speed: 59.912 MH/s, Total shares: 0 Rejected: 0, Time: 04:16
2021-Apr-01 12:59:10: New job from eth-eu1.nanopool.org:9433
2021-Apr-01 12:59:10: Ethereum - Total speed: 60.054 MH/s, Total shares: 0 Rejected: 0, Time: 04:19
2021-Apr-01 12:59:10: GPU0 t=55°C fan 31% power 127.49W. Total power: 127.49W
2021-Apr-01 12:59:13: New job from eth-eu1.nanopool.org:9433
2021-Apr-01 12:59:13: Ethereum - Total speed: 60.180 MH/s, Total shares: 0 Rejected: 0, Time: 04:22
2021-Apr-01 12:59:13: Ethereum last 10 min - Total: 57.879 MH/s.
2021-Apr-01 12:59:15: New job from eth-eu1.nanopool.org:9433
2021-Apr-01 12:59:15: Ethereum - Total speed: 60.291 MH/s, Total shares: 0 Rejected: 0, Time: 04:23
2021-Apr-01 12:59:15: GPU0 t=56°C fan 31% power 127.45W. Total power: 127.45W
2021-Apr-01 12:59:18: New job from eth-eu1.nanopool.org:9433
2021-Apr-01 12:59:18: Ethereum - Total speed: 60.392 MH/s, Total shares: 0 Rejected: 0, Time: 04:26
2021-Apr-01 12:59:19: Ethereum - SHARE FOUND (GPU: 0, nonce: 0x4bbd34f9655d96b2).
2021-Apr-01 12:59:19: Ethereum: share accepted (96 ms)!
2021-Apr-01 12:59:20: New job from eth-eu1.nanopool.org:9433
2021-Apr-01 12:59:20: Ethereum - Total speed: 60.485 MH/s, Total shares: 1 Rejected: 0, Time: 04:29
2021-Apr-01 12:59:20: GPU0 t=56°C fan 31% power 127.55W. Total power: 127.55W
2021-Apr-01 12:59:24: New job from eth-eu1.nanopool.org:9433
2021-Apr-01 12:59:24: Ethereum - Total speed: 60.560 MH/s, Total shares: 1 Rejected: 0, Time: 04:32
2021-Apr-01 12:59:24: Ethereum last 10 min - Total: 58.014 MH/s.
2021-Apr-01 12:59:26: New job from eth-eu1.nanopool.org:9433
2021-Apr-01 12:59:26: Ethereum - Total speed: 60.634 MH/s, Total shares: 1 Rejected: 0, Time: 04:35
2021-Apr-01 12:59:26: GPU0 t=56°C fan 31% power 127.54W. Total power: 127.54W
2021-Apr-01 12:59:29: New job from eth-eu1.nanopool.org:9433
2021-Apr-01 12:59:29: Ethereum - Total speed: 60.698 MH/s, Total shares: 1 Rejected: 0, Time: 04:37
2021-Apr-01 12:59:32: New job from eth-eu1.nanopool.org:9433
2021-Apr-01 12:59:32: Ethereum - Total speed: 60.757 MH/s, Total shares: 1 Rejected: 0, Time: 04:41
2021-Apr-01 12:59:32: GPU0 t=56°C fan 31% power 127.48W. Total power: 127.48W
2021-Apr-01 12:59:35: New job from eth-eu1.nanopool.org:9433
2021-Apr-01 12:59:35: Ethereum - Total speed: 60.817 MH/s, Total shares: 1 Rejected: 0, Time: 04:44
2021-Apr-01 12:59:35: Ethereum last 10 min - Total: 58.164 MH/s.
2021-Apr-01 12:59:38: New job from eth-eu1.nanopool.org:9433
2021-Apr-01 12:59:38: Ethereum - Total speed: 60.866 MH/s, Total shares: 1 Rejected: 0, Time: 04:47
2021-Apr-01 12:59:38: GPU0 t=56°C fan 31% power 127.52W. Total power: 127.52W
2021-Apr-01 12:59:41: New job from eth-eu1.nanopool.org:9433
2021-Apr-01 12:59:41: Ethereum - Total speed: 60.907 MH/s, Total shares: 1 Rejected: 0, Time: 04:50
2021-Apr-01 12:59:44: New job from eth-eu1.nanopool.org:9433
2021-Apr-01 12:59:44: Ethereum - Total speed: 60.945 MH/s, Total shares: 1 Rejected: 0, Time: 04:53
2021-Apr-01 12:59:44: GPU0 t=56°C fan 31% power 127.39W. Total power: 127.39W
2021-Apr-01 12:59:47: New job from eth-eu1.nanopool.org:9433
2021-Apr-01 12:59:47: Ethereum - Total speed: 60.982 MH/s, Total shares: 1 Rejected: 0, Time: 04:56
2021-Apr-01 12:59:47: Ethereum last 10 min - Total: 58.317 MH/s.
2021-Apr-01 12:59:48: New job from eth-eu1.nanopool.org:9433
2021-Apr-01 12:59:48: Ethereum - Total speed: 61.013 MH/s, Total shares: 1 Rejected: 0, Time: 04:57
2021-Apr-01 12:59:48: GPU0 t=56°C fan 31% power 127.42W. Total power: 127.42W
2021-Apr-01 12:59:51: New job from eth-eu1.nanopool.org:9433
2021-Apr-01 12:59:51: Ethereum - Total speed: 61.034 MH/s, Total shares: 1 Rejected: 0, Time: 05:00
2021-Apr-01 12:59:54: New job from eth-eu1.nanopool.org:9433
2021-Apr-01 12:59:54: Ethereum - Total speed: 61.059 MH/s, Total shares: 1 Rejected: 0, Time: 05:03
2021-Apr-01 12:59:54: GPU0 t=56°C fan 31% power 127.37W. Total power: 127.37W
2021-Apr-01 12:59:57: New job from eth-eu1.nanopool.org:9433
2021-Apr-01 12:59:57: Ethereum - Total speed: 61.086 MH/s, Total shares: 1 Rejected: 0, Time: 05:06
2021-Apr-01 12:59:57: Ethereum last 10 min - Total: 58.438 MH/s.
2021-Apr-01 13:00:00: New job from eth-eu1.nanopool.org:9433
2021-Apr-01 13:00:00: Ethereum - Total speed: 61.111 MH/s, Total shares: 1 Rejected: 0, Time: 05:09
2021-Apr-01 13:00:00: GPU0 t=56°C fan 31% power 127.29W. Total power: 127.29W
2021-Apr-01 13:00:03: New job from eth-eu1.nanopool.org:9433
2021-Apr-01 13:00:03: Ethereum - Total speed: 61.131 MH/s, Total shares: 1 Rejected: 0, Time: 05:12
2021-Apr-01 13:00:06: New job from eth-eu1.nanopool.org:9433
2021-Apr-01 13:00:06: Ethereum - Total speed: 61.144 MH/s, Total shares: 1 Rejected: 0, Time: 05:15
2021-Apr-01 13:00:06: GPU0 t=56°C fan 31% power 127.35W. Total power: 127.35W
2021-Apr-01 13:00:09: New job from eth-eu1.nanopool.org:9433
2021-Apr-01 13:00:09: Ethereum - Total speed: 61.159 MH/s, Total shares: 1 Rejected: 0, Time: 05:18
2021-Apr-01 13:00:09: Ethereum last 10 min - Total: 58.575 MH/s.
2021-Apr-01 13:00:12: New job from eth-eu1.nanopool.org:9433
2021-Apr-01 13:00:12: Ethereum - Total speed: 61.176 MH/s, Total shares: 1 Rejected: 0, Time: 05:21
2021-Apr-01 13:00:12: GPU0 t=56°C fan 31% power 127.46W. Total power: 127.46W
2021-Apr-01 13:00:15: New job from eth-eu1.nanopool.org:9433
2021-Apr-01 13:00:15: Ethereum - Total speed: 61.192 MH/s, Total shares: 1 Rejected: 0, Time: 05:24
2021-Apr-01 13:00:18: New job from eth-eu1.nanopool.org:9433
2021-Apr-01 13:00:18: Ethereum - Total speed: 61.206 MH/s, Total shares: 1 Rejected: 0, Time: 05:27
2021-Apr-01 13:00:18: GPU0 t=56°C fan 31% power 127.49W. Total power: 127.49W
2021-Apr-01 13:00:21: New job from eth-eu1.nanopool.org:9433
2021-Apr-01 13:00:21: Ethereum - Total speed: 61.214 MH/s, Total shares: 1 Rejected: 0, Time: 05:30
2021-Apr-01 13:00:21: Ethereum last 10 min - Total: 58.704 MH/s.
2021-Apr-01 13:00:24: New job from eth-eu1.nanopool.org:9433
2021-Apr-01 13:00:24: Ethereum - Total speed: 61.227 MH/s, Total shares: 1 Rejected: 0, Time: 05:33
2021-Apr-01 13:00:24: GPU0 t=56°C fan 31% power 127.38W. Total power: 127.38W
2021-Apr-01 13:00:27: New job from eth-eu1.nanopool.org:9433
2021-Apr-01 13:00:27: Ethereum - Total speed: 61.237 MH/s, Total shares: 1 Rejected: 0, Time: 05:36
2021-Apr-01 13:00:30: New job from eth-eu1.nanopool.org:9433
2021-Apr-01 13:00:30: Ethereum - Total speed: 61.243 MH/s, Total shares: 1 Rejected: 0, Time: 05:39
2021-Apr-01 13:00:30: GPU0 t=56°C fan 31% power 127.45W. Total power: 127.45W
2021-Apr-01 13:00:33: New job from eth-eu1.nanopool.org:9433
2021-Apr-01 13:00:33: Ethereum - Total speed: 61.252 MH/s, Total shares: 1 Rejected: 0, Time: 05:42
2021-Apr-01 13:00:33: Ethereum last 10 min - Total: 58.815 MH/s.
2021-Apr-01 13:00:35: New job from eth-eu1.nanopool.org:9433
2021-Apr-01 13:00:35: Ethereum - Total speed: 61.256 MH/s, Total shares: 1 Rejected: 0, Time: 05:43
2021-Apr-01 13:00:35: GPU0 t=56°C fan 31% power 127.46W. Total power: 127.46W
2021-Apr-01 13:00:37: New job from eth-eu1.nanopool.org:9433
2021-Apr-01 13:00:37: Ethereum - Total speed: 61.262 MH/s, Total shares: 1 Rejected: 0, Time: 05:46
2021-Apr-01 13:00:40: New job from eth-eu1.nanopool.org:9433
2021-Apr-01 13:00:40: Ethereum - Total speed: 61.266 MH/s, Total shares: 1 Rejected: 0, Time: 05:49
2021-Apr-01 13:00:40: GPU0 t=56°C fan 31% power 127.49W. Total power: 127.49W
2021-Apr-01 13:00:43: New job from eth-eu1.nanopool.org:9433
2021-Apr-01 13:00:43: Ethereum - Total speed: 61.273 MH/s, Total shares: 1 Rejected: 0, Time: 05:52
2021-Apr-01 13:00:43: Ethereum last 10 min - Total: 58.911 MH/s.
2021-Apr-01 13:00:46: New job from eth-eu1.nanopool.org:9433
2021-Apr-01 13:00:46: Ethereum - Total speed: 61.275 MH/s, Total shares: 1 Rejected: 0, Time: 05:55
2021-Apr-01 13:00:46: GPU0 t=56°C fan 31% power 127.45W. Total power: 127.45W
2021-Apr-01 13:00:50: New job from eth-eu1.nanopool.org:9433
2021-Apr-01 13:00:50: Ethereum - Total speed: 61.276 MH/s, Total shares: 1 Rejected: 0, Time: 05:59
2021-Apr-01 13:00:53: New job from eth-eu1.nanopool.org:9433
2021-Apr-01 13:00:53: Ethereum - Total speed: 61.055 MH/s, Total shares: 1 Rejected: 0, Time: 06:02
2021-Apr-01 13:00:53: GPU0 t=56°C fan 31% power 127.59W. Total power: 127.59W
2021-Apr-01 13:00:56: New job from eth-eu1.nanopool.org:9433
2021-Apr-01 13:00:56: Ethereum - Total speed: 60.737 MH/s, Total shares: 1 Rejected: 0, Time: 06:04
2021-Apr-01 13:00:56: Ethereum last 10 min - Total: 59.008 MH/s.
2021-Apr-01 13:00:58: New job from eth-eu1.nanopool.org:9433
2021-Apr-01 13:00:58: Ethereum - Total speed: 60.505 MH/s, Total shares: 1 Rejected: 0, Time: 06:07
2021-Apr-01 13:00:58: GPU0 t=57°C fan 31% power 127.40W. Total power: 127.40W
2021-Apr-01 13:01:02: New job from eth-eu1.nanopool.org:9433
2021-Apr-01 13:01:02: Ethereum - Total speed: 59.515 MH/s, Total shares: 1 Rejected: 0, Time: 06:11
2021-Apr-01 13:01:05: New job from eth-eu1.nanopool.org:9433
2021-Apr-01 13:01:05: Ethereum - Total speed: 59.258 MH/s, Total shares: 1 Rejected: 0, Time: 06:13
2021-Apr-01 13:01:05: GPU0 t=57°C fan 31% power 127.20W. Total power: 127.20W
2021-Apr-01 13:01:08: New job from eth-eu1.nanopool.org:9433
2021-Apr-01 13:01:08: Ethereum - Total speed: 59.077 MH/s, Total shares: 1 Rejected: 0, Time: 06:16
2021-Apr-01 13:01:08: Ethereum last 10 min - Total: 59.040 MH/s.
2021-Apr-01 13:01:10: New job from eth-eu1.nanopool.org:9433
2021-Apr-01 13:01:10: Ethereum - Total speed: 58.956 MH/s, Total shares: 1 Rejected: 0, Time: 06:19
2021-Apr-01 13:01:10: GPU0 t=57°C fan 31% power 127.34W. Total power: 127.34W
2021-Apr-01 13:01:13: New job from eth-eu1.nanopool.org:9433
2021-Apr-01 13:01:13: Ethereum - Total speed: 58.914 MH/s, Total shares: 1 Rejected: 0, Time: 06:22
2021-Apr-01 13:01:17: New job from eth-eu1.nanopool.org:9433
2021-Apr-01 13:01:17: Ethereum - Total speed: 59.026 MH/s, Total shares: 1 Rejected: 0, Time: 06:25
2021-Apr-01 13:01:17: GPU0 t=57°C fan 31% power 127.46W. Total power: 127.46W
2021-Apr-01 13:01:19: New job from eth-eu1.nanopool.org:9433
2021-Apr-01 13:01:19: Ethereum - Total speed: 58.911 MH/s, Total shares: 1 Rejected: 0, Time: 06:28
2021-Apr-01 13:01:19: Ethereum last 10 min - Total: 59.038 MH/s.
2021-Apr-01 13:01:19: New job from eth-eu1.nanopool.org:9433
2021-Apr-01 13:01:19: Ethereum - Total speed: 59.131 MH/s, Total shares: 1 Rejected: 0, Time: 06:28
2021-Apr-01 13:01:19: GPU0 t=57°C fan 31% power 127.41W. Total power: 127.41W
2021-Apr-01 13:01:22: New job from eth-eu1.nanopool.org:9433
2021-Apr-01 13:01:22: Ethereum - Total speed: 59.296 MH/s, Total shares: 1 Rejected: 0, Time: 06:31
2021-Apr-01 13:01:26: New job from eth-eu1.nanopool.org:9433
2021-Apr-01 13:01:26: Ethereum - Total speed: 59.201 MH/s, Total shares: 1 Rejected: 0, Time: 06:34
2021-Apr-01 13:01:26: GPU0 t=57°C fan 31% power 127.42W. Total power: 127.42W
2021-Apr-01 13:01:28: New job from eth-eu1.nanopool.org:9433
2021-Apr-01 13:01:28: Ethereum - Total speed: 59.196 MH/s, Total shares: 1 Rejected: 0, Time: 06:37
2021-Apr-01 13:01:28: Ethereum last 10 min - Total: 59.043 MH/s.
2021-Apr-01 13:01:31: New job from eth-eu1.nanopool.org:9433
2021-Apr-01 13:01:31: Ethereum - Total speed: 59.388 MH/s, Total shares: 1 Rejected: 0, Time: 06:40
2021-Apr-01 13:01:31: GPU0 t=57°C fan 31% power 127.33W. Total power: 127.33W
2021-Apr-01 13:01:34: New job from eth-eu1.nanopool.org:9433
2021-Apr-01 13:01:34: Ethereum - Total speed: 59.564 MH/s, Total shares: 1 Rejected: 0, Time: 06:43
2021-Apr-01 13:01:37: New job from eth-eu1.nanopool.org:9433
2021-Apr-01 13:01:37: Ethereum - Total speed: 59.722 MH/s, Total shares: 1 Rejected: 0, Time: 06:46
2021-Apr-01 13:01:37: GPU0 t=57°C fan 32% power 127.39W. Total power: 127.39W
2021-Apr-01 13:01:40: New job from eth-eu1.nanopool.org:9433
2021-Apr-01 13:01:40: Ethereum - Total speed: 59.865 MH/s, Total shares: 1 Rejected: 0, Time: 06:49
2021-Apr-01 13:01:40: Ethereum last 10 min - Total: 59.061 MH/s.
2021-Apr-01 13:01:43: New job from eth-eu1.nanopool.org:9433
2021-Apr-01 13:01:43: Ethereum - Total speed: 59.992 MH/s, Total shares: 1 Rejected: 0, Time: 06:52
2021-Apr-01 13:01:43: GPU0 t=57°C fan 32% power 127.37W. Total power: 127.37W
2021-Apr-01 13:01:46: New job from eth-eu1.nanopool.org:9433
2021-Apr-01 13:01:46: Ethereum - Total speed: 60.109 MH/s, Total shares: 1 Rejected: 0, Time: 06:55
2021-Apr-01 13:01:49: New job from eth-eu1.nanopool.org:9433
2021-Apr-01 13:01:49: Ethereum - Total speed: 60.211 MH/s, Total shares: 1 Rejected: 0, Time: 06:58
2021-Apr-01 13:01:49: GPU0 t=57°C fan 32% power 127.47W. Total power: 127.47W
2021-Apr-01 13:01:50: New job from eth-eu1.nanopool.org:9433
2021-Apr-01 13:01:50: Ethereum - Total speed: 60.304 MH/s, Total shares: 1 Rejected: 0, Time: 06:59
2021-Apr-01 13:01:50: Ethereum last 10 min - Total: 59.090 MH/s.
2021-Apr-01 13:01:51: New job from eth-eu1.nanopool.org:9433
2021-Apr-01 13:01:51: Ethereum - Total speed: 60.382 MH/s, Total shares: 1 Rejected: 0, Time: 07:00
2021-Apr-01 13:01:51: GPU0 t=57°C fan 32% power 127.41W. Total power: 127.41W
2021-Apr-01 13:01:51: New job from eth-eu1.nanopool.org:9433
2021-Apr-01 13:01:51: Ethereum - Total speed: 60.382 MH/s, Total shares: 1 Rejected: 0, Time: 07:00
2021-Apr-01 13:01:55: New job from eth-eu1.nanopool.org:9433
2021-Apr-01 13:01:55: Ethereum - Total speed: 60.445 MH/s, Total shares: 1 Rejected: 0, Time: 07:04
2021-Apr-01 13:01:55: GPU0 t=57°C fan 32% power 127.36W. Total power: 127.36W
2021-Apr-01 13:01:57: New job from eth-eu1.nanopool.org:9433
2021-Apr-01 13:01:57: Ethereum - Total speed: 60.515 MH/s, Total shares: 1 Rejected: 0, Time: 07:06
2021-Apr-01 13:01:57: Ethereum last 10 min - Total: 59.119 MH/s.
2021-Apr-01 13:02:00: New job from eth-eu1.nanopool.org:9433
2021-Apr-01 13:02:00: Ethereum - Total speed: 60.578 MH/s, Total shares: 1 Rejected: 0, Time: 07:09
2021-Apr-01 13:02:00: GPU0 t=57°C fan 32% power 127.44W. Total power: 127.44W
2021-Apr-01 13:02:03: New job from eth-eu1.nanopool.org:9433
2021-Apr-01 13:02:03: Ethereum - Total speed: 60.634 MH/s, Total shares: 1 Rejected: 0, Time: 07:12
2021-Apr-01 13:02:06: New job from eth-eu1.nanopool.org:9433
2021-Apr-01 13:02:06: Ethereum - Total speed: 60.171 MH/s, Total shares: 1 Rejected: 0, Time: 07:15
2021-Apr-01 13:02:06: GPU0 t=57°C fan 32% power 127.44W. Total power: 127.44W
2021-Apr-01 13:02:07: New job from eth-eu1.nanopool.org:9433
2021-Apr-01 13:02:07: Ethereum - Total speed: 60.163 MH/s, Total shares: 1 Rejected: 0, Time: 07:16
2021-Apr-01 13:02:07: Ethereum last 10 min - Total: 59.157 MH/s.
2021-Apr-01 13:02:10: New job from eth-eu1.nanopool.org:9433
2021-Apr-01 13:02:10: Ethereum - Total speed: 60.227 MH/s, Total shares: 1 Rejected: 0, Time: 07:19
2021-Apr-01 13:02:10: GPU0 t=57°C fan 32% power 127.45W. Total power: 127.45W
2021-Apr-01 13:02:13: New job from eth-eu1.nanopool.org:9433
2021-Apr-01 13:02:13: Ethereum - Total speed: 60.312 MH/s, Total shares: 1 Rejected: 0, Time: 07:21
2021-Apr-01 13:02:16: New job from eth-eu1.nanopool.org:9433
2021-Apr-01 13:02:16: Ethereum - Total speed: 60.282 MH/s, Total shares: 1 Rejected: 0, Time: 07:25
2021-Apr-01 13:02:16: GPU0 t=57°C fan 32% power 127.38W. Total power: 127.38W
2021-Apr-01 13:02:19: New job from eth-eu1.nanopool.org:9433
2021-Apr-01 13:02:19: Ethereum - Total speed: 60.266 MH/s, Total shares: 1 Rejected: 0, Time: 07:27
2021-Apr-01 13:02:19: Ethereum last 10 min - Total: 59.191 MH/s.
2021-Apr-01 13:02:20: New job from eth-eu1.nanopool.org:9433
2021-Apr-01 13:02:20: Ethereum - Total speed: 60.191 MH/s, Total shares: 1 Rejected: 0, Time: 07:29
2021-Apr-01 13:02:20: GPU0 t=57°C fan 32% power 127.41W. Total power: 127.41W
2021-Apr-01 13:02:20: New job from eth-eu1.nanopool.org:9433
2021-Apr-01 13:02:20: Ethereum - Total speed: 60.248 MH/s, Total shares: 1 Rejected: 0, Time: 07:29
2021-Apr-01 13:02:23: New job from eth-eu1.nanopool.org:9433
2021-Apr-01 13:02:23: Ethereum - Total speed: 60.263 MH/s, Total shares: 1 Rejected: 0, Time: 07:32
2021-Apr-01 13:02:23: GPU0 t=57°C fan 32% power 127.19W. Total power: 127.19W
2021-Apr-01 13:02:26: New job from eth-eu1.nanopool.org:9433
2021-Apr-01 13:02:26: Ethereum - Total speed: 60.194 MH/s, Total shares: 1 Rejected: 0, Time: 07:35
2021-Apr-01 13:02:26: Ethereum last 10 min - Total: 59.212 MH/s.
2021-Apr-01 13:02:29: New job from eth-eu1.nanopool.org:9433
2021-Apr-01 13:02:29: Ethereum - Total speed: 60.207 MH/s, Total shares: 1 Rejected: 0, Time: 07:38
2021-Apr-01 13:02:29: GPU0 t=57°C fan 32% power 127.43W. Total power: 127.43W
2021-Apr-01 13:02:32: New job from eth-eu1.nanopool.org:9433
2021-Apr-01 13:02:32: Ethereum - Total speed: 60.202 MH/s, Total shares: 1 Rejected: 0, Time: 07:41
2021-Apr-01 13:02:36: New job from eth-eu1.nanopool.org:9433
2021-Apr-01 13:02:36: Ethereum - Total speed: 60.271 MH/s, Total shares: 1 Rejected: 0, Time: 07:45
2021-Apr-01 13:02:36: GPU0 t=57°C fan 32% power 127.33W. Total power: 127.33W
2021-Apr-01 13:02:38: New job from eth-eu1.nanopool.org:9433
2021-Apr-01 13:02:38: Ethereum - Total speed: 60.336 MH/s, Total shares: 1 Rejected: 0, Time: 07:47
2021-Apr-01 13:02:38: Ethereum last 10 min - Total: 59.243 MH/s.
2021-Apr-01 13:02:43: New job from eth-eu1.nanopool.org:9433
2021-Apr-01 13:02:43: Ethereum - Total speed: 60.368 MH/s, Total shares: 1 Rejected: 0, Time: 07:52
2021-Apr-01 13:02:43: GPU0 t=57°C fan 32% power 127.31W. Total power: 127.31W
2021-Apr-01 13:02:44: New job from eth-eu1.nanopool.org:9433
2021-Apr-01 13:02:44: Ethereum - Total speed: 60.438 MH/s, Total shares: 1 Rejected: 0, Time: 07:53
2021-Apr-01 13:02:44: New job from eth-eu1.nanopool.org:9433
2021-Apr-01 13:02:44: Ethereum - Total speed: 60.438 MH/s, Total shares: 1 Rejected: 0, Time: 07:53
2021-Apr-01 13:02:44: GPU0 t=57°C fan 32% power 127.41W. Total power: 127.41W
2021-Apr-01 13:02:47: New job from eth-eu1.nanopool.org:9433
2021-Apr-01 13:02:47: Ethereum - Total speed: 60.486 MH/s, Total shares: 1 Rejected: 0, Time: 07:56
2021-Apr-01 13:02:47: Ethereum last 10 min - Total: 59.271 MH/s.
2021-Apr-01 13:02:50: New job from eth-eu1.nanopool.org:9433
2021-Apr-01 13:02:50: Ethereum - Total speed: 60.541 MH/s, Total shares: 1 Rejected: 0, Time: 07:59
2021-Apr-01 13:02:50: GPU0 t=57°C fan 33% power 127.50W. Total power: 127.50W
2021-Apr-01 13:02:53: New job from eth-eu1.nanopool.org:9433
2021-Apr-01 13:02:53: Ethereum - Total speed: 60.594 MH/s, Total shares: 1 Rejected: 0, Time: 08:01
2021-Apr-01 13:02:56: New job from eth-eu1.nanopool.org:9433
2021-Apr-01 13:02:56: Ethereum - Total speed: 60.643 MH/s, Total shares: 1 Rejected: 0, Time: 08:05
2021-Apr-01 13:02:56: GPU0 t=57°C fan 33% power 127.45W. Total power: 127.45W
2021-Apr-01 13:02:59: New job from eth-eu1.nanopool.org:9433
2021-Apr-01 13:02:59: Ethereum - Total speed: 60.687 MH/s, Total shares: 1 Rejected: 0, Time: 08:07
2021-Apr-01 13:02:59: Ethereum last 10 min - Total: 59.308 MH/s.
2021-Apr-01 13:03:02: New job from eth-eu1.nanopool.org:9433
2021-Apr-01 13:03:02: Ethereum - Total speed: 60.725 MH/s, Total shares: 1 Rejected: 0, Time: 08:11
2021-Apr-01 13:03:02: GPU0 t=57°C fan 33% power 127.47W. Total power: 127.47W
2021-Apr-01 13:03:05: New job from eth-eu1.nanopool.org:9433
2021-Apr-01 13:03:05: Ethereum - Total speed: 60.747 MH/s, Total shares: 1 Rejected: 0, Time: 08:13
2021-Apr-01 13:03:08: New job from eth-eu1.nanopool.org:9433
2021-Apr-01 13:03:08: Ethereum - Total speed: 60.784 MH/s, Total shares: 1 Rejected: 0, Time: 08:17
2021-Apr-01 13:03:08: GPU0 t=57°C fan 33% power 127.30W. Total power: 127.30W
2021-Apr-01 13:03:11: New job from eth-eu1.nanopool.org:9433
2021-Apr-01 13:03:11: Ethereum - Total speed: 60.815 MH/s, Total shares: 1 Rejected: 0, Time: 08:19
2021-Apr-01 13:03:11: Ethereum last 10 min - Total: 59.349 MH/s.
2021-Apr-01 13:03:14: New job from eth-eu1.nanopool.org:9433
2021-Apr-01 13:03:14: Ethereum - Total speed: 60.845 MH/s, Total shares: 1 Rejected: 0, Time: 08:23
2021-Apr-01 13:03:14: GPU0 t=57°C fan 33% power 127.23W. Total power: 127.23W
2021-Apr-01 13:03:17: New job from eth-eu1.nanopool.org:9433
2021-Apr-01 13:03:17: Ethereum - Total speed: 60.715 MH/s, Total shares: 1 Rejected: 0, Time: 08:26
2021-Apr-01 13:03:19: New job from eth-eu1.nanopool.org:9433
2021-Apr-01 13:03:19: Ethereum - Total speed: 60.679 MH/s, Total shares: 1 Rejected: 0, Time: 08:28
2021-Apr-01 13:03:19: GPU0 t=57°C fan 33% power 127.44W. Total power: 127.44W
2021-Apr-01 13:03:23: New job from eth-eu1.nanopool.org:9433
2021-Apr-01 13:03:23: Ethereum - Total speed: 60.701 MH/s, Total shares: 1 Rejected: 0, Time: 08:31
2021-Apr-01 13:03:23: Ethereum last 10 min - Total: 59.388 MH/s.
2021-Apr-01 13:03:27: New job from eth-eu1.nanopool.org:9433
2021-Apr-01 13:03:27: Ethereum - Total speed: 60.720 MH/s, Total shares: 1 Rejected: 0, Time: 08:36
2021-Apr-01 13:03:27: GPU0 t=57°C fan 33% power 127.47W. Total power: 127.47W
2021-Apr-01 13:03:27: New job from eth-eu1.nanopool.org:9433
2021-Apr-01 13:03:27: Ethereum - Total speed: 60.745 MH/s, Total shares: 1 Rejected: 0, Time: 08:36
2021-Apr-01 13:03:27: New job from eth-eu1.nanopool.org:9433
2021-Apr-01 13:03:27: Ethereum - Total speed: 60.745 MH/s, Total shares: 1 Rejected: 0, Time: 08:36
2021-Apr-01 13:03:27: GPU0 t=57°C fan 33% power 127.47W. Total power: 127.47W
2021-Apr-01 13:03:29: Ethereum - SHARE FOUND (GPU: 0, nonce: 0x962211ccfff659f8).
2021-Apr-01 13:03:30: New job from eth-eu1.nanopool.org:9433
2021-Apr-01 13:03:30: Ethereum - Total speed: 60.532 MH/s, Total shares: 1 Rejected: 0, Time: 08:39
2021-Apr-01 13:03:30: Ethereum last 10 min - Total: 59.409 MH/s.
2021-Apr-01 13:03:30: Ethereum: share accepted (821 ms)!
2021-Apr-01 13:03:32: New job from eth-eu1.nanopool.org:9433
2021-Apr-01 13:03:32: Ethereum - Total speed: 60.570 MH/s, Total shares: 2 Rejected: 0, Time: 08:41
2021-Apr-01 13:03:32: GPU0 t=57°C fan 33% power 127.42W. Total power: 127.42W
2021-Apr-01 13:03:35: New job from eth-eu1.nanopool.org:9433
2021-Apr-01 13:03:35: Ethereum - Total speed: 60.609 MH/s, Total shares: 2 Rejected: 0, Time: 08:44
2021-Apr-01 13:03:37: New job from eth-eu1.nanopool.org:9433
2021-Apr-01 13:03:37: Ethereum - Total speed: 60.651 MH/s, Total shares: 2 Rejected: 0, Time: 08:45
2021-Apr-01 13:03:37: GPU0 t=57°C fan 33% power 127.38W. Total power: 127.38W
2021-Apr-01 13:03:38: New job from eth-eu1.nanopool.org:9433
2021-Apr-01 13:03:38: Ethereum - Total speed: 60.669 MH/s, Total shares: 2 Rejected: 0, Time: 08:47
2021-Apr-01 13:03:38: Ethereum last 10 min - Total: 59.431 MH/s.
2021-Apr-01 13:03:43: New job from eth-eu1.nanopool.org:9433
2021-Apr-01 13:03:43: Ethereum - Total speed: 60.689 MH/s, Total shares: 2 Rejected: 0, Time: 08:52
2021-Apr-01 13:03:43: GPU0 t=57°C fan 33% power 127.35W. Total power: 127.35W
2021-Apr-01 13:03:44: New job from eth-eu1.nanopool.org:9433
2021-Apr-01 13:03:44: Ethereum - Total speed: 60.721 MH/s, Total shares: 2 Rejected: 0, Time: 08:52
2021-Apr-01 13:03:46: New job from eth-eu1.nanopool.org:9433
2021-Apr-01 13:03:46: Ethereum - Total speed: 60.704 MH/s, Total shares: 2 Rejected: 0, Time: 08:55
2021-Apr-01 13:03:46: GPU0 t=57°C fan 33% power 127.29W. Total power: 127.29W
2021-Apr-01 13:03:47: New job from eth-eu1.nanopool.org:9433
2021-Apr-01 13:03:47: Ethereum - Total speed: 60.735 MH/s, Total shares: 2 Rejected: 0, Time: 08:56
2021-Apr-01 13:03:47: Ethereum last 10 min - Total: 59.456 MH/s.
2021-Apr-01 13:03:50: New job from eth-eu1.nanopool.org:9433
2021-Apr-01 13:03:50: Ethereum - Total speed: 60.733 MH/s, Total shares: 2 Rejected: 0, Time: 08:59
2021-Apr-01 13:03:50: GPU0 t=57°C fan 33% power 127.26W. Total power: 127.26W
2021-Apr-01 13:03:55: New job from eth-eu1.nanopool.org:9433
2021-Apr-01 13:03:55: Ethereum - Total speed: 60.756 MH/s, Total shares: 2 Rejected: 0, Time: 09:03
2021-Apr-01 13:03:55: New job from eth-eu1.nanopool.org:9433
2021-Apr-01 13:03:55: Ethereum - Total speed: 60.776 MH/s, Total shares: 2 Rejected: 0, Time: 09:04
2021-Apr-01 13:03:55: GPU0 t=57°C fan 33% power 127.37W. Total power: 127.37W
2021-Apr-01 13:03:55: New job from eth-eu1.nanopool.org:9433
2021-Apr-01 13:03:55: Ethereum - Total speed: 60.632 MH/s, Total shares: 2 Rejected: 0, Time: 09:04
2021-Apr-01 13:03:55: Ethereum last 10 min - Total: 59.477 MH/s.
2021-Apr-01 13:03:56: New job from eth-eu1.nanopool.org:9433
2021-Apr-01 13:03:56: Ethereum - Total speed: 60.480 MH/s, Total shares: 2 Rejected: 0, Time: 09:05
2021-Apr-01 13:03:56: GPU0 t=57°C fan 33% power 127.34W. Total power: 127.34W
2021-Apr-01 13:03:58: New job from eth-eu1.nanopool.org:9433
2021-Apr-01 13:03:58: Ethereum - Total speed: 60.495 MH/s, Total shares: 2 Rejected: 0, Time: 09:07
2021-Apr-01 13:04:02: New job from eth-eu1.nanopool.org:9433
2021-Apr-01 13:04:02: Ethereum - Total speed: 60.545 MH/s, Total shares: 2 Rejected: 0, Time: 09:10
2021-Apr-01 13:04:02: GPU0 t=57°C fan 33% power 127.31W. Total power: 127.31W
2021-Apr-01 13:04:04: New job from eth-eu1.nanopool.org:9433
2021-Apr-01 13:04:04: Ethereum - Total speed: 60.567 MH/s, Total shares: 2 Rejected: 0, Time: 09:13
2021-Apr-01 13:04:04: Ethereum last 10 min - Total: 59.499 MH/s.
2021-Apr-01 13:04:07: New job from eth-eu1.nanopool.org:9433
2021-Apr-01 13:04:07: Ethereum - Total speed: 60.250 MH/s, Total shares: 2 Rejected: 0, Time: 09:16
2021-Apr-01 13:04:07: GPU0 t=57°C fan 33% power 127.34W. Total power: 127.34W
2021-Apr-01 13:04:09: New job from eth-eu1.nanopool.org:9433
2021-Apr-01 13:04:09: Ethereum - Total speed: 60.325 MH/s, Total shares: 2 Rejected: 0, Time: 09:18
2021-Apr-01 13:04:09: New job from eth-eu1.nanopool.org:9433
2021-Apr-01 13:04:09: Ethereum - Total speed: 60.325 MH/s, Total shares: 2 Rejected: 0, Time: 09:18
2021-Apr-01 13:04:09: GPU0 t=57°C fan 33% power 127.39W. Total power: 127.39W
2021-Apr-01 13:04:11: New job from eth-eu1.nanopool.org:9433
2021-Apr-01 13:04:11: Ethereum - Total speed: 60.272 MH/s, Total shares: 2 Rejected: 0, Time: 09:19
2021-Apr-01 13:04:11: Ethereum last 10 min - Total: 59.510 MH/s.
2021-Apr-01 13:04:14: New job from eth-eu1.nanopool.org:9433
2021-Apr-01 13:04:14: Ethereum - Total speed: 59.869 MH/s, Total shares: 2 Rejected: 0, Time: 09:22
2021-Apr-01 13:04:14: GPU0 t=57°C fan 33% power 127.21W. Total power: 127.21W
2021-Apr-01 13:04:17: New job from eth-eu1.nanopool.org:9433
2021-Apr-01 13:04:17: Ethereum - Total speed: 59.378 MH/s, Total shares: 2 Rejected: 0, Time: 09:25
2021-Apr-01 13:04:20: New job from eth-eu1.nanopool.org:9433
2021-Apr-01 13:04:20: Ethereum - Total speed: 59.436 MH/s, Total shares: 2 Rejected: 0, Time: 09:29
2021-Apr-01 13:04:20: GPU0 t=57°C fan 33% power 127.46W. Total power: 127.46W
2021-Apr-01 13:04:23: New job from eth-eu1.nanopool.org:9433
2021-Apr-01 13:04:23: Ethereum - Total speed: 59.207 MH/s, Total shares: 2 Rejected: 0, Time: 09:31
2021-Apr-01 13:04:23: Ethereum last 10 min - Total: 59.512 MH/s.
2021-Apr-01 13:04:25: Connection was closed.
2021-Apr-01 13:04:25: Connecting to pools...
2021-Apr-01 13:04:54: Ethereum - Total speed: 58.744 MH/s, Total shares: 2 Rejected: 0, Time: 10:03
2021-Apr-01 13:04:54: GPU0 t=57°C fan 34% power 127.29W. Total power: 127.29W
2021-Apr-01 13:05:07: Could not connect to any pools.
2021-Apr-01 13:05:25: Ethereum - Total speed: 58.744 MH/s, Total shares: 2 Rejected: 0, Time: 10:34
2021-Apr-01 13:05:27: Connecting to pools...
2021-Apr-01 13:05:56: Ethereum - Total speed: 58.744 MH/s, Total shares: 2 Rejected: 0, Time: 11:05
2021-Apr-01 13:05:56: GPU0 t=57°C fan 34% power 126.91W. Total power: 126.91W
2021-Apr-01 13:06:02: Terminating, please wait ...
