2021-Apr-27 19:47:08:                                    _                 
2021-Apr-27 19:47:08:  _ __   __ _ _ __   ___  _ __ ___ (_)_ __   ___ _ __ 
2021-Apr-27 19:47:08: | '_ \ / _` | '_ \ / _ \| '_ ` _ \| | '_ \ / _ \ '__|
2021-Apr-27 19:47:08: | | | | (_| | | | | (_) | | | | | | | | | |  __/ |   
2021-Apr-27 19:47:08: |_| |_|\__,_|_| |_|\___/|_| |_| |_|_|_| |_|\___|_|   
2021-Apr-27 19:47:08: 
2021-Apr-27 19:47:08: Version 3.3.4-cuda11
2021-Apr-27 19:47:08: Started EthMan server on port 3333 with a password (read-only mode).
2021-Apr-27 19:47:08: Started web interface on port 9090 with a password.
2021-Apr-27 19:47:08: CUDA driver version is 11.3, runtime version is 11.1
2021-Apr-27 19:47:08: Single device detected
2021-Apr-27 19:47:08: GPU 0 PCI 01:00.0, Platform: CUDA, Name: NVIDIA GeForce RTX 3070, 8192 MB available
2021-Apr-27 19:47:08: -------------------Ethash:------------------
2021-Apr-27 19:47:08: Currency: Ethereum
2021-Apr-27 19:47:08: Wallet: wallet
2021-Apr-27 19:47:08: Rig name: ferris_new
2021-Apr-27 19:47:08: Email: email
2021-Apr-27 19:47:08: Hashrate threshold to restart miner is not set
2021-Apr-27 19:47:08: Added pool: eth-eu2.nanopool.org:9433
2021-Apr-27 19:47:08: Added pool: eth-eu1.nanopool.org:9433
2021-Apr-27 19:47:08: Added pool: eth-us-east1.nanopool.org:9433
2021-Apr-27 19:47:08: Added pool: eth-us-west1.nanopool.org:9433
2021-Apr-27 19:47:08: Added pool: eth-asia1.nanopool.org:9433
2021-Apr-27 19:47:08: Added pool: eth-jp1.nanopool.org:9433
2021-Apr-27 19:47:08: Added pool: eth-au1.nanopool.org:9433
2021-Apr-27 19:47:08: Auto pool sorting is enabled
2021-Apr-27 19:47:08: Using all GPU devices
2021-Apr-27 19:47:08: Memory tweak: 1
2021-Apr-27 19:47:08: -------------Common parameters:-------------
2021-Apr-27 19:47:09: Log path: ./logs/
2021-Apr-27 19:47:09: Log is written to file
2021-Apr-27 19:47:09: GPU watchdog is enabled
2021-Apr-27 19:47:09: Never calling reboot.bat (always restarting the miner in case of errors). 
2021-Apr-27 19:47:09: Setting up algorithm: Ethash
2021-Apr-27 19:47:09: Version 3.3.5 of the miner is available. Changelog:
2021-Apr-27 19:47:09: Fixed "Unknown GPU name" issue with new AMD drivers.
2021-Apr-27 19:47:09: Downloading the new version (will restart when it is downloaded)...
2021-Apr-27 19:47:10: Connecting to pools...
2021-Apr-27 19:47:10: Connected to pool: eth-eu2.nanopool.org:9433 | IP: 151.80.144.188 | ping: 113 ms.
2021-Apr-27 19:47:10: New job from eth-eu2.nanopool.org:9433 | share difficulty = 10000 MH, epoch 410 (4303 MB)
2021-Apr-27 19:47:10: Ethereum - Total speed: 0.000 H/s, Total shares: 0 Rejected: 0, Time: 00:01
2021-Apr-27 19:47:10: GPU0 t=48째C fan 36% power 48.29W. Total power: 48.29W
2021-Apr-27 19:47:10: New job from eth-eu2.nanopool.org:9433
2021-Apr-27 19:47:10: Ethereum - Total speed: 0.000 H/s, Total shares: 0 Rejected: 0, Time: 00:01
2021-Apr-27 19:47:10: Ethereum last 10 min - Total: 0.000 H/s.
2021-Apr-27 19:47:12: New job from eth-eu2.nanopool.org:9433
2021-Apr-27 19:47:12: Ethereum - Total speed: 0.000 H/s, Total shares: 0 Rejected: 0, Time: 00:03
2021-Apr-27 19:47:12: GPU0 t=48째C fan 35% power 48.89W. Total power: 48.89W
2021-Apr-27 19:47:15: New job from eth-eu2.nanopool.org:9433
2021-Apr-27 19:47:15: Ethereum - Total speed: 0.000 H/s, Total shares: 0 Rejected: 0, Time: 00:06
2021-Apr-27 19:47:15: New job from eth-eu2.nanopool.org:9433
2021-Apr-27 19:47:15: Ethereum - Total speed: 0.000 H/s, Total shares: 0 Rejected: 0, Time: 00:06
2021-Apr-27 19:47:15: GPU0 t=54째C fan 34% power 127.34W. Total power: 127.34W
2021-Apr-27 19:47:16: GPU0: 4303 MB DAG generated in 3.88 seconds
2021-Apr-27 19:47:18: New job from eth-eu2.nanopool.org:9433
2021-Apr-27 19:47:18: Ethereum - Total speed: 50.137 MH/s, Total shares: 0 Rejected: 0, Time: 00:09
2021-Apr-27 19:47:18: Ethereum last 10 min - Total: 50.137 MH/s.
2021-Apr-27 19:47:18: New job from eth-eu2.nanopool.org:9433
2021-Apr-27 19:47:18: Ethereum - Total speed: 50.198 MH/s, Total shares: 0 Rejected: 0, Time: 00:09
2021-Apr-27 19:47:18: GPU0 t=54째C fan 34% power 127.29W. Total power: 127.29W
2021-Apr-27 19:47:18: New job from eth-eu2.nanopool.org:9433
2021-Apr-27 19:47:18: Ethereum - Total speed: 50.237 MH/s, Total shares: 0 Rejected: 0, Time: 00:09
2021-Apr-27 19:47:18: New version of the miner downloaded, restarting...
2021-Apr-27 19:47:18: Self-restarting miner process.
