2021-May-15 15:50:07:                                    _                 
2021-May-15 15:50:07:  _ __   __ _ _ __   ___  _ __ ___ (_)_ __   ___ _ __ 
2021-May-15 15:50:07: | '_ \ / _` | '_ \ / _ \| '_ ` _ \| | '_ \ / _ \ '__|
2021-May-15 15:50:07: | | | | (_| | | | | (_) | | | | | | | | | |  __/ |   
2021-May-15 15:50:07: |_| |_|\__,_|_| |_|\___/|_| |_| |_|_|_| |_|\___|_|   
2021-May-15 15:50:07: 
2021-May-15 15:50:07: Version 3.3.5-cuda11
2021-May-15 15:50:07: Started EthMan server on port 3333 with a password (read-only mode).
2021-May-15 15:50:07: Started web interface on port 9090 with a password.
2021-May-15 15:50:07: CUDA driver version is 11.3, runtime version is 11.1
2021-May-15 15:50:07: Single device detected
2021-May-15 15:50:07: GPU 0 PCI 01:00.0, Platform: CUDA, Name: NVIDIA GeForce RTX 3070, 8192 MB available
2021-May-15 15:50:07: -------------------Ethash:------------------
2021-May-15 15:50:07: Currency: Ethereum
2021-May-15 15:50:07: Wallet: wallet
2021-May-15 15:50:07: Rig name: ferris_new
2021-May-15 15:50:07: Email: email
2021-May-15 15:50:07: Hashrate threshold to restart miner is not set
2021-May-15 15:50:07: Added pool: eth-eu1.nanopool.org:9433
2021-May-15 15:50:07: Added pool: eth-eu2.nanopool.org:9433
2021-May-15 15:50:07: Added pool: eth-us-east1.nanopool.org:9433
2021-May-15 15:50:07: Added pool: eth-us-west1.nanopool.org:9433
2021-May-15 15:50:07: Added pool: eth-asia1.nanopool.org:9433
2021-May-15 15:50:07: Added pool: eth-jp1.nanopool.org:9433
2021-May-15 15:50:07: Added pool: eth-au1.nanopool.org:9433
2021-May-15 15:50:07: Auto pool sorting is enabled
2021-May-15 15:50:07: Using all GPU devices
2021-May-15 15:50:07: Memory tweak: 1
2021-May-15 15:50:07: -------------Common parameters:-------------
2021-May-15 15:50:07: Log path: ./logs/
2021-May-15 15:50:07: Log is written to file
2021-May-15 15:50:07: GPU watchdog is enabled
2021-May-15 15:50:07: Never calling reboot.bat (always restarting the miner in case of errors). 
2021-May-15 15:50:07: Setting up algorithm: Ethash
2021-May-15 15:50:08: Connecting to pools...
2021-May-15 15:50:08: Could not connect to any pools.
2021-May-15 15:50:10: Terminating, please wait ...
