2021-Apr-27 17:40:53:                                    _                 
2021-Apr-27 17:40:53:  _ __   __ _ _ __   ___  _ __ ___ (_)_ __   ___ _ __ 
2021-Apr-27 17:40:53: | '_ \ / _` | '_ \ / _ \| '_ ` _ \| | '_ \ / _ \ '__|
2021-Apr-27 17:40:53: | | | | (_| | | | | (_) | | | | | | | | | |  __/ |   
2021-Apr-27 17:40:53: |_| |_|\__,_|_| |_|\___/|_| |_| |_|_|_| |_|\___|_|   
2021-Apr-27 17:40:53: 
2021-Apr-27 17:40:53: Version 3.3.4-cuda11
2021-Apr-27 17:40:53: Started EthMan server on port 3333 with a password (read-only mode).
2021-Apr-27 17:40:53: Started web interface on port 9090 with a password.
2021-Apr-27 17:40:53: CUDA driver version is 11.3, runtime version is 11.1
2021-Apr-27 17:40:53: Single device detected
2021-Apr-27 17:40:53: GPU 0 PCI 01:00.0, Platform: CUDA, Name: NVIDIA GeForce RTX 3070, 8192 MB available
2021-Apr-27 17:40:53: -------------------Ethash:------------------
2021-Apr-27 17:40:53: Currency: Ethereum
2021-Apr-27 17:40:53: Wallet: wallet
2021-Apr-27 17:40:53: Rig name: ferris_new
2021-Apr-27 17:40:53: Email: email
2021-Apr-27 17:40:53: Hashrate threshold to restart miner is not set
2021-Apr-27 17:40:53: Added pool: eth-eu1.nanopool.org:9433
2021-Apr-27 17:40:53: Added pool: eth-eu2.nanopool.org:9433
2021-Apr-27 17:40:53: Added pool: eth-us-east1.nanopool.org:9433
2021-Apr-27 17:40:53: Added pool: eth-us-west1.nanopool.org:9433
2021-Apr-27 17:40:53: Added pool: eth-asia1.nanopool.org:9433
2021-Apr-27 17:40:53: Added pool: eth-jp1.nanopool.org:9433
2021-Apr-27 17:40:53: Added pool: eth-au1.nanopool.org:9433
2021-Apr-27 17:40:53: Auto pool sorting is enabled
2021-Apr-27 17:40:53: Using all GPU devices
2021-Apr-27 17:40:53: Memory tweak: 1
2021-Apr-27 17:40:53: -------------Common parameters:-------------
2021-Apr-27 17:40:53: Log path: ./logs/
2021-Apr-27 17:40:53: Log is written to file
2021-Apr-27 17:40:53: GPU watchdog is enabled
2021-Apr-27 17:40:53: Never calling reboot.bat (always restarting the miner in case of errors). 
2021-Apr-27 17:40:53: Setting up algorithm: Ethash
2021-Apr-27 17:40:54: Connecting to pools...
2021-Apr-27 17:40:55: Connected to pool: eth-eu1.nanopool.org:9433 | IP: 213.32.74.230 | ping: 105 ms.
2021-Apr-27 17:40:55: New job from eth-eu1.nanopool.org:9433 | share difficulty = 10000 MH, epoch 410 (4303 MB)
2021-Apr-27 17:40:55: Ethereum - Total speed: 0.000 H/s, Total shares: 0 Rejected: 0, Time: 00:01
2021-Apr-27 17:40:55: GPU0 t=50°C fan 34% power 52.09W. Total power: 52.09W
2021-Apr-27 17:40:55: New job from eth-eu1.nanopool.org:9433
2021-Apr-27 17:40:55: Ethereum - Total speed: 0.000 H/s, Total shares: 0 Rejected: 0, Time: 00:01
2021-Apr-27 17:40:55: Ethereum last 10 min - Total: 0.000 H/s.
2021-Apr-27 17:40:55: New job from eth-eu1.nanopool.org:9433
2021-Apr-27 17:40:55: Ethereum - Total speed: 0.000 H/s, Total shares: 0 Rejected: 0, Time: 00:01
2021-Apr-27 17:40:55: GPU0 t=50°C fan 34% power 52.25W. Total power: 52.25W
2021-Apr-27 17:40:58: New job from eth-eu1.nanopool.org:9433
2021-Apr-27 17:40:58: Ethereum - Total speed: 0.000 H/s, Total shares: 0 Rejected: 0, Time: 00:04
2021-Apr-27 17:40:58: Terminating, please wait ...
